[2024-05-23 09:23:08,415] {processor.py:153} INFO - Started process (PID=62) to work on /home/airflow/.local/lib/python3.7/site-packages/airflow/example_dags/example_dag_decorator.py
[2024-05-23 09:23:08,416] {processor.py:641} INFO - Processing file /home/airflow/.local/lib/python3.7/site-packages/airflow/example_dags/example_dag_decorator.py for tasks to queue
[2024-05-23 09:23:08,418] {logging_mixin.py:115} INFO - [2024-05-23 09:23:08,417] {dagbag.py:508} INFO - Filling up the DagBag from /home/airflow/.local/lib/python3.7/site-packages/airflow/example_dags/example_dag_decorator.py
[2024-05-23 09:23:08,436] {processor.py:651} INFO - DAG(s) dict_keys(['example_dag_decorator']) retrieved from /home/airflow/.local/lib/python3.7/site-packages/airflow/example_dags/example_dag_decorator.py
[2024-05-23 09:23:08,498] {logging_mixin.py:115} INFO - [2024-05-23 09:23:08,497] {manager.py:508} INFO - Created Permission View: can edit on DAG:example_dag_decorator
[2024-05-23 09:23:08,505] {logging_mixin.py:115} INFO - [2024-05-23 09:23:08,505] {manager.py:508} INFO - Created Permission View: can read on DAG:example_dag_decorator
[2024-05-23 09:23:08,510] {logging_mixin.py:115} INFO - [2024-05-23 09:23:08,510] {manager.py:508} INFO - Created Permission View: can delete on DAG:example_dag_decorator
[2024-05-23 09:23:08,511] {logging_mixin.py:115} INFO - [2024-05-23 09:23:08,511] {dag.py:2420} INFO - Sync 1 DAGs
[2024-05-23 09:23:08,517] {logging_mixin.py:115} INFO - [2024-05-23 09:23:08,517] {dag.py:2439} INFO - Creating ORM DAG for example_dag_decorator
[2024-05-23 09:23:08,526] {logging_mixin.py:115} INFO - [2024-05-23 09:23:08,526] {dag.py:2972} INFO - Setting next_dagrun for example_dag_decorator to None, run_after=None
[2024-05-23 09:23:08,535] {processor.py:161} INFO - Processing /home/airflow/.local/lib/python3.7/site-packages/airflow/example_dags/example_dag_decorator.py took 0.125 seconds
[2024-05-23 09:23:39,490] {processor.py:153} INFO - Started process (PID=123) to work on /home/airflow/.local/lib/python3.7/site-packages/airflow/example_dags/example_dag_decorator.py
[2024-05-23 09:23:39,492] {processor.py:641} INFO - Processing file /home/airflow/.local/lib/python3.7/site-packages/airflow/example_dags/example_dag_decorator.py for tasks to queue
[2024-05-23 09:23:39,493] {logging_mixin.py:115} INFO - [2024-05-23 09:23:39,493] {dagbag.py:508} INFO - Filling up the DagBag from /home/airflow/.local/lib/python3.7/site-packages/airflow/example_dags/example_dag_decorator.py
[2024-05-23 09:23:39,513] {processor.py:651} INFO - DAG(s) dict_keys(['example_dag_decorator']) retrieved from /home/airflow/.local/lib/python3.7/site-packages/airflow/example_dags/example_dag_decorator.py
[2024-05-23 09:23:39,554] {logging_mixin.py:115} INFO - [2024-05-23 09:23:39,554] {dag.py:2420} INFO - Sync 1 DAGs
[2024-05-23 09:23:39,565] {logging_mixin.py:115} INFO - [2024-05-23 09:23:39,565] {dag.py:2972} INFO - Setting next_dagrun for example_dag_decorator to None, run_after=None
[2024-05-23 09:23:39,573] {processor.py:161} INFO - Processing /home/airflow/.local/lib/python3.7/site-packages/airflow/example_dags/example_dag_decorator.py took 0.088 seconds
[2024-05-23 09:24:09,920] {processor.py:153} INFO - Started process (PID=184) to work on /home/airflow/.local/lib/python3.7/site-packages/airflow/example_dags/example_dag_decorator.py
[2024-05-23 09:24:09,921] {processor.py:641} INFO - Processing file /home/airflow/.local/lib/python3.7/site-packages/airflow/example_dags/example_dag_decorator.py for tasks to queue
[2024-05-23 09:24:09,923] {logging_mixin.py:115} INFO - [2024-05-23 09:24:09,922] {dagbag.py:508} INFO - Filling up the DagBag from /home/airflow/.local/lib/python3.7/site-packages/airflow/example_dags/example_dag_decorator.py
[2024-05-23 09:24:09,943] {processor.py:651} INFO - DAG(s) dict_keys(['example_dag_decorator']) retrieved from /home/airflow/.local/lib/python3.7/site-packages/airflow/example_dags/example_dag_decorator.py
[2024-05-23 09:24:09,986] {logging_mixin.py:115} INFO - [2024-05-23 09:24:09,986] {dag.py:2420} INFO - Sync 1 DAGs
[2024-05-23 09:24:09,998] {logging_mixin.py:115} INFO - [2024-05-23 09:24:09,998] {dag.py:2972} INFO - Setting next_dagrun for example_dag_decorator to None, run_after=None
[2024-05-23 09:24:10,007] {processor.py:161} INFO - Processing /home/airflow/.local/lib/python3.7/site-packages/airflow/example_dags/example_dag_decorator.py took 0.092 seconds
[2024-05-23 09:24:40,341] {processor.py:153} INFO - Started process (PID=245) to work on /home/airflow/.local/lib/python3.7/site-packages/airflow/example_dags/example_dag_decorator.py
[2024-05-23 09:24:40,342] {processor.py:641} INFO - Processing file /home/airflow/.local/lib/python3.7/site-packages/airflow/example_dags/example_dag_decorator.py for tasks to queue
[2024-05-23 09:24:40,342] {logging_mixin.py:115} INFO - [2024-05-23 09:24:40,342] {dagbag.py:508} INFO - Filling up the DagBag from /home/airflow/.local/lib/python3.7/site-packages/airflow/example_dags/example_dag_decorator.py
[2024-05-23 09:24:40,359] {processor.py:651} INFO - DAG(s) dict_keys(['example_dag_decorator']) retrieved from /home/airflow/.local/lib/python3.7/site-packages/airflow/example_dags/example_dag_decorator.py
[2024-05-23 09:24:40,403] {logging_mixin.py:115} INFO - [2024-05-23 09:24:40,403] {dag.py:2420} INFO - Sync 1 DAGs
[2024-05-23 09:24:40,414] {logging_mixin.py:115} INFO - [2024-05-23 09:24:40,414] {dag.py:2972} INFO - Setting next_dagrun for example_dag_decorator to None, run_after=None
[2024-05-23 09:24:40,422] {processor.py:161} INFO - Processing /home/airflow/.local/lib/python3.7/site-packages/airflow/example_dags/example_dag_decorator.py took 0.084 seconds
[2024-05-23 09:25:10,875] {processor.py:153} INFO - Started process (PID=306) to work on /home/airflow/.local/lib/python3.7/site-packages/airflow/example_dags/example_dag_decorator.py
[2024-05-23 09:25:10,876] {processor.py:641} INFO - Processing file /home/airflow/.local/lib/python3.7/site-packages/airflow/example_dags/example_dag_decorator.py for tasks to queue
[2024-05-23 09:25:10,876] {logging_mixin.py:115} INFO - [2024-05-23 09:25:10,876] {dagbag.py:508} INFO - Filling up the DagBag from /home/airflow/.local/lib/python3.7/site-packages/airflow/example_dags/example_dag_decorator.py
[2024-05-23 09:25:10,893] {processor.py:651} INFO - DAG(s) dict_keys(['example_dag_decorator']) retrieved from /home/airflow/.local/lib/python3.7/site-packages/airflow/example_dags/example_dag_decorator.py
[2024-05-23 09:25:10,930] {logging_mixin.py:115} INFO - [2024-05-23 09:25:10,930] {dag.py:2420} INFO - Sync 1 DAGs
[2024-05-23 09:25:10,941] {logging_mixin.py:115} INFO - [2024-05-23 09:25:10,941] {dag.py:2972} INFO - Setting next_dagrun for example_dag_decorator to None, run_after=None
[2024-05-23 09:25:10,949] {processor.py:161} INFO - Processing /home/airflow/.local/lib/python3.7/site-packages/airflow/example_dags/example_dag_decorator.py took 0.076 seconds
[2024-05-23 09:25:41,341] {processor.py:153} INFO - Started process (PID=358) to work on /home/airflow/.local/lib/python3.7/site-packages/airflow/example_dags/example_dag_decorator.py
[2024-05-23 09:25:41,342] {processor.py:641} INFO - Processing file /home/airflow/.local/lib/python3.7/site-packages/airflow/example_dags/example_dag_decorator.py for tasks to queue
[2024-05-23 09:25:41,343] {logging_mixin.py:115} INFO - [2024-05-23 09:25:41,343] {dagbag.py:508} INFO - Filling up the DagBag from /home/airflow/.local/lib/python3.7/site-packages/airflow/example_dags/example_dag_decorator.py
[2024-05-23 09:25:41,363] {processor.py:651} INFO - DAG(s) dict_keys(['example_dag_decorator']) retrieved from /home/airflow/.local/lib/python3.7/site-packages/airflow/example_dags/example_dag_decorator.py
[2024-05-23 09:25:41,405] {logging_mixin.py:115} INFO - [2024-05-23 09:25:41,405] {dag.py:2420} INFO - Sync 1 DAGs
[2024-05-23 09:25:41,416] {logging_mixin.py:115} INFO - [2024-05-23 09:25:41,416] {dag.py:2972} INFO - Setting next_dagrun for example_dag_decorator to None, run_after=None
[2024-05-23 09:25:41,424] {processor.py:161} INFO - Processing /home/airflow/.local/lib/python3.7/site-packages/airflow/example_dags/example_dag_decorator.py took 0.086 seconds
[2024-05-23 09:26:11,814] {processor.py:153} INFO - Started process (PID=419) to work on /home/airflow/.local/lib/python3.7/site-packages/airflow/example_dags/example_dag_decorator.py
[2024-05-23 09:26:11,815] {processor.py:641} INFO - Processing file /home/airflow/.local/lib/python3.7/site-packages/airflow/example_dags/example_dag_decorator.py for tasks to queue
[2024-05-23 09:26:11,817] {logging_mixin.py:115} INFO - [2024-05-23 09:26:11,817] {dagbag.py:508} INFO - Filling up the DagBag from /home/airflow/.local/lib/python3.7/site-packages/airflow/example_dags/example_dag_decorator.py
[2024-05-23 09:26:11,839] {processor.py:651} INFO - DAG(s) dict_keys(['example_dag_decorator']) retrieved from /home/airflow/.local/lib/python3.7/site-packages/airflow/example_dags/example_dag_decorator.py
[2024-05-23 09:26:11,879] {logging_mixin.py:115} INFO - [2024-05-23 09:26:11,879] {dag.py:2420} INFO - Sync 1 DAGs
[2024-05-23 09:26:11,889] {logging_mixin.py:115} INFO - [2024-05-23 09:26:11,889] {dag.py:2972} INFO - Setting next_dagrun for example_dag_decorator to None, run_after=None
[2024-05-23 09:26:11,896] {processor.py:161} INFO - Processing /home/airflow/.local/lib/python3.7/site-packages/airflow/example_dags/example_dag_decorator.py took 0.087 seconds
[2024-05-23 09:26:42,245] {processor.py:153} INFO - Started process (PID=480) to work on /home/airflow/.local/lib/python3.7/site-packages/airflow/example_dags/example_dag_decorator.py
[2024-05-23 09:26:42,247] {processor.py:641} INFO - Processing file /home/airflow/.local/lib/python3.7/site-packages/airflow/example_dags/example_dag_decorator.py for tasks to queue
[2024-05-23 09:26:42,249] {logging_mixin.py:115} INFO - [2024-05-23 09:26:42,249] {dagbag.py:508} INFO - Filling up the DagBag from /home/airflow/.local/lib/python3.7/site-packages/airflow/example_dags/example_dag_decorator.py
[2024-05-23 09:26:42,270] {processor.py:651} INFO - DAG(s) dict_keys(['example_dag_decorator']) retrieved from /home/airflow/.local/lib/python3.7/site-packages/airflow/example_dags/example_dag_decorator.py
[2024-05-23 09:26:42,310] {logging_mixin.py:115} INFO - [2024-05-23 09:26:42,310] {dag.py:2420} INFO - Sync 1 DAGs
[2024-05-23 09:26:42,320] {logging_mixin.py:115} INFO - [2024-05-23 09:26:42,320] {dag.py:2972} INFO - Setting next_dagrun for example_dag_decorator to None, run_after=None
[2024-05-23 09:26:42,331] {processor.py:161} INFO - Processing /home/airflow/.local/lib/python3.7/site-packages/airflow/example_dags/example_dag_decorator.py took 0.091 seconds
[2024-05-23 09:27:12,714] {processor.py:153} INFO - Started process (PID=541) to work on /home/airflow/.local/lib/python3.7/site-packages/airflow/example_dags/example_dag_decorator.py
[2024-05-23 09:27:12,716] {processor.py:641} INFO - Processing file /home/airflow/.local/lib/python3.7/site-packages/airflow/example_dags/example_dag_decorator.py for tasks to queue
[2024-05-23 09:27:12,717] {logging_mixin.py:115} INFO - [2024-05-23 09:27:12,717] {dagbag.py:508} INFO - Filling up the DagBag from /home/airflow/.local/lib/python3.7/site-packages/airflow/example_dags/example_dag_decorator.py
[2024-05-23 09:27:12,739] {processor.py:651} INFO - DAG(s) dict_keys(['example_dag_decorator']) retrieved from /home/airflow/.local/lib/python3.7/site-packages/airflow/example_dags/example_dag_decorator.py
[2024-05-23 09:27:12,781] {logging_mixin.py:115} INFO - [2024-05-23 09:27:12,781] {dag.py:2420} INFO - Sync 1 DAGs
[2024-05-23 09:27:12,791] {logging_mixin.py:115} INFO - [2024-05-23 09:27:12,791] {dag.py:2972} INFO - Setting next_dagrun for example_dag_decorator to None, run_after=None
[2024-05-23 09:27:12,797] {processor.py:161} INFO - Processing /home/airflow/.local/lib/python3.7/site-packages/airflow/example_dags/example_dag_decorator.py took 0.088 seconds
[2024-05-23 09:27:43,106] {processor.py:153} INFO - Started process (PID=602) to work on /home/airflow/.local/lib/python3.7/site-packages/airflow/example_dags/example_dag_decorator.py
[2024-05-23 09:27:43,108] {processor.py:641} INFO - Processing file /home/airflow/.local/lib/python3.7/site-packages/airflow/example_dags/example_dag_decorator.py for tasks to queue
[2024-05-23 09:27:43,110] {logging_mixin.py:115} INFO - [2024-05-23 09:27:43,110] {dagbag.py:508} INFO - Filling up the DagBag from /home/airflow/.local/lib/python3.7/site-packages/airflow/example_dags/example_dag_decorator.py
[2024-05-23 09:27:43,126] {processor.py:651} INFO - DAG(s) dict_keys(['example_dag_decorator']) retrieved from /home/airflow/.local/lib/python3.7/site-packages/airflow/example_dags/example_dag_decorator.py
[2024-05-23 09:27:43,143] {logging_mixin.py:115} INFO - [2024-05-23 09:27:43,143] {dag.py:2420} INFO - Sync 1 DAGs
[2024-05-23 09:27:43,155] {logging_mixin.py:115} INFO - [2024-05-23 09:27:43,155] {dag.py:2972} INFO - Setting next_dagrun for example_dag_decorator to None, run_after=None
[2024-05-23 09:27:43,164] {processor.py:161} INFO - Processing /home/airflow/.local/lib/python3.7/site-packages/airflow/example_dags/example_dag_decorator.py took 0.061 seconds
[2024-05-23 09:28:13,538] {processor.py:153} INFO - Started process (PID=664) to work on /home/airflow/.local/lib/python3.7/site-packages/airflow/example_dags/example_dag_decorator.py
[2024-05-23 09:28:13,539] {processor.py:641} INFO - Processing file /home/airflow/.local/lib/python3.7/site-packages/airflow/example_dags/example_dag_decorator.py for tasks to queue
[2024-05-23 09:28:13,540] {logging_mixin.py:115} INFO - [2024-05-23 09:28:13,540] {dagbag.py:508} INFO - Filling up the DagBag from /home/airflow/.local/lib/python3.7/site-packages/airflow/example_dags/example_dag_decorator.py
[2024-05-23 09:28:13,555] {processor.py:651} INFO - DAG(s) dict_keys(['example_dag_decorator']) retrieved from /home/airflow/.local/lib/python3.7/site-packages/airflow/example_dags/example_dag_decorator.py
[2024-05-23 09:28:13,596] {logging_mixin.py:115} INFO - [2024-05-23 09:28:13,596] {dag.py:2420} INFO - Sync 1 DAGs
[2024-05-23 09:28:13,607] {logging_mixin.py:115} INFO - [2024-05-23 09:28:13,607] {dag.py:2972} INFO - Setting next_dagrun for example_dag_decorator to None, run_after=None
[2024-05-23 09:28:13,617] {processor.py:161} INFO - Processing /home/airflow/.local/lib/python3.7/site-packages/airflow/example_dags/example_dag_decorator.py took 0.081 seconds
[2024-05-23 09:28:43,925] {processor.py:153} INFO - Started process (PID=717) to work on /home/airflow/.local/lib/python3.7/site-packages/airflow/example_dags/example_dag_decorator.py
[2024-05-23 09:28:43,927] {processor.py:641} INFO - Processing file /home/airflow/.local/lib/python3.7/site-packages/airflow/example_dags/example_dag_decorator.py for tasks to queue
[2024-05-23 09:28:43,928] {logging_mixin.py:115} INFO - [2024-05-23 09:28:43,928] {dagbag.py:508} INFO - Filling up the DagBag from /home/airflow/.local/lib/python3.7/site-packages/airflow/example_dags/example_dag_decorator.py
[2024-05-23 09:28:43,942] {processor.py:651} INFO - DAG(s) dict_keys(['example_dag_decorator']) retrieved from /home/airflow/.local/lib/python3.7/site-packages/airflow/example_dags/example_dag_decorator.py
[2024-05-23 09:28:43,981] {logging_mixin.py:115} INFO - [2024-05-23 09:28:43,981] {dag.py:2420} INFO - Sync 1 DAGs
[2024-05-23 09:28:43,992] {logging_mixin.py:115} INFO - [2024-05-23 09:28:43,992] {dag.py:2972} INFO - Setting next_dagrun for example_dag_decorator to None, run_after=None
[2024-05-23 09:28:44,000] {processor.py:161} INFO - Processing /home/airflow/.local/lib/python3.7/site-packages/airflow/example_dags/example_dag_decorator.py took 0.077 seconds
[2024-05-23 09:29:14,354] {processor.py:153} INFO - Started process (PID=779) to work on /home/airflow/.local/lib/python3.7/site-packages/airflow/example_dags/example_dag_decorator.py
[2024-05-23 09:29:14,356] {processor.py:641} INFO - Processing file /home/airflow/.local/lib/python3.7/site-packages/airflow/example_dags/example_dag_decorator.py for tasks to queue
[2024-05-23 09:29:14,357] {logging_mixin.py:115} INFO - [2024-05-23 09:29:14,357] {dagbag.py:508} INFO - Filling up the DagBag from /home/airflow/.local/lib/python3.7/site-packages/airflow/example_dags/example_dag_decorator.py
[2024-05-23 09:29:14,370] {processor.py:651} INFO - DAG(s) dict_keys(['example_dag_decorator']) retrieved from /home/airflow/.local/lib/python3.7/site-packages/airflow/example_dags/example_dag_decorator.py
[2024-05-23 09:29:14,407] {logging_mixin.py:115} INFO - [2024-05-23 09:29:14,407] {dag.py:2420} INFO - Sync 1 DAGs
[2024-05-23 09:29:14,418] {logging_mixin.py:115} INFO - [2024-05-23 09:29:14,417] {dag.py:2972} INFO - Setting next_dagrun for example_dag_decorator to None, run_after=None
[2024-05-23 09:29:14,425] {processor.py:161} INFO - Processing /home/airflow/.local/lib/python3.7/site-packages/airflow/example_dags/example_dag_decorator.py took 0.073 seconds
[2024-05-23 09:29:44,733] {processor.py:153} INFO - Started process (PID=841) to work on /home/airflow/.local/lib/python3.7/site-packages/airflow/example_dags/example_dag_decorator.py
[2024-05-23 09:29:44,734] {processor.py:641} INFO - Processing file /home/airflow/.local/lib/python3.7/site-packages/airflow/example_dags/example_dag_decorator.py for tasks to queue
[2024-05-23 09:29:44,735] {logging_mixin.py:115} INFO - [2024-05-23 09:29:44,735] {dagbag.py:508} INFO - Filling up the DagBag from /home/airflow/.local/lib/python3.7/site-packages/airflow/example_dags/example_dag_decorator.py
[2024-05-23 09:29:44,750] {processor.py:651} INFO - DAG(s) dict_keys(['example_dag_decorator']) retrieved from /home/airflow/.local/lib/python3.7/site-packages/airflow/example_dags/example_dag_decorator.py
[2024-05-23 09:29:44,794] {logging_mixin.py:115} INFO - [2024-05-23 09:29:44,794] {dag.py:2420} INFO - Sync 1 DAGs
[2024-05-23 09:29:44,806] {logging_mixin.py:115} INFO - [2024-05-23 09:29:44,806] {dag.py:2972} INFO - Setting next_dagrun for example_dag_decorator to None, run_after=None
[2024-05-23 09:29:44,818] {processor.py:161} INFO - Processing /home/airflow/.local/lib/python3.7/site-packages/airflow/example_dags/example_dag_decorator.py took 0.087 seconds
[2024-05-23 09:30:15,070] {processor.py:153} INFO - Started process (PID=903) to work on /home/airflow/.local/lib/python3.7/site-packages/airflow/example_dags/example_dag_decorator.py
[2024-05-23 09:30:15,072] {processor.py:641} INFO - Processing file /home/airflow/.local/lib/python3.7/site-packages/airflow/example_dags/example_dag_decorator.py for tasks to queue
[2024-05-23 09:30:15,072] {logging_mixin.py:115} INFO - [2024-05-23 09:30:15,072] {dagbag.py:508} INFO - Filling up the DagBag from /home/airflow/.local/lib/python3.7/site-packages/airflow/example_dags/example_dag_decorator.py
[2024-05-23 09:30:15,090] {processor.py:651} INFO - DAG(s) dict_keys(['example_dag_decorator']) retrieved from /home/airflow/.local/lib/python3.7/site-packages/airflow/example_dags/example_dag_decorator.py
[2024-05-23 09:30:15,135] {logging_mixin.py:115} INFO - [2024-05-23 09:30:15,135] {dag.py:2420} INFO - Sync 1 DAGs
[2024-05-23 09:30:15,148] {logging_mixin.py:115} INFO - [2024-05-23 09:30:15,148] {dag.py:2972} INFO - Setting next_dagrun for example_dag_decorator to None, run_after=None
[2024-05-23 09:30:15,159] {processor.py:161} INFO - Processing /home/airflow/.local/lib/python3.7/site-packages/airflow/example_dags/example_dag_decorator.py took 0.091 seconds
[2024-05-23 09:30:45,593] {processor.py:153} INFO - Started process (PID=965) to work on /home/airflow/.local/lib/python3.7/site-packages/airflow/example_dags/example_dag_decorator.py
[2024-05-23 09:30:45,594] {processor.py:641} INFO - Processing file /home/airflow/.local/lib/python3.7/site-packages/airflow/example_dags/example_dag_decorator.py for tasks to queue
[2024-05-23 09:30:45,594] {logging_mixin.py:115} INFO - [2024-05-23 09:30:45,594] {dagbag.py:508} INFO - Filling up the DagBag from /home/airflow/.local/lib/python3.7/site-packages/airflow/example_dags/example_dag_decorator.py
[2024-05-23 09:30:45,609] {processor.py:651} INFO - DAG(s) dict_keys(['example_dag_decorator']) retrieved from /home/airflow/.local/lib/python3.7/site-packages/airflow/example_dags/example_dag_decorator.py
[2024-05-23 09:30:45,629] {logging_mixin.py:115} INFO - [2024-05-23 09:30:45,629] {dag.py:2420} INFO - Sync 1 DAGs
[2024-05-23 09:30:45,642] {logging_mixin.py:115} INFO - [2024-05-23 09:30:45,642] {dag.py:2972} INFO - Setting next_dagrun for example_dag_decorator to None, run_after=None
[2024-05-23 09:30:45,650] {processor.py:161} INFO - Processing /home/airflow/.local/lib/python3.7/site-packages/airflow/example_dags/example_dag_decorator.py took 0.060 seconds
[2024-05-23 09:31:15,950] {processor.py:153} INFO - Started process (PID=1017) to work on /home/airflow/.local/lib/python3.7/site-packages/airflow/example_dags/example_dag_decorator.py
[2024-05-23 09:31:15,952] {processor.py:641} INFO - Processing file /home/airflow/.local/lib/python3.7/site-packages/airflow/example_dags/example_dag_decorator.py for tasks to queue
[2024-05-23 09:31:15,953] {logging_mixin.py:115} INFO - [2024-05-23 09:31:15,953] {dagbag.py:508} INFO - Filling up the DagBag from /home/airflow/.local/lib/python3.7/site-packages/airflow/example_dags/example_dag_decorator.py
[2024-05-23 09:31:15,973] {processor.py:651} INFO - DAG(s) dict_keys(['example_dag_decorator']) retrieved from /home/airflow/.local/lib/python3.7/site-packages/airflow/example_dags/example_dag_decorator.py
[2024-05-23 09:31:16,013] {logging_mixin.py:115} INFO - [2024-05-23 09:31:16,013] {dag.py:2420} INFO - Sync 1 DAGs
[2024-05-23 09:31:16,024] {logging_mixin.py:115} INFO - [2024-05-23 09:31:16,024] {dag.py:2972} INFO - Setting next_dagrun for example_dag_decorator to None, run_after=None
[2024-05-23 09:31:16,031] {processor.py:161} INFO - Processing /home/airflow/.local/lib/python3.7/site-packages/airflow/example_dags/example_dag_decorator.py took 0.085 seconds
[2024-05-23 09:31:46,572] {processor.py:153} INFO - Started process (PID=1080) to work on /home/airflow/.local/lib/python3.7/site-packages/airflow/example_dags/example_dag_decorator.py
[2024-05-23 09:31:46,573] {processor.py:641} INFO - Processing file /home/airflow/.local/lib/python3.7/site-packages/airflow/example_dags/example_dag_decorator.py for tasks to queue
[2024-05-23 09:31:46,574] {logging_mixin.py:115} INFO - [2024-05-23 09:31:46,574] {dagbag.py:508} INFO - Filling up the DagBag from /home/airflow/.local/lib/python3.7/site-packages/airflow/example_dags/example_dag_decorator.py
[2024-05-23 09:31:46,591] {processor.py:651} INFO - DAG(s) dict_keys(['example_dag_decorator']) retrieved from /home/airflow/.local/lib/python3.7/site-packages/airflow/example_dags/example_dag_decorator.py
[2024-05-23 09:31:46,632] {logging_mixin.py:115} INFO - [2024-05-23 09:31:46,632] {dag.py:2420} INFO - Sync 1 DAGs
[2024-05-23 09:31:46,645] {logging_mixin.py:115} INFO - [2024-05-23 09:31:46,645] {dag.py:2972} INFO - Setting next_dagrun for example_dag_decorator to None, run_after=None
[2024-05-23 09:31:46,653] {processor.py:161} INFO - Processing /home/airflow/.local/lib/python3.7/site-packages/airflow/example_dags/example_dag_decorator.py took 0.085 seconds
[2024-05-23 09:32:16,905] {processor.py:153} INFO - Started process (PID=1142) to work on /home/airflow/.local/lib/python3.7/site-packages/airflow/example_dags/example_dag_decorator.py
[2024-05-23 09:32:16,906] {processor.py:641} INFO - Processing file /home/airflow/.local/lib/python3.7/site-packages/airflow/example_dags/example_dag_decorator.py for tasks to queue
[2024-05-23 09:32:16,906] {logging_mixin.py:115} INFO - [2024-05-23 09:32:16,906] {dagbag.py:508} INFO - Filling up the DagBag from /home/airflow/.local/lib/python3.7/site-packages/airflow/example_dags/example_dag_decorator.py
[2024-05-23 09:32:16,918] {processor.py:651} INFO - DAG(s) dict_keys(['example_dag_decorator']) retrieved from /home/airflow/.local/lib/python3.7/site-packages/airflow/example_dags/example_dag_decorator.py
[2024-05-23 09:32:16,958] {logging_mixin.py:115} INFO - [2024-05-23 09:32:16,957] {dag.py:2420} INFO - Sync 1 DAGs
[2024-05-23 09:32:16,970] {logging_mixin.py:115} INFO - [2024-05-23 09:32:16,970] {dag.py:2972} INFO - Setting next_dagrun for example_dag_decorator to None, run_after=None
[2024-05-23 09:32:16,981] {processor.py:161} INFO - Processing /home/airflow/.local/lib/python3.7/site-packages/airflow/example_dags/example_dag_decorator.py took 0.078 seconds
[2024-05-23 09:32:47,399] {processor.py:153} INFO - Started process (PID=1204) to work on /home/airflow/.local/lib/python3.7/site-packages/airflow/example_dags/example_dag_decorator.py
[2024-05-23 09:32:47,400] {processor.py:641} INFO - Processing file /home/airflow/.local/lib/python3.7/site-packages/airflow/example_dags/example_dag_decorator.py for tasks to queue
[2024-05-23 09:32:47,401] {logging_mixin.py:115} INFO - [2024-05-23 09:32:47,401] {dagbag.py:508} INFO - Filling up the DagBag from /home/airflow/.local/lib/python3.7/site-packages/airflow/example_dags/example_dag_decorator.py
[2024-05-23 09:32:47,420] {processor.py:651} INFO - DAG(s) dict_keys(['example_dag_decorator']) retrieved from /home/airflow/.local/lib/python3.7/site-packages/airflow/example_dags/example_dag_decorator.py
[2024-05-23 09:32:47,439] {logging_mixin.py:115} INFO - [2024-05-23 09:32:47,439] {dag.py:2420} INFO - Sync 1 DAGs
[2024-05-23 09:32:47,451] {logging_mixin.py:115} INFO - [2024-05-23 09:32:47,451] {dag.py:2972} INFO - Setting next_dagrun for example_dag_decorator to None, run_after=None
[2024-05-23 09:32:47,458] {processor.py:161} INFO - Processing /home/airflow/.local/lib/python3.7/site-packages/airflow/example_dags/example_dag_decorator.py took 0.062 seconds
[2024-05-23 09:33:17,957] {processor.py:153} INFO - Started process (PID=1266) to work on /home/airflow/.local/lib/python3.7/site-packages/airflow/example_dags/example_dag_decorator.py
[2024-05-23 09:33:17,958] {processor.py:641} INFO - Processing file /home/airflow/.local/lib/python3.7/site-packages/airflow/example_dags/example_dag_decorator.py for tasks to queue
[2024-05-23 09:33:17,959] {logging_mixin.py:115} INFO - [2024-05-23 09:33:17,959] {dagbag.py:508} INFO - Filling up the DagBag from /home/airflow/.local/lib/python3.7/site-packages/airflow/example_dags/example_dag_decorator.py
[2024-05-23 09:33:17,979] {processor.py:651} INFO - DAG(s) dict_keys(['example_dag_decorator']) retrieved from /home/airflow/.local/lib/python3.7/site-packages/airflow/example_dags/example_dag_decorator.py
[2024-05-23 09:33:18,024] {logging_mixin.py:115} INFO - [2024-05-23 09:33:18,024] {dag.py:2420} INFO - Sync 1 DAGs
[2024-05-23 09:33:18,034] {logging_mixin.py:115} INFO - [2024-05-23 09:33:18,034] {dag.py:2972} INFO - Setting next_dagrun for example_dag_decorator to None, run_after=None
[2024-05-23 09:33:18,042] {processor.py:161} INFO - Processing /home/airflow/.local/lib/python3.7/site-packages/airflow/example_dags/example_dag_decorator.py took 0.088 seconds
[2024-05-23 09:33:48,428] {processor.py:153} INFO - Started process (PID=1328) to work on /home/airflow/.local/lib/python3.7/site-packages/airflow/example_dags/example_dag_decorator.py
[2024-05-23 09:33:48,429] {processor.py:641} INFO - Processing file /home/airflow/.local/lib/python3.7/site-packages/airflow/example_dags/example_dag_decorator.py for tasks to queue
[2024-05-23 09:33:48,430] {logging_mixin.py:115} INFO - [2024-05-23 09:33:48,429] {dagbag.py:508} INFO - Filling up the DagBag from /home/airflow/.local/lib/python3.7/site-packages/airflow/example_dags/example_dag_decorator.py
[2024-05-23 09:33:48,448] {processor.py:651} INFO - DAG(s) dict_keys(['example_dag_decorator']) retrieved from /home/airflow/.local/lib/python3.7/site-packages/airflow/example_dags/example_dag_decorator.py
[2024-05-23 09:33:48,491] {logging_mixin.py:115} INFO - [2024-05-23 09:33:48,490] {dag.py:2420} INFO - Sync 1 DAGs
[2024-05-23 09:33:48,507] {logging_mixin.py:115} INFO - [2024-05-23 09:33:48,507] {dag.py:2972} INFO - Setting next_dagrun for example_dag_decorator to None, run_after=None
[2024-05-23 09:33:48,517] {processor.py:161} INFO - Processing /home/airflow/.local/lib/python3.7/site-packages/airflow/example_dags/example_dag_decorator.py took 0.092 seconds
[2024-05-23 09:34:18,893] {processor.py:153} INFO - Started process (PID=1386) to work on /home/airflow/.local/lib/python3.7/site-packages/airflow/example_dags/example_dag_decorator.py
[2024-05-23 09:34:18,894] {processor.py:641} INFO - Processing file /home/airflow/.local/lib/python3.7/site-packages/airflow/example_dags/example_dag_decorator.py for tasks to queue
[2024-05-23 09:34:18,895] {logging_mixin.py:115} INFO - [2024-05-23 09:34:18,895] {dagbag.py:508} INFO - Filling up the DagBag from /home/airflow/.local/lib/python3.7/site-packages/airflow/example_dags/example_dag_decorator.py
[2024-05-23 09:34:18,913] {processor.py:651} INFO - DAG(s) dict_keys(['example_dag_decorator']) retrieved from /home/airflow/.local/lib/python3.7/site-packages/airflow/example_dags/example_dag_decorator.py
[2024-05-23 09:34:18,958] {logging_mixin.py:115} INFO - [2024-05-23 09:34:18,958] {dag.py:2420} INFO - Sync 1 DAGs
[2024-05-23 09:34:18,968] {logging_mixin.py:115} INFO - [2024-05-23 09:34:18,968] {dag.py:2972} INFO - Setting next_dagrun for example_dag_decorator to None, run_after=None
[2024-05-23 09:34:18,976] {processor.py:161} INFO - Processing /home/airflow/.local/lib/python3.7/site-packages/airflow/example_dags/example_dag_decorator.py took 0.086 seconds
[2024-05-23 09:34:49,337] {processor.py:153} INFO - Started process (PID=1448) to work on /home/airflow/.local/lib/python3.7/site-packages/airflow/example_dags/example_dag_decorator.py
[2024-05-23 09:34:49,338] {processor.py:641} INFO - Processing file /home/airflow/.local/lib/python3.7/site-packages/airflow/example_dags/example_dag_decorator.py for tasks to queue
[2024-05-23 09:34:49,339] {logging_mixin.py:115} INFO - [2024-05-23 09:34:49,339] {dagbag.py:508} INFO - Filling up the DagBag from /home/airflow/.local/lib/python3.7/site-packages/airflow/example_dags/example_dag_decorator.py
[2024-05-23 09:34:49,351] {processor.py:651} INFO - DAG(s) dict_keys(['example_dag_decorator']) retrieved from /home/airflow/.local/lib/python3.7/site-packages/airflow/example_dags/example_dag_decorator.py
[2024-05-23 09:34:49,387] {logging_mixin.py:115} INFO - [2024-05-23 09:34:49,387] {dag.py:2420} INFO - Sync 1 DAGs
[2024-05-23 09:34:49,399] {logging_mixin.py:115} INFO - [2024-05-23 09:34:49,399] {dag.py:2972} INFO - Setting next_dagrun for example_dag_decorator to None, run_after=None
[2024-05-23 09:34:49,407] {processor.py:161} INFO - Processing /home/airflow/.local/lib/python3.7/site-packages/airflow/example_dags/example_dag_decorator.py took 0.072 seconds
[2024-05-23 09:35:19,784] {processor.py:153} INFO - Started process (PID=1510) to work on /home/airflow/.local/lib/python3.7/site-packages/airflow/example_dags/example_dag_decorator.py
[2024-05-23 09:35:19,785] {processor.py:641} INFO - Processing file /home/airflow/.local/lib/python3.7/site-packages/airflow/example_dags/example_dag_decorator.py for tasks to queue
[2024-05-23 09:35:19,786] {logging_mixin.py:115} INFO - [2024-05-23 09:35:19,786] {dagbag.py:508} INFO - Filling up the DagBag from /home/airflow/.local/lib/python3.7/site-packages/airflow/example_dags/example_dag_decorator.py
[2024-05-23 09:35:19,808] {processor.py:651} INFO - DAG(s) dict_keys(['example_dag_decorator']) retrieved from /home/airflow/.local/lib/python3.7/site-packages/airflow/example_dags/example_dag_decorator.py
[2024-05-23 09:35:19,850] {logging_mixin.py:115} INFO - [2024-05-23 09:35:19,850] {dag.py:2420} INFO - Sync 1 DAGs
[2024-05-23 09:35:19,860] {logging_mixin.py:115} INFO - [2024-05-23 09:35:19,860] {dag.py:2972} INFO - Setting next_dagrun for example_dag_decorator to None, run_after=None
[2024-05-23 09:35:19,868] {processor.py:161} INFO - Processing /home/airflow/.local/lib/python3.7/site-packages/airflow/example_dags/example_dag_decorator.py took 0.087 seconds
[2024-05-23 09:35:50,205] {processor.py:153} INFO - Started process (PID=1572) to work on /home/airflow/.local/lib/python3.7/site-packages/airflow/example_dags/example_dag_decorator.py
[2024-05-23 09:35:50,207] {processor.py:641} INFO - Processing file /home/airflow/.local/lib/python3.7/site-packages/airflow/example_dags/example_dag_decorator.py for tasks to queue
[2024-05-23 09:35:50,208] {logging_mixin.py:115} INFO - [2024-05-23 09:35:50,207] {dagbag.py:508} INFO - Filling up the DagBag from /home/airflow/.local/lib/python3.7/site-packages/airflow/example_dags/example_dag_decorator.py
[2024-05-23 09:35:50,229] {processor.py:651} INFO - DAG(s) dict_keys(['example_dag_decorator']) retrieved from /home/airflow/.local/lib/python3.7/site-packages/airflow/example_dags/example_dag_decorator.py
[2024-05-23 09:35:50,252] {logging_mixin.py:115} INFO - [2024-05-23 09:35:50,252] {dag.py:2420} INFO - Sync 1 DAGs
[2024-05-23 09:35:50,264] {logging_mixin.py:115} INFO - [2024-05-23 09:35:50,264] {dag.py:2972} INFO - Setting next_dagrun for example_dag_decorator to None, run_after=None
[2024-05-23 09:35:50,271] {processor.py:161} INFO - Processing /home/airflow/.local/lib/python3.7/site-packages/airflow/example_dags/example_dag_decorator.py took 0.069 seconds
[2024-05-23 09:36:20,689] {processor.py:153} INFO - Started process (PID=1634) to work on /home/airflow/.local/lib/python3.7/site-packages/airflow/example_dags/example_dag_decorator.py
[2024-05-23 09:36:20,691] {processor.py:641} INFO - Processing file /home/airflow/.local/lib/python3.7/site-packages/airflow/example_dags/example_dag_decorator.py for tasks to queue
[2024-05-23 09:36:20,692] {logging_mixin.py:115} INFO - [2024-05-23 09:36:20,692] {dagbag.py:508} INFO - Filling up the DagBag from /home/airflow/.local/lib/python3.7/site-packages/airflow/example_dags/example_dag_decorator.py
[2024-05-23 09:36:20,715] {processor.py:651} INFO - DAG(s) dict_keys(['example_dag_decorator']) retrieved from /home/airflow/.local/lib/python3.7/site-packages/airflow/example_dags/example_dag_decorator.py
[2024-05-23 09:36:20,759] {logging_mixin.py:115} INFO - [2024-05-23 09:36:20,759] {dag.py:2420} INFO - Sync 1 DAGs
[2024-05-23 09:36:20,769] {logging_mixin.py:115} INFO - [2024-05-23 09:36:20,769] {dag.py:2972} INFO - Setting next_dagrun for example_dag_decorator to None, run_after=None
[2024-05-23 09:36:20,777] {processor.py:161} INFO - Processing /home/airflow/.local/lib/python3.7/site-packages/airflow/example_dags/example_dag_decorator.py took 0.092 seconds
[2024-05-23 09:36:51,126] {processor.py:153} INFO - Started process (PID=1687) to work on /home/airflow/.local/lib/python3.7/site-packages/airflow/example_dags/example_dag_decorator.py
[2024-05-23 09:36:51,127] {processor.py:641} INFO - Processing file /home/airflow/.local/lib/python3.7/site-packages/airflow/example_dags/example_dag_decorator.py for tasks to queue
[2024-05-23 09:36:51,128] {logging_mixin.py:115} INFO - [2024-05-23 09:36:51,128] {dagbag.py:508} INFO - Filling up the DagBag from /home/airflow/.local/lib/python3.7/site-packages/airflow/example_dags/example_dag_decorator.py
[2024-05-23 09:36:51,145] {processor.py:651} INFO - DAG(s) dict_keys(['example_dag_decorator']) retrieved from /home/airflow/.local/lib/python3.7/site-packages/airflow/example_dags/example_dag_decorator.py
[2024-05-23 09:36:51,184] {logging_mixin.py:115} INFO - [2024-05-23 09:36:51,184] {dag.py:2420} INFO - Sync 1 DAGs
[2024-05-23 09:36:51,195] {logging_mixin.py:115} INFO - [2024-05-23 09:36:51,195] {dag.py:2972} INFO - Setting next_dagrun for example_dag_decorator to None, run_after=None
[2024-05-23 09:36:51,203] {processor.py:161} INFO - Processing /home/airflow/.local/lib/python3.7/site-packages/airflow/example_dags/example_dag_decorator.py took 0.081 seconds
[2024-05-23 09:37:21,640] {processor.py:153} INFO - Started process (PID=1749) to work on /home/airflow/.local/lib/python3.7/site-packages/airflow/example_dags/example_dag_decorator.py
[2024-05-23 09:37:21,641] {processor.py:641} INFO - Processing file /home/airflow/.local/lib/python3.7/site-packages/airflow/example_dags/example_dag_decorator.py for tasks to queue
[2024-05-23 09:37:21,642] {logging_mixin.py:115} INFO - [2024-05-23 09:37:21,642] {dagbag.py:508} INFO - Filling up the DagBag from /home/airflow/.local/lib/python3.7/site-packages/airflow/example_dags/example_dag_decorator.py
[2024-05-23 09:37:21,655] {processor.py:651} INFO - DAG(s) dict_keys(['example_dag_decorator']) retrieved from /home/airflow/.local/lib/python3.7/site-packages/airflow/example_dags/example_dag_decorator.py
[2024-05-23 09:37:21,701] {logging_mixin.py:115} INFO - [2024-05-23 09:37:21,701] {dag.py:2420} INFO - Sync 1 DAGs
[2024-05-23 09:37:21,712] {logging_mixin.py:115} INFO - [2024-05-23 09:37:21,712] {dag.py:2972} INFO - Setting next_dagrun for example_dag_decorator to None, run_after=None
[2024-05-23 09:37:21,721] {processor.py:161} INFO - Processing /home/airflow/.local/lib/python3.7/site-packages/airflow/example_dags/example_dag_decorator.py took 0.083 seconds
[2024-05-23 09:37:52,168] {processor.py:153} INFO - Started process (PID=1811) to work on /home/airflow/.local/lib/python3.7/site-packages/airflow/example_dags/example_dag_decorator.py
[2024-05-23 09:37:52,170] {processor.py:641} INFO - Processing file /home/airflow/.local/lib/python3.7/site-packages/airflow/example_dags/example_dag_decorator.py for tasks to queue
[2024-05-23 09:37:52,171] {logging_mixin.py:115} INFO - [2024-05-23 09:37:52,171] {dagbag.py:508} INFO - Filling up the DagBag from /home/airflow/.local/lib/python3.7/site-packages/airflow/example_dags/example_dag_decorator.py
[2024-05-23 09:37:52,187] {processor.py:651} INFO - DAG(s) dict_keys(['example_dag_decorator']) retrieved from /home/airflow/.local/lib/python3.7/site-packages/airflow/example_dags/example_dag_decorator.py
[2024-05-23 09:37:52,207] {logging_mixin.py:115} INFO - [2024-05-23 09:37:52,207] {dag.py:2420} INFO - Sync 1 DAGs
[2024-05-23 09:37:52,225] {logging_mixin.py:115} INFO - [2024-05-23 09:37:52,225] {dag.py:2972} INFO - Setting next_dagrun for example_dag_decorator to None, run_after=None
[2024-05-23 09:37:52,235] {processor.py:161} INFO - Processing /home/airflow/.local/lib/python3.7/site-packages/airflow/example_dags/example_dag_decorator.py took 0.070 seconds
[2024-05-23 09:38:22,699] {processor.py:153} INFO - Started process (PID=1873) to work on /home/airflow/.local/lib/python3.7/site-packages/airflow/example_dags/example_dag_decorator.py
[2024-05-23 09:38:22,701] {processor.py:641} INFO - Processing file /home/airflow/.local/lib/python3.7/site-packages/airflow/example_dags/example_dag_decorator.py for tasks to queue
[2024-05-23 09:38:22,702] {logging_mixin.py:115} INFO - [2024-05-23 09:38:22,702] {dagbag.py:508} INFO - Filling up the DagBag from /home/airflow/.local/lib/python3.7/site-packages/airflow/example_dags/example_dag_decorator.py
[2024-05-23 09:38:22,723] {processor.py:651} INFO - DAG(s) dict_keys(['example_dag_decorator']) retrieved from /home/airflow/.local/lib/python3.7/site-packages/airflow/example_dags/example_dag_decorator.py
[2024-05-23 09:38:22,763] {logging_mixin.py:115} INFO - [2024-05-23 09:38:22,763] {dag.py:2420} INFO - Sync 1 DAGs
[2024-05-23 09:38:22,774] {logging_mixin.py:115} INFO - [2024-05-23 09:38:22,774] {dag.py:2972} INFO - Setting next_dagrun for example_dag_decorator to None, run_after=None
[2024-05-23 09:38:22,781] {processor.py:161} INFO - Processing /home/airflow/.local/lib/python3.7/site-packages/airflow/example_dags/example_dag_decorator.py took 0.087 seconds
[2024-05-23 09:38:53,093] {processor.py:153} INFO - Started process (PID=1935) to work on /home/airflow/.local/lib/python3.7/site-packages/airflow/example_dags/example_dag_decorator.py
[2024-05-23 09:38:53,094] {processor.py:641} INFO - Processing file /home/airflow/.local/lib/python3.7/site-packages/airflow/example_dags/example_dag_decorator.py for tasks to queue
[2024-05-23 09:38:53,094] {logging_mixin.py:115} INFO - [2024-05-23 09:38:53,094] {dagbag.py:508} INFO - Filling up the DagBag from /home/airflow/.local/lib/python3.7/site-packages/airflow/example_dags/example_dag_decorator.py
[2024-05-23 09:38:53,111] {processor.py:651} INFO - DAG(s) dict_keys(['example_dag_decorator']) retrieved from /home/airflow/.local/lib/python3.7/site-packages/airflow/example_dags/example_dag_decorator.py
[2024-05-23 09:38:53,152] {logging_mixin.py:115} INFO - [2024-05-23 09:38:53,151] {dag.py:2420} INFO - Sync 1 DAGs
[2024-05-23 09:38:53,164] {logging_mixin.py:115} INFO - [2024-05-23 09:38:53,163] {dag.py:2972} INFO - Setting next_dagrun for example_dag_decorator to None, run_after=None
[2024-05-23 09:38:53,172] {processor.py:161} INFO - Processing /home/airflow/.local/lib/python3.7/site-packages/airflow/example_dags/example_dag_decorator.py took 0.081 seconds
[2024-05-23 09:39:23,507] {processor.py:153} INFO - Started process (PID=1997) to work on /home/airflow/.local/lib/python3.7/site-packages/airflow/example_dags/example_dag_decorator.py
[2024-05-23 09:39:23,508] {processor.py:641} INFO - Processing file /home/airflow/.local/lib/python3.7/site-packages/airflow/example_dags/example_dag_decorator.py for tasks to queue
[2024-05-23 09:39:23,509] {logging_mixin.py:115} INFO - [2024-05-23 09:39:23,509] {dagbag.py:508} INFO - Filling up the DagBag from /home/airflow/.local/lib/python3.7/site-packages/airflow/example_dags/example_dag_decorator.py
[2024-05-23 09:39:23,525] {processor.py:651} INFO - DAG(s) dict_keys(['example_dag_decorator']) retrieved from /home/airflow/.local/lib/python3.7/site-packages/airflow/example_dags/example_dag_decorator.py
[2024-05-23 09:39:23,571] {logging_mixin.py:115} INFO - [2024-05-23 09:39:23,571] {dag.py:2420} INFO - Sync 1 DAGs
[2024-05-23 09:39:23,586] {logging_mixin.py:115} INFO - [2024-05-23 09:39:23,586] {dag.py:2972} INFO - Setting next_dagrun for example_dag_decorator to None, run_after=None
[2024-05-23 09:39:23,597] {processor.py:161} INFO - Processing /home/airflow/.local/lib/python3.7/site-packages/airflow/example_dags/example_dag_decorator.py took 0.092 seconds
[2024-05-23 09:39:53,928] {processor.py:153} INFO - Started process (PID=2050) to work on /home/airflow/.local/lib/python3.7/site-packages/airflow/example_dags/example_dag_decorator.py
[2024-05-23 09:39:53,929] {processor.py:641} INFO - Processing file /home/airflow/.local/lib/python3.7/site-packages/airflow/example_dags/example_dag_decorator.py for tasks to queue
[2024-05-23 09:39:53,929] {logging_mixin.py:115} INFO - [2024-05-23 09:39:53,929] {dagbag.py:508} INFO - Filling up the DagBag from /home/airflow/.local/lib/python3.7/site-packages/airflow/example_dags/example_dag_decorator.py
[2024-05-23 09:39:53,940] {processor.py:651} INFO - DAG(s) dict_keys(['example_dag_decorator']) retrieved from /home/airflow/.local/lib/python3.7/site-packages/airflow/example_dags/example_dag_decorator.py
[2024-05-23 09:39:53,975] {logging_mixin.py:115} INFO - [2024-05-23 09:39:53,975] {dag.py:2420} INFO - Sync 1 DAGs
[2024-05-23 09:39:53,986] {logging_mixin.py:115} INFO - [2024-05-23 09:39:53,986] {dag.py:2972} INFO - Setting next_dagrun for example_dag_decorator to None, run_after=None
[2024-05-23 09:39:53,995] {processor.py:161} INFO - Processing /home/airflow/.local/lib/python3.7/site-packages/airflow/example_dags/example_dag_decorator.py took 0.069 seconds
[2024-05-23 09:40:24,366] {processor.py:153} INFO - Started process (PID=2112) to work on /home/airflow/.local/lib/python3.7/site-packages/airflow/example_dags/example_dag_decorator.py
[2024-05-23 09:40:24,368] {processor.py:641} INFO - Processing file /home/airflow/.local/lib/python3.7/site-packages/airflow/example_dags/example_dag_decorator.py for tasks to queue
[2024-05-23 09:40:24,369] {logging_mixin.py:115} INFO - [2024-05-23 09:40:24,369] {dagbag.py:508} INFO - Filling up the DagBag from /home/airflow/.local/lib/python3.7/site-packages/airflow/example_dags/example_dag_decorator.py
[2024-05-23 09:40:24,385] {processor.py:651} INFO - DAG(s) dict_keys(['example_dag_decorator']) retrieved from /home/airflow/.local/lib/python3.7/site-packages/airflow/example_dags/example_dag_decorator.py
[2024-05-23 09:40:24,420] {logging_mixin.py:115} INFO - [2024-05-23 09:40:24,420] {dag.py:2420} INFO - Sync 1 DAGs
[2024-05-23 09:40:24,431] {logging_mixin.py:115} INFO - [2024-05-23 09:40:24,430] {dag.py:2972} INFO - Setting next_dagrun for example_dag_decorator to None, run_after=None
[2024-05-23 09:40:24,438] {processor.py:161} INFO - Processing /home/airflow/.local/lib/python3.7/site-packages/airflow/example_dags/example_dag_decorator.py took 0.075 seconds
[2024-05-23 09:40:54,872] {processor.py:153} INFO - Started process (PID=2174) to work on /home/airflow/.local/lib/python3.7/site-packages/airflow/example_dags/example_dag_decorator.py
[2024-05-23 09:40:54,875] {processor.py:641} INFO - Processing file /home/airflow/.local/lib/python3.7/site-packages/airflow/example_dags/example_dag_decorator.py for tasks to queue
[2024-05-23 09:40:54,876] {logging_mixin.py:115} INFO - [2024-05-23 09:40:54,876] {dagbag.py:508} INFO - Filling up the DagBag from /home/airflow/.local/lib/python3.7/site-packages/airflow/example_dags/example_dag_decorator.py
[2024-05-23 09:40:54,893] {processor.py:651} INFO - DAG(s) dict_keys(['example_dag_decorator']) retrieved from /home/airflow/.local/lib/python3.7/site-packages/airflow/example_dags/example_dag_decorator.py
[2024-05-23 09:40:54,935] {logging_mixin.py:115} INFO - [2024-05-23 09:40:54,935] {dag.py:2420} INFO - Sync 1 DAGs
[2024-05-23 09:40:54,946] {logging_mixin.py:115} INFO - [2024-05-23 09:40:54,946] {dag.py:2972} INFO - Setting next_dagrun for example_dag_decorator to None, run_after=None
[2024-05-23 09:40:54,954] {processor.py:161} INFO - Processing /home/airflow/.local/lib/python3.7/site-packages/airflow/example_dags/example_dag_decorator.py took 0.086 seconds
[2024-05-23 09:41:25,367] {processor.py:153} INFO - Started process (PID=2236) to work on /home/airflow/.local/lib/python3.7/site-packages/airflow/example_dags/example_dag_decorator.py
[2024-05-23 09:41:25,368] {processor.py:641} INFO - Processing file /home/airflow/.local/lib/python3.7/site-packages/airflow/example_dags/example_dag_decorator.py for tasks to queue
[2024-05-23 09:41:25,369] {logging_mixin.py:115} INFO - [2024-05-23 09:41:25,369] {dagbag.py:508} INFO - Filling up the DagBag from /home/airflow/.local/lib/python3.7/site-packages/airflow/example_dags/example_dag_decorator.py
[2024-05-23 09:41:25,389] {processor.py:651} INFO - DAG(s) dict_keys(['example_dag_decorator']) retrieved from /home/airflow/.local/lib/python3.7/site-packages/airflow/example_dags/example_dag_decorator.py
[2024-05-23 09:41:25,437] {logging_mixin.py:115} INFO - [2024-05-23 09:41:25,437] {dag.py:2420} INFO - Sync 1 DAGs
[2024-05-23 09:41:25,447] {logging_mixin.py:115} INFO - [2024-05-23 09:41:25,447] {dag.py:2972} INFO - Setting next_dagrun for example_dag_decorator to None, run_after=None
[2024-05-23 09:41:25,456] {processor.py:161} INFO - Processing /home/airflow/.local/lib/python3.7/site-packages/airflow/example_dags/example_dag_decorator.py took 0.092 seconds
[2024-05-23 09:41:56,117] {processor.py:153} INFO - Started process (PID=2298) to work on /home/airflow/.local/lib/python3.7/site-packages/airflow/example_dags/example_dag_decorator.py
[2024-05-23 09:41:56,118] {processor.py:641} INFO - Processing file /home/airflow/.local/lib/python3.7/site-packages/airflow/example_dags/example_dag_decorator.py for tasks to queue
[2024-05-23 09:41:56,120] {logging_mixin.py:115} INFO - [2024-05-23 09:41:56,119] {dagbag.py:508} INFO - Filling up the DagBag from /home/airflow/.local/lib/python3.7/site-packages/airflow/example_dags/example_dag_decorator.py
[2024-05-23 09:41:56,140] {processor.py:651} INFO - DAG(s) dict_keys(['example_dag_decorator']) retrieved from /home/airflow/.local/lib/python3.7/site-packages/airflow/example_dags/example_dag_decorator.py
[2024-05-23 09:41:56,180] {logging_mixin.py:115} INFO - [2024-05-23 09:41:56,180] {dag.py:2420} INFO - Sync 1 DAGs
[2024-05-23 09:41:56,190] {logging_mixin.py:115} INFO - [2024-05-23 09:41:56,190] {dag.py:2972} INFO - Setting next_dagrun for example_dag_decorator to None, run_after=None
[2024-05-23 09:41:56,199] {processor.py:161} INFO - Processing /home/airflow/.local/lib/python3.7/site-packages/airflow/example_dags/example_dag_decorator.py took 0.087 seconds
[2024-05-23 09:42:26,538] {processor.py:153} INFO - Started process (PID=2358) to work on /home/airflow/.local/lib/python3.7/site-packages/airflow/example_dags/example_dag_decorator.py
[2024-05-23 09:42:26,539] {processor.py:641} INFO - Processing file /home/airflow/.local/lib/python3.7/site-packages/airflow/example_dags/example_dag_decorator.py for tasks to queue
[2024-05-23 09:42:26,539] {logging_mixin.py:115} INFO - [2024-05-23 09:42:26,539] {dagbag.py:508} INFO - Filling up the DagBag from /home/airflow/.local/lib/python3.7/site-packages/airflow/example_dags/example_dag_decorator.py
[2024-05-23 09:42:26,554] {processor.py:651} INFO - DAG(s) dict_keys(['example_dag_decorator']) retrieved from /home/airflow/.local/lib/python3.7/site-packages/airflow/example_dags/example_dag_decorator.py
[2024-05-23 09:42:26,576] {logging_mixin.py:115} INFO - [2024-05-23 09:42:26,576] {dag.py:2420} INFO - Sync 1 DAGs
[2024-05-23 09:42:26,593] {logging_mixin.py:115} INFO - [2024-05-23 09:42:26,593] {dag.py:2972} INFO - Setting next_dagrun for example_dag_decorator to None, run_after=None
[2024-05-23 09:42:26,603] {processor.py:161} INFO - Processing /home/airflow/.local/lib/python3.7/site-packages/airflow/example_dags/example_dag_decorator.py took 0.067 seconds
[2024-05-23 09:42:56,996] {processor.py:153} INFO - Started process (PID=2413) to work on /home/airflow/.local/lib/python3.7/site-packages/airflow/example_dags/example_dag_decorator.py
[2024-05-23 09:42:56,997] {processor.py:641} INFO - Processing file /home/airflow/.local/lib/python3.7/site-packages/airflow/example_dags/example_dag_decorator.py for tasks to queue
[2024-05-23 09:42:56,998] {logging_mixin.py:115} INFO - [2024-05-23 09:42:56,998] {dagbag.py:508} INFO - Filling up the DagBag from /home/airflow/.local/lib/python3.7/site-packages/airflow/example_dags/example_dag_decorator.py
[2024-05-23 09:42:57,019] {processor.py:651} INFO - DAG(s) dict_keys(['example_dag_decorator']) retrieved from /home/airflow/.local/lib/python3.7/site-packages/airflow/example_dags/example_dag_decorator.py
[2024-05-23 09:42:57,063] {logging_mixin.py:115} INFO - [2024-05-23 09:42:57,063] {dag.py:2420} INFO - Sync 1 DAGs
[2024-05-23 09:42:57,073] {logging_mixin.py:115} INFO - [2024-05-23 09:42:57,073] {dag.py:2972} INFO - Setting next_dagrun for example_dag_decorator to None, run_after=None
[2024-05-23 09:42:57,080] {processor.py:161} INFO - Processing /home/airflow/.local/lib/python3.7/site-packages/airflow/example_dags/example_dag_decorator.py took 0.087 seconds
[2024-05-23 09:43:27,472] {processor.py:153} INFO - Started process (PID=2476) to work on /home/airflow/.local/lib/python3.7/site-packages/airflow/example_dags/example_dag_decorator.py
[2024-05-23 09:43:27,473] {processor.py:641} INFO - Processing file /home/airflow/.local/lib/python3.7/site-packages/airflow/example_dags/example_dag_decorator.py for tasks to queue
[2024-05-23 09:43:27,475] {logging_mixin.py:115} INFO - [2024-05-23 09:43:27,475] {dagbag.py:508} INFO - Filling up the DagBag from /home/airflow/.local/lib/python3.7/site-packages/airflow/example_dags/example_dag_decorator.py
[2024-05-23 09:43:27,497] {processor.py:651} INFO - DAG(s) dict_keys(['example_dag_decorator']) retrieved from /home/airflow/.local/lib/python3.7/site-packages/airflow/example_dags/example_dag_decorator.py
[2024-05-23 09:43:27,537] {logging_mixin.py:115} INFO - [2024-05-23 09:43:27,537] {dag.py:2420} INFO - Sync 1 DAGs
[2024-05-23 09:43:27,548] {logging_mixin.py:115} INFO - [2024-05-23 09:43:27,548] {dag.py:2972} INFO - Setting next_dagrun for example_dag_decorator to None, run_after=None
[2024-05-23 09:43:27,556] {processor.py:161} INFO - Processing /home/airflow/.local/lib/python3.7/site-packages/airflow/example_dags/example_dag_decorator.py took 0.089 seconds
[2024-05-23 09:43:57,961] {processor.py:153} INFO - Started process (PID=2538) to work on /home/airflow/.local/lib/python3.7/site-packages/airflow/example_dags/example_dag_decorator.py
[2024-05-23 09:43:57,963] {processor.py:641} INFO - Processing file /home/airflow/.local/lib/python3.7/site-packages/airflow/example_dags/example_dag_decorator.py for tasks to queue
[2024-05-23 09:43:57,963] {logging_mixin.py:115} INFO - [2024-05-23 09:43:57,963] {dagbag.py:508} INFO - Filling up the DagBag from /home/airflow/.local/lib/python3.7/site-packages/airflow/example_dags/example_dag_decorator.py
[2024-05-23 09:43:57,979] {processor.py:651} INFO - DAG(s) dict_keys(['example_dag_decorator']) retrieved from /home/airflow/.local/lib/python3.7/site-packages/airflow/example_dags/example_dag_decorator.py
[2024-05-23 09:43:58,024] {logging_mixin.py:115} INFO - [2024-05-23 09:43:58,024] {dag.py:2420} INFO - Sync 1 DAGs
[2024-05-23 09:43:58,035] {logging_mixin.py:115} INFO - [2024-05-23 09:43:58,035] {dag.py:2972} INFO - Setting next_dagrun for example_dag_decorator to None, run_after=None
[2024-05-23 09:43:58,045] {processor.py:161} INFO - Processing /home/airflow/.local/lib/python3.7/site-packages/airflow/example_dags/example_dag_decorator.py took 0.085 seconds
[2024-05-23 09:44:28,400] {processor.py:153} INFO - Started process (PID=2600) to work on /home/airflow/.local/lib/python3.7/site-packages/airflow/example_dags/example_dag_decorator.py
[2024-05-23 09:44:28,401] {processor.py:641} INFO - Processing file /home/airflow/.local/lib/python3.7/site-packages/airflow/example_dags/example_dag_decorator.py for tasks to queue
[2024-05-23 09:44:28,402] {logging_mixin.py:115} INFO - [2024-05-23 09:44:28,402] {dagbag.py:508} INFO - Filling up the DagBag from /home/airflow/.local/lib/python3.7/site-packages/airflow/example_dags/example_dag_decorator.py
[2024-05-23 09:44:28,420] {processor.py:651} INFO - DAG(s) dict_keys(['example_dag_decorator']) retrieved from /home/airflow/.local/lib/python3.7/site-packages/airflow/example_dags/example_dag_decorator.py
[2024-05-23 09:44:28,460] {logging_mixin.py:115} INFO - [2024-05-23 09:44:28,460] {dag.py:2420} INFO - Sync 1 DAGs
[2024-05-23 09:44:28,471] {logging_mixin.py:115} INFO - [2024-05-23 09:44:28,471] {dag.py:2972} INFO - Setting next_dagrun for example_dag_decorator to None, run_after=None
[2024-05-23 09:44:28,481] {processor.py:161} INFO - Processing /home/airflow/.local/lib/python3.7/site-packages/airflow/example_dags/example_dag_decorator.py took 0.086 seconds
[2024-05-23 09:44:58,961] {processor.py:153} INFO - Started process (PID=2662) to work on /home/airflow/.local/lib/python3.7/site-packages/airflow/example_dags/example_dag_decorator.py
[2024-05-23 09:44:58,962] {processor.py:641} INFO - Processing file /home/airflow/.local/lib/python3.7/site-packages/airflow/example_dags/example_dag_decorator.py for tasks to queue
[2024-05-23 09:44:58,963] {logging_mixin.py:115} INFO - [2024-05-23 09:44:58,963] {dagbag.py:508} INFO - Filling up the DagBag from /home/airflow/.local/lib/python3.7/site-packages/airflow/example_dags/example_dag_decorator.py
[2024-05-23 09:44:58,975] {processor.py:651} INFO - DAG(s) dict_keys(['example_dag_decorator']) retrieved from /home/airflow/.local/lib/python3.7/site-packages/airflow/example_dags/example_dag_decorator.py
[2024-05-23 09:44:59,015] {logging_mixin.py:115} INFO - [2024-05-23 09:44:59,015] {dag.py:2420} INFO - Sync 1 DAGs
[2024-05-23 09:44:59,026] {logging_mixin.py:115} INFO - [2024-05-23 09:44:59,026] {dag.py:2972} INFO - Setting next_dagrun for example_dag_decorator to None, run_after=None
[2024-05-23 09:44:59,034] {processor.py:161} INFO - Processing /home/airflow/.local/lib/python3.7/site-packages/airflow/example_dags/example_dag_decorator.py took 0.075 seconds
[2024-05-23 09:45:29,483] {processor.py:153} INFO - Started process (PID=2715) to work on /home/airflow/.local/lib/python3.7/site-packages/airflow/example_dags/example_dag_decorator.py
[2024-05-23 09:45:29,485] {processor.py:641} INFO - Processing file /home/airflow/.local/lib/python3.7/site-packages/airflow/example_dags/example_dag_decorator.py for tasks to queue
[2024-05-23 09:45:29,486] {logging_mixin.py:115} INFO - [2024-05-23 09:45:29,486] {dagbag.py:508} INFO - Filling up the DagBag from /home/airflow/.local/lib/python3.7/site-packages/airflow/example_dags/example_dag_decorator.py
[2024-05-23 09:45:29,508] {processor.py:651} INFO - DAG(s) dict_keys(['example_dag_decorator']) retrieved from /home/airflow/.local/lib/python3.7/site-packages/airflow/example_dags/example_dag_decorator.py
[2024-05-23 09:45:29,528] {logging_mixin.py:115} INFO - [2024-05-23 09:45:29,528] {dag.py:2420} INFO - Sync 1 DAGs
[2024-05-23 09:45:29,541] {logging_mixin.py:115} INFO - [2024-05-23 09:45:29,541] {dag.py:2972} INFO - Setting next_dagrun for example_dag_decorator to None, run_after=None
[2024-05-23 09:45:29,549] {processor.py:161} INFO - Processing /home/airflow/.local/lib/python3.7/site-packages/airflow/example_dags/example_dag_decorator.py took 0.070 seconds
[2024-05-23 09:45:59,968] {processor.py:153} INFO - Started process (PID=2777) to work on /home/airflow/.local/lib/python3.7/site-packages/airflow/example_dags/example_dag_decorator.py
[2024-05-23 09:45:59,969] {processor.py:641} INFO - Processing file /home/airflow/.local/lib/python3.7/site-packages/airflow/example_dags/example_dag_decorator.py for tasks to queue
[2024-05-23 09:45:59,971] {logging_mixin.py:115} INFO - [2024-05-23 09:45:59,971] {dagbag.py:508} INFO - Filling up the DagBag from /home/airflow/.local/lib/python3.7/site-packages/airflow/example_dags/example_dag_decorator.py
[2024-05-23 09:45:59,995] {processor.py:651} INFO - DAG(s) dict_keys(['example_dag_decorator']) retrieved from /home/airflow/.local/lib/python3.7/site-packages/airflow/example_dags/example_dag_decorator.py
[2024-05-23 09:46:00,018] {logging_mixin.py:115} INFO - [2024-05-23 09:46:00,018] {dag.py:2420} INFO - Sync 1 DAGs
[2024-05-23 09:46:00,031] {logging_mixin.py:115} INFO - [2024-05-23 09:46:00,031] {dag.py:2972} INFO - Setting next_dagrun for example_dag_decorator to None, run_after=None
[2024-05-23 09:46:00,038] {processor.py:161} INFO - Processing /home/airflow/.local/lib/python3.7/site-packages/airflow/example_dags/example_dag_decorator.py took 0.075 seconds
[2024-05-23 09:46:30,355] {processor.py:153} INFO - Started process (PID=2839) to work on /home/airflow/.local/lib/python3.7/site-packages/airflow/example_dags/example_dag_decorator.py
[2024-05-23 09:46:30,357] {processor.py:641} INFO - Processing file /home/airflow/.local/lib/python3.7/site-packages/airflow/example_dags/example_dag_decorator.py for tasks to queue
[2024-05-23 09:46:30,358] {logging_mixin.py:115} INFO - [2024-05-23 09:46:30,358] {dagbag.py:508} INFO - Filling up the DagBag from /home/airflow/.local/lib/python3.7/site-packages/airflow/example_dags/example_dag_decorator.py
[2024-05-23 09:46:30,378] {processor.py:651} INFO - DAG(s) dict_keys(['example_dag_decorator']) retrieved from /home/airflow/.local/lib/python3.7/site-packages/airflow/example_dags/example_dag_decorator.py
[2024-05-23 09:46:30,417] {logging_mixin.py:115} INFO - [2024-05-23 09:46:30,417] {dag.py:2420} INFO - Sync 1 DAGs
[2024-05-23 09:46:30,428] {logging_mixin.py:115} INFO - [2024-05-23 09:46:30,428] {dag.py:2972} INFO - Setting next_dagrun for example_dag_decorator to None, run_after=None
[2024-05-23 09:46:30,435] {processor.py:161} INFO - Processing /home/airflow/.local/lib/python3.7/site-packages/airflow/example_dags/example_dag_decorator.py took 0.084 seconds
[2024-05-23 09:47:00,807] {processor.py:153} INFO - Started process (PID=2901) to work on /home/airflow/.local/lib/python3.7/site-packages/airflow/example_dags/example_dag_decorator.py
[2024-05-23 09:47:00,808] {processor.py:641} INFO - Processing file /home/airflow/.local/lib/python3.7/site-packages/airflow/example_dags/example_dag_decorator.py for tasks to queue
[2024-05-23 09:47:00,810] {logging_mixin.py:115} INFO - [2024-05-23 09:47:00,809] {dagbag.py:508} INFO - Filling up the DagBag from /home/airflow/.local/lib/python3.7/site-packages/airflow/example_dags/example_dag_decorator.py
[2024-05-23 09:47:00,836] {processor.py:651} INFO - DAG(s) dict_keys(['example_dag_decorator']) retrieved from /home/airflow/.local/lib/python3.7/site-packages/airflow/example_dags/example_dag_decorator.py
[2024-05-23 09:47:01,055] {logging_mixin.py:115} INFO - [2024-05-23 09:47:01,055] {dag.py:2420} INFO - Sync 1 DAGs
[2024-05-23 09:47:01,070] {logging_mixin.py:115} INFO - [2024-05-23 09:47:01,070] {dag.py:2972} INFO - Setting next_dagrun for example_dag_decorator to None, run_after=None
[2024-05-23 09:47:01,081] {processor.py:161} INFO - Processing /home/airflow/.local/lib/python3.7/site-packages/airflow/example_dags/example_dag_decorator.py took 0.277 seconds
[2024-05-23 09:47:31,469] {processor.py:153} INFO - Started process (PID=2963) to work on /home/airflow/.local/lib/python3.7/site-packages/airflow/example_dags/example_dag_decorator.py
[2024-05-23 09:47:31,471] {processor.py:641} INFO - Processing file /home/airflow/.local/lib/python3.7/site-packages/airflow/example_dags/example_dag_decorator.py for tasks to queue
[2024-05-23 09:47:31,472] {logging_mixin.py:115} INFO - [2024-05-23 09:47:31,472] {dagbag.py:508} INFO - Filling up the DagBag from /home/airflow/.local/lib/python3.7/site-packages/airflow/example_dags/example_dag_decorator.py
[2024-05-23 09:47:31,485] {processor.py:651} INFO - DAG(s) dict_keys(['example_dag_decorator']) retrieved from /home/airflow/.local/lib/python3.7/site-packages/airflow/example_dags/example_dag_decorator.py
[2024-05-23 09:47:31,524] {logging_mixin.py:115} INFO - [2024-05-23 09:47:31,524] {dag.py:2420} INFO - Sync 1 DAGs
[2024-05-23 09:47:31,536] {logging_mixin.py:115} INFO - [2024-05-23 09:47:31,536] {dag.py:2972} INFO - Setting next_dagrun for example_dag_decorator to None, run_after=None
[2024-05-23 09:47:31,545] {processor.py:161} INFO - Processing /home/airflow/.local/lib/python3.7/site-packages/airflow/example_dags/example_dag_decorator.py took 0.077 seconds
[2024-05-23 09:48:01,882] {processor.py:153} INFO - Started process (PID=3025) to work on /home/airflow/.local/lib/python3.7/site-packages/airflow/example_dags/example_dag_decorator.py
[2024-05-23 09:48:01,883] {processor.py:641} INFO - Processing file /home/airflow/.local/lib/python3.7/site-packages/airflow/example_dags/example_dag_decorator.py for tasks to queue
[2024-05-23 09:48:01,884] {logging_mixin.py:115} INFO - [2024-05-23 09:48:01,883] {dagbag.py:508} INFO - Filling up the DagBag from /home/airflow/.local/lib/python3.7/site-packages/airflow/example_dags/example_dag_decorator.py
[2024-05-23 09:48:01,897] {processor.py:651} INFO - DAG(s) dict_keys(['example_dag_decorator']) retrieved from /home/airflow/.local/lib/python3.7/site-packages/airflow/example_dags/example_dag_decorator.py
[2024-05-23 09:48:01,936] {logging_mixin.py:115} INFO - [2024-05-23 09:48:01,936] {dag.py:2420} INFO - Sync 1 DAGs
[2024-05-23 09:48:01,948] {logging_mixin.py:115} INFO - [2024-05-23 09:48:01,948] {dag.py:2972} INFO - Setting next_dagrun for example_dag_decorator to None, run_after=None
[2024-05-23 09:48:01,957] {processor.py:161} INFO - Processing /home/airflow/.local/lib/python3.7/site-packages/airflow/example_dags/example_dag_decorator.py took 0.077 seconds
[2024-05-23 09:48:32,355] {processor.py:153} INFO - Started process (PID=3078) to work on /home/airflow/.local/lib/python3.7/site-packages/airflow/example_dags/example_dag_decorator.py
[2024-05-23 09:48:32,356] {processor.py:641} INFO - Processing file /home/airflow/.local/lib/python3.7/site-packages/airflow/example_dags/example_dag_decorator.py for tasks to queue
[2024-05-23 09:48:32,357] {logging_mixin.py:115} INFO - [2024-05-23 09:48:32,357] {dagbag.py:508} INFO - Filling up the DagBag from /home/airflow/.local/lib/python3.7/site-packages/airflow/example_dags/example_dag_decorator.py
[2024-05-23 09:48:32,379] {processor.py:651} INFO - DAG(s) dict_keys(['example_dag_decorator']) retrieved from /home/airflow/.local/lib/python3.7/site-packages/airflow/example_dags/example_dag_decorator.py
[2024-05-23 09:48:32,423] {logging_mixin.py:115} INFO - [2024-05-23 09:48:32,423] {dag.py:2420} INFO - Sync 1 DAGs
[2024-05-23 09:48:32,433] {logging_mixin.py:115} INFO - [2024-05-23 09:48:32,433] {dag.py:2972} INFO - Setting next_dagrun for example_dag_decorator to None, run_after=None
[2024-05-23 09:48:32,441] {processor.py:161} INFO - Processing /home/airflow/.local/lib/python3.7/site-packages/airflow/example_dags/example_dag_decorator.py took 0.092 seconds
[2024-05-23 09:49:02,937] {processor.py:153} INFO - Started process (PID=3140) to work on /home/airflow/.local/lib/python3.7/site-packages/airflow/example_dags/example_dag_decorator.py
[2024-05-23 09:49:02,938] {processor.py:641} INFO - Processing file /home/airflow/.local/lib/python3.7/site-packages/airflow/example_dags/example_dag_decorator.py for tasks to queue
[2024-05-23 09:49:02,939] {logging_mixin.py:115} INFO - [2024-05-23 09:49:02,939] {dagbag.py:508} INFO - Filling up the DagBag from /home/airflow/.local/lib/python3.7/site-packages/airflow/example_dags/example_dag_decorator.py
[2024-05-23 09:49:02,956] {processor.py:651} INFO - DAG(s) dict_keys(['example_dag_decorator']) retrieved from /home/airflow/.local/lib/python3.7/site-packages/airflow/example_dags/example_dag_decorator.py
[2024-05-23 09:49:02,979] {logging_mixin.py:115} INFO - [2024-05-23 09:49:02,979] {dag.py:2420} INFO - Sync 1 DAGs
[2024-05-23 09:49:02,993] {logging_mixin.py:115} INFO - [2024-05-23 09:49:02,993] {dag.py:2972} INFO - Setting next_dagrun for example_dag_decorator to None, run_after=None
[2024-05-23 09:49:03,000] {processor.py:161} INFO - Processing /home/airflow/.local/lib/python3.7/site-packages/airflow/example_dags/example_dag_decorator.py took 0.065 seconds
[2024-05-23 09:49:33,442] {processor.py:153} INFO - Started process (PID=3202) to work on /home/airflow/.local/lib/python3.7/site-packages/airflow/example_dags/example_dag_decorator.py
[2024-05-23 09:49:33,443] {processor.py:641} INFO - Processing file /home/airflow/.local/lib/python3.7/site-packages/airflow/example_dags/example_dag_decorator.py for tasks to queue
[2024-05-23 09:49:33,444] {logging_mixin.py:115} INFO - [2024-05-23 09:49:33,444] {dagbag.py:508} INFO - Filling up the DagBag from /home/airflow/.local/lib/python3.7/site-packages/airflow/example_dags/example_dag_decorator.py
[2024-05-23 09:49:33,466] {processor.py:651} INFO - DAG(s) dict_keys(['example_dag_decorator']) retrieved from /home/airflow/.local/lib/python3.7/site-packages/airflow/example_dags/example_dag_decorator.py
[2024-05-23 09:49:33,509] {logging_mixin.py:115} INFO - [2024-05-23 09:49:33,509] {dag.py:2420} INFO - Sync 1 DAGs
[2024-05-23 09:49:33,520] {logging_mixin.py:115} INFO - [2024-05-23 09:49:33,520] {dag.py:2972} INFO - Setting next_dagrun for example_dag_decorator to None, run_after=None
[2024-05-23 09:49:33,528] {processor.py:161} INFO - Processing /home/airflow/.local/lib/python3.7/site-packages/airflow/example_dags/example_dag_decorator.py took 0.089 seconds
[2024-05-23 09:50:03,880] {processor.py:153} INFO - Started process (PID=3264) to work on /home/airflow/.local/lib/python3.7/site-packages/airflow/example_dags/example_dag_decorator.py
[2024-05-23 09:50:03,881] {processor.py:641} INFO - Processing file /home/airflow/.local/lib/python3.7/site-packages/airflow/example_dags/example_dag_decorator.py for tasks to queue
[2024-05-23 09:50:03,882] {logging_mixin.py:115} INFO - [2024-05-23 09:50:03,882] {dagbag.py:508} INFO - Filling up the DagBag from /home/airflow/.local/lib/python3.7/site-packages/airflow/example_dags/example_dag_decorator.py
[2024-05-23 09:50:03,896] {processor.py:651} INFO - DAG(s) dict_keys(['example_dag_decorator']) retrieved from /home/airflow/.local/lib/python3.7/site-packages/airflow/example_dags/example_dag_decorator.py
[2024-05-23 09:50:03,935] {logging_mixin.py:115} INFO - [2024-05-23 09:50:03,935] {dag.py:2420} INFO - Sync 1 DAGs
[2024-05-23 09:50:03,948] {logging_mixin.py:115} INFO - [2024-05-23 09:50:03,948] {dag.py:2972} INFO - Setting next_dagrun for example_dag_decorator to None, run_after=None
[2024-05-23 09:50:03,957] {processor.py:161} INFO - Processing /home/airflow/.local/lib/python3.7/site-packages/airflow/example_dags/example_dag_decorator.py took 0.079 seconds
[2024-05-23 09:50:34,369] {processor.py:153} INFO - Started process (PID=3326) to work on /home/airflow/.local/lib/python3.7/site-packages/airflow/example_dags/example_dag_decorator.py
[2024-05-23 09:50:34,371] {processor.py:641} INFO - Processing file /home/airflow/.local/lib/python3.7/site-packages/airflow/example_dags/example_dag_decorator.py for tasks to queue
[2024-05-23 09:50:34,372] {logging_mixin.py:115} INFO - [2024-05-23 09:50:34,372] {dagbag.py:508} INFO - Filling up the DagBag from /home/airflow/.local/lib/python3.7/site-packages/airflow/example_dags/example_dag_decorator.py
[2024-05-23 09:50:34,391] {processor.py:651} INFO - DAG(s) dict_keys(['example_dag_decorator']) retrieved from /home/airflow/.local/lib/python3.7/site-packages/airflow/example_dags/example_dag_decorator.py
[2024-05-23 09:50:34,433] {logging_mixin.py:115} INFO - [2024-05-23 09:50:34,433] {dag.py:2420} INFO - Sync 1 DAGs
[2024-05-23 09:50:34,443] {logging_mixin.py:115} INFO - [2024-05-23 09:50:34,443] {dag.py:2972} INFO - Setting next_dagrun for example_dag_decorator to None, run_after=None
[2024-05-23 09:50:34,451] {processor.py:161} INFO - Processing /home/airflow/.local/lib/python3.7/site-packages/airflow/example_dags/example_dag_decorator.py took 0.088 seconds
[2024-05-23 09:51:04,922] {processor.py:153} INFO - Started process (PID=3388) to work on /home/airflow/.local/lib/python3.7/site-packages/airflow/example_dags/example_dag_decorator.py
[2024-05-23 09:51:04,923] {processor.py:641} INFO - Processing file /home/airflow/.local/lib/python3.7/site-packages/airflow/example_dags/example_dag_decorator.py for tasks to queue
[2024-05-23 09:51:04,924] {logging_mixin.py:115} INFO - [2024-05-23 09:51:04,924] {dagbag.py:508} INFO - Filling up the DagBag from /home/airflow/.local/lib/python3.7/site-packages/airflow/example_dags/example_dag_decorator.py
[2024-05-23 09:51:04,940] {processor.py:651} INFO - DAG(s) dict_keys(['example_dag_decorator']) retrieved from /home/airflow/.local/lib/python3.7/site-packages/airflow/example_dags/example_dag_decorator.py
[2024-05-23 09:51:04,961] {logging_mixin.py:115} INFO - [2024-05-23 09:51:04,961] {dag.py:2420} INFO - Sync 1 DAGs
[2024-05-23 09:51:04,977] {logging_mixin.py:115} INFO - [2024-05-23 09:51:04,976] {dag.py:2972} INFO - Setting next_dagrun for example_dag_decorator to None, run_after=None
[2024-05-23 09:51:04,986] {processor.py:161} INFO - Processing /home/airflow/.local/lib/python3.7/site-packages/airflow/example_dags/example_dag_decorator.py took 0.068 seconds
[2024-05-23 09:51:35,317] {processor.py:153} INFO - Started process (PID=3441) to work on /home/airflow/.local/lib/python3.7/site-packages/airflow/example_dags/example_dag_decorator.py
[2024-05-23 09:51:35,318] {processor.py:641} INFO - Processing file /home/airflow/.local/lib/python3.7/site-packages/airflow/example_dags/example_dag_decorator.py for tasks to queue
[2024-05-23 09:51:35,320] {logging_mixin.py:115} INFO - [2024-05-23 09:51:35,320] {dagbag.py:508} INFO - Filling up the DagBag from /home/airflow/.local/lib/python3.7/site-packages/airflow/example_dags/example_dag_decorator.py
[2024-05-23 09:51:35,340] {processor.py:651} INFO - DAG(s) dict_keys(['example_dag_decorator']) retrieved from /home/airflow/.local/lib/python3.7/site-packages/airflow/example_dags/example_dag_decorator.py
[2024-05-23 09:51:35,379] {logging_mixin.py:115} INFO - [2024-05-23 09:51:35,379] {dag.py:2420} INFO - Sync 1 DAGs
[2024-05-23 09:51:35,389] {logging_mixin.py:115} INFO - [2024-05-23 09:51:35,389] {dag.py:2972} INFO - Setting next_dagrun for example_dag_decorator to None, run_after=None
[2024-05-23 09:51:35,397] {processor.py:161} INFO - Processing /home/airflow/.local/lib/python3.7/site-packages/airflow/example_dags/example_dag_decorator.py took 0.085 seconds
[2024-05-23 09:52:05,838] {processor.py:153} INFO - Started process (PID=3503) to work on /home/airflow/.local/lib/python3.7/site-packages/airflow/example_dags/example_dag_decorator.py
[2024-05-23 09:52:05,840] {processor.py:641} INFO - Processing file /home/airflow/.local/lib/python3.7/site-packages/airflow/example_dags/example_dag_decorator.py for tasks to queue
[2024-05-23 09:52:05,841] {logging_mixin.py:115} INFO - [2024-05-23 09:52:05,840] {dagbag.py:508} INFO - Filling up the DagBag from /home/airflow/.local/lib/python3.7/site-packages/airflow/example_dags/example_dag_decorator.py
[2024-05-23 09:52:05,864] {processor.py:651} INFO - DAG(s) dict_keys(['example_dag_decorator']) retrieved from /home/airflow/.local/lib/python3.7/site-packages/airflow/example_dags/example_dag_decorator.py
[2024-05-23 09:52:05,907] {logging_mixin.py:115} INFO - [2024-05-23 09:52:05,906] {dag.py:2420} INFO - Sync 1 DAGs
[2024-05-23 09:52:05,917] {logging_mixin.py:115} INFO - [2024-05-23 09:52:05,917] {dag.py:2972} INFO - Setting next_dagrun for example_dag_decorator to None, run_after=None
[2024-05-23 09:52:05,925] {processor.py:161} INFO - Processing /home/airflow/.local/lib/python3.7/site-packages/airflow/example_dags/example_dag_decorator.py took 0.090 seconds
[2024-05-23 09:52:36,260] {processor.py:153} INFO - Started process (PID=3565) to work on /home/airflow/.local/lib/python3.7/site-packages/airflow/example_dags/example_dag_decorator.py
[2024-05-23 09:52:36,260] {processor.py:641} INFO - Processing file /home/airflow/.local/lib/python3.7/site-packages/airflow/example_dags/example_dag_decorator.py for tasks to queue
[2024-05-23 09:52:36,261] {logging_mixin.py:115} INFO - [2024-05-23 09:52:36,261] {dagbag.py:508} INFO - Filling up the DagBag from /home/airflow/.local/lib/python3.7/site-packages/airflow/example_dags/example_dag_decorator.py
[2024-05-23 09:52:36,274] {processor.py:651} INFO - DAG(s) dict_keys(['example_dag_decorator']) retrieved from /home/airflow/.local/lib/python3.7/site-packages/airflow/example_dags/example_dag_decorator.py
[2024-05-23 09:52:36,309] {logging_mixin.py:115} INFO - [2024-05-23 09:52:36,309] {dag.py:2420} INFO - Sync 1 DAGs
[2024-05-23 09:52:36,319] {logging_mixin.py:115} INFO - [2024-05-23 09:52:36,319] {dag.py:2972} INFO - Setting next_dagrun for example_dag_decorator to None, run_after=None
[2024-05-23 09:52:36,327] {processor.py:161} INFO - Processing /home/airflow/.local/lib/python3.7/site-packages/airflow/example_dags/example_dag_decorator.py took 0.069 seconds
[2024-05-23 09:53:06,752] {processor.py:153} INFO - Started process (PID=3627) to work on /home/airflow/.local/lib/python3.7/site-packages/airflow/example_dags/example_dag_decorator.py
[2024-05-23 09:53:06,753] {processor.py:641} INFO - Processing file /home/airflow/.local/lib/python3.7/site-packages/airflow/example_dags/example_dag_decorator.py for tasks to queue
[2024-05-23 09:53:06,754] {logging_mixin.py:115} INFO - [2024-05-23 09:53:06,754] {dagbag.py:508} INFO - Filling up the DagBag from /home/airflow/.local/lib/python3.7/site-packages/airflow/example_dags/example_dag_decorator.py
[2024-05-23 09:53:06,773] {processor.py:651} INFO - DAG(s) dict_keys(['example_dag_decorator']) retrieved from /home/airflow/.local/lib/python3.7/site-packages/airflow/example_dags/example_dag_decorator.py
[2024-05-23 09:53:06,814] {logging_mixin.py:115} INFO - [2024-05-23 09:53:06,814] {dag.py:2420} INFO - Sync 1 DAGs
[2024-05-23 09:53:06,824] {logging_mixin.py:115} INFO - [2024-05-23 09:53:06,824] {dag.py:2972} INFO - Setting next_dagrun for example_dag_decorator to None, run_after=None
[2024-05-23 09:53:06,832] {processor.py:161} INFO - Processing /home/airflow/.local/lib/python3.7/site-packages/airflow/example_dags/example_dag_decorator.py took 0.084 seconds
[2024-05-23 09:53:37,320] {processor.py:153} INFO - Started process (PID=3689) to work on /home/airflow/.local/lib/python3.7/site-packages/airflow/example_dags/example_dag_decorator.py
[2024-05-23 09:53:37,322] {processor.py:641} INFO - Processing file /home/airflow/.local/lib/python3.7/site-packages/airflow/example_dags/example_dag_decorator.py for tasks to queue
[2024-05-23 09:53:37,323] {logging_mixin.py:115} INFO - [2024-05-23 09:53:37,323] {dagbag.py:508} INFO - Filling up the DagBag from /home/airflow/.local/lib/python3.7/site-packages/airflow/example_dags/example_dag_decorator.py
[2024-05-23 09:53:37,345] {processor.py:651} INFO - DAG(s) dict_keys(['example_dag_decorator']) retrieved from /home/airflow/.local/lib/python3.7/site-packages/airflow/example_dags/example_dag_decorator.py
[2024-05-23 09:53:37,384] {logging_mixin.py:115} INFO - [2024-05-23 09:53:37,384] {dag.py:2420} INFO - Sync 1 DAGs
[2024-05-23 09:53:37,394] {logging_mixin.py:115} INFO - [2024-05-23 09:53:37,394] {dag.py:2972} INFO - Setting next_dagrun for example_dag_decorator to None, run_after=None
[2024-05-23 09:53:37,401] {processor.py:161} INFO - Processing /home/airflow/.local/lib/python3.7/site-packages/airflow/example_dags/example_dag_decorator.py took 0.087 seconds
[2024-05-23 09:54:07,852] {processor.py:153} INFO - Started process (PID=3749) to work on /home/airflow/.local/lib/python3.7/site-packages/airflow/example_dags/example_dag_decorator.py
[2024-05-23 09:54:07,853] {processor.py:641} INFO - Processing file /home/airflow/.local/lib/python3.7/site-packages/airflow/example_dags/example_dag_decorator.py for tasks to queue
[2024-05-23 09:54:07,854] {logging_mixin.py:115} INFO - [2024-05-23 09:54:07,854] {dagbag.py:508} INFO - Filling up the DagBag from /home/airflow/.local/lib/python3.7/site-packages/airflow/example_dags/example_dag_decorator.py
[2024-05-23 09:54:07,867] {processor.py:651} INFO - DAG(s) dict_keys(['example_dag_decorator']) retrieved from /home/airflow/.local/lib/python3.7/site-packages/airflow/example_dags/example_dag_decorator.py
[2024-05-23 09:54:07,907] {logging_mixin.py:115} INFO - [2024-05-23 09:54:07,906] {dag.py:2420} INFO - Sync 1 DAGs
[2024-05-23 09:54:07,919] {logging_mixin.py:115} INFO - [2024-05-23 09:54:07,919] {dag.py:2972} INFO - Setting next_dagrun for example_dag_decorator to None, run_after=None
[2024-05-23 09:54:07,930] {processor.py:161} INFO - Processing /home/airflow/.local/lib/python3.7/site-packages/airflow/example_dags/example_dag_decorator.py took 0.081 seconds
[2024-05-23 09:54:38,385] {processor.py:153} INFO - Started process (PID=3804) to work on /home/airflow/.local/lib/python3.7/site-packages/airflow/example_dags/example_dag_decorator.py
[2024-05-23 09:54:38,386] {processor.py:641} INFO - Processing file /home/airflow/.local/lib/python3.7/site-packages/airflow/example_dags/example_dag_decorator.py for tasks to queue
[2024-05-23 09:54:38,388] {logging_mixin.py:115} INFO - [2024-05-23 09:54:38,387] {dagbag.py:508} INFO - Filling up the DagBag from /home/airflow/.local/lib/python3.7/site-packages/airflow/example_dags/example_dag_decorator.py
[2024-05-23 09:54:38,411] {processor.py:651} INFO - DAG(s) dict_keys(['example_dag_decorator']) retrieved from /home/airflow/.local/lib/python3.7/site-packages/airflow/example_dags/example_dag_decorator.py
[2024-05-23 09:54:38,434] {logging_mixin.py:115} INFO - [2024-05-23 09:54:38,434] {dag.py:2420} INFO - Sync 1 DAGs
[2024-05-23 09:54:38,448] {logging_mixin.py:115} INFO - [2024-05-23 09:54:38,448] {dag.py:2972} INFO - Setting next_dagrun for example_dag_decorator to None, run_after=None
[2024-05-23 09:54:38,456] {processor.py:161} INFO - Processing /home/airflow/.local/lib/python3.7/site-packages/airflow/example_dags/example_dag_decorator.py took 0.077 seconds
[2024-05-23 09:55:08,793] {processor.py:153} INFO - Started process (PID=3866) to work on /home/airflow/.local/lib/python3.7/site-packages/airflow/example_dags/example_dag_decorator.py
[2024-05-23 09:55:08,794] {processor.py:641} INFO - Processing file /home/airflow/.local/lib/python3.7/site-packages/airflow/example_dags/example_dag_decorator.py for tasks to queue
[2024-05-23 09:55:08,796] {logging_mixin.py:115} INFO - [2024-05-23 09:55:08,795] {dagbag.py:508} INFO - Filling up the DagBag from /home/airflow/.local/lib/python3.7/site-packages/airflow/example_dags/example_dag_decorator.py
[2024-05-23 09:55:08,821] {processor.py:651} INFO - DAG(s) dict_keys(['example_dag_decorator']) retrieved from /home/airflow/.local/lib/python3.7/site-packages/airflow/example_dags/example_dag_decorator.py
[2024-05-23 09:55:08,843] {logging_mixin.py:115} INFO - [2024-05-23 09:55:08,843] {dag.py:2420} INFO - Sync 1 DAGs
[2024-05-23 09:55:08,856] {logging_mixin.py:115} INFO - [2024-05-23 09:55:08,856] {dag.py:2972} INFO - Setting next_dagrun for example_dag_decorator to None, run_after=None
[2024-05-23 09:55:08,863] {processor.py:161} INFO - Processing /home/airflow/.local/lib/python3.7/site-packages/airflow/example_dags/example_dag_decorator.py took 0.075 seconds
[2024-05-23 09:55:39,265] {processor.py:153} INFO - Started process (PID=3928) to work on /home/airflow/.local/lib/python3.7/site-packages/airflow/example_dags/example_dag_decorator.py
[2024-05-23 09:55:39,267] {processor.py:641} INFO - Processing file /home/airflow/.local/lib/python3.7/site-packages/airflow/example_dags/example_dag_decorator.py for tasks to queue
[2024-05-23 09:55:39,269] {logging_mixin.py:115} INFO - [2024-05-23 09:55:39,269] {dagbag.py:508} INFO - Filling up the DagBag from /home/airflow/.local/lib/python3.7/site-packages/airflow/example_dags/example_dag_decorator.py
[2024-05-23 09:55:39,295] {processor.py:651} INFO - DAG(s) dict_keys(['example_dag_decorator']) retrieved from /home/airflow/.local/lib/python3.7/site-packages/airflow/example_dags/example_dag_decorator.py
[2024-05-23 09:55:39,335] {logging_mixin.py:115} INFO - [2024-05-23 09:55:39,335] {dag.py:2420} INFO - Sync 1 DAGs
[2024-05-23 09:55:39,344] {logging_mixin.py:115} INFO - [2024-05-23 09:55:39,344] {dag.py:2972} INFO - Setting next_dagrun for example_dag_decorator to None, run_after=None
[2024-05-23 09:55:39,352] {processor.py:161} INFO - Processing /home/airflow/.local/lib/python3.7/site-packages/airflow/example_dags/example_dag_decorator.py took 0.091 seconds
[2024-05-23 09:56:09,686] {processor.py:153} INFO - Started process (PID=3990) to work on /home/airflow/.local/lib/python3.7/site-packages/airflow/example_dags/example_dag_decorator.py
[2024-05-23 09:56:09,687] {processor.py:641} INFO - Processing file /home/airflow/.local/lib/python3.7/site-packages/airflow/example_dags/example_dag_decorator.py for tasks to queue
[2024-05-23 09:56:09,689] {logging_mixin.py:115} INFO - [2024-05-23 09:56:09,688] {dagbag.py:508} INFO - Filling up the DagBag from /home/airflow/.local/lib/python3.7/site-packages/airflow/example_dags/example_dag_decorator.py
[2024-05-23 09:56:09,709] {processor.py:651} INFO - DAG(s) dict_keys(['example_dag_decorator']) retrieved from /home/airflow/.local/lib/python3.7/site-packages/airflow/example_dags/example_dag_decorator.py
[2024-05-23 09:56:09,729] {logging_mixin.py:115} INFO - [2024-05-23 09:56:09,728] {dag.py:2420} INFO - Sync 1 DAGs
[2024-05-23 09:56:09,741] {logging_mixin.py:115} INFO - [2024-05-23 09:56:09,741] {dag.py:2972} INFO - Setting next_dagrun for example_dag_decorator to None, run_after=None
[2024-05-23 09:56:09,748] {processor.py:161} INFO - Processing /home/airflow/.local/lib/python3.7/site-packages/airflow/example_dags/example_dag_decorator.py took 0.067 seconds
[2024-05-23 09:56:40,192] {processor.py:153} INFO - Started process (PID=4052) to work on /home/airflow/.local/lib/python3.7/site-packages/airflow/example_dags/example_dag_decorator.py
[2024-05-23 09:56:40,193] {processor.py:641} INFO - Processing file /home/airflow/.local/lib/python3.7/site-packages/airflow/example_dags/example_dag_decorator.py for tasks to queue
[2024-05-23 09:56:40,194] {logging_mixin.py:115} INFO - [2024-05-23 09:56:40,194] {dagbag.py:508} INFO - Filling up the DagBag from /home/airflow/.local/lib/python3.7/site-packages/airflow/example_dags/example_dag_decorator.py
[2024-05-23 09:56:40,208] {processor.py:651} INFO - DAG(s) dict_keys(['example_dag_decorator']) retrieved from /home/airflow/.local/lib/python3.7/site-packages/airflow/example_dags/example_dag_decorator.py
[2024-05-23 09:56:40,225] {logging_mixin.py:115} INFO - [2024-05-23 09:56:40,225] {dag.py:2420} INFO - Sync 1 DAGs
[2024-05-23 09:56:40,238] {logging_mixin.py:115} INFO - [2024-05-23 09:56:40,237] {dag.py:2972} INFO - Setting next_dagrun for example_dag_decorator to None, run_after=None
[2024-05-23 09:56:40,244] {processor.py:161} INFO - Processing /home/airflow/.local/lib/python3.7/site-packages/airflow/example_dags/example_dag_decorator.py took 0.055 seconds
[2024-05-23 09:57:10,588] {processor.py:153} INFO - Started process (PID=4105) to work on /home/airflow/.local/lib/python3.7/site-packages/airflow/example_dags/example_dag_decorator.py
[2024-05-23 09:57:10,589] {processor.py:641} INFO - Processing file /home/airflow/.local/lib/python3.7/site-packages/airflow/example_dags/example_dag_decorator.py for tasks to queue
[2024-05-23 09:57:10,589] {logging_mixin.py:115} INFO - [2024-05-23 09:57:10,589] {dagbag.py:508} INFO - Filling up the DagBag from /home/airflow/.local/lib/python3.7/site-packages/airflow/example_dags/example_dag_decorator.py
[2024-05-23 09:57:10,605] {processor.py:651} INFO - DAG(s) dict_keys(['example_dag_decorator']) retrieved from /home/airflow/.local/lib/python3.7/site-packages/airflow/example_dags/example_dag_decorator.py
[2024-05-23 09:57:10,646] {logging_mixin.py:115} INFO - [2024-05-23 09:57:10,646] {dag.py:2420} INFO - Sync 1 DAGs
[2024-05-23 09:57:10,657] {logging_mixin.py:115} INFO - [2024-05-23 09:57:10,657] {dag.py:2972} INFO - Setting next_dagrun for example_dag_decorator to None, run_after=None
[2024-05-23 09:57:10,665] {processor.py:161} INFO - Processing /home/airflow/.local/lib/python3.7/site-packages/airflow/example_dags/example_dag_decorator.py took 0.081 seconds
[2024-05-23 09:57:41,096] {processor.py:153} INFO - Started process (PID=4167) to work on /home/airflow/.local/lib/python3.7/site-packages/airflow/example_dags/example_dag_decorator.py
[2024-05-23 09:57:41,097] {processor.py:641} INFO - Processing file /home/airflow/.local/lib/python3.7/site-packages/airflow/example_dags/example_dag_decorator.py for tasks to queue
[2024-05-23 09:57:41,098] {logging_mixin.py:115} INFO - [2024-05-23 09:57:41,098] {dagbag.py:508} INFO - Filling up the DagBag from /home/airflow/.local/lib/python3.7/site-packages/airflow/example_dags/example_dag_decorator.py
[2024-05-23 09:57:41,119] {processor.py:651} INFO - DAG(s) dict_keys(['example_dag_decorator']) retrieved from /home/airflow/.local/lib/python3.7/site-packages/airflow/example_dags/example_dag_decorator.py
[2024-05-23 09:57:41,141] {logging_mixin.py:115} INFO - [2024-05-23 09:57:41,141] {dag.py:2420} INFO - Sync 1 DAGs
[2024-05-23 09:57:41,155] {logging_mixin.py:115} INFO - [2024-05-23 09:57:41,155] {dag.py:2972} INFO - Setting next_dagrun for example_dag_decorator to None, run_after=None
[2024-05-23 09:57:41,162] {processor.py:161} INFO - Processing /home/airflow/.local/lib/python3.7/site-packages/airflow/example_dags/example_dag_decorator.py took 0.068 seconds
[2024-05-23 09:58:11,604] {processor.py:153} INFO - Started process (PID=4229) to work on /home/airflow/.local/lib/python3.7/site-packages/airflow/example_dags/example_dag_decorator.py
[2024-05-23 09:58:11,606] {processor.py:641} INFO - Processing file /home/airflow/.local/lib/python3.7/site-packages/airflow/example_dags/example_dag_decorator.py for tasks to queue
[2024-05-23 09:58:11,607] {logging_mixin.py:115} INFO - [2024-05-23 09:58:11,607] {dagbag.py:508} INFO - Filling up the DagBag from /home/airflow/.local/lib/python3.7/site-packages/airflow/example_dags/example_dag_decorator.py
[2024-05-23 09:58:11,627] {processor.py:651} INFO - DAG(s) dict_keys(['example_dag_decorator']) retrieved from /home/airflow/.local/lib/python3.7/site-packages/airflow/example_dags/example_dag_decorator.py
[2024-05-23 09:58:11,665] {logging_mixin.py:115} INFO - [2024-05-23 09:58:11,665] {dag.py:2420} INFO - Sync 1 DAGs
[2024-05-23 09:58:11,676] {logging_mixin.py:115} INFO - [2024-05-23 09:58:11,676] {dag.py:2972} INFO - Setting next_dagrun for example_dag_decorator to None, run_after=None
[2024-05-23 09:58:11,686] {processor.py:161} INFO - Processing /home/airflow/.local/lib/python3.7/site-packages/airflow/example_dags/example_dag_decorator.py took 0.086 seconds
[2024-05-23 09:58:42,029] {processor.py:153} INFO - Started process (PID=4291) to work on /home/airflow/.local/lib/python3.7/site-packages/airflow/example_dags/example_dag_decorator.py
[2024-05-23 09:58:42,030] {processor.py:641} INFO - Processing file /home/airflow/.local/lib/python3.7/site-packages/airflow/example_dags/example_dag_decorator.py for tasks to queue
[2024-05-23 09:58:42,031] {logging_mixin.py:115} INFO - [2024-05-23 09:58:42,031] {dagbag.py:508} INFO - Filling up the DagBag from /home/airflow/.local/lib/python3.7/site-packages/airflow/example_dags/example_dag_decorator.py
[2024-05-23 09:58:42,051] {processor.py:651} INFO - DAG(s) dict_keys(['example_dag_decorator']) retrieved from /home/airflow/.local/lib/python3.7/site-packages/airflow/example_dags/example_dag_decorator.py
[2024-05-23 09:58:42,092] {logging_mixin.py:115} INFO - [2024-05-23 09:58:42,092] {dag.py:2420} INFO - Sync 1 DAGs
[2024-05-23 09:58:42,150] {logging_mixin.py:115} INFO - [2024-05-23 09:58:42,150] {dag.py:2972} INFO - Setting next_dagrun for example_dag_decorator to None, run_after=None
[2024-05-23 09:58:42,158] {processor.py:161} INFO - Processing /home/airflow/.local/lib/python3.7/site-packages/airflow/example_dags/example_dag_decorator.py took 0.133 seconds
[2024-05-23 09:59:12,488] {processor.py:153} INFO - Started process (PID=4353) to work on /home/airflow/.local/lib/python3.7/site-packages/airflow/example_dags/example_dag_decorator.py
[2024-05-23 09:59:12,490] {processor.py:641} INFO - Processing file /home/airflow/.local/lib/python3.7/site-packages/airflow/example_dags/example_dag_decorator.py for tasks to queue
[2024-05-23 09:59:12,491] {logging_mixin.py:115} INFO - [2024-05-23 09:59:12,491] {dagbag.py:508} INFO - Filling up the DagBag from /home/airflow/.local/lib/python3.7/site-packages/airflow/example_dags/example_dag_decorator.py
[2024-05-23 09:59:12,510] {processor.py:651} INFO - DAG(s) dict_keys(['example_dag_decorator']) retrieved from /home/airflow/.local/lib/python3.7/site-packages/airflow/example_dags/example_dag_decorator.py
[2024-05-23 09:59:12,547] {logging_mixin.py:115} INFO - [2024-05-23 09:59:12,547] {dag.py:2420} INFO - Sync 1 DAGs
[2024-05-23 09:59:12,558] {logging_mixin.py:115} INFO - [2024-05-23 09:59:12,558] {dag.py:2972} INFO - Setting next_dagrun for example_dag_decorator to None, run_after=None
[2024-05-23 09:59:12,567] {processor.py:161} INFO - Processing /home/airflow/.local/lib/python3.7/site-packages/airflow/example_dags/example_dag_decorator.py took 0.083 seconds
[2024-05-23 09:59:42,992] {processor.py:153} INFO - Started process (PID=4415) to work on /home/airflow/.local/lib/python3.7/site-packages/airflow/example_dags/example_dag_decorator.py
[2024-05-23 09:59:42,993] {processor.py:641} INFO - Processing file /home/airflow/.local/lib/python3.7/site-packages/airflow/example_dags/example_dag_decorator.py for tasks to queue
[2024-05-23 09:59:42,994] {logging_mixin.py:115} INFO - [2024-05-23 09:59:42,994] {dagbag.py:508} INFO - Filling up the DagBag from /home/airflow/.local/lib/python3.7/site-packages/airflow/example_dags/example_dag_decorator.py
[2024-05-23 09:59:43,008] {processor.py:651} INFO - DAG(s) dict_keys(['example_dag_decorator']) retrieved from /home/airflow/.local/lib/python3.7/site-packages/airflow/example_dags/example_dag_decorator.py
[2024-05-23 09:59:43,044] {logging_mixin.py:115} INFO - [2024-05-23 09:59:43,044] {dag.py:2420} INFO - Sync 1 DAGs
[2024-05-23 09:59:43,055] {logging_mixin.py:115} INFO - [2024-05-23 09:59:43,055] {dag.py:2972} INFO - Setting next_dagrun for example_dag_decorator to None, run_after=None
[2024-05-23 09:59:43,064] {processor.py:161} INFO - Processing /home/airflow/.local/lib/python3.7/site-packages/airflow/example_dags/example_dag_decorator.py took 0.074 seconds
[2024-05-23 10:00:13,412] {processor.py:153} INFO - Started process (PID=4468) to work on /home/airflow/.local/lib/python3.7/site-packages/airflow/example_dags/example_dag_decorator.py
[2024-05-23 10:00:13,414] {processor.py:641} INFO - Processing file /home/airflow/.local/lib/python3.7/site-packages/airflow/example_dags/example_dag_decorator.py for tasks to queue
[2024-05-23 10:00:13,415] {logging_mixin.py:115} INFO - [2024-05-23 10:00:13,415] {dagbag.py:508} INFO - Filling up the DagBag from /home/airflow/.local/lib/python3.7/site-packages/airflow/example_dags/example_dag_decorator.py
[2024-05-23 10:00:13,434] {processor.py:651} INFO - DAG(s) dict_keys(['example_dag_decorator']) retrieved from /home/airflow/.local/lib/python3.7/site-packages/airflow/example_dags/example_dag_decorator.py
[2024-05-23 10:00:13,471] {logging_mixin.py:115} INFO - [2024-05-23 10:00:13,471] {dag.py:2420} INFO - Sync 1 DAGs
[2024-05-23 10:00:13,481] {logging_mixin.py:115} INFO - [2024-05-23 10:00:13,481] {dag.py:2972} INFO - Setting next_dagrun for example_dag_decorator to None, run_after=None
[2024-05-23 10:00:13,489] {processor.py:161} INFO - Processing /home/airflow/.local/lib/python3.7/site-packages/airflow/example_dags/example_dag_decorator.py took 0.081 seconds
