[2024-05-23 09:23:08,546] {processor.py:153} INFO - Started process (PID=63) to work on /home/airflow/.local/lib/python3.7/site-packages/airflow/example_dags/example_nested_branch_dag.py
[2024-05-23 09:23:08,547] {processor.py:641} INFO - Processing file /home/airflow/.local/lib/python3.7/site-packages/airflow/example_dags/example_nested_branch_dag.py for tasks to queue
[2024-05-23 09:23:08,548] {logging_mixin.py:115} INFO - [2024-05-23 09:23:08,547] {dagbag.py:508} INFO - Filling up the DagBag from /home/airflow/.local/lib/python3.7/site-packages/airflow/example_dags/example_nested_branch_dag.py
[2024-05-23 09:23:08,558] {processor.py:651} INFO - DAG(s) dict_keys(['example_nested_branch_dag']) retrieved from /home/airflow/.local/lib/python3.7/site-packages/airflow/example_dags/example_nested_branch_dag.py
[2024-05-23 09:23:08,635] {logging_mixin.py:115} INFO - [2024-05-23 09:23:08,635] {manager.py:508} INFO - Created Permission View: can edit on DAG:example_nested_branch_dag
[2024-05-23 09:23:08,644] {logging_mixin.py:115} INFO - [2024-05-23 09:23:08,644] {manager.py:508} INFO - Created Permission View: can read on DAG:example_nested_branch_dag
[2024-05-23 09:23:08,649] {logging_mixin.py:115} INFO - [2024-05-23 09:23:08,648] {manager.py:508} INFO - Created Permission View: can delete on DAG:example_nested_branch_dag
[2024-05-23 09:23:08,649] {logging_mixin.py:115} INFO - [2024-05-23 09:23:08,649] {dag.py:2420} INFO - Sync 1 DAGs
[2024-05-23 09:23:08,658] {logging_mixin.py:115} INFO - [2024-05-23 09:23:08,658] {dag.py:2439} INFO - Creating ORM DAG for example_nested_branch_dag
[2024-05-23 09:23:08,673] {logging_mixin.py:115} INFO - [2024-05-23 09:23:08,673] {dag.py:2972} INFO - Setting next_dagrun for example_nested_branch_dag to 2024-05-22T00:00:00+00:00, run_after=2024-05-23T00:00:00+00:00
[2024-05-23 09:23:08,688] {processor.py:161} INFO - Processing /home/airflow/.local/lib/python3.7/site-packages/airflow/example_dags/example_nested_branch_dag.py took 0.144 seconds
[2024-05-23 09:23:39,589] {processor.py:153} INFO - Started process (PID=124) to work on /home/airflow/.local/lib/python3.7/site-packages/airflow/example_dags/example_nested_branch_dag.py
[2024-05-23 09:23:39,590] {processor.py:641} INFO - Processing file /home/airflow/.local/lib/python3.7/site-packages/airflow/example_dags/example_nested_branch_dag.py for tasks to queue
[2024-05-23 09:23:39,591] {logging_mixin.py:115} INFO - [2024-05-23 09:23:39,591] {dagbag.py:508} INFO - Filling up the DagBag from /home/airflow/.local/lib/python3.7/site-packages/airflow/example_dags/example_nested_branch_dag.py
[2024-05-23 09:23:39,597] {processor.py:651} INFO - DAG(s) dict_keys(['example_nested_branch_dag']) retrieved from /home/airflow/.local/lib/python3.7/site-packages/airflow/example_dags/example_nested_branch_dag.py
[2024-05-23 09:23:39,616] {logging_mixin.py:115} INFO - [2024-05-23 09:23:39,616] {dag.py:2420} INFO - Sync 1 DAGs
[2024-05-23 09:23:39,628] {logging_mixin.py:115} INFO - [2024-05-23 09:23:39,628] {dag.py:2972} INFO - Setting next_dagrun for example_nested_branch_dag to 2024-05-22T00:00:00+00:00, run_after=2024-05-23T00:00:00+00:00
[2024-05-23 09:23:39,635] {processor.py:161} INFO - Processing /home/airflow/.local/lib/python3.7/site-packages/airflow/example_dags/example_nested_branch_dag.py took 0.048 seconds
[2024-05-23 09:24:10,025] {processor.py:153} INFO - Started process (PID=185) to work on /home/airflow/.local/lib/python3.7/site-packages/airflow/example_dags/example_nested_branch_dag.py
[2024-05-23 09:24:10,026] {processor.py:641} INFO - Processing file /home/airflow/.local/lib/python3.7/site-packages/airflow/example_dags/example_nested_branch_dag.py for tasks to queue
[2024-05-23 09:24:10,027] {logging_mixin.py:115} INFO - [2024-05-23 09:24:10,027] {dagbag.py:508} INFO - Filling up the DagBag from /home/airflow/.local/lib/python3.7/site-packages/airflow/example_dags/example_nested_branch_dag.py
[2024-05-23 09:24:10,033] {processor.py:651} INFO - DAG(s) dict_keys(['example_nested_branch_dag']) retrieved from /home/airflow/.local/lib/python3.7/site-packages/airflow/example_dags/example_nested_branch_dag.py
[2024-05-23 09:24:10,053] {logging_mixin.py:115} INFO - [2024-05-23 09:24:10,053] {dag.py:2420} INFO - Sync 1 DAGs
[2024-05-23 09:24:10,067] {logging_mixin.py:115} INFO - [2024-05-23 09:24:10,067] {dag.py:2972} INFO - Setting next_dagrun for example_nested_branch_dag to 2024-05-22T00:00:00+00:00, run_after=2024-05-23T00:00:00+00:00
[2024-05-23 09:24:10,074] {processor.py:161} INFO - Processing /home/airflow/.local/lib/python3.7/site-packages/airflow/example_dags/example_nested_branch_dag.py took 0.051 seconds
[2024-05-23 09:24:40,437] {processor.py:153} INFO - Started process (PID=246) to work on /home/airflow/.local/lib/python3.7/site-packages/airflow/example_dags/example_nested_branch_dag.py
[2024-05-23 09:24:40,438] {processor.py:641} INFO - Processing file /home/airflow/.local/lib/python3.7/site-packages/airflow/example_dags/example_nested_branch_dag.py for tasks to queue
[2024-05-23 09:24:40,439] {logging_mixin.py:115} INFO - [2024-05-23 09:24:40,439] {dagbag.py:508} INFO - Filling up the DagBag from /home/airflow/.local/lib/python3.7/site-packages/airflow/example_dags/example_nested_branch_dag.py
[2024-05-23 09:24:40,445] {processor.py:651} INFO - DAG(s) dict_keys(['example_nested_branch_dag']) retrieved from /home/airflow/.local/lib/python3.7/site-packages/airflow/example_dags/example_nested_branch_dag.py
[2024-05-23 09:24:40,464] {logging_mixin.py:115} INFO - [2024-05-23 09:24:40,464] {dag.py:2420} INFO - Sync 1 DAGs
[2024-05-23 09:24:40,477] {logging_mixin.py:115} INFO - [2024-05-23 09:24:40,477] {dag.py:2972} INFO - Setting next_dagrun for example_nested_branch_dag to 2024-05-22T00:00:00+00:00, run_after=2024-05-23T00:00:00+00:00
[2024-05-23 09:24:40,485] {processor.py:161} INFO - Processing /home/airflow/.local/lib/python3.7/site-packages/airflow/example_dags/example_nested_branch_dag.py took 0.050 seconds
[2024-05-23 09:25:10,965] {processor.py:153} INFO - Started process (PID=307) to work on /home/airflow/.local/lib/python3.7/site-packages/airflow/example_dags/example_nested_branch_dag.py
[2024-05-23 09:25:10,966] {processor.py:641} INFO - Processing file /home/airflow/.local/lib/python3.7/site-packages/airflow/example_dags/example_nested_branch_dag.py for tasks to queue
[2024-05-23 09:25:10,967] {logging_mixin.py:115} INFO - [2024-05-23 09:25:10,967] {dagbag.py:508} INFO - Filling up the DagBag from /home/airflow/.local/lib/python3.7/site-packages/airflow/example_dags/example_nested_branch_dag.py
[2024-05-23 09:25:10,974] {processor.py:651} INFO - DAG(s) dict_keys(['example_nested_branch_dag']) retrieved from /home/airflow/.local/lib/python3.7/site-packages/airflow/example_dags/example_nested_branch_dag.py
[2024-05-23 09:25:10,992] {logging_mixin.py:115} INFO - [2024-05-23 09:25:10,992] {dag.py:2420} INFO - Sync 1 DAGs
[2024-05-23 09:25:11,006] {logging_mixin.py:115} INFO - [2024-05-23 09:25:11,006] {dag.py:2972} INFO - Setting next_dagrun for example_nested_branch_dag to 2024-05-22T00:00:00+00:00, run_after=2024-05-23T00:00:00+00:00
[2024-05-23 09:25:11,014] {processor.py:161} INFO - Processing /home/airflow/.local/lib/python3.7/site-packages/airflow/example_dags/example_nested_branch_dag.py took 0.051 seconds
[2024-05-23 09:25:41,441] {processor.py:153} INFO - Started process (PID=359) to work on /home/airflow/.local/lib/python3.7/site-packages/airflow/example_dags/example_nested_branch_dag.py
[2024-05-23 09:25:41,442] {processor.py:641} INFO - Processing file /home/airflow/.local/lib/python3.7/site-packages/airflow/example_dags/example_nested_branch_dag.py for tasks to queue
[2024-05-23 09:25:41,442] {logging_mixin.py:115} INFO - [2024-05-23 09:25:41,442] {dagbag.py:508} INFO - Filling up the DagBag from /home/airflow/.local/lib/python3.7/site-packages/airflow/example_dags/example_nested_branch_dag.py
[2024-05-23 09:25:41,448] {processor.py:651} INFO - DAG(s) dict_keys(['example_nested_branch_dag']) retrieved from /home/airflow/.local/lib/python3.7/site-packages/airflow/example_dags/example_nested_branch_dag.py
[2024-05-23 09:25:41,466] {logging_mixin.py:115} INFO - [2024-05-23 09:25:41,466] {dag.py:2420} INFO - Sync 1 DAGs
[2024-05-23 09:25:41,479] {logging_mixin.py:115} INFO - [2024-05-23 09:25:41,479] {dag.py:2972} INFO - Setting next_dagrun for example_nested_branch_dag to 2024-05-22T00:00:00+00:00, run_after=2024-05-23T00:00:00+00:00
[2024-05-23 09:25:41,486] {processor.py:161} INFO - Processing /home/airflow/.local/lib/python3.7/site-packages/airflow/example_dags/example_nested_branch_dag.py took 0.047 seconds
[2024-05-23 09:26:11,913] {processor.py:153} INFO - Started process (PID=420) to work on /home/airflow/.local/lib/python3.7/site-packages/airflow/example_dags/example_nested_branch_dag.py
[2024-05-23 09:26:11,914] {processor.py:641} INFO - Processing file /home/airflow/.local/lib/python3.7/site-packages/airflow/example_dags/example_nested_branch_dag.py for tasks to queue
[2024-05-23 09:26:11,914] {logging_mixin.py:115} INFO - [2024-05-23 09:26:11,914] {dagbag.py:508} INFO - Filling up the DagBag from /home/airflow/.local/lib/python3.7/site-packages/airflow/example_dags/example_nested_branch_dag.py
[2024-05-23 09:26:11,920] {processor.py:651} INFO - DAG(s) dict_keys(['example_nested_branch_dag']) retrieved from /home/airflow/.local/lib/python3.7/site-packages/airflow/example_dags/example_nested_branch_dag.py
[2024-05-23 09:26:11,939] {logging_mixin.py:115} INFO - [2024-05-23 09:26:11,939] {dag.py:2420} INFO - Sync 1 DAGs
[2024-05-23 09:26:11,951] {logging_mixin.py:115} INFO - [2024-05-23 09:26:11,951] {dag.py:2972} INFO - Setting next_dagrun for example_nested_branch_dag to 2024-05-22T00:00:00+00:00, run_after=2024-05-23T00:00:00+00:00
[2024-05-23 09:26:11,958] {processor.py:161} INFO - Processing /home/airflow/.local/lib/python3.7/site-packages/airflow/example_dags/example_nested_branch_dag.py took 0.048 seconds
[2024-05-23 09:26:42,350] {processor.py:153} INFO - Started process (PID=481) to work on /home/airflow/.local/lib/python3.7/site-packages/airflow/example_dags/example_nested_branch_dag.py
[2024-05-23 09:26:42,351] {processor.py:641} INFO - Processing file /home/airflow/.local/lib/python3.7/site-packages/airflow/example_dags/example_nested_branch_dag.py for tasks to queue
[2024-05-23 09:26:42,352] {logging_mixin.py:115} INFO - [2024-05-23 09:26:42,352] {dagbag.py:508} INFO - Filling up the DagBag from /home/airflow/.local/lib/python3.7/site-packages/airflow/example_dags/example_nested_branch_dag.py
[2024-05-23 09:26:42,359] {processor.py:651} INFO - DAG(s) dict_keys(['example_nested_branch_dag']) retrieved from /home/airflow/.local/lib/python3.7/site-packages/airflow/example_dags/example_nested_branch_dag.py
[2024-05-23 09:26:42,379] {logging_mixin.py:115} INFO - [2024-05-23 09:26:42,379] {dag.py:2420} INFO - Sync 1 DAGs
[2024-05-23 09:26:42,393] {logging_mixin.py:115} INFO - [2024-05-23 09:26:42,393] {dag.py:2972} INFO - Setting next_dagrun for example_nested_branch_dag to 2024-05-22T00:00:00+00:00, run_after=2024-05-23T00:00:00+00:00
[2024-05-23 09:26:42,400] {processor.py:161} INFO - Processing /home/airflow/.local/lib/python3.7/site-packages/airflow/example_dags/example_nested_branch_dag.py took 0.052 seconds
[2024-05-23 09:27:12,813] {processor.py:153} INFO - Started process (PID=542) to work on /home/airflow/.local/lib/python3.7/site-packages/airflow/example_dags/example_nested_branch_dag.py
[2024-05-23 09:27:12,814] {processor.py:641} INFO - Processing file /home/airflow/.local/lib/python3.7/site-packages/airflow/example_dags/example_nested_branch_dag.py for tasks to queue
[2024-05-23 09:27:12,815] {logging_mixin.py:115} INFO - [2024-05-23 09:27:12,815] {dagbag.py:508} INFO - Filling up the DagBag from /home/airflow/.local/lib/python3.7/site-packages/airflow/example_dags/example_nested_branch_dag.py
[2024-05-23 09:27:12,821] {processor.py:651} INFO - DAG(s) dict_keys(['example_nested_branch_dag']) retrieved from /home/airflow/.local/lib/python3.7/site-packages/airflow/example_dags/example_nested_branch_dag.py
[2024-05-23 09:27:12,839] {logging_mixin.py:115} INFO - [2024-05-23 09:27:12,839] {dag.py:2420} INFO - Sync 1 DAGs
[2024-05-23 09:27:12,852] {logging_mixin.py:115} INFO - [2024-05-23 09:27:12,852] {dag.py:2972} INFO - Setting next_dagrun for example_nested_branch_dag to 2024-05-22T00:00:00+00:00, run_after=2024-05-23T00:00:00+00:00
[2024-05-23 09:27:12,860] {processor.py:161} INFO - Processing /home/airflow/.local/lib/python3.7/site-packages/airflow/example_dags/example_nested_branch_dag.py took 0.048 seconds
[2024-05-23 09:27:43,185] {processor.py:153} INFO - Started process (PID=603) to work on /home/airflow/.local/lib/python3.7/site-packages/airflow/example_dags/example_nested_branch_dag.py
[2024-05-23 09:27:43,186] {processor.py:641} INFO - Processing file /home/airflow/.local/lib/python3.7/site-packages/airflow/example_dags/example_nested_branch_dag.py for tasks to queue
[2024-05-23 09:27:43,187] {logging_mixin.py:115} INFO - [2024-05-23 09:27:43,187] {dagbag.py:508} INFO - Filling up the DagBag from /home/airflow/.local/lib/python3.7/site-packages/airflow/example_dags/example_nested_branch_dag.py
[2024-05-23 09:27:43,194] {processor.py:651} INFO - DAG(s) dict_keys(['example_nested_branch_dag']) retrieved from /home/airflow/.local/lib/python3.7/site-packages/airflow/example_dags/example_nested_branch_dag.py
[2024-05-23 09:27:43,213] {logging_mixin.py:115} INFO - [2024-05-23 09:27:43,213] {dag.py:2420} INFO - Sync 1 DAGs
[2024-05-23 09:27:43,227] {logging_mixin.py:115} INFO - [2024-05-23 09:27:43,227] {dag.py:2972} INFO - Setting next_dagrun for example_nested_branch_dag to 2024-05-22T00:00:00+00:00, run_after=2024-05-23T00:00:00+00:00
[2024-05-23 09:27:43,234] {processor.py:161} INFO - Processing /home/airflow/.local/lib/python3.7/site-packages/airflow/example_dags/example_nested_branch_dag.py took 0.051 seconds
[2024-05-23 09:28:13,632] {processor.py:153} INFO - Started process (PID=665) to work on /home/airflow/.local/lib/python3.7/site-packages/airflow/example_dags/example_nested_branch_dag.py
[2024-05-23 09:28:13,634] {processor.py:641} INFO - Processing file /home/airflow/.local/lib/python3.7/site-packages/airflow/example_dags/example_nested_branch_dag.py for tasks to queue
[2024-05-23 09:28:13,634] {logging_mixin.py:115} INFO - [2024-05-23 09:28:13,634] {dagbag.py:508} INFO - Filling up the DagBag from /home/airflow/.local/lib/python3.7/site-packages/airflow/example_dags/example_nested_branch_dag.py
[2024-05-23 09:28:13,642] {processor.py:651} INFO - DAG(s) dict_keys(['example_nested_branch_dag']) retrieved from /home/airflow/.local/lib/python3.7/site-packages/airflow/example_dags/example_nested_branch_dag.py
[2024-05-23 09:28:13,663] {logging_mixin.py:115} INFO - [2024-05-23 09:28:13,663] {dag.py:2420} INFO - Sync 1 DAGs
[2024-05-23 09:28:13,675] {logging_mixin.py:115} INFO - [2024-05-23 09:28:13,675] {dag.py:2972} INFO - Setting next_dagrun for example_nested_branch_dag to 2024-05-22T00:00:00+00:00, run_after=2024-05-23T00:00:00+00:00
[2024-05-23 09:28:13,683] {processor.py:161} INFO - Processing /home/airflow/.local/lib/python3.7/site-packages/airflow/example_dags/example_nested_branch_dag.py took 0.053 seconds
[2024-05-23 09:28:43,995] {processor.py:153} INFO - Started process (PID=718) to work on /home/airflow/.local/lib/python3.7/site-packages/airflow/example_dags/example_nested_branch_dag.py
[2024-05-23 09:28:43,995] {processor.py:641} INFO - Processing file /home/airflow/.local/lib/python3.7/site-packages/airflow/example_dags/example_nested_branch_dag.py for tasks to queue
[2024-05-23 09:28:43,996] {logging_mixin.py:115} INFO - [2024-05-23 09:28:43,996] {dagbag.py:508} INFO - Filling up the DagBag from /home/airflow/.local/lib/python3.7/site-packages/airflow/example_dags/example_nested_branch_dag.py
[2024-05-23 09:28:44,003] {processor.py:651} INFO - DAG(s) dict_keys(['example_nested_branch_dag']) retrieved from /home/airflow/.local/lib/python3.7/site-packages/airflow/example_dags/example_nested_branch_dag.py
[2024-05-23 09:28:44,022] {logging_mixin.py:115} INFO - [2024-05-23 09:28:44,022] {dag.py:2420} INFO - Sync 1 DAGs
[2024-05-23 09:28:44,035] {logging_mixin.py:115} INFO - [2024-05-23 09:28:44,034] {dag.py:2972} INFO - Setting next_dagrun for example_nested_branch_dag to 2024-05-22T00:00:00+00:00, run_after=2024-05-23T00:00:00+00:00
[2024-05-23 09:28:44,042] {processor.py:161} INFO - Processing /home/airflow/.local/lib/python3.7/site-packages/airflow/example_dags/example_nested_branch_dag.py took 0.050 seconds
[2024-05-23 09:29:14,443] {processor.py:153} INFO - Started process (PID=780) to work on /home/airflow/.local/lib/python3.7/site-packages/airflow/example_dags/example_nested_branch_dag.py
[2024-05-23 09:29:14,444] {processor.py:641} INFO - Processing file /home/airflow/.local/lib/python3.7/site-packages/airflow/example_dags/example_nested_branch_dag.py for tasks to queue
[2024-05-23 09:29:14,445] {logging_mixin.py:115} INFO - [2024-05-23 09:29:14,445] {dagbag.py:508} INFO - Filling up the DagBag from /home/airflow/.local/lib/python3.7/site-packages/airflow/example_dags/example_nested_branch_dag.py
[2024-05-23 09:29:14,451] {processor.py:651} INFO - DAG(s) dict_keys(['example_nested_branch_dag']) retrieved from /home/airflow/.local/lib/python3.7/site-packages/airflow/example_dags/example_nested_branch_dag.py
[2024-05-23 09:29:14,469] {logging_mixin.py:115} INFO - [2024-05-23 09:29:14,469] {dag.py:2420} INFO - Sync 1 DAGs
[2024-05-23 09:29:14,482] {logging_mixin.py:115} INFO - [2024-05-23 09:29:14,482] {dag.py:2972} INFO - Setting next_dagrun for example_nested_branch_dag to 2024-05-22T00:00:00+00:00, run_after=2024-05-23T00:00:00+00:00
[2024-05-23 09:29:14,490] {processor.py:161} INFO - Processing /home/airflow/.local/lib/python3.7/site-packages/airflow/example_dags/example_nested_branch_dag.py took 0.049 seconds
[2024-05-23 09:29:44,837] {processor.py:153} INFO - Started process (PID=842) to work on /home/airflow/.local/lib/python3.7/site-packages/airflow/example_dags/example_nested_branch_dag.py
[2024-05-23 09:29:44,839] {processor.py:641} INFO - Processing file /home/airflow/.local/lib/python3.7/site-packages/airflow/example_dags/example_nested_branch_dag.py for tasks to queue
[2024-05-23 09:29:44,840] {logging_mixin.py:115} INFO - [2024-05-23 09:29:44,840] {dagbag.py:508} INFO - Filling up the DagBag from /home/airflow/.local/lib/python3.7/site-packages/airflow/example_dags/example_nested_branch_dag.py
[2024-05-23 09:29:44,851] {processor.py:651} INFO - DAG(s) dict_keys(['example_nested_branch_dag']) retrieved from /home/airflow/.local/lib/python3.7/site-packages/airflow/example_dags/example_nested_branch_dag.py
[2024-05-23 09:29:44,874] {logging_mixin.py:115} INFO - [2024-05-23 09:29:44,874] {dag.py:2420} INFO - Sync 1 DAGs
[2024-05-23 09:29:44,891] {logging_mixin.py:115} INFO - [2024-05-23 09:29:44,891] {dag.py:2972} INFO - Setting next_dagrun for example_nested_branch_dag to 2024-05-22T00:00:00+00:00, run_after=2024-05-23T00:00:00+00:00
[2024-05-23 09:29:44,898] {processor.py:161} INFO - Processing /home/airflow/.local/lib/python3.7/site-packages/airflow/example_dags/example_nested_branch_dag.py took 0.064 seconds
[2024-05-23 09:30:15,182] {processor.py:153} INFO - Started process (PID=904) to work on /home/airflow/.local/lib/python3.7/site-packages/airflow/example_dags/example_nested_branch_dag.py
[2024-05-23 09:30:15,183] {processor.py:641} INFO - Processing file /home/airflow/.local/lib/python3.7/site-packages/airflow/example_dags/example_nested_branch_dag.py for tasks to queue
[2024-05-23 09:30:15,184] {logging_mixin.py:115} INFO - [2024-05-23 09:30:15,184] {dagbag.py:508} INFO - Filling up the DagBag from /home/airflow/.local/lib/python3.7/site-packages/airflow/example_dags/example_nested_branch_dag.py
[2024-05-23 09:30:15,193] {processor.py:651} INFO - DAG(s) dict_keys(['example_nested_branch_dag']) retrieved from /home/airflow/.local/lib/python3.7/site-packages/airflow/example_dags/example_nested_branch_dag.py
[2024-05-23 09:30:15,215] {logging_mixin.py:115} INFO - [2024-05-23 09:30:15,214] {dag.py:2420} INFO - Sync 1 DAGs
[2024-05-23 09:30:15,230] {logging_mixin.py:115} INFO - [2024-05-23 09:30:15,230] {dag.py:2972} INFO - Setting next_dagrun for example_nested_branch_dag to 2024-05-22T00:00:00+00:00, run_after=2024-05-23T00:00:00+00:00
[2024-05-23 09:30:15,246] {processor.py:161} INFO - Processing /home/airflow/.local/lib/python3.7/site-packages/airflow/example_dags/example_nested_branch_dag.py took 0.068 seconds
[2024-05-23 09:30:45,668] {processor.py:153} INFO - Started process (PID=966) to work on /home/airflow/.local/lib/python3.7/site-packages/airflow/example_dags/example_nested_branch_dag.py
[2024-05-23 09:30:45,669] {processor.py:641} INFO - Processing file /home/airflow/.local/lib/python3.7/site-packages/airflow/example_dags/example_nested_branch_dag.py for tasks to queue
[2024-05-23 09:30:45,669] {logging_mixin.py:115} INFO - [2024-05-23 09:30:45,669] {dagbag.py:508} INFO - Filling up the DagBag from /home/airflow/.local/lib/python3.7/site-packages/airflow/example_dags/example_nested_branch_dag.py
[2024-05-23 09:30:45,677] {processor.py:651} INFO - DAG(s) dict_keys(['example_nested_branch_dag']) retrieved from /home/airflow/.local/lib/python3.7/site-packages/airflow/example_dags/example_nested_branch_dag.py
[2024-05-23 09:30:45,697] {logging_mixin.py:115} INFO - [2024-05-23 09:30:45,697] {dag.py:2420} INFO - Sync 1 DAGs
[2024-05-23 09:30:45,710] {logging_mixin.py:115} INFO - [2024-05-23 09:30:45,710] {dag.py:2972} INFO - Setting next_dagrun for example_nested_branch_dag to 2024-05-22T00:00:00+00:00, run_after=2024-05-23T00:00:00+00:00
[2024-05-23 09:30:45,717] {processor.py:161} INFO - Processing /home/airflow/.local/lib/python3.7/site-packages/airflow/example_dags/example_nested_branch_dag.py took 0.051 seconds
[2024-05-23 09:31:16,047] {processor.py:153} INFO - Started process (PID=1018) to work on /home/airflow/.local/lib/python3.7/site-packages/airflow/example_dags/example_nested_branch_dag.py
[2024-05-23 09:31:16,048] {processor.py:641} INFO - Processing file /home/airflow/.local/lib/python3.7/site-packages/airflow/example_dags/example_nested_branch_dag.py for tasks to queue
[2024-05-23 09:31:16,048] {logging_mixin.py:115} INFO - [2024-05-23 09:31:16,048] {dagbag.py:508} INFO - Filling up the DagBag from /home/airflow/.local/lib/python3.7/site-packages/airflow/example_dags/example_nested_branch_dag.py
[2024-05-23 09:31:16,055] {processor.py:651} INFO - DAG(s) dict_keys(['example_nested_branch_dag']) retrieved from /home/airflow/.local/lib/python3.7/site-packages/airflow/example_dags/example_nested_branch_dag.py
[2024-05-23 09:31:16,073] {logging_mixin.py:115} INFO - [2024-05-23 09:31:16,073] {dag.py:2420} INFO - Sync 1 DAGs
[2024-05-23 09:31:16,087] {logging_mixin.py:115} INFO - [2024-05-23 09:31:16,087] {dag.py:2972} INFO - Setting next_dagrun for example_nested_branch_dag to 2024-05-22T00:00:00+00:00, run_after=2024-05-23T00:00:00+00:00
[2024-05-23 09:31:16,094] {processor.py:161} INFO - Processing /home/airflow/.local/lib/python3.7/site-packages/airflow/example_dags/example_nested_branch_dag.py took 0.050 seconds
[2024-05-23 09:31:46,648] {processor.py:153} INFO - Started process (PID=1081) to work on /home/airflow/.local/lib/python3.7/site-packages/airflow/example_dags/example_nested_branch_dag.py
[2024-05-23 09:31:46,649] {processor.py:641} INFO - Processing file /home/airflow/.local/lib/python3.7/site-packages/airflow/example_dags/example_nested_branch_dag.py for tasks to queue
[2024-05-23 09:31:46,650] {logging_mixin.py:115} INFO - [2024-05-23 09:31:46,650] {dagbag.py:508} INFO - Filling up the DagBag from /home/airflow/.local/lib/python3.7/site-packages/airflow/example_dags/example_nested_branch_dag.py
[2024-05-23 09:31:46,657] {processor.py:651} INFO - DAG(s) dict_keys(['example_nested_branch_dag']) retrieved from /home/airflow/.local/lib/python3.7/site-packages/airflow/example_dags/example_nested_branch_dag.py
[2024-05-23 09:31:46,678] {logging_mixin.py:115} INFO - [2024-05-23 09:31:46,678] {dag.py:2420} INFO - Sync 1 DAGs
[2024-05-23 09:31:46,693] {logging_mixin.py:115} INFO - [2024-05-23 09:31:46,692] {dag.py:2972} INFO - Setting next_dagrun for example_nested_branch_dag to 2024-05-22T00:00:00+00:00, run_after=2024-05-23T00:00:00+00:00
[2024-05-23 09:31:46,701] {processor.py:161} INFO - Processing /home/airflow/.local/lib/python3.7/site-packages/airflow/example_dags/example_nested_branch_dag.py took 0.055 seconds
[2024-05-23 09:32:16,999] {processor.py:153} INFO - Started process (PID=1143) to work on /home/airflow/.local/lib/python3.7/site-packages/airflow/example_dags/example_nested_branch_dag.py
[2024-05-23 09:32:17,000] {processor.py:641} INFO - Processing file /home/airflow/.local/lib/python3.7/site-packages/airflow/example_dags/example_nested_branch_dag.py for tasks to queue
[2024-05-23 09:32:17,001] {logging_mixin.py:115} INFO - [2024-05-23 09:32:17,001] {dagbag.py:508} INFO - Filling up the DagBag from /home/airflow/.local/lib/python3.7/site-packages/airflow/example_dags/example_nested_branch_dag.py
[2024-05-23 09:32:17,008] {processor.py:651} INFO - DAG(s) dict_keys(['example_nested_branch_dag']) retrieved from /home/airflow/.local/lib/python3.7/site-packages/airflow/example_dags/example_nested_branch_dag.py
[2024-05-23 09:32:17,029] {logging_mixin.py:115} INFO - [2024-05-23 09:32:17,029] {dag.py:2420} INFO - Sync 1 DAGs
[2024-05-23 09:32:17,042] {logging_mixin.py:115} INFO - [2024-05-23 09:32:17,042] {dag.py:2972} INFO - Setting next_dagrun for example_nested_branch_dag to 2024-05-22T00:00:00+00:00, run_after=2024-05-23T00:00:00+00:00
[2024-05-23 09:32:17,049] {processor.py:161} INFO - Processing /home/airflow/.local/lib/python3.7/site-packages/airflow/example_dags/example_nested_branch_dag.py took 0.052 seconds
[2024-05-23 09:32:47,474] {processor.py:153} INFO - Started process (PID=1205) to work on /home/airflow/.local/lib/python3.7/site-packages/airflow/example_dags/example_nested_branch_dag.py
[2024-05-23 09:32:47,475] {processor.py:641} INFO - Processing file /home/airflow/.local/lib/python3.7/site-packages/airflow/example_dags/example_nested_branch_dag.py for tasks to queue
[2024-05-23 09:32:47,475] {logging_mixin.py:115} INFO - [2024-05-23 09:32:47,475] {dagbag.py:508} INFO - Filling up the DagBag from /home/airflow/.local/lib/python3.7/site-packages/airflow/example_dags/example_nested_branch_dag.py
[2024-05-23 09:32:47,482] {processor.py:651} INFO - DAG(s) dict_keys(['example_nested_branch_dag']) retrieved from /home/airflow/.local/lib/python3.7/site-packages/airflow/example_dags/example_nested_branch_dag.py
[2024-05-23 09:32:47,501] {logging_mixin.py:115} INFO - [2024-05-23 09:32:47,501] {dag.py:2420} INFO - Sync 1 DAGs
[2024-05-23 09:32:47,513] {logging_mixin.py:115} INFO - [2024-05-23 09:32:47,513] {dag.py:2972} INFO - Setting next_dagrun for example_nested_branch_dag to 2024-05-22T00:00:00+00:00, run_after=2024-05-23T00:00:00+00:00
[2024-05-23 09:32:47,519] {processor.py:161} INFO - Processing /home/airflow/.local/lib/python3.7/site-packages/airflow/example_dags/example_nested_branch_dag.py took 0.047 seconds
[2024-05-23 09:33:18,059] {processor.py:153} INFO - Started process (PID=1267) to work on /home/airflow/.local/lib/python3.7/site-packages/airflow/example_dags/example_nested_branch_dag.py
[2024-05-23 09:33:18,060] {processor.py:641} INFO - Processing file /home/airflow/.local/lib/python3.7/site-packages/airflow/example_dags/example_nested_branch_dag.py for tasks to queue
[2024-05-23 09:33:18,061] {logging_mixin.py:115} INFO - [2024-05-23 09:33:18,061] {dagbag.py:508} INFO - Filling up the DagBag from /home/airflow/.local/lib/python3.7/site-packages/airflow/example_dags/example_nested_branch_dag.py
[2024-05-23 09:33:18,068] {processor.py:651} INFO - DAG(s) dict_keys(['example_nested_branch_dag']) retrieved from /home/airflow/.local/lib/python3.7/site-packages/airflow/example_dags/example_nested_branch_dag.py
[2024-05-23 09:33:18,086] {logging_mixin.py:115} INFO - [2024-05-23 09:33:18,086] {dag.py:2420} INFO - Sync 1 DAGs
[2024-05-23 09:33:18,100] {logging_mixin.py:115} INFO - [2024-05-23 09:33:18,100] {dag.py:2972} INFO - Setting next_dagrun for example_nested_branch_dag to 2024-05-22T00:00:00+00:00, run_after=2024-05-23T00:00:00+00:00
[2024-05-23 09:33:18,107] {processor.py:161} INFO - Processing /home/airflow/.local/lib/python3.7/site-packages/airflow/example_dags/example_nested_branch_dag.py took 0.050 seconds
[2024-05-23 09:33:48,534] {processor.py:153} INFO - Started process (PID=1329) to work on /home/airflow/.local/lib/python3.7/site-packages/airflow/example_dags/example_nested_branch_dag.py
[2024-05-23 09:33:48,535] {processor.py:641} INFO - Processing file /home/airflow/.local/lib/python3.7/site-packages/airflow/example_dags/example_nested_branch_dag.py for tasks to queue
[2024-05-23 09:33:48,535] {logging_mixin.py:115} INFO - [2024-05-23 09:33:48,535] {dagbag.py:508} INFO - Filling up the DagBag from /home/airflow/.local/lib/python3.7/site-packages/airflow/example_dags/example_nested_branch_dag.py
[2024-05-23 09:33:48,542] {processor.py:651} INFO - DAG(s) dict_keys(['example_nested_branch_dag']) retrieved from /home/airflow/.local/lib/python3.7/site-packages/airflow/example_dags/example_nested_branch_dag.py
[2024-05-23 09:33:48,562] {logging_mixin.py:115} INFO - [2024-05-23 09:33:48,562] {dag.py:2420} INFO - Sync 1 DAGs
[2024-05-23 09:33:48,576] {logging_mixin.py:115} INFO - [2024-05-23 09:33:48,576] {dag.py:2972} INFO - Setting next_dagrun for example_nested_branch_dag to 2024-05-22T00:00:00+00:00, run_after=2024-05-23T00:00:00+00:00
[2024-05-23 09:33:48,583] {processor.py:161} INFO - Processing /home/airflow/.local/lib/python3.7/site-packages/airflow/example_dags/example_nested_branch_dag.py took 0.052 seconds
[2024-05-23 09:34:18,992] {processor.py:153} INFO - Started process (PID=1387) to work on /home/airflow/.local/lib/python3.7/site-packages/airflow/example_dags/example_nested_branch_dag.py
[2024-05-23 09:34:18,993] {processor.py:641} INFO - Processing file /home/airflow/.local/lib/python3.7/site-packages/airflow/example_dags/example_nested_branch_dag.py for tasks to queue
[2024-05-23 09:34:18,994] {logging_mixin.py:115} INFO - [2024-05-23 09:34:18,994] {dagbag.py:508} INFO - Filling up the DagBag from /home/airflow/.local/lib/python3.7/site-packages/airflow/example_dags/example_nested_branch_dag.py
[2024-05-23 09:34:19,001] {processor.py:651} INFO - DAG(s) dict_keys(['example_nested_branch_dag']) retrieved from /home/airflow/.local/lib/python3.7/site-packages/airflow/example_dags/example_nested_branch_dag.py
[2024-05-23 09:34:19,019] {logging_mixin.py:115} INFO - [2024-05-23 09:34:19,019] {dag.py:2420} INFO - Sync 1 DAGs
[2024-05-23 09:34:19,032] {logging_mixin.py:115} INFO - [2024-05-23 09:34:19,032] {dag.py:2972} INFO - Setting next_dagrun for example_nested_branch_dag to 2024-05-22T00:00:00+00:00, run_after=2024-05-23T00:00:00+00:00
[2024-05-23 09:34:19,039] {processor.py:161} INFO - Processing /home/airflow/.local/lib/python3.7/site-packages/airflow/example_dags/example_nested_branch_dag.py took 0.049 seconds
[2024-05-23 09:34:49,404] {processor.py:153} INFO - Started process (PID=1449) to work on /home/airflow/.local/lib/python3.7/site-packages/airflow/example_dags/example_nested_branch_dag.py
[2024-05-23 09:34:49,405] {processor.py:641} INFO - Processing file /home/airflow/.local/lib/python3.7/site-packages/airflow/example_dags/example_nested_branch_dag.py for tasks to queue
[2024-05-23 09:34:49,406] {logging_mixin.py:115} INFO - [2024-05-23 09:34:49,406] {dagbag.py:508} INFO - Filling up the DagBag from /home/airflow/.local/lib/python3.7/site-packages/airflow/example_dags/example_nested_branch_dag.py
[2024-05-23 09:34:49,413] {processor.py:651} INFO - DAG(s) dict_keys(['example_nested_branch_dag']) retrieved from /home/airflow/.local/lib/python3.7/site-packages/airflow/example_dags/example_nested_branch_dag.py
[2024-05-23 09:34:49,432] {logging_mixin.py:115} INFO - [2024-05-23 09:34:49,432] {dag.py:2420} INFO - Sync 1 DAGs
[2024-05-23 09:34:49,445] {logging_mixin.py:115} INFO - [2024-05-23 09:34:49,445] {dag.py:2972} INFO - Setting next_dagrun for example_nested_branch_dag to 2024-05-22T00:00:00+00:00, run_after=2024-05-23T00:00:00+00:00
[2024-05-23 09:34:49,453] {processor.py:161} INFO - Processing /home/airflow/.local/lib/python3.7/site-packages/airflow/example_dags/example_nested_branch_dag.py took 0.051 seconds
[2024-05-23 09:35:19,883] {processor.py:153} INFO - Started process (PID=1511) to work on /home/airflow/.local/lib/python3.7/site-packages/airflow/example_dags/example_nested_branch_dag.py
[2024-05-23 09:35:19,884] {processor.py:641} INFO - Processing file /home/airflow/.local/lib/python3.7/site-packages/airflow/example_dags/example_nested_branch_dag.py for tasks to queue
[2024-05-23 09:35:19,885] {logging_mixin.py:115} INFO - [2024-05-23 09:35:19,885] {dagbag.py:508} INFO - Filling up the DagBag from /home/airflow/.local/lib/python3.7/site-packages/airflow/example_dags/example_nested_branch_dag.py
[2024-05-23 09:35:19,892] {processor.py:651} INFO - DAG(s) dict_keys(['example_nested_branch_dag']) retrieved from /home/airflow/.local/lib/python3.7/site-packages/airflow/example_dags/example_nested_branch_dag.py
[2024-05-23 09:35:19,910] {logging_mixin.py:115} INFO - [2024-05-23 09:35:19,910] {dag.py:2420} INFO - Sync 1 DAGs
[2024-05-23 09:35:19,923] {logging_mixin.py:115} INFO - [2024-05-23 09:35:19,923] {dag.py:2972} INFO - Setting next_dagrun for example_nested_branch_dag to 2024-05-22T00:00:00+00:00, run_after=2024-05-23T00:00:00+00:00
[2024-05-23 09:35:19,929] {processor.py:161} INFO - Processing /home/airflow/.local/lib/python3.7/site-packages/airflow/example_dags/example_nested_branch_dag.py took 0.048 seconds
[2024-05-23 09:35:50,286] {processor.py:153} INFO - Started process (PID=1573) to work on /home/airflow/.local/lib/python3.7/site-packages/airflow/example_dags/example_nested_branch_dag.py
[2024-05-23 09:35:50,287] {processor.py:641} INFO - Processing file /home/airflow/.local/lib/python3.7/site-packages/airflow/example_dags/example_nested_branch_dag.py for tasks to queue
[2024-05-23 09:35:50,287] {logging_mixin.py:115} INFO - [2024-05-23 09:35:50,287] {dagbag.py:508} INFO - Filling up the DagBag from /home/airflow/.local/lib/python3.7/site-packages/airflow/example_dags/example_nested_branch_dag.py
[2024-05-23 09:35:50,294] {processor.py:651} INFO - DAG(s) dict_keys(['example_nested_branch_dag']) retrieved from /home/airflow/.local/lib/python3.7/site-packages/airflow/example_dags/example_nested_branch_dag.py
[2024-05-23 09:35:50,312] {logging_mixin.py:115} INFO - [2024-05-23 09:35:50,312] {dag.py:2420} INFO - Sync 1 DAGs
[2024-05-23 09:35:50,324] {logging_mixin.py:115} INFO - [2024-05-23 09:35:50,324] {dag.py:2972} INFO - Setting next_dagrun for example_nested_branch_dag to 2024-05-22T00:00:00+00:00, run_after=2024-05-23T00:00:00+00:00
[2024-05-23 09:35:50,332] {processor.py:161} INFO - Processing /home/airflow/.local/lib/python3.7/site-packages/airflow/example_dags/example_nested_branch_dag.py took 0.049 seconds
[2024-05-23 09:36:20,794] {processor.py:153} INFO - Started process (PID=1635) to work on /home/airflow/.local/lib/python3.7/site-packages/airflow/example_dags/example_nested_branch_dag.py
[2024-05-23 09:36:20,795] {processor.py:641} INFO - Processing file /home/airflow/.local/lib/python3.7/site-packages/airflow/example_dags/example_nested_branch_dag.py for tasks to queue
[2024-05-23 09:36:20,795] {logging_mixin.py:115} INFO - [2024-05-23 09:36:20,795] {dagbag.py:508} INFO - Filling up the DagBag from /home/airflow/.local/lib/python3.7/site-packages/airflow/example_dags/example_nested_branch_dag.py
[2024-05-23 09:36:20,802] {processor.py:651} INFO - DAG(s) dict_keys(['example_nested_branch_dag']) retrieved from /home/airflow/.local/lib/python3.7/site-packages/airflow/example_dags/example_nested_branch_dag.py
[2024-05-23 09:36:20,820] {logging_mixin.py:115} INFO - [2024-05-23 09:36:20,820] {dag.py:2420} INFO - Sync 1 DAGs
[2024-05-23 09:36:20,834] {logging_mixin.py:115} INFO - [2024-05-23 09:36:20,834] {dag.py:2972} INFO - Setting next_dagrun for example_nested_branch_dag to 2024-05-22T00:00:00+00:00, run_after=2024-05-23T00:00:00+00:00
[2024-05-23 09:36:20,841] {processor.py:161} INFO - Processing /home/airflow/.local/lib/python3.7/site-packages/airflow/example_dags/example_nested_branch_dag.py took 0.049 seconds
[2024-05-23 09:36:51,218] {processor.py:153} INFO - Started process (PID=1688) to work on /home/airflow/.local/lib/python3.7/site-packages/airflow/example_dags/example_nested_branch_dag.py
[2024-05-23 09:36:51,219] {processor.py:641} INFO - Processing file /home/airflow/.local/lib/python3.7/site-packages/airflow/example_dags/example_nested_branch_dag.py for tasks to queue
[2024-05-23 09:36:51,220] {logging_mixin.py:115} INFO - [2024-05-23 09:36:51,220] {dagbag.py:508} INFO - Filling up the DagBag from /home/airflow/.local/lib/python3.7/site-packages/airflow/example_dags/example_nested_branch_dag.py
[2024-05-23 09:36:51,227] {processor.py:651} INFO - DAG(s) dict_keys(['example_nested_branch_dag']) retrieved from /home/airflow/.local/lib/python3.7/site-packages/airflow/example_dags/example_nested_branch_dag.py
[2024-05-23 09:36:51,245] {logging_mixin.py:115} INFO - [2024-05-23 09:36:51,245] {dag.py:2420} INFO - Sync 1 DAGs
[2024-05-23 09:36:51,258] {logging_mixin.py:115} INFO - [2024-05-23 09:36:51,258] {dag.py:2972} INFO - Setting next_dagrun for example_nested_branch_dag to 2024-05-22T00:00:00+00:00, run_after=2024-05-23T00:00:00+00:00
[2024-05-23 09:36:51,265] {processor.py:161} INFO - Processing /home/airflow/.local/lib/python3.7/site-packages/airflow/example_dags/example_nested_branch_dag.py took 0.049 seconds
[2024-05-23 09:37:21,739] {processor.py:153} INFO - Started process (PID=1750) to work on /home/airflow/.local/lib/python3.7/site-packages/airflow/example_dags/example_nested_branch_dag.py
[2024-05-23 09:37:21,740] {processor.py:641} INFO - Processing file /home/airflow/.local/lib/python3.7/site-packages/airflow/example_dags/example_nested_branch_dag.py for tasks to queue
[2024-05-23 09:37:21,741] {logging_mixin.py:115} INFO - [2024-05-23 09:37:21,741] {dagbag.py:508} INFO - Filling up the DagBag from /home/airflow/.local/lib/python3.7/site-packages/airflow/example_dags/example_nested_branch_dag.py
[2024-05-23 09:37:21,747] {processor.py:651} INFO - DAG(s) dict_keys(['example_nested_branch_dag']) retrieved from /home/airflow/.local/lib/python3.7/site-packages/airflow/example_dags/example_nested_branch_dag.py
[2024-05-23 09:37:21,766] {logging_mixin.py:115} INFO - [2024-05-23 09:37:21,766] {dag.py:2420} INFO - Sync 1 DAGs
[2024-05-23 09:37:21,779] {logging_mixin.py:115} INFO - [2024-05-23 09:37:21,779] {dag.py:2972} INFO - Setting next_dagrun for example_nested_branch_dag to 2024-05-22T00:00:00+00:00, run_after=2024-05-23T00:00:00+00:00
[2024-05-23 09:37:21,786] {processor.py:161} INFO - Processing /home/airflow/.local/lib/python3.7/site-packages/airflow/example_dags/example_nested_branch_dag.py took 0.049 seconds
[2024-05-23 09:37:52,252] {processor.py:153} INFO - Started process (PID=1812) to work on /home/airflow/.local/lib/python3.7/site-packages/airflow/example_dags/example_nested_branch_dag.py
[2024-05-23 09:37:52,253] {processor.py:641} INFO - Processing file /home/airflow/.local/lib/python3.7/site-packages/airflow/example_dags/example_nested_branch_dag.py for tasks to queue
[2024-05-23 09:37:52,253] {logging_mixin.py:115} INFO - [2024-05-23 09:37:52,253] {dagbag.py:508} INFO - Filling up the DagBag from /home/airflow/.local/lib/python3.7/site-packages/airflow/example_dags/example_nested_branch_dag.py
[2024-05-23 09:37:52,260] {processor.py:651} INFO - DAG(s) dict_keys(['example_nested_branch_dag']) retrieved from /home/airflow/.local/lib/python3.7/site-packages/airflow/example_dags/example_nested_branch_dag.py
[2024-05-23 09:37:52,280] {logging_mixin.py:115} INFO - [2024-05-23 09:37:52,280] {dag.py:2420} INFO - Sync 1 DAGs
[2024-05-23 09:37:52,295] {logging_mixin.py:115} INFO - [2024-05-23 09:37:52,294] {dag.py:2972} INFO - Setting next_dagrun for example_nested_branch_dag to 2024-05-22T00:00:00+00:00, run_after=2024-05-23T00:00:00+00:00
[2024-05-23 09:37:52,301] {processor.py:161} INFO - Processing /home/airflow/.local/lib/python3.7/site-packages/airflow/example_dags/example_nested_branch_dag.py took 0.052 seconds
[2024-05-23 09:38:22,795] {processor.py:153} INFO - Started process (PID=1874) to work on /home/airflow/.local/lib/python3.7/site-packages/airflow/example_dags/example_nested_branch_dag.py
[2024-05-23 09:38:22,796] {processor.py:641} INFO - Processing file /home/airflow/.local/lib/python3.7/site-packages/airflow/example_dags/example_nested_branch_dag.py for tasks to queue
[2024-05-23 09:38:22,797] {logging_mixin.py:115} INFO - [2024-05-23 09:38:22,797] {dagbag.py:508} INFO - Filling up the DagBag from /home/airflow/.local/lib/python3.7/site-packages/airflow/example_dags/example_nested_branch_dag.py
[2024-05-23 09:38:22,803] {processor.py:651} INFO - DAG(s) dict_keys(['example_nested_branch_dag']) retrieved from /home/airflow/.local/lib/python3.7/site-packages/airflow/example_dags/example_nested_branch_dag.py
[2024-05-23 09:38:22,821] {logging_mixin.py:115} INFO - [2024-05-23 09:38:22,821] {dag.py:2420} INFO - Sync 1 DAGs
[2024-05-23 09:38:22,835] {logging_mixin.py:115} INFO - [2024-05-23 09:38:22,835] {dag.py:2972} INFO - Setting next_dagrun for example_nested_branch_dag to 2024-05-22T00:00:00+00:00, run_after=2024-05-23T00:00:00+00:00
[2024-05-23 09:38:22,842] {processor.py:161} INFO - Processing /home/airflow/.local/lib/python3.7/site-packages/airflow/example_dags/example_nested_branch_dag.py took 0.048 seconds
[2024-05-23 09:38:53,187] {processor.py:153} INFO - Started process (PID=1936) to work on /home/airflow/.local/lib/python3.7/site-packages/airflow/example_dags/example_nested_branch_dag.py
[2024-05-23 09:38:53,188] {processor.py:641} INFO - Processing file /home/airflow/.local/lib/python3.7/site-packages/airflow/example_dags/example_nested_branch_dag.py for tasks to queue
[2024-05-23 09:38:53,189] {logging_mixin.py:115} INFO - [2024-05-23 09:38:53,189] {dagbag.py:508} INFO - Filling up the DagBag from /home/airflow/.local/lib/python3.7/site-packages/airflow/example_dags/example_nested_branch_dag.py
[2024-05-23 09:38:53,195] {processor.py:651} INFO - DAG(s) dict_keys(['example_nested_branch_dag']) retrieved from /home/airflow/.local/lib/python3.7/site-packages/airflow/example_dags/example_nested_branch_dag.py
[2024-05-23 09:38:53,215] {logging_mixin.py:115} INFO - [2024-05-23 09:38:53,215] {dag.py:2420} INFO - Sync 1 DAGs
[2024-05-23 09:38:53,228] {logging_mixin.py:115} INFO - [2024-05-23 09:38:53,228] {dag.py:2972} INFO - Setting next_dagrun for example_nested_branch_dag to 2024-05-22T00:00:00+00:00, run_after=2024-05-23T00:00:00+00:00
[2024-05-23 09:38:53,235] {processor.py:161} INFO - Processing /home/airflow/.local/lib/python3.7/site-packages/airflow/example_dags/example_nested_branch_dag.py took 0.050 seconds
[2024-05-23 09:39:23,593] {processor.py:153} INFO - Started process (PID=1998) to work on /home/airflow/.local/lib/python3.7/site-packages/airflow/example_dags/example_nested_branch_dag.py
[2024-05-23 09:39:23,594] {processor.py:641} INFO - Processing file /home/airflow/.local/lib/python3.7/site-packages/airflow/example_dags/example_nested_branch_dag.py for tasks to queue
[2024-05-23 09:39:23,595] {logging_mixin.py:115} INFO - [2024-05-23 09:39:23,595] {dagbag.py:508} INFO - Filling up the DagBag from /home/airflow/.local/lib/python3.7/site-packages/airflow/example_dags/example_nested_branch_dag.py
[2024-05-23 09:39:23,602] {processor.py:651} INFO - DAG(s) dict_keys(['example_nested_branch_dag']) retrieved from /home/airflow/.local/lib/python3.7/site-packages/airflow/example_dags/example_nested_branch_dag.py
[2024-05-23 09:39:23,622] {logging_mixin.py:115} INFO - [2024-05-23 09:39:23,622] {dag.py:2420} INFO - Sync 1 DAGs
[2024-05-23 09:39:23,636] {logging_mixin.py:115} INFO - [2024-05-23 09:39:23,636] {dag.py:2972} INFO - Setting next_dagrun for example_nested_branch_dag to 2024-05-22T00:00:00+00:00, run_after=2024-05-23T00:00:00+00:00
[2024-05-23 09:39:23,645] {processor.py:161} INFO - Processing /home/airflow/.local/lib/python3.7/site-packages/airflow/example_dags/example_nested_branch_dag.py took 0.054 seconds
[2024-05-23 09:39:54,009] {processor.py:153} INFO - Started process (PID=2051) to work on /home/airflow/.local/lib/python3.7/site-packages/airflow/example_dags/example_nested_branch_dag.py
[2024-05-23 09:39:54,010] {processor.py:641} INFO - Processing file /home/airflow/.local/lib/python3.7/site-packages/airflow/example_dags/example_nested_branch_dag.py for tasks to queue
[2024-05-23 09:39:54,011] {logging_mixin.py:115} INFO - [2024-05-23 09:39:54,011] {dagbag.py:508} INFO - Filling up the DagBag from /home/airflow/.local/lib/python3.7/site-packages/airflow/example_dags/example_nested_branch_dag.py
[2024-05-23 09:39:54,018] {processor.py:651} INFO - DAG(s) dict_keys(['example_nested_branch_dag']) retrieved from /home/airflow/.local/lib/python3.7/site-packages/airflow/example_dags/example_nested_branch_dag.py
[2024-05-23 09:39:54,036] {logging_mixin.py:115} INFO - [2024-05-23 09:39:54,036] {dag.py:2420} INFO - Sync 1 DAGs
[2024-05-23 09:39:54,050] {logging_mixin.py:115} INFO - [2024-05-23 09:39:54,050] {dag.py:2972} INFO - Setting next_dagrun for example_nested_branch_dag to 2024-05-22T00:00:00+00:00, run_after=2024-05-23T00:00:00+00:00
[2024-05-23 09:39:54,057] {processor.py:161} INFO - Processing /home/airflow/.local/lib/python3.7/site-packages/airflow/example_dags/example_nested_branch_dag.py took 0.049 seconds
[2024-05-23 09:40:24,453] {processor.py:153} INFO - Started process (PID=2113) to work on /home/airflow/.local/lib/python3.7/site-packages/airflow/example_dags/example_nested_branch_dag.py
[2024-05-23 09:40:24,454] {processor.py:641} INFO - Processing file /home/airflow/.local/lib/python3.7/site-packages/airflow/example_dags/example_nested_branch_dag.py for tasks to queue
[2024-05-23 09:40:24,454] {logging_mixin.py:115} INFO - [2024-05-23 09:40:24,454] {dagbag.py:508} INFO - Filling up the DagBag from /home/airflow/.local/lib/python3.7/site-packages/airflow/example_dags/example_nested_branch_dag.py
[2024-05-23 09:40:24,461] {processor.py:651} INFO - DAG(s) dict_keys(['example_nested_branch_dag']) retrieved from /home/airflow/.local/lib/python3.7/site-packages/airflow/example_dags/example_nested_branch_dag.py
[2024-05-23 09:40:24,479] {logging_mixin.py:115} INFO - [2024-05-23 09:40:24,479] {dag.py:2420} INFO - Sync 1 DAGs
[2024-05-23 09:40:24,492] {logging_mixin.py:115} INFO - [2024-05-23 09:40:24,492] {dag.py:2972} INFO - Setting next_dagrun for example_nested_branch_dag to 2024-05-22T00:00:00+00:00, run_after=2024-05-23T00:00:00+00:00
[2024-05-23 09:40:24,498] {processor.py:161} INFO - Processing /home/airflow/.local/lib/python3.7/site-packages/airflow/example_dags/example_nested_branch_dag.py took 0.047 seconds
[2024-05-23 09:40:54,970] {processor.py:153} INFO - Started process (PID=2175) to work on /home/airflow/.local/lib/python3.7/site-packages/airflow/example_dags/example_nested_branch_dag.py
[2024-05-23 09:40:54,970] {processor.py:641} INFO - Processing file /home/airflow/.local/lib/python3.7/site-packages/airflow/example_dags/example_nested_branch_dag.py for tasks to queue
[2024-05-23 09:40:54,971] {logging_mixin.py:115} INFO - [2024-05-23 09:40:54,971] {dagbag.py:508} INFO - Filling up the DagBag from /home/airflow/.local/lib/python3.7/site-packages/airflow/example_dags/example_nested_branch_dag.py
[2024-05-23 09:40:54,977] {processor.py:651} INFO - DAG(s) dict_keys(['example_nested_branch_dag']) retrieved from /home/airflow/.local/lib/python3.7/site-packages/airflow/example_dags/example_nested_branch_dag.py
[2024-05-23 09:40:54,996] {logging_mixin.py:115} INFO - [2024-05-23 09:40:54,996] {dag.py:2420} INFO - Sync 1 DAGs
[2024-05-23 09:40:55,009] {logging_mixin.py:115} INFO - [2024-05-23 09:40:55,009] {dag.py:2972} INFO - Setting next_dagrun for example_nested_branch_dag to 2024-05-22T00:00:00+00:00, run_after=2024-05-23T00:00:00+00:00
[2024-05-23 09:40:55,015] {processor.py:161} INFO - Processing /home/airflow/.local/lib/python3.7/site-packages/airflow/example_dags/example_nested_branch_dag.py took 0.048 seconds
[2024-05-23 09:41:25,473] {processor.py:153} INFO - Started process (PID=2237) to work on /home/airflow/.local/lib/python3.7/site-packages/airflow/example_dags/example_nested_branch_dag.py
[2024-05-23 09:41:25,474] {processor.py:641} INFO - Processing file /home/airflow/.local/lib/python3.7/site-packages/airflow/example_dags/example_nested_branch_dag.py for tasks to queue
[2024-05-23 09:41:25,475] {logging_mixin.py:115} INFO - [2024-05-23 09:41:25,475] {dagbag.py:508} INFO - Filling up the DagBag from /home/airflow/.local/lib/python3.7/site-packages/airflow/example_dags/example_nested_branch_dag.py
[2024-05-23 09:41:25,481] {processor.py:651} INFO - DAG(s) dict_keys(['example_nested_branch_dag']) retrieved from /home/airflow/.local/lib/python3.7/site-packages/airflow/example_dags/example_nested_branch_dag.py
[2024-05-23 09:41:25,501] {logging_mixin.py:115} INFO - [2024-05-23 09:41:25,501] {dag.py:2420} INFO - Sync 1 DAGs
[2024-05-23 09:41:25,514] {logging_mixin.py:115} INFO - [2024-05-23 09:41:25,514] {dag.py:2972} INFO - Setting next_dagrun for example_nested_branch_dag to 2024-05-22T00:00:00+00:00, run_after=2024-05-23T00:00:00+00:00
[2024-05-23 09:41:25,522] {processor.py:161} INFO - Processing /home/airflow/.local/lib/python3.7/site-packages/airflow/example_dags/example_nested_branch_dag.py took 0.050 seconds
[2024-05-23 09:41:56,217] {processor.py:153} INFO - Started process (PID=2299) to work on /home/airflow/.local/lib/python3.7/site-packages/airflow/example_dags/example_nested_branch_dag.py
[2024-05-23 09:41:56,218] {processor.py:641} INFO - Processing file /home/airflow/.local/lib/python3.7/site-packages/airflow/example_dags/example_nested_branch_dag.py for tasks to queue
[2024-05-23 09:41:56,218] {logging_mixin.py:115} INFO - [2024-05-23 09:41:56,218] {dagbag.py:508} INFO - Filling up the DagBag from /home/airflow/.local/lib/python3.7/site-packages/airflow/example_dags/example_nested_branch_dag.py
[2024-05-23 09:41:56,224] {processor.py:651} INFO - DAG(s) dict_keys(['example_nested_branch_dag']) retrieved from /home/airflow/.local/lib/python3.7/site-packages/airflow/example_dags/example_nested_branch_dag.py
[2024-05-23 09:41:56,243] {logging_mixin.py:115} INFO - [2024-05-23 09:41:56,243] {dag.py:2420} INFO - Sync 1 DAGs
[2024-05-23 09:41:56,257] {logging_mixin.py:115} INFO - [2024-05-23 09:41:56,257] {dag.py:2972} INFO - Setting next_dagrun for example_nested_branch_dag to 2024-05-22T00:00:00+00:00, run_after=2024-05-23T00:00:00+00:00
[2024-05-23 09:41:56,264] {processor.py:161} INFO - Processing /home/airflow/.local/lib/python3.7/site-packages/airflow/example_dags/example_nested_branch_dag.py took 0.050 seconds
[2024-05-23 09:42:26,618] {processor.py:153} INFO - Started process (PID=2361) to work on /home/airflow/.local/lib/python3.7/site-packages/airflow/example_dags/example_nested_branch_dag.py
[2024-05-23 09:42:26,619] {processor.py:641} INFO - Processing file /home/airflow/.local/lib/python3.7/site-packages/airflow/example_dags/example_nested_branch_dag.py for tasks to queue
[2024-05-23 09:42:26,620] {logging_mixin.py:115} INFO - [2024-05-23 09:42:26,620] {dagbag.py:508} INFO - Filling up the DagBag from /home/airflow/.local/lib/python3.7/site-packages/airflow/example_dags/example_nested_branch_dag.py
[2024-05-23 09:42:26,627] {processor.py:651} INFO - DAG(s) dict_keys(['example_nested_branch_dag']) retrieved from /home/airflow/.local/lib/python3.7/site-packages/airflow/example_dags/example_nested_branch_dag.py
[2024-05-23 09:42:26,648] {logging_mixin.py:115} INFO - [2024-05-23 09:42:26,648] {dag.py:2420} INFO - Sync 1 DAGs
[2024-05-23 09:42:26,661] {logging_mixin.py:115} INFO - [2024-05-23 09:42:26,661] {dag.py:2972} INFO - Setting next_dagrun for example_nested_branch_dag to 2024-05-22T00:00:00+00:00, run_after=2024-05-23T00:00:00+00:00
[2024-05-23 09:42:26,668] {processor.py:161} INFO - Processing /home/airflow/.local/lib/python3.7/site-packages/airflow/example_dags/example_nested_branch_dag.py took 0.052 seconds
[2024-05-23 09:42:57,093] {processor.py:153} INFO - Started process (PID=2414) to work on /home/airflow/.local/lib/python3.7/site-packages/airflow/example_dags/example_nested_branch_dag.py
[2024-05-23 09:42:57,093] {processor.py:641} INFO - Processing file /home/airflow/.local/lib/python3.7/site-packages/airflow/example_dags/example_nested_branch_dag.py for tasks to queue
[2024-05-23 09:42:57,094] {logging_mixin.py:115} INFO - [2024-05-23 09:42:57,094] {dagbag.py:508} INFO - Filling up the DagBag from /home/airflow/.local/lib/python3.7/site-packages/airflow/example_dags/example_nested_branch_dag.py
[2024-05-23 09:42:57,101] {processor.py:651} INFO - DAG(s) dict_keys(['example_nested_branch_dag']) retrieved from /home/airflow/.local/lib/python3.7/site-packages/airflow/example_dags/example_nested_branch_dag.py
[2024-05-23 09:42:57,119] {logging_mixin.py:115} INFO - [2024-05-23 09:42:57,119] {dag.py:2420} INFO - Sync 1 DAGs
[2024-05-23 09:42:57,132] {logging_mixin.py:115} INFO - [2024-05-23 09:42:57,132] {dag.py:2972} INFO - Setting next_dagrun for example_nested_branch_dag to 2024-05-22T00:00:00+00:00, run_after=2024-05-23T00:00:00+00:00
[2024-05-23 09:42:57,139] {processor.py:161} INFO - Processing /home/airflow/.local/lib/python3.7/site-packages/airflow/example_dags/example_nested_branch_dag.py took 0.049 seconds
[2024-05-23 09:43:27,573] {processor.py:153} INFO - Started process (PID=2477) to work on /home/airflow/.local/lib/python3.7/site-packages/airflow/example_dags/example_nested_branch_dag.py
[2024-05-23 09:43:27,574] {processor.py:641} INFO - Processing file /home/airflow/.local/lib/python3.7/site-packages/airflow/example_dags/example_nested_branch_dag.py for tasks to queue
[2024-05-23 09:43:27,575] {logging_mixin.py:115} INFO - [2024-05-23 09:43:27,575] {dagbag.py:508} INFO - Filling up the DagBag from /home/airflow/.local/lib/python3.7/site-packages/airflow/example_dags/example_nested_branch_dag.py
[2024-05-23 09:43:27,582] {processor.py:651} INFO - DAG(s) dict_keys(['example_nested_branch_dag']) retrieved from /home/airflow/.local/lib/python3.7/site-packages/airflow/example_dags/example_nested_branch_dag.py
[2024-05-23 09:43:27,600] {logging_mixin.py:115} INFO - [2024-05-23 09:43:27,599] {dag.py:2420} INFO - Sync 1 DAGs
[2024-05-23 09:43:27,613] {logging_mixin.py:115} INFO - [2024-05-23 09:43:27,613] {dag.py:2972} INFO - Setting next_dagrun for example_nested_branch_dag to 2024-05-22T00:00:00+00:00, run_after=2024-05-23T00:00:00+00:00
[2024-05-23 09:43:27,620] {processor.py:161} INFO - Processing /home/airflow/.local/lib/python3.7/site-packages/airflow/example_dags/example_nested_branch_dag.py took 0.048 seconds
[2024-05-23 09:43:58,062] {processor.py:153} INFO - Started process (PID=2539) to work on /home/airflow/.local/lib/python3.7/site-packages/airflow/example_dags/example_nested_branch_dag.py
[2024-05-23 09:43:58,063] {processor.py:641} INFO - Processing file /home/airflow/.local/lib/python3.7/site-packages/airflow/example_dags/example_nested_branch_dag.py for tasks to queue
[2024-05-23 09:43:58,064] {logging_mixin.py:115} INFO - [2024-05-23 09:43:58,064] {dagbag.py:508} INFO - Filling up the DagBag from /home/airflow/.local/lib/python3.7/site-packages/airflow/example_dags/example_nested_branch_dag.py
[2024-05-23 09:43:58,071] {processor.py:651} INFO - DAG(s) dict_keys(['example_nested_branch_dag']) retrieved from /home/airflow/.local/lib/python3.7/site-packages/airflow/example_dags/example_nested_branch_dag.py
[2024-05-23 09:43:58,089] {logging_mixin.py:115} INFO - [2024-05-23 09:43:58,089] {dag.py:2420} INFO - Sync 1 DAGs
[2024-05-23 09:43:58,102] {logging_mixin.py:115} INFO - [2024-05-23 09:43:58,101] {dag.py:2972} INFO - Setting next_dagrun for example_nested_branch_dag to 2024-05-22T00:00:00+00:00, run_after=2024-05-23T00:00:00+00:00
[2024-05-23 09:43:58,108] {processor.py:161} INFO - Processing /home/airflow/.local/lib/python3.7/site-packages/airflow/example_dags/example_nested_branch_dag.py took 0.049 seconds
[2024-05-23 09:44:28,479] {processor.py:153} INFO - Started process (PID=2601) to work on /home/airflow/.local/lib/python3.7/site-packages/airflow/example_dags/example_nested_branch_dag.py
[2024-05-23 09:44:28,480] {processor.py:641} INFO - Processing file /home/airflow/.local/lib/python3.7/site-packages/airflow/example_dags/example_nested_branch_dag.py for tasks to queue
[2024-05-23 09:44:28,481] {logging_mixin.py:115} INFO - [2024-05-23 09:44:28,481] {dagbag.py:508} INFO - Filling up the DagBag from /home/airflow/.local/lib/python3.7/site-packages/airflow/example_dags/example_nested_branch_dag.py
[2024-05-23 09:44:28,488] {processor.py:651} INFO - DAG(s) dict_keys(['example_nested_branch_dag']) retrieved from /home/airflow/.local/lib/python3.7/site-packages/airflow/example_dags/example_nested_branch_dag.py
[2024-05-23 09:44:28,507] {logging_mixin.py:115} INFO - [2024-05-23 09:44:28,507] {dag.py:2420} INFO - Sync 1 DAGs
[2024-05-23 09:44:28,519] {logging_mixin.py:115} INFO - [2024-05-23 09:44:28,519] {dag.py:2972} INFO - Setting next_dagrun for example_nested_branch_dag to 2024-05-22T00:00:00+00:00, run_after=2024-05-23T00:00:00+00:00
[2024-05-23 09:44:28,526] {processor.py:161} INFO - Processing /home/airflow/.local/lib/python3.7/site-packages/airflow/example_dags/example_nested_branch_dag.py took 0.049 seconds
[2024-05-23 09:44:59,050] {processor.py:153} INFO - Started process (PID=2663) to work on /home/airflow/.local/lib/python3.7/site-packages/airflow/example_dags/example_nested_branch_dag.py
[2024-05-23 09:44:59,051] {processor.py:641} INFO - Processing file /home/airflow/.local/lib/python3.7/site-packages/airflow/example_dags/example_nested_branch_dag.py for tasks to queue
[2024-05-23 09:44:59,052] {logging_mixin.py:115} INFO - [2024-05-23 09:44:59,052] {dagbag.py:508} INFO - Filling up the DagBag from /home/airflow/.local/lib/python3.7/site-packages/airflow/example_dags/example_nested_branch_dag.py
[2024-05-23 09:44:59,058] {processor.py:651} INFO - DAG(s) dict_keys(['example_nested_branch_dag']) retrieved from /home/airflow/.local/lib/python3.7/site-packages/airflow/example_dags/example_nested_branch_dag.py
[2024-05-23 09:44:59,078] {logging_mixin.py:115} INFO - [2024-05-23 09:44:59,078] {dag.py:2420} INFO - Sync 1 DAGs
[2024-05-23 09:44:59,091] {logging_mixin.py:115} INFO - [2024-05-23 09:44:59,090] {dag.py:2972} INFO - Setting next_dagrun for example_nested_branch_dag to 2024-05-22T00:00:00+00:00, run_after=2024-05-23T00:00:00+00:00
[2024-05-23 09:44:59,097] {processor.py:161} INFO - Processing /home/airflow/.local/lib/python3.7/site-packages/airflow/example_dags/example_nested_branch_dag.py took 0.049 seconds
[2024-05-23 09:45:29,563] {processor.py:153} INFO - Started process (PID=2716) to work on /home/airflow/.local/lib/python3.7/site-packages/airflow/example_dags/example_nested_branch_dag.py
[2024-05-23 09:45:29,564] {processor.py:641} INFO - Processing file /home/airflow/.local/lib/python3.7/site-packages/airflow/example_dags/example_nested_branch_dag.py for tasks to queue
[2024-05-23 09:45:29,564] {logging_mixin.py:115} INFO - [2024-05-23 09:45:29,564] {dagbag.py:508} INFO - Filling up the DagBag from /home/airflow/.local/lib/python3.7/site-packages/airflow/example_dags/example_nested_branch_dag.py
[2024-05-23 09:45:29,571] {processor.py:651} INFO - DAG(s) dict_keys(['example_nested_branch_dag']) retrieved from /home/airflow/.local/lib/python3.7/site-packages/airflow/example_dags/example_nested_branch_dag.py
[2024-05-23 09:45:29,590] {logging_mixin.py:115} INFO - [2024-05-23 09:45:29,590] {dag.py:2420} INFO - Sync 1 DAGs
[2024-05-23 09:45:29,603] {logging_mixin.py:115} INFO - [2024-05-23 09:45:29,603] {dag.py:2972} INFO - Setting next_dagrun for example_nested_branch_dag to 2024-05-22T00:00:00+00:00, run_after=2024-05-23T00:00:00+00:00
[2024-05-23 09:45:29,610] {processor.py:161} INFO - Processing /home/airflow/.local/lib/python3.7/site-packages/airflow/example_dags/example_nested_branch_dag.py took 0.050 seconds
[2024-05-23 09:46:00,052] {processor.py:153} INFO - Started process (PID=2778) to work on /home/airflow/.local/lib/python3.7/site-packages/airflow/example_dags/example_nested_branch_dag.py
[2024-05-23 09:46:00,053] {processor.py:641} INFO - Processing file /home/airflow/.local/lib/python3.7/site-packages/airflow/example_dags/example_nested_branch_dag.py for tasks to queue
[2024-05-23 09:46:00,054] {logging_mixin.py:115} INFO - [2024-05-23 09:46:00,054] {dagbag.py:508} INFO - Filling up the DagBag from /home/airflow/.local/lib/python3.7/site-packages/airflow/example_dags/example_nested_branch_dag.py
[2024-05-23 09:46:00,061] {processor.py:651} INFO - DAG(s) dict_keys(['example_nested_branch_dag']) retrieved from /home/airflow/.local/lib/python3.7/site-packages/airflow/example_dags/example_nested_branch_dag.py
[2024-05-23 09:46:00,080] {logging_mixin.py:115} INFO - [2024-05-23 09:46:00,079] {dag.py:2420} INFO - Sync 1 DAGs
[2024-05-23 09:46:00,093] {logging_mixin.py:115} INFO - [2024-05-23 09:46:00,093] {dag.py:2972} INFO - Setting next_dagrun for example_nested_branch_dag to 2024-05-22T00:00:00+00:00, run_after=2024-05-23T00:00:00+00:00
[2024-05-23 09:46:00,099] {processor.py:161} INFO - Processing /home/airflow/.local/lib/python3.7/site-packages/airflow/example_dags/example_nested_branch_dag.py took 0.048 seconds
[2024-05-23 09:46:30,449] {processor.py:153} INFO - Started process (PID=2840) to work on /home/airflow/.local/lib/python3.7/site-packages/airflow/example_dags/example_nested_branch_dag.py
[2024-05-23 09:46:30,450] {processor.py:641} INFO - Processing file /home/airflow/.local/lib/python3.7/site-packages/airflow/example_dags/example_nested_branch_dag.py for tasks to queue
[2024-05-23 09:46:30,451] {logging_mixin.py:115} INFO - [2024-05-23 09:46:30,451] {dagbag.py:508} INFO - Filling up the DagBag from /home/airflow/.local/lib/python3.7/site-packages/airflow/example_dags/example_nested_branch_dag.py
[2024-05-23 09:46:30,458] {processor.py:651} INFO - DAG(s) dict_keys(['example_nested_branch_dag']) retrieved from /home/airflow/.local/lib/python3.7/site-packages/airflow/example_dags/example_nested_branch_dag.py
[2024-05-23 09:46:30,475] {logging_mixin.py:115} INFO - [2024-05-23 09:46:30,475] {dag.py:2420} INFO - Sync 1 DAGs
[2024-05-23 09:46:30,486] {logging_mixin.py:115} INFO - [2024-05-23 09:46:30,486] {dag.py:2972} INFO - Setting next_dagrun for example_nested_branch_dag to 2024-05-22T00:00:00+00:00, run_after=2024-05-23T00:00:00+00:00
[2024-05-23 09:46:30,493] {processor.py:161} INFO - Processing /home/airflow/.local/lib/python3.7/site-packages/airflow/example_dags/example_nested_branch_dag.py took 0.046 seconds
[2024-05-23 09:47:01,095] {processor.py:153} INFO - Started process (PID=2902) to work on /home/airflow/.local/lib/python3.7/site-packages/airflow/example_dags/example_nested_branch_dag.py
[2024-05-23 09:47:01,096] {processor.py:641} INFO - Processing file /home/airflow/.local/lib/python3.7/site-packages/airflow/example_dags/example_nested_branch_dag.py for tasks to queue
[2024-05-23 09:47:01,097] {logging_mixin.py:115} INFO - [2024-05-23 09:47:01,097] {dagbag.py:508} INFO - Filling up the DagBag from /home/airflow/.local/lib/python3.7/site-packages/airflow/example_dags/example_nested_branch_dag.py
[2024-05-23 09:47:01,104] {processor.py:651} INFO - DAG(s) dict_keys(['example_nested_branch_dag']) retrieved from /home/airflow/.local/lib/python3.7/site-packages/airflow/example_dags/example_nested_branch_dag.py
[2024-05-23 09:47:01,123] {logging_mixin.py:115} INFO - [2024-05-23 09:47:01,123] {dag.py:2420} INFO - Sync 1 DAGs
[2024-05-23 09:47:01,137] {logging_mixin.py:115} INFO - [2024-05-23 09:47:01,137] {dag.py:2972} INFO - Setting next_dagrun for example_nested_branch_dag to 2024-05-22T00:00:00+00:00, run_after=2024-05-23T00:00:00+00:00
[2024-05-23 09:47:01,145] {processor.py:161} INFO - Processing /home/airflow/.local/lib/python3.7/site-packages/airflow/example_dags/example_nested_branch_dag.py took 0.053 seconds
[2024-05-23 09:47:31,562] {processor.py:153} INFO - Started process (PID=2964) to work on /home/airflow/.local/lib/python3.7/site-packages/airflow/example_dags/example_nested_branch_dag.py
[2024-05-23 09:47:31,563] {processor.py:641} INFO - Processing file /home/airflow/.local/lib/python3.7/site-packages/airflow/example_dags/example_nested_branch_dag.py for tasks to queue
[2024-05-23 09:47:31,564] {logging_mixin.py:115} INFO - [2024-05-23 09:47:31,564] {dagbag.py:508} INFO - Filling up the DagBag from /home/airflow/.local/lib/python3.7/site-packages/airflow/example_dags/example_nested_branch_dag.py
[2024-05-23 09:47:31,572] {processor.py:651} INFO - DAG(s) dict_keys(['example_nested_branch_dag']) retrieved from /home/airflow/.local/lib/python3.7/site-packages/airflow/example_dags/example_nested_branch_dag.py
[2024-05-23 09:47:31,595] {logging_mixin.py:115} INFO - [2024-05-23 09:47:31,595] {dag.py:2420} INFO - Sync 1 DAGs
[2024-05-23 09:47:31,610] {logging_mixin.py:115} INFO - [2024-05-23 09:47:31,610] {dag.py:2972} INFO - Setting next_dagrun for example_nested_branch_dag to 2024-05-22T00:00:00+00:00, run_after=2024-05-23T00:00:00+00:00
[2024-05-23 09:47:31,618] {processor.py:161} INFO - Processing /home/airflow/.local/lib/python3.7/site-packages/airflow/example_dags/example_nested_branch_dag.py took 0.059 seconds
[2024-05-23 09:48:01,973] {processor.py:153} INFO - Started process (PID=3026) to work on /home/airflow/.local/lib/python3.7/site-packages/airflow/example_dags/example_nested_branch_dag.py
[2024-05-23 09:48:01,974] {processor.py:641} INFO - Processing file /home/airflow/.local/lib/python3.7/site-packages/airflow/example_dags/example_nested_branch_dag.py for tasks to queue
[2024-05-23 09:48:01,975] {logging_mixin.py:115} INFO - [2024-05-23 09:48:01,975] {dagbag.py:508} INFO - Filling up the DagBag from /home/airflow/.local/lib/python3.7/site-packages/airflow/example_dags/example_nested_branch_dag.py
[2024-05-23 09:48:01,982] {processor.py:651} INFO - DAG(s) dict_keys(['example_nested_branch_dag']) retrieved from /home/airflow/.local/lib/python3.7/site-packages/airflow/example_dags/example_nested_branch_dag.py
[2024-05-23 09:48:02,002] {logging_mixin.py:115} INFO - [2024-05-23 09:48:02,002] {dag.py:2420} INFO - Sync 1 DAGs
[2024-05-23 09:48:02,016] {logging_mixin.py:115} INFO - [2024-05-23 09:48:02,015] {dag.py:2972} INFO - Setting next_dagrun for example_nested_branch_dag to 2024-05-22T00:00:00+00:00, run_after=2024-05-23T00:00:00+00:00
[2024-05-23 09:48:02,023] {processor.py:161} INFO - Processing /home/airflow/.local/lib/python3.7/site-packages/airflow/example_dags/example_nested_branch_dag.py took 0.053 seconds
[2024-05-23 09:48:32,457] {processor.py:153} INFO - Started process (PID=3079) to work on /home/airflow/.local/lib/python3.7/site-packages/airflow/example_dags/example_nested_branch_dag.py
[2024-05-23 09:48:32,458] {processor.py:641} INFO - Processing file /home/airflow/.local/lib/python3.7/site-packages/airflow/example_dags/example_nested_branch_dag.py for tasks to queue
[2024-05-23 09:48:32,458] {logging_mixin.py:115} INFO - [2024-05-23 09:48:32,458] {dagbag.py:508} INFO - Filling up the DagBag from /home/airflow/.local/lib/python3.7/site-packages/airflow/example_dags/example_nested_branch_dag.py
[2024-05-23 09:48:32,465] {processor.py:651} INFO - DAG(s) dict_keys(['example_nested_branch_dag']) retrieved from /home/airflow/.local/lib/python3.7/site-packages/airflow/example_dags/example_nested_branch_dag.py
[2024-05-23 09:48:32,483] {logging_mixin.py:115} INFO - [2024-05-23 09:48:32,483] {dag.py:2420} INFO - Sync 1 DAGs
[2024-05-23 09:48:32,496] {logging_mixin.py:115} INFO - [2024-05-23 09:48:32,496] {dag.py:2972} INFO - Setting next_dagrun for example_nested_branch_dag to 2024-05-22T00:00:00+00:00, run_after=2024-05-23T00:00:00+00:00
[2024-05-23 09:48:32,503] {processor.py:161} INFO - Processing /home/airflow/.local/lib/python3.7/site-packages/airflow/example_dags/example_nested_branch_dag.py took 0.048 seconds
[2024-05-23 09:49:03,014] {processor.py:153} INFO - Started process (PID=3141) to work on /home/airflow/.local/lib/python3.7/site-packages/airflow/example_dags/example_nested_branch_dag.py
[2024-05-23 09:49:03,015] {processor.py:641} INFO - Processing file /home/airflow/.local/lib/python3.7/site-packages/airflow/example_dags/example_nested_branch_dag.py for tasks to queue
[2024-05-23 09:49:03,015] {logging_mixin.py:115} INFO - [2024-05-23 09:49:03,015] {dagbag.py:508} INFO - Filling up the DagBag from /home/airflow/.local/lib/python3.7/site-packages/airflow/example_dags/example_nested_branch_dag.py
[2024-05-23 09:49:03,022] {processor.py:651} INFO - DAG(s) dict_keys(['example_nested_branch_dag']) retrieved from /home/airflow/.local/lib/python3.7/site-packages/airflow/example_dags/example_nested_branch_dag.py
[2024-05-23 09:49:03,041] {logging_mixin.py:115} INFO - [2024-05-23 09:49:03,041] {dag.py:2420} INFO - Sync 1 DAGs
[2024-05-23 09:49:03,053] {logging_mixin.py:115} INFO - [2024-05-23 09:49:03,053] {dag.py:2972} INFO - Setting next_dagrun for example_nested_branch_dag to 2024-05-22T00:00:00+00:00, run_after=2024-05-23T00:00:00+00:00
[2024-05-23 09:49:03,060] {processor.py:161} INFO - Processing /home/airflow/.local/lib/python3.7/site-packages/airflow/example_dags/example_nested_branch_dag.py took 0.049 seconds
[2024-05-23 09:49:33,545] {processor.py:153} INFO - Started process (PID=3203) to work on /home/airflow/.local/lib/python3.7/site-packages/airflow/example_dags/example_nested_branch_dag.py
[2024-05-23 09:49:33,546] {processor.py:641} INFO - Processing file /home/airflow/.local/lib/python3.7/site-packages/airflow/example_dags/example_nested_branch_dag.py for tasks to queue
[2024-05-23 09:49:33,547] {logging_mixin.py:115} INFO - [2024-05-23 09:49:33,547] {dagbag.py:508} INFO - Filling up the DagBag from /home/airflow/.local/lib/python3.7/site-packages/airflow/example_dags/example_nested_branch_dag.py
[2024-05-23 09:49:33,553] {processor.py:651} INFO - DAG(s) dict_keys(['example_nested_branch_dag']) retrieved from /home/airflow/.local/lib/python3.7/site-packages/airflow/example_dags/example_nested_branch_dag.py
[2024-05-23 09:49:33,571] {logging_mixin.py:115} INFO - [2024-05-23 09:49:33,571] {dag.py:2420} INFO - Sync 1 DAGs
[2024-05-23 09:49:33,585] {logging_mixin.py:115} INFO - [2024-05-23 09:49:33,585] {dag.py:2972} INFO - Setting next_dagrun for example_nested_branch_dag to 2024-05-22T00:00:00+00:00, run_after=2024-05-23T00:00:00+00:00
[2024-05-23 09:49:33,591] {processor.py:161} INFO - Processing /home/airflow/.local/lib/python3.7/site-packages/airflow/example_dags/example_nested_branch_dag.py took 0.048 seconds
[2024-05-23 09:50:03,972] {processor.py:153} INFO - Started process (PID=3265) to work on /home/airflow/.local/lib/python3.7/site-packages/airflow/example_dags/example_nested_branch_dag.py
[2024-05-23 09:50:03,974] {processor.py:641} INFO - Processing file /home/airflow/.local/lib/python3.7/site-packages/airflow/example_dags/example_nested_branch_dag.py for tasks to queue
[2024-05-23 09:50:03,974] {logging_mixin.py:115} INFO - [2024-05-23 09:50:03,974] {dagbag.py:508} INFO - Filling up the DagBag from /home/airflow/.local/lib/python3.7/site-packages/airflow/example_dags/example_nested_branch_dag.py
[2024-05-23 09:50:03,981] {processor.py:651} INFO - DAG(s) dict_keys(['example_nested_branch_dag']) retrieved from /home/airflow/.local/lib/python3.7/site-packages/airflow/example_dags/example_nested_branch_dag.py
[2024-05-23 09:50:04,001] {logging_mixin.py:115} INFO - [2024-05-23 09:50:04,000] {dag.py:2420} INFO - Sync 1 DAGs
[2024-05-23 09:50:04,015] {logging_mixin.py:115} INFO - [2024-05-23 09:50:04,015] {dag.py:2972} INFO - Setting next_dagrun for example_nested_branch_dag to 2024-05-22T00:00:00+00:00, run_after=2024-05-23T00:00:00+00:00
[2024-05-23 09:50:04,024] {processor.py:161} INFO - Processing /home/airflow/.local/lib/python3.7/site-packages/airflow/example_dags/example_nested_branch_dag.py took 0.054 seconds
[2024-05-23 09:50:34,467] {processor.py:153} INFO - Started process (PID=3327) to work on /home/airflow/.local/lib/python3.7/site-packages/airflow/example_dags/example_nested_branch_dag.py
[2024-05-23 09:50:34,472] {processor.py:641} INFO - Processing file /home/airflow/.local/lib/python3.7/site-packages/airflow/example_dags/example_nested_branch_dag.py for tasks to queue
[2024-05-23 09:50:34,473] {logging_mixin.py:115} INFO - [2024-05-23 09:50:34,473] {dagbag.py:508} INFO - Filling up the DagBag from /home/airflow/.local/lib/python3.7/site-packages/airflow/example_dags/example_nested_branch_dag.py
[2024-05-23 09:50:34,479] {processor.py:651} INFO - DAG(s) dict_keys(['example_nested_branch_dag']) retrieved from /home/airflow/.local/lib/python3.7/site-packages/airflow/example_dags/example_nested_branch_dag.py
[2024-05-23 09:50:34,497] {logging_mixin.py:115} INFO - [2024-05-23 09:50:34,497] {dag.py:2420} INFO - Sync 1 DAGs
[2024-05-23 09:50:34,511] {logging_mixin.py:115} INFO - [2024-05-23 09:50:34,511] {dag.py:2972} INFO - Setting next_dagrun for example_nested_branch_dag to 2024-05-22T00:00:00+00:00, run_after=2024-05-23T00:00:00+00:00
[2024-05-23 09:50:34,519] {processor.py:161} INFO - Processing /home/airflow/.local/lib/python3.7/site-packages/airflow/example_dags/example_nested_branch_dag.py took 0.054 seconds
[2024-05-23 09:51:05,006] {processor.py:153} INFO - Started process (PID=3389) to work on /home/airflow/.local/lib/python3.7/site-packages/airflow/example_dags/example_nested_branch_dag.py
[2024-05-23 09:51:05,008] {processor.py:641} INFO - Processing file /home/airflow/.local/lib/python3.7/site-packages/airflow/example_dags/example_nested_branch_dag.py for tasks to queue
[2024-05-23 09:51:05,009] {logging_mixin.py:115} INFO - [2024-05-23 09:51:05,009] {dagbag.py:508} INFO - Filling up the DagBag from /home/airflow/.local/lib/python3.7/site-packages/airflow/example_dags/example_nested_branch_dag.py
[2024-05-23 09:51:05,016] {processor.py:651} INFO - DAG(s) dict_keys(['example_nested_branch_dag']) retrieved from /home/airflow/.local/lib/python3.7/site-packages/airflow/example_dags/example_nested_branch_dag.py
[2024-05-23 09:51:05,043] {logging_mixin.py:115} INFO - [2024-05-23 09:51:05,043] {dag.py:2420} INFO - Sync 1 DAGs
[2024-05-23 09:51:05,058] {logging_mixin.py:115} INFO - [2024-05-23 09:51:05,058] {dag.py:2972} INFO - Setting next_dagrun for example_nested_branch_dag to 2024-05-22T00:00:00+00:00, run_after=2024-05-23T00:00:00+00:00
[2024-05-23 09:51:05,066] {processor.py:161} INFO - Processing /home/airflow/.local/lib/python3.7/site-packages/airflow/example_dags/example_nested_branch_dag.py took 0.063 seconds
[2024-05-23 09:51:35,412] {processor.py:153} INFO - Started process (PID=3442) to work on /home/airflow/.local/lib/python3.7/site-packages/airflow/example_dags/example_nested_branch_dag.py
[2024-05-23 09:51:35,413] {processor.py:641} INFO - Processing file /home/airflow/.local/lib/python3.7/site-packages/airflow/example_dags/example_nested_branch_dag.py for tasks to queue
[2024-05-23 09:51:35,413] {logging_mixin.py:115} INFO - [2024-05-23 09:51:35,413] {dagbag.py:508} INFO - Filling up the DagBag from /home/airflow/.local/lib/python3.7/site-packages/airflow/example_dags/example_nested_branch_dag.py
[2024-05-23 09:51:35,419] {processor.py:651} INFO - DAG(s) dict_keys(['example_nested_branch_dag']) retrieved from /home/airflow/.local/lib/python3.7/site-packages/airflow/example_dags/example_nested_branch_dag.py
[2024-05-23 09:51:35,438] {logging_mixin.py:115} INFO - [2024-05-23 09:51:35,438] {dag.py:2420} INFO - Sync 1 DAGs
[2024-05-23 09:51:35,450] {logging_mixin.py:115} INFO - [2024-05-23 09:51:35,450] {dag.py:2972} INFO - Setting next_dagrun for example_nested_branch_dag to 2024-05-22T00:00:00+00:00, run_after=2024-05-23T00:00:00+00:00
[2024-05-23 09:51:35,456] {processor.py:161} INFO - Processing /home/airflow/.local/lib/python3.7/site-packages/airflow/example_dags/example_nested_branch_dag.py took 0.046 seconds
[2024-05-23 09:52:05,940] {processor.py:153} INFO - Started process (PID=3504) to work on /home/airflow/.local/lib/python3.7/site-packages/airflow/example_dags/example_nested_branch_dag.py
[2024-05-23 09:52:05,941] {processor.py:641} INFO - Processing file /home/airflow/.local/lib/python3.7/site-packages/airflow/example_dags/example_nested_branch_dag.py for tasks to queue
[2024-05-23 09:52:05,941] {logging_mixin.py:115} INFO - [2024-05-23 09:52:05,941] {dagbag.py:508} INFO - Filling up the DagBag from /home/airflow/.local/lib/python3.7/site-packages/airflow/example_dags/example_nested_branch_dag.py
[2024-05-23 09:52:05,948] {processor.py:651} INFO - DAG(s) dict_keys(['example_nested_branch_dag']) retrieved from /home/airflow/.local/lib/python3.7/site-packages/airflow/example_dags/example_nested_branch_dag.py
[2024-05-23 09:52:05,968] {logging_mixin.py:115} INFO - [2024-05-23 09:52:05,968] {dag.py:2420} INFO - Sync 1 DAGs
[2024-05-23 09:52:05,981] {logging_mixin.py:115} INFO - [2024-05-23 09:52:05,981] {dag.py:2972} INFO - Setting next_dagrun for example_nested_branch_dag to 2024-05-22T00:00:00+00:00, run_after=2024-05-23T00:00:00+00:00
[2024-05-23 09:52:05,989] {processor.py:161} INFO - Processing /home/airflow/.local/lib/python3.7/site-packages/airflow/example_dags/example_nested_branch_dag.py took 0.052 seconds
[2024-05-23 09:52:36,342] {processor.py:153} INFO - Started process (PID=3566) to work on /home/airflow/.local/lib/python3.7/site-packages/airflow/example_dags/example_nested_branch_dag.py
[2024-05-23 09:52:36,343] {processor.py:641} INFO - Processing file /home/airflow/.local/lib/python3.7/site-packages/airflow/example_dags/example_nested_branch_dag.py for tasks to queue
[2024-05-23 09:52:36,344] {logging_mixin.py:115} INFO - [2024-05-23 09:52:36,344] {dagbag.py:508} INFO - Filling up the DagBag from /home/airflow/.local/lib/python3.7/site-packages/airflow/example_dags/example_nested_branch_dag.py
[2024-05-23 09:52:36,350] {processor.py:651} INFO - DAG(s) dict_keys(['example_nested_branch_dag']) retrieved from /home/airflow/.local/lib/python3.7/site-packages/airflow/example_dags/example_nested_branch_dag.py
[2024-05-23 09:52:36,368] {logging_mixin.py:115} INFO - [2024-05-23 09:52:36,368] {dag.py:2420} INFO - Sync 1 DAGs
[2024-05-23 09:52:36,380] {logging_mixin.py:115} INFO - [2024-05-23 09:52:36,380] {dag.py:2972} INFO - Setting next_dagrun for example_nested_branch_dag to 2024-05-22T00:00:00+00:00, run_after=2024-05-23T00:00:00+00:00
[2024-05-23 09:52:36,386] {processor.py:161} INFO - Processing /home/airflow/.local/lib/python3.7/site-packages/airflow/example_dags/example_nested_branch_dag.py took 0.046 seconds
[2024-05-23 09:53:06,852] {processor.py:153} INFO - Started process (PID=3628) to work on /home/airflow/.local/lib/python3.7/site-packages/airflow/example_dags/example_nested_branch_dag.py
[2024-05-23 09:53:06,853] {processor.py:641} INFO - Processing file /home/airflow/.local/lib/python3.7/site-packages/airflow/example_dags/example_nested_branch_dag.py for tasks to queue
[2024-05-23 09:53:06,853] {logging_mixin.py:115} INFO - [2024-05-23 09:53:06,853] {dagbag.py:508} INFO - Filling up the DagBag from /home/airflow/.local/lib/python3.7/site-packages/airflow/example_dags/example_nested_branch_dag.py
[2024-05-23 09:53:06,860] {processor.py:651} INFO - DAG(s) dict_keys(['example_nested_branch_dag']) retrieved from /home/airflow/.local/lib/python3.7/site-packages/airflow/example_dags/example_nested_branch_dag.py
[2024-05-23 09:53:06,879] {logging_mixin.py:115} INFO - [2024-05-23 09:53:06,879] {dag.py:2420} INFO - Sync 1 DAGs
[2024-05-23 09:53:06,891] {logging_mixin.py:115} INFO - [2024-05-23 09:53:06,891] {dag.py:2972} INFO - Setting next_dagrun for example_nested_branch_dag to 2024-05-22T00:00:00+00:00, run_after=2024-05-23T00:00:00+00:00
[2024-05-23 09:53:06,898] {processor.py:161} INFO - Processing /home/airflow/.local/lib/python3.7/site-packages/airflow/example_dags/example_nested_branch_dag.py took 0.049 seconds
[2024-05-23 09:53:37,416] {processor.py:153} INFO - Started process (PID=3690) to work on /home/airflow/.local/lib/python3.7/site-packages/airflow/example_dags/example_nested_branch_dag.py
[2024-05-23 09:53:37,417] {processor.py:641} INFO - Processing file /home/airflow/.local/lib/python3.7/site-packages/airflow/example_dags/example_nested_branch_dag.py for tasks to queue
[2024-05-23 09:53:37,417] {logging_mixin.py:115} INFO - [2024-05-23 09:53:37,417] {dagbag.py:508} INFO - Filling up the DagBag from /home/airflow/.local/lib/python3.7/site-packages/airflow/example_dags/example_nested_branch_dag.py
[2024-05-23 09:53:37,424] {processor.py:651} INFO - DAG(s) dict_keys(['example_nested_branch_dag']) retrieved from /home/airflow/.local/lib/python3.7/site-packages/airflow/example_dags/example_nested_branch_dag.py
[2024-05-23 09:53:37,442] {logging_mixin.py:115} INFO - [2024-05-23 09:53:37,442] {dag.py:2420} INFO - Sync 1 DAGs
[2024-05-23 09:53:37,455] {logging_mixin.py:115} INFO - [2024-05-23 09:53:37,455] {dag.py:2972} INFO - Setting next_dagrun for example_nested_branch_dag to 2024-05-22T00:00:00+00:00, run_after=2024-05-23T00:00:00+00:00
[2024-05-23 09:53:37,462] {processor.py:161} INFO - Processing /home/airflow/.local/lib/python3.7/site-packages/airflow/example_dags/example_nested_branch_dag.py took 0.048 seconds
[2024-05-23 09:54:07,946] {processor.py:153} INFO - Started process (PID=3750) to work on /home/airflow/.local/lib/python3.7/site-packages/airflow/example_dags/example_nested_branch_dag.py
[2024-05-23 09:54:07,947] {processor.py:641} INFO - Processing file /home/airflow/.local/lib/python3.7/site-packages/airflow/example_dags/example_nested_branch_dag.py for tasks to queue
[2024-05-23 09:54:07,948] {logging_mixin.py:115} INFO - [2024-05-23 09:54:07,948] {dagbag.py:508} INFO - Filling up the DagBag from /home/airflow/.local/lib/python3.7/site-packages/airflow/example_dags/example_nested_branch_dag.py
[2024-05-23 09:54:07,955] {processor.py:651} INFO - DAG(s) dict_keys(['example_nested_branch_dag']) retrieved from /home/airflow/.local/lib/python3.7/site-packages/airflow/example_dags/example_nested_branch_dag.py
[2024-05-23 09:54:07,973] {logging_mixin.py:115} INFO - [2024-05-23 09:54:07,973] {dag.py:2420} INFO - Sync 1 DAGs
[2024-05-23 09:54:07,987] {logging_mixin.py:115} INFO - [2024-05-23 09:54:07,987] {dag.py:2972} INFO - Setting next_dagrun for example_nested_branch_dag to 2024-05-22T00:00:00+00:00, run_after=2024-05-23T00:00:00+00:00
[2024-05-23 09:54:07,994] {processor.py:161} INFO - Processing /home/airflow/.local/lib/python3.7/site-packages/airflow/example_dags/example_nested_branch_dag.py took 0.050 seconds
[2024-05-23 09:54:38,472] {processor.py:153} INFO - Started process (PID=3805) to work on /home/airflow/.local/lib/python3.7/site-packages/airflow/example_dags/example_nested_branch_dag.py
[2024-05-23 09:54:38,473] {processor.py:641} INFO - Processing file /home/airflow/.local/lib/python3.7/site-packages/airflow/example_dags/example_nested_branch_dag.py for tasks to queue
[2024-05-23 09:54:38,474] {logging_mixin.py:115} INFO - [2024-05-23 09:54:38,474] {dagbag.py:508} INFO - Filling up the DagBag from /home/airflow/.local/lib/python3.7/site-packages/airflow/example_dags/example_nested_branch_dag.py
[2024-05-23 09:54:38,482] {processor.py:651} INFO - DAG(s) dict_keys(['example_nested_branch_dag']) retrieved from /home/airflow/.local/lib/python3.7/site-packages/airflow/example_dags/example_nested_branch_dag.py
[2024-05-23 09:54:38,501] {logging_mixin.py:115} INFO - [2024-05-23 09:54:38,500] {dag.py:2420} INFO - Sync 1 DAGs
[2024-05-23 09:54:38,513] {logging_mixin.py:115} INFO - [2024-05-23 09:54:38,513] {dag.py:2972} INFO - Setting next_dagrun for example_nested_branch_dag to 2024-05-22T00:00:00+00:00, run_after=2024-05-23T00:00:00+00:00
[2024-05-23 09:54:38,520] {processor.py:161} INFO - Processing /home/airflow/.local/lib/python3.7/site-packages/airflow/example_dags/example_nested_branch_dag.py took 0.051 seconds
[2024-05-23 09:55:08,878] {processor.py:153} INFO - Started process (PID=3867) to work on /home/airflow/.local/lib/python3.7/site-packages/airflow/example_dags/example_nested_branch_dag.py
[2024-05-23 09:55:08,879] {processor.py:641} INFO - Processing file /home/airflow/.local/lib/python3.7/site-packages/airflow/example_dags/example_nested_branch_dag.py for tasks to queue
[2024-05-23 09:55:08,880] {logging_mixin.py:115} INFO - [2024-05-23 09:55:08,880] {dagbag.py:508} INFO - Filling up the DagBag from /home/airflow/.local/lib/python3.7/site-packages/airflow/example_dags/example_nested_branch_dag.py
[2024-05-23 09:55:08,887] {processor.py:651} INFO - DAG(s) dict_keys(['example_nested_branch_dag']) retrieved from /home/airflow/.local/lib/python3.7/site-packages/airflow/example_dags/example_nested_branch_dag.py
[2024-05-23 09:55:08,905] {logging_mixin.py:115} INFO - [2024-05-23 09:55:08,905] {dag.py:2420} INFO - Sync 1 DAGs
[2024-05-23 09:55:08,918] {logging_mixin.py:115} INFO - [2024-05-23 09:55:08,918] {dag.py:2972} INFO - Setting next_dagrun for example_nested_branch_dag to 2024-05-22T00:00:00+00:00, run_after=2024-05-23T00:00:00+00:00
[2024-05-23 09:55:08,925] {processor.py:161} INFO - Processing /home/airflow/.local/lib/python3.7/site-packages/airflow/example_dags/example_nested_branch_dag.py took 0.049 seconds
[2024-05-23 09:55:39,369] {processor.py:153} INFO - Started process (PID=3929) to work on /home/airflow/.local/lib/python3.7/site-packages/airflow/example_dags/example_nested_branch_dag.py
[2024-05-23 09:55:39,370] {processor.py:641} INFO - Processing file /home/airflow/.local/lib/python3.7/site-packages/airflow/example_dags/example_nested_branch_dag.py for tasks to queue
[2024-05-23 09:55:39,371] {logging_mixin.py:115} INFO - [2024-05-23 09:55:39,371] {dagbag.py:508} INFO - Filling up the DagBag from /home/airflow/.local/lib/python3.7/site-packages/airflow/example_dags/example_nested_branch_dag.py
[2024-05-23 09:55:39,377] {processor.py:651} INFO - DAG(s) dict_keys(['example_nested_branch_dag']) retrieved from /home/airflow/.local/lib/python3.7/site-packages/airflow/example_dags/example_nested_branch_dag.py
[2024-05-23 09:55:39,396] {logging_mixin.py:115} INFO - [2024-05-23 09:55:39,396] {dag.py:2420} INFO - Sync 1 DAGs
[2024-05-23 09:55:39,408] {logging_mixin.py:115} INFO - [2024-05-23 09:55:39,408] {dag.py:2972} INFO - Setting next_dagrun for example_nested_branch_dag to 2024-05-22T00:00:00+00:00, run_after=2024-05-23T00:00:00+00:00
[2024-05-23 09:55:39,414] {processor.py:161} INFO - Processing /home/airflow/.local/lib/python3.7/site-packages/airflow/example_dags/example_nested_branch_dag.py took 0.047 seconds
[2024-05-23 09:56:09,763] {processor.py:153} INFO - Started process (PID=3991) to work on /home/airflow/.local/lib/python3.7/site-packages/airflow/example_dags/example_nested_branch_dag.py
[2024-05-23 09:56:09,764] {processor.py:641} INFO - Processing file /home/airflow/.local/lib/python3.7/site-packages/airflow/example_dags/example_nested_branch_dag.py for tasks to queue
[2024-05-23 09:56:09,764] {logging_mixin.py:115} INFO - [2024-05-23 09:56:09,764] {dagbag.py:508} INFO - Filling up the DagBag from /home/airflow/.local/lib/python3.7/site-packages/airflow/example_dags/example_nested_branch_dag.py
[2024-05-23 09:56:09,772] {processor.py:651} INFO - DAG(s) dict_keys(['example_nested_branch_dag']) retrieved from /home/airflow/.local/lib/python3.7/site-packages/airflow/example_dags/example_nested_branch_dag.py
[2024-05-23 09:56:09,790] {logging_mixin.py:115} INFO - [2024-05-23 09:56:09,790] {dag.py:2420} INFO - Sync 1 DAGs
[2024-05-23 09:56:09,802] {logging_mixin.py:115} INFO - [2024-05-23 09:56:09,802] {dag.py:2972} INFO - Setting next_dagrun for example_nested_branch_dag to 2024-05-22T00:00:00+00:00, run_after=2024-05-23T00:00:00+00:00
[2024-05-23 09:56:09,809] {processor.py:161} INFO - Processing /home/airflow/.local/lib/python3.7/site-packages/airflow/example_dags/example_nested_branch_dag.py took 0.048 seconds
[2024-05-23 09:56:40,259] {processor.py:153} INFO - Started process (PID=4053) to work on /home/airflow/.local/lib/python3.7/site-packages/airflow/example_dags/example_nested_branch_dag.py
[2024-05-23 09:56:40,260] {processor.py:641} INFO - Processing file /home/airflow/.local/lib/python3.7/site-packages/airflow/example_dags/example_nested_branch_dag.py for tasks to queue
[2024-05-23 09:56:40,261] {logging_mixin.py:115} INFO - [2024-05-23 09:56:40,261] {dagbag.py:508} INFO - Filling up the DagBag from /home/airflow/.local/lib/python3.7/site-packages/airflow/example_dags/example_nested_branch_dag.py
[2024-05-23 09:56:40,267] {processor.py:651} INFO - DAG(s) dict_keys(['example_nested_branch_dag']) retrieved from /home/airflow/.local/lib/python3.7/site-packages/airflow/example_dags/example_nested_branch_dag.py
[2024-05-23 09:56:40,286] {logging_mixin.py:115} INFO - [2024-05-23 09:56:40,285] {dag.py:2420} INFO - Sync 1 DAGs
[2024-05-23 09:56:40,298] {logging_mixin.py:115} INFO - [2024-05-23 09:56:40,298] {dag.py:2972} INFO - Setting next_dagrun for example_nested_branch_dag to 2024-05-22T00:00:00+00:00, run_after=2024-05-23T00:00:00+00:00
[2024-05-23 09:56:40,306] {processor.py:161} INFO - Processing /home/airflow/.local/lib/python3.7/site-packages/airflow/example_dags/example_nested_branch_dag.py took 0.049 seconds
[2024-05-23 09:57:10,683] {processor.py:153} INFO - Started process (PID=4106) to work on /home/airflow/.local/lib/python3.7/site-packages/airflow/example_dags/example_nested_branch_dag.py
[2024-05-23 09:57:10,685] {processor.py:641} INFO - Processing file /home/airflow/.local/lib/python3.7/site-packages/airflow/example_dags/example_nested_branch_dag.py for tasks to queue
[2024-05-23 09:57:10,685] {logging_mixin.py:115} INFO - [2024-05-23 09:57:10,685] {dagbag.py:508} INFO - Filling up the DagBag from /home/airflow/.local/lib/python3.7/site-packages/airflow/example_dags/example_nested_branch_dag.py
[2024-05-23 09:57:10,692] {processor.py:651} INFO - DAG(s) dict_keys(['example_nested_branch_dag']) retrieved from /home/airflow/.local/lib/python3.7/site-packages/airflow/example_dags/example_nested_branch_dag.py
[2024-05-23 09:57:10,715] {logging_mixin.py:115} INFO - [2024-05-23 09:57:10,715] {dag.py:2420} INFO - Sync 1 DAGs
[2024-05-23 09:57:10,728] {logging_mixin.py:115} INFO - [2024-05-23 09:57:10,728] {dag.py:2972} INFO - Setting next_dagrun for example_nested_branch_dag to 2024-05-22T00:00:00+00:00, run_after=2024-05-23T00:00:00+00:00
[2024-05-23 09:57:10,735] {processor.py:161} INFO - Processing /home/airflow/.local/lib/python3.7/site-packages/airflow/example_dags/example_nested_branch_dag.py took 0.054 seconds
[2024-05-23 09:57:41,178] {processor.py:153} INFO - Started process (PID=4168) to work on /home/airflow/.local/lib/python3.7/site-packages/airflow/example_dags/example_nested_branch_dag.py
[2024-05-23 09:57:41,179] {processor.py:641} INFO - Processing file /home/airflow/.local/lib/python3.7/site-packages/airflow/example_dags/example_nested_branch_dag.py for tasks to queue
[2024-05-23 09:57:41,179] {logging_mixin.py:115} INFO - [2024-05-23 09:57:41,179] {dagbag.py:508} INFO - Filling up the DagBag from /home/airflow/.local/lib/python3.7/site-packages/airflow/example_dags/example_nested_branch_dag.py
[2024-05-23 09:57:41,186] {processor.py:651} INFO - DAG(s) dict_keys(['example_nested_branch_dag']) retrieved from /home/airflow/.local/lib/python3.7/site-packages/airflow/example_dags/example_nested_branch_dag.py
[2024-05-23 09:57:41,206] {logging_mixin.py:115} INFO - [2024-05-23 09:57:41,206] {dag.py:2420} INFO - Sync 1 DAGs
[2024-05-23 09:57:41,221] {logging_mixin.py:115} INFO - [2024-05-23 09:57:41,221] {dag.py:2972} INFO - Setting next_dagrun for example_nested_branch_dag to 2024-05-22T00:00:00+00:00, run_after=2024-05-23T00:00:00+00:00
[2024-05-23 09:57:41,229] {processor.py:161} INFO - Processing /home/airflow/.local/lib/python3.7/site-packages/airflow/example_dags/example_nested_branch_dag.py took 0.053 seconds
[2024-05-23 09:58:11,701] {processor.py:153} INFO - Started process (PID=4230) to work on /home/airflow/.local/lib/python3.7/site-packages/airflow/example_dags/example_nested_branch_dag.py
[2024-05-23 09:58:11,702] {processor.py:641} INFO - Processing file /home/airflow/.local/lib/python3.7/site-packages/airflow/example_dags/example_nested_branch_dag.py for tasks to queue
[2024-05-23 09:58:11,703] {logging_mixin.py:115} INFO - [2024-05-23 09:58:11,703] {dagbag.py:508} INFO - Filling up the DagBag from /home/airflow/.local/lib/python3.7/site-packages/airflow/example_dags/example_nested_branch_dag.py
[2024-05-23 09:58:11,709] {processor.py:651} INFO - DAG(s) dict_keys(['example_nested_branch_dag']) retrieved from /home/airflow/.local/lib/python3.7/site-packages/airflow/example_dags/example_nested_branch_dag.py
[2024-05-23 09:58:11,727] {logging_mixin.py:115} INFO - [2024-05-23 09:58:11,727] {dag.py:2420} INFO - Sync 1 DAGs
[2024-05-23 09:58:11,740] {logging_mixin.py:115} INFO - [2024-05-23 09:58:11,740] {dag.py:2972} INFO - Setting next_dagrun for example_nested_branch_dag to 2024-05-22T00:00:00+00:00, run_after=2024-05-23T00:00:00+00:00
[2024-05-23 09:58:11,747] {processor.py:161} INFO - Processing /home/airflow/.local/lib/python3.7/site-packages/airflow/example_dags/example_nested_branch_dag.py took 0.048 seconds
[2024-05-23 09:58:42,162] {processor.py:153} INFO - Started process (PID=4292) to work on /home/airflow/.local/lib/python3.7/site-packages/airflow/example_dags/example_nested_branch_dag.py
[2024-05-23 09:58:42,163] {processor.py:641} INFO - Processing file /home/airflow/.local/lib/python3.7/site-packages/airflow/example_dags/example_nested_branch_dag.py for tasks to queue
[2024-05-23 09:58:42,163] {logging_mixin.py:115} INFO - [2024-05-23 09:58:42,163] {dagbag.py:508} INFO - Filling up the DagBag from /home/airflow/.local/lib/python3.7/site-packages/airflow/example_dags/example_nested_branch_dag.py
[2024-05-23 09:58:42,170] {processor.py:651} INFO - DAG(s) dict_keys(['example_nested_branch_dag']) retrieved from /home/airflow/.local/lib/python3.7/site-packages/airflow/example_dags/example_nested_branch_dag.py
[2024-05-23 09:58:42,190] {logging_mixin.py:115} INFO - [2024-05-23 09:58:42,189] {dag.py:2420} INFO - Sync 1 DAGs
[2024-05-23 09:58:42,203] {logging_mixin.py:115} INFO - [2024-05-23 09:58:42,203] {dag.py:2972} INFO - Setting next_dagrun for example_nested_branch_dag to 2024-05-22T00:00:00+00:00, run_after=2024-05-23T00:00:00+00:00
[2024-05-23 09:58:42,211] {processor.py:161} INFO - Processing /home/airflow/.local/lib/python3.7/site-packages/airflow/example_dags/example_nested_branch_dag.py took 0.051 seconds
[2024-05-23 09:59:12,583] {processor.py:153} INFO - Started process (PID=4354) to work on /home/airflow/.local/lib/python3.7/site-packages/airflow/example_dags/example_nested_branch_dag.py
[2024-05-23 09:59:12,583] {processor.py:641} INFO - Processing file /home/airflow/.local/lib/python3.7/site-packages/airflow/example_dags/example_nested_branch_dag.py for tasks to queue
[2024-05-23 09:59:12,584] {logging_mixin.py:115} INFO - [2024-05-23 09:59:12,584] {dagbag.py:508} INFO - Filling up the DagBag from /home/airflow/.local/lib/python3.7/site-packages/airflow/example_dags/example_nested_branch_dag.py
[2024-05-23 09:59:12,591] {processor.py:651} INFO - DAG(s) dict_keys(['example_nested_branch_dag']) retrieved from /home/airflow/.local/lib/python3.7/site-packages/airflow/example_dags/example_nested_branch_dag.py
[2024-05-23 09:59:12,608] {logging_mixin.py:115} INFO - [2024-05-23 09:59:12,608] {dag.py:2420} INFO - Sync 1 DAGs
[2024-05-23 09:59:12,621] {logging_mixin.py:115} INFO - [2024-05-23 09:59:12,621] {dag.py:2972} INFO - Setting next_dagrun for example_nested_branch_dag to 2024-05-22T00:00:00+00:00, run_after=2024-05-23T00:00:00+00:00
[2024-05-23 09:59:12,628] {processor.py:161} INFO - Processing /home/airflow/.local/lib/python3.7/site-packages/airflow/example_dags/example_nested_branch_dag.py took 0.048 seconds
[2024-05-23 09:59:43,083] {processor.py:153} INFO - Started process (PID=4416) to work on /home/airflow/.local/lib/python3.7/site-packages/airflow/example_dags/example_nested_branch_dag.py
[2024-05-23 09:59:43,085] {processor.py:641} INFO - Processing file /home/airflow/.local/lib/python3.7/site-packages/airflow/example_dags/example_nested_branch_dag.py for tasks to queue
[2024-05-23 09:59:43,085] {logging_mixin.py:115} INFO - [2024-05-23 09:59:43,085] {dagbag.py:508} INFO - Filling up the DagBag from /home/airflow/.local/lib/python3.7/site-packages/airflow/example_dags/example_nested_branch_dag.py
[2024-05-23 09:59:43,091] {processor.py:651} INFO - DAG(s) dict_keys(['example_nested_branch_dag']) retrieved from /home/airflow/.local/lib/python3.7/site-packages/airflow/example_dags/example_nested_branch_dag.py
[2024-05-23 09:59:43,110] {logging_mixin.py:115} INFO - [2024-05-23 09:59:43,110] {dag.py:2420} INFO - Sync 1 DAGs
[2024-05-23 09:59:43,124] {logging_mixin.py:115} INFO - [2024-05-23 09:59:43,124] {dag.py:2972} INFO - Setting next_dagrun for example_nested_branch_dag to 2024-05-22T00:00:00+00:00, run_after=2024-05-23T00:00:00+00:00
[2024-05-23 09:59:43,131] {processor.py:161} INFO - Processing /home/airflow/.local/lib/python3.7/site-packages/airflow/example_dags/example_nested_branch_dag.py took 0.050 seconds
[2024-05-23 10:00:13,505] {processor.py:153} INFO - Started process (PID=4469) to work on /home/airflow/.local/lib/python3.7/site-packages/airflow/example_dags/example_nested_branch_dag.py
[2024-05-23 10:00:13,506] {processor.py:641} INFO - Processing file /home/airflow/.local/lib/python3.7/site-packages/airflow/example_dags/example_nested_branch_dag.py for tasks to queue
[2024-05-23 10:00:13,507] {logging_mixin.py:115} INFO - [2024-05-23 10:00:13,507] {dagbag.py:508} INFO - Filling up the DagBag from /home/airflow/.local/lib/python3.7/site-packages/airflow/example_dags/example_nested_branch_dag.py
[2024-05-23 10:00:13,513] {processor.py:651} INFO - DAG(s) dict_keys(['example_nested_branch_dag']) retrieved from /home/airflow/.local/lib/python3.7/site-packages/airflow/example_dags/example_nested_branch_dag.py
[2024-05-23 10:00:13,531] {logging_mixin.py:115} INFO - [2024-05-23 10:00:13,531] {dag.py:2420} INFO - Sync 1 DAGs
[2024-05-23 10:00:13,543] {logging_mixin.py:115} INFO - [2024-05-23 10:00:13,543] {dag.py:2972} INFO - Setting next_dagrun for example_nested_branch_dag to 2024-05-22T00:00:00+00:00, run_after=2024-05-23T00:00:00+00:00
[2024-05-23 10:00:13,551] {processor.py:161} INFO - Processing /home/airflow/.local/lib/python3.7/site-packages/airflow/example_dags/example_nested_branch_dag.py took 0.047 seconds
