[2024-05-23 09:23:07,598] {processor.py:153} INFO - Started process (PID=51) to work on /home/airflow/.local/lib/python3.7/site-packages/airflow/example_dags/example_xcom.py
[2024-05-23 09:23:07,599] {processor.py:641} INFO - Processing file /home/airflow/.local/lib/python3.7/site-packages/airflow/example_dags/example_xcom.py for tasks to queue
[2024-05-23 09:23:07,599] {logging_mixin.py:115} INFO - [2024-05-23 09:23:07,599] {dagbag.py:508} INFO - Filling up the DagBag from /home/airflow/.local/lib/python3.7/site-packages/airflow/example_dags/example_xcom.py
[2024-05-23 09:23:07,615] {processor.py:651} INFO - DAG(s) dict_keys(['example_xcom']) retrieved from /home/airflow/.local/lib/python3.7/site-packages/airflow/example_dags/example_xcom.py
[2024-05-23 09:23:07,677] {logging_mixin.py:115} INFO - [2024-05-23 09:23:07,677] {manager.py:508} INFO - Created Permission View: can edit on DAG:example_xcom
[2024-05-23 09:23:07,685] {logging_mixin.py:115} INFO - [2024-05-23 09:23:07,685] {manager.py:508} INFO - Created Permission View: can read on DAG:example_xcom
[2024-05-23 09:23:07,690] {logging_mixin.py:115} INFO - [2024-05-23 09:23:07,690] {manager.py:508} INFO - Created Permission View: can delete on DAG:example_xcom
[2024-05-23 09:23:07,691] {logging_mixin.py:115} INFO - [2024-05-23 09:23:07,691] {dag.py:2420} INFO - Sync 1 DAGs
[2024-05-23 09:23:07,697] {logging_mixin.py:115} INFO - [2024-05-23 09:23:07,697] {dag.py:2439} INFO - Creating ORM DAG for example_xcom
[2024-05-23 09:23:07,706] {logging_mixin.py:115} INFO - [2024-05-23 09:23:07,705] {dag.py:2972} INFO - Setting next_dagrun for example_xcom to 2021-01-01T00:00:00+00:00, run_after=2021-01-01T00:00:00+00:00
[2024-05-23 09:23:07,715] {processor.py:161} INFO - Processing /home/airflow/.local/lib/python3.7/site-packages/airflow/example_dags/example_xcom.py took 0.120 seconds
[2024-05-23 09:23:38,069] {processor.py:153} INFO - Started process (PID=112) to work on /home/airflow/.local/lib/python3.7/site-packages/airflow/example_dags/example_xcom.py
[2024-05-23 09:23:38,070] {processor.py:641} INFO - Processing file /home/airflow/.local/lib/python3.7/site-packages/airflow/example_dags/example_xcom.py for tasks to queue
[2024-05-23 09:23:38,071] {logging_mixin.py:115} INFO - [2024-05-23 09:23:38,071] {dagbag.py:508} INFO - Filling up the DagBag from /home/airflow/.local/lib/python3.7/site-packages/airflow/example_dags/example_xcom.py
[2024-05-23 09:23:38,081] {processor.py:651} INFO - DAG(s) dict_keys(['example_xcom']) retrieved from /home/airflow/.local/lib/python3.7/site-packages/airflow/example_dags/example_xcom.py
[2024-05-23 09:23:38,121] {logging_mixin.py:115} INFO - [2024-05-23 09:23:38,121] {dag.py:2420} INFO - Sync 1 DAGs
[2024-05-23 09:23:38,134] {logging_mixin.py:115} INFO - [2024-05-23 09:23:38,134] {dag.py:2972} INFO - Setting next_dagrun for example_xcom to 2021-01-01T00:00:00+00:00, run_after=2021-01-01T00:00:00+00:00
[2024-05-23 09:23:38,144] {processor.py:161} INFO - Processing /home/airflow/.local/lib/python3.7/site-packages/airflow/example_dags/example_xcom.py took 0.077 seconds
[2024-05-23 09:24:08,538] {processor.py:153} INFO - Started process (PID=173) to work on /home/airflow/.local/lib/python3.7/site-packages/airflow/example_dags/example_xcom.py
[2024-05-23 09:24:08,539] {processor.py:641} INFO - Processing file /home/airflow/.local/lib/python3.7/site-packages/airflow/example_dags/example_xcom.py for tasks to queue
[2024-05-23 09:24:08,540] {logging_mixin.py:115} INFO - [2024-05-23 09:24:08,539] {dagbag.py:508} INFO - Filling up the DagBag from /home/airflow/.local/lib/python3.7/site-packages/airflow/example_dags/example_xcom.py
[2024-05-23 09:24:08,549] {processor.py:651} INFO - DAG(s) dict_keys(['example_xcom']) retrieved from /home/airflow/.local/lib/python3.7/site-packages/airflow/example_dags/example_xcom.py
[2024-05-23 09:24:08,587] {logging_mixin.py:115} INFO - [2024-05-23 09:24:08,587] {dag.py:2420} INFO - Sync 1 DAGs
[2024-05-23 09:24:08,599] {logging_mixin.py:115} INFO - [2024-05-23 09:24:08,598] {dag.py:2972} INFO - Setting next_dagrun for example_xcom to 2021-01-01T00:00:00+00:00, run_after=2021-01-01T00:00:00+00:00
[2024-05-23 09:24:08,607] {processor.py:161} INFO - Processing /home/airflow/.local/lib/python3.7/site-packages/airflow/example_dags/example_xcom.py took 0.071 seconds
[2024-05-23 09:24:38,975] {processor.py:153} INFO - Started process (PID=234) to work on /home/airflow/.local/lib/python3.7/site-packages/airflow/example_dags/example_xcom.py
[2024-05-23 09:24:38,976] {processor.py:641} INFO - Processing file /home/airflow/.local/lib/python3.7/site-packages/airflow/example_dags/example_xcom.py for tasks to queue
[2024-05-23 09:24:38,976] {logging_mixin.py:115} INFO - [2024-05-23 09:24:38,976] {dagbag.py:508} INFO - Filling up the DagBag from /home/airflow/.local/lib/python3.7/site-packages/airflow/example_dags/example_xcom.py
[2024-05-23 09:24:38,986] {processor.py:651} INFO - DAG(s) dict_keys(['example_xcom']) retrieved from /home/airflow/.local/lib/python3.7/site-packages/airflow/example_dags/example_xcom.py
[2024-05-23 09:24:39,023] {logging_mixin.py:115} INFO - [2024-05-23 09:24:39,023] {dag.py:2420} INFO - Sync 1 DAGs
[2024-05-23 09:24:39,035] {logging_mixin.py:115} INFO - [2024-05-23 09:24:39,035] {dag.py:2972} INFO - Setting next_dagrun for example_xcom to 2021-01-01T00:00:00+00:00, run_after=2021-01-01T00:00:00+00:00
[2024-05-23 09:24:39,042] {processor.py:161} INFO - Processing /home/airflow/.local/lib/python3.7/site-packages/airflow/example_dags/example_xcom.py took 0.070 seconds
[2024-05-23 09:25:09,482] {processor.py:153} INFO - Started process (PID=288) to work on /home/airflow/.local/lib/python3.7/site-packages/airflow/example_dags/example_xcom.py
[2024-05-23 09:25:09,483] {processor.py:641} INFO - Processing file /home/airflow/.local/lib/python3.7/site-packages/airflow/example_dags/example_xcom.py for tasks to queue
[2024-05-23 09:25:09,484] {logging_mixin.py:115} INFO - [2024-05-23 09:25:09,483] {dagbag.py:508} INFO - Filling up the DagBag from /home/airflow/.local/lib/python3.7/site-packages/airflow/example_dags/example_xcom.py
[2024-05-23 09:25:09,493] {processor.py:651} INFO - DAG(s) dict_keys(['example_xcom']) retrieved from /home/airflow/.local/lib/python3.7/site-packages/airflow/example_dags/example_xcom.py
[2024-05-23 09:25:09,549] {logging_mixin.py:115} INFO - [2024-05-23 09:25:09,549] {dag.py:2420} INFO - Sync 1 DAGs
[2024-05-23 09:25:09,562] {logging_mixin.py:115} INFO - [2024-05-23 09:25:09,562] {dag.py:2972} INFO - Setting next_dagrun for example_xcom to 2021-01-01T00:00:00+00:00, run_after=2021-01-01T00:00:00+00:00
[2024-05-23 09:25:09,571] {processor.py:161} INFO - Processing /home/airflow/.local/lib/python3.7/site-packages/airflow/example_dags/example_xcom.py took 0.091 seconds
[2024-05-23 09:25:39,958] {processor.py:153} INFO - Started process (PID=347) to work on /home/airflow/.local/lib/python3.7/site-packages/airflow/example_dags/example_xcom.py
[2024-05-23 09:25:39,959] {processor.py:641} INFO - Processing file /home/airflow/.local/lib/python3.7/site-packages/airflow/example_dags/example_xcom.py for tasks to queue
[2024-05-23 09:25:39,960] {logging_mixin.py:115} INFO - [2024-05-23 09:25:39,960] {dagbag.py:508} INFO - Filling up the DagBag from /home/airflow/.local/lib/python3.7/site-packages/airflow/example_dags/example_xcom.py
[2024-05-23 09:25:39,968] {processor.py:651} INFO - DAG(s) dict_keys(['example_xcom']) retrieved from /home/airflow/.local/lib/python3.7/site-packages/airflow/example_dags/example_xcom.py
[2024-05-23 09:25:40,005] {logging_mixin.py:115} INFO - [2024-05-23 09:25:40,005] {dag.py:2420} INFO - Sync 1 DAGs
[2024-05-23 09:25:40,018] {logging_mixin.py:115} INFO - [2024-05-23 09:25:40,017] {dag.py:2972} INFO - Setting next_dagrun for example_xcom to 2021-01-01T00:00:00+00:00, run_after=2021-01-01T00:00:00+00:00
[2024-05-23 09:25:40,025] {processor.py:161} INFO - Processing /home/airflow/.local/lib/python3.7/site-packages/airflow/example_dags/example_xcom.py took 0.069 seconds
[2024-05-23 09:26:10,417] {processor.py:153} INFO - Started process (PID=408) to work on /home/airflow/.local/lib/python3.7/site-packages/airflow/example_dags/example_xcom.py
[2024-05-23 09:26:10,418] {processor.py:641} INFO - Processing file /home/airflow/.local/lib/python3.7/site-packages/airflow/example_dags/example_xcom.py for tasks to queue
[2024-05-23 09:26:10,419] {logging_mixin.py:115} INFO - [2024-05-23 09:26:10,419] {dagbag.py:508} INFO - Filling up the DagBag from /home/airflow/.local/lib/python3.7/site-packages/airflow/example_dags/example_xcom.py
[2024-05-23 09:26:10,429] {processor.py:651} INFO - DAG(s) dict_keys(['example_xcom']) retrieved from /home/airflow/.local/lib/python3.7/site-packages/airflow/example_dags/example_xcom.py
[2024-05-23 09:26:10,467] {logging_mixin.py:115} INFO - [2024-05-23 09:26:10,467] {dag.py:2420} INFO - Sync 1 DAGs
[2024-05-23 09:26:10,480] {logging_mixin.py:115} INFO - [2024-05-23 09:26:10,480] {dag.py:2972} INFO - Setting next_dagrun for example_xcom to 2021-01-01T00:00:00+00:00, run_after=2021-01-01T00:00:00+00:00
[2024-05-23 09:26:10,488] {processor.py:161} INFO - Processing /home/airflow/.local/lib/python3.7/site-packages/airflow/example_dags/example_xcom.py took 0.072 seconds
[2024-05-23 09:26:40,878] {processor.py:153} INFO - Started process (PID=469) to work on /home/airflow/.local/lib/python3.7/site-packages/airflow/example_dags/example_xcom.py
[2024-05-23 09:26:40,878] {processor.py:641} INFO - Processing file /home/airflow/.local/lib/python3.7/site-packages/airflow/example_dags/example_xcom.py for tasks to queue
[2024-05-23 09:26:40,879] {logging_mixin.py:115} INFO - [2024-05-23 09:26:40,879] {dagbag.py:508} INFO - Filling up the DagBag from /home/airflow/.local/lib/python3.7/site-packages/airflow/example_dags/example_xcom.py
[2024-05-23 09:26:40,888] {processor.py:651} INFO - DAG(s) dict_keys(['example_xcom']) retrieved from /home/airflow/.local/lib/python3.7/site-packages/airflow/example_dags/example_xcom.py
[2024-05-23 09:26:40,907] {logging_mixin.py:115} INFO - [2024-05-23 09:26:40,907] {dag.py:2420} INFO - Sync 1 DAGs
[2024-05-23 09:26:40,920] {logging_mixin.py:115} INFO - [2024-05-23 09:26:40,920] {dag.py:2972} INFO - Setting next_dagrun for example_xcom to 2021-01-01T00:00:00+00:00, run_after=2021-01-01T00:00:00+00:00
[2024-05-23 09:26:40,928] {processor.py:161} INFO - Processing /home/airflow/.local/lib/python3.7/site-packages/airflow/example_dags/example_xcom.py took 0.053 seconds
[2024-05-23 09:27:11,337] {processor.py:153} INFO - Started process (PID=530) to work on /home/airflow/.local/lib/python3.7/site-packages/airflow/example_dags/example_xcom.py
[2024-05-23 09:27:11,338] {processor.py:641} INFO - Processing file /home/airflow/.local/lib/python3.7/site-packages/airflow/example_dags/example_xcom.py for tasks to queue
[2024-05-23 09:27:11,338] {logging_mixin.py:115} INFO - [2024-05-23 09:27:11,338] {dagbag.py:508} INFO - Filling up the DagBag from /home/airflow/.local/lib/python3.7/site-packages/airflow/example_dags/example_xcom.py
[2024-05-23 09:27:11,347] {processor.py:651} INFO - DAG(s) dict_keys(['example_xcom']) retrieved from /home/airflow/.local/lib/python3.7/site-packages/airflow/example_dags/example_xcom.py
[2024-05-23 09:27:11,384] {logging_mixin.py:115} INFO - [2024-05-23 09:27:11,384] {dag.py:2420} INFO - Sync 1 DAGs
[2024-05-23 09:27:11,395] {logging_mixin.py:115} INFO - [2024-05-23 09:27:11,395] {dag.py:2972} INFO - Setting next_dagrun for example_xcom to 2021-01-01T00:00:00+00:00, run_after=2021-01-01T00:00:00+00:00
[2024-05-23 09:27:11,402] {processor.py:161} INFO - Processing /home/airflow/.local/lib/python3.7/site-packages/airflow/example_dags/example_xcom.py took 0.068 seconds
[2024-05-23 09:27:41,745] {processor.py:153} INFO - Started process (PID=591) to work on /home/airflow/.local/lib/python3.7/site-packages/airflow/example_dags/example_xcom.py
[2024-05-23 09:27:41,746] {processor.py:641} INFO - Processing file /home/airflow/.local/lib/python3.7/site-packages/airflow/example_dags/example_xcom.py for tasks to queue
[2024-05-23 09:27:41,747] {logging_mixin.py:115} INFO - [2024-05-23 09:27:41,747] {dagbag.py:508} INFO - Filling up the DagBag from /home/airflow/.local/lib/python3.7/site-packages/airflow/example_dags/example_xcom.py
[2024-05-23 09:27:41,757] {processor.py:651} INFO - DAG(s) dict_keys(['example_xcom']) retrieved from /home/airflow/.local/lib/python3.7/site-packages/airflow/example_dags/example_xcom.py
[2024-05-23 09:27:41,797] {logging_mixin.py:115} INFO - [2024-05-23 09:27:41,797] {dag.py:2420} INFO - Sync 1 DAGs
[2024-05-23 09:27:41,808] {logging_mixin.py:115} INFO - [2024-05-23 09:27:41,808] {dag.py:2972} INFO - Setting next_dagrun for example_xcom to 2021-01-01T00:00:00+00:00, run_after=2021-01-01T00:00:00+00:00
[2024-05-23 09:27:41,816] {processor.py:161} INFO - Processing /home/airflow/.local/lib/python3.7/site-packages/airflow/example_dags/example_xcom.py took 0.073 seconds
[2024-05-23 09:28:12,191] {processor.py:153} INFO - Started process (PID=644) to work on /home/airflow/.local/lib/python3.7/site-packages/airflow/example_dags/example_xcom.py
[2024-05-23 09:28:12,192] {processor.py:641} INFO - Processing file /home/airflow/.local/lib/python3.7/site-packages/airflow/example_dags/example_xcom.py for tasks to queue
[2024-05-23 09:28:12,193] {logging_mixin.py:115} INFO - [2024-05-23 09:28:12,193] {dagbag.py:508} INFO - Filling up the DagBag from /home/airflow/.local/lib/python3.7/site-packages/airflow/example_dags/example_xcom.py
[2024-05-23 09:28:12,202] {processor.py:651} INFO - DAG(s) dict_keys(['example_xcom']) retrieved from /home/airflow/.local/lib/python3.7/site-packages/airflow/example_dags/example_xcom.py
[2024-05-23 09:28:12,241] {logging_mixin.py:115} INFO - [2024-05-23 09:28:12,241] {dag.py:2420} INFO - Sync 1 DAGs
[2024-05-23 09:28:12,254] {logging_mixin.py:115} INFO - [2024-05-23 09:28:12,254] {dag.py:2972} INFO - Setting next_dagrun for example_xcom to 2021-01-01T00:00:00+00:00, run_after=2021-01-01T00:00:00+00:00
[2024-05-23 09:28:12,262] {processor.py:161} INFO - Processing /home/airflow/.local/lib/python3.7/site-packages/airflow/example_dags/example_xcom.py took 0.073 seconds
[2024-05-23 09:28:42,571] {processor.py:153} INFO - Started process (PID=706) to work on /home/airflow/.local/lib/python3.7/site-packages/airflow/example_dags/example_xcom.py
[2024-05-23 09:28:42,572] {processor.py:641} INFO - Processing file /home/airflow/.local/lib/python3.7/site-packages/airflow/example_dags/example_xcom.py for tasks to queue
[2024-05-23 09:28:42,573] {logging_mixin.py:115} INFO - [2024-05-23 09:28:42,573] {dagbag.py:508} INFO - Filling up the DagBag from /home/airflow/.local/lib/python3.7/site-packages/airflow/example_dags/example_xcom.py
[2024-05-23 09:28:42,583] {processor.py:651} INFO - DAG(s) dict_keys(['example_xcom']) retrieved from /home/airflow/.local/lib/python3.7/site-packages/airflow/example_dags/example_xcom.py
[2024-05-23 09:28:42,620] {logging_mixin.py:115} INFO - [2024-05-23 09:28:42,619] {dag.py:2420} INFO - Sync 1 DAGs
[2024-05-23 09:28:42,631] {logging_mixin.py:115} INFO - [2024-05-23 09:28:42,631] {dag.py:2972} INFO - Setting next_dagrun for example_xcom to 2021-01-01T00:00:00+00:00, run_after=2021-01-01T00:00:00+00:00
[2024-05-23 09:28:42,639] {processor.py:161} INFO - Processing /home/airflow/.local/lib/python3.7/site-packages/airflow/example_dags/example_xcom.py took 0.071 seconds
[2024-05-23 09:29:12,958] {processor.py:153} INFO - Started process (PID=768) to work on /home/airflow/.local/lib/python3.7/site-packages/airflow/example_dags/example_xcom.py
[2024-05-23 09:29:12,959] {processor.py:641} INFO - Processing file /home/airflow/.local/lib/python3.7/site-packages/airflow/example_dags/example_xcom.py for tasks to queue
[2024-05-23 09:29:12,960] {logging_mixin.py:115} INFO - [2024-05-23 09:29:12,960] {dagbag.py:508} INFO - Filling up the DagBag from /home/airflow/.local/lib/python3.7/site-packages/airflow/example_dags/example_xcom.py
[2024-05-23 09:29:12,969] {processor.py:651} INFO - DAG(s) dict_keys(['example_xcom']) retrieved from /home/airflow/.local/lib/python3.7/site-packages/airflow/example_dags/example_xcom.py
[2024-05-23 09:29:13,007] {logging_mixin.py:115} INFO - [2024-05-23 09:29:13,007] {dag.py:2420} INFO - Sync 1 DAGs
[2024-05-23 09:29:13,019] {logging_mixin.py:115} INFO - [2024-05-23 09:29:13,019] {dag.py:2972} INFO - Setting next_dagrun for example_xcom to 2021-01-01T00:00:00+00:00, run_after=2021-01-01T00:00:00+00:00
[2024-05-23 09:29:13,026] {processor.py:161} INFO - Processing /home/airflow/.local/lib/python3.7/site-packages/airflow/example_dags/example_xcom.py took 0.069 seconds
[2024-05-23 09:29:43,361] {processor.py:153} INFO - Started process (PID=830) to work on /home/airflow/.local/lib/python3.7/site-packages/airflow/example_dags/example_xcom.py
[2024-05-23 09:29:43,362] {processor.py:641} INFO - Processing file /home/airflow/.local/lib/python3.7/site-packages/airflow/example_dags/example_xcom.py for tasks to queue
[2024-05-23 09:29:43,363] {logging_mixin.py:115} INFO - [2024-05-23 09:29:43,363] {dagbag.py:508} INFO - Filling up the DagBag from /home/airflow/.local/lib/python3.7/site-packages/airflow/example_dags/example_xcom.py
[2024-05-23 09:29:43,373] {processor.py:651} INFO - DAG(s) dict_keys(['example_xcom']) retrieved from /home/airflow/.local/lib/python3.7/site-packages/airflow/example_dags/example_xcom.py
[2024-05-23 09:29:43,420] {logging_mixin.py:115} INFO - [2024-05-23 09:29:43,420] {dag.py:2420} INFO - Sync 1 DAGs
[2024-05-23 09:29:43,431] {logging_mixin.py:115} INFO - [2024-05-23 09:29:43,431] {dag.py:2972} INFO - Setting next_dagrun for example_xcom to 2021-01-01T00:00:00+00:00, run_after=2021-01-01T00:00:00+00:00
[2024-05-23 09:29:43,440] {processor.py:161} INFO - Processing /home/airflow/.local/lib/python3.7/site-packages/airflow/example_dags/example_xcom.py took 0.081 seconds
[2024-05-23 09:30:13,730] {processor.py:153} INFO - Started process (PID=892) to work on /home/airflow/.local/lib/python3.7/site-packages/airflow/example_dags/example_xcom.py
[2024-05-23 09:30:13,731] {processor.py:641} INFO - Processing file /home/airflow/.local/lib/python3.7/site-packages/airflow/example_dags/example_xcom.py for tasks to queue
[2024-05-23 09:30:13,732] {logging_mixin.py:115} INFO - [2024-05-23 09:30:13,732] {dagbag.py:508} INFO - Filling up the DagBag from /home/airflow/.local/lib/python3.7/site-packages/airflow/example_dags/example_xcom.py
[2024-05-23 09:30:13,741] {processor.py:651} INFO - DAG(s) dict_keys(['example_xcom']) retrieved from /home/airflow/.local/lib/python3.7/site-packages/airflow/example_dags/example_xcom.py
[2024-05-23 09:30:13,758] {logging_mixin.py:115} INFO - [2024-05-23 09:30:13,758] {dag.py:2420} INFO - Sync 1 DAGs
[2024-05-23 09:30:13,772] {logging_mixin.py:115} INFO - [2024-05-23 09:30:13,772] {dag.py:2972} INFO - Setting next_dagrun for example_xcom to 2021-01-01T00:00:00+00:00, run_after=2021-01-01T00:00:00+00:00
[2024-05-23 09:30:13,779] {processor.py:161} INFO - Processing /home/airflow/.local/lib/python3.7/site-packages/airflow/example_dags/example_xcom.py took 0.051 seconds
[2024-05-23 09:30:44,158] {processor.py:153} INFO - Started process (PID=945) to work on /home/airflow/.local/lib/python3.7/site-packages/airflow/example_dags/example_xcom.py
[2024-05-23 09:30:44,159] {processor.py:641} INFO - Processing file /home/airflow/.local/lib/python3.7/site-packages/airflow/example_dags/example_xcom.py for tasks to queue
[2024-05-23 09:30:44,159] {logging_mixin.py:115} INFO - [2024-05-23 09:30:44,159] {dagbag.py:508} INFO - Filling up the DagBag from /home/airflow/.local/lib/python3.7/site-packages/airflow/example_dags/example_xcom.py
[2024-05-23 09:30:44,168] {processor.py:651} INFO - DAG(s) dict_keys(['example_xcom']) retrieved from /home/airflow/.local/lib/python3.7/site-packages/airflow/example_dags/example_xcom.py
[2024-05-23 09:30:44,207] {logging_mixin.py:115} INFO - [2024-05-23 09:30:44,207] {dag.py:2420} INFO - Sync 1 DAGs
[2024-05-23 09:30:44,218] {logging_mixin.py:115} INFO - [2024-05-23 09:30:44,218] {dag.py:2972} INFO - Setting next_dagrun for example_xcom to 2021-01-01T00:00:00+00:00, run_after=2021-01-01T00:00:00+00:00
[2024-05-23 09:30:44,225] {processor.py:161} INFO - Processing /home/airflow/.local/lib/python3.7/site-packages/airflow/example_dags/example_xcom.py took 0.070 seconds
[2024-05-23 09:31:14,580] {processor.py:153} INFO - Started process (PID=1006) to work on /home/airflow/.local/lib/python3.7/site-packages/airflow/example_dags/example_xcom.py
[2024-05-23 09:31:14,581] {processor.py:641} INFO - Processing file /home/airflow/.local/lib/python3.7/site-packages/airflow/example_dags/example_xcom.py for tasks to queue
[2024-05-23 09:31:14,582] {logging_mixin.py:115} INFO - [2024-05-23 09:31:14,582] {dagbag.py:508} INFO - Filling up the DagBag from /home/airflow/.local/lib/python3.7/site-packages/airflow/example_dags/example_xcom.py
[2024-05-23 09:31:14,592] {processor.py:651} INFO - DAG(s) dict_keys(['example_xcom']) retrieved from /home/airflow/.local/lib/python3.7/site-packages/airflow/example_dags/example_xcom.py
[2024-05-23 09:31:14,628] {logging_mixin.py:115} INFO - [2024-05-23 09:31:14,628] {dag.py:2420} INFO - Sync 1 DAGs
[2024-05-23 09:31:14,642] {logging_mixin.py:115} INFO - [2024-05-23 09:31:14,642] {dag.py:2972} INFO - Setting next_dagrun for example_xcom to 2021-01-01T00:00:00+00:00, run_after=2021-01-01T00:00:00+00:00
[2024-05-23 09:31:14,649] {processor.py:161} INFO - Processing /home/airflow/.local/lib/python3.7/site-packages/airflow/example_dags/example_xcom.py took 0.071 seconds
[2024-05-23 09:31:45,168] {processor.py:153} INFO - Started process (PID=1069) to work on /home/airflow/.local/lib/python3.7/site-packages/airflow/example_dags/example_xcom.py
[2024-05-23 09:31:45,169] {processor.py:641} INFO - Processing file /home/airflow/.local/lib/python3.7/site-packages/airflow/example_dags/example_xcom.py for tasks to queue
[2024-05-23 09:31:45,169] {logging_mixin.py:115} INFO - [2024-05-23 09:31:45,169] {dagbag.py:508} INFO - Filling up the DagBag from /home/airflow/.local/lib/python3.7/site-packages/airflow/example_dags/example_xcom.py
[2024-05-23 09:31:45,181] {processor.py:651} INFO - DAG(s) dict_keys(['example_xcom']) retrieved from /home/airflow/.local/lib/python3.7/site-packages/airflow/example_dags/example_xcom.py
[2024-05-23 09:31:45,225] {logging_mixin.py:115} INFO - [2024-05-23 09:31:45,225] {dag.py:2420} INFO - Sync 1 DAGs
[2024-05-23 09:31:45,240] {logging_mixin.py:115} INFO - [2024-05-23 09:31:45,240] {dag.py:2972} INFO - Setting next_dagrun for example_xcom to 2021-01-01T00:00:00+00:00, run_after=2021-01-01T00:00:00+00:00
[2024-05-23 09:31:45,249] {processor.py:161} INFO - Processing /home/airflow/.local/lib/python3.7/site-packages/airflow/example_dags/example_xcom.py took 0.084 seconds
[2024-05-23 09:32:15,580] {processor.py:153} INFO - Started process (PID=1131) to work on /home/airflow/.local/lib/python3.7/site-packages/airflow/example_dags/example_xcom.py
[2024-05-23 09:32:15,581] {processor.py:641} INFO - Processing file /home/airflow/.local/lib/python3.7/site-packages/airflow/example_dags/example_xcom.py for tasks to queue
[2024-05-23 09:32:15,582] {logging_mixin.py:115} INFO - [2024-05-23 09:32:15,582] {dagbag.py:508} INFO - Filling up the DagBag from /home/airflow/.local/lib/python3.7/site-packages/airflow/example_dags/example_xcom.py
[2024-05-23 09:32:15,591] {processor.py:651} INFO - DAG(s) dict_keys(['example_xcom']) retrieved from /home/airflow/.local/lib/python3.7/site-packages/airflow/example_dags/example_xcom.py
[2024-05-23 09:32:15,609] {logging_mixin.py:115} INFO - [2024-05-23 09:32:15,609] {dag.py:2420} INFO - Sync 1 DAGs
[2024-05-23 09:32:15,622] {logging_mixin.py:115} INFO - [2024-05-23 09:32:15,622] {dag.py:2972} INFO - Setting next_dagrun for example_xcom to 2021-01-01T00:00:00+00:00, run_after=2021-01-01T00:00:00+00:00
[2024-05-23 09:32:15,629] {processor.py:161} INFO - Processing /home/airflow/.local/lib/python3.7/site-packages/airflow/example_dags/example_xcom.py took 0.050 seconds
[2024-05-23 09:32:45,995] {processor.py:153} INFO - Started process (PID=1193) to work on /home/airflow/.local/lib/python3.7/site-packages/airflow/example_dags/example_xcom.py
[2024-05-23 09:32:45,996] {processor.py:641} INFO - Processing file /home/airflow/.local/lib/python3.7/site-packages/airflow/example_dags/example_xcom.py for tasks to queue
[2024-05-23 09:32:45,997] {logging_mixin.py:115} INFO - [2024-05-23 09:32:45,997] {dagbag.py:508} INFO - Filling up the DagBag from /home/airflow/.local/lib/python3.7/site-packages/airflow/example_dags/example_xcom.py
[2024-05-23 09:32:46,006] {processor.py:651} INFO - DAG(s) dict_keys(['example_xcom']) retrieved from /home/airflow/.local/lib/python3.7/site-packages/airflow/example_dags/example_xcom.py
[2024-05-23 09:32:46,024] {logging_mixin.py:115} INFO - [2024-05-23 09:32:46,024] {dag.py:2420} INFO - Sync 1 DAGs
[2024-05-23 09:32:46,037] {logging_mixin.py:115} INFO - [2024-05-23 09:32:46,037] {dag.py:2972} INFO - Setting next_dagrun for example_xcom to 2021-01-01T00:00:00+00:00, run_after=2021-01-01T00:00:00+00:00
[2024-05-23 09:32:46,043] {processor.py:161} INFO - Processing /home/airflow/.local/lib/python3.7/site-packages/airflow/example_dags/example_xcom.py took 0.050 seconds
[2024-05-23 09:33:16,572] {processor.py:153} INFO - Started process (PID=1255) to work on /home/airflow/.local/lib/python3.7/site-packages/airflow/example_dags/example_xcom.py
[2024-05-23 09:33:16,573] {processor.py:641} INFO - Processing file /home/airflow/.local/lib/python3.7/site-packages/airflow/example_dags/example_xcom.py for tasks to queue
[2024-05-23 09:33:16,574] {logging_mixin.py:115} INFO - [2024-05-23 09:33:16,574] {dagbag.py:508} INFO - Filling up the DagBag from /home/airflow/.local/lib/python3.7/site-packages/airflow/example_dags/example_xcom.py
[2024-05-23 09:33:16,583] {processor.py:651} INFO - DAG(s) dict_keys(['example_xcom']) retrieved from /home/airflow/.local/lib/python3.7/site-packages/airflow/example_dags/example_xcom.py
[2024-05-23 09:33:16,622] {logging_mixin.py:115} INFO - [2024-05-23 09:33:16,622] {dag.py:2420} INFO - Sync 1 DAGs
[2024-05-23 09:33:16,634] {logging_mixin.py:115} INFO - [2024-05-23 09:33:16,634] {dag.py:2972} INFO - Setting next_dagrun for example_xcom to 2021-01-01T00:00:00+00:00, run_after=2021-01-01T00:00:00+00:00
[2024-05-23 09:33:16,642] {processor.py:161} INFO - Processing /home/airflow/.local/lib/python3.7/site-packages/airflow/example_dags/example_xcom.py took 0.072 seconds
[2024-05-23 09:33:47,100] {processor.py:153} INFO - Started process (PID=1308) to work on /home/airflow/.local/lib/python3.7/site-packages/airflow/example_dags/example_xcom.py
[2024-05-23 09:33:47,101] {processor.py:641} INFO - Processing file /home/airflow/.local/lib/python3.7/site-packages/airflow/example_dags/example_xcom.py for tasks to queue
[2024-05-23 09:33:47,102] {logging_mixin.py:115} INFO - [2024-05-23 09:33:47,102] {dagbag.py:508} INFO - Filling up the DagBag from /home/airflow/.local/lib/python3.7/site-packages/airflow/example_dags/example_xcom.py
[2024-05-23 09:33:47,111] {processor.py:651} INFO - DAG(s) dict_keys(['example_xcom']) retrieved from /home/airflow/.local/lib/python3.7/site-packages/airflow/example_dags/example_xcom.py
[2024-05-23 09:33:47,129] {logging_mixin.py:115} INFO - [2024-05-23 09:33:47,129] {dag.py:2420} INFO - Sync 1 DAGs
[2024-05-23 09:33:47,142] {logging_mixin.py:115} INFO - [2024-05-23 09:33:47,141] {dag.py:2972} INFO - Setting next_dagrun for example_xcom to 2021-01-01T00:00:00+00:00, run_after=2021-01-01T00:00:00+00:00
[2024-05-23 09:33:47,148] {processor.py:161} INFO - Processing /home/airflow/.local/lib/python3.7/site-packages/airflow/example_dags/example_xcom.py took 0.050 seconds
[2024-05-23 09:34:17,502] {processor.py:153} INFO - Started process (PID=1375) to work on /home/airflow/.local/lib/python3.7/site-packages/airflow/example_dags/example_xcom.py
[2024-05-23 09:34:17,503] {processor.py:641} INFO - Processing file /home/airflow/.local/lib/python3.7/site-packages/airflow/example_dags/example_xcom.py for tasks to queue
[2024-05-23 09:34:17,503] {logging_mixin.py:115} INFO - [2024-05-23 09:34:17,503] {dagbag.py:508} INFO - Filling up the DagBag from /home/airflow/.local/lib/python3.7/site-packages/airflow/example_dags/example_xcom.py
[2024-05-23 09:34:17,512] {processor.py:651} INFO - DAG(s) dict_keys(['example_xcom']) retrieved from /home/airflow/.local/lib/python3.7/site-packages/airflow/example_dags/example_xcom.py
[2024-05-23 09:34:17,551] {logging_mixin.py:115} INFO - [2024-05-23 09:34:17,551] {dag.py:2420} INFO - Sync 1 DAGs
[2024-05-23 09:34:17,563] {logging_mixin.py:115} INFO - [2024-05-23 09:34:17,562] {dag.py:2972} INFO - Setting next_dagrun for example_xcom to 2021-01-01T00:00:00+00:00, run_after=2021-01-01T00:00:00+00:00
[2024-05-23 09:34:17,570] {processor.py:161} INFO - Processing /home/airflow/.local/lib/python3.7/site-packages/airflow/example_dags/example_xcom.py took 0.070 seconds
[2024-05-23 09:34:47,999] {processor.py:153} INFO - Started process (PID=1437) to work on /home/airflow/.local/lib/python3.7/site-packages/airflow/example_dags/example_xcom.py
[2024-05-23 09:34:48,000] {processor.py:641} INFO - Processing file /home/airflow/.local/lib/python3.7/site-packages/airflow/example_dags/example_xcom.py for tasks to queue
[2024-05-23 09:34:48,000] {logging_mixin.py:115} INFO - [2024-05-23 09:34:48,000] {dagbag.py:508} INFO - Filling up the DagBag from /home/airflow/.local/lib/python3.7/site-packages/airflow/example_dags/example_xcom.py
[2024-05-23 09:34:48,010] {processor.py:651} INFO - DAG(s) dict_keys(['example_xcom']) retrieved from /home/airflow/.local/lib/python3.7/site-packages/airflow/example_dags/example_xcom.py
[2024-05-23 09:34:48,048] {logging_mixin.py:115} INFO - [2024-05-23 09:34:48,048] {dag.py:2420} INFO - Sync 1 DAGs
[2024-05-23 09:34:48,059] {logging_mixin.py:115} INFO - [2024-05-23 09:34:48,059] {dag.py:2972} INFO - Setting next_dagrun for example_xcom to 2021-01-01T00:00:00+00:00, run_after=2021-01-01T00:00:00+00:00
[2024-05-23 09:34:48,067] {processor.py:161} INFO - Processing /home/airflow/.local/lib/python3.7/site-packages/airflow/example_dags/example_xcom.py took 0.070 seconds
[2024-05-23 09:35:18,435] {processor.py:153} INFO - Started process (PID=1499) to work on /home/airflow/.local/lib/python3.7/site-packages/airflow/example_dags/example_xcom.py
[2024-05-23 09:35:18,436] {processor.py:641} INFO - Processing file /home/airflow/.local/lib/python3.7/site-packages/airflow/example_dags/example_xcom.py for tasks to queue
[2024-05-23 09:35:18,436] {logging_mixin.py:115} INFO - [2024-05-23 09:35:18,436] {dagbag.py:508} INFO - Filling up the DagBag from /home/airflow/.local/lib/python3.7/site-packages/airflow/example_dags/example_xcom.py
[2024-05-23 09:35:18,445] {processor.py:651} INFO - DAG(s) dict_keys(['example_xcom']) retrieved from /home/airflow/.local/lib/python3.7/site-packages/airflow/example_dags/example_xcom.py
[2024-05-23 09:35:18,464] {logging_mixin.py:115} INFO - [2024-05-23 09:35:18,464] {dag.py:2420} INFO - Sync 1 DAGs
[2024-05-23 09:35:18,477] {logging_mixin.py:115} INFO - [2024-05-23 09:35:18,477] {dag.py:2972} INFO - Setting next_dagrun for example_xcom to 2021-01-01T00:00:00+00:00, run_after=2021-01-01T00:00:00+00:00
[2024-05-23 09:35:18,484] {processor.py:161} INFO - Processing /home/airflow/.local/lib/python3.7/site-packages/airflow/example_dags/example_xcom.py took 0.051 seconds
[2024-05-23 09:35:48,840] {processor.py:153} INFO - Started process (PID=1561) to work on /home/airflow/.local/lib/python3.7/site-packages/airflow/example_dags/example_xcom.py
[2024-05-23 09:35:48,841] {processor.py:641} INFO - Processing file /home/airflow/.local/lib/python3.7/site-packages/airflow/example_dags/example_xcom.py for tasks to queue
[2024-05-23 09:35:48,842] {logging_mixin.py:115} INFO - [2024-05-23 09:35:48,842] {dagbag.py:508} INFO - Filling up the DagBag from /home/airflow/.local/lib/python3.7/site-packages/airflow/example_dags/example_xcom.py
[2024-05-23 09:35:48,851] {processor.py:651} INFO - DAG(s) dict_keys(['example_xcom']) retrieved from /home/airflow/.local/lib/python3.7/site-packages/airflow/example_dags/example_xcom.py
[2024-05-23 09:35:48,868] {logging_mixin.py:115} INFO - [2024-05-23 09:35:48,868] {dag.py:2420} INFO - Sync 1 DAGs
[2024-05-23 09:35:48,880] {logging_mixin.py:115} INFO - [2024-05-23 09:35:48,880] {dag.py:2972} INFO - Setting next_dagrun for example_xcom to 2021-01-01T00:00:00+00:00, run_after=2021-01-01T00:00:00+00:00
[2024-05-23 09:35:48,887] {processor.py:161} INFO - Processing /home/airflow/.local/lib/python3.7/site-packages/airflow/example_dags/example_xcom.py took 0.049 seconds
[2024-05-23 09:36:19,274] {processor.py:153} INFO - Started process (PID=1614) to work on /home/airflow/.local/lib/python3.7/site-packages/airflow/example_dags/example_xcom.py
[2024-05-23 09:36:19,275] {processor.py:641} INFO - Processing file /home/airflow/.local/lib/python3.7/site-packages/airflow/example_dags/example_xcom.py for tasks to queue
[2024-05-23 09:36:19,276] {logging_mixin.py:115} INFO - [2024-05-23 09:36:19,276] {dagbag.py:508} INFO - Filling up the DagBag from /home/airflow/.local/lib/python3.7/site-packages/airflow/example_dags/example_xcom.py
[2024-05-23 09:36:19,286] {processor.py:651} INFO - DAG(s) dict_keys(['example_xcom']) retrieved from /home/airflow/.local/lib/python3.7/site-packages/airflow/example_dags/example_xcom.py
[2024-05-23 09:36:19,326] {logging_mixin.py:115} INFO - [2024-05-23 09:36:19,326] {dag.py:2420} INFO - Sync 1 DAGs
[2024-05-23 09:36:19,339] {logging_mixin.py:115} INFO - [2024-05-23 09:36:19,339] {dag.py:2972} INFO - Setting next_dagrun for example_xcom to 2021-01-01T00:00:00+00:00, run_after=2021-01-01T00:00:00+00:00
[2024-05-23 09:36:19,346] {processor.py:161} INFO - Processing /home/airflow/.local/lib/python3.7/site-packages/airflow/example_dags/example_xcom.py took 0.074 seconds
[2024-05-23 09:36:49,761] {processor.py:153} INFO - Started process (PID=1676) to work on /home/airflow/.local/lib/python3.7/site-packages/airflow/example_dags/example_xcom.py
[2024-05-23 09:36:49,762] {processor.py:641} INFO - Processing file /home/airflow/.local/lib/python3.7/site-packages/airflow/example_dags/example_xcom.py for tasks to queue
[2024-05-23 09:36:49,762] {logging_mixin.py:115} INFO - [2024-05-23 09:36:49,762] {dagbag.py:508} INFO - Filling up the DagBag from /home/airflow/.local/lib/python3.7/site-packages/airflow/example_dags/example_xcom.py
[2024-05-23 09:36:49,772] {processor.py:651} INFO - DAG(s) dict_keys(['example_xcom']) retrieved from /home/airflow/.local/lib/python3.7/site-packages/airflow/example_dags/example_xcom.py
[2024-05-23 09:36:49,812] {logging_mixin.py:115} INFO - [2024-05-23 09:36:49,812] {dag.py:2420} INFO - Sync 1 DAGs
[2024-05-23 09:36:49,823] {logging_mixin.py:115} INFO - [2024-05-23 09:36:49,823] {dag.py:2972} INFO - Setting next_dagrun for example_xcom to 2021-01-01T00:00:00+00:00, run_after=2021-01-01T00:00:00+00:00
[2024-05-23 09:36:49,831] {processor.py:161} INFO - Processing /home/airflow/.local/lib/python3.7/site-packages/airflow/example_dags/example_xcom.py took 0.072 seconds
[2024-05-23 09:37:20,277] {processor.py:153} INFO - Started process (PID=1738) to work on /home/airflow/.local/lib/python3.7/site-packages/airflow/example_dags/example_xcom.py
[2024-05-23 09:37:20,278] {processor.py:641} INFO - Processing file /home/airflow/.local/lib/python3.7/site-packages/airflow/example_dags/example_xcom.py for tasks to queue
[2024-05-23 09:37:20,278] {logging_mixin.py:115} INFO - [2024-05-23 09:37:20,278] {dagbag.py:508} INFO - Filling up the DagBag from /home/airflow/.local/lib/python3.7/site-packages/airflow/example_dags/example_xcom.py
[2024-05-23 09:37:20,288] {processor.py:651} INFO - DAG(s) dict_keys(['example_xcom']) retrieved from /home/airflow/.local/lib/python3.7/site-packages/airflow/example_dags/example_xcom.py
[2024-05-23 09:37:20,325] {logging_mixin.py:115} INFO - [2024-05-23 09:37:20,325] {dag.py:2420} INFO - Sync 1 DAGs
[2024-05-23 09:37:20,336] {logging_mixin.py:115} INFO - [2024-05-23 09:37:20,336] {dag.py:2972} INFO - Setting next_dagrun for example_xcom to 2021-01-01T00:00:00+00:00, run_after=2021-01-01T00:00:00+00:00
[2024-05-23 09:37:20,344] {processor.py:161} INFO - Processing /home/airflow/.local/lib/python3.7/site-packages/airflow/example_dags/example_xcom.py took 0.069 seconds
[2024-05-23 09:37:50,809] {processor.py:153} INFO - Started process (PID=1800) to work on /home/airflow/.local/lib/python3.7/site-packages/airflow/example_dags/example_xcom.py
[2024-05-23 09:37:50,810] {processor.py:641} INFO - Processing file /home/airflow/.local/lib/python3.7/site-packages/airflow/example_dags/example_xcom.py for tasks to queue
[2024-05-23 09:37:50,811] {logging_mixin.py:115} INFO - [2024-05-23 09:37:50,811] {dagbag.py:508} INFO - Filling up the DagBag from /home/airflow/.local/lib/python3.7/site-packages/airflow/example_dags/example_xcom.py
[2024-05-23 09:37:50,822] {processor.py:651} INFO - DAG(s) dict_keys(['example_xcom']) retrieved from /home/airflow/.local/lib/python3.7/site-packages/airflow/example_dags/example_xcom.py
[2024-05-23 09:37:50,841] {logging_mixin.py:115} INFO - [2024-05-23 09:37:50,841] {dag.py:2420} INFO - Sync 1 DAGs
[2024-05-23 09:37:50,854] {logging_mixin.py:115} INFO - [2024-05-23 09:37:50,854] {dag.py:2972} INFO - Setting next_dagrun for example_xcom to 2021-01-01T00:00:00+00:00, run_after=2021-01-01T00:00:00+00:00
[2024-05-23 09:37:50,861] {processor.py:161} INFO - Processing /home/airflow/.local/lib/python3.7/site-packages/airflow/example_dags/example_xcom.py took 0.054 seconds
[2024-05-23 09:38:21,302] {processor.py:153} INFO - Started process (PID=1862) to work on /home/airflow/.local/lib/python3.7/site-packages/airflow/example_dags/example_xcom.py
[2024-05-23 09:38:21,302] {processor.py:641} INFO - Processing file /home/airflow/.local/lib/python3.7/site-packages/airflow/example_dags/example_xcom.py for tasks to queue
[2024-05-23 09:38:21,303] {logging_mixin.py:115} INFO - [2024-05-23 09:38:21,303] {dagbag.py:508} INFO - Filling up the DagBag from /home/airflow/.local/lib/python3.7/site-packages/airflow/example_dags/example_xcom.py
[2024-05-23 09:38:21,313] {processor.py:651} INFO - DAG(s) dict_keys(['example_xcom']) retrieved from /home/airflow/.local/lib/python3.7/site-packages/airflow/example_dags/example_xcom.py
[2024-05-23 09:38:21,351] {logging_mixin.py:115} INFO - [2024-05-23 09:38:21,351] {dag.py:2420} INFO - Sync 1 DAGs
[2024-05-23 09:38:21,362] {logging_mixin.py:115} INFO - [2024-05-23 09:38:21,362] {dag.py:2972} INFO - Setting next_dagrun for example_xcom to 2021-01-01T00:00:00+00:00, run_after=2021-01-01T00:00:00+00:00
[2024-05-23 09:38:21,369] {processor.py:161} INFO - Processing /home/airflow/.local/lib/python3.7/site-packages/airflow/example_dags/example_xcom.py took 0.070 seconds
[2024-05-23 09:38:51,729] {processor.py:153} INFO - Started process (PID=1924) to work on /home/airflow/.local/lib/python3.7/site-packages/airflow/example_dags/example_xcom.py
[2024-05-23 09:38:51,731] {processor.py:641} INFO - Processing file /home/airflow/.local/lib/python3.7/site-packages/airflow/example_dags/example_xcom.py for tasks to queue
[2024-05-23 09:38:51,731] {logging_mixin.py:115} INFO - [2024-05-23 09:38:51,731] {dagbag.py:508} INFO - Filling up the DagBag from /home/airflow/.local/lib/python3.7/site-packages/airflow/example_dags/example_xcom.py
[2024-05-23 09:38:51,741] {processor.py:651} INFO - DAG(s) dict_keys(['example_xcom']) retrieved from /home/airflow/.local/lib/python3.7/site-packages/airflow/example_dags/example_xcom.py
[2024-05-23 09:38:51,758] {logging_mixin.py:115} INFO - [2024-05-23 09:38:51,758] {dag.py:2420} INFO - Sync 1 DAGs
[2024-05-23 09:38:51,771] {logging_mixin.py:115} INFO - [2024-05-23 09:38:51,771] {dag.py:2972} INFO - Setting next_dagrun for example_xcom to 2021-01-01T00:00:00+00:00, run_after=2021-01-01T00:00:00+00:00
[2024-05-23 09:38:51,778] {processor.py:161} INFO - Processing /home/airflow/.local/lib/python3.7/site-packages/airflow/example_dags/example_xcom.py took 0.051 seconds
[2024-05-23 09:39:22,159] {processor.py:153} INFO - Started process (PID=1977) to work on /home/airflow/.local/lib/python3.7/site-packages/airflow/example_dags/example_xcom.py
[2024-05-23 09:39:22,160] {processor.py:641} INFO - Processing file /home/airflow/.local/lib/python3.7/site-packages/airflow/example_dags/example_xcom.py for tasks to queue
[2024-05-23 09:39:22,160] {logging_mixin.py:115} INFO - [2024-05-23 09:39:22,160] {dagbag.py:508} INFO - Filling up the DagBag from /home/airflow/.local/lib/python3.7/site-packages/airflow/example_dags/example_xcom.py
[2024-05-23 09:39:22,170] {processor.py:651} INFO - DAG(s) dict_keys(['example_xcom']) retrieved from /home/airflow/.local/lib/python3.7/site-packages/airflow/example_dags/example_xcom.py
[2024-05-23 09:39:22,209] {logging_mixin.py:115} INFO - [2024-05-23 09:39:22,208] {dag.py:2420} INFO - Sync 1 DAGs
[2024-05-23 09:39:22,219] {logging_mixin.py:115} INFO - [2024-05-23 09:39:22,219] {dag.py:2972} INFO - Setting next_dagrun for example_xcom to 2021-01-01T00:00:00+00:00, run_after=2021-01-01T00:00:00+00:00
[2024-05-23 09:39:22,227] {processor.py:161} INFO - Processing /home/airflow/.local/lib/python3.7/site-packages/airflow/example_dags/example_xcom.py took 0.070 seconds
[2024-05-23 09:39:52,577] {processor.py:153} INFO - Started process (PID=2039) to work on /home/airflow/.local/lib/python3.7/site-packages/airflow/example_dags/example_xcom.py
[2024-05-23 09:39:52,577] {processor.py:641} INFO - Processing file /home/airflow/.local/lib/python3.7/site-packages/airflow/example_dags/example_xcom.py for tasks to queue
[2024-05-23 09:39:52,578] {logging_mixin.py:115} INFO - [2024-05-23 09:39:52,578] {dagbag.py:508} INFO - Filling up the DagBag from /home/airflow/.local/lib/python3.7/site-packages/airflow/example_dags/example_xcom.py
[2024-05-23 09:39:52,588] {processor.py:651} INFO - DAG(s) dict_keys(['example_xcom']) retrieved from /home/airflow/.local/lib/python3.7/site-packages/airflow/example_dags/example_xcom.py
[2024-05-23 09:39:52,625] {logging_mixin.py:115} INFO - [2024-05-23 09:39:52,625] {dag.py:2420} INFO - Sync 1 DAGs
[2024-05-23 09:39:52,636] {logging_mixin.py:115} INFO - [2024-05-23 09:39:52,636] {dag.py:2972} INFO - Setting next_dagrun for example_xcom to 2021-01-01T00:00:00+00:00, run_after=2021-01-01T00:00:00+00:00
[2024-05-23 09:39:52,644] {processor.py:161} INFO - Processing /home/airflow/.local/lib/python3.7/site-packages/airflow/example_dags/example_xcom.py took 0.069 seconds
[2024-05-23 09:40:22,985] {processor.py:153} INFO - Started process (PID=2101) to work on /home/airflow/.local/lib/python3.7/site-packages/airflow/example_dags/example_xcom.py
[2024-05-23 09:40:22,986] {processor.py:641} INFO - Processing file /home/airflow/.local/lib/python3.7/site-packages/airflow/example_dags/example_xcom.py for tasks to queue
[2024-05-23 09:40:22,987] {logging_mixin.py:115} INFO - [2024-05-23 09:40:22,987] {dagbag.py:508} INFO - Filling up the DagBag from /home/airflow/.local/lib/python3.7/site-packages/airflow/example_dags/example_xcom.py
[2024-05-23 09:40:22,996] {processor.py:651} INFO - DAG(s) dict_keys(['example_xcom']) retrieved from /home/airflow/.local/lib/python3.7/site-packages/airflow/example_dags/example_xcom.py
[2024-05-23 09:40:23,013] {logging_mixin.py:115} INFO - [2024-05-23 09:40:23,013] {dag.py:2420} INFO - Sync 1 DAGs
[2024-05-23 09:40:23,026] {logging_mixin.py:115} INFO - [2024-05-23 09:40:23,026] {dag.py:2972} INFO - Setting next_dagrun for example_xcom to 2021-01-01T00:00:00+00:00, run_after=2021-01-01T00:00:00+00:00
[2024-05-23 09:40:23,032] {processor.py:161} INFO - Processing /home/airflow/.local/lib/python3.7/site-packages/airflow/example_dags/example_xcom.py took 0.049 seconds
[2024-05-23 09:40:53,470] {processor.py:153} INFO - Started process (PID=2163) to work on /home/airflow/.local/lib/python3.7/site-packages/airflow/example_dags/example_xcom.py
[2024-05-23 09:40:53,471] {processor.py:641} INFO - Processing file /home/airflow/.local/lib/python3.7/site-packages/airflow/example_dags/example_xcom.py for tasks to queue
[2024-05-23 09:40:53,472] {logging_mixin.py:115} INFO - [2024-05-23 09:40:53,472] {dagbag.py:508} INFO - Filling up the DagBag from /home/airflow/.local/lib/python3.7/site-packages/airflow/example_dags/example_xcom.py
[2024-05-23 09:40:53,481] {processor.py:651} INFO - DAG(s) dict_keys(['example_xcom']) retrieved from /home/airflow/.local/lib/python3.7/site-packages/airflow/example_dags/example_xcom.py
[2024-05-23 09:40:53,497] {logging_mixin.py:115} INFO - [2024-05-23 09:40:53,497] {dag.py:2420} INFO - Sync 1 DAGs
[2024-05-23 09:40:53,509] {logging_mixin.py:115} INFO - [2024-05-23 09:40:53,509] {dag.py:2972} INFO - Setting next_dagrun for example_xcom to 2021-01-01T00:00:00+00:00, run_after=2021-01-01T00:00:00+00:00
[2024-05-23 09:40:53,516] {processor.py:161} INFO - Processing /home/airflow/.local/lib/python3.7/site-packages/airflow/example_dags/example_xcom.py took 0.048 seconds
[2024-05-23 09:41:23,998] {processor.py:153} INFO - Started process (PID=2225) to work on /home/airflow/.local/lib/python3.7/site-packages/airflow/example_dags/example_xcom.py
[2024-05-23 09:41:23,999] {processor.py:641} INFO - Processing file /home/airflow/.local/lib/python3.7/site-packages/airflow/example_dags/example_xcom.py for tasks to queue
[2024-05-23 09:41:24,000] {logging_mixin.py:115} INFO - [2024-05-23 09:41:24,000] {dagbag.py:508} INFO - Filling up the DagBag from /home/airflow/.local/lib/python3.7/site-packages/airflow/example_dags/example_xcom.py
[2024-05-23 09:41:24,009] {processor.py:651} INFO - DAG(s) dict_keys(['example_xcom']) retrieved from /home/airflow/.local/lib/python3.7/site-packages/airflow/example_dags/example_xcom.py
[2024-05-23 09:41:24,049] {logging_mixin.py:115} INFO - [2024-05-23 09:41:24,049] {dag.py:2420} INFO - Sync 1 DAGs
[2024-05-23 09:41:24,061] {logging_mixin.py:115} INFO - [2024-05-23 09:41:24,061] {dag.py:2972} INFO - Setting next_dagrun for example_xcom to 2021-01-01T00:00:00+00:00, run_after=2021-01-01T00:00:00+00:00
[2024-05-23 09:41:24,068] {processor.py:161} INFO - Processing /home/airflow/.local/lib/python3.7/site-packages/airflow/example_dags/example_xcom.py took 0.073 seconds
[2024-05-23 09:41:54,649] {processor.py:153} INFO - Started process (PID=2287) to work on /home/airflow/.local/lib/python3.7/site-packages/airflow/example_dags/example_xcom.py
[2024-05-23 09:41:54,650] {processor.py:641} INFO - Processing file /home/airflow/.local/lib/python3.7/site-packages/airflow/example_dags/example_xcom.py for tasks to queue
[2024-05-23 09:41:54,651] {logging_mixin.py:115} INFO - [2024-05-23 09:41:54,651] {dagbag.py:508} INFO - Filling up the DagBag from /home/airflow/.local/lib/python3.7/site-packages/airflow/example_dags/example_xcom.py
[2024-05-23 09:41:54,663] {processor.py:651} INFO - DAG(s) dict_keys(['example_xcom']) retrieved from /home/airflow/.local/lib/python3.7/site-packages/airflow/example_dags/example_xcom.py
[2024-05-23 09:41:54,682] {logging_mixin.py:115} INFO - [2024-05-23 09:41:54,682] {dag.py:2420} INFO - Sync 1 DAGs
[2024-05-23 09:41:54,696] {logging_mixin.py:115} INFO - [2024-05-23 09:41:54,696] {dag.py:2972} INFO - Setting next_dagrun for example_xcom to 2021-01-01T00:00:00+00:00, run_after=2021-01-01T00:00:00+00:00
[2024-05-23 09:41:54,704] {processor.py:161} INFO - Processing /home/airflow/.local/lib/python3.7/site-packages/airflow/example_dags/example_xcom.py took 0.057 seconds
[2024-05-23 09:42:25,186] {processor.py:153} INFO - Started process (PID=2340) to work on /home/airflow/.local/lib/python3.7/site-packages/airflow/example_dags/example_xcom.py
[2024-05-23 09:42:25,187] {processor.py:641} INFO - Processing file /home/airflow/.local/lib/python3.7/site-packages/airflow/example_dags/example_xcom.py for tasks to queue
[2024-05-23 09:42:25,188] {logging_mixin.py:115} INFO - [2024-05-23 09:42:25,188] {dagbag.py:508} INFO - Filling up the DagBag from /home/airflow/.local/lib/python3.7/site-packages/airflow/example_dags/example_xcom.py
[2024-05-23 09:42:25,197] {processor.py:651} INFO - DAG(s) dict_keys(['example_xcom']) retrieved from /home/airflow/.local/lib/python3.7/site-packages/airflow/example_dags/example_xcom.py
[2024-05-23 09:42:25,235] {logging_mixin.py:115} INFO - [2024-05-23 09:42:25,235] {dag.py:2420} INFO - Sync 1 DAGs
[2024-05-23 09:42:25,246] {logging_mixin.py:115} INFO - [2024-05-23 09:42:25,246] {dag.py:2972} INFO - Setting next_dagrun for example_xcom to 2021-01-01T00:00:00+00:00, run_after=2021-01-01T00:00:00+00:00
[2024-05-23 09:42:25,253] {processor.py:161} INFO - Processing /home/airflow/.local/lib/python3.7/site-packages/airflow/example_dags/example_xcom.py took 0.069 seconds
[2024-05-23 09:42:55,637] {processor.py:153} INFO - Started process (PID=2402) to work on /home/airflow/.local/lib/python3.7/site-packages/airflow/example_dags/example_xcom.py
[2024-05-23 09:42:55,638] {processor.py:641} INFO - Processing file /home/airflow/.local/lib/python3.7/site-packages/airflow/example_dags/example_xcom.py for tasks to queue
[2024-05-23 09:42:55,639] {logging_mixin.py:115} INFO - [2024-05-23 09:42:55,639] {dagbag.py:508} INFO - Filling up the DagBag from /home/airflow/.local/lib/python3.7/site-packages/airflow/example_dags/example_xcom.py
[2024-05-23 09:42:55,649] {processor.py:651} INFO - DAG(s) dict_keys(['example_xcom']) retrieved from /home/airflow/.local/lib/python3.7/site-packages/airflow/example_dags/example_xcom.py
[2024-05-23 09:42:55,666] {logging_mixin.py:115} INFO - [2024-05-23 09:42:55,666] {dag.py:2420} INFO - Sync 1 DAGs
[2024-05-23 09:42:55,678] {logging_mixin.py:115} INFO - [2024-05-23 09:42:55,678] {dag.py:2972} INFO - Setting next_dagrun for example_xcom to 2021-01-01T00:00:00+00:00, run_after=2021-01-01T00:00:00+00:00
[2024-05-23 09:42:55,685] {processor.py:161} INFO - Processing /home/airflow/.local/lib/python3.7/site-packages/airflow/example_dags/example_xcom.py took 0.050 seconds
[2024-05-23 09:43:26,095] {processor.py:153} INFO - Started process (PID=2465) to work on /home/airflow/.local/lib/python3.7/site-packages/airflow/example_dags/example_xcom.py
[2024-05-23 09:43:26,096] {processor.py:641} INFO - Processing file /home/airflow/.local/lib/python3.7/site-packages/airflow/example_dags/example_xcom.py for tasks to queue
[2024-05-23 09:43:26,097] {logging_mixin.py:115} INFO - [2024-05-23 09:43:26,097] {dagbag.py:508} INFO - Filling up the DagBag from /home/airflow/.local/lib/python3.7/site-packages/airflow/example_dags/example_xcom.py
[2024-05-23 09:43:26,107] {processor.py:651} INFO - DAG(s) dict_keys(['example_xcom']) retrieved from /home/airflow/.local/lib/python3.7/site-packages/airflow/example_dags/example_xcom.py
[2024-05-23 09:43:26,144] {logging_mixin.py:115} INFO - [2024-05-23 09:43:26,144] {dag.py:2420} INFO - Sync 1 DAGs
[2024-05-23 09:43:26,155] {logging_mixin.py:115} INFO - [2024-05-23 09:43:26,155] {dag.py:2972} INFO - Setting next_dagrun for example_xcom to 2021-01-01T00:00:00+00:00, run_after=2021-01-01T00:00:00+00:00
[2024-05-23 09:43:26,162] {processor.py:161} INFO - Processing /home/airflow/.local/lib/python3.7/site-packages/airflow/example_dags/example_xcom.py took 0.070 seconds
[2024-05-23 09:43:56,583] {processor.py:153} INFO - Started process (PID=2527) to work on /home/airflow/.local/lib/python3.7/site-packages/airflow/example_dags/example_xcom.py
[2024-05-23 09:43:56,584] {processor.py:641} INFO - Processing file /home/airflow/.local/lib/python3.7/site-packages/airflow/example_dags/example_xcom.py for tasks to queue
[2024-05-23 09:43:56,584] {logging_mixin.py:115} INFO - [2024-05-23 09:43:56,584] {dagbag.py:508} INFO - Filling up the DagBag from /home/airflow/.local/lib/python3.7/site-packages/airflow/example_dags/example_xcom.py
[2024-05-23 09:43:56,593] {processor.py:651} INFO - DAG(s) dict_keys(['example_xcom']) retrieved from /home/airflow/.local/lib/python3.7/site-packages/airflow/example_dags/example_xcom.py
[2024-05-23 09:43:56,629] {logging_mixin.py:115} INFO - [2024-05-23 09:43:56,629] {dag.py:2420} INFO - Sync 1 DAGs
[2024-05-23 09:43:56,641] {logging_mixin.py:115} INFO - [2024-05-23 09:43:56,641] {dag.py:2972} INFO - Setting next_dagrun for example_xcom to 2021-01-01T00:00:00+00:00, run_after=2021-01-01T00:00:00+00:00
[2024-05-23 09:43:56,649] {processor.py:161} INFO - Processing /home/airflow/.local/lib/python3.7/site-packages/airflow/example_dags/example_xcom.py took 0.068 seconds
[2024-05-23 09:44:27,019] {processor.py:153} INFO - Started process (PID=2589) to work on /home/airflow/.local/lib/python3.7/site-packages/airflow/example_dags/example_xcom.py
[2024-05-23 09:44:27,019] {processor.py:641} INFO - Processing file /home/airflow/.local/lib/python3.7/site-packages/airflow/example_dags/example_xcom.py for tasks to queue
[2024-05-23 09:44:27,020] {logging_mixin.py:115} INFO - [2024-05-23 09:44:27,020] {dagbag.py:508} INFO - Filling up the DagBag from /home/airflow/.local/lib/python3.7/site-packages/airflow/example_dags/example_xcom.py
[2024-05-23 09:44:27,030] {processor.py:651} INFO - DAG(s) dict_keys(['example_xcom']) retrieved from /home/airflow/.local/lib/python3.7/site-packages/airflow/example_dags/example_xcom.py
[2024-05-23 09:44:27,068] {logging_mixin.py:115} INFO - [2024-05-23 09:44:27,068] {dag.py:2420} INFO - Sync 1 DAGs
[2024-05-23 09:44:27,079] {logging_mixin.py:115} INFO - [2024-05-23 09:44:27,079] {dag.py:2972} INFO - Setting next_dagrun for example_xcom to 2021-01-01T00:00:00+00:00, run_after=2021-01-01T00:00:00+00:00
[2024-05-23 09:44:27,086] {processor.py:161} INFO - Processing /home/airflow/.local/lib/python3.7/site-packages/airflow/example_dags/example_xcom.py took 0.070 seconds
[2024-05-23 09:44:57,569] {processor.py:153} INFO - Started process (PID=2649) to work on /home/airflow/.local/lib/python3.7/site-packages/airflow/example_dags/example_xcom.py
[2024-05-23 09:44:57,570] {processor.py:641} INFO - Processing file /home/airflow/.local/lib/python3.7/site-packages/airflow/example_dags/example_xcom.py for tasks to queue
[2024-05-23 09:44:57,571] {logging_mixin.py:115} INFO - [2024-05-23 09:44:57,571] {dagbag.py:508} INFO - Filling up the DagBag from /home/airflow/.local/lib/python3.7/site-packages/airflow/example_dags/example_xcom.py
[2024-05-23 09:44:57,584] {processor.py:651} INFO - DAG(s) dict_keys(['example_xcom']) retrieved from /home/airflow/.local/lib/python3.7/site-packages/airflow/example_dags/example_xcom.py
[2024-05-23 09:44:57,625] {logging_mixin.py:115} INFO - [2024-05-23 09:44:57,625] {dag.py:2420} INFO - Sync 1 DAGs
[2024-05-23 09:44:57,637] {logging_mixin.py:115} INFO - [2024-05-23 09:44:57,637] {dag.py:2972} INFO - Setting next_dagrun for example_xcom to 2021-01-01T00:00:00+00:00, run_after=2021-01-01T00:00:00+00:00
[2024-05-23 09:44:57,648] {processor.py:161} INFO - Processing /home/airflow/.local/lib/python3.7/site-packages/airflow/example_dags/example_xcom.py took 0.082 seconds
[2024-05-23 09:45:28,083] {processor.py:153} INFO - Started process (PID=2704) to work on /home/airflow/.local/lib/python3.7/site-packages/airflow/example_dags/example_xcom.py
[2024-05-23 09:45:28,083] {processor.py:641} INFO - Processing file /home/airflow/.local/lib/python3.7/site-packages/airflow/example_dags/example_xcom.py for tasks to queue
[2024-05-23 09:45:28,084] {logging_mixin.py:115} INFO - [2024-05-23 09:45:28,084] {dagbag.py:508} INFO - Filling up the DagBag from /home/airflow/.local/lib/python3.7/site-packages/airflow/example_dags/example_xcom.py
[2024-05-23 09:45:28,093] {processor.py:651} INFO - DAG(s) dict_keys(['example_xcom']) retrieved from /home/airflow/.local/lib/python3.7/site-packages/airflow/example_dags/example_xcom.py
[2024-05-23 09:45:28,111] {logging_mixin.py:115} INFO - [2024-05-23 09:45:28,111] {dag.py:2420} INFO - Sync 1 DAGs
[2024-05-23 09:45:28,123] {logging_mixin.py:115} INFO - [2024-05-23 09:45:28,123] {dag.py:2972} INFO - Setting next_dagrun for example_xcom to 2021-01-01T00:00:00+00:00, run_after=2021-01-01T00:00:00+00:00
[2024-05-23 09:45:28,129] {processor.py:161} INFO - Processing /home/airflow/.local/lib/python3.7/site-packages/airflow/example_dags/example_xcom.py took 0.049 seconds
[2024-05-23 09:45:58,590] {processor.py:153} INFO - Started process (PID=2766) to work on /home/airflow/.local/lib/python3.7/site-packages/airflow/example_dags/example_xcom.py
[2024-05-23 09:45:58,590] {processor.py:641} INFO - Processing file /home/airflow/.local/lib/python3.7/site-packages/airflow/example_dags/example_xcom.py for tasks to queue
[2024-05-23 09:45:58,591] {logging_mixin.py:115} INFO - [2024-05-23 09:45:58,591] {dagbag.py:508} INFO - Filling up the DagBag from /home/airflow/.local/lib/python3.7/site-packages/airflow/example_dags/example_xcom.py
[2024-05-23 09:45:58,601] {processor.py:651} INFO - DAG(s) dict_keys(['example_xcom']) retrieved from /home/airflow/.local/lib/python3.7/site-packages/airflow/example_dags/example_xcom.py
[2024-05-23 09:45:58,641] {logging_mixin.py:115} INFO - [2024-05-23 09:45:58,641] {dag.py:2420} INFO - Sync 1 DAGs
[2024-05-23 09:45:58,653] {logging_mixin.py:115} INFO - [2024-05-23 09:45:58,653] {dag.py:2972} INFO - Setting next_dagrun for example_xcom to 2021-01-01T00:00:00+00:00, run_after=2021-01-01T00:00:00+00:00
[2024-05-23 09:45:58,661] {processor.py:161} INFO - Processing /home/airflow/.local/lib/python3.7/site-packages/airflow/example_dags/example_xcom.py took 0.073 seconds
[2024-05-23 09:46:28,970] {processor.py:153} INFO - Started process (PID=2828) to work on /home/airflow/.local/lib/python3.7/site-packages/airflow/example_dags/example_xcom.py
[2024-05-23 09:46:28,971] {processor.py:641} INFO - Processing file /home/airflow/.local/lib/python3.7/site-packages/airflow/example_dags/example_xcom.py for tasks to queue
[2024-05-23 09:46:28,972] {logging_mixin.py:115} INFO - [2024-05-23 09:46:28,972] {dagbag.py:508} INFO - Filling up the DagBag from /home/airflow/.local/lib/python3.7/site-packages/airflow/example_dags/example_xcom.py
[2024-05-23 09:46:28,980] {processor.py:651} INFO - DAG(s) dict_keys(['example_xcom']) retrieved from /home/airflow/.local/lib/python3.7/site-packages/airflow/example_dags/example_xcom.py
[2024-05-23 09:46:29,019] {logging_mixin.py:115} INFO - [2024-05-23 09:46:29,019] {dag.py:2420} INFO - Sync 1 DAGs
[2024-05-23 09:46:29,030] {logging_mixin.py:115} INFO - [2024-05-23 09:46:29,030] {dag.py:2972} INFO - Setting next_dagrun for example_xcom to 2021-01-01T00:00:00+00:00, run_after=2021-01-01T00:00:00+00:00
[2024-05-23 09:46:29,039] {processor.py:161} INFO - Processing /home/airflow/.local/lib/python3.7/site-packages/airflow/example_dags/example_xcom.py took 0.070 seconds
[2024-05-23 09:46:59,406] {processor.py:153} INFO - Started process (PID=2890) to work on /home/airflow/.local/lib/python3.7/site-packages/airflow/example_dags/example_xcom.py
[2024-05-23 09:46:59,407] {processor.py:641} INFO - Processing file /home/airflow/.local/lib/python3.7/site-packages/airflow/example_dags/example_xcom.py for tasks to queue
[2024-05-23 09:46:59,408] {logging_mixin.py:115} INFO - [2024-05-23 09:46:59,408] {dagbag.py:508} INFO - Filling up the DagBag from /home/airflow/.local/lib/python3.7/site-packages/airflow/example_dags/example_xcom.py
[2024-05-23 09:46:59,416] {processor.py:651} INFO - DAG(s) dict_keys(['example_xcom']) retrieved from /home/airflow/.local/lib/python3.7/site-packages/airflow/example_dags/example_xcom.py
[2024-05-23 09:46:59,454] {logging_mixin.py:115} INFO - [2024-05-23 09:46:59,454] {dag.py:2420} INFO - Sync 1 DAGs
[2024-05-23 09:46:59,465] {logging_mixin.py:115} INFO - [2024-05-23 09:46:59,465] {dag.py:2972} INFO - Setting next_dagrun for example_xcom to 2021-01-01T00:00:00+00:00, run_after=2021-01-01T00:00:00+00:00
[2024-05-23 09:46:59,472] {processor.py:161} INFO - Processing /home/airflow/.local/lib/python3.7/site-packages/airflow/example_dags/example_xcom.py took 0.068 seconds
[2024-05-23 09:47:30,110] {processor.py:153} INFO - Started process (PID=2952) to work on /home/airflow/.local/lib/python3.7/site-packages/airflow/example_dags/example_xcom.py
[2024-05-23 09:47:30,111] {processor.py:641} INFO - Processing file /home/airflow/.local/lib/python3.7/site-packages/airflow/example_dags/example_xcom.py for tasks to queue
[2024-05-23 09:47:30,112] {logging_mixin.py:115} INFO - [2024-05-23 09:47:30,112] {dagbag.py:508} INFO - Filling up the DagBag from /home/airflow/.local/lib/python3.7/site-packages/airflow/example_dags/example_xcom.py
[2024-05-23 09:47:30,122] {processor.py:651} INFO - DAG(s) dict_keys(['example_xcom']) retrieved from /home/airflow/.local/lib/python3.7/site-packages/airflow/example_dags/example_xcom.py
[2024-05-23 09:47:30,161] {logging_mixin.py:115} INFO - [2024-05-23 09:47:30,161] {dag.py:2420} INFO - Sync 1 DAGs
[2024-05-23 09:47:30,172] {logging_mixin.py:115} INFO - [2024-05-23 09:47:30,172] {dag.py:2972} INFO - Setting next_dagrun for example_xcom to 2021-01-01T00:00:00+00:00, run_after=2021-01-01T00:00:00+00:00
[2024-05-23 09:47:30,181] {processor.py:161} INFO - Processing /home/airflow/.local/lib/python3.7/site-packages/airflow/example_dags/example_xcom.py took 0.073 seconds
[2024-05-23 09:48:00,547] {processor.py:153} INFO - Started process (PID=3005) to work on /home/airflow/.local/lib/python3.7/site-packages/airflow/example_dags/example_xcom.py
[2024-05-23 09:48:00,548] {processor.py:641} INFO - Processing file /home/airflow/.local/lib/python3.7/site-packages/airflow/example_dags/example_xcom.py for tasks to queue
[2024-05-23 09:48:00,549] {logging_mixin.py:115} INFO - [2024-05-23 09:48:00,549] {dagbag.py:508} INFO - Filling up the DagBag from /home/airflow/.local/lib/python3.7/site-packages/airflow/example_dags/example_xcom.py
[2024-05-23 09:48:00,558] {processor.py:651} INFO - DAG(s) dict_keys(['example_xcom']) retrieved from /home/airflow/.local/lib/python3.7/site-packages/airflow/example_dags/example_xcom.py
[2024-05-23 09:48:00,576] {logging_mixin.py:115} INFO - [2024-05-23 09:48:00,576] {dag.py:2420} INFO - Sync 1 DAGs
[2024-05-23 09:48:00,588] {logging_mixin.py:115} INFO - [2024-05-23 09:48:00,588] {dag.py:2972} INFO - Setting next_dagrun for example_xcom to 2021-01-01T00:00:00+00:00, run_after=2021-01-01T00:00:00+00:00
[2024-05-23 09:48:00,595] {processor.py:161} INFO - Processing /home/airflow/.local/lib/python3.7/site-packages/airflow/example_dags/example_xcom.py took 0.050 seconds
[2024-05-23 09:48:30,987] {processor.py:153} INFO - Started process (PID=3067) to work on /home/airflow/.local/lib/python3.7/site-packages/airflow/example_dags/example_xcom.py
[2024-05-23 09:48:30,988] {processor.py:641} INFO - Processing file /home/airflow/.local/lib/python3.7/site-packages/airflow/example_dags/example_xcom.py for tasks to queue
[2024-05-23 09:48:30,988] {logging_mixin.py:115} INFO - [2024-05-23 09:48:30,988] {dagbag.py:508} INFO - Filling up the DagBag from /home/airflow/.local/lib/python3.7/site-packages/airflow/example_dags/example_xcom.py
[2024-05-23 09:48:30,998] {processor.py:651} INFO - DAG(s) dict_keys(['example_xcom']) retrieved from /home/airflow/.local/lib/python3.7/site-packages/airflow/example_dags/example_xcom.py
[2024-05-23 09:48:31,037] {logging_mixin.py:115} INFO - [2024-05-23 09:48:31,037] {dag.py:2420} INFO - Sync 1 DAGs
[2024-05-23 09:48:31,049] {logging_mixin.py:115} INFO - [2024-05-23 09:48:31,049] {dag.py:2972} INFO - Setting next_dagrun for example_xcom to 2021-01-01T00:00:00+00:00, run_after=2021-01-01T00:00:00+00:00
[2024-05-23 09:48:31,060] {processor.py:161} INFO - Processing /home/airflow/.local/lib/python3.7/site-packages/airflow/example_dags/example_xcom.py took 0.075 seconds
[2024-05-23 09:49:01,489] {processor.py:153} INFO - Started process (PID=3129) to work on /home/airflow/.local/lib/python3.7/site-packages/airflow/example_dags/example_xcom.py
[2024-05-23 09:49:01,490] {processor.py:641} INFO - Processing file /home/airflow/.local/lib/python3.7/site-packages/airflow/example_dags/example_xcom.py for tasks to queue
[2024-05-23 09:49:01,491] {logging_mixin.py:115} INFO - [2024-05-23 09:49:01,491] {dagbag.py:508} INFO - Filling up the DagBag from /home/airflow/.local/lib/python3.7/site-packages/airflow/example_dags/example_xcom.py
[2024-05-23 09:49:01,500] {processor.py:651} INFO - DAG(s) dict_keys(['example_xcom']) retrieved from /home/airflow/.local/lib/python3.7/site-packages/airflow/example_dags/example_xcom.py
[2024-05-23 09:49:01,538] {logging_mixin.py:115} INFO - [2024-05-23 09:49:01,537] {dag.py:2420} INFO - Sync 1 DAGs
[2024-05-23 09:49:01,548] {logging_mixin.py:115} INFO - [2024-05-23 09:49:01,548] {dag.py:2972} INFO - Setting next_dagrun for example_xcom to 2021-01-01T00:00:00+00:00, run_after=2021-01-01T00:00:00+00:00
[2024-05-23 09:49:01,557] {processor.py:161} INFO - Processing /home/airflow/.local/lib/python3.7/site-packages/airflow/example_dags/example_xcom.py took 0.070 seconds
[2024-05-23 09:49:32,142] {processor.py:153} INFO - Started process (PID=3192) to work on /home/airflow/.local/lib/python3.7/site-packages/airflow/example_dags/example_xcom.py
[2024-05-23 09:49:32,143] {processor.py:641} INFO - Processing file /home/airflow/.local/lib/python3.7/site-packages/airflow/example_dags/example_xcom.py for tasks to queue
[2024-05-23 09:49:32,144] {logging_mixin.py:115} INFO - [2024-05-23 09:49:32,144] {dagbag.py:508} INFO - Filling up the DagBag from /home/airflow/.local/lib/python3.7/site-packages/airflow/example_dags/example_xcom.py
[2024-05-23 09:49:32,155] {processor.py:651} INFO - DAG(s) dict_keys(['example_xcom']) retrieved from /home/airflow/.local/lib/python3.7/site-packages/airflow/example_dags/example_xcom.py
[2024-05-23 09:49:32,172] {logging_mixin.py:115} INFO - [2024-05-23 09:49:32,172] {dag.py:2420} INFO - Sync 1 DAGs
[2024-05-23 09:49:32,185] {logging_mixin.py:115} INFO - [2024-05-23 09:49:32,184] {dag.py:2972} INFO - Setting next_dagrun for example_xcom to 2021-01-01T00:00:00+00:00, run_after=2021-01-01T00:00:00+00:00
[2024-05-23 09:49:32,192] {processor.py:161} INFO - Processing /home/airflow/.local/lib/python3.7/site-packages/airflow/example_dags/example_xcom.py took 0.052 seconds
[2024-05-23 09:50:02,545] {processor.py:153} INFO - Started process (PID=3253) to work on /home/airflow/.local/lib/python3.7/site-packages/airflow/example_dags/example_xcom.py
[2024-05-23 09:50:02,546] {processor.py:641} INFO - Processing file /home/airflow/.local/lib/python3.7/site-packages/airflow/example_dags/example_xcom.py for tasks to queue
[2024-05-23 09:50:02,547] {logging_mixin.py:115} INFO - [2024-05-23 09:50:02,547] {dagbag.py:508} INFO - Filling up the DagBag from /home/airflow/.local/lib/python3.7/site-packages/airflow/example_dags/example_xcom.py
[2024-05-23 09:50:02,557] {processor.py:651} INFO - DAG(s) dict_keys(['example_xcom']) retrieved from /home/airflow/.local/lib/python3.7/site-packages/airflow/example_dags/example_xcom.py
[2024-05-23 09:50:02,575] {logging_mixin.py:115} INFO - [2024-05-23 09:50:02,575] {dag.py:2420} INFO - Sync 1 DAGs
[2024-05-23 09:50:02,588] {logging_mixin.py:115} INFO - [2024-05-23 09:50:02,588] {dag.py:2972} INFO - Setting next_dagrun for example_xcom to 2021-01-01T00:00:00+00:00, run_after=2021-01-01T00:00:00+00:00
[2024-05-23 09:50:02,595] {processor.py:161} INFO - Processing /home/airflow/.local/lib/python3.7/site-packages/airflow/example_dags/example_xcom.py took 0.052 seconds
[2024-05-23 09:50:32,979] {processor.py:153} INFO - Started process (PID=3315) to work on /home/airflow/.local/lib/python3.7/site-packages/airflow/example_dags/example_xcom.py
[2024-05-23 09:50:32,980] {processor.py:641} INFO - Processing file /home/airflow/.local/lib/python3.7/site-packages/airflow/example_dags/example_xcom.py for tasks to queue
[2024-05-23 09:50:32,981] {logging_mixin.py:115} INFO - [2024-05-23 09:50:32,981] {dagbag.py:508} INFO - Filling up the DagBag from /home/airflow/.local/lib/python3.7/site-packages/airflow/example_dags/example_xcom.py
[2024-05-23 09:50:32,991] {processor.py:651} INFO - DAG(s) dict_keys(['example_xcom']) retrieved from /home/airflow/.local/lib/python3.7/site-packages/airflow/example_dags/example_xcom.py
[2024-05-23 09:50:33,030] {logging_mixin.py:115} INFO - [2024-05-23 09:50:33,030] {dag.py:2420} INFO - Sync 1 DAGs
[2024-05-23 09:50:33,041] {logging_mixin.py:115} INFO - [2024-05-23 09:50:33,041] {dag.py:2972} INFO - Setting next_dagrun for example_xcom to 2021-01-01T00:00:00+00:00, run_after=2021-01-01T00:00:00+00:00
[2024-05-23 09:50:33,048] {processor.py:161} INFO - Processing /home/airflow/.local/lib/python3.7/site-packages/airflow/example_dags/example_xcom.py took 0.072 seconds
[2024-05-23 09:51:03,545] {processor.py:153} INFO - Started process (PID=3368) to work on /home/airflow/.local/lib/python3.7/site-packages/airflow/example_dags/example_xcom.py
[2024-05-23 09:51:03,546] {processor.py:641} INFO - Processing file /home/airflow/.local/lib/python3.7/site-packages/airflow/example_dags/example_xcom.py for tasks to queue
[2024-05-23 09:51:03,547] {logging_mixin.py:115} INFO - [2024-05-23 09:51:03,547] {dagbag.py:508} INFO - Filling up the DagBag from /home/airflow/.local/lib/python3.7/site-packages/airflow/example_dags/example_xcom.py
[2024-05-23 09:51:03,556] {processor.py:651} INFO - DAG(s) dict_keys(['example_xcom']) retrieved from /home/airflow/.local/lib/python3.7/site-packages/airflow/example_dags/example_xcom.py
[2024-05-23 09:51:03,575] {logging_mixin.py:115} INFO - [2024-05-23 09:51:03,574] {dag.py:2420} INFO - Sync 1 DAGs
[2024-05-23 09:51:03,586] {logging_mixin.py:115} INFO - [2024-05-23 09:51:03,586] {dag.py:2972} INFO - Setting next_dagrun for example_xcom to 2021-01-01T00:00:00+00:00, run_after=2021-01-01T00:00:00+00:00
[2024-05-23 09:51:03,593] {processor.py:161} INFO - Processing /home/airflow/.local/lib/python3.7/site-packages/airflow/example_dags/example_xcom.py took 0.050 seconds
[2024-05-23 09:51:33,937] {processor.py:153} INFO - Started process (PID=3430) to work on /home/airflow/.local/lib/python3.7/site-packages/airflow/example_dags/example_xcom.py
[2024-05-23 09:51:33,938] {processor.py:641} INFO - Processing file /home/airflow/.local/lib/python3.7/site-packages/airflow/example_dags/example_xcom.py for tasks to queue
[2024-05-23 09:51:33,938] {logging_mixin.py:115} INFO - [2024-05-23 09:51:33,938] {dagbag.py:508} INFO - Filling up the DagBag from /home/airflow/.local/lib/python3.7/site-packages/airflow/example_dags/example_xcom.py
[2024-05-23 09:51:33,948] {processor.py:651} INFO - DAG(s) dict_keys(['example_xcom']) retrieved from /home/airflow/.local/lib/python3.7/site-packages/airflow/example_dags/example_xcom.py
[2024-05-23 09:51:33,985] {logging_mixin.py:115} INFO - [2024-05-23 09:51:33,985] {dag.py:2420} INFO - Sync 1 DAGs
[2024-05-23 09:51:33,997] {logging_mixin.py:115} INFO - [2024-05-23 09:51:33,997] {dag.py:2972} INFO - Setting next_dagrun for example_xcom to 2021-01-01T00:00:00+00:00, run_after=2021-01-01T00:00:00+00:00
[2024-05-23 09:51:34,004] {processor.py:161} INFO - Processing /home/airflow/.local/lib/python3.7/site-packages/airflow/example_dags/example_xcom.py took 0.070 seconds
[2024-05-23 09:52:04,356] {processor.py:153} INFO - Started process (PID=3492) to work on /home/airflow/.local/lib/python3.7/site-packages/airflow/example_dags/example_xcom.py
[2024-05-23 09:52:04,357] {processor.py:641} INFO - Processing file /home/airflow/.local/lib/python3.7/site-packages/airflow/example_dags/example_xcom.py for tasks to queue
[2024-05-23 09:52:04,358] {logging_mixin.py:115} INFO - [2024-05-23 09:52:04,358] {dagbag.py:508} INFO - Filling up the DagBag from /home/airflow/.local/lib/python3.7/site-packages/airflow/example_dags/example_xcom.py
[2024-05-23 09:52:04,370] {processor.py:651} INFO - DAG(s) dict_keys(['example_xcom']) retrieved from /home/airflow/.local/lib/python3.7/site-packages/airflow/example_dags/example_xcom.py
[2024-05-23 09:52:04,410] {logging_mixin.py:115} INFO - [2024-05-23 09:52:04,410] {dag.py:2420} INFO - Sync 1 DAGs
[2024-05-23 09:52:04,421] {logging_mixin.py:115} INFO - [2024-05-23 09:52:04,421] {dag.py:2972} INFO - Setting next_dagrun for example_xcom to 2021-01-01T00:00:00+00:00, run_after=2021-01-01T00:00:00+00:00
[2024-05-23 09:52:04,428] {processor.py:161} INFO - Processing /home/airflow/.local/lib/python3.7/site-packages/airflow/example_dags/example_xcom.py took 0.075 seconds
[2024-05-23 09:52:34,912] {processor.py:153} INFO - Started process (PID=3554) to work on /home/airflow/.local/lib/python3.7/site-packages/airflow/example_dags/example_xcom.py
[2024-05-23 09:52:34,913] {processor.py:641} INFO - Processing file /home/airflow/.local/lib/python3.7/site-packages/airflow/example_dags/example_xcom.py for tasks to queue
[2024-05-23 09:52:34,914] {logging_mixin.py:115} INFO - [2024-05-23 09:52:34,914] {dagbag.py:508} INFO - Filling up the DagBag from /home/airflow/.local/lib/python3.7/site-packages/airflow/example_dags/example_xcom.py
[2024-05-23 09:52:34,923] {processor.py:651} INFO - DAG(s) dict_keys(['example_xcom']) retrieved from /home/airflow/.local/lib/python3.7/site-packages/airflow/example_dags/example_xcom.py
[2024-05-23 09:52:34,960] {logging_mixin.py:115} INFO - [2024-05-23 09:52:34,960] {dag.py:2420} INFO - Sync 1 DAGs
[2024-05-23 09:52:34,971] {logging_mixin.py:115} INFO - [2024-05-23 09:52:34,971] {dag.py:2972} INFO - Setting next_dagrun for example_xcom to 2021-01-01T00:00:00+00:00, run_after=2021-01-01T00:00:00+00:00
[2024-05-23 09:52:34,982] {processor.py:161} INFO - Processing /home/airflow/.local/lib/python3.7/site-packages/airflow/example_dags/example_xcom.py took 0.071 seconds
[2024-05-23 09:53:05,357] {processor.py:153} INFO - Started process (PID=3616) to work on /home/airflow/.local/lib/python3.7/site-packages/airflow/example_dags/example_xcom.py
[2024-05-23 09:53:05,358] {processor.py:641} INFO - Processing file /home/airflow/.local/lib/python3.7/site-packages/airflow/example_dags/example_xcom.py for tasks to queue
[2024-05-23 09:53:05,359] {logging_mixin.py:115} INFO - [2024-05-23 09:53:05,359] {dagbag.py:508} INFO - Filling up the DagBag from /home/airflow/.local/lib/python3.7/site-packages/airflow/example_dags/example_xcom.py
[2024-05-23 09:53:05,369] {processor.py:651} INFO - DAG(s) dict_keys(['example_xcom']) retrieved from /home/airflow/.local/lib/python3.7/site-packages/airflow/example_dags/example_xcom.py
[2024-05-23 09:53:05,407] {logging_mixin.py:115} INFO - [2024-05-23 09:53:05,407] {dag.py:2420} INFO - Sync 1 DAGs
[2024-05-23 09:53:05,418] {logging_mixin.py:115} INFO - [2024-05-23 09:53:05,418] {dag.py:2972} INFO - Setting next_dagrun for example_xcom to 2021-01-01T00:00:00+00:00, run_after=2021-01-01T00:00:00+00:00
[2024-05-23 09:53:05,425] {processor.py:161} INFO - Processing /home/airflow/.local/lib/python3.7/site-packages/airflow/example_dags/example_xcom.py took 0.070 seconds
[2024-05-23 09:53:35,900] {processor.py:153} INFO - Started process (PID=3678) to work on /home/airflow/.local/lib/python3.7/site-packages/airflow/example_dags/example_xcom.py
[2024-05-23 09:53:35,901] {processor.py:641} INFO - Processing file /home/airflow/.local/lib/python3.7/site-packages/airflow/example_dags/example_xcom.py for tasks to queue
[2024-05-23 09:53:35,902] {logging_mixin.py:115} INFO - [2024-05-23 09:53:35,902] {dagbag.py:508} INFO - Filling up the DagBag from /home/airflow/.local/lib/python3.7/site-packages/airflow/example_dags/example_xcom.py
[2024-05-23 09:53:35,912] {processor.py:651} INFO - DAG(s) dict_keys(['example_xcom']) retrieved from /home/airflow/.local/lib/python3.7/site-packages/airflow/example_dags/example_xcom.py
[2024-05-23 09:53:35,955] {logging_mixin.py:115} INFO - [2024-05-23 09:53:35,955] {dag.py:2420} INFO - Sync 1 DAGs
[2024-05-23 09:53:35,966] {logging_mixin.py:115} INFO - [2024-05-23 09:53:35,966] {dag.py:2972} INFO - Setting next_dagrun for example_xcom to 2021-01-01T00:00:00+00:00, run_after=2021-01-01T00:00:00+00:00
[2024-05-23 09:53:35,975] {processor.py:161} INFO - Processing /home/airflow/.local/lib/python3.7/site-packages/airflow/example_dags/example_xcom.py took 0.078 seconds
[2024-05-23 09:54:06,520] {processor.py:153} INFO - Started process (PID=3731) to work on /home/airflow/.local/lib/python3.7/site-packages/airflow/example_dags/example_xcom.py
[2024-05-23 09:54:06,521] {processor.py:641} INFO - Processing file /home/airflow/.local/lib/python3.7/site-packages/airflow/example_dags/example_xcom.py for tasks to queue
[2024-05-23 09:54:06,521] {logging_mixin.py:115} INFO - [2024-05-23 09:54:06,521] {dagbag.py:508} INFO - Filling up the DagBag from /home/airflow/.local/lib/python3.7/site-packages/airflow/example_dags/example_xcom.py
[2024-05-23 09:54:06,534] {processor.py:651} INFO - DAG(s) dict_keys(['example_xcom']) retrieved from /home/airflow/.local/lib/python3.7/site-packages/airflow/example_dags/example_xcom.py
[2024-05-23 09:54:06,576] {logging_mixin.py:115} INFO - [2024-05-23 09:54:06,576] {dag.py:2420} INFO - Sync 1 DAGs
[2024-05-23 09:54:06,588] {logging_mixin.py:115} INFO - [2024-05-23 09:54:06,588] {dag.py:2972} INFO - Setting next_dagrun for example_xcom to 2021-01-01T00:00:00+00:00, run_after=2021-01-01T00:00:00+00:00
[2024-05-23 09:54:06,595] {processor.py:161} INFO - Processing /home/airflow/.local/lib/python3.7/site-packages/airflow/example_dags/example_xcom.py took 0.077 seconds
[2024-05-23 09:54:36,999] {processor.py:153} INFO - Started process (PID=3793) to work on /home/airflow/.local/lib/python3.7/site-packages/airflow/example_dags/example_xcom.py
[2024-05-23 09:54:37,001] {processor.py:641} INFO - Processing file /home/airflow/.local/lib/python3.7/site-packages/airflow/example_dags/example_xcom.py for tasks to queue
[2024-05-23 09:54:37,001] {logging_mixin.py:115} INFO - [2024-05-23 09:54:37,001] {dagbag.py:508} INFO - Filling up the DagBag from /home/airflow/.local/lib/python3.7/site-packages/airflow/example_dags/example_xcom.py
[2024-05-23 09:54:37,010] {processor.py:651} INFO - DAG(s) dict_keys(['example_xcom']) retrieved from /home/airflow/.local/lib/python3.7/site-packages/airflow/example_dags/example_xcom.py
[2024-05-23 09:54:37,049] {logging_mixin.py:115} INFO - [2024-05-23 09:54:37,049] {dag.py:2420} INFO - Sync 1 DAGs
[2024-05-23 09:54:37,060] {logging_mixin.py:115} INFO - [2024-05-23 09:54:37,060] {dag.py:2972} INFO - Setting next_dagrun for example_xcom to 2021-01-01T00:00:00+00:00, run_after=2021-01-01T00:00:00+00:00
[2024-05-23 09:54:37,068] {processor.py:161} INFO - Processing /home/airflow/.local/lib/python3.7/site-packages/airflow/example_dags/example_xcom.py took 0.071 seconds
[2024-05-23 09:55:07,406] {processor.py:153} INFO - Started process (PID=3855) to work on /home/airflow/.local/lib/python3.7/site-packages/airflow/example_dags/example_xcom.py
[2024-05-23 09:55:07,407] {processor.py:641} INFO - Processing file /home/airflow/.local/lib/python3.7/site-packages/airflow/example_dags/example_xcom.py for tasks to queue
[2024-05-23 09:55:07,408] {logging_mixin.py:115} INFO - [2024-05-23 09:55:07,408] {dagbag.py:508} INFO - Filling up the DagBag from /home/airflow/.local/lib/python3.7/site-packages/airflow/example_dags/example_xcom.py
[2024-05-23 09:55:07,418] {processor.py:651} INFO - DAG(s) dict_keys(['example_xcom']) retrieved from /home/airflow/.local/lib/python3.7/site-packages/airflow/example_dags/example_xcom.py
[2024-05-23 09:55:07,455] {logging_mixin.py:115} INFO - [2024-05-23 09:55:07,455] {dag.py:2420} INFO - Sync 1 DAGs
[2024-05-23 09:55:07,466] {logging_mixin.py:115} INFO - [2024-05-23 09:55:07,466] {dag.py:2972} INFO - Setting next_dagrun for example_xcom to 2021-01-01T00:00:00+00:00, run_after=2021-01-01T00:00:00+00:00
[2024-05-23 09:55:07,474] {processor.py:161} INFO - Processing /home/airflow/.local/lib/python3.7/site-packages/airflow/example_dags/example_xcom.py took 0.070 seconds
[2024-05-23 09:55:37,817] {processor.py:153} INFO - Started process (PID=3917) to work on /home/airflow/.local/lib/python3.7/site-packages/airflow/example_dags/example_xcom.py
[2024-05-23 09:55:37,818] {processor.py:641} INFO - Processing file /home/airflow/.local/lib/python3.7/site-packages/airflow/example_dags/example_xcom.py for tasks to queue
[2024-05-23 09:55:37,818] {logging_mixin.py:115} INFO - [2024-05-23 09:55:37,818] {dagbag.py:508} INFO - Filling up the DagBag from /home/airflow/.local/lib/python3.7/site-packages/airflow/example_dags/example_xcom.py
[2024-05-23 09:55:37,827] {processor.py:651} INFO - DAG(s) dict_keys(['example_xcom']) retrieved from /home/airflow/.local/lib/python3.7/site-packages/airflow/example_dags/example_xcom.py
[2024-05-23 09:55:37,866] {logging_mixin.py:115} INFO - [2024-05-23 09:55:37,866] {dag.py:2420} INFO - Sync 1 DAGs
[2024-05-23 09:55:37,877] {logging_mixin.py:115} INFO - [2024-05-23 09:55:37,877] {dag.py:2972} INFO - Setting next_dagrun for example_xcom to 2021-01-01T00:00:00+00:00, run_after=2021-01-01T00:00:00+00:00
[2024-05-23 09:55:37,884] {processor.py:161} INFO - Processing /home/airflow/.local/lib/python3.7/site-packages/airflow/example_dags/example_xcom.py took 0.069 seconds
[2024-05-23 09:56:08,322] {processor.py:153} INFO - Started process (PID=3979) to work on /home/airflow/.local/lib/python3.7/site-packages/airflow/example_dags/example_xcom.py
[2024-05-23 09:56:08,323] {processor.py:641} INFO - Processing file /home/airflow/.local/lib/python3.7/site-packages/airflow/example_dags/example_xcom.py for tasks to queue
[2024-05-23 09:56:08,323] {logging_mixin.py:115} INFO - [2024-05-23 09:56:08,323] {dagbag.py:508} INFO - Filling up the DagBag from /home/airflow/.local/lib/python3.7/site-packages/airflow/example_dags/example_xcom.py
[2024-05-23 09:56:08,332] {processor.py:651} INFO - DAG(s) dict_keys(['example_xcom']) retrieved from /home/airflow/.local/lib/python3.7/site-packages/airflow/example_dags/example_xcom.py
[2024-05-23 09:56:08,368] {logging_mixin.py:115} INFO - [2024-05-23 09:56:08,368] {dag.py:2420} INFO - Sync 1 DAGs
[2024-05-23 09:56:08,380] {logging_mixin.py:115} INFO - [2024-05-23 09:56:08,380] {dag.py:2972} INFO - Setting next_dagrun for example_xcom to 2021-01-01T00:00:00+00:00, run_after=2021-01-01T00:00:00+00:00
[2024-05-23 09:56:08,387] {processor.py:161} INFO - Processing /home/airflow/.local/lib/python3.7/site-packages/airflow/example_dags/example_xcom.py took 0.067 seconds
[2024-05-23 09:56:38,814] {processor.py:153} INFO - Started process (PID=4032) to work on /home/airflow/.local/lib/python3.7/site-packages/airflow/example_dags/example_xcom.py
[2024-05-23 09:56:38,815] {processor.py:641} INFO - Processing file /home/airflow/.local/lib/python3.7/site-packages/airflow/example_dags/example_xcom.py for tasks to queue
[2024-05-23 09:56:38,816] {logging_mixin.py:115} INFO - [2024-05-23 09:56:38,816] {dagbag.py:508} INFO - Filling up the DagBag from /home/airflow/.local/lib/python3.7/site-packages/airflow/example_dags/example_xcom.py
[2024-05-23 09:56:38,825] {processor.py:651} INFO - DAG(s) dict_keys(['example_xcom']) retrieved from /home/airflow/.local/lib/python3.7/site-packages/airflow/example_dags/example_xcom.py
[2024-05-23 09:56:38,863] {logging_mixin.py:115} INFO - [2024-05-23 09:56:38,863] {dag.py:2420} INFO - Sync 1 DAGs
[2024-05-23 09:56:38,874] {logging_mixin.py:115} INFO - [2024-05-23 09:56:38,874] {dag.py:2972} INFO - Setting next_dagrun for example_xcom to 2021-01-01T00:00:00+00:00, run_after=2021-01-01T00:00:00+00:00
[2024-05-23 09:56:38,882] {processor.py:161} INFO - Processing /home/airflow/.local/lib/python3.7/site-packages/airflow/example_dags/example_xcom.py took 0.070 seconds
[2024-05-23 09:57:09,258] {processor.py:153} INFO - Started process (PID=4094) to work on /home/airflow/.local/lib/python3.7/site-packages/airflow/example_dags/example_xcom.py
[2024-05-23 09:57:09,259] {processor.py:641} INFO - Processing file /home/airflow/.local/lib/python3.7/site-packages/airflow/example_dags/example_xcom.py for tasks to queue
[2024-05-23 09:57:09,260] {logging_mixin.py:115} INFO - [2024-05-23 09:57:09,260] {dagbag.py:508} INFO - Filling up the DagBag from /home/airflow/.local/lib/python3.7/site-packages/airflow/example_dags/example_xcom.py
[2024-05-23 09:57:09,269] {processor.py:651} INFO - DAG(s) dict_keys(['example_xcom']) retrieved from /home/airflow/.local/lib/python3.7/site-packages/airflow/example_dags/example_xcom.py
[2024-05-23 09:57:09,286] {logging_mixin.py:115} INFO - [2024-05-23 09:57:09,286] {dag.py:2420} INFO - Sync 1 DAGs
[2024-05-23 09:57:09,299] {logging_mixin.py:115} INFO - [2024-05-23 09:57:09,299] {dag.py:2972} INFO - Setting next_dagrun for example_xcom to 2021-01-01T00:00:00+00:00, run_after=2021-01-01T00:00:00+00:00
[2024-05-23 09:57:09,306] {processor.py:161} INFO - Processing /home/airflow/.local/lib/python3.7/site-packages/airflow/example_dags/example_xcom.py took 0.050 seconds
[2024-05-23 09:57:39,701] {processor.py:153} INFO - Started process (PID=4156) to work on /home/airflow/.local/lib/python3.7/site-packages/airflow/example_dags/example_xcom.py
[2024-05-23 09:57:39,702] {processor.py:641} INFO - Processing file /home/airflow/.local/lib/python3.7/site-packages/airflow/example_dags/example_xcom.py for tasks to queue
[2024-05-23 09:57:39,703] {logging_mixin.py:115} INFO - [2024-05-23 09:57:39,703] {dagbag.py:508} INFO - Filling up the DagBag from /home/airflow/.local/lib/python3.7/site-packages/airflow/example_dags/example_xcom.py
[2024-05-23 09:57:39,713] {processor.py:651} INFO - DAG(s) dict_keys(['example_xcom']) retrieved from /home/airflow/.local/lib/python3.7/site-packages/airflow/example_dags/example_xcom.py
[2024-05-23 09:57:39,731] {logging_mixin.py:115} INFO - [2024-05-23 09:57:39,731] {dag.py:2420} INFO - Sync 1 DAGs
[2024-05-23 09:57:39,744] {logging_mixin.py:115} INFO - [2024-05-23 09:57:39,744] {dag.py:2972} INFO - Setting next_dagrun for example_xcom to 2021-01-01T00:00:00+00:00, run_after=2021-01-01T00:00:00+00:00
[2024-05-23 09:57:39,751] {processor.py:161} INFO - Processing /home/airflow/.local/lib/python3.7/site-packages/airflow/example_dags/example_xcom.py took 0.052 seconds
[2024-05-23 09:58:10,183] {processor.py:153} INFO - Started process (PID=4218) to work on /home/airflow/.local/lib/python3.7/site-packages/airflow/example_dags/example_xcom.py
[2024-05-23 09:58:10,184] {processor.py:641} INFO - Processing file /home/airflow/.local/lib/python3.7/site-packages/airflow/example_dags/example_xcom.py for tasks to queue
[2024-05-23 09:58:10,185] {logging_mixin.py:115} INFO - [2024-05-23 09:58:10,185] {dagbag.py:508} INFO - Filling up the DagBag from /home/airflow/.local/lib/python3.7/site-packages/airflow/example_dags/example_xcom.py
[2024-05-23 09:58:10,194] {processor.py:651} INFO - DAG(s) dict_keys(['example_xcom']) retrieved from /home/airflow/.local/lib/python3.7/site-packages/airflow/example_dags/example_xcom.py
[2024-05-23 09:58:10,214] {logging_mixin.py:115} INFO - [2024-05-23 09:58:10,214] {dag.py:2420} INFO - Sync 1 DAGs
[2024-05-23 09:58:10,232] {logging_mixin.py:115} INFO - [2024-05-23 09:58:10,232] {dag.py:2972} INFO - Setting next_dagrun for example_xcom to 2021-01-01T00:00:00+00:00, run_after=2021-01-01T00:00:00+00:00
[2024-05-23 09:58:10,241] {processor.py:161} INFO - Processing /home/airflow/.local/lib/python3.7/site-packages/airflow/example_dags/example_xcom.py took 0.060 seconds
[2024-05-23 09:58:40,654] {processor.py:153} INFO - Started process (PID=4280) to work on /home/airflow/.local/lib/python3.7/site-packages/airflow/example_dags/example_xcom.py
[2024-05-23 09:58:40,654] {processor.py:641} INFO - Processing file /home/airflow/.local/lib/python3.7/site-packages/airflow/example_dags/example_xcom.py for tasks to queue
[2024-05-23 09:58:40,655] {logging_mixin.py:115} INFO - [2024-05-23 09:58:40,655] {dagbag.py:508} INFO - Filling up the DagBag from /home/airflow/.local/lib/python3.7/site-packages/airflow/example_dags/example_xcom.py
[2024-05-23 09:58:40,665] {processor.py:651} INFO - DAG(s) dict_keys(['example_xcom']) retrieved from /home/airflow/.local/lib/python3.7/site-packages/airflow/example_dags/example_xcom.py
[2024-05-23 09:58:40,703] {logging_mixin.py:115} INFO - [2024-05-23 09:58:40,702] {dag.py:2420} INFO - Sync 1 DAGs
[2024-05-23 09:58:40,713] {logging_mixin.py:115} INFO - [2024-05-23 09:58:40,713] {dag.py:2972} INFO - Setting next_dagrun for example_xcom to 2021-01-01T00:00:00+00:00, run_after=2021-01-01T00:00:00+00:00
[2024-05-23 09:58:40,720] {processor.py:161} INFO - Processing /home/airflow/.local/lib/python3.7/site-packages/airflow/example_dags/example_xcom.py took 0.068 seconds
[2024-05-23 09:59:11,125] {processor.py:153} INFO - Started process (PID=4342) to work on /home/airflow/.local/lib/python3.7/site-packages/airflow/example_dags/example_xcom.py
[2024-05-23 09:59:11,126] {processor.py:641} INFO - Processing file /home/airflow/.local/lib/python3.7/site-packages/airflow/example_dags/example_xcom.py for tasks to queue
[2024-05-23 09:59:11,127] {logging_mixin.py:115} INFO - [2024-05-23 09:59:11,127] {dagbag.py:508} INFO - Filling up the DagBag from /home/airflow/.local/lib/python3.7/site-packages/airflow/example_dags/example_xcom.py
[2024-05-23 09:59:11,136] {processor.py:651} INFO - DAG(s) dict_keys(['example_xcom']) retrieved from /home/airflow/.local/lib/python3.7/site-packages/airflow/example_dags/example_xcom.py
[2024-05-23 09:59:11,175] {logging_mixin.py:115} INFO - [2024-05-23 09:59:11,175] {dag.py:2420} INFO - Sync 1 DAGs
[2024-05-23 09:59:11,186] {logging_mixin.py:115} INFO - [2024-05-23 09:59:11,186] {dag.py:2972} INFO - Setting next_dagrun for example_xcom to 2021-01-01T00:00:00+00:00, run_after=2021-01-01T00:00:00+00:00
[2024-05-23 09:59:11,194] {processor.py:161} INFO - Processing /home/airflow/.local/lib/python3.7/site-packages/airflow/example_dags/example_xcom.py took 0.071 seconds
[2024-05-23 09:59:41,631] {processor.py:153} INFO - Started process (PID=4395) to work on /home/airflow/.local/lib/python3.7/site-packages/airflow/example_dags/example_xcom.py
[2024-05-23 09:59:41,632] {processor.py:641} INFO - Processing file /home/airflow/.local/lib/python3.7/site-packages/airflow/example_dags/example_xcom.py for tasks to queue
[2024-05-23 09:59:41,633] {logging_mixin.py:115} INFO - [2024-05-23 09:59:41,633] {dagbag.py:508} INFO - Filling up the DagBag from /home/airflow/.local/lib/python3.7/site-packages/airflow/example_dags/example_xcom.py
[2024-05-23 09:59:41,645] {processor.py:651} INFO - DAG(s) dict_keys(['example_xcom']) retrieved from /home/airflow/.local/lib/python3.7/site-packages/airflow/example_dags/example_xcom.py
[2024-05-23 09:59:41,685] {logging_mixin.py:115} INFO - [2024-05-23 09:59:41,685] {dag.py:2420} INFO - Sync 1 DAGs
[2024-05-23 09:59:41,696] {logging_mixin.py:115} INFO - [2024-05-23 09:59:41,696] {dag.py:2972} INFO - Setting next_dagrun for example_xcom to 2021-01-01T00:00:00+00:00, run_after=2021-01-01T00:00:00+00:00
[2024-05-23 09:59:41,705] {processor.py:161} INFO - Processing /home/airflow/.local/lib/python3.7/site-packages/airflow/example_dags/example_xcom.py took 0.076 seconds
[2024-05-23 10:00:12,040] {processor.py:153} INFO - Started process (PID=4457) to work on /home/airflow/.local/lib/python3.7/site-packages/airflow/example_dags/example_xcom.py
[2024-05-23 10:00:12,041] {processor.py:641} INFO - Processing file /home/airflow/.local/lib/python3.7/site-packages/airflow/example_dags/example_xcom.py for tasks to queue
[2024-05-23 10:00:12,042] {logging_mixin.py:115} INFO - [2024-05-23 10:00:12,042] {dagbag.py:508} INFO - Filling up the DagBag from /home/airflow/.local/lib/python3.7/site-packages/airflow/example_dags/example_xcom.py
[2024-05-23 10:00:12,052] {processor.py:651} INFO - DAG(s) dict_keys(['example_xcom']) retrieved from /home/airflow/.local/lib/python3.7/site-packages/airflow/example_dags/example_xcom.py
[2024-05-23 10:00:12,070] {logging_mixin.py:115} INFO - [2024-05-23 10:00:12,069] {dag.py:2420} INFO - Sync 1 DAGs
[2024-05-23 10:00:12,082] {logging_mixin.py:115} INFO - [2024-05-23 10:00:12,082] {dag.py:2972} INFO - Setting next_dagrun for example_xcom to 2021-01-01T00:00:00+00:00, run_after=2021-01-01T00:00:00+00:00
[2024-05-23 10:00:12,089] {processor.py:161} INFO - Processing /home/airflow/.local/lib/python3.7/site-packages/airflow/example_dags/example_xcom.py took 0.051 seconds
