[2024-05-23 09:23:07,740] {processor.py:153} INFO - Started process (PID=53) to work on /home/airflow/.local/lib/python3.7/site-packages/airflow/example_dags/example_kubernetes_executor.py
[2024-05-23 09:23:07,741] {processor.py:641} INFO - Processing file /home/airflow/.local/lib/python3.7/site-packages/airflow/example_dags/example_kubernetes_executor.py for tasks to queue
[2024-05-23 09:23:07,741] {logging_mixin.py:115} INFO - [2024-05-23 09:23:07,741] {dagbag.py:508} INFO - Filling up the DagBag from /home/airflow/.local/lib/python3.7/site-packages/airflow/example_dags/example_kubernetes_executor.py
[2024-05-23 09:23:07,762] {processor.py:651} INFO - DAG(s) dict_keys(['example_kubernetes_executor']) retrieved from /home/airflow/.local/lib/python3.7/site-packages/airflow/example_dags/example_kubernetes_executor.py
[2024-05-23 09:23:07,842] {logging_mixin.py:115} INFO - [2024-05-23 09:23:07,842] {manager.py:508} INFO - Created Permission View: can edit on DAG:example_kubernetes_executor
[2024-05-23 09:23:07,849] {logging_mixin.py:115} INFO - [2024-05-23 09:23:07,849] {manager.py:508} INFO - Created Permission View: can read on DAG:example_kubernetes_executor
[2024-05-23 09:23:07,853] {logging_mixin.py:115} INFO - [2024-05-23 09:23:07,853] {manager.py:508} INFO - Created Permission View: can delete on DAG:example_kubernetes_executor
[2024-05-23 09:23:07,854] {logging_mixin.py:115} INFO - [2024-05-23 09:23:07,854] {dag.py:2420} INFO - Sync 1 DAGs
[2024-05-23 09:23:07,861] {logging_mixin.py:115} INFO - [2024-05-23 09:23:07,861] {dag.py:2439} INFO - Creating ORM DAG for example_kubernetes_executor
[2024-05-23 09:23:07,869] {logging_mixin.py:115} INFO - [2024-05-23 09:23:07,869] {dag.py:2972} INFO - Setting next_dagrun for example_kubernetes_executor to None, run_after=None
[2024-05-23 09:23:07,883] {processor.py:161} INFO - Processing /home/airflow/.local/lib/python3.7/site-packages/airflow/example_dags/example_kubernetes_executor.py took 0.146 seconds
[2024-05-23 09:23:38,159] {processor.py:153} INFO - Started process (PID=114) to work on /home/airflow/.local/lib/python3.7/site-packages/airflow/example_dags/example_kubernetes_executor.py
[2024-05-23 09:23:38,160] {processor.py:641} INFO - Processing file /home/airflow/.local/lib/python3.7/site-packages/airflow/example_dags/example_kubernetes_executor.py for tasks to queue
[2024-05-23 09:23:38,161] {logging_mixin.py:115} INFO - [2024-05-23 09:23:38,161] {dagbag.py:508} INFO - Filling up the DagBag from /home/airflow/.local/lib/python3.7/site-packages/airflow/example_dags/example_kubernetes_executor.py
[2024-05-23 09:23:38,176] {processor.py:651} INFO - DAG(s) dict_keys(['example_kubernetes_executor']) retrieved from /home/airflow/.local/lib/python3.7/site-packages/airflow/example_dags/example_kubernetes_executor.py
[2024-05-23 09:23:38,195] {logging_mixin.py:115} INFO - [2024-05-23 09:23:38,195] {dag.py:2420} INFO - Sync 1 DAGs
[2024-05-23 09:23:38,209] {logging_mixin.py:115} INFO - [2024-05-23 09:23:38,209] {dag.py:2972} INFO - Setting next_dagrun for example_kubernetes_executor to None, run_after=None
[2024-05-23 09:23:38,216] {processor.py:161} INFO - Processing /home/airflow/.local/lib/python3.7/site-packages/airflow/example_dags/example_kubernetes_executor.py took 0.059 seconds
[2024-05-23 09:24:08,622] {processor.py:153} INFO - Started process (PID=175) to work on /home/airflow/.local/lib/python3.7/site-packages/airflow/example_dags/example_kubernetes_executor.py
[2024-05-23 09:24:08,623] {processor.py:641} INFO - Processing file /home/airflow/.local/lib/python3.7/site-packages/airflow/example_dags/example_kubernetes_executor.py for tasks to queue
[2024-05-23 09:24:08,623] {logging_mixin.py:115} INFO - [2024-05-23 09:24:08,623] {dagbag.py:508} INFO - Filling up the DagBag from /home/airflow/.local/lib/python3.7/site-packages/airflow/example_dags/example_kubernetes_executor.py
[2024-05-23 09:24:08,636] {processor.py:651} INFO - DAG(s) dict_keys(['example_kubernetes_executor']) retrieved from /home/airflow/.local/lib/python3.7/site-packages/airflow/example_dags/example_kubernetes_executor.py
[2024-05-23 09:24:08,655] {logging_mixin.py:115} INFO - [2024-05-23 09:24:08,655] {dag.py:2420} INFO - Sync 1 DAGs
[2024-05-23 09:24:08,666] {logging_mixin.py:115} INFO - [2024-05-23 09:24:08,666] {dag.py:2972} INFO - Setting next_dagrun for example_kubernetes_executor to None, run_after=None
[2024-05-23 09:24:08,674] {processor.py:161} INFO - Processing /home/airflow/.local/lib/python3.7/site-packages/airflow/example_dags/example_kubernetes_executor.py took 0.054 seconds
[2024-05-23 09:24:39,057] {processor.py:153} INFO - Started process (PID=236) to work on /home/airflow/.local/lib/python3.7/site-packages/airflow/example_dags/example_kubernetes_executor.py
[2024-05-23 09:24:39,058] {processor.py:641} INFO - Processing file /home/airflow/.local/lib/python3.7/site-packages/airflow/example_dags/example_kubernetes_executor.py for tasks to queue
[2024-05-23 09:24:39,058] {logging_mixin.py:115} INFO - [2024-05-23 09:24:39,058] {dagbag.py:508} INFO - Filling up the DagBag from /home/airflow/.local/lib/python3.7/site-packages/airflow/example_dags/example_kubernetes_executor.py
[2024-05-23 09:24:39,071] {processor.py:651} INFO - DAG(s) dict_keys(['example_kubernetes_executor']) retrieved from /home/airflow/.local/lib/python3.7/site-packages/airflow/example_dags/example_kubernetes_executor.py
[2024-05-23 09:24:39,091] {logging_mixin.py:115} INFO - [2024-05-23 09:24:39,091] {dag.py:2420} INFO - Sync 1 DAGs
[2024-05-23 09:24:39,109] {logging_mixin.py:115} INFO - [2024-05-23 09:24:39,109] {dag.py:2972} INFO - Setting next_dagrun for example_kubernetes_executor to None, run_after=None
[2024-05-23 09:24:39,117] {processor.py:161} INFO - Processing /home/airflow/.local/lib/python3.7/site-packages/airflow/example_dags/example_kubernetes_executor.py took 0.062 seconds
[2024-05-23 09:25:09,587] {processor.py:153} INFO - Started process (PID=295) to work on /home/airflow/.local/lib/python3.7/site-packages/airflow/example_dags/example_kubernetes_executor.py
[2024-05-23 09:25:09,588] {processor.py:641} INFO - Processing file /home/airflow/.local/lib/python3.7/site-packages/airflow/example_dags/example_kubernetes_executor.py for tasks to queue
[2024-05-23 09:25:09,589] {logging_mixin.py:115} INFO - [2024-05-23 09:25:09,589] {dagbag.py:508} INFO - Filling up the DagBag from /home/airflow/.local/lib/python3.7/site-packages/airflow/example_dags/example_kubernetes_executor.py
[2024-05-23 09:25:09,604] {processor.py:651} INFO - DAG(s) dict_keys(['example_kubernetes_executor']) retrieved from /home/airflow/.local/lib/python3.7/site-packages/airflow/example_dags/example_kubernetes_executor.py
[2024-05-23 09:25:09,624] {logging_mixin.py:115} INFO - [2024-05-23 09:25:09,624] {dag.py:2420} INFO - Sync 1 DAGs
[2024-05-23 09:25:09,638] {logging_mixin.py:115} INFO - [2024-05-23 09:25:09,637] {dag.py:2972} INFO - Setting next_dagrun for example_kubernetes_executor to None, run_after=None
[2024-05-23 09:25:09,647] {processor.py:161} INFO - Processing /home/airflow/.local/lib/python3.7/site-packages/airflow/example_dags/example_kubernetes_executor.py took 0.063 seconds
[2024-05-23 09:25:40,041] {processor.py:153} INFO - Started process (PID=349) to work on /home/airflow/.local/lib/python3.7/site-packages/airflow/example_dags/example_kubernetes_executor.py
[2024-05-23 09:25:40,041] {processor.py:641} INFO - Processing file /home/airflow/.local/lib/python3.7/site-packages/airflow/example_dags/example_kubernetes_executor.py for tasks to queue
[2024-05-23 09:25:40,042] {logging_mixin.py:115} INFO - [2024-05-23 09:25:40,042] {dagbag.py:508} INFO - Filling up the DagBag from /home/airflow/.local/lib/python3.7/site-packages/airflow/example_dags/example_kubernetes_executor.py
[2024-05-23 09:25:40,055] {processor.py:651} INFO - DAG(s) dict_keys(['example_kubernetes_executor']) retrieved from /home/airflow/.local/lib/python3.7/site-packages/airflow/example_dags/example_kubernetes_executor.py
[2024-05-23 09:25:40,073] {logging_mixin.py:115} INFO - [2024-05-23 09:25:40,073] {dag.py:2420} INFO - Sync 1 DAGs
[2024-05-23 09:25:40,086] {logging_mixin.py:115} INFO - [2024-05-23 09:25:40,086] {dag.py:2972} INFO - Setting next_dagrun for example_kubernetes_executor to None, run_after=None
[2024-05-23 09:25:40,093] {processor.py:161} INFO - Processing /home/airflow/.local/lib/python3.7/site-packages/airflow/example_dags/example_kubernetes_executor.py took 0.055 seconds
[2024-05-23 09:26:10,504] {processor.py:153} INFO - Started process (PID=410) to work on /home/airflow/.local/lib/python3.7/site-packages/airflow/example_dags/example_kubernetes_executor.py
[2024-05-23 09:26:10,505] {processor.py:641} INFO - Processing file /home/airflow/.local/lib/python3.7/site-packages/airflow/example_dags/example_kubernetes_executor.py for tasks to queue
[2024-05-23 09:26:10,505] {logging_mixin.py:115} INFO - [2024-05-23 09:26:10,505] {dagbag.py:508} INFO - Filling up the DagBag from /home/airflow/.local/lib/python3.7/site-packages/airflow/example_dags/example_kubernetes_executor.py
[2024-05-23 09:26:10,518] {processor.py:651} INFO - DAG(s) dict_keys(['example_kubernetes_executor']) retrieved from /home/airflow/.local/lib/python3.7/site-packages/airflow/example_dags/example_kubernetes_executor.py
[2024-05-23 09:26:10,537] {logging_mixin.py:115} INFO - [2024-05-23 09:26:10,537] {dag.py:2420} INFO - Sync 1 DAGs
[2024-05-23 09:26:10,550] {logging_mixin.py:115} INFO - [2024-05-23 09:26:10,550] {dag.py:2972} INFO - Setting next_dagrun for example_kubernetes_executor to None, run_after=None
[2024-05-23 09:26:10,558] {processor.py:161} INFO - Processing /home/airflow/.local/lib/python3.7/site-packages/airflow/example_dags/example_kubernetes_executor.py took 0.057 seconds
[2024-05-23 09:26:40,944] {processor.py:153} INFO - Started process (PID=471) to work on /home/airflow/.local/lib/python3.7/site-packages/airflow/example_dags/example_kubernetes_executor.py
[2024-05-23 09:26:40,945] {processor.py:641} INFO - Processing file /home/airflow/.local/lib/python3.7/site-packages/airflow/example_dags/example_kubernetes_executor.py for tasks to queue
[2024-05-23 09:26:40,945] {logging_mixin.py:115} INFO - [2024-05-23 09:26:40,945] {dagbag.py:508} INFO - Filling up the DagBag from /home/airflow/.local/lib/python3.7/site-packages/airflow/example_dags/example_kubernetes_executor.py
[2024-05-23 09:26:40,957] {processor.py:651} INFO - DAG(s) dict_keys(['example_kubernetes_executor']) retrieved from /home/airflow/.local/lib/python3.7/site-packages/airflow/example_dags/example_kubernetes_executor.py
[2024-05-23 09:26:40,975] {logging_mixin.py:115} INFO - [2024-05-23 09:26:40,975] {dag.py:2420} INFO - Sync 1 DAGs
[2024-05-23 09:26:40,988] {logging_mixin.py:115} INFO - [2024-05-23 09:26:40,988] {dag.py:2972} INFO - Setting next_dagrun for example_kubernetes_executor to None, run_after=None
[2024-05-23 09:26:40,994] {processor.py:161} INFO - Processing /home/airflow/.local/lib/python3.7/site-packages/airflow/example_dags/example_kubernetes_executor.py took 0.052 seconds
[2024-05-23 09:27:11,417] {processor.py:153} INFO - Started process (PID=532) to work on /home/airflow/.local/lib/python3.7/site-packages/airflow/example_dags/example_kubernetes_executor.py
[2024-05-23 09:27:11,418] {processor.py:641} INFO - Processing file /home/airflow/.local/lib/python3.7/site-packages/airflow/example_dags/example_kubernetes_executor.py for tasks to queue
[2024-05-23 09:27:11,419] {logging_mixin.py:115} INFO - [2024-05-23 09:27:11,419] {dagbag.py:508} INFO - Filling up the DagBag from /home/airflow/.local/lib/python3.7/site-packages/airflow/example_dags/example_kubernetes_executor.py
[2024-05-23 09:27:11,432] {processor.py:651} INFO - DAG(s) dict_keys(['example_kubernetes_executor']) retrieved from /home/airflow/.local/lib/python3.7/site-packages/airflow/example_dags/example_kubernetes_executor.py
[2024-05-23 09:27:11,452] {logging_mixin.py:115} INFO - [2024-05-23 09:27:11,452] {dag.py:2420} INFO - Sync 1 DAGs
[2024-05-23 09:27:11,463] {logging_mixin.py:115} INFO - [2024-05-23 09:27:11,463] {dag.py:2972} INFO - Setting next_dagrun for example_kubernetes_executor to None, run_after=None
[2024-05-23 09:27:11,470] {processor.py:161} INFO - Processing /home/airflow/.local/lib/python3.7/site-packages/airflow/example_dags/example_kubernetes_executor.py took 0.055 seconds
[2024-05-23 09:27:41,830] {processor.py:153} INFO - Started process (PID=593) to work on /home/airflow/.local/lib/python3.7/site-packages/airflow/example_dags/example_kubernetes_executor.py
[2024-05-23 09:27:41,831] {processor.py:641} INFO - Processing file /home/airflow/.local/lib/python3.7/site-packages/airflow/example_dags/example_kubernetes_executor.py for tasks to queue
[2024-05-23 09:27:41,832] {logging_mixin.py:115} INFO - [2024-05-23 09:27:41,832] {dagbag.py:508} INFO - Filling up the DagBag from /home/airflow/.local/lib/python3.7/site-packages/airflow/example_dags/example_kubernetes_executor.py
[2024-05-23 09:27:41,846] {processor.py:651} INFO - DAG(s) dict_keys(['example_kubernetes_executor']) retrieved from /home/airflow/.local/lib/python3.7/site-packages/airflow/example_dags/example_kubernetes_executor.py
[2024-05-23 09:27:41,864] {logging_mixin.py:115} INFO - [2024-05-23 09:27:41,864] {dag.py:2420} INFO - Sync 1 DAGs
[2024-05-23 09:27:41,875] {logging_mixin.py:115} INFO - [2024-05-23 09:27:41,875] {dag.py:2972} INFO - Setting next_dagrun for example_kubernetes_executor to None, run_after=None
[2024-05-23 09:27:41,883] {processor.py:161} INFO - Processing /home/airflow/.local/lib/python3.7/site-packages/airflow/example_dags/example_kubernetes_executor.py took 0.054 seconds
[2024-05-23 09:28:12,278] {processor.py:153} INFO - Started process (PID=646) to work on /home/airflow/.local/lib/python3.7/site-packages/airflow/example_dags/example_kubernetes_executor.py
[2024-05-23 09:28:12,279] {processor.py:641} INFO - Processing file /home/airflow/.local/lib/python3.7/site-packages/airflow/example_dags/example_kubernetes_executor.py for tasks to queue
[2024-05-23 09:28:12,280] {logging_mixin.py:115} INFO - [2024-05-23 09:28:12,279] {dagbag.py:508} INFO - Filling up the DagBag from /home/airflow/.local/lib/python3.7/site-packages/airflow/example_dags/example_kubernetes_executor.py
[2024-05-23 09:28:12,293] {processor.py:651} INFO - DAG(s) dict_keys(['example_kubernetes_executor']) retrieved from /home/airflow/.local/lib/python3.7/site-packages/airflow/example_dags/example_kubernetes_executor.py
[2024-05-23 09:28:12,311] {logging_mixin.py:115} INFO - [2024-05-23 09:28:12,310] {dag.py:2420} INFO - Sync 1 DAGs
[2024-05-23 09:28:12,322] {logging_mixin.py:115} INFO - [2024-05-23 09:28:12,322] {dag.py:2972} INFO - Setting next_dagrun for example_kubernetes_executor to None, run_after=None
[2024-05-23 09:28:12,329] {processor.py:161} INFO - Processing /home/airflow/.local/lib/python3.7/site-packages/airflow/example_dags/example_kubernetes_executor.py took 0.052 seconds
[2024-05-23 09:28:42,654] {processor.py:153} INFO - Started process (PID=708) to work on /home/airflow/.local/lib/python3.7/site-packages/airflow/example_dags/example_kubernetes_executor.py
[2024-05-23 09:28:42,655] {processor.py:641} INFO - Processing file /home/airflow/.local/lib/python3.7/site-packages/airflow/example_dags/example_kubernetes_executor.py for tasks to queue
[2024-05-23 09:28:42,655] {logging_mixin.py:115} INFO - [2024-05-23 09:28:42,655] {dagbag.py:508} INFO - Filling up the DagBag from /home/airflow/.local/lib/python3.7/site-packages/airflow/example_dags/example_kubernetes_executor.py
[2024-05-23 09:28:42,668] {processor.py:651} INFO - DAG(s) dict_keys(['example_kubernetes_executor']) retrieved from /home/airflow/.local/lib/python3.7/site-packages/airflow/example_dags/example_kubernetes_executor.py
[2024-05-23 09:28:42,686] {logging_mixin.py:115} INFO - [2024-05-23 09:28:42,686] {dag.py:2420} INFO - Sync 1 DAGs
[2024-05-23 09:28:42,698] {logging_mixin.py:115} INFO - [2024-05-23 09:28:42,698] {dag.py:2972} INFO - Setting next_dagrun for example_kubernetes_executor to None, run_after=None
[2024-05-23 09:28:42,705] {processor.py:161} INFO - Processing /home/airflow/.local/lib/python3.7/site-packages/airflow/example_dags/example_kubernetes_executor.py took 0.053 seconds
[2024-05-23 09:29:13,032] {processor.py:153} INFO - Started process (PID=770) to work on /home/airflow/.local/lib/python3.7/site-packages/airflow/example_dags/example_kubernetes_executor.py
[2024-05-23 09:29:13,033] {processor.py:641} INFO - Processing file /home/airflow/.local/lib/python3.7/site-packages/airflow/example_dags/example_kubernetes_executor.py for tasks to queue
[2024-05-23 09:29:13,033] {logging_mixin.py:115} INFO - [2024-05-23 09:29:13,033] {dagbag.py:508} INFO - Filling up the DagBag from /home/airflow/.local/lib/python3.7/site-packages/airflow/example_dags/example_kubernetes_executor.py
[2024-05-23 09:29:13,046] {processor.py:651} INFO - DAG(s) dict_keys(['example_kubernetes_executor']) retrieved from /home/airflow/.local/lib/python3.7/site-packages/airflow/example_dags/example_kubernetes_executor.py
[2024-05-23 09:29:13,064] {logging_mixin.py:115} INFO - [2024-05-23 09:29:13,064] {dag.py:2420} INFO - Sync 1 DAGs
[2024-05-23 09:29:13,075] {logging_mixin.py:115} INFO - [2024-05-23 09:29:13,075] {dag.py:2972} INFO - Setting next_dagrun for example_kubernetes_executor to None, run_after=None
[2024-05-23 09:29:13,082] {processor.py:161} INFO - Processing /home/airflow/.local/lib/python3.7/site-packages/airflow/example_dags/example_kubernetes_executor.py took 0.053 seconds
[2024-05-23 09:29:43,455] {processor.py:153} INFO - Started process (PID=832) to work on /home/airflow/.local/lib/python3.7/site-packages/airflow/example_dags/example_kubernetes_executor.py
[2024-05-23 09:29:43,456] {processor.py:641} INFO - Processing file /home/airflow/.local/lib/python3.7/site-packages/airflow/example_dags/example_kubernetes_executor.py for tasks to queue
[2024-05-23 09:29:43,457] {logging_mixin.py:115} INFO - [2024-05-23 09:29:43,457] {dagbag.py:508} INFO - Filling up the DagBag from /home/airflow/.local/lib/python3.7/site-packages/airflow/example_dags/example_kubernetes_executor.py
[2024-05-23 09:29:43,471] {processor.py:651} INFO - DAG(s) dict_keys(['example_kubernetes_executor']) retrieved from /home/airflow/.local/lib/python3.7/site-packages/airflow/example_dags/example_kubernetes_executor.py
[2024-05-23 09:29:43,489] {logging_mixin.py:115} INFO - [2024-05-23 09:29:43,489] {dag.py:2420} INFO - Sync 1 DAGs
[2024-05-23 09:29:43,501] {logging_mixin.py:115} INFO - [2024-05-23 09:29:43,501] {dag.py:2972} INFO - Setting next_dagrun for example_kubernetes_executor to None, run_after=None
[2024-05-23 09:29:43,508] {processor.py:161} INFO - Processing /home/airflow/.local/lib/python3.7/site-packages/airflow/example_dags/example_kubernetes_executor.py took 0.055 seconds
[2024-05-23 09:30:13,793] {processor.py:153} INFO - Started process (PID=894) to work on /home/airflow/.local/lib/python3.7/site-packages/airflow/example_dags/example_kubernetes_executor.py
[2024-05-23 09:30:13,794] {processor.py:641} INFO - Processing file /home/airflow/.local/lib/python3.7/site-packages/airflow/example_dags/example_kubernetes_executor.py for tasks to queue
[2024-05-23 09:30:13,795] {logging_mixin.py:115} INFO - [2024-05-23 09:30:13,795] {dagbag.py:508} INFO - Filling up the DagBag from /home/airflow/.local/lib/python3.7/site-packages/airflow/example_dags/example_kubernetes_executor.py
[2024-05-23 09:30:13,808] {processor.py:651} INFO - DAG(s) dict_keys(['example_kubernetes_executor']) retrieved from /home/airflow/.local/lib/python3.7/site-packages/airflow/example_dags/example_kubernetes_executor.py
[2024-05-23 09:30:13,837] {logging_mixin.py:115} INFO - [2024-05-23 09:30:13,837] {dag.py:2420} INFO - Sync 1 DAGs
[2024-05-23 09:30:13,850] {logging_mixin.py:115} INFO - [2024-05-23 09:30:13,850] {dag.py:2972} INFO - Setting next_dagrun for example_kubernetes_executor to None, run_after=None
[2024-05-23 09:30:13,857] {processor.py:161} INFO - Processing /home/airflow/.local/lib/python3.7/site-packages/airflow/example_dags/example_kubernetes_executor.py took 0.066 seconds
[2024-05-23 09:30:44,239] {processor.py:153} INFO - Started process (PID=947) to work on /home/airflow/.local/lib/python3.7/site-packages/airflow/example_dags/example_kubernetes_executor.py
[2024-05-23 09:30:44,239] {processor.py:641} INFO - Processing file /home/airflow/.local/lib/python3.7/site-packages/airflow/example_dags/example_kubernetes_executor.py for tasks to queue
[2024-05-23 09:30:44,240] {logging_mixin.py:115} INFO - [2024-05-23 09:30:44,240] {dagbag.py:508} INFO - Filling up the DagBag from /home/airflow/.local/lib/python3.7/site-packages/airflow/example_dags/example_kubernetes_executor.py
[2024-05-23 09:30:44,254] {processor.py:651} INFO - DAG(s) dict_keys(['example_kubernetes_executor']) retrieved from /home/airflow/.local/lib/python3.7/site-packages/airflow/example_dags/example_kubernetes_executor.py
[2024-05-23 09:30:44,273] {logging_mixin.py:115} INFO - [2024-05-23 09:30:44,273] {dag.py:2420} INFO - Sync 1 DAGs
[2024-05-23 09:30:44,287] {logging_mixin.py:115} INFO - [2024-05-23 09:30:44,287] {dag.py:2972} INFO - Setting next_dagrun for example_kubernetes_executor to None, run_after=None
[2024-05-23 09:30:44,293] {processor.py:161} INFO - Processing /home/airflow/.local/lib/python3.7/site-packages/airflow/example_dags/example_kubernetes_executor.py took 0.057 seconds
[2024-05-23 09:31:14,664] {processor.py:153} INFO - Started process (PID=1008) to work on /home/airflow/.local/lib/python3.7/site-packages/airflow/example_dags/example_kubernetes_executor.py
[2024-05-23 09:31:14,665] {processor.py:641} INFO - Processing file /home/airflow/.local/lib/python3.7/site-packages/airflow/example_dags/example_kubernetes_executor.py for tasks to queue
[2024-05-23 09:31:14,666] {logging_mixin.py:115} INFO - [2024-05-23 09:31:14,665] {dagbag.py:508} INFO - Filling up the DagBag from /home/airflow/.local/lib/python3.7/site-packages/airflow/example_dags/example_kubernetes_executor.py
[2024-05-23 09:31:14,678] {processor.py:651} INFO - DAG(s) dict_keys(['example_kubernetes_executor']) retrieved from /home/airflow/.local/lib/python3.7/site-packages/airflow/example_dags/example_kubernetes_executor.py
[2024-05-23 09:31:14,697] {logging_mixin.py:115} INFO - [2024-05-23 09:31:14,696] {dag.py:2420} INFO - Sync 1 DAGs
[2024-05-23 09:31:14,709] {logging_mixin.py:115} INFO - [2024-05-23 09:31:14,709] {dag.py:2972} INFO - Setting next_dagrun for example_kubernetes_executor to None, run_after=None
[2024-05-23 09:31:14,716] {processor.py:161} INFO - Processing /home/airflow/.local/lib/python3.7/site-packages/airflow/example_dags/example_kubernetes_executor.py took 0.054 seconds
[2024-05-23 09:31:45,267] {processor.py:153} INFO - Started process (PID=1071) to work on /home/airflow/.local/lib/python3.7/site-packages/airflow/example_dags/example_kubernetes_executor.py
[2024-05-23 09:31:45,268] {processor.py:641} INFO - Processing file /home/airflow/.local/lib/python3.7/site-packages/airflow/example_dags/example_kubernetes_executor.py for tasks to queue
[2024-05-23 09:31:45,269] {logging_mixin.py:115} INFO - [2024-05-23 09:31:45,268] {dagbag.py:508} INFO - Filling up the DagBag from /home/airflow/.local/lib/python3.7/site-packages/airflow/example_dags/example_kubernetes_executor.py
[2024-05-23 09:31:45,283] {processor.py:651} INFO - DAG(s) dict_keys(['example_kubernetes_executor']) retrieved from /home/airflow/.local/lib/python3.7/site-packages/airflow/example_dags/example_kubernetes_executor.py
[2024-05-23 09:31:45,304] {logging_mixin.py:115} INFO - [2024-05-23 09:31:45,304] {dag.py:2420} INFO - Sync 1 DAGs
[2024-05-23 09:31:45,317] {logging_mixin.py:115} INFO - [2024-05-23 09:31:45,317] {dag.py:2972} INFO - Setting next_dagrun for example_kubernetes_executor to None, run_after=None
[2024-05-23 09:31:45,325] {processor.py:161} INFO - Processing /home/airflow/.local/lib/python3.7/site-packages/airflow/example_dags/example_kubernetes_executor.py took 0.060 seconds
[2024-05-23 09:32:15,645] {processor.py:153} INFO - Started process (PID=1133) to work on /home/airflow/.local/lib/python3.7/site-packages/airflow/example_dags/example_kubernetes_executor.py
[2024-05-23 09:32:15,646] {processor.py:641} INFO - Processing file /home/airflow/.local/lib/python3.7/site-packages/airflow/example_dags/example_kubernetes_executor.py for tasks to queue
[2024-05-23 09:32:15,646] {logging_mixin.py:115} INFO - [2024-05-23 09:32:15,646] {dagbag.py:508} INFO - Filling up the DagBag from /home/airflow/.local/lib/python3.7/site-packages/airflow/example_dags/example_kubernetes_executor.py
[2024-05-23 09:32:15,660] {processor.py:651} INFO - DAG(s) dict_keys(['example_kubernetes_executor']) retrieved from /home/airflow/.local/lib/python3.7/site-packages/airflow/example_dags/example_kubernetes_executor.py
[2024-05-23 09:32:15,678] {logging_mixin.py:115} INFO - [2024-05-23 09:32:15,678] {dag.py:2420} INFO - Sync 1 DAGs
[2024-05-23 09:32:15,690] {logging_mixin.py:115} INFO - [2024-05-23 09:32:15,690] {dag.py:2972} INFO - Setting next_dagrun for example_kubernetes_executor to None, run_after=None
[2024-05-23 09:32:15,697] {processor.py:161} INFO - Processing /home/airflow/.local/lib/python3.7/site-packages/airflow/example_dags/example_kubernetes_executor.py took 0.054 seconds
[2024-05-23 09:32:46,058] {processor.py:153} INFO - Started process (PID=1195) to work on /home/airflow/.local/lib/python3.7/site-packages/airflow/example_dags/example_kubernetes_executor.py
[2024-05-23 09:32:46,059] {processor.py:641} INFO - Processing file /home/airflow/.local/lib/python3.7/site-packages/airflow/example_dags/example_kubernetes_executor.py for tasks to queue
[2024-05-23 09:32:46,060] {logging_mixin.py:115} INFO - [2024-05-23 09:32:46,060] {dagbag.py:508} INFO - Filling up the DagBag from /home/airflow/.local/lib/python3.7/site-packages/airflow/example_dags/example_kubernetes_executor.py
[2024-05-23 09:32:46,073] {processor.py:651} INFO - DAG(s) dict_keys(['example_kubernetes_executor']) retrieved from /home/airflow/.local/lib/python3.7/site-packages/airflow/example_dags/example_kubernetes_executor.py
[2024-05-23 09:32:46,091] {logging_mixin.py:115} INFO - [2024-05-23 09:32:46,091] {dag.py:2420} INFO - Sync 1 DAGs
[2024-05-23 09:32:46,104] {logging_mixin.py:115} INFO - [2024-05-23 09:32:46,103] {dag.py:2972} INFO - Setting next_dagrun for example_kubernetes_executor to None, run_after=None
[2024-05-23 09:32:46,110] {processor.py:161} INFO - Processing /home/airflow/.local/lib/python3.7/site-packages/airflow/example_dags/example_kubernetes_executor.py took 0.054 seconds
[2024-05-23 09:33:16,657] {processor.py:153} INFO - Started process (PID=1257) to work on /home/airflow/.local/lib/python3.7/site-packages/airflow/example_dags/example_kubernetes_executor.py
[2024-05-23 09:33:16,658] {processor.py:641} INFO - Processing file /home/airflow/.local/lib/python3.7/site-packages/airflow/example_dags/example_kubernetes_executor.py for tasks to queue
[2024-05-23 09:33:16,659] {logging_mixin.py:115} INFO - [2024-05-23 09:33:16,659] {dagbag.py:508} INFO - Filling up the DagBag from /home/airflow/.local/lib/python3.7/site-packages/airflow/example_dags/example_kubernetes_executor.py
[2024-05-23 09:33:16,672] {processor.py:651} INFO - DAG(s) dict_keys(['example_kubernetes_executor']) retrieved from /home/airflow/.local/lib/python3.7/site-packages/airflow/example_dags/example_kubernetes_executor.py
[2024-05-23 09:33:16,693] {logging_mixin.py:115} INFO - [2024-05-23 09:33:16,693] {dag.py:2420} INFO - Sync 1 DAGs
[2024-05-23 09:33:16,706] {logging_mixin.py:115} INFO - [2024-05-23 09:33:16,706] {dag.py:2972} INFO - Setting next_dagrun for example_kubernetes_executor to None, run_after=None
[2024-05-23 09:33:16,713] {processor.py:161} INFO - Processing /home/airflow/.local/lib/python3.7/site-packages/airflow/example_dags/example_kubernetes_executor.py took 0.058 seconds
[2024-05-23 09:33:47,162] {processor.py:153} INFO - Started process (PID=1310) to work on /home/airflow/.local/lib/python3.7/site-packages/airflow/example_dags/example_kubernetes_executor.py
[2024-05-23 09:33:47,163] {processor.py:641} INFO - Processing file /home/airflow/.local/lib/python3.7/site-packages/airflow/example_dags/example_kubernetes_executor.py for tasks to queue
[2024-05-23 09:33:47,163] {logging_mixin.py:115} INFO - [2024-05-23 09:33:47,163] {dagbag.py:508} INFO - Filling up the DagBag from /home/airflow/.local/lib/python3.7/site-packages/airflow/example_dags/example_kubernetes_executor.py
[2024-05-23 09:33:47,177] {processor.py:651} INFO - DAG(s) dict_keys(['example_kubernetes_executor']) retrieved from /home/airflow/.local/lib/python3.7/site-packages/airflow/example_dags/example_kubernetes_executor.py
[2024-05-23 09:33:47,195] {logging_mixin.py:115} INFO - [2024-05-23 09:33:47,195] {dag.py:2420} INFO - Sync 1 DAGs
[2024-05-23 09:33:47,208] {logging_mixin.py:115} INFO - [2024-05-23 09:33:47,208] {dag.py:2972} INFO - Setting next_dagrun for example_kubernetes_executor to None, run_after=None
[2024-05-23 09:33:47,216] {processor.py:161} INFO - Processing /home/airflow/.local/lib/python3.7/site-packages/airflow/example_dags/example_kubernetes_executor.py took 0.055 seconds
[2024-05-23 09:34:17,585] {processor.py:153} INFO - Started process (PID=1377) to work on /home/airflow/.local/lib/python3.7/site-packages/airflow/example_dags/example_kubernetes_executor.py
[2024-05-23 09:34:17,586] {processor.py:641} INFO - Processing file /home/airflow/.local/lib/python3.7/site-packages/airflow/example_dags/example_kubernetes_executor.py for tasks to queue
[2024-05-23 09:34:17,587] {logging_mixin.py:115} INFO - [2024-05-23 09:34:17,587] {dagbag.py:508} INFO - Filling up the DagBag from /home/airflow/.local/lib/python3.7/site-packages/airflow/example_dags/example_kubernetes_executor.py
[2024-05-23 09:34:17,600] {processor.py:651} INFO - DAG(s) dict_keys(['example_kubernetes_executor']) retrieved from /home/airflow/.local/lib/python3.7/site-packages/airflow/example_dags/example_kubernetes_executor.py
[2024-05-23 09:34:17,618] {logging_mixin.py:115} INFO - [2024-05-23 09:34:17,618] {dag.py:2420} INFO - Sync 1 DAGs
[2024-05-23 09:34:17,629] {logging_mixin.py:115} INFO - [2024-05-23 09:34:17,629] {dag.py:2972} INFO - Setting next_dagrun for example_kubernetes_executor to None, run_after=None
[2024-05-23 09:34:17,636] {processor.py:161} INFO - Processing /home/airflow/.local/lib/python3.7/site-packages/airflow/example_dags/example_kubernetes_executor.py took 0.054 seconds
[2024-05-23 09:34:48,081] {processor.py:153} INFO - Started process (PID=1439) to work on /home/airflow/.local/lib/python3.7/site-packages/airflow/example_dags/example_kubernetes_executor.py
[2024-05-23 09:34:48,081] {processor.py:641} INFO - Processing file /home/airflow/.local/lib/python3.7/site-packages/airflow/example_dags/example_kubernetes_executor.py for tasks to queue
[2024-05-23 09:34:48,082] {logging_mixin.py:115} INFO - [2024-05-23 09:34:48,082] {dagbag.py:508} INFO - Filling up the DagBag from /home/airflow/.local/lib/python3.7/site-packages/airflow/example_dags/example_kubernetes_executor.py
[2024-05-23 09:34:48,094] {processor.py:651} INFO - DAG(s) dict_keys(['example_kubernetes_executor']) retrieved from /home/airflow/.local/lib/python3.7/site-packages/airflow/example_dags/example_kubernetes_executor.py
[2024-05-23 09:34:48,113] {logging_mixin.py:115} INFO - [2024-05-23 09:34:48,113] {dag.py:2420} INFO - Sync 1 DAGs
[2024-05-23 09:34:48,125] {logging_mixin.py:115} INFO - [2024-05-23 09:34:48,124] {dag.py:2972} INFO - Setting next_dagrun for example_kubernetes_executor to None, run_after=None
[2024-05-23 09:34:48,131] {processor.py:161} INFO - Processing /home/airflow/.local/lib/python3.7/site-packages/airflow/example_dags/example_kubernetes_executor.py took 0.052 seconds
[2024-05-23 09:35:18,499] {processor.py:153} INFO - Started process (PID=1501) to work on /home/airflow/.local/lib/python3.7/site-packages/airflow/example_dags/example_kubernetes_executor.py
[2024-05-23 09:35:18,500] {processor.py:641} INFO - Processing file /home/airflow/.local/lib/python3.7/site-packages/airflow/example_dags/example_kubernetes_executor.py for tasks to queue
[2024-05-23 09:35:18,500] {logging_mixin.py:115} INFO - [2024-05-23 09:35:18,500] {dagbag.py:508} INFO - Filling up the DagBag from /home/airflow/.local/lib/python3.7/site-packages/airflow/example_dags/example_kubernetes_executor.py
[2024-05-23 09:35:18,514] {processor.py:651} INFO - DAG(s) dict_keys(['example_kubernetes_executor']) retrieved from /home/airflow/.local/lib/python3.7/site-packages/airflow/example_dags/example_kubernetes_executor.py
[2024-05-23 09:35:18,532] {logging_mixin.py:115} INFO - [2024-05-23 09:35:18,532] {dag.py:2420} INFO - Sync 1 DAGs
[2024-05-23 09:35:18,544] {logging_mixin.py:115} INFO - [2024-05-23 09:35:18,544] {dag.py:2972} INFO - Setting next_dagrun for example_kubernetes_executor to None, run_after=None
[2024-05-23 09:35:18,551] {processor.py:161} INFO - Processing /home/airflow/.local/lib/python3.7/site-packages/airflow/example_dags/example_kubernetes_executor.py took 0.054 seconds
[2024-05-23 09:35:48,902] {processor.py:153} INFO - Started process (PID=1563) to work on /home/airflow/.local/lib/python3.7/site-packages/airflow/example_dags/example_kubernetes_executor.py
[2024-05-23 09:35:48,902] {processor.py:641} INFO - Processing file /home/airflow/.local/lib/python3.7/site-packages/airflow/example_dags/example_kubernetes_executor.py for tasks to queue
[2024-05-23 09:35:48,903] {logging_mixin.py:115} INFO - [2024-05-23 09:35:48,903] {dagbag.py:508} INFO - Filling up the DagBag from /home/airflow/.local/lib/python3.7/site-packages/airflow/example_dags/example_kubernetes_executor.py
[2024-05-23 09:35:48,916] {processor.py:651} INFO - DAG(s) dict_keys(['example_kubernetes_executor']) retrieved from /home/airflow/.local/lib/python3.7/site-packages/airflow/example_dags/example_kubernetes_executor.py
[2024-05-23 09:35:48,934] {logging_mixin.py:115} INFO - [2024-05-23 09:35:48,934] {dag.py:2420} INFO - Sync 1 DAGs
[2024-05-23 09:35:48,946] {logging_mixin.py:115} INFO - [2024-05-23 09:35:48,946] {dag.py:2972} INFO - Setting next_dagrun for example_kubernetes_executor to None, run_after=None
[2024-05-23 09:35:48,953] {processor.py:161} INFO - Processing /home/airflow/.local/lib/python3.7/site-packages/airflow/example_dags/example_kubernetes_executor.py took 0.054 seconds
[2024-05-23 09:36:19,362] {processor.py:153} INFO - Started process (PID=1616) to work on /home/airflow/.local/lib/python3.7/site-packages/airflow/example_dags/example_kubernetes_executor.py
[2024-05-23 09:36:19,363] {processor.py:641} INFO - Processing file /home/airflow/.local/lib/python3.7/site-packages/airflow/example_dags/example_kubernetes_executor.py for tasks to queue
[2024-05-23 09:36:19,364] {logging_mixin.py:115} INFO - [2024-05-23 09:36:19,363] {dagbag.py:508} INFO - Filling up the DagBag from /home/airflow/.local/lib/python3.7/site-packages/airflow/example_dags/example_kubernetes_executor.py
[2024-05-23 09:36:19,377] {processor.py:651} INFO - DAG(s) dict_keys(['example_kubernetes_executor']) retrieved from /home/airflow/.local/lib/python3.7/site-packages/airflow/example_dags/example_kubernetes_executor.py
[2024-05-23 09:36:19,396] {logging_mixin.py:115} INFO - [2024-05-23 09:36:19,396] {dag.py:2420} INFO - Sync 1 DAGs
[2024-05-23 09:36:19,410] {logging_mixin.py:115} INFO - [2024-05-23 09:36:19,410] {dag.py:2972} INFO - Setting next_dagrun for example_kubernetes_executor to None, run_after=None
[2024-05-23 09:36:19,417] {processor.py:161} INFO - Processing /home/airflow/.local/lib/python3.7/site-packages/airflow/example_dags/example_kubernetes_executor.py took 0.057 seconds
[2024-05-23 09:36:49,846] {processor.py:153} INFO - Started process (PID=1678) to work on /home/airflow/.local/lib/python3.7/site-packages/airflow/example_dags/example_kubernetes_executor.py
[2024-05-23 09:36:49,847] {processor.py:641} INFO - Processing file /home/airflow/.local/lib/python3.7/site-packages/airflow/example_dags/example_kubernetes_executor.py for tasks to queue
[2024-05-23 09:36:49,848] {logging_mixin.py:115} INFO - [2024-05-23 09:36:49,848] {dagbag.py:508} INFO - Filling up the DagBag from /home/airflow/.local/lib/python3.7/site-packages/airflow/example_dags/example_kubernetes_executor.py
[2024-05-23 09:36:49,861] {processor.py:651} INFO - DAG(s) dict_keys(['example_kubernetes_executor']) retrieved from /home/airflow/.local/lib/python3.7/site-packages/airflow/example_dags/example_kubernetes_executor.py
[2024-05-23 09:36:49,881] {logging_mixin.py:115} INFO - [2024-05-23 09:36:49,881] {dag.py:2420} INFO - Sync 1 DAGs
[2024-05-23 09:36:49,895] {logging_mixin.py:115} INFO - [2024-05-23 09:36:49,894] {dag.py:2972} INFO - Setting next_dagrun for example_kubernetes_executor to None, run_after=None
[2024-05-23 09:36:49,902] {processor.py:161} INFO - Processing /home/airflow/.local/lib/python3.7/site-packages/airflow/example_dags/example_kubernetes_executor.py took 0.058 seconds
[2024-05-23 09:37:20,359] {processor.py:153} INFO - Started process (PID=1740) to work on /home/airflow/.local/lib/python3.7/site-packages/airflow/example_dags/example_kubernetes_executor.py
[2024-05-23 09:37:20,360] {processor.py:641} INFO - Processing file /home/airflow/.local/lib/python3.7/site-packages/airflow/example_dags/example_kubernetes_executor.py for tasks to queue
[2024-05-23 09:37:20,361] {logging_mixin.py:115} INFO - [2024-05-23 09:37:20,360] {dagbag.py:508} INFO - Filling up the DagBag from /home/airflow/.local/lib/python3.7/site-packages/airflow/example_dags/example_kubernetes_executor.py
[2024-05-23 09:37:20,374] {processor.py:651} INFO - DAG(s) dict_keys(['example_kubernetes_executor']) retrieved from /home/airflow/.local/lib/python3.7/site-packages/airflow/example_dags/example_kubernetes_executor.py
[2024-05-23 09:37:20,392] {logging_mixin.py:115} INFO - [2024-05-23 09:37:20,392] {dag.py:2420} INFO - Sync 1 DAGs
[2024-05-23 09:37:20,404] {logging_mixin.py:115} INFO - [2024-05-23 09:37:20,404] {dag.py:2972} INFO - Setting next_dagrun for example_kubernetes_executor to None, run_after=None
[2024-05-23 09:37:20,410] {processor.py:161} INFO - Processing /home/airflow/.local/lib/python3.7/site-packages/airflow/example_dags/example_kubernetes_executor.py took 0.053 seconds
[2024-05-23 09:37:50,877] {processor.py:153} INFO - Started process (PID=1802) to work on /home/airflow/.local/lib/python3.7/site-packages/airflow/example_dags/example_kubernetes_executor.py
[2024-05-23 09:37:50,878] {processor.py:641} INFO - Processing file /home/airflow/.local/lib/python3.7/site-packages/airflow/example_dags/example_kubernetes_executor.py for tasks to queue
[2024-05-23 09:37:50,879] {logging_mixin.py:115} INFO - [2024-05-23 09:37:50,879] {dagbag.py:508} INFO - Filling up the DagBag from /home/airflow/.local/lib/python3.7/site-packages/airflow/example_dags/example_kubernetes_executor.py
[2024-05-23 09:37:50,892] {processor.py:651} INFO - DAG(s) dict_keys(['example_kubernetes_executor']) retrieved from /home/airflow/.local/lib/python3.7/site-packages/airflow/example_dags/example_kubernetes_executor.py
[2024-05-23 09:37:50,912] {logging_mixin.py:115} INFO - [2024-05-23 09:37:50,912] {dag.py:2420} INFO - Sync 1 DAGs
[2024-05-23 09:37:50,927] {logging_mixin.py:115} INFO - [2024-05-23 09:37:50,927] {dag.py:2972} INFO - Setting next_dagrun for example_kubernetes_executor to None, run_after=None
[2024-05-23 09:37:50,934] {processor.py:161} INFO - Processing /home/airflow/.local/lib/python3.7/site-packages/airflow/example_dags/example_kubernetes_executor.py took 0.059 seconds
[2024-05-23 09:38:21,384] {processor.py:153} INFO - Started process (PID=1864) to work on /home/airflow/.local/lib/python3.7/site-packages/airflow/example_dags/example_kubernetes_executor.py
[2024-05-23 09:38:21,385] {processor.py:641} INFO - Processing file /home/airflow/.local/lib/python3.7/site-packages/airflow/example_dags/example_kubernetes_executor.py for tasks to queue
[2024-05-23 09:38:21,385] {logging_mixin.py:115} INFO - [2024-05-23 09:38:21,385] {dagbag.py:508} INFO - Filling up the DagBag from /home/airflow/.local/lib/python3.7/site-packages/airflow/example_dags/example_kubernetes_executor.py
[2024-05-23 09:38:21,398] {processor.py:651} INFO - DAG(s) dict_keys(['example_kubernetes_executor']) retrieved from /home/airflow/.local/lib/python3.7/site-packages/airflow/example_dags/example_kubernetes_executor.py
[2024-05-23 09:38:21,417] {logging_mixin.py:115} INFO - [2024-05-23 09:38:21,416] {dag.py:2420} INFO - Sync 1 DAGs
[2024-05-23 09:38:21,429] {logging_mixin.py:115} INFO - [2024-05-23 09:38:21,428] {dag.py:2972} INFO - Setting next_dagrun for example_kubernetes_executor to None, run_after=None
[2024-05-23 09:38:21,436] {processor.py:161} INFO - Processing /home/airflow/.local/lib/python3.7/site-packages/airflow/example_dags/example_kubernetes_executor.py took 0.054 seconds
[2024-05-23 09:38:51,794] {processor.py:153} INFO - Started process (PID=1926) to work on /home/airflow/.local/lib/python3.7/site-packages/airflow/example_dags/example_kubernetes_executor.py
[2024-05-23 09:38:51,795] {processor.py:641} INFO - Processing file /home/airflow/.local/lib/python3.7/site-packages/airflow/example_dags/example_kubernetes_executor.py for tasks to queue
[2024-05-23 09:38:51,795] {logging_mixin.py:115} INFO - [2024-05-23 09:38:51,795] {dagbag.py:508} INFO - Filling up the DagBag from /home/airflow/.local/lib/python3.7/site-packages/airflow/example_dags/example_kubernetes_executor.py
[2024-05-23 09:38:51,809] {processor.py:651} INFO - DAG(s) dict_keys(['example_kubernetes_executor']) retrieved from /home/airflow/.local/lib/python3.7/site-packages/airflow/example_dags/example_kubernetes_executor.py
[2024-05-23 09:38:51,826] {logging_mixin.py:115} INFO - [2024-05-23 09:38:51,826] {dag.py:2420} INFO - Sync 1 DAGs
[2024-05-23 09:38:51,838] {logging_mixin.py:115} INFO - [2024-05-23 09:38:51,838] {dag.py:2972} INFO - Setting next_dagrun for example_kubernetes_executor to None, run_after=None
[2024-05-23 09:38:51,845] {processor.py:161} INFO - Processing /home/airflow/.local/lib/python3.7/site-packages/airflow/example_dags/example_kubernetes_executor.py took 0.053 seconds
[2024-05-23 09:39:22,242] {processor.py:153} INFO - Started process (PID=1979) to work on /home/airflow/.local/lib/python3.7/site-packages/airflow/example_dags/example_kubernetes_executor.py
[2024-05-23 09:39:22,243] {processor.py:641} INFO - Processing file /home/airflow/.local/lib/python3.7/site-packages/airflow/example_dags/example_kubernetes_executor.py for tasks to queue
[2024-05-23 09:39:22,244] {logging_mixin.py:115} INFO - [2024-05-23 09:39:22,244] {dagbag.py:508} INFO - Filling up the DagBag from /home/airflow/.local/lib/python3.7/site-packages/airflow/example_dags/example_kubernetes_executor.py
[2024-05-23 09:39:22,258] {processor.py:651} INFO - DAG(s) dict_keys(['example_kubernetes_executor']) retrieved from /home/airflow/.local/lib/python3.7/site-packages/airflow/example_dags/example_kubernetes_executor.py
[2024-05-23 09:39:22,276] {logging_mixin.py:115} INFO - [2024-05-23 09:39:22,276] {dag.py:2420} INFO - Sync 1 DAGs
[2024-05-23 09:39:22,288] {logging_mixin.py:115} INFO - [2024-05-23 09:39:22,287] {dag.py:2972} INFO - Setting next_dagrun for example_kubernetes_executor to None, run_after=None
[2024-05-23 09:39:22,294] {processor.py:161} INFO - Processing /home/airflow/.local/lib/python3.7/site-packages/airflow/example_dags/example_kubernetes_executor.py took 0.054 seconds
[2024-05-23 09:39:52,659] {processor.py:153} INFO - Started process (PID=2041) to work on /home/airflow/.local/lib/python3.7/site-packages/airflow/example_dags/example_kubernetes_executor.py
[2024-05-23 09:39:52,661] {processor.py:641} INFO - Processing file /home/airflow/.local/lib/python3.7/site-packages/airflow/example_dags/example_kubernetes_executor.py for tasks to queue
[2024-05-23 09:39:52,662] {logging_mixin.py:115} INFO - [2024-05-23 09:39:52,662] {dagbag.py:508} INFO - Filling up the DagBag from /home/airflow/.local/lib/python3.7/site-packages/airflow/example_dags/example_kubernetes_executor.py
[2024-05-23 09:39:52,675] {processor.py:651} INFO - DAG(s) dict_keys(['example_kubernetes_executor']) retrieved from /home/airflow/.local/lib/python3.7/site-packages/airflow/example_dags/example_kubernetes_executor.py
[2024-05-23 09:39:52,693] {logging_mixin.py:115} INFO - [2024-05-23 09:39:52,693] {dag.py:2420} INFO - Sync 1 DAGs
[2024-05-23 09:39:52,706] {logging_mixin.py:115} INFO - [2024-05-23 09:39:52,706] {dag.py:2972} INFO - Setting next_dagrun for example_kubernetes_executor to None, run_after=None
[2024-05-23 09:39:52,712] {processor.py:161} INFO - Processing /home/airflow/.local/lib/python3.7/site-packages/airflow/example_dags/example_kubernetes_executor.py took 0.055 seconds
[2024-05-23 09:40:23,102] {processor.py:153} INFO - Started process (PID=2103) to work on /home/airflow/.local/lib/python3.7/site-packages/airflow/example_dags/example_kubernetes_executor.py
[2024-05-23 09:40:23,103] {processor.py:641} INFO - Processing file /home/airflow/.local/lib/python3.7/site-packages/airflow/example_dags/example_kubernetes_executor.py for tasks to queue
[2024-05-23 09:40:23,104] {logging_mixin.py:115} INFO - [2024-05-23 09:40:23,104] {dagbag.py:508} INFO - Filling up the DagBag from /home/airflow/.local/lib/python3.7/site-packages/airflow/example_dags/example_kubernetes_executor.py
[2024-05-23 09:40:23,116] {processor.py:651} INFO - DAG(s) dict_keys(['example_kubernetes_executor']) retrieved from /home/airflow/.local/lib/python3.7/site-packages/airflow/example_dags/example_kubernetes_executor.py
[2024-05-23 09:40:23,134] {logging_mixin.py:115} INFO - [2024-05-23 09:40:23,134] {dag.py:2420} INFO - Sync 1 DAGs
[2024-05-23 09:40:23,145] {logging_mixin.py:115} INFO - [2024-05-23 09:40:23,145] {dag.py:2972} INFO - Setting next_dagrun for example_kubernetes_executor to None, run_after=None
[2024-05-23 09:40:23,152] {processor.py:161} INFO - Processing /home/airflow/.local/lib/python3.7/site-packages/airflow/example_dags/example_kubernetes_executor.py took 0.052 seconds
[2024-05-23 09:40:53,587] {processor.py:153} INFO - Started process (PID=2165) to work on /home/airflow/.local/lib/python3.7/site-packages/airflow/example_dags/example_kubernetes_executor.py
[2024-05-23 09:40:53,587] {processor.py:641} INFO - Processing file /home/airflow/.local/lib/python3.7/site-packages/airflow/example_dags/example_kubernetes_executor.py for tasks to queue
[2024-05-23 09:40:53,588] {logging_mixin.py:115} INFO - [2024-05-23 09:40:53,588] {dagbag.py:508} INFO - Filling up the DagBag from /home/airflow/.local/lib/python3.7/site-packages/airflow/example_dags/example_kubernetes_executor.py
[2024-05-23 09:40:53,602] {processor.py:651} INFO - DAG(s) dict_keys(['example_kubernetes_executor']) retrieved from /home/airflow/.local/lib/python3.7/site-packages/airflow/example_dags/example_kubernetes_executor.py
[2024-05-23 09:40:53,620] {logging_mixin.py:115} INFO - [2024-05-23 09:40:53,620] {dag.py:2420} INFO - Sync 1 DAGs
[2024-05-23 09:40:53,632] {logging_mixin.py:115} INFO - [2024-05-23 09:40:53,632] {dag.py:2972} INFO - Setting next_dagrun for example_kubernetes_executor to None, run_after=None
[2024-05-23 09:40:53,638] {processor.py:161} INFO - Processing /home/airflow/.local/lib/python3.7/site-packages/airflow/example_dags/example_kubernetes_executor.py took 0.054 seconds
[2024-05-23 09:41:24,083] {processor.py:153} INFO - Started process (PID=2227) to work on /home/airflow/.local/lib/python3.7/site-packages/airflow/example_dags/example_kubernetes_executor.py
[2024-05-23 09:41:24,084] {processor.py:641} INFO - Processing file /home/airflow/.local/lib/python3.7/site-packages/airflow/example_dags/example_kubernetes_executor.py for tasks to queue
[2024-05-23 09:41:24,085] {logging_mixin.py:115} INFO - [2024-05-23 09:41:24,085] {dagbag.py:508} INFO - Filling up the DagBag from /home/airflow/.local/lib/python3.7/site-packages/airflow/example_dags/example_kubernetes_executor.py
[2024-05-23 09:41:24,098] {processor.py:651} INFO - DAG(s) dict_keys(['example_kubernetes_executor']) retrieved from /home/airflow/.local/lib/python3.7/site-packages/airflow/example_dags/example_kubernetes_executor.py
[2024-05-23 09:41:24,117] {logging_mixin.py:115} INFO - [2024-05-23 09:41:24,117] {dag.py:2420} INFO - Sync 1 DAGs
[2024-05-23 09:41:24,130] {logging_mixin.py:115} INFO - [2024-05-23 09:41:24,129] {dag.py:2972} INFO - Setting next_dagrun for example_kubernetes_executor to None, run_after=None
[2024-05-23 09:41:24,136] {processor.py:161} INFO - Processing /home/airflow/.local/lib/python3.7/site-packages/airflow/example_dags/example_kubernetes_executor.py took 0.054 seconds
[2024-05-23 09:41:54,789] {processor.py:153} INFO - Started process (PID=2289) to work on /home/airflow/.local/lib/python3.7/site-packages/airflow/example_dags/example_kubernetes_executor.py
[2024-05-23 09:41:54,791] {processor.py:641} INFO - Processing file /home/airflow/.local/lib/python3.7/site-packages/airflow/example_dags/example_kubernetes_executor.py for tasks to queue
[2024-05-23 09:41:54,791] {logging_mixin.py:115} INFO - [2024-05-23 09:41:54,791] {dagbag.py:508} INFO - Filling up the DagBag from /home/airflow/.local/lib/python3.7/site-packages/airflow/example_dags/example_kubernetes_executor.py
[2024-05-23 09:41:54,812] {processor.py:651} INFO - DAG(s) dict_keys(['example_kubernetes_executor']) retrieved from /home/airflow/.local/lib/python3.7/site-packages/airflow/example_dags/example_kubernetes_executor.py
[2024-05-23 09:41:54,838] {logging_mixin.py:115} INFO - [2024-05-23 09:41:54,838] {dag.py:2420} INFO - Sync 1 DAGs
[2024-05-23 09:41:54,851] {logging_mixin.py:115} INFO - [2024-05-23 09:41:54,851] {dag.py:2972} INFO - Setting next_dagrun for example_kubernetes_executor to None, run_after=None
[2024-05-23 09:41:54,858] {processor.py:161} INFO - Processing /home/airflow/.local/lib/python3.7/site-packages/airflow/example_dags/example_kubernetes_executor.py took 0.072 seconds
[2024-05-23 09:42:25,268] {processor.py:153} INFO - Started process (PID=2342) to work on /home/airflow/.local/lib/python3.7/site-packages/airflow/example_dags/example_kubernetes_executor.py
[2024-05-23 09:42:25,269] {processor.py:641} INFO - Processing file /home/airflow/.local/lib/python3.7/site-packages/airflow/example_dags/example_kubernetes_executor.py for tasks to queue
[2024-05-23 09:42:25,269] {logging_mixin.py:115} INFO - [2024-05-23 09:42:25,269] {dagbag.py:508} INFO - Filling up the DagBag from /home/airflow/.local/lib/python3.7/site-packages/airflow/example_dags/example_kubernetes_executor.py
[2024-05-23 09:42:25,283] {processor.py:651} INFO - DAG(s) dict_keys(['example_kubernetes_executor']) retrieved from /home/airflow/.local/lib/python3.7/site-packages/airflow/example_dags/example_kubernetes_executor.py
[2024-05-23 09:42:25,301] {logging_mixin.py:115} INFO - [2024-05-23 09:42:25,301] {dag.py:2420} INFO - Sync 1 DAGs
[2024-05-23 09:42:25,313] {logging_mixin.py:115} INFO - [2024-05-23 09:42:25,313] {dag.py:2972} INFO - Setting next_dagrun for example_kubernetes_executor to None, run_after=None
[2024-05-23 09:42:25,320] {processor.py:161} INFO - Processing /home/airflow/.local/lib/python3.7/site-packages/airflow/example_dags/example_kubernetes_executor.py took 0.054 seconds
[2024-05-23 09:42:55,700] {processor.py:153} INFO - Started process (PID=2404) to work on /home/airflow/.local/lib/python3.7/site-packages/airflow/example_dags/example_kubernetes_executor.py
[2024-05-23 09:42:55,701] {processor.py:641} INFO - Processing file /home/airflow/.local/lib/python3.7/site-packages/airflow/example_dags/example_kubernetes_executor.py for tasks to queue
[2024-05-23 09:42:55,702] {logging_mixin.py:115} INFO - [2024-05-23 09:42:55,701] {dagbag.py:508} INFO - Filling up the DagBag from /home/airflow/.local/lib/python3.7/site-packages/airflow/example_dags/example_kubernetes_executor.py
[2024-05-23 09:42:55,715] {processor.py:651} INFO - DAG(s) dict_keys(['example_kubernetes_executor']) retrieved from /home/airflow/.local/lib/python3.7/site-packages/airflow/example_dags/example_kubernetes_executor.py
[2024-05-23 09:42:55,733] {logging_mixin.py:115} INFO - [2024-05-23 09:42:55,733] {dag.py:2420} INFO - Sync 1 DAGs
[2024-05-23 09:42:55,746] {logging_mixin.py:115} INFO - [2024-05-23 09:42:55,746] {dag.py:2972} INFO - Setting next_dagrun for example_kubernetes_executor to None, run_after=None
[2024-05-23 09:42:55,752] {processor.py:161} INFO - Processing /home/airflow/.local/lib/python3.7/site-packages/airflow/example_dags/example_kubernetes_executor.py took 0.054 seconds
[2024-05-23 09:43:26,178] {processor.py:153} INFO - Started process (PID=2467) to work on /home/airflow/.local/lib/python3.7/site-packages/airflow/example_dags/example_kubernetes_executor.py
[2024-05-23 09:43:26,178] {processor.py:641} INFO - Processing file /home/airflow/.local/lib/python3.7/site-packages/airflow/example_dags/example_kubernetes_executor.py for tasks to queue
[2024-05-23 09:43:26,179] {logging_mixin.py:115} INFO - [2024-05-23 09:43:26,179] {dagbag.py:508} INFO - Filling up the DagBag from /home/airflow/.local/lib/python3.7/site-packages/airflow/example_dags/example_kubernetes_executor.py
[2024-05-23 09:43:26,193] {processor.py:651} INFO - DAG(s) dict_keys(['example_kubernetes_executor']) retrieved from /home/airflow/.local/lib/python3.7/site-packages/airflow/example_dags/example_kubernetes_executor.py
[2024-05-23 09:43:26,211] {logging_mixin.py:115} INFO - [2024-05-23 09:43:26,211] {dag.py:2420} INFO - Sync 1 DAGs
[2024-05-23 09:43:26,223] {logging_mixin.py:115} INFO - [2024-05-23 09:43:26,223] {dag.py:2972} INFO - Setting next_dagrun for example_kubernetes_executor to None, run_after=None
[2024-05-23 09:43:26,231] {processor.py:161} INFO - Processing /home/airflow/.local/lib/python3.7/site-packages/airflow/example_dags/example_kubernetes_executor.py took 0.055 seconds
[2024-05-23 09:43:56,664] {processor.py:153} INFO - Started process (PID=2529) to work on /home/airflow/.local/lib/python3.7/site-packages/airflow/example_dags/example_kubernetes_executor.py
[2024-05-23 09:43:56,665] {processor.py:641} INFO - Processing file /home/airflow/.local/lib/python3.7/site-packages/airflow/example_dags/example_kubernetes_executor.py for tasks to queue
[2024-05-23 09:43:56,665] {logging_mixin.py:115} INFO - [2024-05-23 09:43:56,665] {dagbag.py:508} INFO - Filling up the DagBag from /home/airflow/.local/lib/python3.7/site-packages/airflow/example_dags/example_kubernetes_executor.py
[2024-05-23 09:43:56,678] {processor.py:651} INFO - DAG(s) dict_keys(['example_kubernetes_executor']) retrieved from /home/airflow/.local/lib/python3.7/site-packages/airflow/example_dags/example_kubernetes_executor.py
[2024-05-23 09:43:56,698] {logging_mixin.py:115} INFO - [2024-05-23 09:43:56,698] {dag.py:2420} INFO - Sync 1 DAGs
[2024-05-23 09:43:56,712] {logging_mixin.py:115} INFO - [2024-05-23 09:43:56,712] {dag.py:2972} INFO - Setting next_dagrun for example_kubernetes_executor to None, run_after=None
[2024-05-23 09:43:56,721] {processor.py:161} INFO - Processing /home/airflow/.local/lib/python3.7/site-packages/airflow/example_dags/example_kubernetes_executor.py took 0.060 seconds
[2024-05-23 09:44:27,101] {processor.py:153} INFO - Started process (PID=2591) to work on /home/airflow/.local/lib/python3.7/site-packages/airflow/example_dags/example_kubernetes_executor.py
[2024-05-23 09:44:27,102] {processor.py:641} INFO - Processing file /home/airflow/.local/lib/python3.7/site-packages/airflow/example_dags/example_kubernetes_executor.py for tasks to queue
[2024-05-23 09:44:27,103] {logging_mixin.py:115} INFO - [2024-05-23 09:44:27,103] {dagbag.py:508} INFO - Filling up the DagBag from /home/airflow/.local/lib/python3.7/site-packages/airflow/example_dags/example_kubernetes_executor.py
[2024-05-23 09:44:27,115] {processor.py:651} INFO - DAG(s) dict_keys(['example_kubernetes_executor']) retrieved from /home/airflow/.local/lib/python3.7/site-packages/airflow/example_dags/example_kubernetes_executor.py
[2024-05-23 09:44:27,134] {logging_mixin.py:115} INFO - [2024-05-23 09:44:27,134] {dag.py:2420} INFO - Sync 1 DAGs
[2024-05-23 09:44:27,145] {logging_mixin.py:115} INFO - [2024-05-23 09:44:27,145] {dag.py:2972} INFO - Setting next_dagrun for example_kubernetes_executor to None, run_after=None
[2024-05-23 09:44:27,153] {processor.py:161} INFO - Processing /home/airflow/.local/lib/python3.7/site-packages/airflow/example_dags/example_kubernetes_executor.py took 0.053 seconds
[2024-05-23 09:44:57,659] {processor.py:153} INFO - Started process (PID=2651) to work on /home/airflow/.local/lib/python3.7/site-packages/airflow/example_dags/example_kubernetes_executor.py
[2024-05-23 09:44:57,660] {processor.py:641} INFO - Processing file /home/airflow/.local/lib/python3.7/site-packages/airflow/example_dags/example_kubernetes_executor.py for tasks to queue
[2024-05-23 09:44:57,661] {logging_mixin.py:115} INFO - [2024-05-23 09:44:57,661] {dagbag.py:508} INFO - Filling up the DagBag from /home/airflow/.local/lib/python3.7/site-packages/airflow/example_dags/example_kubernetes_executor.py
[2024-05-23 09:44:57,680] {processor.py:651} INFO - DAG(s) dict_keys(['example_kubernetes_executor']) retrieved from /home/airflow/.local/lib/python3.7/site-packages/airflow/example_dags/example_kubernetes_executor.py
[2024-05-23 09:44:57,700] {logging_mixin.py:115} INFO - [2024-05-23 09:44:57,700] {dag.py:2420} INFO - Sync 1 DAGs
[2024-05-23 09:44:57,714] {logging_mixin.py:115} INFO - [2024-05-23 09:44:57,714] {dag.py:2972} INFO - Setting next_dagrun for example_kubernetes_executor to None, run_after=None
[2024-05-23 09:44:57,722] {processor.py:161} INFO - Processing /home/airflow/.local/lib/python3.7/site-packages/airflow/example_dags/example_kubernetes_executor.py took 0.067 seconds
[2024-05-23 09:45:28,200] {processor.py:153} INFO - Started process (PID=2706) to work on /home/airflow/.local/lib/python3.7/site-packages/airflow/example_dags/example_kubernetes_executor.py
[2024-05-23 09:45:28,201] {processor.py:641} INFO - Processing file /home/airflow/.local/lib/python3.7/site-packages/airflow/example_dags/example_kubernetes_executor.py for tasks to queue
[2024-05-23 09:45:28,201] {logging_mixin.py:115} INFO - [2024-05-23 09:45:28,201] {dagbag.py:508} INFO - Filling up the DagBag from /home/airflow/.local/lib/python3.7/site-packages/airflow/example_dags/example_kubernetes_executor.py
[2024-05-23 09:45:28,214] {processor.py:651} INFO - DAG(s) dict_keys(['example_kubernetes_executor']) retrieved from /home/airflow/.local/lib/python3.7/site-packages/airflow/example_dags/example_kubernetes_executor.py
[2024-05-23 09:45:28,233] {logging_mixin.py:115} INFO - [2024-05-23 09:45:28,233] {dag.py:2420} INFO - Sync 1 DAGs
[2024-05-23 09:45:28,245] {logging_mixin.py:115} INFO - [2024-05-23 09:45:28,245] {dag.py:2972} INFO - Setting next_dagrun for example_kubernetes_executor to None, run_after=None
[2024-05-23 09:45:28,252] {processor.py:161} INFO - Processing /home/airflow/.local/lib/python3.7/site-packages/airflow/example_dags/example_kubernetes_executor.py took 0.054 seconds
[2024-05-23 09:45:58,675] {processor.py:153} INFO - Started process (PID=2768) to work on /home/airflow/.local/lib/python3.7/site-packages/airflow/example_dags/example_kubernetes_executor.py
[2024-05-23 09:45:58,676] {processor.py:641} INFO - Processing file /home/airflow/.local/lib/python3.7/site-packages/airflow/example_dags/example_kubernetes_executor.py for tasks to queue
[2024-05-23 09:45:58,677] {logging_mixin.py:115} INFO - [2024-05-23 09:45:58,677] {dagbag.py:508} INFO - Filling up the DagBag from /home/airflow/.local/lib/python3.7/site-packages/airflow/example_dags/example_kubernetes_executor.py
[2024-05-23 09:45:58,690] {processor.py:651} INFO - DAG(s) dict_keys(['example_kubernetes_executor']) retrieved from /home/airflow/.local/lib/python3.7/site-packages/airflow/example_dags/example_kubernetes_executor.py
[2024-05-23 09:45:58,708] {logging_mixin.py:115} INFO - [2024-05-23 09:45:58,708] {dag.py:2420} INFO - Sync 1 DAGs
[2024-05-23 09:45:58,720] {logging_mixin.py:115} INFO - [2024-05-23 09:45:58,720] {dag.py:2972} INFO - Setting next_dagrun for example_kubernetes_executor to None, run_after=None
[2024-05-23 09:45:58,727] {processor.py:161} INFO - Processing /home/airflow/.local/lib/python3.7/site-packages/airflow/example_dags/example_kubernetes_executor.py took 0.054 seconds
[2024-05-23 09:46:29,054] {processor.py:153} INFO - Started process (PID=2830) to work on /home/airflow/.local/lib/python3.7/site-packages/airflow/example_dags/example_kubernetes_executor.py
[2024-05-23 09:46:29,055] {processor.py:641} INFO - Processing file /home/airflow/.local/lib/python3.7/site-packages/airflow/example_dags/example_kubernetes_executor.py for tasks to queue
[2024-05-23 09:46:29,056] {logging_mixin.py:115} INFO - [2024-05-23 09:46:29,056] {dagbag.py:508} INFO - Filling up the DagBag from /home/airflow/.local/lib/python3.7/site-packages/airflow/example_dags/example_kubernetes_executor.py
[2024-05-23 09:46:29,069] {processor.py:651} INFO - DAG(s) dict_keys(['example_kubernetes_executor']) retrieved from /home/airflow/.local/lib/python3.7/site-packages/airflow/example_dags/example_kubernetes_executor.py
[2024-05-23 09:46:29,087] {logging_mixin.py:115} INFO - [2024-05-23 09:46:29,087] {dag.py:2420} INFO - Sync 1 DAGs
[2024-05-23 09:46:29,098] {logging_mixin.py:115} INFO - [2024-05-23 09:46:29,098] {dag.py:2972} INFO - Setting next_dagrun for example_kubernetes_executor to None, run_after=None
[2024-05-23 09:46:29,105] {processor.py:161} INFO - Processing /home/airflow/.local/lib/python3.7/site-packages/airflow/example_dags/example_kubernetes_executor.py took 0.054 seconds
[2024-05-23 09:46:59,488] {processor.py:153} INFO - Started process (PID=2892) to work on /home/airflow/.local/lib/python3.7/site-packages/airflow/example_dags/example_kubernetes_executor.py
[2024-05-23 09:46:59,489] {processor.py:641} INFO - Processing file /home/airflow/.local/lib/python3.7/site-packages/airflow/example_dags/example_kubernetes_executor.py for tasks to queue
[2024-05-23 09:46:59,489] {logging_mixin.py:115} INFO - [2024-05-23 09:46:59,489] {dagbag.py:508} INFO - Filling up the DagBag from /home/airflow/.local/lib/python3.7/site-packages/airflow/example_dags/example_kubernetes_executor.py
[2024-05-23 09:46:59,503] {processor.py:651} INFO - DAG(s) dict_keys(['example_kubernetes_executor']) retrieved from /home/airflow/.local/lib/python3.7/site-packages/airflow/example_dags/example_kubernetes_executor.py
[2024-05-23 09:46:59,522] {logging_mixin.py:115} INFO - [2024-05-23 09:46:59,522] {dag.py:2420} INFO - Sync 1 DAGs
[2024-05-23 09:46:59,534] {logging_mixin.py:115} INFO - [2024-05-23 09:46:59,534] {dag.py:2972} INFO - Setting next_dagrun for example_kubernetes_executor to None, run_after=None
[2024-05-23 09:46:59,542] {processor.py:161} INFO - Processing /home/airflow/.local/lib/python3.7/site-packages/airflow/example_dags/example_kubernetes_executor.py took 0.056 seconds
[2024-05-23 09:47:30,185] {processor.py:153} INFO - Started process (PID=2954) to work on /home/airflow/.local/lib/python3.7/site-packages/airflow/example_dags/example_kubernetes_executor.py
[2024-05-23 09:47:30,186] {processor.py:641} INFO - Processing file /home/airflow/.local/lib/python3.7/site-packages/airflow/example_dags/example_kubernetes_executor.py for tasks to queue
[2024-05-23 09:47:30,187] {logging_mixin.py:115} INFO - [2024-05-23 09:47:30,187] {dagbag.py:508} INFO - Filling up the DagBag from /home/airflow/.local/lib/python3.7/site-packages/airflow/example_dags/example_kubernetes_executor.py
[2024-05-23 09:47:30,202] {processor.py:651} INFO - DAG(s) dict_keys(['example_kubernetes_executor']) retrieved from /home/airflow/.local/lib/python3.7/site-packages/airflow/example_dags/example_kubernetes_executor.py
[2024-05-23 09:47:30,221] {logging_mixin.py:115} INFO - [2024-05-23 09:47:30,221] {dag.py:2420} INFO - Sync 1 DAGs
[2024-05-23 09:47:30,233] {logging_mixin.py:115} INFO - [2024-05-23 09:47:30,233] {dag.py:2972} INFO - Setting next_dagrun for example_kubernetes_executor to None, run_after=None
[2024-05-23 09:47:30,241] {processor.py:161} INFO - Processing /home/airflow/.local/lib/python3.7/site-packages/airflow/example_dags/example_kubernetes_executor.py took 0.059 seconds
[2024-05-23 09:48:00,610] {processor.py:153} INFO - Started process (PID=3007) to work on /home/airflow/.local/lib/python3.7/site-packages/airflow/example_dags/example_kubernetes_executor.py
[2024-05-23 09:48:00,611] {processor.py:641} INFO - Processing file /home/airflow/.local/lib/python3.7/site-packages/airflow/example_dags/example_kubernetes_executor.py for tasks to queue
[2024-05-23 09:48:00,611] {logging_mixin.py:115} INFO - [2024-05-23 09:48:00,611] {dagbag.py:508} INFO - Filling up the DagBag from /home/airflow/.local/lib/python3.7/site-packages/airflow/example_dags/example_kubernetes_executor.py
[2024-05-23 09:48:00,624] {processor.py:651} INFO - DAG(s) dict_keys(['example_kubernetes_executor']) retrieved from /home/airflow/.local/lib/python3.7/site-packages/airflow/example_dags/example_kubernetes_executor.py
[2024-05-23 09:48:00,642] {logging_mixin.py:115} INFO - [2024-05-23 09:48:00,642] {dag.py:2420} INFO - Sync 1 DAGs
[2024-05-23 09:48:00,656] {logging_mixin.py:115} INFO - [2024-05-23 09:48:00,656] {dag.py:2972} INFO - Setting next_dagrun for example_kubernetes_executor to None, run_after=None
[2024-05-23 09:48:00,664] {processor.py:161} INFO - Processing /home/airflow/.local/lib/python3.7/site-packages/airflow/example_dags/example_kubernetes_executor.py took 0.056 seconds
[2024-05-23 09:48:31,076] {processor.py:153} INFO - Started process (PID=3069) to work on /home/airflow/.local/lib/python3.7/site-packages/airflow/example_dags/example_kubernetes_executor.py
[2024-05-23 09:48:31,077] {processor.py:641} INFO - Processing file /home/airflow/.local/lib/python3.7/site-packages/airflow/example_dags/example_kubernetes_executor.py for tasks to queue
[2024-05-23 09:48:31,077] {logging_mixin.py:115} INFO - [2024-05-23 09:48:31,077] {dagbag.py:508} INFO - Filling up the DagBag from /home/airflow/.local/lib/python3.7/site-packages/airflow/example_dags/example_kubernetes_executor.py
[2024-05-23 09:48:31,092] {processor.py:651} INFO - DAG(s) dict_keys(['example_kubernetes_executor']) retrieved from /home/airflow/.local/lib/python3.7/site-packages/airflow/example_dags/example_kubernetes_executor.py
[2024-05-23 09:48:31,109] {logging_mixin.py:115} INFO - [2024-05-23 09:48:31,109] {dag.py:2420} INFO - Sync 1 DAGs
[2024-05-23 09:48:31,122] {logging_mixin.py:115} INFO - [2024-05-23 09:48:31,122] {dag.py:2972} INFO - Setting next_dagrun for example_kubernetes_executor to None, run_after=None
[2024-05-23 09:48:31,130] {processor.py:161} INFO - Processing /home/airflow/.local/lib/python3.7/site-packages/airflow/example_dags/example_kubernetes_executor.py took 0.056 seconds
[2024-05-23 09:49:01,564] {processor.py:153} INFO - Started process (PID=3131) to work on /home/airflow/.local/lib/python3.7/site-packages/airflow/example_dags/example_kubernetes_executor.py
[2024-05-23 09:49:01,565] {processor.py:641} INFO - Processing file /home/airflow/.local/lib/python3.7/site-packages/airflow/example_dags/example_kubernetes_executor.py for tasks to queue
[2024-05-23 09:49:01,565] {logging_mixin.py:115} INFO - [2024-05-23 09:49:01,565] {dagbag.py:508} INFO - Filling up the DagBag from /home/airflow/.local/lib/python3.7/site-packages/airflow/example_dags/example_kubernetes_executor.py
[2024-05-23 09:49:01,578] {processor.py:651} INFO - DAG(s) dict_keys(['example_kubernetes_executor']) retrieved from /home/airflow/.local/lib/python3.7/site-packages/airflow/example_dags/example_kubernetes_executor.py
[2024-05-23 09:49:01,596] {logging_mixin.py:115} INFO - [2024-05-23 09:49:01,596] {dag.py:2420} INFO - Sync 1 DAGs
[2024-05-23 09:49:01,609] {logging_mixin.py:115} INFO - [2024-05-23 09:49:01,609] {dag.py:2972} INFO - Setting next_dagrun for example_kubernetes_executor to None, run_after=None
[2024-05-23 09:49:01,616] {processor.py:161} INFO - Processing /home/airflow/.local/lib/python3.7/site-packages/airflow/example_dags/example_kubernetes_executor.py took 0.054 seconds
[2024-05-23 09:49:32,150] {processor.py:153} INFO - Started process (PID=3193) to work on /home/airflow/.local/lib/python3.7/site-packages/airflow/example_dags/example_kubernetes_executor.py
[2024-05-23 09:49:32,151] {processor.py:641} INFO - Processing file /home/airflow/.local/lib/python3.7/site-packages/airflow/example_dags/example_kubernetes_executor.py for tasks to queue
[2024-05-23 09:49:32,152] {logging_mixin.py:115} INFO - [2024-05-23 09:49:32,152] {dagbag.py:508} INFO - Filling up the DagBag from /home/airflow/.local/lib/python3.7/site-packages/airflow/example_dags/example_kubernetes_executor.py
[2024-05-23 09:49:32,166] {processor.py:651} INFO - DAG(s) dict_keys(['example_kubernetes_executor']) retrieved from /home/airflow/.local/lib/python3.7/site-packages/airflow/example_dags/example_kubernetes_executor.py
[2024-05-23 09:49:32,184] {logging_mixin.py:115} INFO - [2024-05-23 09:49:32,184] {dag.py:2420} INFO - Sync 1 DAGs
[2024-05-23 09:49:32,197] {logging_mixin.py:115} INFO - [2024-05-23 09:49:32,196] {dag.py:2972} INFO - Setting next_dagrun for example_kubernetes_executor to None, run_after=None
[2024-05-23 09:49:32,206] {processor.py:161} INFO - Processing /home/airflow/.local/lib/python3.7/site-packages/airflow/example_dags/example_kubernetes_executor.py took 0.058 seconds
[2024-05-23 09:50:02,611] {processor.py:153} INFO - Started process (PID=3255) to work on /home/airflow/.local/lib/python3.7/site-packages/airflow/example_dags/example_kubernetes_executor.py
[2024-05-23 09:50:02,612] {processor.py:641} INFO - Processing file /home/airflow/.local/lib/python3.7/site-packages/airflow/example_dags/example_kubernetes_executor.py for tasks to queue
[2024-05-23 09:50:02,612] {logging_mixin.py:115} INFO - [2024-05-23 09:50:02,612] {dagbag.py:508} INFO - Filling up the DagBag from /home/airflow/.local/lib/python3.7/site-packages/airflow/example_dags/example_kubernetes_executor.py
[2024-05-23 09:50:02,626] {processor.py:651} INFO - DAG(s) dict_keys(['example_kubernetes_executor']) retrieved from /home/airflow/.local/lib/python3.7/site-packages/airflow/example_dags/example_kubernetes_executor.py
[2024-05-23 09:50:02,644] {logging_mixin.py:115} INFO - [2024-05-23 09:50:02,644] {dag.py:2420} INFO - Sync 1 DAGs
[2024-05-23 09:50:02,657] {logging_mixin.py:115} INFO - [2024-05-23 09:50:02,657] {dag.py:2972} INFO - Setting next_dagrun for example_kubernetes_executor to None, run_after=None
[2024-05-23 09:50:02,665] {processor.py:161} INFO - Processing /home/airflow/.local/lib/python3.7/site-packages/airflow/example_dags/example_kubernetes_executor.py took 0.056 seconds
[2024-05-23 09:50:33,063] {processor.py:153} INFO - Started process (PID=3317) to work on /home/airflow/.local/lib/python3.7/site-packages/airflow/example_dags/example_kubernetes_executor.py
[2024-05-23 09:50:33,064] {processor.py:641} INFO - Processing file /home/airflow/.local/lib/python3.7/site-packages/airflow/example_dags/example_kubernetes_executor.py for tasks to queue
[2024-05-23 09:50:33,065] {logging_mixin.py:115} INFO - [2024-05-23 09:50:33,065] {dagbag.py:508} INFO - Filling up the DagBag from /home/airflow/.local/lib/python3.7/site-packages/airflow/example_dags/example_kubernetes_executor.py
[2024-05-23 09:50:33,079] {processor.py:651} INFO - DAG(s) dict_keys(['example_kubernetes_executor']) retrieved from /home/airflow/.local/lib/python3.7/site-packages/airflow/example_dags/example_kubernetes_executor.py
[2024-05-23 09:50:33,097] {logging_mixin.py:115} INFO - [2024-05-23 09:50:33,097] {dag.py:2420} INFO - Sync 1 DAGs
[2024-05-23 09:50:33,110] {logging_mixin.py:115} INFO - [2024-05-23 09:50:33,110] {dag.py:2972} INFO - Setting next_dagrun for example_kubernetes_executor to None, run_after=None
[2024-05-23 09:50:33,117] {processor.py:161} INFO - Processing /home/airflow/.local/lib/python3.7/site-packages/airflow/example_dags/example_kubernetes_executor.py took 0.056 seconds
[2024-05-23 09:51:03,663] {processor.py:153} INFO - Started process (PID=3370) to work on /home/airflow/.local/lib/python3.7/site-packages/airflow/example_dags/example_kubernetes_executor.py
[2024-05-23 09:51:03,664] {processor.py:641} INFO - Processing file /home/airflow/.local/lib/python3.7/site-packages/airflow/example_dags/example_kubernetes_executor.py for tasks to queue
[2024-05-23 09:51:03,665] {logging_mixin.py:115} INFO - [2024-05-23 09:51:03,665] {dagbag.py:508} INFO - Filling up the DagBag from /home/airflow/.local/lib/python3.7/site-packages/airflow/example_dags/example_kubernetes_executor.py
[2024-05-23 09:51:03,677] {processor.py:651} INFO - DAG(s) dict_keys(['example_kubernetes_executor']) retrieved from /home/airflow/.local/lib/python3.7/site-packages/airflow/example_dags/example_kubernetes_executor.py
[2024-05-23 09:51:03,695] {logging_mixin.py:115} INFO - [2024-05-23 09:51:03,695] {dag.py:2420} INFO - Sync 1 DAGs
[2024-05-23 09:51:03,706] {logging_mixin.py:115} INFO - [2024-05-23 09:51:03,706] {dag.py:2972} INFO - Setting next_dagrun for example_kubernetes_executor to None, run_after=None
[2024-05-23 09:51:03,714] {processor.py:161} INFO - Processing /home/airflow/.local/lib/python3.7/site-packages/airflow/example_dags/example_kubernetes_executor.py took 0.053 seconds
[2024-05-23 09:51:34,018] {processor.py:153} INFO - Started process (PID=3432) to work on /home/airflow/.local/lib/python3.7/site-packages/airflow/example_dags/example_kubernetes_executor.py
[2024-05-23 09:51:34,019] {processor.py:641} INFO - Processing file /home/airflow/.local/lib/python3.7/site-packages/airflow/example_dags/example_kubernetes_executor.py for tasks to queue
[2024-05-23 09:51:34,019] {logging_mixin.py:115} INFO - [2024-05-23 09:51:34,019] {dagbag.py:508} INFO - Filling up the DagBag from /home/airflow/.local/lib/python3.7/site-packages/airflow/example_dags/example_kubernetes_executor.py
[2024-05-23 09:51:34,033] {processor.py:651} INFO - DAG(s) dict_keys(['example_kubernetes_executor']) retrieved from /home/airflow/.local/lib/python3.7/site-packages/airflow/example_dags/example_kubernetes_executor.py
[2024-05-23 09:51:34,052] {logging_mixin.py:115} INFO - [2024-05-23 09:51:34,052] {dag.py:2420} INFO - Sync 1 DAGs
[2024-05-23 09:51:34,064] {logging_mixin.py:115} INFO - [2024-05-23 09:51:34,063] {dag.py:2972} INFO - Setting next_dagrun for example_kubernetes_executor to None, run_after=None
[2024-05-23 09:51:34,070] {processor.py:161} INFO - Processing /home/airflow/.local/lib/python3.7/site-packages/airflow/example_dags/example_kubernetes_executor.py took 0.054 seconds
[2024-05-23 09:52:04,440] {processor.py:153} INFO - Started process (PID=3494) to work on /home/airflow/.local/lib/python3.7/site-packages/airflow/example_dags/example_kubernetes_executor.py
[2024-05-23 09:52:04,442] {processor.py:641} INFO - Processing file /home/airflow/.local/lib/python3.7/site-packages/airflow/example_dags/example_kubernetes_executor.py for tasks to queue
[2024-05-23 09:52:04,443] {logging_mixin.py:115} INFO - [2024-05-23 09:52:04,443] {dagbag.py:508} INFO - Filling up the DagBag from /home/airflow/.local/lib/python3.7/site-packages/airflow/example_dags/example_kubernetes_executor.py
[2024-05-23 09:52:04,458] {processor.py:651} INFO - DAG(s) dict_keys(['example_kubernetes_executor']) retrieved from /home/airflow/.local/lib/python3.7/site-packages/airflow/example_dags/example_kubernetes_executor.py
[2024-05-23 09:52:04,475] {logging_mixin.py:115} INFO - [2024-05-23 09:52:04,475] {dag.py:2420} INFO - Sync 1 DAGs
[2024-05-23 09:52:04,486] {logging_mixin.py:115} INFO - [2024-05-23 09:52:04,486] {dag.py:2972} INFO - Setting next_dagrun for example_kubernetes_executor to None, run_after=None
[2024-05-23 09:52:04,493] {processor.py:161} INFO - Processing /home/airflow/.local/lib/python3.7/site-packages/airflow/example_dags/example_kubernetes_executor.py took 0.055 seconds
[2024-05-23 09:52:34,999] {processor.py:153} INFO - Started process (PID=3556) to work on /home/airflow/.local/lib/python3.7/site-packages/airflow/example_dags/example_kubernetes_executor.py
[2024-05-23 09:52:35,000] {processor.py:641} INFO - Processing file /home/airflow/.local/lib/python3.7/site-packages/airflow/example_dags/example_kubernetes_executor.py for tasks to queue
[2024-05-23 09:52:35,000] {logging_mixin.py:115} INFO - [2024-05-23 09:52:35,000] {dagbag.py:508} INFO - Filling up the DagBag from /home/airflow/.local/lib/python3.7/site-packages/airflow/example_dags/example_kubernetes_executor.py
[2024-05-23 09:52:35,016] {processor.py:651} INFO - DAG(s) dict_keys(['example_kubernetes_executor']) retrieved from /home/airflow/.local/lib/python3.7/site-packages/airflow/example_dags/example_kubernetes_executor.py
[2024-05-23 09:52:35,034] {logging_mixin.py:115} INFO - [2024-05-23 09:52:35,034] {dag.py:2420} INFO - Sync 1 DAGs
[2024-05-23 09:52:35,046] {logging_mixin.py:115} INFO - [2024-05-23 09:52:35,046] {dag.py:2972} INFO - Setting next_dagrun for example_kubernetes_executor to None, run_after=None
[2024-05-23 09:52:35,053] {processor.py:161} INFO - Processing /home/airflow/.local/lib/python3.7/site-packages/airflow/example_dags/example_kubernetes_executor.py took 0.056 seconds
[2024-05-23 09:53:05,440] {processor.py:153} INFO - Started process (PID=3618) to work on /home/airflow/.local/lib/python3.7/site-packages/airflow/example_dags/example_kubernetes_executor.py
[2024-05-23 09:53:05,441] {processor.py:641} INFO - Processing file /home/airflow/.local/lib/python3.7/site-packages/airflow/example_dags/example_kubernetes_executor.py for tasks to queue
[2024-05-23 09:53:05,442] {logging_mixin.py:115} INFO - [2024-05-23 09:53:05,442] {dagbag.py:508} INFO - Filling up the DagBag from /home/airflow/.local/lib/python3.7/site-packages/airflow/example_dags/example_kubernetes_executor.py
[2024-05-23 09:53:05,461] {processor.py:651} INFO - DAG(s) dict_keys(['example_kubernetes_executor']) retrieved from /home/airflow/.local/lib/python3.7/site-packages/airflow/example_dags/example_kubernetes_executor.py
[2024-05-23 09:53:05,486] {logging_mixin.py:115} INFO - [2024-05-23 09:53:05,486] {dag.py:2420} INFO - Sync 1 DAGs
[2024-05-23 09:53:05,499] {logging_mixin.py:115} INFO - [2024-05-23 09:53:05,499] {dag.py:2972} INFO - Setting next_dagrun for example_kubernetes_executor to None, run_after=None
[2024-05-23 09:53:05,507] {processor.py:161} INFO - Processing /home/airflow/.local/lib/python3.7/site-packages/airflow/example_dags/example_kubernetes_executor.py took 0.069 seconds
[2024-05-23 09:53:35,995] {processor.py:153} INFO - Started process (PID=3680) to work on /home/airflow/.local/lib/python3.7/site-packages/airflow/example_dags/example_kubernetes_executor.py
[2024-05-23 09:53:35,996] {processor.py:641} INFO - Processing file /home/airflow/.local/lib/python3.7/site-packages/airflow/example_dags/example_kubernetes_executor.py for tasks to queue
[2024-05-23 09:53:35,997] {logging_mixin.py:115} INFO - [2024-05-23 09:53:35,997] {dagbag.py:508} INFO - Filling up the DagBag from /home/airflow/.local/lib/python3.7/site-packages/airflow/example_dags/example_kubernetes_executor.py
[2024-05-23 09:53:36,010] {processor.py:651} INFO - DAG(s) dict_keys(['example_kubernetes_executor']) retrieved from /home/airflow/.local/lib/python3.7/site-packages/airflow/example_dags/example_kubernetes_executor.py
[2024-05-23 09:53:36,030] {logging_mixin.py:115} INFO - [2024-05-23 09:53:36,029] {dag.py:2420} INFO - Sync 1 DAGs
[2024-05-23 09:53:36,047] {logging_mixin.py:115} INFO - [2024-05-23 09:53:36,047] {dag.py:2972} INFO - Setting next_dagrun for example_kubernetes_executor to None, run_after=None
[2024-05-23 09:53:36,059] {processor.py:161} INFO - Processing /home/airflow/.local/lib/python3.7/site-packages/airflow/example_dags/example_kubernetes_executor.py took 0.068 seconds
[2024-05-23 09:54:06,585] {processor.py:153} INFO - Started process (PID=3733) to work on /home/airflow/.local/lib/python3.7/site-packages/airflow/example_dags/example_kubernetes_executor.py
[2024-05-23 09:54:06,586] {processor.py:641} INFO - Processing file /home/airflow/.local/lib/python3.7/site-packages/airflow/example_dags/example_kubernetes_executor.py for tasks to queue
[2024-05-23 09:54:06,587] {logging_mixin.py:115} INFO - [2024-05-23 09:54:06,587] {dagbag.py:508} INFO - Filling up the DagBag from /home/airflow/.local/lib/python3.7/site-packages/airflow/example_dags/example_kubernetes_executor.py
[2024-05-23 09:54:06,601] {processor.py:651} INFO - DAG(s) dict_keys(['example_kubernetes_executor']) retrieved from /home/airflow/.local/lib/python3.7/site-packages/airflow/example_dags/example_kubernetes_executor.py
[2024-05-23 09:54:06,619] {logging_mixin.py:115} INFO - [2024-05-23 09:54:06,619] {dag.py:2420} INFO - Sync 1 DAGs
[2024-05-23 09:54:06,631] {logging_mixin.py:115} INFO - [2024-05-23 09:54:06,630] {dag.py:2972} INFO - Setting next_dagrun for example_kubernetes_executor to None, run_after=None
[2024-05-23 09:54:06,637] {processor.py:161} INFO - Processing /home/airflow/.local/lib/python3.7/site-packages/airflow/example_dags/example_kubernetes_executor.py took 0.054 seconds
[2024-05-23 09:54:37,084] {processor.py:153} INFO - Started process (PID=3795) to work on /home/airflow/.local/lib/python3.7/site-packages/airflow/example_dags/example_kubernetes_executor.py
[2024-05-23 09:54:37,085] {processor.py:641} INFO - Processing file /home/airflow/.local/lib/python3.7/site-packages/airflow/example_dags/example_kubernetes_executor.py for tasks to queue
[2024-05-23 09:54:37,086] {logging_mixin.py:115} INFO - [2024-05-23 09:54:37,086] {dagbag.py:508} INFO - Filling up the DagBag from /home/airflow/.local/lib/python3.7/site-packages/airflow/example_dags/example_kubernetes_executor.py
[2024-05-23 09:54:37,099] {processor.py:651} INFO - DAG(s) dict_keys(['example_kubernetes_executor']) retrieved from /home/airflow/.local/lib/python3.7/site-packages/airflow/example_dags/example_kubernetes_executor.py
[2024-05-23 09:54:37,118] {logging_mixin.py:115} INFO - [2024-05-23 09:54:37,118] {dag.py:2420} INFO - Sync 1 DAGs
[2024-05-23 09:54:37,131] {logging_mixin.py:115} INFO - [2024-05-23 09:54:37,131] {dag.py:2972} INFO - Setting next_dagrun for example_kubernetes_executor to None, run_after=None
[2024-05-23 09:54:37,138] {processor.py:161} INFO - Processing /home/airflow/.local/lib/python3.7/site-packages/airflow/example_dags/example_kubernetes_executor.py took 0.056 seconds
[2024-05-23 09:55:07,488] {processor.py:153} INFO - Started process (PID=3857) to work on /home/airflow/.local/lib/python3.7/site-packages/airflow/example_dags/example_kubernetes_executor.py
[2024-05-23 09:55:07,489] {processor.py:641} INFO - Processing file /home/airflow/.local/lib/python3.7/site-packages/airflow/example_dags/example_kubernetes_executor.py for tasks to queue
[2024-05-23 09:55:07,490] {logging_mixin.py:115} INFO - [2024-05-23 09:55:07,490] {dagbag.py:508} INFO - Filling up the DagBag from /home/airflow/.local/lib/python3.7/site-packages/airflow/example_dags/example_kubernetes_executor.py
[2024-05-23 09:55:07,503] {processor.py:651} INFO - DAG(s) dict_keys(['example_kubernetes_executor']) retrieved from /home/airflow/.local/lib/python3.7/site-packages/airflow/example_dags/example_kubernetes_executor.py
[2024-05-23 09:55:07,520] {logging_mixin.py:115} INFO - [2024-05-23 09:55:07,520] {dag.py:2420} INFO - Sync 1 DAGs
[2024-05-23 09:55:07,533] {logging_mixin.py:115} INFO - [2024-05-23 09:55:07,533] {dag.py:2972} INFO - Setting next_dagrun for example_kubernetes_executor to None, run_after=None
[2024-05-23 09:55:07,540] {processor.py:161} INFO - Processing /home/airflow/.local/lib/python3.7/site-packages/airflow/example_dags/example_kubernetes_executor.py took 0.053 seconds
[2024-05-23 09:55:37,900] {processor.py:153} INFO - Started process (PID=3919) to work on /home/airflow/.local/lib/python3.7/site-packages/airflow/example_dags/example_kubernetes_executor.py
[2024-05-23 09:55:37,901] {processor.py:641} INFO - Processing file /home/airflow/.local/lib/python3.7/site-packages/airflow/example_dags/example_kubernetes_executor.py for tasks to queue
[2024-05-23 09:55:37,901] {logging_mixin.py:115} INFO - [2024-05-23 09:55:37,901] {dagbag.py:508} INFO - Filling up the DagBag from /home/airflow/.local/lib/python3.7/site-packages/airflow/example_dags/example_kubernetes_executor.py
[2024-05-23 09:55:37,915] {processor.py:651} INFO - DAG(s) dict_keys(['example_kubernetes_executor']) retrieved from /home/airflow/.local/lib/python3.7/site-packages/airflow/example_dags/example_kubernetes_executor.py
[2024-05-23 09:55:37,932] {logging_mixin.py:115} INFO - [2024-05-23 09:55:37,932] {dag.py:2420} INFO - Sync 1 DAGs
[2024-05-23 09:55:37,946] {logging_mixin.py:115} INFO - [2024-05-23 09:55:37,946] {dag.py:2972} INFO - Setting next_dagrun for example_kubernetes_executor to None, run_after=None
[2024-05-23 09:55:37,953] {processor.py:161} INFO - Processing /home/airflow/.local/lib/python3.7/site-packages/airflow/example_dags/example_kubernetes_executor.py took 0.055 seconds
[2024-05-23 09:56:08,402] {processor.py:153} INFO - Started process (PID=3981) to work on /home/airflow/.local/lib/python3.7/site-packages/airflow/example_dags/example_kubernetes_executor.py
[2024-05-23 09:56:08,403] {processor.py:641} INFO - Processing file /home/airflow/.local/lib/python3.7/site-packages/airflow/example_dags/example_kubernetes_executor.py for tasks to queue
[2024-05-23 09:56:08,404] {logging_mixin.py:115} INFO - [2024-05-23 09:56:08,404] {dagbag.py:508} INFO - Filling up the DagBag from /home/airflow/.local/lib/python3.7/site-packages/airflow/example_dags/example_kubernetes_executor.py
[2024-05-23 09:56:08,416] {processor.py:651} INFO - DAG(s) dict_keys(['example_kubernetes_executor']) retrieved from /home/airflow/.local/lib/python3.7/site-packages/airflow/example_dags/example_kubernetes_executor.py
[2024-05-23 09:56:08,435] {logging_mixin.py:115} INFO - [2024-05-23 09:56:08,435] {dag.py:2420} INFO - Sync 1 DAGs
[2024-05-23 09:56:08,448] {logging_mixin.py:115} INFO - [2024-05-23 09:56:08,448] {dag.py:2972} INFO - Setting next_dagrun for example_kubernetes_executor to None, run_after=None
[2024-05-23 09:56:08,455] {processor.py:161} INFO - Processing /home/airflow/.local/lib/python3.7/site-packages/airflow/example_dags/example_kubernetes_executor.py took 0.055 seconds
[2024-05-23 09:56:38,900] {processor.py:153} INFO - Started process (PID=4034) to work on /home/airflow/.local/lib/python3.7/site-packages/airflow/example_dags/example_kubernetes_executor.py
[2024-05-23 09:56:38,901] {processor.py:641} INFO - Processing file /home/airflow/.local/lib/python3.7/site-packages/airflow/example_dags/example_kubernetes_executor.py for tasks to queue
[2024-05-23 09:56:38,902] {logging_mixin.py:115} INFO - [2024-05-23 09:56:38,902] {dagbag.py:508} INFO - Filling up the DagBag from /home/airflow/.local/lib/python3.7/site-packages/airflow/example_dags/example_kubernetes_executor.py
[2024-05-23 09:56:38,916] {processor.py:651} INFO - DAG(s) dict_keys(['example_kubernetes_executor']) retrieved from /home/airflow/.local/lib/python3.7/site-packages/airflow/example_dags/example_kubernetes_executor.py
[2024-05-23 09:56:38,936] {logging_mixin.py:115} INFO - [2024-05-23 09:56:38,936] {dag.py:2420} INFO - Sync 1 DAGs
[2024-05-23 09:56:38,949] {logging_mixin.py:115} INFO - [2024-05-23 09:56:38,949] {dag.py:2972} INFO - Setting next_dagrun for example_kubernetes_executor to None, run_after=None
[2024-05-23 09:56:38,957] {processor.py:161} INFO - Processing /home/airflow/.local/lib/python3.7/site-packages/airflow/example_dags/example_kubernetes_executor.py took 0.059 seconds
[2024-05-23 09:57:09,321] {processor.py:153} INFO - Started process (PID=4096) to work on /home/airflow/.local/lib/python3.7/site-packages/airflow/example_dags/example_kubernetes_executor.py
[2024-05-23 09:57:09,321] {processor.py:641} INFO - Processing file /home/airflow/.local/lib/python3.7/site-packages/airflow/example_dags/example_kubernetes_executor.py for tasks to queue
[2024-05-23 09:57:09,322] {logging_mixin.py:115} INFO - [2024-05-23 09:57:09,322] {dagbag.py:508} INFO - Filling up the DagBag from /home/airflow/.local/lib/python3.7/site-packages/airflow/example_dags/example_kubernetes_executor.py
[2024-05-23 09:57:09,335] {processor.py:651} INFO - DAG(s) dict_keys(['example_kubernetes_executor']) retrieved from /home/airflow/.local/lib/python3.7/site-packages/airflow/example_dags/example_kubernetes_executor.py
[2024-05-23 09:57:09,352] {logging_mixin.py:115} INFO - [2024-05-23 09:57:09,352] {dag.py:2420} INFO - Sync 1 DAGs
[2024-05-23 09:57:09,364] {logging_mixin.py:115} INFO - [2024-05-23 09:57:09,364] {dag.py:2972} INFO - Setting next_dagrun for example_kubernetes_executor to None, run_after=None
[2024-05-23 09:57:09,372] {processor.py:161} INFO - Processing /home/airflow/.local/lib/python3.7/site-packages/airflow/example_dags/example_kubernetes_executor.py took 0.053 seconds
[2024-05-23 09:57:39,767] {processor.py:153} INFO - Started process (PID=4158) to work on /home/airflow/.local/lib/python3.7/site-packages/airflow/example_dags/example_kubernetes_executor.py
[2024-05-23 09:57:39,768] {processor.py:641} INFO - Processing file /home/airflow/.local/lib/python3.7/site-packages/airflow/example_dags/example_kubernetes_executor.py for tasks to queue
[2024-05-23 09:57:39,768] {logging_mixin.py:115} INFO - [2024-05-23 09:57:39,768] {dagbag.py:508} INFO - Filling up the DagBag from /home/airflow/.local/lib/python3.7/site-packages/airflow/example_dags/example_kubernetes_executor.py
[2024-05-23 09:57:39,786] {processor.py:651} INFO - DAG(s) dict_keys(['example_kubernetes_executor']) retrieved from /home/airflow/.local/lib/python3.7/site-packages/airflow/example_dags/example_kubernetes_executor.py
[2024-05-23 09:57:39,809] {logging_mixin.py:115} INFO - [2024-05-23 09:57:39,809] {dag.py:2420} INFO - Sync 1 DAGs
[2024-05-23 09:57:39,823] {logging_mixin.py:115} INFO - [2024-05-23 09:57:39,823] {dag.py:2972} INFO - Setting next_dagrun for example_kubernetes_executor to None, run_after=None
[2024-05-23 09:57:39,830] {processor.py:161} INFO - Processing /home/airflow/.local/lib/python3.7/site-packages/airflow/example_dags/example_kubernetes_executor.py took 0.065 seconds
[2024-05-23 09:58:10,321] {processor.py:153} INFO - Started process (PID=4220) to work on /home/airflow/.local/lib/python3.7/site-packages/airflow/example_dags/example_kubernetes_executor.py
[2024-05-23 09:58:10,321] {processor.py:641} INFO - Processing file /home/airflow/.local/lib/python3.7/site-packages/airflow/example_dags/example_kubernetes_executor.py for tasks to queue
[2024-05-23 09:58:10,322] {logging_mixin.py:115} INFO - [2024-05-23 09:58:10,322] {dagbag.py:508} INFO - Filling up the DagBag from /home/airflow/.local/lib/python3.7/site-packages/airflow/example_dags/example_kubernetes_executor.py
[2024-05-23 09:58:10,336] {processor.py:651} INFO - DAG(s) dict_keys(['example_kubernetes_executor']) retrieved from /home/airflow/.local/lib/python3.7/site-packages/airflow/example_dags/example_kubernetes_executor.py
[2024-05-23 09:58:10,353] {logging_mixin.py:115} INFO - [2024-05-23 09:58:10,353] {dag.py:2420} INFO - Sync 1 DAGs
[2024-05-23 09:58:10,366] {logging_mixin.py:115} INFO - [2024-05-23 09:58:10,366] {dag.py:2972} INFO - Setting next_dagrun for example_kubernetes_executor to None, run_after=None
[2024-05-23 09:58:10,373] {processor.py:161} INFO - Processing /home/airflow/.local/lib/python3.7/site-packages/airflow/example_dags/example_kubernetes_executor.py took 0.054 seconds
[2024-05-23 09:58:40,735] {processor.py:153} INFO - Started process (PID=4282) to work on /home/airflow/.local/lib/python3.7/site-packages/airflow/example_dags/example_kubernetes_executor.py
[2024-05-23 09:58:40,736] {processor.py:641} INFO - Processing file /home/airflow/.local/lib/python3.7/site-packages/airflow/example_dags/example_kubernetes_executor.py for tasks to queue
[2024-05-23 09:58:40,737] {logging_mixin.py:115} INFO - [2024-05-23 09:58:40,737] {dagbag.py:508} INFO - Filling up the DagBag from /home/airflow/.local/lib/python3.7/site-packages/airflow/example_dags/example_kubernetes_executor.py
[2024-05-23 09:58:40,750] {processor.py:651} INFO - DAG(s) dict_keys(['example_kubernetes_executor']) retrieved from /home/airflow/.local/lib/python3.7/site-packages/airflow/example_dags/example_kubernetes_executor.py
[2024-05-23 09:58:40,768] {logging_mixin.py:115} INFO - [2024-05-23 09:58:40,768] {dag.py:2420} INFO - Sync 1 DAGs
[2024-05-23 09:58:40,780] {logging_mixin.py:115} INFO - [2024-05-23 09:58:40,780] {dag.py:2972} INFO - Setting next_dagrun for example_kubernetes_executor to None, run_after=None
[2024-05-23 09:58:40,787] {processor.py:161} INFO - Processing /home/airflow/.local/lib/python3.7/site-packages/airflow/example_dags/example_kubernetes_executor.py took 0.054 seconds
[2024-05-23 09:59:11,209] {processor.py:153} INFO - Started process (PID=4344) to work on /home/airflow/.local/lib/python3.7/site-packages/airflow/example_dags/example_kubernetes_executor.py
[2024-05-23 09:59:11,210] {processor.py:641} INFO - Processing file /home/airflow/.local/lib/python3.7/site-packages/airflow/example_dags/example_kubernetes_executor.py for tasks to queue
[2024-05-23 09:59:11,211] {logging_mixin.py:115} INFO - [2024-05-23 09:59:11,211] {dagbag.py:508} INFO - Filling up the DagBag from /home/airflow/.local/lib/python3.7/site-packages/airflow/example_dags/example_kubernetes_executor.py
[2024-05-23 09:59:11,223] {processor.py:651} INFO - DAG(s) dict_keys(['example_kubernetes_executor']) retrieved from /home/airflow/.local/lib/python3.7/site-packages/airflow/example_dags/example_kubernetes_executor.py
[2024-05-23 09:59:11,242] {logging_mixin.py:115} INFO - [2024-05-23 09:59:11,241] {dag.py:2420} INFO - Sync 1 DAGs
[2024-05-23 09:59:11,255] {logging_mixin.py:115} INFO - [2024-05-23 09:59:11,255] {dag.py:2972} INFO - Setting next_dagrun for example_kubernetes_executor to None, run_after=None
[2024-05-23 09:59:11,262] {processor.py:161} INFO - Processing /home/airflow/.local/lib/python3.7/site-packages/airflow/example_dags/example_kubernetes_executor.py took 0.055 seconds
[2024-05-23 09:59:41,721] {processor.py:153} INFO - Started process (PID=4397) to work on /home/airflow/.local/lib/python3.7/site-packages/airflow/example_dags/example_kubernetes_executor.py
[2024-05-23 09:59:41,722] {processor.py:641} INFO - Processing file /home/airflow/.local/lib/python3.7/site-packages/airflow/example_dags/example_kubernetes_executor.py for tasks to queue
[2024-05-23 09:59:41,723] {logging_mixin.py:115} INFO - [2024-05-23 09:59:41,723] {dagbag.py:508} INFO - Filling up the DagBag from /home/airflow/.local/lib/python3.7/site-packages/airflow/example_dags/example_kubernetes_executor.py
[2024-05-23 09:59:41,736] {processor.py:651} INFO - DAG(s) dict_keys(['example_kubernetes_executor']) retrieved from /home/airflow/.local/lib/python3.7/site-packages/airflow/example_dags/example_kubernetes_executor.py
[2024-05-23 09:59:41,755] {logging_mixin.py:115} INFO - [2024-05-23 09:59:41,754] {dag.py:2420} INFO - Sync 1 DAGs
[2024-05-23 09:59:41,767] {logging_mixin.py:115} INFO - [2024-05-23 09:59:41,767] {dag.py:2972} INFO - Setting next_dagrun for example_kubernetes_executor to None, run_after=None
[2024-05-23 09:59:41,773] {processor.py:161} INFO - Processing /home/airflow/.local/lib/python3.7/site-packages/airflow/example_dags/example_kubernetes_executor.py took 0.054 seconds
[2024-05-23 10:00:12,104] {processor.py:153} INFO - Started process (PID=4459) to work on /home/airflow/.local/lib/python3.7/site-packages/airflow/example_dags/example_kubernetes_executor.py
[2024-05-23 10:00:12,105] {processor.py:641} INFO - Processing file /home/airflow/.local/lib/python3.7/site-packages/airflow/example_dags/example_kubernetes_executor.py for tasks to queue
[2024-05-23 10:00:12,106] {logging_mixin.py:115} INFO - [2024-05-23 10:00:12,106] {dagbag.py:508} INFO - Filling up the DagBag from /home/airflow/.local/lib/python3.7/site-packages/airflow/example_dags/example_kubernetes_executor.py
[2024-05-23 10:00:12,119] {processor.py:651} INFO - DAG(s) dict_keys(['example_kubernetes_executor']) retrieved from /home/airflow/.local/lib/python3.7/site-packages/airflow/example_dags/example_kubernetes_executor.py
[2024-05-23 10:00:12,139] {logging_mixin.py:115} INFO - [2024-05-23 10:00:12,139] {dag.py:2420} INFO - Sync 1 DAGs
[2024-05-23 10:00:12,153] {logging_mixin.py:115} INFO - [2024-05-23 10:00:12,153] {dag.py:2972} INFO - Setting next_dagrun for example_kubernetes_executor to None, run_after=None
[2024-05-23 10:00:12,160] {processor.py:161} INFO - Processing /home/airflow/.local/lib/python3.7/site-packages/airflow/example_dags/example_kubernetes_executor.py took 0.058 seconds
