[2024-05-23 09:23:07,905] {processor.py:153} INFO - Started process (PID=55) to work on /home/airflow/.local/lib/python3.7/site-packages/airflow/example_dags/example_bash_operator.py
[2024-05-23 09:23:07,907] {processor.py:641} INFO - Processing file /home/airflow/.local/lib/python3.7/site-packages/airflow/example_dags/example_bash_operator.py for tasks to queue
[2024-05-23 09:23:07,908] {logging_mixin.py:115} INFO - [2024-05-23 09:23:07,908] {dagbag.py:508} INFO - Filling up the DagBag from /home/airflow/.local/lib/python3.7/site-packages/airflow/example_dags/example_bash_operator.py
[2024-05-23 09:23:07,919] {processor.py:651} INFO - DAG(s) dict_keys(['example_bash_operator']) retrieved from /home/airflow/.local/lib/python3.7/site-packages/airflow/example_dags/example_bash_operator.py
[2024-05-23 09:23:07,990] {logging_mixin.py:115} INFO - [2024-05-23 09:23:07,990] {manager.py:508} INFO - Created Permission View: can edit on DAG:example_bash_operator
[2024-05-23 09:23:07,997] {logging_mixin.py:115} INFO - [2024-05-23 09:23:07,997] {manager.py:508} INFO - Created Permission View: can read on DAG:example_bash_operator
[2024-05-23 09:23:08,002] {logging_mixin.py:115} INFO - [2024-05-23 09:23:08,002] {manager.py:508} INFO - Created Permission View: can delete on DAG:example_bash_operator
[2024-05-23 09:23:08,003] {logging_mixin.py:115} INFO - [2024-05-23 09:23:08,003] {dag.py:2420} INFO - Sync 1 DAGs
[2024-05-23 09:23:08,009] {logging_mixin.py:115} INFO - [2024-05-23 09:23:08,009] {dag.py:2439} INFO - Creating ORM DAG for example_bash_operator
[2024-05-23 09:23:08,019] {logging_mixin.py:115} INFO - [2024-05-23 09:23:08,019] {dag.py:2972} INFO - Setting next_dagrun for example_bash_operator to 2024-05-22T00:00:00+00:00, run_after=2024-05-23T00:00:00+00:00
[2024-05-23 09:23:08,035] {processor.py:161} INFO - Processing /home/airflow/.local/lib/python3.7/site-packages/airflow/example_dags/example_bash_operator.py took 0.133 seconds
[2024-05-23 09:23:38,232] {processor.py:153} INFO - Started process (PID=116) to work on /home/airflow/.local/lib/python3.7/site-packages/airflow/example_dags/example_bash_operator.py
[2024-05-23 09:23:38,233] {processor.py:641} INFO - Processing file /home/airflow/.local/lib/python3.7/site-packages/airflow/example_dags/example_bash_operator.py for tasks to queue
[2024-05-23 09:23:38,233] {logging_mixin.py:115} INFO - [2024-05-23 09:23:38,233] {dagbag.py:508} INFO - Filling up the DagBag from /home/airflow/.local/lib/python3.7/site-packages/airflow/example_dags/example_bash_operator.py
[2024-05-23 09:23:38,241] {processor.py:651} INFO - DAG(s) dict_keys(['example_bash_operator']) retrieved from /home/airflow/.local/lib/python3.7/site-packages/airflow/example_dags/example_bash_operator.py
[2024-05-23 09:23:38,260] {logging_mixin.py:115} INFO - [2024-05-23 09:23:38,260] {dag.py:2420} INFO - Sync 1 DAGs
[2024-05-23 09:23:38,274] {logging_mixin.py:115} INFO - [2024-05-23 09:23:38,274] {dag.py:2972} INFO - Setting next_dagrun for example_bash_operator to 2024-05-22T00:00:00+00:00, run_after=2024-05-23T00:00:00+00:00
[2024-05-23 09:23:38,281] {processor.py:161} INFO - Processing /home/airflow/.local/lib/python3.7/site-packages/airflow/example_dags/example_bash_operator.py took 0.051 seconds
[2024-05-23 09:24:08,688] {processor.py:153} INFO - Started process (PID=177) to work on /home/airflow/.local/lib/python3.7/site-packages/airflow/example_dags/example_bash_operator.py
[2024-05-23 09:24:08,689] {processor.py:641} INFO - Processing file /home/airflow/.local/lib/python3.7/site-packages/airflow/example_dags/example_bash_operator.py for tasks to queue
[2024-05-23 09:24:08,690] {logging_mixin.py:115} INFO - [2024-05-23 09:24:08,690] {dagbag.py:508} INFO - Filling up the DagBag from /home/airflow/.local/lib/python3.7/site-packages/airflow/example_dags/example_bash_operator.py
[2024-05-23 09:24:08,696] {processor.py:651} INFO - DAG(s) dict_keys(['example_bash_operator']) retrieved from /home/airflow/.local/lib/python3.7/site-packages/airflow/example_dags/example_bash_operator.py
[2024-05-23 09:24:08,715] {logging_mixin.py:115} INFO - [2024-05-23 09:24:08,715] {dag.py:2420} INFO - Sync 1 DAGs
[2024-05-23 09:24:08,728] {logging_mixin.py:115} INFO - [2024-05-23 09:24:08,728] {dag.py:2972} INFO - Setting next_dagrun for example_bash_operator to 2024-05-22T00:00:00+00:00, run_after=2024-05-23T00:00:00+00:00
[2024-05-23 09:24:08,736] {processor.py:161} INFO - Processing /home/airflow/.local/lib/python3.7/site-packages/airflow/example_dags/example_bash_operator.py took 0.049 seconds
[2024-05-23 09:24:39,132] {processor.py:153} INFO - Started process (PID=238) to work on /home/airflow/.local/lib/python3.7/site-packages/airflow/example_dags/example_bash_operator.py
[2024-05-23 09:24:39,133] {processor.py:641} INFO - Processing file /home/airflow/.local/lib/python3.7/site-packages/airflow/example_dags/example_bash_operator.py for tasks to queue
[2024-05-23 09:24:39,133] {logging_mixin.py:115} INFO - [2024-05-23 09:24:39,133] {dagbag.py:508} INFO - Filling up the DagBag from /home/airflow/.local/lib/python3.7/site-packages/airflow/example_dags/example_bash_operator.py
[2024-05-23 09:24:39,140] {processor.py:651} INFO - DAG(s) dict_keys(['example_bash_operator']) retrieved from /home/airflow/.local/lib/python3.7/site-packages/airflow/example_dags/example_bash_operator.py
[2024-05-23 09:24:39,158] {logging_mixin.py:115} INFO - [2024-05-23 09:24:39,158] {dag.py:2420} INFO - Sync 1 DAGs
[2024-05-23 09:24:39,171] {logging_mixin.py:115} INFO - [2024-05-23 09:24:39,171] {dag.py:2972} INFO - Setting next_dagrun for example_bash_operator to 2024-05-22T00:00:00+00:00, run_after=2024-05-23T00:00:00+00:00
[2024-05-23 09:24:39,179] {processor.py:161} INFO - Processing /home/airflow/.local/lib/python3.7/site-packages/airflow/example_dags/example_bash_operator.py took 0.049 seconds
[2024-05-23 09:25:09,662] {processor.py:153} INFO - Started process (PID=299) to work on /home/airflow/.local/lib/python3.7/site-packages/airflow/example_dags/example_bash_operator.py
[2024-05-23 09:25:09,663] {processor.py:641} INFO - Processing file /home/airflow/.local/lib/python3.7/site-packages/airflow/example_dags/example_bash_operator.py for tasks to queue
[2024-05-23 09:25:09,664] {logging_mixin.py:115} INFO - [2024-05-23 09:25:09,664] {dagbag.py:508} INFO - Filling up the DagBag from /home/airflow/.local/lib/python3.7/site-packages/airflow/example_dags/example_bash_operator.py
[2024-05-23 09:25:09,671] {processor.py:651} INFO - DAG(s) dict_keys(['example_bash_operator']) retrieved from /home/airflow/.local/lib/python3.7/site-packages/airflow/example_dags/example_bash_operator.py
[2024-05-23 09:25:09,690] {logging_mixin.py:115} INFO - [2024-05-23 09:25:09,690] {dag.py:2420} INFO - Sync 1 DAGs
[2024-05-23 09:25:09,702] {logging_mixin.py:115} INFO - [2024-05-23 09:25:09,702] {dag.py:2972} INFO - Setting next_dagrun for example_bash_operator to 2024-05-22T00:00:00+00:00, run_after=2024-05-23T00:00:00+00:00
[2024-05-23 09:25:09,710] {processor.py:161} INFO - Processing /home/airflow/.local/lib/python3.7/site-packages/airflow/example_dags/example_bash_operator.py took 0.051 seconds
[2024-05-23 09:25:40,109] {processor.py:153} INFO - Started process (PID=351) to work on /home/airflow/.local/lib/python3.7/site-packages/airflow/example_dags/example_bash_operator.py
[2024-05-23 09:25:40,110] {processor.py:641} INFO - Processing file /home/airflow/.local/lib/python3.7/site-packages/airflow/example_dags/example_bash_operator.py for tasks to queue
[2024-05-23 09:25:40,110] {logging_mixin.py:115} INFO - [2024-05-23 09:25:40,110] {dagbag.py:508} INFO - Filling up the DagBag from /home/airflow/.local/lib/python3.7/site-packages/airflow/example_dags/example_bash_operator.py
[2024-05-23 09:25:40,118] {processor.py:651} INFO - DAG(s) dict_keys(['example_bash_operator']) retrieved from /home/airflow/.local/lib/python3.7/site-packages/airflow/example_dags/example_bash_operator.py
[2024-05-23 09:25:40,137] {logging_mixin.py:115} INFO - [2024-05-23 09:25:40,137] {dag.py:2420} INFO - Sync 1 DAGs
[2024-05-23 09:25:40,150] {logging_mixin.py:115} INFO - [2024-05-23 09:25:40,150] {dag.py:2972} INFO - Setting next_dagrun for example_bash_operator to 2024-05-22T00:00:00+00:00, run_after=2024-05-23T00:00:00+00:00
[2024-05-23 09:25:40,157] {processor.py:161} INFO - Processing /home/airflow/.local/lib/python3.7/site-packages/airflow/example_dags/example_bash_operator.py took 0.050 seconds
[2024-05-23 09:26:10,573] {processor.py:153} INFO - Started process (PID=412) to work on /home/airflow/.local/lib/python3.7/site-packages/airflow/example_dags/example_bash_operator.py
[2024-05-23 09:26:10,574] {processor.py:641} INFO - Processing file /home/airflow/.local/lib/python3.7/site-packages/airflow/example_dags/example_bash_operator.py for tasks to queue
[2024-05-23 09:26:10,574] {logging_mixin.py:115} INFO - [2024-05-23 09:26:10,574] {dagbag.py:508} INFO - Filling up the DagBag from /home/airflow/.local/lib/python3.7/site-packages/airflow/example_dags/example_bash_operator.py
[2024-05-23 09:26:10,581] {processor.py:651} INFO - DAG(s) dict_keys(['example_bash_operator']) retrieved from /home/airflow/.local/lib/python3.7/site-packages/airflow/example_dags/example_bash_operator.py
[2024-05-23 09:26:10,599] {logging_mixin.py:115} INFO - [2024-05-23 09:26:10,599] {dag.py:2420} INFO - Sync 1 DAGs
[2024-05-23 09:26:10,612] {logging_mixin.py:115} INFO - [2024-05-23 09:26:10,612] {dag.py:2972} INFO - Setting next_dagrun for example_bash_operator to 2024-05-22T00:00:00+00:00, run_after=2024-05-23T00:00:00+00:00
[2024-05-23 09:26:10,618] {processor.py:161} INFO - Processing /home/airflow/.local/lib/python3.7/site-packages/airflow/example_dags/example_bash_operator.py took 0.047 seconds
[2024-05-23 09:26:41,007] {processor.py:153} INFO - Started process (PID=473) to work on /home/airflow/.local/lib/python3.7/site-packages/airflow/example_dags/example_bash_operator.py
[2024-05-23 09:26:41,008] {processor.py:641} INFO - Processing file /home/airflow/.local/lib/python3.7/site-packages/airflow/example_dags/example_bash_operator.py for tasks to queue
[2024-05-23 09:26:41,009] {logging_mixin.py:115} INFO - [2024-05-23 09:26:41,009] {dagbag.py:508} INFO - Filling up the DagBag from /home/airflow/.local/lib/python3.7/site-packages/airflow/example_dags/example_bash_operator.py
[2024-05-23 09:26:41,016] {processor.py:651} INFO - DAG(s) dict_keys(['example_bash_operator']) retrieved from /home/airflow/.local/lib/python3.7/site-packages/airflow/example_dags/example_bash_operator.py
[2024-05-23 09:26:41,034] {logging_mixin.py:115} INFO - [2024-05-23 09:26:41,034] {dag.py:2420} INFO - Sync 1 DAGs
[2024-05-23 09:26:41,046] {logging_mixin.py:115} INFO - [2024-05-23 09:26:41,046] {dag.py:2972} INFO - Setting next_dagrun for example_bash_operator to 2024-05-22T00:00:00+00:00, run_after=2024-05-23T00:00:00+00:00
[2024-05-23 09:26:41,053] {processor.py:161} INFO - Processing /home/airflow/.local/lib/python3.7/site-packages/airflow/example_dags/example_bash_operator.py took 0.047 seconds
[2024-05-23 09:27:11,486] {processor.py:153} INFO - Started process (PID=534) to work on /home/airflow/.local/lib/python3.7/site-packages/airflow/example_dags/example_bash_operator.py
[2024-05-23 09:27:11,487] {processor.py:641} INFO - Processing file /home/airflow/.local/lib/python3.7/site-packages/airflow/example_dags/example_bash_operator.py for tasks to queue
[2024-05-23 09:27:11,487] {logging_mixin.py:115} INFO - [2024-05-23 09:27:11,487] {dagbag.py:508} INFO - Filling up the DagBag from /home/airflow/.local/lib/python3.7/site-packages/airflow/example_dags/example_bash_operator.py
[2024-05-23 09:27:11,495] {processor.py:651} INFO - DAG(s) dict_keys(['example_bash_operator']) retrieved from /home/airflow/.local/lib/python3.7/site-packages/airflow/example_dags/example_bash_operator.py
[2024-05-23 09:27:11,516] {logging_mixin.py:115} INFO - [2024-05-23 09:27:11,516] {dag.py:2420} INFO - Sync 1 DAGs
[2024-05-23 09:27:11,530] {logging_mixin.py:115} INFO - [2024-05-23 09:27:11,529] {dag.py:2972} INFO - Setting next_dagrun for example_bash_operator to 2024-05-22T00:00:00+00:00, run_after=2024-05-23T00:00:00+00:00
[2024-05-23 09:27:11,537] {processor.py:161} INFO - Processing /home/airflow/.local/lib/python3.7/site-packages/airflow/example_dags/example_bash_operator.py took 0.053 seconds
[2024-05-23 09:27:41,898] {processor.py:153} INFO - Started process (PID=595) to work on /home/airflow/.local/lib/python3.7/site-packages/airflow/example_dags/example_bash_operator.py
[2024-05-23 09:27:41,899] {processor.py:641} INFO - Processing file /home/airflow/.local/lib/python3.7/site-packages/airflow/example_dags/example_bash_operator.py for tasks to queue
[2024-05-23 09:27:41,900] {logging_mixin.py:115} INFO - [2024-05-23 09:27:41,900] {dagbag.py:508} INFO - Filling up the DagBag from /home/airflow/.local/lib/python3.7/site-packages/airflow/example_dags/example_bash_operator.py
[2024-05-23 09:27:41,907] {processor.py:651} INFO - DAG(s) dict_keys(['example_bash_operator']) retrieved from /home/airflow/.local/lib/python3.7/site-packages/airflow/example_dags/example_bash_operator.py
[2024-05-23 09:27:41,926] {logging_mixin.py:115} INFO - [2024-05-23 09:27:41,926] {dag.py:2420} INFO - Sync 1 DAGs
[2024-05-23 09:27:41,938] {logging_mixin.py:115} INFO - [2024-05-23 09:27:41,938] {dag.py:2972} INFO - Setting next_dagrun for example_bash_operator to 2024-05-22T00:00:00+00:00, run_after=2024-05-23T00:00:00+00:00
[2024-05-23 09:27:41,946] {processor.py:161} INFO - Processing /home/airflow/.local/lib/python3.7/site-packages/airflow/example_dags/example_bash_operator.py took 0.050 seconds
[2024-05-23 09:28:12,343] {processor.py:153} INFO - Started process (PID=648) to work on /home/airflow/.local/lib/python3.7/site-packages/airflow/example_dags/example_bash_operator.py
[2024-05-23 09:28:12,344] {processor.py:641} INFO - Processing file /home/airflow/.local/lib/python3.7/site-packages/airflow/example_dags/example_bash_operator.py for tasks to queue
[2024-05-23 09:28:12,345] {logging_mixin.py:115} INFO - [2024-05-23 09:28:12,345] {dagbag.py:508} INFO - Filling up the DagBag from /home/airflow/.local/lib/python3.7/site-packages/airflow/example_dags/example_bash_operator.py
[2024-05-23 09:28:12,351] {processor.py:651} INFO - DAG(s) dict_keys(['example_bash_operator']) retrieved from /home/airflow/.local/lib/python3.7/site-packages/airflow/example_dags/example_bash_operator.py
[2024-05-23 09:28:12,371] {logging_mixin.py:115} INFO - [2024-05-23 09:28:12,370] {dag.py:2420} INFO - Sync 1 DAGs
[2024-05-23 09:28:12,383] {logging_mixin.py:115} INFO - [2024-05-23 09:28:12,383] {dag.py:2972} INFO - Setting next_dagrun for example_bash_operator to 2024-05-22T00:00:00+00:00, run_after=2024-05-23T00:00:00+00:00
[2024-05-23 09:28:12,390] {processor.py:161} INFO - Processing /home/airflow/.local/lib/python3.7/site-packages/airflow/example_dags/example_bash_operator.py took 0.049 seconds
[2024-05-23 09:28:42,719] {processor.py:153} INFO - Started process (PID=710) to work on /home/airflow/.local/lib/python3.7/site-packages/airflow/example_dags/example_bash_operator.py
[2024-05-23 09:28:42,720] {processor.py:641} INFO - Processing file /home/airflow/.local/lib/python3.7/site-packages/airflow/example_dags/example_bash_operator.py for tasks to queue
[2024-05-23 09:28:42,720] {logging_mixin.py:115} INFO - [2024-05-23 09:28:42,720] {dagbag.py:508} INFO - Filling up the DagBag from /home/airflow/.local/lib/python3.7/site-packages/airflow/example_dags/example_bash_operator.py
[2024-05-23 09:28:42,728] {processor.py:651} INFO - DAG(s) dict_keys(['example_bash_operator']) retrieved from /home/airflow/.local/lib/python3.7/site-packages/airflow/example_dags/example_bash_operator.py
[2024-05-23 09:28:42,747] {logging_mixin.py:115} INFO - [2024-05-23 09:28:42,747] {dag.py:2420} INFO - Sync 1 DAGs
[2024-05-23 09:28:42,759] {logging_mixin.py:115} INFO - [2024-05-23 09:28:42,759] {dag.py:2972} INFO - Setting next_dagrun for example_bash_operator to 2024-05-22T00:00:00+00:00, run_after=2024-05-23T00:00:00+00:00
[2024-05-23 09:28:42,767] {processor.py:161} INFO - Processing /home/airflow/.local/lib/python3.7/site-packages/airflow/example_dags/example_bash_operator.py took 0.050 seconds
[2024-05-23 09:29:13,097] {processor.py:153} INFO - Started process (PID=772) to work on /home/airflow/.local/lib/python3.7/site-packages/airflow/example_dags/example_bash_operator.py
[2024-05-23 09:29:13,098] {processor.py:641} INFO - Processing file /home/airflow/.local/lib/python3.7/site-packages/airflow/example_dags/example_bash_operator.py for tasks to queue
[2024-05-23 09:29:13,099] {logging_mixin.py:115} INFO - [2024-05-23 09:29:13,099] {dagbag.py:508} INFO - Filling up the DagBag from /home/airflow/.local/lib/python3.7/site-packages/airflow/example_dags/example_bash_operator.py
[2024-05-23 09:29:13,106] {processor.py:651} INFO - DAG(s) dict_keys(['example_bash_operator']) retrieved from /home/airflow/.local/lib/python3.7/site-packages/airflow/example_dags/example_bash_operator.py
[2024-05-23 09:29:13,124] {logging_mixin.py:115} INFO - [2024-05-23 09:29:13,124] {dag.py:2420} INFO - Sync 1 DAGs
[2024-05-23 09:29:13,139] {logging_mixin.py:115} INFO - [2024-05-23 09:29:13,139] {dag.py:2972} INFO - Setting next_dagrun for example_bash_operator to 2024-05-22T00:00:00+00:00, run_after=2024-05-23T00:00:00+00:00
[2024-05-23 09:29:13,146] {processor.py:161} INFO - Processing /home/airflow/.local/lib/python3.7/site-packages/airflow/example_dags/example_bash_operator.py took 0.051 seconds
[2024-05-23 09:29:43,522] {processor.py:153} INFO - Started process (PID=834) to work on /home/airflow/.local/lib/python3.7/site-packages/airflow/example_dags/example_bash_operator.py
[2024-05-23 09:29:43,523] {processor.py:641} INFO - Processing file /home/airflow/.local/lib/python3.7/site-packages/airflow/example_dags/example_bash_operator.py for tasks to queue
[2024-05-23 09:29:43,524] {logging_mixin.py:115} INFO - [2024-05-23 09:29:43,524] {dagbag.py:508} INFO - Filling up the DagBag from /home/airflow/.local/lib/python3.7/site-packages/airflow/example_dags/example_bash_operator.py
[2024-05-23 09:29:43,532] {processor.py:651} INFO - DAG(s) dict_keys(['example_bash_operator']) retrieved from /home/airflow/.local/lib/python3.7/site-packages/airflow/example_dags/example_bash_operator.py
[2024-05-23 09:29:43,550] {logging_mixin.py:115} INFO - [2024-05-23 09:29:43,550] {dag.py:2420} INFO - Sync 1 DAGs
[2024-05-23 09:29:43,563] {logging_mixin.py:115} INFO - [2024-05-23 09:29:43,563] {dag.py:2972} INFO - Setting next_dagrun for example_bash_operator to 2024-05-22T00:00:00+00:00, run_after=2024-05-23T00:00:00+00:00
[2024-05-23 09:29:43,570] {processor.py:161} INFO - Processing /home/airflow/.local/lib/python3.7/site-packages/airflow/example_dags/example_bash_operator.py took 0.049 seconds
[2024-05-23 09:30:13,873] {processor.py:153} INFO - Started process (PID=896) to work on /home/airflow/.local/lib/python3.7/site-packages/airflow/example_dags/example_bash_operator.py
[2024-05-23 09:30:13,874] {processor.py:641} INFO - Processing file /home/airflow/.local/lib/python3.7/site-packages/airflow/example_dags/example_bash_operator.py for tasks to queue
[2024-05-23 09:30:13,874] {logging_mixin.py:115} INFO - [2024-05-23 09:30:13,874] {dagbag.py:508} INFO - Filling up the DagBag from /home/airflow/.local/lib/python3.7/site-packages/airflow/example_dags/example_bash_operator.py
[2024-05-23 09:30:13,882] {processor.py:651} INFO - DAG(s) dict_keys(['example_bash_operator']) retrieved from /home/airflow/.local/lib/python3.7/site-packages/airflow/example_dags/example_bash_operator.py
[2024-05-23 09:30:13,901] {logging_mixin.py:115} INFO - [2024-05-23 09:30:13,901] {dag.py:2420} INFO - Sync 1 DAGs
[2024-05-23 09:30:13,914] {logging_mixin.py:115} INFO - [2024-05-23 09:30:13,914] {dag.py:2972} INFO - Setting next_dagrun for example_bash_operator to 2024-05-22T00:00:00+00:00, run_after=2024-05-23T00:00:00+00:00
[2024-05-23 09:30:13,921] {processor.py:161} INFO - Processing /home/airflow/.local/lib/python3.7/site-packages/airflow/example_dags/example_bash_operator.py took 0.051 seconds
[2024-05-23 09:30:44,310] {processor.py:153} INFO - Started process (PID=949) to work on /home/airflow/.local/lib/python3.7/site-packages/airflow/example_dags/example_bash_operator.py
[2024-05-23 09:30:44,311] {processor.py:641} INFO - Processing file /home/airflow/.local/lib/python3.7/site-packages/airflow/example_dags/example_bash_operator.py for tasks to queue
[2024-05-23 09:30:44,312] {logging_mixin.py:115} INFO - [2024-05-23 09:30:44,312] {dagbag.py:508} INFO - Filling up the DagBag from /home/airflow/.local/lib/python3.7/site-packages/airflow/example_dags/example_bash_operator.py
[2024-05-23 09:30:44,319] {processor.py:651} INFO - DAG(s) dict_keys(['example_bash_operator']) retrieved from /home/airflow/.local/lib/python3.7/site-packages/airflow/example_dags/example_bash_operator.py
[2024-05-23 09:30:44,336] {logging_mixin.py:115} INFO - [2024-05-23 09:30:44,336] {dag.py:2420} INFO - Sync 1 DAGs
[2024-05-23 09:30:44,349] {logging_mixin.py:115} INFO - [2024-05-23 09:30:44,349] {dag.py:2972} INFO - Setting next_dagrun for example_bash_operator to 2024-05-22T00:00:00+00:00, run_after=2024-05-23T00:00:00+00:00
[2024-05-23 09:30:44,356] {processor.py:161} INFO - Processing /home/airflow/.local/lib/python3.7/site-packages/airflow/example_dags/example_bash_operator.py took 0.048 seconds
[2024-05-23 09:31:14,730] {processor.py:153} INFO - Started process (PID=1010) to work on /home/airflow/.local/lib/python3.7/site-packages/airflow/example_dags/example_bash_operator.py
[2024-05-23 09:31:14,731] {processor.py:641} INFO - Processing file /home/airflow/.local/lib/python3.7/site-packages/airflow/example_dags/example_bash_operator.py for tasks to queue
[2024-05-23 09:31:14,732] {logging_mixin.py:115} INFO - [2024-05-23 09:31:14,732] {dagbag.py:508} INFO - Filling up the DagBag from /home/airflow/.local/lib/python3.7/site-packages/airflow/example_dags/example_bash_operator.py
[2024-05-23 09:31:14,739] {processor.py:651} INFO - DAG(s) dict_keys(['example_bash_operator']) retrieved from /home/airflow/.local/lib/python3.7/site-packages/airflow/example_dags/example_bash_operator.py
[2024-05-23 09:31:14,757] {logging_mixin.py:115} INFO - [2024-05-23 09:31:14,757] {dag.py:2420} INFO - Sync 1 DAGs
[2024-05-23 09:31:14,768] {logging_mixin.py:115} INFO - [2024-05-23 09:31:14,768] {dag.py:2972} INFO - Setting next_dagrun for example_bash_operator to 2024-05-22T00:00:00+00:00, run_after=2024-05-23T00:00:00+00:00
[2024-05-23 09:31:14,775] {processor.py:161} INFO - Processing /home/airflow/.local/lib/python3.7/site-packages/airflow/example_dags/example_bash_operator.py took 0.047 seconds
[2024-05-23 09:31:45,341] {processor.py:153} INFO - Started process (PID=1073) to work on /home/airflow/.local/lib/python3.7/site-packages/airflow/example_dags/example_bash_operator.py
[2024-05-23 09:31:45,342] {processor.py:641} INFO - Processing file /home/airflow/.local/lib/python3.7/site-packages/airflow/example_dags/example_bash_operator.py for tasks to queue
[2024-05-23 09:31:45,342] {logging_mixin.py:115} INFO - [2024-05-23 09:31:45,342] {dagbag.py:508} INFO - Filling up the DagBag from /home/airflow/.local/lib/python3.7/site-packages/airflow/example_dags/example_bash_operator.py
[2024-05-23 09:31:45,350] {processor.py:651} INFO - DAG(s) dict_keys(['example_bash_operator']) retrieved from /home/airflow/.local/lib/python3.7/site-packages/airflow/example_dags/example_bash_operator.py
[2024-05-23 09:31:45,373] {logging_mixin.py:115} INFO - [2024-05-23 09:31:45,373] {dag.py:2420} INFO - Sync 1 DAGs
[2024-05-23 09:31:45,387] {logging_mixin.py:115} INFO - [2024-05-23 09:31:45,387] {dag.py:2972} INFO - Setting next_dagrun for example_bash_operator to 2024-05-22T00:00:00+00:00, run_after=2024-05-23T00:00:00+00:00
[2024-05-23 09:31:45,394] {processor.py:161} INFO - Processing /home/airflow/.local/lib/python3.7/site-packages/airflow/example_dags/example_bash_operator.py took 0.055 seconds
[2024-05-23 09:32:15,712] {processor.py:153} INFO - Started process (PID=1135) to work on /home/airflow/.local/lib/python3.7/site-packages/airflow/example_dags/example_bash_operator.py
[2024-05-23 09:32:15,713] {processor.py:641} INFO - Processing file /home/airflow/.local/lib/python3.7/site-packages/airflow/example_dags/example_bash_operator.py for tasks to queue
[2024-05-23 09:32:15,713] {logging_mixin.py:115} INFO - [2024-05-23 09:32:15,713] {dagbag.py:508} INFO - Filling up the DagBag from /home/airflow/.local/lib/python3.7/site-packages/airflow/example_dags/example_bash_operator.py
[2024-05-23 09:32:15,721] {processor.py:651} INFO - DAG(s) dict_keys(['example_bash_operator']) retrieved from /home/airflow/.local/lib/python3.7/site-packages/airflow/example_dags/example_bash_operator.py
[2024-05-23 09:32:15,739] {logging_mixin.py:115} INFO - [2024-05-23 09:32:15,738] {dag.py:2420} INFO - Sync 1 DAGs
[2024-05-23 09:32:15,752] {logging_mixin.py:115} INFO - [2024-05-23 09:32:15,752] {dag.py:2972} INFO - Setting next_dagrun for example_bash_operator to 2024-05-22T00:00:00+00:00, run_after=2024-05-23T00:00:00+00:00
[2024-05-23 09:32:15,758] {processor.py:161} INFO - Processing /home/airflow/.local/lib/python3.7/site-packages/airflow/example_dags/example_bash_operator.py took 0.049 seconds
[2024-05-23 09:32:46,125] {processor.py:153} INFO - Started process (PID=1197) to work on /home/airflow/.local/lib/python3.7/site-packages/airflow/example_dags/example_bash_operator.py
[2024-05-23 09:32:46,126] {processor.py:641} INFO - Processing file /home/airflow/.local/lib/python3.7/site-packages/airflow/example_dags/example_bash_operator.py for tasks to queue
[2024-05-23 09:32:46,127] {logging_mixin.py:115} INFO - [2024-05-23 09:32:46,126] {dagbag.py:508} INFO - Filling up the DagBag from /home/airflow/.local/lib/python3.7/site-packages/airflow/example_dags/example_bash_operator.py
[2024-05-23 09:32:46,134] {processor.py:651} INFO - DAG(s) dict_keys(['example_bash_operator']) retrieved from /home/airflow/.local/lib/python3.7/site-packages/airflow/example_dags/example_bash_operator.py
[2024-05-23 09:32:46,151] {logging_mixin.py:115} INFO - [2024-05-23 09:32:46,151] {dag.py:2420} INFO - Sync 1 DAGs
[2024-05-23 09:32:46,165] {logging_mixin.py:115} INFO - [2024-05-23 09:32:46,165] {dag.py:2972} INFO - Setting next_dagrun for example_bash_operator to 2024-05-22T00:00:00+00:00, run_after=2024-05-23T00:00:00+00:00
[2024-05-23 09:32:46,171] {processor.py:161} INFO - Processing /home/airflow/.local/lib/python3.7/site-packages/airflow/example_dags/example_bash_operator.py took 0.049 seconds
[2024-05-23 09:33:16,729] {processor.py:153} INFO - Started process (PID=1259) to work on /home/airflow/.local/lib/python3.7/site-packages/airflow/example_dags/example_bash_operator.py
[2024-05-23 09:33:16,729] {processor.py:641} INFO - Processing file /home/airflow/.local/lib/python3.7/site-packages/airflow/example_dags/example_bash_operator.py for tasks to queue
[2024-05-23 09:33:16,730] {logging_mixin.py:115} INFO - [2024-05-23 09:33:16,730] {dagbag.py:508} INFO - Filling up the DagBag from /home/airflow/.local/lib/python3.7/site-packages/airflow/example_dags/example_bash_operator.py
[2024-05-23 09:33:16,737] {processor.py:651} INFO - DAG(s) dict_keys(['example_bash_operator']) retrieved from /home/airflow/.local/lib/python3.7/site-packages/airflow/example_dags/example_bash_operator.py
[2024-05-23 09:33:16,756] {logging_mixin.py:115} INFO - [2024-05-23 09:33:16,756] {dag.py:2420} INFO - Sync 1 DAGs
[2024-05-23 09:33:16,768] {logging_mixin.py:115} INFO - [2024-05-23 09:33:16,768] {dag.py:2972} INFO - Setting next_dagrun for example_bash_operator to 2024-05-22T00:00:00+00:00, run_after=2024-05-23T00:00:00+00:00
[2024-05-23 09:33:16,776] {processor.py:161} INFO - Processing /home/airflow/.local/lib/python3.7/site-packages/airflow/example_dags/example_bash_operator.py took 0.050 seconds
[2024-05-23 09:33:47,230] {processor.py:153} INFO - Started process (PID=1312) to work on /home/airflow/.local/lib/python3.7/site-packages/airflow/example_dags/example_bash_operator.py
[2024-05-23 09:33:47,231] {processor.py:641} INFO - Processing file /home/airflow/.local/lib/python3.7/site-packages/airflow/example_dags/example_bash_operator.py for tasks to queue
[2024-05-23 09:33:47,231] {logging_mixin.py:115} INFO - [2024-05-23 09:33:47,231] {dagbag.py:508} INFO - Filling up the DagBag from /home/airflow/.local/lib/python3.7/site-packages/airflow/example_dags/example_bash_operator.py
[2024-05-23 09:33:47,240] {processor.py:651} INFO - DAG(s) dict_keys(['example_bash_operator']) retrieved from /home/airflow/.local/lib/python3.7/site-packages/airflow/example_dags/example_bash_operator.py
[2024-05-23 09:33:47,259] {logging_mixin.py:115} INFO - [2024-05-23 09:33:47,259] {dag.py:2420} INFO - Sync 1 DAGs
[2024-05-23 09:33:47,272] {logging_mixin.py:115} INFO - [2024-05-23 09:33:47,272] {dag.py:2972} INFO - Setting next_dagrun for example_bash_operator to 2024-05-22T00:00:00+00:00, run_after=2024-05-23T00:00:00+00:00
[2024-05-23 09:33:47,278] {processor.py:161} INFO - Processing /home/airflow/.local/lib/python3.7/site-packages/airflow/example_dags/example_bash_operator.py took 0.050 seconds
[2024-05-23 09:34:17,654] {processor.py:153} INFO - Started process (PID=1379) to work on /home/airflow/.local/lib/python3.7/site-packages/airflow/example_dags/example_bash_operator.py
[2024-05-23 09:34:17,655] {processor.py:641} INFO - Processing file /home/airflow/.local/lib/python3.7/site-packages/airflow/example_dags/example_bash_operator.py for tasks to queue
[2024-05-23 09:34:17,655] {logging_mixin.py:115} INFO - [2024-05-23 09:34:17,655] {dagbag.py:508} INFO - Filling up the DagBag from /home/airflow/.local/lib/python3.7/site-packages/airflow/example_dags/example_bash_operator.py
[2024-05-23 09:34:17,662] {processor.py:651} INFO - DAG(s) dict_keys(['example_bash_operator']) retrieved from /home/airflow/.local/lib/python3.7/site-packages/airflow/example_dags/example_bash_operator.py
[2024-05-23 09:34:17,681] {logging_mixin.py:115} INFO - [2024-05-23 09:34:17,681] {dag.py:2420} INFO - Sync 1 DAGs
[2024-05-23 09:34:17,693] {logging_mixin.py:115} INFO - [2024-05-23 09:34:17,693] {dag.py:2972} INFO - Setting next_dagrun for example_bash_operator to 2024-05-22T00:00:00+00:00, run_after=2024-05-23T00:00:00+00:00
[2024-05-23 09:34:17,701] {processor.py:161} INFO - Processing /home/airflow/.local/lib/python3.7/site-packages/airflow/example_dags/example_bash_operator.py took 0.049 seconds
[2024-05-23 09:34:48,145] {processor.py:153} INFO - Started process (PID=1441) to work on /home/airflow/.local/lib/python3.7/site-packages/airflow/example_dags/example_bash_operator.py
[2024-05-23 09:34:48,146] {processor.py:641} INFO - Processing file /home/airflow/.local/lib/python3.7/site-packages/airflow/example_dags/example_bash_operator.py for tasks to queue
[2024-05-23 09:34:48,147] {logging_mixin.py:115} INFO - [2024-05-23 09:34:48,147] {dagbag.py:508} INFO - Filling up the DagBag from /home/airflow/.local/lib/python3.7/site-packages/airflow/example_dags/example_bash_operator.py
[2024-05-23 09:34:48,154] {processor.py:651} INFO - DAG(s) dict_keys(['example_bash_operator']) retrieved from /home/airflow/.local/lib/python3.7/site-packages/airflow/example_dags/example_bash_operator.py
[2024-05-23 09:34:48,172] {logging_mixin.py:115} INFO - [2024-05-23 09:34:48,172] {dag.py:2420} INFO - Sync 1 DAGs
[2024-05-23 09:34:48,185] {logging_mixin.py:115} INFO - [2024-05-23 09:34:48,185] {dag.py:2972} INFO - Setting next_dagrun for example_bash_operator to 2024-05-22T00:00:00+00:00, run_after=2024-05-23T00:00:00+00:00
[2024-05-23 09:34:48,191] {processor.py:161} INFO - Processing /home/airflow/.local/lib/python3.7/site-packages/airflow/example_dags/example_bash_operator.py took 0.048 seconds
[2024-05-23 09:35:18,565] {processor.py:153} INFO - Started process (PID=1503) to work on /home/airflow/.local/lib/python3.7/site-packages/airflow/example_dags/example_bash_operator.py
[2024-05-23 09:35:18,566] {processor.py:641} INFO - Processing file /home/airflow/.local/lib/python3.7/site-packages/airflow/example_dags/example_bash_operator.py for tasks to queue
[2024-05-23 09:35:18,567] {logging_mixin.py:115} INFO - [2024-05-23 09:35:18,567] {dagbag.py:508} INFO - Filling up the DagBag from /home/airflow/.local/lib/python3.7/site-packages/airflow/example_dags/example_bash_operator.py
[2024-05-23 09:35:18,574] {processor.py:651} INFO - DAG(s) dict_keys(['example_bash_operator']) retrieved from /home/airflow/.local/lib/python3.7/site-packages/airflow/example_dags/example_bash_operator.py
[2024-05-23 09:35:18,592] {logging_mixin.py:115} INFO - [2024-05-23 09:35:18,592] {dag.py:2420} INFO - Sync 1 DAGs
[2024-05-23 09:35:18,604] {logging_mixin.py:115} INFO - [2024-05-23 09:35:18,604] {dag.py:2972} INFO - Setting next_dagrun for example_bash_operator to 2024-05-22T00:00:00+00:00, run_after=2024-05-23T00:00:00+00:00
[2024-05-23 09:35:18,611] {processor.py:161} INFO - Processing /home/airflow/.local/lib/python3.7/site-packages/airflow/example_dags/example_bash_operator.py took 0.048 seconds
[2024-05-23 09:35:48,970] {processor.py:153} INFO - Started process (PID=1565) to work on /home/airflow/.local/lib/python3.7/site-packages/airflow/example_dags/example_bash_operator.py
[2024-05-23 09:35:48,970] {processor.py:641} INFO - Processing file /home/airflow/.local/lib/python3.7/site-packages/airflow/example_dags/example_bash_operator.py for tasks to queue
[2024-05-23 09:35:48,971] {logging_mixin.py:115} INFO - [2024-05-23 09:35:48,971] {dagbag.py:508} INFO - Filling up the DagBag from /home/airflow/.local/lib/python3.7/site-packages/airflow/example_dags/example_bash_operator.py
[2024-05-23 09:35:48,979] {processor.py:651} INFO - DAG(s) dict_keys(['example_bash_operator']) retrieved from /home/airflow/.local/lib/python3.7/site-packages/airflow/example_dags/example_bash_operator.py
[2024-05-23 09:35:48,998] {logging_mixin.py:115} INFO - [2024-05-23 09:35:48,997] {dag.py:2420} INFO - Sync 1 DAGs
[2024-05-23 09:35:49,010] {logging_mixin.py:115} INFO - [2024-05-23 09:35:49,010] {dag.py:2972} INFO - Setting next_dagrun for example_bash_operator to 2024-05-22T00:00:00+00:00, run_after=2024-05-23T00:00:00+00:00
[2024-05-23 09:35:49,017] {processor.py:161} INFO - Processing /home/airflow/.local/lib/python3.7/site-packages/airflow/example_dags/example_bash_operator.py took 0.049 seconds
[2024-05-23 09:36:19,434] {processor.py:153} INFO - Started process (PID=1625) to work on /home/airflow/.local/lib/python3.7/site-packages/airflow/example_dags/example_bash_operator.py
[2024-05-23 09:36:19,435] {processor.py:641} INFO - Processing file /home/airflow/.local/lib/python3.7/site-packages/airflow/example_dags/example_bash_operator.py for tasks to queue
[2024-05-23 09:36:19,435] {logging_mixin.py:115} INFO - [2024-05-23 09:36:19,435] {dagbag.py:508} INFO - Filling up the DagBag from /home/airflow/.local/lib/python3.7/site-packages/airflow/example_dags/example_bash_operator.py
[2024-05-23 09:36:19,443] {processor.py:651} INFO - DAG(s) dict_keys(['example_bash_operator']) retrieved from /home/airflow/.local/lib/python3.7/site-packages/airflow/example_dags/example_bash_operator.py
[2024-05-23 09:36:19,463] {logging_mixin.py:115} INFO - [2024-05-23 09:36:19,463] {dag.py:2420} INFO - Sync 1 DAGs
[2024-05-23 09:36:19,476] {logging_mixin.py:115} INFO - [2024-05-23 09:36:19,476] {dag.py:2972} INFO - Setting next_dagrun for example_bash_operator to 2024-05-22T00:00:00+00:00, run_after=2024-05-23T00:00:00+00:00
[2024-05-23 09:36:19,485] {processor.py:161} INFO - Processing /home/airflow/.local/lib/python3.7/site-packages/airflow/example_dags/example_bash_operator.py took 0.053 seconds
[2024-05-23 09:36:49,917] {processor.py:153} INFO - Started process (PID=1680) to work on /home/airflow/.local/lib/python3.7/site-packages/airflow/example_dags/example_bash_operator.py
[2024-05-23 09:36:49,918] {processor.py:641} INFO - Processing file /home/airflow/.local/lib/python3.7/site-packages/airflow/example_dags/example_bash_operator.py for tasks to queue
[2024-05-23 09:36:49,919] {logging_mixin.py:115} INFO - [2024-05-23 09:36:49,919] {dagbag.py:508} INFO - Filling up the DagBag from /home/airflow/.local/lib/python3.7/site-packages/airflow/example_dags/example_bash_operator.py
[2024-05-23 09:36:49,926] {processor.py:651} INFO - DAG(s) dict_keys(['example_bash_operator']) retrieved from /home/airflow/.local/lib/python3.7/site-packages/airflow/example_dags/example_bash_operator.py
[2024-05-23 09:36:49,944] {logging_mixin.py:115} INFO - [2024-05-23 09:36:49,944] {dag.py:2420} INFO - Sync 1 DAGs
[2024-05-23 09:36:49,956] {logging_mixin.py:115} INFO - [2024-05-23 09:36:49,956] {dag.py:2972} INFO - Setting next_dagrun for example_bash_operator to 2024-05-22T00:00:00+00:00, run_after=2024-05-23T00:00:00+00:00
[2024-05-23 09:36:49,963] {processor.py:161} INFO - Processing /home/airflow/.local/lib/python3.7/site-packages/airflow/example_dags/example_bash_operator.py took 0.048 seconds
[2024-05-23 09:37:20,425] {processor.py:153} INFO - Started process (PID=1742) to work on /home/airflow/.local/lib/python3.7/site-packages/airflow/example_dags/example_bash_operator.py
[2024-05-23 09:37:20,426] {processor.py:641} INFO - Processing file /home/airflow/.local/lib/python3.7/site-packages/airflow/example_dags/example_bash_operator.py for tasks to queue
[2024-05-23 09:37:20,426] {logging_mixin.py:115} INFO - [2024-05-23 09:37:20,426] {dagbag.py:508} INFO - Filling up the DagBag from /home/airflow/.local/lib/python3.7/site-packages/airflow/example_dags/example_bash_operator.py
[2024-05-23 09:37:20,435] {processor.py:651} INFO - DAG(s) dict_keys(['example_bash_operator']) retrieved from /home/airflow/.local/lib/python3.7/site-packages/airflow/example_dags/example_bash_operator.py
[2024-05-23 09:37:20,452] {logging_mixin.py:115} INFO - [2024-05-23 09:37:20,452] {dag.py:2420} INFO - Sync 1 DAGs
[2024-05-23 09:37:20,466] {logging_mixin.py:115} INFO - [2024-05-23 09:37:20,466] {dag.py:2972} INFO - Setting next_dagrun for example_bash_operator to 2024-05-22T00:00:00+00:00, run_after=2024-05-23T00:00:00+00:00
[2024-05-23 09:37:20,473] {processor.py:161} INFO - Processing /home/airflow/.local/lib/python3.7/site-packages/airflow/example_dags/example_bash_operator.py took 0.050 seconds
[2024-05-23 09:37:50,949] {processor.py:153} INFO - Started process (PID=1804) to work on /home/airflow/.local/lib/python3.7/site-packages/airflow/example_dags/example_bash_operator.py
[2024-05-23 09:37:50,950] {processor.py:641} INFO - Processing file /home/airflow/.local/lib/python3.7/site-packages/airflow/example_dags/example_bash_operator.py for tasks to queue
[2024-05-23 09:37:50,951] {logging_mixin.py:115} INFO - [2024-05-23 09:37:50,951] {dagbag.py:508} INFO - Filling up the DagBag from /home/airflow/.local/lib/python3.7/site-packages/airflow/example_dags/example_bash_operator.py
[2024-05-23 09:37:50,958] {processor.py:651} INFO - DAG(s) dict_keys(['example_bash_operator']) retrieved from /home/airflow/.local/lib/python3.7/site-packages/airflow/example_dags/example_bash_operator.py
[2024-05-23 09:37:50,977] {logging_mixin.py:115} INFO - [2024-05-23 09:37:50,977] {dag.py:2420} INFO - Sync 1 DAGs
[2024-05-23 09:37:50,990] {logging_mixin.py:115} INFO - [2024-05-23 09:37:50,990] {dag.py:2972} INFO - Setting next_dagrun for example_bash_operator to 2024-05-22T00:00:00+00:00, run_after=2024-05-23T00:00:00+00:00
[2024-05-23 09:37:50,997] {processor.py:161} INFO - Processing /home/airflow/.local/lib/python3.7/site-packages/airflow/example_dags/example_bash_operator.py took 0.050 seconds
[2024-05-23 09:38:21,450] {processor.py:153} INFO - Started process (PID=1866) to work on /home/airflow/.local/lib/python3.7/site-packages/airflow/example_dags/example_bash_operator.py
[2024-05-23 09:38:21,451] {processor.py:641} INFO - Processing file /home/airflow/.local/lib/python3.7/site-packages/airflow/example_dags/example_bash_operator.py for tasks to queue
[2024-05-23 09:38:21,451] {logging_mixin.py:115} INFO - [2024-05-23 09:38:21,451] {dagbag.py:508} INFO - Filling up the DagBag from /home/airflow/.local/lib/python3.7/site-packages/airflow/example_dags/example_bash_operator.py
[2024-05-23 09:38:21,458] {processor.py:651} INFO - DAG(s) dict_keys(['example_bash_operator']) retrieved from /home/airflow/.local/lib/python3.7/site-packages/airflow/example_dags/example_bash_operator.py
[2024-05-23 09:38:21,477] {logging_mixin.py:115} INFO - [2024-05-23 09:38:21,476] {dag.py:2420} INFO - Sync 1 DAGs
[2024-05-23 09:38:21,489] {logging_mixin.py:115} INFO - [2024-05-23 09:38:21,489] {dag.py:2972} INFO - Setting next_dagrun for example_bash_operator to 2024-05-22T00:00:00+00:00, run_after=2024-05-23T00:00:00+00:00
[2024-05-23 09:38:21,495] {processor.py:161} INFO - Processing /home/airflow/.local/lib/python3.7/site-packages/airflow/example_dags/example_bash_operator.py took 0.047 seconds
[2024-05-23 09:38:51,861] {processor.py:153} INFO - Started process (PID=1928) to work on /home/airflow/.local/lib/python3.7/site-packages/airflow/example_dags/example_bash_operator.py
[2024-05-23 09:38:51,862] {processor.py:641} INFO - Processing file /home/airflow/.local/lib/python3.7/site-packages/airflow/example_dags/example_bash_operator.py for tasks to queue
[2024-05-23 09:38:51,862] {logging_mixin.py:115} INFO - [2024-05-23 09:38:51,862] {dagbag.py:508} INFO - Filling up the DagBag from /home/airflow/.local/lib/python3.7/site-packages/airflow/example_dags/example_bash_operator.py
[2024-05-23 09:38:51,870] {processor.py:651} INFO - DAG(s) dict_keys(['example_bash_operator']) retrieved from /home/airflow/.local/lib/python3.7/site-packages/airflow/example_dags/example_bash_operator.py
[2024-05-23 09:38:51,890] {logging_mixin.py:115} INFO - [2024-05-23 09:38:51,889] {dag.py:2420} INFO - Sync 1 DAGs
[2024-05-23 09:38:51,903] {logging_mixin.py:115} INFO - [2024-05-23 09:38:51,903] {dag.py:2972} INFO - Setting next_dagrun for example_bash_operator to 2024-05-22T00:00:00+00:00, run_after=2024-05-23T00:00:00+00:00
[2024-05-23 09:38:51,910] {processor.py:161} INFO - Processing /home/airflow/.local/lib/python3.7/site-packages/airflow/example_dags/example_bash_operator.py took 0.052 seconds
[2024-05-23 09:39:22,308] {processor.py:153} INFO - Started process (PID=1981) to work on /home/airflow/.local/lib/python3.7/site-packages/airflow/example_dags/example_bash_operator.py
[2024-05-23 09:39:22,309] {processor.py:641} INFO - Processing file /home/airflow/.local/lib/python3.7/site-packages/airflow/example_dags/example_bash_operator.py for tasks to queue
[2024-05-23 09:39:22,310] {logging_mixin.py:115} INFO - [2024-05-23 09:39:22,310] {dagbag.py:508} INFO - Filling up the DagBag from /home/airflow/.local/lib/python3.7/site-packages/airflow/example_dags/example_bash_operator.py
[2024-05-23 09:39:22,317] {processor.py:651} INFO - DAG(s) dict_keys(['example_bash_operator']) retrieved from /home/airflow/.local/lib/python3.7/site-packages/airflow/example_dags/example_bash_operator.py
[2024-05-23 09:39:22,336] {logging_mixin.py:115} INFO - [2024-05-23 09:39:22,336] {dag.py:2420} INFO - Sync 1 DAGs
[2024-05-23 09:39:22,350] {logging_mixin.py:115} INFO - [2024-05-23 09:39:22,350] {dag.py:2972} INFO - Setting next_dagrun for example_bash_operator to 2024-05-22T00:00:00+00:00, run_after=2024-05-23T00:00:00+00:00
[2024-05-23 09:39:22,356] {processor.py:161} INFO - Processing /home/airflow/.local/lib/python3.7/site-packages/airflow/example_dags/example_bash_operator.py took 0.050 seconds
[2024-05-23 09:39:52,728] {processor.py:153} INFO - Started process (PID=2043) to work on /home/airflow/.local/lib/python3.7/site-packages/airflow/example_dags/example_bash_operator.py
[2024-05-23 09:39:52,729] {processor.py:641} INFO - Processing file /home/airflow/.local/lib/python3.7/site-packages/airflow/example_dags/example_bash_operator.py for tasks to queue
[2024-05-23 09:39:52,729] {logging_mixin.py:115} INFO - [2024-05-23 09:39:52,729] {dagbag.py:508} INFO - Filling up the DagBag from /home/airflow/.local/lib/python3.7/site-packages/airflow/example_dags/example_bash_operator.py
[2024-05-23 09:39:52,737] {processor.py:651} INFO - DAG(s) dict_keys(['example_bash_operator']) retrieved from /home/airflow/.local/lib/python3.7/site-packages/airflow/example_dags/example_bash_operator.py
[2024-05-23 09:39:52,756] {logging_mixin.py:115} INFO - [2024-05-23 09:39:52,755] {dag.py:2420} INFO - Sync 1 DAGs
[2024-05-23 09:39:52,768] {logging_mixin.py:115} INFO - [2024-05-23 09:39:52,768] {dag.py:2972} INFO - Setting next_dagrun for example_bash_operator to 2024-05-22T00:00:00+00:00, run_after=2024-05-23T00:00:00+00:00
[2024-05-23 09:39:52,775] {processor.py:161} INFO - Processing /home/airflow/.local/lib/python3.7/site-packages/airflow/example_dags/example_bash_operator.py took 0.050 seconds
[2024-05-23 09:40:23,163] {processor.py:153} INFO - Started process (PID=2105) to work on /home/airflow/.local/lib/python3.7/site-packages/airflow/example_dags/example_bash_operator.py
[2024-05-23 09:40:23,164] {processor.py:641} INFO - Processing file /home/airflow/.local/lib/python3.7/site-packages/airflow/example_dags/example_bash_operator.py for tasks to queue
[2024-05-23 09:40:23,164] {logging_mixin.py:115} INFO - [2024-05-23 09:40:23,164] {dagbag.py:508} INFO - Filling up the DagBag from /home/airflow/.local/lib/python3.7/site-packages/airflow/example_dags/example_bash_operator.py
[2024-05-23 09:40:23,171] {processor.py:651} INFO - DAG(s) dict_keys(['example_bash_operator']) retrieved from /home/airflow/.local/lib/python3.7/site-packages/airflow/example_dags/example_bash_operator.py
[2024-05-23 09:40:23,190] {logging_mixin.py:115} INFO - [2024-05-23 09:40:23,190] {dag.py:2420} INFO - Sync 1 DAGs
[2024-05-23 09:40:23,202] {logging_mixin.py:115} INFO - [2024-05-23 09:40:23,202] {dag.py:2972} INFO - Setting next_dagrun for example_bash_operator to 2024-05-22T00:00:00+00:00, run_after=2024-05-23T00:00:00+00:00
[2024-05-23 09:40:23,209] {processor.py:161} INFO - Processing /home/airflow/.local/lib/python3.7/site-packages/airflow/example_dags/example_bash_operator.py took 0.048 seconds
[2024-05-23 09:40:53,647] {processor.py:153} INFO - Started process (PID=2167) to work on /home/airflow/.local/lib/python3.7/site-packages/airflow/example_dags/example_bash_operator.py
[2024-05-23 09:40:53,648] {processor.py:641} INFO - Processing file /home/airflow/.local/lib/python3.7/site-packages/airflow/example_dags/example_bash_operator.py for tasks to queue
[2024-05-23 09:40:53,648] {logging_mixin.py:115} INFO - [2024-05-23 09:40:53,648] {dagbag.py:508} INFO - Filling up the DagBag from /home/airflow/.local/lib/python3.7/site-packages/airflow/example_dags/example_bash_operator.py
[2024-05-23 09:40:53,656] {processor.py:651} INFO - DAG(s) dict_keys(['example_bash_operator']) retrieved from /home/airflow/.local/lib/python3.7/site-packages/airflow/example_dags/example_bash_operator.py
[2024-05-23 09:40:53,674] {logging_mixin.py:115} INFO - [2024-05-23 09:40:53,674] {dag.py:2420} INFO - Sync 1 DAGs
[2024-05-23 09:40:53,687] {logging_mixin.py:115} INFO - [2024-05-23 09:40:53,687] {dag.py:2972} INFO - Setting next_dagrun for example_bash_operator to 2024-05-22T00:00:00+00:00, run_after=2024-05-23T00:00:00+00:00
[2024-05-23 09:40:53,693] {processor.py:161} INFO - Processing /home/airflow/.local/lib/python3.7/site-packages/airflow/example_dags/example_bash_operator.py took 0.049 seconds
[2024-05-23 09:41:24,152] {processor.py:153} INFO - Started process (PID=2229) to work on /home/airflow/.local/lib/python3.7/site-packages/airflow/example_dags/example_bash_operator.py
[2024-05-23 09:41:24,153] {processor.py:641} INFO - Processing file /home/airflow/.local/lib/python3.7/site-packages/airflow/example_dags/example_bash_operator.py for tasks to queue
[2024-05-23 09:41:24,153] {logging_mixin.py:115} INFO - [2024-05-23 09:41:24,153] {dagbag.py:508} INFO - Filling up the DagBag from /home/airflow/.local/lib/python3.7/site-packages/airflow/example_dags/example_bash_operator.py
[2024-05-23 09:41:24,161] {processor.py:651} INFO - DAG(s) dict_keys(['example_bash_operator']) retrieved from /home/airflow/.local/lib/python3.7/site-packages/airflow/example_dags/example_bash_operator.py
[2024-05-23 09:41:24,179] {logging_mixin.py:115} INFO - [2024-05-23 09:41:24,179] {dag.py:2420} INFO - Sync 1 DAGs
[2024-05-23 09:41:24,193] {logging_mixin.py:115} INFO - [2024-05-23 09:41:24,193] {dag.py:2972} INFO - Setting next_dagrun for example_bash_operator to 2024-05-22T00:00:00+00:00, run_after=2024-05-23T00:00:00+00:00
[2024-05-23 09:41:24,199] {processor.py:161} INFO - Processing /home/airflow/.local/lib/python3.7/site-packages/airflow/example_dags/example_bash_operator.py took 0.050 seconds
[2024-05-23 09:41:54,871] {processor.py:153} INFO - Started process (PID=2291) to work on /home/airflow/.local/lib/python3.7/site-packages/airflow/example_dags/example_bash_operator.py
[2024-05-23 09:41:54,872] {processor.py:641} INFO - Processing file /home/airflow/.local/lib/python3.7/site-packages/airflow/example_dags/example_bash_operator.py for tasks to queue
[2024-05-23 09:41:54,872] {logging_mixin.py:115} INFO - [2024-05-23 09:41:54,872] {dagbag.py:508} INFO - Filling up the DagBag from /home/airflow/.local/lib/python3.7/site-packages/airflow/example_dags/example_bash_operator.py
[2024-05-23 09:41:54,880] {processor.py:651} INFO - DAG(s) dict_keys(['example_bash_operator']) retrieved from /home/airflow/.local/lib/python3.7/site-packages/airflow/example_dags/example_bash_operator.py
[2024-05-23 09:41:54,899] {logging_mixin.py:115} INFO - [2024-05-23 09:41:54,899] {dag.py:2420} INFO - Sync 1 DAGs
[2024-05-23 09:41:54,913] {logging_mixin.py:115} INFO - [2024-05-23 09:41:54,913] {dag.py:2972} INFO - Setting next_dagrun for example_bash_operator to 2024-05-22T00:00:00+00:00, run_after=2024-05-23T00:00:00+00:00
[2024-05-23 09:41:54,921] {processor.py:161} INFO - Processing /home/airflow/.local/lib/python3.7/site-packages/airflow/example_dags/example_bash_operator.py took 0.053 seconds
[2024-05-23 09:42:25,336] {processor.py:153} INFO - Started process (PID=2344) to work on /home/airflow/.local/lib/python3.7/site-packages/airflow/example_dags/example_bash_operator.py
[2024-05-23 09:42:25,337] {processor.py:641} INFO - Processing file /home/airflow/.local/lib/python3.7/site-packages/airflow/example_dags/example_bash_operator.py for tasks to queue
[2024-05-23 09:42:25,337] {logging_mixin.py:115} INFO - [2024-05-23 09:42:25,337] {dagbag.py:508} INFO - Filling up the DagBag from /home/airflow/.local/lib/python3.7/site-packages/airflow/example_dags/example_bash_operator.py
[2024-05-23 09:42:25,344] {processor.py:651} INFO - DAG(s) dict_keys(['example_bash_operator']) retrieved from /home/airflow/.local/lib/python3.7/site-packages/airflow/example_dags/example_bash_operator.py
[2024-05-23 09:42:25,362] {logging_mixin.py:115} INFO - [2024-05-23 09:42:25,362] {dag.py:2420} INFO - Sync 1 DAGs
[2024-05-23 09:42:25,375] {logging_mixin.py:115} INFO - [2024-05-23 09:42:25,375] {dag.py:2972} INFO - Setting next_dagrun for example_bash_operator to 2024-05-22T00:00:00+00:00, run_after=2024-05-23T00:00:00+00:00
[2024-05-23 09:42:25,382] {processor.py:161} INFO - Processing /home/airflow/.local/lib/python3.7/site-packages/airflow/example_dags/example_bash_operator.py took 0.049 seconds
[2024-05-23 09:42:55,767] {processor.py:153} INFO - Started process (PID=2406) to work on /home/airflow/.local/lib/python3.7/site-packages/airflow/example_dags/example_bash_operator.py
[2024-05-23 09:42:55,768] {processor.py:641} INFO - Processing file /home/airflow/.local/lib/python3.7/site-packages/airflow/example_dags/example_bash_operator.py for tasks to queue
[2024-05-23 09:42:55,768] {logging_mixin.py:115} INFO - [2024-05-23 09:42:55,768] {dagbag.py:508} INFO - Filling up the DagBag from /home/airflow/.local/lib/python3.7/site-packages/airflow/example_dags/example_bash_operator.py
[2024-05-23 09:42:55,776] {processor.py:651} INFO - DAG(s) dict_keys(['example_bash_operator']) retrieved from /home/airflow/.local/lib/python3.7/site-packages/airflow/example_dags/example_bash_operator.py
[2024-05-23 09:42:55,794] {logging_mixin.py:115} INFO - [2024-05-23 09:42:55,794] {dag.py:2420} INFO - Sync 1 DAGs
[2024-05-23 09:42:55,807] {logging_mixin.py:115} INFO - [2024-05-23 09:42:55,807] {dag.py:2972} INFO - Setting next_dagrun for example_bash_operator to 2024-05-22T00:00:00+00:00, run_after=2024-05-23T00:00:00+00:00
[2024-05-23 09:42:55,814] {processor.py:161} INFO - Processing /home/airflow/.local/lib/python3.7/site-packages/airflow/example_dags/example_bash_operator.py took 0.049 seconds
[2024-05-23 09:43:26,245] {processor.py:153} INFO - Started process (PID=2469) to work on /home/airflow/.local/lib/python3.7/site-packages/airflow/example_dags/example_bash_operator.py
[2024-05-23 09:43:26,246] {processor.py:641} INFO - Processing file /home/airflow/.local/lib/python3.7/site-packages/airflow/example_dags/example_bash_operator.py for tasks to queue
[2024-05-23 09:43:26,247] {logging_mixin.py:115} INFO - [2024-05-23 09:43:26,247] {dagbag.py:508} INFO - Filling up the DagBag from /home/airflow/.local/lib/python3.7/site-packages/airflow/example_dags/example_bash_operator.py
[2024-05-23 09:43:26,254] {processor.py:651} INFO - DAG(s) dict_keys(['example_bash_operator']) retrieved from /home/airflow/.local/lib/python3.7/site-packages/airflow/example_dags/example_bash_operator.py
[2024-05-23 09:43:26,273] {logging_mixin.py:115} INFO - [2024-05-23 09:43:26,273] {dag.py:2420} INFO - Sync 1 DAGs
[2024-05-23 09:43:26,285] {logging_mixin.py:115} INFO - [2024-05-23 09:43:26,285] {dag.py:2972} INFO - Setting next_dagrun for example_bash_operator to 2024-05-22T00:00:00+00:00, run_after=2024-05-23T00:00:00+00:00
[2024-05-23 09:43:26,292] {processor.py:161} INFO - Processing /home/airflow/.local/lib/python3.7/site-packages/airflow/example_dags/example_bash_operator.py took 0.049 seconds
[2024-05-23 09:43:56,738] {processor.py:153} INFO - Started process (PID=2531) to work on /home/airflow/.local/lib/python3.7/site-packages/airflow/example_dags/example_bash_operator.py
[2024-05-23 09:43:56,739] {processor.py:641} INFO - Processing file /home/airflow/.local/lib/python3.7/site-packages/airflow/example_dags/example_bash_operator.py for tasks to queue
[2024-05-23 09:43:56,740] {logging_mixin.py:115} INFO - [2024-05-23 09:43:56,740] {dagbag.py:508} INFO - Filling up the DagBag from /home/airflow/.local/lib/python3.7/site-packages/airflow/example_dags/example_bash_operator.py
[2024-05-23 09:43:56,748] {processor.py:651} INFO - DAG(s) dict_keys(['example_bash_operator']) retrieved from /home/airflow/.local/lib/python3.7/site-packages/airflow/example_dags/example_bash_operator.py
[2024-05-23 09:43:56,770] {logging_mixin.py:115} INFO - [2024-05-23 09:43:56,770] {dag.py:2420} INFO - Sync 1 DAGs
[2024-05-23 09:43:56,782] {logging_mixin.py:115} INFO - [2024-05-23 09:43:56,782] {dag.py:2972} INFO - Setting next_dagrun for example_bash_operator to 2024-05-22T00:00:00+00:00, run_after=2024-05-23T00:00:00+00:00
[2024-05-23 09:43:56,789] {processor.py:161} INFO - Processing /home/airflow/.local/lib/python3.7/site-packages/airflow/example_dags/example_bash_operator.py took 0.053 seconds
[2024-05-23 09:44:27,167] {processor.py:153} INFO - Started process (PID=2593) to work on /home/airflow/.local/lib/python3.7/site-packages/airflow/example_dags/example_bash_operator.py
[2024-05-23 09:44:27,168] {processor.py:641} INFO - Processing file /home/airflow/.local/lib/python3.7/site-packages/airflow/example_dags/example_bash_operator.py for tasks to queue
[2024-05-23 09:44:27,169] {logging_mixin.py:115} INFO - [2024-05-23 09:44:27,169] {dagbag.py:508} INFO - Filling up the DagBag from /home/airflow/.local/lib/python3.7/site-packages/airflow/example_dags/example_bash_operator.py
[2024-05-23 09:44:27,176] {processor.py:651} INFO - DAG(s) dict_keys(['example_bash_operator']) retrieved from /home/airflow/.local/lib/python3.7/site-packages/airflow/example_dags/example_bash_operator.py
[2024-05-23 09:44:27,194] {logging_mixin.py:115} INFO - [2024-05-23 09:44:27,194] {dag.py:2420} INFO - Sync 1 DAGs
[2024-05-23 09:44:27,206] {logging_mixin.py:115} INFO - [2024-05-23 09:44:27,206] {dag.py:2972} INFO - Setting next_dagrun for example_bash_operator to 2024-05-22T00:00:00+00:00, run_after=2024-05-23T00:00:00+00:00
[2024-05-23 09:44:27,213] {processor.py:161} INFO - Processing /home/airflow/.local/lib/python3.7/site-packages/airflow/example_dags/example_bash_operator.py took 0.048 seconds
[2024-05-23 09:44:57,740] {processor.py:153} INFO - Started process (PID=2655) to work on /home/airflow/.local/lib/python3.7/site-packages/airflow/example_dags/example_bash_operator.py
[2024-05-23 09:44:57,741] {processor.py:641} INFO - Processing file /home/airflow/.local/lib/python3.7/site-packages/airflow/example_dags/example_bash_operator.py for tasks to queue
[2024-05-23 09:44:57,742] {logging_mixin.py:115} INFO - [2024-05-23 09:44:57,742] {dagbag.py:508} INFO - Filling up the DagBag from /home/airflow/.local/lib/python3.7/site-packages/airflow/example_dags/example_bash_operator.py
[2024-05-23 09:44:57,750] {processor.py:651} INFO - DAG(s) dict_keys(['example_bash_operator']) retrieved from /home/airflow/.local/lib/python3.7/site-packages/airflow/example_dags/example_bash_operator.py
[2024-05-23 09:44:57,769] {logging_mixin.py:115} INFO - [2024-05-23 09:44:57,769] {dag.py:2420} INFO - Sync 1 DAGs
[2024-05-23 09:44:57,783] {logging_mixin.py:115} INFO - [2024-05-23 09:44:57,782] {dag.py:2972} INFO - Setting next_dagrun for example_bash_operator to 2024-05-22T00:00:00+00:00, run_after=2024-05-23T00:00:00+00:00
[2024-05-23 09:44:57,790] {processor.py:161} INFO - Processing /home/airflow/.local/lib/python3.7/site-packages/airflow/example_dags/example_bash_operator.py took 0.053 seconds
[2024-05-23 09:45:28,260] {processor.py:153} INFO - Started process (PID=2708) to work on /home/airflow/.local/lib/python3.7/site-packages/airflow/example_dags/example_bash_operator.py
[2024-05-23 09:45:28,261] {processor.py:641} INFO - Processing file /home/airflow/.local/lib/python3.7/site-packages/airflow/example_dags/example_bash_operator.py for tasks to queue
[2024-05-23 09:45:28,262] {logging_mixin.py:115} INFO - [2024-05-23 09:45:28,262] {dagbag.py:508} INFO - Filling up the DagBag from /home/airflow/.local/lib/python3.7/site-packages/airflow/example_dags/example_bash_operator.py
[2024-05-23 09:45:28,269] {processor.py:651} INFO - DAG(s) dict_keys(['example_bash_operator']) retrieved from /home/airflow/.local/lib/python3.7/site-packages/airflow/example_dags/example_bash_operator.py
[2024-05-23 09:45:28,287] {logging_mixin.py:115} INFO - [2024-05-23 09:45:28,287] {dag.py:2420} INFO - Sync 1 DAGs
[2024-05-23 09:45:28,300] {logging_mixin.py:115} INFO - [2024-05-23 09:45:28,300] {dag.py:2972} INFO - Setting next_dagrun for example_bash_operator to 2024-05-22T00:00:00+00:00, run_after=2024-05-23T00:00:00+00:00
[2024-05-23 09:45:28,306] {processor.py:161} INFO - Processing /home/airflow/.local/lib/python3.7/site-packages/airflow/example_dags/example_bash_operator.py took 0.048 seconds
[2024-05-23 09:45:58,742] {processor.py:153} INFO - Started process (PID=2770) to work on /home/airflow/.local/lib/python3.7/site-packages/airflow/example_dags/example_bash_operator.py
[2024-05-23 09:45:58,743] {processor.py:641} INFO - Processing file /home/airflow/.local/lib/python3.7/site-packages/airflow/example_dags/example_bash_operator.py for tasks to queue
[2024-05-23 09:45:58,743] {logging_mixin.py:115} INFO - [2024-05-23 09:45:58,743] {dagbag.py:508} INFO - Filling up the DagBag from /home/airflow/.local/lib/python3.7/site-packages/airflow/example_dags/example_bash_operator.py
[2024-05-23 09:45:58,751] {processor.py:651} INFO - DAG(s) dict_keys(['example_bash_operator']) retrieved from /home/airflow/.local/lib/python3.7/site-packages/airflow/example_dags/example_bash_operator.py
[2024-05-23 09:45:58,771] {logging_mixin.py:115} INFO - [2024-05-23 09:45:58,771] {dag.py:2420} INFO - Sync 1 DAGs
[2024-05-23 09:45:58,785] {logging_mixin.py:115} INFO - [2024-05-23 09:45:58,785] {dag.py:2972} INFO - Setting next_dagrun for example_bash_operator to 2024-05-22T00:00:00+00:00, run_after=2024-05-23T00:00:00+00:00
[2024-05-23 09:45:58,792] {processor.py:161} INFO - Processing /home/airflow/.local/lib/python3.7/site-packages/airflow/example_dags/example_bash_operator.py took 0.053 seconds
[2024-05-23 09:46:29,120] {processor.py:153} INFO - Started process (PID=2832) to work on /home/airflow/.local/lib/python3.7/site-packages/airflow/example_dags/example_bash_operator.py
[2024-05-23 09:46:29,121] {processor.py:641} INFO - Processing file /home/airflow/.local/lib/python3.7/site-packages/airflow/example_dags/example_bash_operator.py for tasks to queue
[2024-05-23 09:46:29,122] {logging_mixin.py:115} INFO - [2024-05-23 09:46:29,122] {dagbag.py:508} INFO - Filling up the DagBag from /home/airflow/.local/lib/python3.7/site-packages/airflow/example_dags/example_bash_operator.py
[2024-05-23 09:46:29,129] {processor.py:651} INFO - DAG(s) dict_keys(['example_bash_operator']) retrieved from /home/airflow/.local/lib/python3.7/site-packages/airflow/example_dags/example_bash_operator.py
[2024-05-23 09:46:29,147] {logging_mixin.py:115} INFO - [2024-05-23 09:46:29,147] {dag.py:2420} INFO - Sync 1 DAGs
[2024-05-23 09:46:29,159] {logging_mixin.py:115} INFO - [2024-05-23 09:46:29,159] {dag.py:2972} INFO - Setting next_dagrun for example_bash_operator to 2024-05-22T00:00:00+00:00, run_after=2024-05-23T00:00:00+00:00
[2024-05-23 09:46:29,166] {processor.py:161} INFO - Processing /home/airflow/.local/lib/python3.7/site-packages/airflow/example_dags/example_bash_operator.py took 0.047 seconds
[2024-05-23 09:46:59,555] {processor.py:153} INFO - Started process (PID=2894) to work on /home/airflow/.local/lib/python3.7/site-packages/airflow/example_dags/example_bash_operator.py
[2024-05-23 09:46:59,556] {processor.py:641} INFO - Processing file /home/airflow/.local/lib/python3.7/site-packages/airflow/example_dags/example_bash_operator.py for tasks to queue
[2024-05-23 09:46:59,557] {logging_mixin.py:115} INFO - [2024-05-23 09:46:59,557] {dagbag.py:508} INFO - Filling up the DagBag from /home/airflow/.local/lib/python3.7/site-packages/airflow/example_dags/example_bash_operator.py
[2024-05-23 09:46:59,565] {processor.py:651} INFO - DAG(s) dict_keys(['example_bash_operator']) retrieved from /home/airflow/.local/lib/python3.7/site-packages/airflow/example_dags/example_bash_operator.py
[2024-05-23 09:46:59,588] {logging_mixin.py:115} INFO - [2024-05-23 09:46:59,588] {dag.py:2420} INFO - Sync 1 DAGs
[2024-05-23 09:46:59,610] {logging_mixin.py:115} INFO - [2024-05-23 09:46:59,609] {dag.py:2972} INFO - Setting next_dagrun for example_bash_operator to 2024-05-22T00:00:00+00:00, run_after=2024-05-23T00:00:00+00:00
[2024-05-23 09:46:59,621] {processor.py:161} INFO - Processing /home/airflow/.local/lib/python3.7/site-packages/airflow/example_dags/example_bash_operator.py took 0.068 seconds
[2024-05-23 09:47:30,258] {processor.py:153} INFO - Started process (PID=2956) to work on /home/airflow/.local/lib/python3.7/site-packages/airflow/example_dags/example_bash_operator.py
[2024-05-23 09:47:30,259] {processor.py:641} INFO - Processing file /home/airflow/.local/lib/python3.7/site-packages/airflow/example_dags/example_bash_operator.py for tasks to queue
[2024-05-23 09:47:30,259] {logging_mixin.py:115} INFO - [2024-05-23 09:47:30,259] {dagbag.py:508} INFO - Filling up the DagBag from /home/airflow/.local/lib/python3.7/site-packages/airflow/example_dags/example_bash_operator.py
[2024-05-23 09:47:30,266] {processor.py:651} INFO - DAG(s) dict_keys(['example_bash_operator']) retrieved from /home/airflow/.local/lib/python3.7/site-packages/airflow/example_dags/example_bash_operator.py
[2024-05-23 09:47:30,285] {logging_mixin.py:115} INFO - [2024-05-23 09:47:30,285] {dag.py:2420} INFO - Sync 1 DAGs
[2024-05-23 09:47:30,298] {logging_mixin.py:115} INFO - [2024-05-23 09:47:30,298] {dag.py:2972} INFO - Setting next_dagrun for example_bash_operator to 2024-05-22T00:00:00+00:00, run_after=2024-05-23T00:00:00+00:00
[2024-05-23 09:47:30,305] {processor.py:161} INFO - Processing /home/airflow/.local/lib/python3.7/site-packages/airflow/example_dags/example_bash_operator.py took 0.049 seconds
[2024-05-23 09:48:00,680] {processor.py:153} INFO - Started process (PID=3009) to work on /home/airflow/.local/lib/python3.7/site-packages/airflow/example_dags/example_bash_operator.py
[2024-05-23 09:48:00,681] {processor.py:641} INFO - Processing file /home/airflow/.local/lib/python3.7/site-packages/airflow/example_dags/example_bash_operator.py for tasks to queue
[2024-05-23 09:48:00,681] {logging_mixin.py:115} INFO - [2024-05-23 09:48:00,681] {dagbag.py:508} INFO - Filling up the DagBag from /home/airflow/.local/lib/python3.7/site-packages/airflow/example_dags/example_bash_operator.py
[2024-05-23 09:48:00,690] {processor.py:651} INFO - DAG(s) dict_keys(['example_bash_operator']) retrieved from /home/airflow/.local/lib/python3.7/site-packages/airflow/example_dags/example_bash_operator.py
[2024-05-23 09:48:00,707] {logging_mixin.py:115} INFO - [2024-05-23 09:48:00,707] {dag.py:2420} INFO - Sync 1 DAGs
[2024-05-23 09:48:00,722] {logging_mixin.py:115} INFO - [2024-05-23 09:48:00,722] {dag.py:2972} INFO - Setting next_dagrun for example_bash_operator to 2024-05-22T00:00:00+00:00, run_after=2024-05-23T00:00:00+00:00
[2024-05-23 09:48:00,729] {processor.py:161} INFO - Processing /home/airflow/.local/lib/python3.7/site-packages/airflow/example_dags/example_bash_operator.py took 0.051 seconds
[2024-05-23 09:48:31,144] {processor.py:153} INFO - Started process (PID=3071) to work on /home/airflow/.local/lib/python3.7/site-packages/airflow/example_dags/example_bash_operator.py
[2024-05-23 09:48:31,145] {processor.py:641} INFO - Processing file /home/airflow/.local/lib/python3.7/site-packages/airflow/example_dags/example_bash_operator.py for tasks to queue
[2024-05-23 09:48:31,146] {logging_mixin.py:115} INFO - [2024-05-23 09:48:31,146] {dagbag.py:508} INFO - Filling up the DagBag from /home/airflow/.local/lib/python3.7/site-packages/airflow/example_dags/example_bash_operator.py
[2024-05-23 09:48:31,154] {processor.py:651} INFO - DAG(s) dict_keys(['example_bash_operator']) retrieved from /home/airflow/.local/lib/python3.7/site-packages/airflow/example_dags/example_bash_operator.py
[2024-05-23 09:48:31,171] {logging_mixin.py:115} INFO - [2024-05-23 09:48:31,171] {dag.py:2420} INFO - Sync 1 DAGs
[2024-05-23 09:48:31,184] {logging_mixin.py:115} INFO - [2024-05-23 09:48:31,184] {dag.py:2972} INFO - Setting next_dagrun for example_bash_operator to 2024-05-22T00:00:00+00:00, run_after=2024-05-23T00:00:00+00:00
[2024-05-23 09:48:31,190] {processor.py:161} INFO - Processing /home/airflow/.local/lib/python3.7/site-packages/airflow/example_dags/example_bash_operator.py took 0.048 seconds
[2024-05-23 09:49:01,634] {processor.py:153} INFO - Started process (PID=3133) to work on /home/airflow/.local/lib/python3.7/site-packages/airflow/example_dags/example_bash_operator.py
[2024-05-23 09:49:01,635] {processor.py:641} INFO - Processing file /home/airflow/.local/lib/python3.7/site-packages/airflow/example_dags/example_bash_operator.py for tasks to queue
[2024-05-23 09:49:01,637] {logging_mixin.py:115} INFO - [2024-05-23 09:49:01,637] {dagbag.py:508} INFO - Filling up the DagBag from /home/airflow/.local/lib/python3.7/site-packages/airflow/example_dags/example_bash_operator.py
[2024-05-23 09:49:01,644] {processor.py:651} INFO - DAG(s) dict_keys(['example_bash_operator']) retrieved from /home/airflow/.local/lib/python3.7/site-packages/airflow/example_dags/example_bash_operator.py
[2024-05-23 09:49:01,663] {logging_mixin.py:115} INFO - [2024-05-23 09:49:01,663] {dag.py:2420} INFO - Sync 1 DAGs
[2024-05-23 09:49:01,675] {logging_mixin.py:115} INFO - [2024-05-23 09:49:01,675] {dag.py:2972} INFO - Setting next_dagrun for example_bash_operator to 2024-05-22T00:00:00+00:00, run_after=2024-05-23T00:00:00+00:00
[2024-05-23 09:49:01,682] {processor.py:161} INFO - Processing /home/airflow/.local/lib/python3.7/site-packages/airflow/example_dags/example_bash_operator.py took 0.050 seconds
[2024-05-23 09:49:32,221] {processor.py:153} INFO - Started process (PID=3195) to work on /home/airflow/.local/lib/python3.7/site-packages/airflow/example_dags/example_bash_operator.py
[2024-05-23 09:49:32,222] {processor.py:641} INFO - Processing file /home/airflow/.local/lib/python3.7/site-packages/airflow/example_dags/example_bash_operator.py for tasks to queue
[2024-05-23 09:49:32,223] {logging_mixin.py:115} INFO - [2024-05-23 09:49:32,223] {dagbag.py:508} INFO - Filling up the DagBag from /home/airflow/.local/lib/python3.7/site-packages/airflow/example_dags/example_bash_operator.py
[2024-05-23 09:49:32,231] {processor.py:651} INFO - DAG(s) dict_keys(['example_bash_operator']) retrieved from /home/airflow/.local/lib/python3.7/site-packages/airflow/example_dags/example_bash_operator.py
[2024-05-23 09:49:32,249] {logging_mixin.py:115} INFO - [2024-05-23 09:49:32,249] {dag.py:2420} INFO - Sync 1 DAGs
[2024-05-23 09:49:32,263] {logging_mixin.py:115} INFO - [2024-05-23 09:49:32,263] {dag.py:2972} INFO - Setting next_dagrun for example_bash_operator to 2024-05-22T00:00:00+00:00, run_after=2024-05-23T00:00:00+00:00
[2024-05-23 09:49:32,277] {processor.py:161} INFO - Processing /home/airflow/.local/lib/python3.7/site-packages/airflow/example_dags/example_bash_operator.py took 0.058 seconds
[2024-05-23 09:50:02,680] {processor.py:153} INFO - Started process (PID=3257) to work on /home/airflow/.local/lib/python3.7/site-packages/airflow/example_dags/example_bash_operator.py
[2024-05-23 09:50:02,681] {processor.py:641} INFO - Processing file /home/airflow/.local/lib/python3.7/site-packages/airflow/example_dags/example_bash_operator.py for tasks to queue
[2024-05-23 09:50:02,682] {logging_mixin.py:115} INFO - [2024-05-23 09:50:02,682] {dagbag.py:508} INFO - Filling up the DagBag from /home/airflow/.local/lib/python3.7/site-packages/airflow/example_dags/example_bash_operator.py
[2024-05-23 09:50:02,689] {processor.py:651} INFO - DAG(s) dict_keys(['example_bash_operator']) retrieved from /home/airflow/.local/lib/python3.7/site-packages/airflow/example_dags/example_bash_operator.py
[2024-05-23 09:50:02,708] {logging_mixin.py:115} INFO - [2024-05-23 09:50:02,708] {dag.py:2420} INFO - Sync 1 DAGs
[2024-05-23 09:50:02,720] {logging_mixin.py:115} INFO - [2024-05-23 09:50:02,720] {dag.py:2972} INFO - Setting next_dagrun for example_bash_operator to 2024-05-22T00:00:00+00:00, run_after=2024-05-23T00:00:00+00:00
[2024-05-23 09:50:02,727] {processor.py:161} INFO - Processing /home/airflow/.local/lib/python3.7/site-packages/airflow/example_dags/example_bash_operator.py took 0.049 seconds
[2024-05-23 09:50:33,131] {processor.py:153} INFO - Started process (PID=3319) to work on /home/airflow/.local/lib/python3.7/site-packages/airflow/example_dags/example_bash_operator.py
[2024-05-23 09:50:33,132] {processor.py:641} INFO - Processing file /home/airflow/.local/lib/python3.7/site-packages/airflow/example_dags/example_bash_operator.py for tasks to queue
[2024-05-23 09:50:33,133] {logging_mixin.py:115} INFO - [2024-05-23 09:50:33,133] {dagbag.py:508} INFO - Filling up the DagBag from /home/airflow/.local/lib/python3.7/site-packages/airflow/example_dags/example_bash_operator.py
[2024-05-23 09:50:33,140] {processor.py:651} INFO - DAG(s) dict_keys(['example_bash_operator']) retrieved from /home/airflow/.local/lib/python3.7/site-packages/airflow/example_dags/example_bash_operator.py
[2024-05-23 09:50:33,158] {logging_mixin.py:115} INFO - [2024-05-23 09:50:33,158] {dag.py:2420} INFO - Sync 1 DAGs
[2024-05-23 09:50:33,170] {logging_mixin.py:115} INFO - [2024-05-23 09:50:33,170] {dag.py:2972} INFO - Setting next_dagrun for example_bash_operator to 2024-05-22T00:00:00+00:00, run_after=2024-05-23T00:00:00+00:00
[2024-05-23 09:50:33,177] {processor.py:161} INFO - Processing /home/airflow/.local/lib/python3.7/site-packages/airflow/example_dags/example_bash_operator.py took 0.048 seconds
[2024-05-23 09:51:03,725] {processor.py:153} INFO - Started process (PID=3372) to work on /home/airflow/.local/lib/python3.7/site-packages/airflow/example_dags/example_bash_operator.py
[2024-05-23 09:51:03,726] {processor.py:641} INFO - Processing file /home/airflow/.local/lib/python3.7/site-packages/airflow/example_dags/example_bash_operator.py for tasks to queue
[2024-05-23 09:51:03,727] {logging_mixin.py:115} INFO - [2024-05-23 09:51:03,726] {dagbag.py:508} INFO - Filling up the DagBag from /home/airflow/.local/lib/python3.7/site-packages/airflow/example_dags/example_bash_operator.py
[2024-05-23 09:51:03,735] {processor.py:651} INFO - DAG(s) dict_keys(['example_bash_operator']) retrieved from /home/airflow/.local/lib/python3.7/site-packages/airflow/example_dags/example_bash_operator.py
[2024-05-23 09:51:03,752] {logging_mixin.py:115} INFO - [2024-05-23 09:51:03,752] {dag.py:2420} INFO - Sync 1 DAGs
[2024-05-23 09:51:03,765] {logging_mixin.py:115} INFO - [2024-05-23 09:51:03,765] {dag.py:2972} INFO - Setting next_dagrun for example_bash_operator to 2024-05-22T00:00:00+00:00, run_after=2024-05-23T00:00:00+00:00
[2024-05-23 09:51:03,773] {processor.py:161} INFO - Processing /home/airflow/.local/lib/python3.7/site-packages/airflow/example_dags/example_bash_operator.py took 0.050 seconds
[2024-05-23 09:51:34,085] {processor.py:153} INFO - Started process (PID=3434) to work on /home/airflow/.local/lib/python3.7/site-packages/airflow/example_dags/example_bash_operator.py
[2024-05-23 09:51:34,086] {processor.py:641} INFO - Processing file /home/airflow/.local/lib/python3.7/site-packages/airflow/example_dags/example_bash_operator.py for tasks to queue
[2024-05-23 09:51:34,087] {logging_mixin.py:115} INFO - [2024-05-23 09:51:34,087] {dagbag.py:508} INFO - Filling up the DagBag from /home/airflow/.local/lib/python3.7/site-packages/airflow/example_dags/example_bash_operator.py
[2024-05-23 09:51:34,094] {processor.py:651} INFO - DAG(s) dict_keys(['example_bash_operator']) retrieved from /home/airflow/.local/lib/python3.7/site-packages/airflow/example_dags/example_bash_operator.py
[2024-05-23 09:51:34,113] {logging_mixin.py:115} INFO - [2024-05-23 09:51:34,113] {dag.py:2420} INFO - Sync 1 DAGs
[2024-05-23 09:51:34,126] {logging_mixin.py:115} INFO - [2024-05-23 09:51:34,126] {dag.py:2972} INFO - Setting next_dagrun for example_bash_operator to 2024-05-22T00:00:00+00:00, run_after=2024-05-23T00:00:00+00:00
[2024-05-23 09:51:34,133] {processor.py:161} INFO - Processing /home/airflow/.local/lib/python3.7/site-packages/airflow/example_dags/example_bash_operator.py took 0.050 seconds
[2024-05-23 09:52:04,511] {processor.py:153} INFO - Started process (PID=3496) to work on /home/airflow/.local/lib/python3.7/site-packages/airflow/example_dags/example_bash_operator.py
[2024-05-23 09:52:04,512] {processor.py:641} INFO - Processing file /home/airflow/.local/lib/python3.7/site-packages/airflow/example_dags/example_bash_operator.py for tasks to queue
[2024-05-23 09:52:04,512] {logging_mixin.py:115} INFO - [2024-05-23 09:52:04,512] {dagbag.py:508} INFO - Filling up the DagBag from /home/airflow/.local/lib/python3.7/site-packages/airflow/example_dags/example_bash_operator.py
[2024-05-23 09:52:04,520] {processor.py:651} INFO - DAG(s) dict_keys(['example_bash_operator']) retrieved from /home/airflow/.local/lib/python3.7/site-packages/airflow/example_dags/example_bash_operator.py
[2024-05-23 09:52:04,539] {logging_mixin.py:115} INFO - [2024-05-23 09:52:04,539] {dag.py:2420} INFO - Sync 1 DAGs
[2024-05-23 09:52:04,556] {logging_mixin.py:115} INFO - [2024-05-23 09:52:04,556] {dag.py:2972} INFO - Setting next_dagrun for example_bash_operator to 2024-05-22T00:00:00+00:00, run_after=2024-05-23T00:00:00+00:00
[2024-05-23 09:52:04,563] {processor.py:161} INFO - Processing /home/airflow/.local/lib/python3.7/site-packages/airflow/example_dags/example_bash_operator.py took 0.055 seconds
[2024-05-23 09:52:35,067] {processor.py:153} INFO - Started process (PID=3558) to work on /home/airflow/.local/lib/python3.7/site-packages/airflow/example_dags/example_bash_operator.py
[2024-05-23 09:52:35,068] {processor.py:641} INFO - Processing file /home/airflow/.local/lib/python3.7/site-packages/airflow/example_dags/example_bash_operator.py for tasks to queue
[2024-05-23 09:52:35,069] {logging_mixin.py:115} INFO - [2024-05-23 09:52:35,069] {dagbag.py:508} INFO - Filling up the DagBag from /home/airflow/.local/lib/python3.7/site-packages/airflow/example_dags/example_bash_operator.py
[2024-05-23 09:52:35,076] {processor.py:651} INFO - DAG(s) dict_keys(['example_bash_operator']) retrieved from /home/airflow/.local/lib/python3.7/site-packages/airflow/example_dags/example_bash_operator.py
[2024-05-23 09:52:35,094] {logging_mixin.py:115} INFO - [2024-05-23 09:52:35,094] {dag.py:2420} INFO - Sync 1 DAGs
[2024-05-23 09:52:35,106] {logging_mixin.py:115} INFO - [2024-05-23 09:52:35,106] {dag.py:2972} INFO - Setting next_dagrun for example_bash_operator to 2024-05-22T00:00:00+00:00, run_after=2024-05-23T00:00:00+00:00
[2024-05-23 09:52:35,112] {processor.py:161} INFO - Processing /home/airflow/.local/lib/python3.7/site-packages/airflow/example_dags/example_bash_operator.py took 0.047 seconds
[2024-05-23 09:53:05,521] {processor.py:153} INFO - Started process (PID=3620) to work on /home/airflow/.local/lib/python3.7/site-packages/airflow/example_dags/example_bash_operator.py
[2024-05-23 09:53:05,522] {processor.py:641} INFO - Processing file /home/airflow/.local/lib/python3.7/site-packages/airflow/example_dags/example_bash_operator.py for tasks to queue
[2024-05-23 09:53:05,523] {logging_mixin.py:115} INFO - [2024-05-23 09:53:05,523] {dagbag.py:508} INFO - Filling up the DagBag from /home/airflow/.local/lib/python3.7/site-packages/airflow/example_dags/example_bash_operator.py
[2024-05-23 09:53:05,531] {processor.py:651} INFO - DAG(s) dict_keys(['example_bash_operator']) retrieved from /home/airflow/.local/lib/python3.7/site-packages/airflow/example_dags/example_bash_operator.py
[2024-05-23 09:53:05,550] {logging_mixin.py:115} INFO - [2024-05-23 09:53:05,550] {dag.py:2420} INFO - Sync 1 DAGs
[2024-05-23 09:53:05,563] {logging_mixin.py:115} INFO - [2024-05-23 09:53:05,563] {dag.py:2972} INFO - Setting next_dagrun for example_bash_operator to 2024-05-22T00:00:00+00:00, run_after=2024-05-23T00:00:00+00:00
[2024-05-23 09:53:05,570] {processor.py:161} INFO - Processing /home/airflow/.local/lib/python3.7/site-packages/airflow/example_dags/example_bash_operator.py took 0.051 seconds
[2024-05-23 09:53:36,081] {processor.py:153} INFO - Started process (PID=3682) to work on /home/airflow/.local/lib/python3.7/site-packages/airflow/example_dags/example_bash_operator.py
[2024-05-23 09:53:36,082] {processor.py:641} INFO - Processing file /home/airflow/.local/lib/python3.7/site-packages/airflow/example_dags/example_bash_operator.py for tasks to queue
[2024-05-23 09:53:36,083] {logging_mixin.py:115} INFO - [2024-05-23 09:53:36,083] {dagbag.py:508} INFO - Filling up the DagBag from /home/airflow/.local/lib/python3.7/site-packages/airflow/example_dags/example_bash_operator.py
[2024-05-23 09:53:36,092] {processor.py:651} INFO - DAG(s) dict_keys(['example_bash_operator']) retrieved from /home/airflow/.local/lib/python3.7/site-packages/airflow/example_dags/example_bash_operator.py
[2024-05-23 09:53:36,116] {logging_mixin.py:115} INFO - [2024-05-23 09:53:36,116] {dag.py:2420} INFO - Sync 1 DAGs
[2024-05-23 09:53:36,129] {logging_mixin.py:115} INFO - [2024-05-23 09:53:36,129] {dag.py:2972} INFO - Setting next_dagrun for example_bash_operator to 2024-05-22T00:00:00+00:00, run_after=2024-05-23T00:00:00+00:00
[2024-05-23 09:53:36,136] {processor.py:161} INFO - Processing /home/airflow/.local/lib/python3.7/site-packages/airflow/example_dags/example_bash_operator.py took 0.058 seconds
[2024-05-23 09:54:06,652] {processor.py:153} INFO - Started process (PID=3735) to work on /home/airflow/.local/lib/python3.7/site-packages/airflow/example_dags/example_bash_operator.py
[2024-05-23 09:54:06,653] {processor.py:641} INFO - Processing file /home/airflow/.local/lib/python3.7/site-packages/airflow/example_dags/example_bash_operator.py for tasks to queue
[2024-05-23 09:54:06,654] {logging_mixin.py:115} INFO - [2024-05-23 09:54:06,654] {dagbag.py:508} INFO - Filling up the DagBag from /home/airflow/.local/lib/python3.7/site-packages/airflow/example_dags/example_bash_operator.py
[2024-05-23 09:54:06,661] {processor.py:651} INFO - DAG(s) dict_keys(['example_bash_operator']) retrieved from /home/airflow/.local/lib/python3.7/site-packages/airflow/example_dags/example_bash_operator.py
[2024-05-23 09:54:06,680] {logging_mixin.py:115} INFO - [2024-05-23 09:54:06,680] {dag.py:2420} INFO - Sync 1 DAGs
[2024-05-23 09:54:06,693] {logging_mixin.py:115} INFO - [2024-05-23 09:54:06,693] {dag.py:2972} INFO - Setting next_dagrun for example_bash_operator to 2024-05-22T00:00:00+00:00, run_after=2024-05-23T00:00:00+00:00
[2024-05-23 09:54:06,700] {processor.py:161} INFO - Processing /home/airflow/.local/lib/python3.7/site-packages/airflow/example_dags/example_bash_operator.py took 0.050 seconds
[2024-05-23 09:54:37,153] {processor.py:153} INFO - Started process (PID=3797) to work on /home/airflow/.local/lib/python3.7/site-packages/airflow/example_dags/example_bash_operator.py
[2024-05-23 09:54:37,154] {processor.py:641} INFO - Processing file /home/airflow/.local/lib/python3.7/site-packages/airflow/example_dags/example_bash_operator.py for tasks to queue
[2024-05-23 09:54:37,155] {logging_mixin.py:115} INFO - [2024-05-23 09:54:37,155] {dagbag.py:508} INFO - Filling up the DagBag from /home/airflow/.local/lib/python3.7/site-packages/airflow/example_dags/example_bash_operator.py
[2024-05-23 09:54:37,162] {processor.py:651} INFO - DAG(s) dict_keys(['example_bash_operator']) retrieved from /home/airflow/.local/lib/python3.7/site-packages/airflow/example_dags/example_bash_operator.py
[2024-05-23 09:54:37,180] {logging_mixin.py:115} INFO - [2024-05-23 09:54:37,180] {dag.py:2420} INFO - Sync 1 DAGs
[2024-05-23 09:54:37,192] {logging_mixin.py:115} INFO - [2024-05-23 09:54:37,192] {dag.py:2972} INFO - Setting next_dagrun for example_bash_operator to 2024-05-22T00:00:00+00:00, run_after=2024-05-23T00:00:00+00:00
[2024-05-23 09:54:37,198] {processor.py:161} INFO - Processing /home/airflow/.local/lib/python3.7/site-packages/airflow/example_dags/example_bash_operator.py took 0.048 seconds
[2024-05-23 09:55:07,556] {processor.py:153} INFO - Started process (PID=3859) to work on /home/airflow/.local/lib/python3.7/site-packages/airflow/example_dags/example_bash_operator.py
[2024-05-23 09:55:07,557] {processor.py:641} INFO - Processing file /home/airflow/.local/lib/python3.7/site-packages/airflow/example_dags/example_bash_operator.py for tasks to queue
[2024-05-23 09:55:07,557] {logging_mixin.py:115} INFO - [2024-05-23 09:55:07,557] {dagbag.py:508} INFO - Filling up the DagBag from /home/airflow/.local/lib/python3.7/site-packages/airflow/example_dags/example_bash_operator.py
[2024-05-23 09:55:07,565] {processor.py:651} INFO - DAG(s) dict_keys(['example_bash_operator']) retrieved from /home/airflow/.local/lib/python3.7/site-packages/airflow/example_dags/example_bash_operator.py
[2024-05-23 09:55:07,583] {logging_mixin.py:115} INFO - [2024-05-23 09:55:07,583] {dag.py:2420} INFO - Sync 1 DAGs
[2024-05-23 09:55:07,596] {logging_mixin.py:115} INFO - [2024-05-23 09:55:07,596] {dag.py:2972} INFO - Setting next_dagrun for example_bash_operator to 2024-05-22T00:00:00+00:00, run_after=2024-05-23T00:00:00+00:00
[2024-05-23 09:55:07,603] {processor.py:161} INFO - Processing /home/airflow/.local/lib/python3.7/site-packages/airflow/example_dags/example_bash_operator.py took 0.050 seconds
[2024-05-23 09:55:37,980] {processor.py:153} INFO - Started process (PID=3921) to work on /home/airflow/.local/lib/python3.7/site-packages/airflow/example_dags/example_bash_operator.py
[2024-05-23 09:55:37,980] {processor.py:641} INFO - Processing file /home/airflow/.local/lib/python3.7/site-packages/airflow/example_dags/example_bash_operator.py for tasks to queue
[2024-05-23 09:55:37,981] {logging_mixin.py:115} INFO - [2024-05-23 09:55:37,981] {dagbag.py:508} INFO - Filling up the DagBag from /home/airflow/.local/lib/python3.7/site-packages/airflow/example_dags/example_bash_operator.py
[2024-05-23 09:55:37,988] {processor.py:651} INFO - DAG(s) dict_keys(['example_bash_operator']) retrieved from /home/airflow/.local/lib/python3.7/site-packages/airflow/example_dags/example_bash_operator.py
[2024-05-23 09:55:38,004] {logging_mixin.py:115} INFO - [2024-05-23 09:55:38,004] {dag.py:2420} INFO - Sync 1 DAGs
[2024-05-23 09:55:38,015] {logging_mixin.py:115} INFO - [2024-05-23 09:55:38,015] {dag.py:2972} INFO - Setting next_dagrun for example_bash_operator to 2024-05-22T00:00:00+00:00, run_after=2024-05-23T00:00:00+00:00
[2024-05-23 09:55:38,022] {processor.py:161} INFO - Processing /home/airflow/.local/lib/python3.7/site-packages/airflow/example_dags/example_bash_operator.py took 0.044 seconds
[2024-05-23 09:56:08,470] {processor.py:153} INFO - Started process (PID=3983) to work on /home/airflow/.local/lib/python3.7/site-packages/airflow/example_dags/example_bash_operator.py
[2024-05-23 09:56:08,471] {processor.py:641} INFO - Processing file /home/airflow/.local/lib/python3.7/site-packages/airflow/example_dags/example_bash_operator.py for tasks to queue
[2024-05-23 09:56:08,472] {logging_mixin.py:115} INFO - [2024-05-23 09:56:08,472] {dagbag.py:508} INFO - Filling up the DagBag from /home/airflow/.local/lib/python3.7/site-packages/airflow/example_dags/example_bash_operator.py
[2024-05-23 09:56:08,479] {processor.py:651} INFO - DAG(s) dict_keys(['example_bash_operator']) retrieved from /home/airflow/.local/lib/python3.7/site-packages/airflow/example_dags/example_bash_operator.py
[2024-05-23 09:56:08,496] {logging_mixin.py:115} INFO - [2024-05-23 09:56:08,496] {dag.py:2420} INFO - Sync 1 DAGs
[2024-05-23 09:56:08,509] {logging_mixin.py:115} INFO - [2024-05-23 09:56:08,509] {dag.py:2972} INFO - Setting next_dagrun for example_bash_operator to 2024-05-22T00:00:00+00:00, run_after=2024-05-23T00:00:00+00:00
[2024-05-23 09:56:08,516] {processor.py:161} INFO - Processing /home/airflow/.local/lib/python3.7/site-packages/airflow/example_dags/example_bash_operator.py took 0.048 seconds
[2024-05-23 09:56:38,973] {processor.py:153} INFO - Started process (PID=4043) to work on /home/airflow/.local/lib/python3.7/site-packages/airflow/example_dags/example_bash_operator.py
[2024-05-23 09:56:38,974] {processor.py:641} INFO - Processing file /home/airflow/.local/lib/python3.7/site-packages/airflow/example_dags/example_bash_operator.py for tasks to queue
[2024-05-23 09:56:38,975] {logging_mixin.py:115} INFO - [2024-05-23 09:56:38,975] {dagbag.py:508} INFO - Filling up the DagBag from /home/airflow/.local/lib/python3.7/site-packages/airflow/example_dags/example_bash_operator.py
[2024-05-23 09:56:38,984] {processor.py:651} INFO - DAG(s) dict_keys(['example_bash_operator']) retrieved from /home/airflow/.local/lib/python3.7/site-packages/airflow/example_dags/example_bash_operator.py
[2024-05-23 09:56:39,003] {logging_mixin.py:115} INFO - [2024-05-23 09:56:39,003] {dag.py:2420} INFO - Sync 1 DAGs
[2024-05-23 09:56:39,017] {logging_mixin.py:115} INFO - [2024-05-23 09:56:39,017] {dag.py:2972} INFO - Setting next_dagrun for example_bash_operator to 2024-05-22T00:00:00+00:00, run_after=2024-05-23T00:00:00+00:00
[2024-05-23 09:56:39,025] {processor.py:161} INFO - Processing /home/airflow/.local/lib/python3.7/site-packages/airflow/example_dags/example_bash_operator.py took 0.054 seconds
[2024-05-23 09:57:09,386] {processor.py:153} INFO - Started process (PID=4098) to work on /home/airflow/.local/lib/python3.7/site-packages/airflow/example_dags/example_bash_operator.py
[2024-05-23 09:57:09,387] {processor.py:641} INFO - Processing file /home/airflow/.local/lib/python3.7/site-packages/airflow/example_dags/example_bash_operator.py for tasks to queue
[2024-05-23 09:57:09,388] {logging_mixin.py:115} INFO - [2024-05-23 09:57:09,388] {dagbag.py:508} INFO - Filling up the DagBag from /home/airflow/.local/lib/python3.7/site-packages/airflow/example_dags/example_bash_operator.py
[2024-05-23 09:57:09,395] {processor.py:651} INFO - DAG(s) dict_keys(['example_bash_operator']) retrieved from /home/airflow/.local/lib/python3.7/site-packages/airflow/example_dags/example_bash_operator.py
[2024-05-23 09:57:09,412] {logging_mixin.py:115} INFO - [2024-05-23 09:57:09,412] {dag.py:2420} INFO - Sync 1 DAGs
[2024-05-23 09:57:09,424] {logging_mixin.py:115} INFO - [2024-05-23 09:57:09,424] {dag.py:2972} INFO - Setting next_dagrun for example_bash_operator to 2024-05-22T00:00:00+00:00, run_after=2024-05-23T00:00:00+00:00
[2024-05-23 09:57:09,431] {processor.py:161} INFO - Processing /home/airflow/.local/lib/python3.7/site-packages/airflow/example_dags/example_bash_operator.py took 0.047 seconds
[2024-05-23 09:57:39,846] {processor.py:153} INFO - Started process (PID=4160) to work on /home/airflow/.local/lib/python3.7/site-packages/airflow/example_dags/example_bash_operator.py
[2024-05-23 09:57:39,847] {processor.py:641} INFO - Processing file /home/airflow/.local/lib/python3.7/site-packages/airflow/example_dags/example_bash_operator.py for tasks to queue
[2024-05-23 09:57:39,847] {logging_mixin.py:115} INFO - [2024-05-23 09:57:39,847] {dagbag.py:508} INFO - Filling up the DagBag from /home/airflow/.local/lib/python3.7/site-packages/airflow/example_dags/example_bash_operator.py
[2024-05-23 09:57:39,856] {processor.py:651} INFO - DAG(s) dict_keys(['example_bash_operator']) retrieved from /home/airflow/.local/lib/python3.7/site-packages/airflow/example_dags/example_bash_operator.py
[2024-05-23 09:57:39,875] {logging_mixin.py:115} INFO - [2024-05-23 09:57:39,875] {dag.py:2420} INFO - Sync 1 DAGs
[2024-05-23 09:57:39,888] {logging_mixin.py:115} INFO - [2024-05-23 09:57:39,888] {dag.py:2972} INFO - Setting next_dagrun for example_bash_operator to 2024-05-22T00:00:00+00:00, run_after=2024-05-23T00:00:00+00:00
[2024-05-23 09:57:39,896] {processor.py:161} INFO - Processing /home/airflow/.local/lib/python3.7/site-packages/airflow/example_dags/example_bash_operator.py took 0.052 seconds
[2024-05-23 09:58:10,383] {processor.py:153} INFO - Started process (PID=4222) to work on /home/airflow/.local/lib/python3.7/site-packages/airflow/example_dags/example_bash_operator.py
[2024-05-23 09:58:10,384] {processor.py:641} INFO - Processing file /home/airflow/.local/lib/python3.7/site-packages/airflow/example_dags/example_bash_operator.py for tasks to queue
[2024-05-23 09:58:10,384] {logging_mixin.py:115} INFO - [2024-05-23 09:58:10,384] {dagbag.py:508} INFO - Filling up the DagBag from /home/airflow/.local/lib/python3.7/site-packages/airflow/example_dags/example_bash_operator.py
[2024-05-23 09:58:10,391] {processor.py:651} INFO - DAG(s) dict_keys(['example_bash_operator']) retrieved from /home/airflow/.local/lib/python3.7/site-packages/airflow/example_dags/example_bash_operator.py
[2024-05-23 09:58:10,410] {logging_mixin.py:115} INFO - [2024-05-23 09:58:10,410] {dag.py:2420} INFO - Sync 1 DAGs
[2024-05-23 09:58:10,422] {logging_mixin.py:115} INFO - [2024-05-23 09:58:10,422] {dag.py:2972} INFO - Setting next_dagrun for example_bash_operator to 2024-05-22T00:00:00+00:00, run_after=2024-05-23T00:00:00+00:00
[2024-05-23 09:58:10,429] {processor.py:161} INFO - Processing /home/airflow/.local/lib/python3.7/site-packages/airflow/example_dags/example_bash_operator.py took 0.048 seconds
[2024-05-23 09:58:40,801] {processor.py:153} INFO - Started process (PID=4284) to work on /home/airflow/.local/lib/python3.7/site-packages/airflow/example_dags/example_bash_operator.py
[2024-05-23 09:58:40,802] {processor.py:641} INFO - Processing file /home/airflow/.local/lib/python3.7/site-packages/airflow/example_dags/example_bash_operator.py for tasks to queue
[2024-05-23 09:58:40,802] {logging_mixin.py:115} INFO - [2024-05-23 09:58:40,802] {dagbag.py:508} INFO - Filling up the DagBag from /home/airflow/.local/lib/python3.7/site-packages/airflow/example_dags/example_bash_operator.py
[2024-05-23 09:58:40,810] {processor.py:651} INFO - DAG(s) dict_keys(['example_bash_operator']) retrieved from /home/airflow/.local/lib/python3.7/site-packages/airflow/example_dags/example_bash_operator.py
[2024-05-23 09:58:40,828] {logging_mixin.py:115} INFO - [2024-05-23 09:58:40,828] {dag.py:2420} INFO - Sync 1 DAGs
[2024-05-23 09:58:40,841] {logging_mixin.py:115} INFO - [2024-05-23 09:58:40,841] {dag.py:2972} INFO - Setting next_dagrun for example_bash_operator to 2024-05-22T00:00:00+00:00, run_after=2024-05-23T00:00:00+00:00
[2024-05-23 09:58:40,848] {processor.py:161} INFO - Processing /home/airflow/.local/lib/python3.7/site-packages/airflow/example_dags/example_bash_operator.py took 0.049 seconds
[2024-05-23 09:59:11,277] {processor.py:153} INFO - Started process (PID=4346) to work on /home/airflow/.local/lib/python3.7/site-packages/airflow/example_dags/example_bash_operator.py
[2024-05-23 09:59:11,278] {processor.py:641} INFO - Processing file /home/airflow/.local/lib/python3.7/site-packages/airflow/example_dags/example_bash_operator.py for tasks to queue
[2024-05-23 09:59:11,279] {logging_mixin.py:115} INFO - [2024-05-23 09:59:11,278] {dagbag.py:508} INFO - Filling up the DagBag from /home/airflow/.local/lib/python3.7/site-packages/airflow/example_dags/example_bash_operator.py
[2024-05-23 09:59:11,286] {processor.py:651} INFO - DAG(s) dict_keys(['example_bash_operator']) retrieved from /home/airflow/.local/lib/python3.7/site-packages/airflow/example_dags/example_bash_operator.py
[2024-05-23 09:59:11,303] {logging_mixin.py:115} INFO - [2024-05-23 09:59:11,303] {dag.py:2420} INFO - Sync 1 DAGs
[2024-05-23 09:59:11,316] {logging_mixin.py:115} INFO - [2024-05-23 09:59:11,316] {dag.py:2972} INFO - Setting next_dagrun for example_bash_operator to 2024-05-22T00:00:00+00:00, run_after=2024-05-23T00:00:00+00:00
[2024-05-23 09:59:11,323] {processor.py:161} INFO - Processing /home/airflow/.local/lib/python3.7/site-packages/airflow/example_dags/example_bash_operator.py took 0.048 seconds
[2024-05-23 09:59:41,790] {processor.py:153} INFO - Started process (PID=4399) to work on /home/airflow/.local/lib/python3.7/site-packages/airflow/example_dags/example_bash_operator.py
[2024-05-23 09:59:41,790] {processor.py:641} INFO - Processing file /home/airflow/.local/lib/python3.7/site-packages/airflow/example_dags/example_bash_operator.py for tasks to queue
[2024-05-23 09:59:41,791] {logging_mixin.py:115} INFO - [2024-05-23 09:59:41,791] {dagbag.py:508} INFO - Filling up the DagBag from /home/airflow/.local/lib/python3.7/site-packages/airflow/example_dags/example_bash_operator.py
[2024-05-23 09:59:41,799] {processor.py:651} INFO - DAG(s) dict_keys(['example_bash_operator']) retrieved from /home/airflow/.local/lib/python3.7/site-packages/airflow/example_dags/example_bash_operator.py
[2024-05-23 09:59:41,817] {logging_mixin.py:115} INFO - [2024-05-23 09:59:41,817] {dag.py:2420} INFO - Sync 1 DAGs
[2024-05-23 09:59:41,829] {logging_mixin.py:115} INFO - [2024-05-23 09:59:41,829] {dag.py:2972} INFO - Setting next_dagrun for example_bash_operator to 2024-05-22T00:00:00+00:00, run_after=2024-05-23T00:00:00+00:00
[2024-05-23 09:59:41,835] {processor.py:161} INFO - Processing /home/airflow/.local/lib/python3.7/site-packages/airflow/example_dags/example_bash_operator.py took 0.048 seconds
[2024-05-23 10:00:12,175] {processor.py:153} INFO - Started process (PID=4461) to work on /home/airflow/.local/lib/python3.7/site-packages/airflow/example_dags/example_bash_operator.py
[2024-05-23 10:00:12,176] {processor.py:641} INFO - Processing file /home/airflow/.local/lib/python3.7/site-packages/airflow/example_dags/example_bash_operator.py for tasks to queue
[2024-05-23 10:00:12,177] {logging_mixin.py:115} INFO - [2024-05-23 10:00:12,177] {dagbag.py:508} INFO - Filling up the DagBag from /home/airflow/.local/lib/python3.7/site-packages/airflow/example_dags/example_bash_operator.py
[2024-05-23 10:00:12,184] {processor.py:651} INFO - DAG(s) dict_keys(['example_bash_operator']) retrieved from /home/airflow/.local/lib/python3.7/site-packages/airflow/example_dags/example_bash_operator.py
[2024-05-23 10:00:12,201] {logging_mixin.py:115} INFO - [2024-05-23 10:00:12,201] {dag.py:2420} INFO - Sync 1 DAGs
[2024-05-23 10:00:12,215] {logging_mixin.py:115} INFO - [2024-05-23 10:00:12,215] {dag.py:2972} INFO - Setting next_dagrun for example_bash_operator to 2024-05-22T00:00:00+00:00, run_after=2024-05-23T00:00:00+00:00
[2024-05-23 10:00:12,221] {processor.py:161} INFO - Processing /home/airflow/.local/lib/python3.7/site-packages/airflow/example_dags/example_bash_operator.py took 0.048 seconds
