[2024-05-23 09:23:08,931] {processor.py:153} INFO - Started process (PID=67) to work on /home/airflow/.local/lib/python3.7/site-packages/airflow/example_dags/example_branch_labels.py
[2024-05-23 09:23:08,933] {processor.py:641} INFO - Processing file /home/airflow/.local/lib/python3.7/site-packages/airflow/example_dags/example_branch_labels.py for tasks to queue
[2024-05-23 09:23:08,934] {logging_mixin.py:115} INFO - [2024-05-23 09:23:08,934] {dagbag.py:508} INFO - Filling up the DagBag from /home/airflow/.local/lib/python3.7/site-packages/airflow/example_dags/example_branch_labels.py
[2024-05-23 09:23:08,943] {processor.py:651} INFO - DAG(s) dict_keys(['example_branch_labels']) retrieved from /home/airflow/.local/lib/python3.7/site-packages/airflow/example_dags/example_branch_labels.py
[2024-05-23 09:23:09,023] {logging_mixin.py:115} INFO - [2024-05-23 09:23:09,022] {manager.py:508} INFO - Created Permission View: can edit on DAG:example_branch_labels
[2024-05-23 09:23:09,031] {logging_mixin.py:115} INFO - [2024-05-23 09:23:09,031] {manager.py:508} INFO - Created Permission View: can read on DAG:example_branch_labels
[2024-05-23 09:23:09,050] {logging_mixin.py:115} INFO - [2024-05-23 09:23:09,050] {manager.py:508} INFO - Created Permission View: can delete on DAG:example_branch_labels
[2024-05-23 09:23:09,051] {logging_mixin.py:115} INFO - [2024-05-23 09:23:09,051] {dag.py:2420} INFO - Sync 1 DAGs
[2024-05-23 09:23:09,062] {logging_mixin.py:115} INFO - [2024-05-23 09:23:09,062] {dag.py:2439} INFO - Creating ORM DAG for example_branch_labels
[2024-05-23 09:23:09,073] {logging_mixin.py:115} INFO - [2024-05-23 09:23:09,072] {dag.py:2972} INFO - Setting next_dagrun for example_branch_labels to 2024-05-22T00:00:00+00:00, run_after=2024-05-23T00:00:00+00:00
[2024-05-23 09:23:09,084] {processor.py:161} INFO - Processing /home/airflow/.local/lib/python3.7/site-packages/airflow/example_dags/example_branch_labels.py took 0.156 seconds
[2024-05-23 09:23:39,731] {processor.py:153} INFO - Started process (PID=128) to work on /home/airflow/.local/lib/python3.7/site-packages/airflow/example_dags/example_branch_labels.py
[2024-05-23 09:23:39,732] {processor.py:641} INFO - Processing file /home/airflow/.local/lib/python3.7/site-packages/airflow/example_dags/example_branch_labels.py for tasks to queue
[2024-05-23 09:23:39,732] {logging_mixin.py:115} INFO - [2024-05-23 09:23:39,732] {dagbag.py:508} INFO - Filling up the DagBag from /home/airflow/.local/lib/python3.7/site-packages/airflow/example_dags/example_branch_labels.py
[2024-05-23 09:23:39,737] {processor.py:651} INFO - DAG(s) dict_keys(['example_branch_labels']) retrieved from /home/airflow/.local/lib/python3.7/site-packages/airflow/example_dags/example_branch_labels.py
[2024-05-23 09:23:39,755] {logging_mixin.py:115} INFO - [2024-05-23 09:23:39,755] {dag.py:2420} INFO - Sync 1 DAGs
[2024-05-23 09:23:39,768] {logging_mixin.py:115} INFO - [2024-05-23 09:23:39,768] {dag.py:2972} INFO - Setting next_dagrun for example_branch_labels to 2024-05-22T00:00:00+00:00, run_after=2024-05-23T00:00:00+00:00
[2024-05-23 09:23:39,776] {processor.py:161} INFO - Processing /home/airflow/.local/lib/python3.7/site-packages/airflow/example_dags/example_branch_labels.py took 0.047 seconds
[2024-05-23 09:24:10,172] {processor.py:153} INFO - Started process (PID=189) to work on /home/airflow/.local/lib/python3.7/site-packages/airflow/example_dags/example_branch_labels.py
[2024-05-23 09:24:10,173] {processor.py:641} INFO - Processing file /home/airflow/.local/lib/python3.7/site-packages/airflow/example_dags/example_branch_labels.py for tasks to queue
[2024-05-23 09:24:10,173] {logging_mixin.py:115} INFO - [2024-05-23 09:24:10,173] {dagbag.py:508} INFO - Filling up the DagBag from /home/airflow/.local/lib/python3.7/site-packages/airflow/example_dags/example_branch_labels.py
[2024-05-23 09:24:10,178] {processor.py:651} INFO - DAG(s) dict_keys(['example_branch_labels']) retrieved from /home/airflow/.local/lib/python3.7/site-packages/airflow/example_dags/example_branch_labels.py
[2024-05-23 09:24:10,196] {logging_mixin.py:115} INFO - [2024-05-23 09:24:10,196] {dag.py:2420} INFO - Sync 1 DAGs
[2024-05-23 09:24:10,210] {logging_mixin.py:115} INFO - [2024-05-23 09:24:10,210] {dag.py:2972} INFO - Setting next_dagrun for example_branch_labels to 2024-05-22T00:00:00+00:00, run_after=2024-05-23T00:00:00+00:00
[2024-05-23 09:24:10,216] {processor.py:161} INFO - Processing /home/airflow/.local/lib/python3.7/site-packages/airflow/example_dags/example_branch_labels.py took 0.047 seconds
[2024-05-23 09:24:40,582] {processor.py:153} INFO - Started process (PID=250) to work on /home/airflow/.local/lib/python3.7/site-packages/airflow/example_dags/example_branch_labels.py
[2024-05-23 09:24:40,583] {processor.py:641} INFO - Processing file /home/airflow/.local/lib/python3.7/site-packages/airflow/example_dags/example_branch_labels.py for tasks to queue
[2024-05-23 09:24:40,584] {logging_mixin.py:115} INFO - [2024-05-23 09:24:40,583] {dagbag.py:508} INFO - Filling up the DagBag from /home/airflow/.local/lib/python3.7/site-packages/airflow/example_dags/example_branch_labels.py
[2024-05-23 09:24:40,588] {processor.py:651} INFO - DAG(s) dict_keys(['example_branch_labels']) retrieved from /home/airflow/.local/lib/python3.7/site-packages/airflow/example_dags/example_branch_labels.py
[2024-05-23 09:24:40,607] {logging_mixin.py:115} INFO - [2024-05-23 09:24:40,607] {dag.py:2420} INFO - Sync 1 DAGs
[2024-05-23 09:24:40,620] {logging_mixin.py:115} INFO - [2024-05-23 09:24:40,620] {dag.py:2972} INFO - Setting next_dagrun for example_branch_labels to 2024-05-22T00:00:00+00:00, run_after=2024-05-23T00:00:00+00:00
[2024-05-23 09:24:40,627] {processor.py:161} INFO - Processing /home/airflow/.local/lib/python3.7/site-packages/airflow/example_dags/example_branch_labels.py took 0.047 seconds
[2024-05-23 09:25:11,112] {processor.py:153} INFO - Started process (PID=311) to work on /home/airflow/.local/lib/python3.7/site-packages/airflow/example_dags/example_branch_labels.py
[2024-05-23 09:25:11,113] {processor.py:641} INFO - Processing file /home/airflow/.local/lib/python3.7/site-packages/airflow/example_dags/example_branch_labels.py for tasks to queue
[2024-05-23 09:25:11,114] {logging_mixin.py:115} INFO - [2024-05-23 09:25:11,114] {dagbag.py:508} INFO - Filling up the DagBag from /home/airflow/.local/lib/python3.7/site-packages/airflow/example_dags/example_branch_labels.py
[2024-05-23 09:25:11,119] {processor.py:651} INFO - DAG(s) dict_keys(['example_branch_labels']) retrieved from /home/airflow/.local/lib/python3.7/site-packages/airflow/example_dags/example_branch_labels.py
[2024-05-23 09:25:11,139] {logging_mixin.py:115} INFO - [2024-05-23 09:25:11,139] {dag.py:2420} INFO - Sync 1 DAGs
[2024-05-23 09:25:11,152] {logging_mixin.py:115} INFO - [2024-05-23 09:25:11,152] {dag.py:2972} INFO - Setting next_dagrun for example_branch_labels to 2024-05-22T00:00:00+00:00, run_after=2024-05-23T00:00:00+00:00
[2024-05-23 09:25:11,159] {processor.py:161} INFO - Processing /home/airflow/.local/lib/python3.7/site-packages/airflow/example_dags/example_branch_labels.py took 0.049 seconds
[2024-05-23 09:25:41,581] {processor.py:153} INFO - Started process (PID=363) to work on /home/airflow/.local/lib/python3.7/site-packages/airflow/example_dags/example_branch_labels.py
[2024-05-23 09:25:41,582] {processor.py:641} INFO - Processing file /home/airflow/.local/lib/python3.7/site-packages/airflow/example_dags/example_branch_labels.py for tasks to queue
[2024-05-23 09:25:41,582] {logging_mixin.py:115} INFO - [2024-05-23 09:25:41,582] {dagbag.py:508} INFO - Filling up the DagBag from /home/airflow/.local/lib/python3.7/site-packages/airflow/example_dags/example_branch_labels.py
[2024-05-23 09:25:41,587] {processor.py:651} INFO - DAG(s) dict_keys(['example_branch_labels']) retrieved from /home/airflow/.local/lib/python3.7/site-packages/airflow/example_dags/example_branch_labels.py
[2024-05-23 09:25:41,603] {logging_mixin.py:115} INFO - [2024-05-23 09:25:41,603] {dag.py:2420} INFO - Sync 1 DAGs
[2024-05-23 09:25:41,616] {logging_mixin.py:115} INFO - [2024-05-23 09:25:41,616] {dag.py:2972} INFO - Setting next_dagrun for example_branch_labels to 2024-05-22T00:00:00+00:00, run_after=2024-05-23T00:00:00+00:00
[2024-05-23 09:25:41,623] {processor.py:161} INFO - Processing /home/airflow/.local/lib/python3.7/site-packages/airflow/example_dags/example_branch_labels.py took 0.045 seconds
[2024-05-23 09:26:12,054] {processor.py:153} INFO - Started process (PID=424) to work on /home/airflow/.local/lib/python3.7/site-packages/airflow/example_dags/example_branch_labels.py
[2024-05-23 09:26:12,055] {processor.py:641} INFO - Processing file /home/airflow/.local/lib/python3.7/site-packages/airflow/example_dags/example_branch_labels.py for tasks to queue
[2024-05-23 09:26:12,056] {logging_mixin.py:115} INFO - [2024-05-23 09:26:12,056] {dagbag.py:508} INFO - Filling up the DagBag from /home/airflow/.local/lib/python3.7/site-packages/airflow/example_dags/example_branch_labels.py
[2024-05-23 09:26:12,060] {processor.py:651} INFO - DAG(s) dict_keys(['example_branch_labels']) retrieved from /home/airflow/.local/lib/python3.7/site-packages/airflow/example_dags/example_branch_labels.py
[2024-05-23 09:26:12,078] {logging_mixin.py:115} INFO - [2024-05-23 09:26:12,077] {dag.py:2420} INFO - Sync 1 DAGs
[2024-05-23 09:26:12,090] {logging_mixin.py:115} INFO - [2024-05-23 09:26:12,090] {dag.py:2972} INFO - Setting next_dagrun for example_branch_labels to 2024-05-22T00:00:00+00:00, run_after=2024-05-23T00:00:00+00:00
[2024-05-23 09:26:12,096] {processor.py:161} INFO - Processing /home/airflow/.local/lib/python3.7/site-packages/airflow/example_dags/example_branch_labels.py took 0.044 seconds
[2024-05-23 09:26:42,513] {processor.py:153} INFO - Started process (PID=485) to work on /home/airflow/.local/lib/python3.7/site-packages/airflow/example_dags/example_branch_labels.py
[2024-05-23 09:26:42,514] {processor.py:641} INFO - Processing file /home/airflow/.local/lib/python3.7/site-packages/airflow/example_dags/example_branch_labels.py for tasks to queue
[2024-05-23 09:26:42,515] {logging_mixin.py:115} INFO - [2024-05-23 09:26:42,515] {dagbag.py:508} INFO - Filling up the DagBag from /home/airflow/.local/lib/python3.7/site-packages/airflow/example_dags/example_branch_labels.py
[2024-05-23 09:26:42,520] {processor.py:651} INFO - DAG(s) dict_keys(['example_branch_labels']) retrieved from /home/airflow/.local/lib/python3.7/site-packages/airflow/example_dags/example_branch_labels.py
[2024-05-23 09:26:42,540] {logging_mixin.py:115} INFO - [2024-05-23 09:26:42,540] {dag.py:2420} INFO - Sync 1 DAGs
[2024-05-23 09:26:42,553] {logging_mixin.py:115} INFO - [2024-05-23 09:26:42,553] {dag.py:2972} INFO - Setting next_dagrun for example_branch_labels to 2024-05-22T00:00:00+00:00, run_after=2024-05-23T00:00:00+00:00
[2024-05-23 09:26:42,560] {processor.py:161} INFO - Processing /home/airflow/.local/lib/python3.7/site-packages/airflow/example_dags/example_branch_labels.py took 0.049 seconds
[2024-05-23 09:27:12,954] {processor.py:153} INFO - Started process (PID=546) to work on /home/airflow/.local/lib/python3.7/site-packages/airflow/example_dags/example_branch_labels.py
[2024-05-23 09:27:12,955] {processor.py:641} INFO - Processing file /home/airflow/.local/lib/python3.7/site-packages/airflow/example_dags/example_branch_labels.py for tasks to queue
[2024-05-23 09:27:12,955] {logging_mixin.py:115} INFO - [2024-05-23 09:27:12,955] {dagbag.py:508} INFO - Filling up the DagBag from /home/airflow/.local/lib/python3.7/site-packages/airflow/example_dags/example_branch_labels.py
[2024-05-23 09:27:12,960] {processor.py:651} INFO - DAG(s) dict_keys(['example_branch_labels']) retrieved from /home/airflow/.local/lib/python3.7/site-packages/airflow/example_dags/example_branch_labels.py
[2024-05-23 09:27:12,977] {logging_mixin.py:115} INFO - [2024-05-23 09:27:12,977] {dag.py:2420} INFO - Sync 1 DAGs
[2024-05-23 09:27:12,990] {logging_mixin.py:115} INFO - [2024-05-23 09:27:12,990] {dag.py:2972} INFO - Setting next_dagrun for example_branch_labels to 2024-05-22T00:00:00+00:00, run_after=2024-05-23T00:00:00+00:00
[2024-05-23 09:27:12,997] {processor.py:161} INFO - Processing /home/airflow/.local/lib/python3.7/site-packages/airflow/example_dags/example_branch_labels.py took 0.045 seconds
[2024-05-23 09:27:43,338] {processor.py:153} INFO - Started process (PID=607) to work on /home/airflow/.local/lib/python3.7/site-packages/airflow/example_dags/example_branch_labels.py
[2024-05-23 09:27:43,339] {processor.py:641} INFO - Processing file /home/airflow/.local/lib/python3.7/site-packages/airflow/example_dags/example_branch_labels.py for tasks to queue
[2024-05-23 09:27:43,339] {logging_mixin.py:115} INFO - [2024-05-23 09:27:43,339] {dagbag.py:508} INFO - Filling up the DagBag from /home/airflow/.local/lib/python3.7/site-packages/airflow/example_dags/example_branch_labels.py
[2024-05-23 09:27:43,345] {processor.py:651} INFO - DAG(s) dict_keys(['example_branch_labels']) retrieved from /home/airflow/.local/lib/python3.7/site-packages/airflow/example_dags/example_branch_labels.py
[2024-05-23 09:27:43,362] {logging_mixin.py:115} INFO - [2024-05-23 09:27:43,362] {dag.py:2420} INFO - Sync 1 DAGs
[2024-05-23 09:27:43,377] {logging_mixin.py:115} INFO - [2024-05-23 09:27:43,377] {dag.py:2972} INFO - Setting next_dagrun for example_branch_labels to 2024-05-22T00:00:00+00:00, run_after=2024-05-23T00:00:00+00:00
[2024-05-23 09:27:43,384] {processor.py:161} INFO - Processing /home/airflow/.local/lib/python3.7/site-packages/airflow/example_dags/example_branch_labels.py took 0.049 seconds
[2024-05-23 09:28:13,798] {processor.py:153} INFO - Started process (PID=669) to work on /home/airflow/.local/lib/python3.7/site-packages/airflow/example_dags/example_branch_labels.py
[2024-05-23 09:28:13,800] {processor.py:641} INFO - Processing file /home/airflow/.local/lib/python3.7/site-packages/airflow/example_dags/example_branch_labels.py for tasks to queue
[2024-05-23 09:28:13,800] {logging_mixin.py:115} INFO - [2024-05-23 09:28:13,800] {dagbag.py:508} INFO - Filling up the DagBag from /home/airflow/.local/lib/python3.7/site-packages/airflow/example_dags/example_branch_labels.py
[2024-05-23 09:28:13,806] {processor.py:651} INFO - DAG(s) dict_keys(['example_branch_labels']) retrieved from /home/airflow/.local/lib/python3.7/site-packages/airflow/example_dags/example_branch_labels.py
[2024-05-23 09:28:13,827] {logging_mixin.py:115} INFO - [2024-05-23 09:28:13,827] {dag.py:2420} INFO - Sync 1 DAGs
[2024-05-23 09:28:13,841] {logging_mixin.py:115} INFO - [2024-05-23 09:28:13,841] {dag.py:2972} INFO - Setting next_dagrun for example_branch_labels to 2024-05-22T00:00:00+00:00, run_after=2024-05-23T00:00:00+00:00
[2024-05-23 09:28:13,848] {processor.py:161} INFO - Processing /home/airflow/.local/lib/python3.7/site-packages/airflow/example_dags/example_branch_labels.py took 0.052 seconds
[2024-05-23 09:28:44,140] {processor.py:153} INFO - Started process (PID=722) to work on /home/airflow/.local/lib/python3.7/site-packages/airflow/example_dags/example_branch_labels.py
[2024-05-23 09:28:44,141] {processor.py:641} INFO - Processing file /home/airflow/.local/lib/python3.7/site-packages/airflow/example_dags/example_branch_labels.py for tasks to queue
[2024-05-23 09:28:44,142] {logging_mixin.py:115} INFO - [2024-05-23 09:28:44,142] {dagbag.py:508} INFO - Filling up the DagBag from /home/airflow/.local/lib/python3.7/site-packages/airflow/example_dags/example_branch_labels.py
[2024-05-23 09:28:44,146] {processor.py:651} INFO - DAG(s) dict_keys(['example_branch_labels']) retrieved from /home/airflow/.local/lib/python3.7/site-packages/airflow/example_dags/example_branch_labels.py
[2024-05-23 09:28:44,166] {logging_mixin.py:115} INFO - [2024-05-23 09:28:44,166] {dag.py:2420} INFO - Sync 1 DAGs
[2024-05-23 09:28:44,179] {logging_mixin.py:115} INFO - [2024-05-23 09:28:44,179] {dag.py:2972} INFO - Setting next_dagrun for example_branch_labels to 2024-05-22T00:00:00+00:00, run_after=2024-05-23T00:00:00+00:00
[2024-05-23 09:28:44,186] {processor.py:161} INFO - Processing /home/airflow/.local/lib/python3.7/site-packages/airflow/example_dags/example_branch_labels.py took 0.048 seconds
[2024-05-23 09:29:14,593] {processor.py:153} INFO - Started process (PID=784) to work on /home/airflow/.local/lib/python3.7/site-packages/airflow/example_dags/example_branch_labels.py
[2024-05-23 09:29:14,594] {processor.py:641} INFO - Processing file /home/airflow/.local/lib/python3.7/site-packages/airflow/example_dags/example_branch_labels.py for tasks to queue
[2024-05-23 09:29:14,595] {logging_mixin.py:115} INFO - [2024-05-23 09:29:14,595] {dagbag.py:508} INFO - Filling up the DagBag from /home/airflow/.local/lib/python3.7/site-packages/airflow/example_dags/example_branch_labels.py
[2024-05-23 09:29:14,599] {processor.py:651} INFO - DAG(s) dict_keys(['example_branch_labels']) retrieved from /home/airflow/.local/lib/python3.7/site-packages/airflow/example_dags/example_branch_labels.py
[2024-05-23 09:29:14,619] {logging_mixin.py:115} INFO - [2024-05-23 09:29:14,619] {dag.py:2420} INFO - Sync 1 DAGs
[2024-05-23 09:29:14,633] {logging_mixin.py:115} INFO - [2024-05-23 09:29:14,633] {dag.py:2972} INFO - Setting next_dagrun for example_branch_labels to 2024-05-22T00:00:00+00:00, run_after=2024-05-23T00:00:00+00:00
[2024-05-23 09:29:14,640] {processor.py:161} INFO - Processing /home/airflow/.local/lib/python3.7/site-packages/airflow/example_dags/example_branch_labels.py took 0.049 seconds
[2024-05-23 09:29:44,986] {processor.py:153} INFO - Started process (PID=846) to work on /home/airflow/.local/lib/python3.7/site-packages/airflow/example_dags/example_branch_labels.py
[2024-05-23 09:29:44,987] {processor.py:641} INFO - Processing file /home/airflow/.local/lib/python3.7/site-packages/airflow/example_dags/example_branch_labels.py for tasks to queue
[2024-05-23 09:29:44,988] {logging_mixin.py:115} INFO - [2024-05-23 09:29:44,988] {dagbag.py:508} INFO - Filling up the DagBag from /home/airflow/.local/lib/python3.7/site-packages/airflow/example_dags/example_branch_labels.py
[2024-05-23 09:29:44,993] {processor.py:651} INFO - DAG(s) dict_keys(['example_branch_labels']) retrieved from /home/airflow/.local/lib/python3.7/site-packages/airflow/example_dags/example_branch_labels.py
[2024-05-23 09:29:45,014] {logging_mixin.py:115} INFO - [2024-05-23 09:29:45,014] {dag.py:2420} INFO - Sync 1 DAGs
[2024-05-23 09:29:45,029] {logging_mixin.py:115} INFO - [2024-05-23 09:29:45,029] {dag.py:2972} INFO - Setting next_dagrun for example_branch_labels to 2024-05-22T00:00:00+00:00, run_after=2024-05-23T00:00:00+00:00
[2024-05-23 09:29:45,036] {processor.py:161} INFO - Processing /home/airflow/.local/lib/python3.7/site-packages/airflow/example_dags/example_branch_labels.py took 0.053 seconds
[2024-05-23 09:30:15,366] {processor.py:153} INFO - Started process (PID=908) to work on /home/airflow/.local/lib/python3.7/site-packages/airflow/example_dags/example_branch_labels.py
[2024-05-23 09:30:15,367] {processor.py:641} INFO - Processing file /home/airflow/.local/lib/python3.7/site-packages/airflow/example_dags/example_branch_labels.py for tasks to queue
[2024-05-23 09:30:15,368] {logging_mixin.py:115} INFO - [2024-05-23 09:30:15,368] {dagbag.py:508} INFO - Filling up the DagBag from /home/airflow/.local/lib/python3.7/site-packages/airflow/example_dags/example_branch_labels.py
[2024-05-23 09:30:15,373] {processor.py:651} INFO - DAG(s) dict_keys(['example_branch_labels']) retrieved from /home/airflow/.local/lib/python3.7/site-packages/airflow/example_dags/example_branch_labels.py
[2024-05-23 09:30:15,393] {logging_mixin.py:115} INFO - [2024-05-23 09:30:15,393] {dag.py:2420} INFO - Sync 1 DAGs
[2024-05-23 09:30:15,409] {logging_mixin.py:115} INFO - [2024-05-23 09:30:15,409] {dag.py:2972} INFO - Setting next_dagrun for example_branch_labels to 2024-05-22T00:00:00+00:00, run_after=2024-05-23T00:00:00+00:00
[2024-05-23 09:30:15,417] {processor.py:161} INFO - Processing /home/airflow/.local/lib/python3.7/site-packages/airflow/example_dags/example_branch_labels.py took 0.054 seconds
[2024-05-23 09:30:45,820] {processor.py:153} INFO - Started process (PID=970) to work on /home/airflow/.local/lib/python3.7/site-packages/airflow/example_dags/example_branch_labels.py
[2024-05-23 09:30:45,821] {processor.py:641} INFO - Processing file /home/airflow/.local/lib/python3.7/site-packages/airflow/example_dags/example_branch_labels.py for tasks to queue
[2024-05-23 09:30:45,822] {logging_mixin.py:115} INFO - [2024-05-23 09:30:45,822] {dagbag.py:508} INFO - Filling up the DagBag from /home/airflow/.local/lib/python3.7/site-packages/airflow/example_dags/example_branch_labels.py
[2024-05-23 09:30:45,826] {processor.py:651} INFO - DAG(s) dict_keys(['example_branch_labels']) retrieved from /home/airflow/.local/lib/python3.7/site-packages/airflow/example_dags/example_branch_labels.py
[2024-05-23 09:30:45,845] {logging_mixin.py:115} INFO - [2024-05-23 09:30:45,845] {dag.py:2420} INFO - Sync 1 DAGs
[2024-05-23 09:30:45,859] {logging_mixin.py:115} INFO - [2024-05-23 09:30:45,859] {dag.py:2972} INFO - Setting next_dagrun for example_branch_labels to 2024-05-22T00:00:00+00:00, run_after=2024-05-23T00:00:00+00:00
[2024-05-23 09:30:45,866] {processor.py:161} INFO - Processing /home/airflow/.local/lib/python3.7/site-packages/airflow/example_dags/example_branch_labels.py took 0.049 seconds
[2024-05-23 09:31:16,197] {processor.py:153} INFO - Started process (PID=1022) to work on /home/airflow/.local/lib/python3.7/site-packages/airflow/example_dags/example_branch_labels.py
[2024-05-23 09:31:16,198] {processor.py:641} INFO - Processing file /home/airflow/.local/lib/python3.7/site-packages/airflow/example_dags/example_branch_labels.py for tasks to queue
[2024-05-23 09:31:16,199] {logging_mixin.py:115} INFO - [2024-05-23 09:31:16,199] {dagbag.py:508} INFO - Filling up the DagBag from /home/airflow/.local/lib/python3.7/site-packages/airflow/example_dags/example_branch_labels.py
[2024-05-23 09:31:16,203] {processor.py:651} INFO - DAG(s) dict_keys(['example_branch_labels']) retrieved from /home/airflow/.local/lib/python3.7/site-packages/airflow/example_dags/example_branch_labels.py
[2024-05-23 09:31:16,221] {logging_mixin.py:115} INFO - [2024-05-23 09:31:16,221] {dag.py:2420} INFO - Sync 1 DAGs
[2024-05-23 09:31:16,234] {logging_mixin.py:115} INFO - [2024-05-23 09:31:16,234] {dag.py:2972} INFO - Setting next_dagrun for example_branch_labels to 2024-05-22T00:00:00+00:00, run_after=2024-05-23T00:00:00+00:00
[2024-05-23 09:31:16,240] {processor.py:161} INFO - Processing /home/airflow/.local/lib/python3.7/site-packages/airflow/example_dags/example_branch_labels.py took 0.044 seconds
[2024-05-23 09:31:46,820] {processor.py:153} INFO - Started process (PID=1085) to work on /home/airflow/.local/lib/python3.7/site-packages/airflow/example_dags/example_branch_labels.py
[2024-05-23 09:31:46,821] {processor.py:641} INFO - Processing file /home/airflow/.local/lib/python3.7/site-packages/airflow/example_dags/example_branch_labels.py for tasks to queue
[2024-05-23 09:31:46,823] {logging_mixin.py:115} INFO - [2024-05-23 09:31:46,822] {dagbag.py:508} INFO - Filling up the DagBag from /home/airflow/.local/lib/python3.7/site-packages/airflow/example_dags/example_branch_labels.py
[2024-05-23 09:31:46,828] {processor.py:651} INFO - DAG(s) dict_keys(['example_branch_labels']) retrieved from /home/airflow/.local/lib/python3.7/site-packages/airflow/example_dags/example_branch_labels.py
[2024-05-23 09:31:46,856] {logging_mixin.py:115} INFO - [2024-05-23 09:31:46,856] {dag.py:2420} INFO - Sync 1 DAGs
[2024-05-23 09:31:46,874] {logging_mixin.py:115} INFO - [2024-05-23 09:31:46,874] {dag.py:2972} INFO - Setting next_dagrun for example_branch_labels to 2024-05-22T00:00:00+00:00, run_after=2024-05-23T00:00:00+00:00
[2024-05-23 09:31:46,882] {processor.py:161} INFO - Processing /home/airflow/.local/lib/python3.7/site-packages/airflow/example_dags/example_branch_labels.py took 0.066 seconds
[2024-05-23 09:32:17,154] {processor.py:153} INFO - Started process (PID=1147) to work on /home/airflow/.local/lib/python3.7/site-packages/airflow/example_dags/example_branch_labels.py
[2024-05-23 09:32:17,155] {processor.py:641} INFO - Processing file /home/airflow/.local/lib/python3.7/site-packages/airflow/example_dags/example_branch_labels.py for tasks to queue
[2024-05-23 09:32:17,156] {logging_mixin.py:115} INFO - [2024-05-23 09:32:17,156] {dagbag.py:508} INFO - Filling up the DagBag from /home/airflow/.local/lib/python3.7/site-packages/airflow/example_dags/example_branch_labels.py
[2024-05-23 09:32:17,160] {processor.py:651} INFO - DAG(s) dict_keys(['example_branch_labels']) retrieved from /home/airflow/.local/lib/python3.7/site-packages/airflow/example_dags/example_branch_labels.py
[2024-05-23 09:32:17,179] {logging_mixin.py:115} INFO - [2024-05-23 09:32:17,179] {dag.py:2420} INFO - Sync 1 DAGs
[2024-05-23 09:32:17,192] {logging_mixin.py:115} INFO - [2024-05-23 09:32:17,192] {dag.py:2972} INFO - Setting next_dagrun for example_branch_labels to 2024-05-22T00:00:00+00:00, run_after=2024-05-23T00:00:00+00:00
[2024-05-23 09:32:17,199] {processor.py:161} INFO - Processing /home/airflow/.local/lib/python3.7/site-packages/airflow/example_dags/example_branch_labels.py took 0.046 seconds
[2024-05-23 09:32:47,619] {processor.py:153} INFO - Started process (PID=1209) to work on /home/airflow/.local/lib/python3.7/site-packages/airflow/example_dags/example_branch_labels.py
[2024-05-23 09:32:47,620] {processor.py:641} INFO - Processing file /home/airflow/.local/lib/python3.7/site-packages/airflow/example_dags/example_branch_labels.py for tasks to queue
[2024-05-23 09:32:47,621] {logging_mixin.py:115} INFO - [2024-05-23 09:32:47,621] {dagbag.py:508} INFO - Filling up the DagBag from /home/airflow/.local/lib/python3.7/site-packages/airflow/example_dags/example_branch_labels.py
[2024-05-23 09:32:47,625] {processor.py:651} INFO - DAG(s) dict_keys(['example_branch_labels']) retrieved from /home/airflow/.local/lib/python3.7/site-packages/airflow/example_dags/example_branch_labels.py
[2024-05-23 09:32:47,644] {logging_mixin.py:115} INFO - [2024-05-23 09:32:47,644] {dag.py:2420} INFO - Sync 1 DAGs
[2024-05-23 09:32:47,658] {logging_mixin.py:115} INFO - [2024-05-23 09:32:47,658] {dag.py:2972} INFO - Setting next_dagrun for example_branch_labels to 2024-05-22T00:00:00+00:00, run_after=2024-05-23T00:00:00+00:00
[2024-05-23 09:32:47,665] {processor.py:161} INFO - Processing /home/airflow/.local/lib/python3.7/site-packages/airflow/example_dags/example_branch_labels.py took 0.047 seconds
[2024-05-23 09:33:18,209] {processor.py:153} INFO - Started process (PID=1271) to work on /home/airflow/.local/lib/python3.7/site-packages/airflow/example_dags/example_branch_labels.py
[2024-05-23 09:33:18,209] {processor.py:641} INFO - Processing file /home/airflow/.local/lib/python3.7/site-packages/airflow/example_dags/example_branch_labels.py for tasks to queue
[2024-05-23 09:33:18,210] {logging_mixin.py:115} INFO - [2024-05-23 09:33:18,210] {dagbag.py:508} INFO - Filling up the DagBag from /home/airflow/.local/lib/python3.7/site-packages/airflow/example_dags/example_branch_labels.py
[2024-05-23 09:33:18,214] {processor.py:651} INFO - DAG(s) dict_keys(['example_branch_labels']) retrieved from /home/airflow/.local/lib/python3.7/site-packages/airflow/example_dags/example_branch_labels.py
[2024-05-23 09:33:18,233] {logging_mixin.py:115} INFO - [2024-05-23 09:33:18,233] {dag.py:2420} INFO - Sync 1 DAGs
[2024-05-23 09:33:18,246] {logging_mixin.py:115} INFO - [2024-05-23 09:33:18,246] {dag.py:2972} INFO - Setting next_dagrun for example_branch_labels to 2024-05-22T00:00:00+00:00, run_after=2024-05-23T00:00:00+00:00
[2024-05-23 09:33:18,252] {processor.py:161} INFO - Processing /home/airflow/.local/lib/python3.7/site-packages/airflow/example_dags/example_branch_labels.py took 0.046 seconds
[2024-05-23 09:33:48,692] {processor.py:153} INFO - Started process (PID=1333) to work on /home/airflow/.local/lib/python3.7/site-packages/airflow/example_dags/example_branch_labels.py
[2024-05-23 09:33:48,693] {processor.py:641} INFO - Processing file /home/airflow/.local/lib/python3.7/site-packages/airflow/example_dags/example_branch_labels.py for tasks to queue
[2024-05-23 09:33:48,694] {logging_mixin.py:115} INFO - [2024-05-23 09:33:48,694] {dagbag.py:508} INFO - Filling up the DagBag from /home/airflow/.local/lib/python3.7/site-packages/airflow/example_dags/example_branch_labels.py
[2024-05-23 09:33:48,699] {processor.py:651} INFO - DAG(s) dict_keys(['example_branch_labels']) retrieved from /home/airflow/.local/lib/python3.7/site-packages/airflow/example_dags/example_branch_labels.py
[2024-05-23 09:33:48,720] {logging_mixin.py:115} INFO - [2024-05-23 09:33:48,720] {dag.py:2420} INFO - Sync 1 DAGs
[2024-05-23 09:33:48,736] {logging_mixin.py:115} INFO - [2024-05-23 09:33:48,736] {dag.py:2972} INFO - Setting next_dagrun for example_branch_labels to 2024-05-22T00:00:00+00:00, run_after=2024-05-23T00:00:00+00:00
[2024-05-23 09:33:48,743] {processor.py:161} INFO - Processing /home/airflow/.local/lib/python3.7/site-packages/airflow/example_dags/example_branch_labels.py took 0.053 seconds
[2024-05-23 09:34:19,135] {processor.py:153} INFO - Started process (PID=1391) to work on /home/airflow/.local/lib/python3.7/site-packages/airflow/example_dags/example_branch_labels.py
[2024-05-23 09:34:19,136] {processor.py:641} INFO - Processing file /home/airflow/.local/lib/python3.7/site-packages/airflow/example_dags/example_branch_labels.py for tasks to queue
[2024-05-23 09:34:19,137] {logging_mixin.py:115} INFO - [2024-05-23 09:34:19,137] {dagbag.py:508} INFO - Filling up the DagBag from /home/airflow/.local/lib/python3.7/site-packages/airflow/example_dags/example_branch_labels.py
[2024-05-23 09:34:19,141] {processor.py:651} INFO - DAG(s) dict_keys(['example_branch_labels']) retrieved from /home/airflow/.local/lib/python3.7/site-packages/airflow/example_dags/example_branch_labels.py
[2024-05-23 09:34:19,160] {logging_mixin.py:115} INFO - [2024-05-23 09:34:19,160] {dag.py:2420} INFO - Sync 1 DAGs
[2024-05-23 09:34:19,172] {logging_mixin.py:115} INFO - [2024-05-23 09:34:19,172] {dag.py:2972} INFO - Setting next_dagrun for example_branch_labels to 2024-05-22T00:00:00+00:00, run_after=2024-05-23T00:00:00+00:00
[2024-05-23 09:34:19,179] {processor.py:161} INFO - Processing /home/airflow/.local/lib/python3.7/site-packages/airflow/example_dags/example_branch_labels.py took 0.046 seconds
[2024-05-23 09:34:49,554] {processor.py:153} INFO - Started process (PID=1453) to work on /home/airflow/.local/lib/python3.7/site-packages/airflow/example_dags/example_branch_labels.py
[2024-05-23 09:34:49,555] {processor.py:641} INFO - Processing file /home/airflow/.local/lib/python3.7/site-packages/airflow/example_dags/example_branch_labels.py for tasks to queue
[2024-05-23 09:34:49,555] {logging_mixin.py:115} INFO - [2024-05-23 09:34:49,555] {dagbag.py:508} INFO - Filling up the DagBag from /home/airflow/.local/lib/python3.7/site-packages/airflow/example_dags/example_branch_labels.py
[2024-05-23 09:34:49,560] {processor.py:651} INFO - DAG(s) dict_keys(['example_branch_labels']) retrieved from /home/airflow/.local/lib/python3.7/site-packages/airflow/example_dags/example_branch_labels.py
[2024-05-23 09:34:49,579] {logging_mixin.py:115} INFO - [2024-05-23 09:34:49,579] {dag.py:2420} INFO - Sync 1 DAGs
[2024-05-23 09:34:49,593] {logging_mixin.py:115} INFO - [2024-05-23 09:34:49,593] {dag.py:2972} INFO - Setting next_dagrun for example_branch_labels to 2024-05-22T00:00:00+00:00, run_after=2024-05-23T00:00:00+00:00
[2024-05-23 09:34:49,601] {processor.py:161} INFO - Processing /home/airflow/.local/lib/python3.7/site-packages/airflow/example_dags/example_branch_labels.py took 0.050 seconds
[2024-05-23 09:35:20,024] {processor.py:153} INFO - Started process (PID=1515) to work on /home/airflow/.local/lib/python3.7/site-packages/airflow/example_dags/example_branch_labels.py
[2024-05-23 09:35:20,025] {processor.py:641} INFO - Processing file /home/airflow/.local/lib/python3.7/site-packages/airflow/example_dags/example_branch_labels.py for tasks to queue
[2024-05-23 09:35:20,025] {logging_mixin.py:115} INFO - [2024-05-23 09:35:20,025] {dagbag.py:508} INFO - Filling up the DagBag from /home/airflow/.local/lib/python3.7/site-packages/airflow/example_dags/example_branch_labels.py
[2024-05-23 09:35:20,030] {processor.py:651} INFO - DAG(s) dict_keys(['example_branch_labels']) retrieved from /home/airflow/.local/lib/python3.7/site-packages/airflow/example_dags/example_branch_labels.py
[2024-05-23 09:35:20,049] {logging_mixin.py:115} INFO - [2024-05-23 09:35:20,049] {dag.py:2420} INFO - Sync 1 DAGs
[2024-05-23 09:35:20,062] {logging_mixin.py:115} INFO - [2024-05-23 09:35:20,062] {dag.py:2972} INFO - Setting next_dagrun for example_branch_labels to 2024-05-22T00:00:00+00:00, run_after=2024-05-23T00:00:00+00:00
[2024-05-23 09:35:20,068] {processor.py:161} INFO - Processing /home/airflow/.local/lib/python3.7/site-packages/airflow/example_dags/example_branch_labels.py took 0.046 seconds
[2024-05-23 09:35:50,409] {processor.py:153} INFO - Started process (PID=1577) to work on /home/airflow/.local/lib/python3.7/site-packages/airflow/example_dags/example_branch_labels.py
[2024-05-23 09:35:50,410] {processor.py:641} INFO - Processing file /home/airflow/.local/lib/python3.7/site-packages/airflow/example_dags/example_branch_labels.py for tasks to queue
[2024-05-23 09:35:50,411] {logging_mixin.py:115} INFO - [2024-05-23 09:35:50,411] {dagbag.py:508} INFO - Filling up the DagBag from /home/airflow/.local/lib/python3.7/site-packages/airflow/example_dags/example_branch_labels.py
[2024-05-23 09:35:50,415] {processor.py:651} INFO - DAG(s) dict_keys(['example_branch_labels']) retrieved from /home/airflow/.local/lib/python3.7/site-packages/airflow/example_dags/example_branch_labels.py
[2024-05-23 09:35:50,434] {logging_mixin.py:115} INFO - [2024-05-23 09:35:50,434] {dag.py:2420} INFO - Sync 1 DAGs
[2024-05-23 09:35:50,447] {logging_mixin.py:115} INFO - [2024-05-23 09:35:50,447] {dag.py:2972} INFO - Setting next_dagrun for example_branch_labels to 2024-05-22T00:00:00+00:00, run_after=2024-05-23T00:00:00+00:00
[2024-05-23 09:35:50,454] {processor.py:161} INFO - Processing /home/airflow/.local/lib/python3.7/site-packages/airflow/example_dags/example_branch_labels.py took 0.046 seconds
[2024-05-23 09:36:20,941] {processor.py:153} INFO - Started process (PID=1639) to work on /home/airflow/.local/lib/python3.7/site-packages/airflow/example_dags/example_branch_labels.py
[2024-05-23 09:36:20,942] {processor.py:641} INFO - Processing file /home/airflow/.local/lib/python3.7/site-packages/airflow/example_dags/example_branch_labels.py for tasks to queue
[2024-05-23 09:36:20,942] {logging_mixin.py:115} INFO - [2024-05-23 09:36:20,942] {dagbag.py:508} INFO - Filling up the DagBag from /home/airflow/.local/lib/python3.7/site-packages/airflow/example_dags/example_branch_labels.py
[2024-05-23 09:36:20,946] {processor.py:651} INFO - DAG(s) dict_keys(['example_branch_labels']) retrieved from /home/airflow/.local/lib/python3.7/site-packages/airflow/example_dags/example_branch_labels.py
[2024-05-23 09:36:20,965] {logging_mixin.py:115} INFO - [2024-05-23 09:36:20,965] {dag.py:2420} INFO - Sync 1 DAGs
[2024-05-23 09:36:20,978] {logging_mixin.py:115} INFO - [2024-05-23 09:36:20,978] {dag.py:2972} INFO - Setting next_dagrun for example_branch_labels to 2024-05-22T00:00:00+00:00, run_after=2024-05-23T00:00:00+00:00
[2024-05-23 09:36:20,985] {processor.py:161} INFO - Processing /home/airflow/.local/lib/python3.7/site-packages/airflow/example_dags/example_branch_labels.py took 0.046 seconds
[2024-05-23 09:36:51,365] {processor.py:153} INFO - Started process (PID=1692) to work on /home/airflow/.local/lib/python3.7/site-packages/airflow/example_dags/example_branch_labels.py
[2024-05-23 09:36:51,366] {processor.py:641} INFO - Processing file /home/airflow/.local/lib/python3.7/site-packages/airflow/example_dags/example_branch_labels.py for tasks to queue
[2024-05-23 09:36:51,367] {logging_mixin.py:115} INFO - [2024-05-23 09:36:51,366] {dagbag.py:508} INFO - Filling up the DagBag from /home/airflow/.local/lib/python3.7/site-packages/airflow/example_dags/example_branch_labels.py
[2024-05-23 09:36:51,371] {processor.py:651} INFO - DAG(s) dict_keys(['example_branch_labels']) retrieved from /home/airflow/.local/lib/python3.7/site-packages/airflow/example_dags/example_branch_labels.py
[2024-05-23 09:36:51,390] {logging_mixin.py:115} INFO - [2024-05-23 09:36:51,390] {dag.py:2420} INFO - Sync 1 DAGs
[2024-05-23 09:36:51,404] {logging_mixin.py:115} INFO - [2024-05-23 09:36:51,404] {dag.py:2972} INFO - Setting next_dagrun for example_branch_labels to 2024-05-22T00:00:00+00:00, run_after=2024-05-23T00:00:00+00:00
[2024-05-23 09:36:51,411] {processor.py:161} INFO - Processing /home/airflow/.local/lib/python3.7/site-packages/airflow/example_dags/example_branch_labels.py took 0.049 seconds
[2024-05-23 09:37:21,893] {processor.py:153} INFO - Started process (PID=1754) to work on /home/airflow/.local/lib/python3.7/site-packages/airflow/example_dags/example_branch_labels.py
[2024-05-23 09:37:21,894] {processor.py:641} INFO - Processing file /home/airflow/.local/lib/python3.7/site-packages/airflow/example_dags/example_branch_labels.py for tasks to queue
[2024-05-23 09:37:21,894] {logging_mixin.py:115} INFO - [2024-05-23 09:37:21,894] {dagbag.py:508} INFO - Filling up the DagBag from /home/airflow/.local/lib/python3.7/site-packages/airflow/example_dags/example_branch_labels.py
[2024-05-23 09:37:21,899] {processor.py:651} INFO - DAG(s) dict_keys(['example_branch_labels']) retrieved from /home/airflow/.local/lib/python3.7/site-packages/airflow/example_dags/example_branch_labels.py
[2024-05-23 09:37:21,920] {logging_mixin.py:115} INFO - [2024-05-23 09:37:21,920] {dag.py:2420} INFO - Sync 1 DAGs
[2024-05-23 09:37:21,938] {logging_mixin.py:115} INFO - [2024-05-23 09:37:21,938] {dag.py:2972} INFO - Setting next_dagrun for example_branch_labels to 2024-05-22T00:00:00+00:00, run_after=2024-05-23T00:00:00+00:00
[2024-05-23 09:37:21,945] {processor.py:161} INFO - Processing /home/airflow/.local/lib/python3.7/site-packages/airflow/example_dags/example_branch_labels.py took 0.055 seconds
[2024-05-23 09:37:52,407] {processor.py:153} INFO - Started process (PID=1816) to work on /home/airflow/.local/lib/python3.7/site-packages/airflow/example_dags/example_branch_labels.py
[2024-05-23 09:37:52,408] {processor.py:641} INFO - Processing file /home/airflow/.local/lib/python3.7/site-packages/airflow/example_dags/example_branch_labels.py for tasks to queue
[2024-05-23 09:37:52,409] {logging_mixin.py:115} INFO - [2024-05-23 09:37:52,408] {dagbag.py:508} INFO - Filling up the DagBag from /home/airflow/.local/lib/python3.7/site-packages/airflow/example_dags/example_branch_labels.py
[2024-05-23 09:37:52,413] {processor.py:651} INFO - DAG(s) dict_keys(['example_branch_labels']) retrieved from /home/airflow/.local/lib/python3.7/site-packages/airflow/example_dags/example_branch_labels.py
[2024-05-23 09:37:52,453] {logging_mixin.py:115} INFO - [2024-05-23 09:37:52,453] {dag.py:2420} INFO - Sync 1 DAGs
[2024-05-23 09:37:52,470] {logging_mixin.py:115} INFO - [2024-05-23 09:37:52,470] {dag.py:2972} INFO - Setting next_dagrun for example_branch_labels to 2024-05-22T00:00:00+00:00, run_after=2024-05-23T00:00:00+00:00
[2024-05-23 09:37:52,478] {processor.py:161} INFO - Processing /home/airflow/.local/lib/python3.7/site-packages/airflow/example_dags/example_branch_labels.py took 0.074 seconds
[2024-05-23 09:38:22,937] {processor.py:153} INFO - Started process (PID=1878) to work on /home/airflow/.local/lib/python3.7/site-packages/airflow/example_dags/example_branch_labels.py
[2024-05-23 09:38:22,938] {processor.py:641} INFO - Processing file /home/airflow/.local/lib/python3.7/site-packages/airflow/example_dags/example_branch_labels.py for tasks to queue
[2024-05-23 09:38:22,938] {logging_mixin.py:115} INFO - [2024-05-23 09:38:22,938] {dagbag.py:508} INFO - Filling up the DagBag from /home/airflow/.local/lib/python3.7/site-packages/airflow/example_dags/example_branch_labels.py
[2024-05-23 09:38:22,943] {processor.py:651} INFO - DAG(s) dict_keys(['example_branch_labels']) retrieved from /home/airflow/.local/lib/python3.7/site-packages/airflow/example_dags/example_branch_labels.py
[2024-05-23 09:38:22,961] {logging_mixin.py:115} INFO - [2024-05-23 09:38:22,961] {dag.py:2420} INFO - Sync 1 DAGs
[2024-05-23 09:38:22,974] {logging_mixin.py:115} INFO - [2024-05-23 09:38:22,974] {dag.py:2972} INFO - Setting next_dagrun for example_branch_labels to 2024-05-22T00:00:00+00:00, run_after=2024-05-23T00:00:00+00:00
[2024-05-23 09:38:22,981] {processor.py:161} INFO - Processing /home/airflow/.local/lib/python3.7/site-packages/airflow/example_dags/example_branch_labels.py took 0.047 seconds
[2024-05-23 09:38:53,334] {processor.py:153} INFO - Started process (PID=1940) to work on /home/airflow/.local/lib/python3.7/site-packages/airflow/example_dags/example_branch_labels.py
[2024-05-23 09:38:53,335] {processor.py:641} INFO - Processing file /home/airflow/.local/lib/python3.7/site-packages/airflow/example_dags/example_branch_labels.py for tasks to queue
[2024-05-23 09:38:53,335] {logging_mixin.py:115} INFO - [2024-05-23 09:38:53,335] {dagbag.py:508} INFO - Filling up the DagBag from /home/airflow/.local/lib/python3.7/site-packages/airflow/example_dags/example_branch_labels.py
[2024-05-23 09:38:53,340] {processor.py:651} INFO - DAG(s) dict_keys(['example_branch_labels']) retrieved from /home/airflow/.local/lib/python3.7/site-packages/airflow/example_dags/example_branch_labels.py
[2024-05-23 09:38:53,359] {logging_mixin.py:115} INFO - [2024-05-23 09:38:53,359] {dag.py:2420} INFO - Sync 1 DAGs
[2024-05-23 09:38:53,372] {logging_mixin.py:115} INFO - [2024-05-23 09:38:53,372] {dag.py:2972} INFO - Setting next_dagrun for example_branch_labels to 2024-05-22T00:00:00+00:00, run_after=2024-05-23T00:00:00+00:00
[2024-05-23 09:38:53,378] {processor.py:161} INFO - Processing /home/airflow/.local/lib/python3.7/site-packages/airflow/example_dags/example_branch_labels.py took 0.047 seconds
[2024-05-23 09:39:23,756] {processor.py:153} INFO - Started process (PID=2002) to work on /home/airflow/.local/lib/python3.7/site-packages/airflow/example_dags/example_branch_labels.py
[2024-05-23 09:39:23,757] {processor.py:641} INFO - Processing file /home/airflow/.local/lib/python3.7/site-packages/airflow/example_dags/example_branch_labels.py for tasks to queue
[2024-05-23 09:39:23,757] {logging_mixin.py:115} INFO - [2024-05-23 09:39:23,757] {dagbag.py:508} INFO - Filling up the DagBag from /home/airflow/.local/lib/python3.7/site-packages/airflow/example_dags/example_branch_labels.py
[2024-05-23 09:39:23,762] {processor.py:651} INFO - DAG(s) dict_keys(['example_branch_labels']) retrieved from /home/airflow/.local/lib/python3.7/site-packages/airflow/example_dags/example_branch_labels.py
[2024-05-23 09:39:23,781] {logging_mixin.py:115} INFO - [2024-05-23 09:39:23,781] {dag.py:2420} INFO - Sync 1 DAGs
[2024-05-23 09:39:23,794] {logging_mixin.py:115} INFO - [2024-05-23 09:39:23,793] {dag.py:2972} INFO - Setting next_dagrun for example_branch_labels to 2024-05-22T00:00:00+00:00, run_after=2024-05-23T00:00:00+00:00
[2024-05-23 09:39:23,800] {processor.py:161} INFO - Processing /home/airflow/.local/lib/python3.7/site-packages/airflow/example_dags/example_branch_labels.py took 0.046 seconds
[2024-05-23 09:39:54,159] {processor.py:153} INFO - Started process (PID=2055) to work on /home/airflow/.local/lib/python3.7/site-packages/airflow/example_dags/example_branch_labels.py
[2024-05-23 09:39:54,160] {processor.py:641} INFO - Processing file /home/airflow/.local/lib/python3.7/site-packages/airflow/example_dags/example_branch_labels.py for tasks to queue
[2024-05-23 09:39:54,161] {logging_mixin.py:115} INFO - [2024-05-23 09:39:54,161] {dagbag.py:508} INFO - Filling up the DagBag from /home/airflow/.local/lib/python3.7/site-packages/airflow/example_dags/example_branch_labels.py
[2024-05-23 09:39:54,166] {processor.py:651} INFO - DAG(s) dict_keys(['example_branch_labels']) retrieved from /home/airflow/.local/lib/python3.7/site-packages/airflow/example_dags/example_branch_labels.py
[2024-05-23 09:39:54,184] {logging_mixin.py:115} INFO - [2024-05-23 09:39:54,184] {dag.py:2420} INFO - Sync 1 DAGs
[2024-05-23 09:39:54,197] {logging_mixin.py:115} INFO - [2024-05-23 09:39:54,197] {dag.py:2972} INFO - Setting next_dagrun for example_branch_labels to 2024-05-22T00:00:00+00:00, run_after=2024-05-23T00:00:00+00:00
[2024-05-23 09:39:54,204] {processor.py:161} INFO - Processing /home/airflow/.local/lib/python3.7/site-packages/airflow/example_dags/example_branch_labels.py took 0.047 seconds
[2024-05-23 09:40:24,634] {processor.py:153} INFO - Started process (PID=2117) to work on /home/airflow/.local/lib/python3.7/site-packages/airflow/example_dags/example_branch_labels.py
[2024-05-23 09:40:24,634] {processor.py:641} INFO - Processing file /home/airflow/.local/lib/python3.7/site-packages/airflow/example_dags/example_branch_labels.py for tasks to queue
[2024-05-23 09:40:24,635] {logging_mixin.py:115} INFO - [2024-05-23 09:40:24,635] {dagbag.py:508} INFO - Filling up the DagBag from /home/airflow/.local/lib/python3.7/site-packages/airflow/example_dags/example_branch_labels.py
[2024-05-23 09:40:24,639] {processor.py:651} INFO - DAG(s) dict_keys(['example_branch_labels']) retrieved from /home/airflow/.local/lib/python3.7/site-packages/airflow/example_dags/example_branch_labels.py
[2024-05-23 09:40:24,657] {logging_mixin.py:115} INFO - [2024-05-23 09:40:24,657] {dag.py:2420} INFO - Sync 1 DAGs
[2024-05-23 09:40:24,669] {logging_mixin.py:115} INFO - [2024-05-23 09:40:24,669] {dag.py:2972} INFO - Setting next_dagrun for example_branch_labels to 2024-05-22T00:00:00+00:00, run_after=2024-05-23T00:00:00+00:00
[2024-05-23 09:40:24,675] {processor.py:161} INFO - Processing /home/airflow/.local/lib/python3.7/site-packages/airflow/example_dags/example_branch_labels.py took 0.044 seconds
[2024-05-23 09:40:55,114] {processor.py:153} INFO - Started process (PID=2179) to work on /home/airflow/.local/lib/python3.7/site-packages/airflow/example_dags/example_branch_labels.py
[2024-05-23 09:40:55,115] {processor.py:641} INFO - Processing file /home/airflow/.local/lib/python3.7/site-packages/airflow/example_dags/example_branch_labels.py for tasks to queue
[2024-05-23 09:40:55,116] {logging_mixin.py:115} INFO - [2024-05-23 09:40:55,116] {dagbag.py:508} INFO - Filling up the DagBag from /home/airflow/.local/lib/python3.7/site-packages/airflow/example_dags/example_branch_labels.py
[2024-05-23 09:40:55,120] {processor.py:651} INFO - DAG(s) dict_keys(['example_branch_labels']) retrieved from /home/airflow/.local/lib/python3.7/site-packages/airflow/example_dags/example_branch_labels.py
[2024-05-23 09:40:55,139] {logging_mixin.py:115} INFO - [2024-05-23 09:40:55,139] {dag.py:2420} INFO - Sync 1 DAGs
[2024-05-23 09:40:55,153] {logging_mixin.py:115} INFO - [2024-05-23 09:40:55,153] {dag.py:2972} INFO - Setting next_dagrun for example_branch_labels to 2024-05-22T00:00:00+00:00, run_after=2024-05-23T00:00:00+00:00
[2024-05-23 09:40:55,159] {processor.py:161} INFO - Processing /home/airflow/.local/lib/python3.7/site-packages/airflow/example_dags/example_branch_labels.py took 0.047 seconds
[2024-05-23 09:41:25,624] {processor.py:153} INFO - Started process (PID=2241) to work on /home/airflow/.local/lib/python3.7/site-packages/airflow/example_dags/example_branch_labels.py
[2024-05-23 09:41:25,625] {processor.py:641} INFO - Processing file /home/airflow/.local/lib/python3.7/site-packages/airflow/example_dags/example_branch_labels.py for tasks to queue
[2024-05-23 09:41:25,625] {logging_mixin.py:115} INFO - [2024-05-23 09:41:25,625] {dagbag.py:508} INFO - Filling up the DagBag from /home/airflow/.local/lib/python3.7/site-packages/airflow/example_dags/example_branch_labels.py
[2024-05-23 09:41:25,631] {processor.py:651} INFO - DAG(s) dict_keys(['example_branch_labels']) retrieved from /home/airflow/.local/lib/python3.7/site-packages/airflow/example_dags/example_branch_labels.py
[2024-05-23 09:41:25,649] {logging_mixin.py:115} INFO - [2024-05-23 09:41:25,649] {dag.py:2420} INFO - Sync 1 DAGs
[2024-05-23 09:41:25,662] {logging_mixin.py:115} INFO - [2024-05-23 09:41:25,662] {dag.py:2972} INFO - Setting next_dagrun for example_branch_labels to 2024-05-22T00:00:00+00:00, run_after=2024-05-23T00:00:00+00:00
[2024-05-23 09:41:25,670] {processor.py:161} INFO - Processing /home/airflow/.local/lib/python3.7/site-packages/airflow/example_dags/example_branch_labels.py took 0.048 seconds
[2024-05-23 09:41:56,363] {processor.py:153} INFO - Started process (PID=2303) to work on /home/airflow/.local/lib/python3.7/site-packages/airflow/example_dags/example_branch_labels.py
[2024-05-23 09:41:56,364] {processor.py:641} INFO - Processing file /home/airflow/.local/lib/python3.7/site-packages/airflow/example_dags/example_branch_labels.py for tasks to queue
[2024-05-23 09:41:56,365] {logging_mixin.py:115} INFO - [2024-05-23 09:41:56,365] {dagbag.py:508} INFO - Filling up the DagBag from /home/airflow/.local/lib/python3.7/site-packages/airflow/example_dags/example_branch_labels.py
[2024-05-23 09:41:56,369] {processor.py:651} INFO - DAG(s) dict_keys(['example_branch_labels']) retrieved from /home/airflow/.local/lib/python3.7/site-packages/airflow/example_dags/example_branch_labels.py
[2024-05-23 09:41:56,387] {logging_mixin.py:115} INFO - [2024-05-23 09:41:56,387] {dag.py:2420} INFO - Sync 1 DAGs
[2024-05-23 09:41:56,401] {logging_mixin.py:115} INFO - [2024-05-23 09:41:56,401] {dag.py:2972} INFO - Setting next_dagrun for example_branch_labels to 2024-05-22T00:00:00+00:00, run_after=2024-05-23T00:00:00+00:00
[2024-05-23 09:41:56,409] {processor.py:161} INFO - Processing /home/airflow/.local/lib/python3.7/site-packages/airflow/example_dags/example_branch_labels.py took 0.049 seconds
[2024-05-23 09:42:26,781] {processor.py:153} INFO - Started process (PID=2365) to work on /home/airflow/.local/lib/python3.7/site-packages/airflow/example_dags/example_branch_labels.py
[2024-05-23 09:42:26,783] {processor.py:641} INFO - Processing file /home/airflow/.local/lib/python3.7/site-packages/airflow/example_dags/example_branch_labels.py for tasks to queue
[2024-05-23 09:42:26,783] {logging_mixin.py:115} INFO - [2024-05-23 09:42:26,783] {dagbag.py:508} INFO - Filling up the DagBag from /home/airflow/.local/lib/python3.7/site-packages/airflow/example_dags/example_branch_labels.py
[2024-05-23 09:42:26,788] {processor.py:651} INFO - DAG(s) dict_keys(['example_branch_labels']) retrieved from /home/airflow/.local/lib/python3.7/site-packages/airflow/example_dags/example_branch_labels.py
[2024-05-23 09:42:26,809] {logging_mixin.py:115} INFO - [2024-05-23 09:42:26,809] {dag.py:2420} INFO - Sync 1 DAGs
[2024-05-23 09:42:26,824] {logging_mixin.py:115} INFO - [2024-05-23 09:42:26,824] {dag.py:2972} INFO - Setting next_dagrun for example_branch_labels to 2024-05-22T00:00:00+00:00, run_after=2024-05-23T00:00:00+00:00
[2024-05-23 09:42:26,831] {processor.py:161} INFO - Processing /home/airflow/.local/lib/python3.7/site-packages/airflow/example_dags/example_branch_labels.py took 0.052 seconds
[2024-05-23 09:42:57,236] {processor.py:153} INFO - Started process (PID=2418) to work on /home/airflow/.local/lib/python3.7/site-packages/airflow/example_dags/example_branch_labels.py
[2024-05-23 09:42:57,236] {processor.py:641} INFO - Processing file /home/airflow/.local/lib/python3.7/site-packages/airflow/example_dags/example_branch_labels.py for tasks to queue
[2024-05-23 09:42:57,237] {logging_mixin.py:115} INFO - [2024-05-23 09:42:57,237] {dagbag.py:508} INFO - Filling up the DagBag from /home/airflow/.local/lib/python3.7/site-packages/airflow/example_dags/example_branch_labels.py
[2024-05-23 09:42:57,242] {processor.py:651} INFO - DAG(s) dict_keys(['example_branch_labels']) retrieved from /home/airflow/.local/lib/python3.7/site-packages/airflow/example_dags/example_branch_labels.py
[2024-05-23 09:42:57,263] {logging_mixin.py:115} INFO - [2024-05-23 09:42:57,263] {dag.py:2420} INFO - Sync 1 DAGs
[2024-05-23 09:42:57,276] {logging_mixin.py:115} INFO - [2024-05-23 09:42:57,276] {dag.py:2972} INFO - Setting next_dagrun for example_branch_labels to 2024-05-22T00:00:00+00:00, run_after=2024-05-23T00:00:00+00:00
[2024-05-23 09:42:57,283] {processor.py:161} INFO - Processing /home/airflow/.local/lib/python3.7/site-packages/airflow/example_dags/example_branch_labels.py took 0.050 seconds
[2024-05-23 09:43:27,715] {processor.py:153} INFO - Started process (PID=2481) to work on /home/airflow/.local/lib/python3.7/site-packages/airflow/example_dags/example_branch_labels.py
[2024-05-23 09:43:27,716] {processor.py:641} INFO - Processing file /home/airflow/.local/lib/python3.7/site-packages/airflow/example_dags/example_branch_labels.py for tasks to queue
[2024-05-23 09:43:27,717] {logging_mixin.py:115} INFO - [2024-05-23 09:43:27,717] {dagbag.py:508} INFO - Filling up the DagBag from /home/airflow/.local/lib/python3.7/site-packages/airflow/example_dags/example_branch_labels.py
[2024-05-23 09:43:27,721] {processor.py:651} INFO - DAG(s) dict_keys(['example_branch_labels']) retrieved from /home/airflow/.local/lib/python3.7/site-packages/airflow/example_dags/example_branch_labels.py
[2024-05-23 09:43:27,740] {logging_mixin.py:115} INFO - [2024-05-23 09:43:27,740] {dag.py:2420} INFO - Sync 1 DAGs
[2024-05-23 09:43:27,753] {logging_mixin.py:115} INFO - [2024-05-23 09:43:27,753] {dag.py:2972} INFO - Setting next_dagrun for example_branch_labels to 2024-05-22T00:00:00+00:00, run_after=2024-05-23T00:00:00+00:00
[2024-05-23 09:43:27,759] {processor.py:161} INFO - Processing /home/airflow/.local/lib/python3.7/site-packages/airflow/example_dags/example_branch_labels.py took 0.046 seconds
[2024-05-23 09:43:58,215] {processor.py:153} INFO - Started process (PID=2543) to work on /home/airflow/.local/lib/python3.7/site-packages/airflow/example_dags/example_branch_labels.py
[2024-05-23 09:43:58,216] {processor.py:641} INFO - Processing file /home/airflow/.local/lib/python3.7/site-packages/airflow/example_dags/example_branch_labels.py for tasks to queue
[2024-05-23 09:43:58,217] {logging_mixin.py:115} INFO - [2024-05-23 09:43:58,217] {dagbag.py:508} INFO - Filling up the DagBag from /home/airflow/.local/lib/python3.7/site-packages/airflow/example_dags/example_branch_labels.py
[2024-05-23 09:43:58,222] {processor.py:651} INFO - DAG(s) dict_keys(['example_branch_labels']) retrieved from /home/airflow/.local/lib/python3.7/site-packages/airflow/example_dags/example_branch_labels.py
[2024-05-23 09:43:58,241] {logging_mixin.py:115} INFO - [2024-05-23 09:43:58,241] {dag.py:2420} INFO - Sync 1 DAGs
[2024-05-23 09:43:58,254] {logging_mixin.py:115} INFO - [2024-05-23 09:43:58,254] {dag.py:2972} INFO - Setting next_dagrun for example_branch_labels to 2024-05-22T00:00:00+00:00, run_after=2024-05-23T00:00:00+00:00
[2024-05-23 09:43:58,260] {processor.py:161} INFO - Processing /home/airflow/.local/lib/python3.7/site-packages/airflow/example_dags/example_branch_labels.py took 0.047 seconds
[2024-05-23 09:44:28,620] {processor.py:153} INFO - Started process (PID=2605) to work on /home/airflow/.local/lib/python3.7/site-packages/airflow/example_dags/example_branch_labels.py
[2024-05-23 09:44:28,621] {processor.py:641} INFO - Processing file /home/airflow/.local/lib/python3.7/site-packages/airflow/example_dags/example_branch_labels.py for tasks to queue
[2024-05-23 09:44:28,621] {logging_mixin.py:115} INFO - [2024-05-23 09:44:28,621] {dagbag.py:508} INFO - Filling up the DagBag from /home/airflow/.local/lib/python3.7/site-packages/airflow/example_dags/example_branch_labels.py
[2024-05-23 09:44:28,626] {processor.py:651} INFO - DAG(s) dict_keys(['example_branch_labels']) retrieved from /home/airflow/.local/lib/python3.7/site-packages/airflow/example_dags/example_branch_labels.py
[2024-05-23 09:44:28,644] {logging_mixin.py:115} INFO - [2024-05-23 09:44:28,644] {dag.py:2420} INFO - Sync 1 DAGs
[2024-05-23 09:44:28,657] {logging_mixin.py:115} INFO - [2024-05-23 09:44:28,657] {dag.py:2972} INFO - Setting next_dagrun for example_branch_labels to 2024-05-22T00:00:00+00:00, run_after=2024-05-23T00:00:00+00:00
[2024-05-23 09:44:28,663] {processor.py:161} INFO - Processing /home/airflow/.local/lib/python3.7/site-packages/airflow/example_dags/example_branch_labels.py took 0.046 seconds
[2024-05-23 09:44:59,208] {processor.py:153} INFO - Started process (PID=2667) to work on /home/airflow/.local/lib/python3.7/site-packages/airflow/example_dags/example_branch_labels.py
[2024-05-23 09:44:59,210] {processor.py:641} INFO - Processing file /home/airflow/.local/lib/python3.7/site-packages/airflow/example_dags/example_branch_labels.py for tasks to queue
[2024-05-23 09:44:59,211] {logging_mixin.py:115} INFO - [2024-05-23 09:44:59,211] {dagbag.py:508} INFO - Filling up the DagBag from /home/airflow/.local/lib/python3.7/site-packages/airflow/example_dags/example_branch_labels.py
[2024-05-23 09:44:59,216] {processor.py:651} INFO - DAG(s) dict_keys(['example_branch_labels']) retrieved from /home/airflow/.local/lib/python3.7/site-packages/airflow/example_dags/example_branch_labels.py
[2024-05-23 09:44:59,238] {logging_mixin.py:115} INFO - [2024-05-23 09:44:59,238] {dag.py:2420} INFO - Sync 1 DAGs
[2024-05-23 09:44:59,254] {logging_mixin.py:115} INFO - [2024-05-23 09:44:59,254] {dag.py:2972} INFO - Setting next_dagrun for example_branch_labels to 2024-05-22T00:00:00+00:00, run_after=2024-05-23T00:00:00+00:00
[2024-05-23 09:44:59,264] {processor.py:161} INFO - Processing /home/airflow/.local/lib/python3.7/site-packages/airflow/example_dags/example_branch_labels.py took 0.059 seconds
[2024-05-23 09:45:29,707] {processor.py:153} INFO - Started process (PID=2720) to work on /home/airflow/.local/lib/python3.7/site-packages/airflow/example_dags/example_branch_labels.py
[2024-05-23 09:45:29,708] {processor.py:641} INFO - Processing file /home/airflow/.local/lib/python3.7/site-packages/airflow/example_dags/example_branch_labels.py for tasks to queue
[2024-05-23 09:45:29,709] {logging_mixin.py:115} INFO - [2024-05-23 09:45:29,709] {dagbag.py:508} INFO - Filling up the DagBag from /home/airflow/.local/lib/python3.7/site-packages/airflow/example_dags/example_branch_labels.py
[2024-05-23 09:45:29,713] {processor.py:651} INFO - DAG(s) dict_keys(['example_branch_labels']) retrieved from /home/airflow/.local/lib/python3.7/site-packages/airflow/example_dags/example_branch_labels.py
[2024-05-23 09:45:29,732] {logging_mixin.py:115} INFO - [2024-05-23 09:45:29,732] {dag.py:2420} INFO - Sync 1 DAGs
[2024-05-23 09:45:29,744] {logging_mixin.py:115} INFO - [2024-05-23 09:45:29,744] {dag.py:2972} INFO - Setting next_dagrun for example_branch_labels to 2024-05-22T00:00:00+00:00, run_after=2024-05-23T00:00:00+00:00
[2024-05-23 09:45:29,751] {processor.py:161} INFO - Processing /home/airflow/.local/lib/python3.7/site-packages/airflow/example_dags/example_branch_labels.py took 0.045 seconds
[2024-05-23 09:46:00,176] {processor.py:153} INFO - Started process (PID=2782) to work on /home/airflow/.local/lib/python3.7/site-packages/airflow/example_dags/example_branch_labels.py
[2024-05-23 09:46:00,177] {processor.py:641} INFO - Processing file /home/airflow/.local/lib/python3.7/site-packages/airflow/example_dags/example_branch_labels.py for tasks to queue
[2024-05-23 09:46:00,178] {logging_mixin.py:115} INFO - [2024-05-23 09:46:00,178] {dagbag.py:508} INFO - Filling up the DagBag from /home/airflow/.local/lib/python3.7/site-packages/airflow/example_dags/example_branch_labels.py
[2024-05-23 09:46:00,182] {processor.py:651} INFO - DAG(s) dict_keys(['example_branch_labels']) retrieved from /home/airflow/.local/lib/python3.7/site-packages/airflow/example_dags/example_branch_labels.py
[2024-05-23 09:46:00,202] {logging_mixin.py:115} INFO - [2024-05-23 09:46:00,202] {dag.py:2420} INFO - Sync 1 DAGs
[2024-05-23 09:46:00,215] {logging_mixin.py:115} INFO - [2024-05-23 09:46:00,215] {dag.py:2972} INFO - Setting next_dagrun for example_branch_labels to 2024-05-22T00:00:00+00:00, run_after=2024-05-23T00:00:00+00:00
[2024-05-23 09:46:00,222] {processor.py:161} INFO - Processing /home/airflow/.local/lib/python3.7/site-packages/airflow/example_dags/example_branch_labels.py took 0.048 seconds
[2024-05-23 09:46:30,580] {processor.py:153} INFO - Started process (PID=2844) to work on /home/airflow/.local/lib/python3.7/site-packages/airflow/example_dags/example_branch_labels.py
[2024-05-23 09:46:30,581] {processor.py:641} INFO - Processing file /home/airflow/.local/lib/python3.7/site-packages/airflow/example_dags/example_branch_labels.py for tasks to queue
[2024-05-23 09:46:30,582] {logging_mixin.py:115} INFO - [2024-05-23 09:46:30,582] {dagbag.py:508} INFO - Filling up the DagBag from /home/airflow/.local/lib/python3.7/site-packages/airflow/example_dags/example_branch_labels.py
[2024-05-23 09:46:30,586] {processor.py:651} INFO - DAG(s) dict_keys(['example_branch_labels']) retrieved from /home/airflow/.local/lib/python3.7/site-packages/airflow/example_dags/example_branch_labels.py
[2024-05-23 09:46:30,605] {logging_mixin.py:115} INFO - [2024-05-23 09:46:30,605] {dag.py:2420} INFO - Sync 1 DAGs
[2024-05-23 09:46:30,618] {logging_mixin.py:115} INFO - [2024-05-23 09:46:30,618] {dag.py:2972} INFO - Setting next_dagrun for example_branch_labels to 2024-05-22T00:00:00+00:00, run_after=2024-05-23T00:00:00+00:00
[2024-05-23 09:46:30,625] {processor.py:161} INFO - Processing /home/airflow/.local/lib/python3.7/site-packages/airflow/example_dags/example_branch_labels.py took 0.047 seconds
[2024-05-23 09:47:01,228] {processor.py:153} INFO - Started process (PID=2906) to work on /home/airflow/.local/lib/python3.7/site-packages/airflow/example_dags/example_branch_labels.py
[2024-05-23 09:47:01,229] {processor.py:641} INFO - Processing file /home/airflow/.local/lib/python3.7/site-packages/airflow/example_dags/example_branch_labels.py for tasks to queue
[2024-05-23 09:47:01,230] {logging_mixin.py:115} INFO - [2024-05-23 09:47:01,230] {dagbag.py:508} INFO - Filling up the DagBag from /home/airflow/.local/lib/python3.7/site-packages/airflow/example_dags/example_branch_labels.py
[2024-05-23 09:47:01,234] {processor.py:651} INFO - DAG(s) dict_keys(['example_branch_labels']) retrieved from /home/airflow/.local/lib/python3.7/site-packages/airflow/example_dags/example_branch_labels.py
[2024-05-23 09:47:01,253] {logging_mixin.py:115} INFO - [2024-05-23 09:47:01,253] {dag.py:2420} INFO - Sync 1 DAGs
[2024-05-23 09:47:01,267] {logging_mixin.py:115} INFO - [2024-05-23 09:47:01,267] {dag.py:2972} INFO - Setting next_dagrun for example_branch_labels to 2024-05-22T00:00:00+00:00, run_after=2024-05-23T00:00:00+00:00
[2024-05-23 09:47:01,273] {processor.py:161} INFO - Processing /home/airflow/.local/lib/python3.7/site-packages/airflow/example_dags/example_branch_labels.py took 0.047 seconds
[2024-05-23 09:47:31,723] {processor.py:153} INFO - Started process (PID=2968) to work on /home/airflow/.local/lib/python3.7/site-packages/airflow/example_dags/example_branch_labels.py
[2024-05-23 09:47:31,724] {processor.py:641} INFO - Processing file /home/airflow/.local/lib/python3.7/site-packages/airflow/example_dags/example_branch_labels.py for tasks to queue
[2024-05-23 09:47:31,725] {logging_mixin.py:115} INFO - [2024-05-23 09:47:31,725] {dagbag.py:508} INFO - Filling up the DagBag from /home/airflow/.local/lib/python3.7/site-packages/airflow/example_dags/example_branch_labels.py
[2024-05-23 09:47:31,729] {processor.py:651} INFO - DAG(s) dict_keys(['example_branch_labels']) retrieved from /home/airflow/.local/lib/python3.7/site-packages/airflow/example_dags/example_branch_labels.py
[2024-05-23 09:47:31,749] {logging_mixin.py:115} INFO - [2024-05-23 09:47:31,749] {dag.py:2420} INFO - Sync 1 DAGs
[2024-05-23 09:47:31,762] {logging_mixin.py:115} INFO - [2024-05-23 09:47:31,762] {dag.py:2972} INFO - Setting next_dagrun for example_branch_labels to 2024-05-22T00:00:00+00:00, run_after=2024-05-23T00:00:00+00:00
[2024-05-23 09:47:31,771] {processor.py:161} INFO - Processing /home/airflow/.local/lib/python3.7/site-packages/airflow/example_dags/example_branch_labels.py took 0.050 seconds
[2024-05-23 09:48:02,167] {processor.py:153} INFO - Started process (PID=3030) to work on /home/airflow/.local/lib/python3.7/site-packages/airflow/example_dags/example_branch_labels.py
[2024-05-23 09:48:02,168] {processor.py:641} INFO - Processing file /home/airflow/.local/lib/python3.7/site-packages/airflow/example_dags/example_branch_labels.py for tasks to queue
[2024-05-23 09:48:02,169] {logging_mixin.py:115} INFO - [2024-05-23 09:48:02,169] {dagbag.py:508} INFO - Filling up the DagBag from /home/airflow/.local/lib/python3.7/site-packages/airflow/example_dags/example_branch_labels.py
[2024-05-23 09:48:02,173] {processor.py:651} INFO - DAG(s) dict_keys(['example_branch_labels']) retrieved from /home/airflow/.local/lib/python3.7/site-packages/airflow/example_dags/example_branch_labels.py
[2024-05-23 09:48:02,191] {logging_mixin.py:115} INFO - [2024-05-23 09:48:02,191] {dag.py:2420} INFO - Sync 1 DAGs
[2024-05-23 09:48:02,204] {logging_mixin.py:115} INFO - [2024-05-23 09:48:02,204] {dag.py:2972} INFO - Setting next_dagrun for example_branch_labels to 2024-05-22T00:00:00+00:00, run_after=2024-05-23T00:00:00+00:00
[2024-05-23 09:48:02,210] {processor.py:161} INFO - Processing /home/airflow/.local/lib/python3.7/site-packages/airflow/example_dags/example_branch_labels.py took 0.046 seconds
[2024-05-23 09:48:32,593] {processor.py:153} INFO - Started process (PID=3083) to work on /home/airflow/.local/lib/python3.7/site-packages/airflow/example_dags/example_branch_labels.py
[2024-05-23 09:48:32,594] {processor.py:641} INFO - Processing file /home/airflow/.local/lib/python3.7/site-packages/airflow/example_dags/example_branch_labels.py for tasks to queue
[2024-05-23 09:48:32,595] {logging_mixin.py:115} INFO - [2024-05-23 09:48:32,595] {dagbag.py:508} INFO - Filling up the DagBag from /home/airflow/.local/lib/python3.7/site-packages/airflow/example_dags/example_branch_labels.py
[2024-05-23 09:48:32,599] {processor.py:651} INFO - DAG(s) dict_keys(['example_branch_labels']) retrieved from /home/airflow/.local/lib/python3.7/site-packages/airflow/example_dags/example_branch_labels.py
[2024-05-23 09:48:32,619] {logging_mixin.py:115} INFO - [2024-05-23 09:48:32,619] {dag.py:2420} INFO - Sync 1 DAGs
[2024-05-23 09:48:32,631] {logging_mixin.py:115} INFO - [2024-05-23 09:48:32,631] {dag.py:2972} INFO - Setting next_dagrun for example_branch_labels to 2024-05-22T00:00:00+00:00, run_after=2024-05-23T00:00:00+00:00
[2024-05-23 09:48:32,641] {processor.py:161} INFO - Processing /home/airflow/.local/lib/python3.7/site-packages/airflow/example_dags/example_branch_labels.py took 0.050 seconds
[2024-05-23 09:49:03,165] {processor.py:153} INFO - Started process (PID=3145) to work on /home/airflow/.local/lib/python3.7/site-packages/airflow/example_dags/example_branch_labels.py
[2024-05-23 09:49:03,165] {processor.py:641} INFO - Processing file /home/airflow/.local/lib/python3.7/site-packages/airflow/example_dags/example_branch_labels.py for tasks to queue
[2024-05-23 09:49:03,166] {logging_mixin.py:115} INFO - [2024-05-23 09:49:03,166] {dagbag.py:508} INFO - Filling up the DagBag from /home/airflow/.local/lib/python3.7/site-packages/airflow/example_dags/example_branch_labels.py
[2024-05-23 09:49:03,170] {processor.py:651} INFO - DAG(s) dict_keys(['example_branch_labels']) retrieved from /home/airflow/.local/lib/python3.7/site-packages/airflow/example_dags/example_branch_labels.py
[2024-05-23 09:49:03,190] {logging_mixin.py:115} INFO - [2024-05-23 09:49:03,190] {dag.py:2420} INFO - Sync 1 DAGs
[2024-05-23 09:49:03,203] {logging_mixin.py:115} INFO - [2024-05-23 09:49:03,203] {dag.py:2972} INFO - Setting next_dagrun for example_branch_labels to 2024-05-22T00:00:00+00:00, run_after=2024-05-23T00:00:00+00:00
[2024-05-23 09:49:03,209] {processor.py:161} INFO - Processing /home/airflow/.local/lib/python3.7/site-packages/airflow/example_dags/example_branch_labels.py took 0.047 seconds
[2024-05-23 09:49:33,684] {processor.py:153} INFO - Started process (PID=3207) to work on /home/airflow/.local/lib/python3.7/site-packages/airflow/example_dags/example_branch_labels.py
[2024-05-23 09:49:33,685] {processor.py:641} INFO - Processing file /home/airflow/.local/lib/python3.7/site-packages/airflow/example_dags/example_branch_labels.py for tasks to queue
[2024-05-23 09:49:33,686] {logging_mixin.py:115} INFO - [2024-05-23 09:49:33,686] {dagbag.py:508} INFO - Filling up the DagBag from /home/airflow/.local/lib/python3.7/site-packages/airflow/example_dags/example_branch_labels.py
[2024-05-23 09:49:33,690] {processor.py:651} INFO - DAG(s) dict_keys(['example_branch_labels']) retrieved from /home/airflow/.local/lib/python3.7/site-packages/airflow/example_dags/example_branch_labels.py
[2024-05-23 09:49:33,708] {logging_mixin.py:115} INFO - [2024-05-23 09:49:33,708] {dag.py:2420} INFO - Sync 1 DAGs
[2024-05-23 09:49:33,720] {logging_mixin.py:115} INFO - [2024-05-23 09:49:33,720] {dag.py:2972} INFO - Setting next_dagrun for example_branch_labels to 2024-05-22T00:00:00+00:00, run_after=2024-05-23T00:00:00+00:00
[2024-05-23 09:49:33,727] {processor.py:161} INFO - Processing /home/airflow/.local/lib/python3.7/site-packages/airflow/example_dags/example_branch_labels.py took 0.045 seconds
[2024-05-23 09:50:04,136] {processor.py:153} INFO - Started process (PID=3269) to work on /home/airflow/.local/lib/python3.7/site-packages/airflow/example_dags/example_branch_labels.py
[2024-05-23 09:50:04,138] {processor.py:641} INFO - Processing file /home/airflow/.local/lib/python3.7/site-packages/airflow/example_dags/example_branch_labels.py for tasks to queue
[2024-05-23 09:50:04,138] {logging_mixin.py:115} INFO - [2024-05-23 09:50:04,138] {dagbag.py:508} INFO - Filling up the DagBag from /home/airflow/.local/lib/python3.7/site-packages/airflow/example_dags/example_branch_labels.py
[2024-05-23 09:50:04,143] {processor.py:651} INFO - DAG(s) dict_keys(['example_branch_labels']) retrieved from /home/airflow/.local/lib/python3.7/site-packages/airflow/example_dags/example_branch_labels.py
[2024-05-23 09:50:04,162] {logging_mixin.py:115} INFO - [2024-05-23 09:50:04,162] {dag.py:2420} INFO - Sync 1 DAGs
[2024-05-23 09:50:04,176] {logging_mixin.py:115} INFO - [2024-05-23 09:50:04,176] {dag.py:2972} INFO - Setting next_dagrun for example_branch_labels to 2024-05-22T00:00:00+00:00, run_after=2024-05-23T00:00:00+00:00
[2024-05-23 09:50:04,183] {processor.py:161} INFO - Processing /home/airflow/.local/lib/python3.7/site-packages/airflow/example_dags/example_branch_labels.py took 0.049 seconds
[2024-05-23 09:50:34,630] {processor.py:153} INFO - Started process (PID=3331) to work on /home/airflow/.local/lib/python3.7/site-packages/airflow/example_dags/example_branch_labels.py
[2024-05-23 09:50:34,630] {processor.py:641} INFO - Processing file /home/airflow/.local/lib/python3.7/site-packages/airflow/example_dags/example_branch_labels.py for tasks to queue
[2024-05-23 09:50:34,631] {logging_mixin.py:115} INFO - [2024-05-23 09:50:34,631] {dagbag.py:508} INFO - Filling up the DagBag from /home/airflow/.local/lib/python3.7/site-packages/airflow/example_dags/example_branch_labels.py
[2024-05-23 09:50:34,635] {processor.py:651} INFO - DAG(s) dict_keys(['example_branch_labels']) retrieved from /home/airflow/.local/lib/python3.7/site-packages/airflow/example_dags/example_branch_labels.py
[2024-05-23 09:50:34,654] {logging_mixin.py:115} INFO - [2024-05-23 09:50:34,654] {dag.py:2420} INFO - Sync 1 DAGs
[2024-05-23 09:50:34,667] {logging_mixin.py:115} INFO - [2024-05-23 09:50:34,666] {dag.py:2972} INFO - Setting next_dagrun for example_branch_labels to 2024-05-22T00:00:00+00:00, run_after=2024-05-23T00:00:00+00:00
[2024-05-23 09:50:34,673] {processor.py:161} INFO - Processing /home/airflow/.local/lib/python3.7/site-packages/airflow/example_dags/example_branch_labels.py took 0.045 seconds
[2024-05-23 09:51:05,153] {processor.py:153} INFO - Started process (PID=3393) to work on /home/airflow/.local/lib/python3.7/site-packages/airflow/example_dags/example_branch_labels.py
[2024-05-23 09:51:05,154] {processor.py:641} INFO - Processing file /home/airflow/.local/lib/python3.7/site-packages/airflow/example_dags/example_branch_labels.py for tasks to queue
[2024-05-23 09:51:05,154] {logging_mixin.py:115} INFO - [2024-05-23 09:51:05,154] {dagbag.py:508} INFO - Filling up the DagBag from /home/airflow/.local/lib/python3.7/site-packages/airflow/example_dags/example_branch_labels.py
[2024-05-23 09:51:05,159] {processor.py:651} INFO - DAG(s) dict_keys(['example_branch_labels']) retrieved from /home/airflow/.local/lib/python3.7/site-packages/airflow/example_dags/example_branch_labels.py
[2024-05-23 09:51:05,178] {logging_mixin.py:115} INFO - [2024-05-23 09:51:05,178] {dag.py:2420} INFO - Sync 1 DAGs
[2024-05-23 09:51:05,190] {logging_mixin.py:115} INFO - [2024-05-23 09:51:05,190] {dag.py:2972} INFO - Setting next_dagrun for example_branch_labels to 2024-05-22T00:00:00+00:00, run_after=2024-05-23T00:00:00+00:00
[2024-05-23 09:51:05,197] {processor.py:161} INFO - Processing /home/airflow/.local/lib/python3.7/site-packages/airflow/example_dags/example_branch_labels.py took 0.047 seconds
[2024-05-23 09:51:35,555] {processor.py:153} INFO - Started process (PID=3446) to work on /home/airflow/.local/lib/python3.7/site-packages/airflow/example_dags/example_branch_labels.py
[2024-05-23 09:51:35,556] {processor.py:641} INFO - Processing file /home/airflow/.local/lib/python3.7/site-packages/airflow/example_dags/example_branch_labels.py for tasks to queue
[2024-05-23 09:51:35,557] {logging_mixin.py:115} INFO - [2024-05-23 09:51:35,557] {dagbag.py:508} INFO - Filling up the DagBag from /home/airflow/.local/lib/python3.7/site-packages/airflow/example_dags/example_branch_labels.py
[2024-05-23 09:51:35,562] {processor.py:651} INFO - DAG(s) dict_keys(['example_branch_labels']) retrieved from /home/airflow/.local/lib/python3.7/site-packages/airflow/example_dags/example_branch_labels.py
[2024-05-23 09:51:35,582] {logging_mixin.py:115} INFO - [2024-05-23 09:51:35,582] {dag.py:2420} INFO - Sync 1 DAGs
[2024-05-23 09:51:35,596] {logging_mixin.py:115} INFO - [2024-05-23 09:51:35,596] {dag.py:2972} INFO - Setting next_dagrun for example_branch_labels to 2024-05-22T00:00:00+00:00, run_after=2024-05-23T00:00:00+00:00
[2024-05-23 09:51:35,604] {processor.py:161} INFO - Processing /home/airflow/.local/lib/python3.7/site-packages/airflow/example_dags/example_branch_labels.py took 0.052 seconds
[2024-05-23 09:52:06,090] {processor.py:153} INFO - Started process (PID=3508) to work on /home/airflow/.local/lib/python3.7/site-packages/airflow/example_dags/example_branch_labels.py
[2024-05-23 09:52:06,091] {processor.py:641} INFO - Processing file /home/airflow/.local/lib/python3.7/site-packages/airflow/example_dags/example_branch_labels.py for tasks to queue
[2024-05-23 09:52:06,091] {logging_mixin.py:115} INFO - [2024-05-23 09:52:06,091] {dagbag.py:508} INFO - Filling up the DagBag from /home/airflow/.local/lib/python3.7/site-packages/airflow/example_dags/example_branch_labels.py
[2024-05-23 09:52:06,096] {processor.py:651} INFO - DAG(s) dict_keys(['example_branch_labels']) retrieved from /home/airflow/.local/lib/python3.7/site-packages/airflow/example_dags/example_branch_labels.py
[2024-05-23 09:52:06,113] {logging_mixin.py:115} INFO - [2024-05-23 09:52:06,113] {dag.py:2420} INFO - Sync 1 DAGs
[2024-05-23 09:52:06,127] {logging_mixin.py:115} INFO - [2024-05-23 09:52:06,127] {dag.py:2972} INFO - Setting next_dagrun for example_branch_labels to 2024-05-22T00:00:00+00:00, run_after=2024-05-23T00:00:00+00:00
[2024-05-23 09:52:06,133] {processor.py:161} INFO - Processing /home/airflow/.local/lib/python3.7/site-packages/airflow/example_dags/example_branch_labels.py took 0.046 seconds
[2024-05-23 09:52:36,486] {processor.py:153} INFO - Started process (PID=3570) to work on /home/airflow/.local/lib/python3.7/site-packages/airflow/example_dags/example_branch_labels.py
[2024-05-23 09:52:36,487] {processor.py:641} INFO - Processing file /home/airflow/.local/lib/python3.7/site-packages/airflow/example_dags/example_branch_labels.py for tasks to queue
[2024-05-23 09:52:36,487] {logging_mixin.py:115} INFO - [2024-05-23 09:52:36,487] {dagbag.py:508} INFO - Filling up the DagBag from /home/airflow/.local/lib/python3.7/site-packages/airflow/example_dags/example_branch_labels.py
[2024-05-23 09:52:36,492] {processor.py:651} INFO - DAG(s) dict_keys(['example_branch_labels']) retrieved from /home/airflow/.local/lib/python3.7/site-packages/airflow/example_dags/example_branch_labels.py
[2024-05-23 09:52:36,511] {logging_mixin.py:115} INFO - [2024-05-23 09:52:36,511] {dag.py:2420} INFO - Sync 1 DAGs
[2024-05-23 09:52:36,524] {logging_mixin.py:115} INFO - [2024-05-23 09:52:36,524] {dag.py:2972} INFO - Setting next_dagrun for example_branch_labels to 2024-05-22T00:00:00+00:00, run_after=2024-05-23T00:00:00+00:00
[2024-05-23 09:52:36,531] {processor.py:161} INFO - Processing /home/airflow/.local/lib/python3.7/site-packages/airflow/example_dags/example_branch_labels.py took 0.047 seconds
[2024-05-23 09:53:06,975] {processor.py:153} INFO - Started process (PID=3632) to work on /home/airflow/.local/lib/python3.7/site-packages/airflow/example_dags/example_branch_labels.py
[2024-05-23 09:53:06,976] {processor.py:641} INFO - Processing file /home/airflow/.local/lib/python3.7/site-packages/airflow/example_dags/example_branch_labels.py for tasks to queue
[2024-05-23 09:53:06,977] {logging_mixin.py:115} INFO - [2024-05-23 09:53:06,977] {dagbag.py:508} INFO - Filling up the DagBag from /home/airflow/.local/lib/python3.7/site-packages/airflow/example_dags/example_branch_labels.py
[2024-05-23 09:53:06,981] {processor.py:651} INFO - DAG(s) dict_keys(['example_branch_labels']) retrieved from /home/airflow/.local/lib/python3.7/site-packages/airflow/example_dags/example_branch_labels.py
[2024-05-23 09:53:07,002] {logging_mixin.py:115} INFO - [2024-05-23 09:53:07,002] {dag.py:2420} INFO - Sync 1 DAGs
[2024-05-23 09:53:07,015] {logging_mixin.py:115} INFO - [2024-05-23 09:53:07,015] {dag.py:2972} INFO - Setting next_dagrun for example_branch_labels to 2024-05-22T00:00:00+00:00, run_after=2024-05-23T00:00:00+00:00
[2024-05-23 09:53:07,023] {processor.py:161} INFO - Processing /home/airflow/.local/lib/python3.7/site-packages/airflow/example_dags/example_branch_labels.py took 0.049 seconds
[2024-05-23 09:53:37,562] {processor.py:153} INFO - Started process (PID=3694) to work on /home/airflow/.local/lib/python3.7/site-packages/airflow/example_dags/example_branch_labels.py
[2024-05-23 09:53:37,563] {processor.py:641} INFO - Processing file /home/airflow/.local/lib/python3.7/site-packages/airflow/example_dags/example_branch_labels.py for tasks to queue
[2024-05-23 09:53:37,563] {logging_mixin.py:115} INFO - [2024-05-23 09:53:37,563] {dagbag.py:508} INFO - Filling up the DagBag from /home/airflow/.local/lib/python3.7/site-packages/airflow/example_dags/example_branch_labels.py
[2024-05-23 09:53:37,568] {processor.py:651} INFO - DAG(s) dict_keys(['example_branch_labels']) retrieved from /home/airflow/.local/lib/python3.7/site-packages/airflow/example_dags/example_branch_labels.py
[2024-05-23 09:53:37,587] {logging_mixin.py:115} INFO - [2024-05-23 09:53:37,587] {dag.py:2420} INFO - Sync 1 DAGs
[2024-05-23 09:53:37,599] {logging_mixin.py:115} INFO - [2024-05-23 09:53:37,599] {dag.py:2972} INFO - Setting next_dagrun for example_branch_labels to 2024-05-22T00:00:00+00:00, run_after=2024-05-23T00:00:00+00:00
[2024-05-23 09:53:37,606] {processor.py:161} INFO - Processing /home/airflow/.local/lib/python3.7/site-packages/airflow/example_dags/example_branch_labels.py took 0.046 seconds
[2024-05-23 09:54:08,102] {processor.py:153} INFO - Started process (PID=3756) to work on /home/airflow/.local/lib/python3.7/site-packages/airflow/example_dags/example_branch_labels.py
[2024-05-23 09:54:08,103] {processor.py:641} INFO - Processing file /home/airflow/.local/lib/python3.7/site-packages/airflow/example_dags/example_branch_labels.py for tasks to queue
[2024-05-23 09:54:08,104] {logging_mixin.py:115} INFO - [2024-05-23 09:54:08,104] {dagbag.py:508} INFO - Filling up the DagBag from /home/airflow/.local/lib/python3.7/site-packages/airflow/example_dags/example_branch_labels.py
[2024-05-23 09:54:08,108] {processor.py:651} INFO - DAG(s) dict_keys(['example_branch_labels']) retrieved from /home/airflow/.local/lib/python3.7/site-packages/airflow/example_dags/example_branch_labels.py
[2024-05-23 09:54:08,129] {logging_mixin.py:115} INFO - [2024-05-23 09:54:08,129] {dag.py:2420} INFO - Sync 1 DAGs
[2024-05-23 09:54:08,147] {logging_mixin.py:115} INFO - [2024-05-23 09:54:08,147] {dag.py:2972} INFO - Setting next_dagrun for example_branch_labels to 2024-05-22T00:00:00+00:00, run_after=2024-05-23T00:00:00+00:00
[2024-05-23 09:54:08,154] {processor.py:161} INFO - Processing /home/airflow/.local/lib/python3.7/site-packages/airflow/example_dags/example_branch_labels.py took 0.054 seconds
[2024-05-23 09:54:38,599] {processor.py:153} INFO - Started process (PID=3809) to work on /home/airflow/.local/lib/python3.7/site-packages/airflow/example_dags/example_branch_labels.py
[2024-05-23 09:54:38,600] {processor.py:641} INFO - Processing file /home/airflow/.local/lib/python3.7/site-packages/airflow/example_dags/example_branch_labels.py for tasks to queue
[2024-05-23 09:54:38,601] {logging_mixin.py:115} INFO - [2024-05-23 09:54:38,600] {dagbag.py:508} INFO - Filling up the DagBag from /home/airflow/.local/lib/python3.7/site-packages/airflow/example_dags/example_branch_labels.py
[2024-05-23 09:54:38,605] {processor.py:651} INFO - DAG(s) dict_keys(['example_branch_labels']) retrieved from /home/airflow/.local/lib/python3.7/site-packages/airflow/example_dags/example_branch_labels.py
[2024-05-23 09:54:38,624] {logging_mixin.py:115} INFO - [2024-05-23 09:54:38,624] {dag.py:2420} INFO - Sync 1 DAGs
[2024-05-23 09:54:38,637] {logging_mixin.py:115} INFO - [2024-05-23 09:54:38,637] {dag.py:2972} INFO - Setting next_dagrun for example_branch_labels to 2024-05-22T00:00:00+00:00, run_after=2024-05-23T00:00:00+00:00
[2024-05-23 09:54:38,643] {processor.py:161} INFO - Processing /home/airflow/.local/lib/python3.7/site-packages/airflow/example_dags/example_branch_labels.py took 0.047 seconds
[2024-05-23 09:55:09,002] {processor.py:153} INFO - Started process (PID=3871) to work on /home/airflow/.local/lib/python3.7/site-packages/airflow/example_dags/example_branch_labels.py
[2024-05-23 09:55:09,002] {processor.py:641} INFO - Processing file /home/airflow/.local/lib/python3.7/site-packages/airflow/example_dags/example_branch_labels.py for tasks to queue
[2024-05-23 09:55:09,003] {logging_mixin.py:115} INFO - [2024-05-23 09:55:09,003] {dagbag.py:508} INFO - Filling up the DagBag from /home/airflow/.local/lib/python3.7/site-packages/airflow/example_dags/example_branch_labels.py
[2024-05-23 09:55:09,007] {processor.py:651} INFO - DAG(s) dict_keys(['example_branch_labels']) retrieved from /home/airflow/.local/lib/python3.7/site-packages/airflow/example_dags/example_branch_labels.py
[2024-05-23 09:55:09,026] {logging_mixin.py:115} INFO - [2024-05-23 09:55:09,026] {dag.py:2420} INFO - Sync 1 DAGs
[2024-05-23 09:55:09,038] {logging_mixin.py:115} INFO - [2024-05-23 09:55:09,038] {dag.py:2972} INFO - Setting next_dagrun for example_branch_labels to 2024-05-22T00:00:00+00:00, run_after=2024-05-23T00:00:00+00:00
[2024-05-23 09:55:09,045] {processor.py:161} INFO - Processing /home/airflow/.local/lib/python3.7/site-packages/airflow/example_dags/example_branch_labels.py took 0.045 seconds
[2024-05-23 09:55:39,511] {processor.py:153} INFO - Started process (PID=3933) to work on /home/airflow/.local/lib/python3.7/site-packages/airflow/example_dags/example_branch_labels.py
[2024-05-23 09:55:39,512] {processor.py:641} INFO - Processing file /home/airflow/.local/lib/python3.7/site-packages/airflow/example_dags/example_branch_labels.py for tasks to queue
[2024-05-23 09:55:39,513] {logging_mixin.py:115} INFO - [2024-05-23 09:55:39,513] {dagbag.py:508} INFO - Filling up the DagBag from /home/airflow/.local/lib/python3.7/site-packages/airflow/example_dags/example_branch_labels.py
[2024-05-23 09:55:39,517] {processor.py:651} INFO - DAG(s) dict_keys(['example_branch_labels']) retrieved from /home/airflow/.local/lib/python3.7/site-packages/airflow/example_dags/example_branch_labels.py
[2024-05-23 09:55:39,539] {logging_mixin.py:115} INFO - [2024-05-23 09:55:39,539] {dag.py:2420} INFO - Sync 1 DAGs
[2024-05-23 09:55:39,553] {logging_mixin.py:115} INFO - [2024-05-23 09:55:39,553] {dag.py:2972} INFO - Setting next_dagrun for example_branch_labels to 2024-05-22T00:00:00+00:00, run_after=2024-05-23T00:00:00+00:00
[2024-05-23 09:55:39,560] {processor.py:161} INFO - Processing /home/airflow/.local/lib/python3.7/site-packages/airflow/example_dags/example_branch_labels.py took 0.050 seconds
[2024-05-23 09:56:09,905] {processor.py:153} INFO - Started process (PID=3995) to work on /home/airflow/.local/lib/python3.7/site-packages/airflow/example_dags/example_branch_labels.py
[2024-05-23 09:56:09,905] {processor.py:641} INFO - Processing file /home/airflow/.local/lib/python3.7/site-packages/airflow/example_dags/example_branch_labels.py for tasks to queue
[2024-05-23 09:56:09,906] {logging_mixin.py:115} INFO - [2024-05-23 09:56:09,906] {dagbag.py:508} INFO - Filling up the DagBag from /home/airflow/.local/lib/python3.7/site-packages/airflow/example_dags/example_branch_labels.py
[2024-05-23 09:56:09,910] {processor.py:651} INFO - DAG(s) dict_keys(['example_branch_labels']) retrieved from /home/airflow/.local/lib/python3.7/site-packages/airflow/example_dags/example_branch_labels.py
[2024-05-23 09:56:09,928] {logging_mixin.py:115} INFO - [2024-05-23 09:56:09,928] {dag.py:2420} INFO - Sync 1 DAGs
[2024-05-23 09:56:09,940] {logging_mixin.py:115} INFO - [2024-05-23 09:56:09,940] {dag.py:2972} INFO - Setting next_dagrun for example_branch_labels to 2024-05-22T00:00:00+00:00, run_after=2024-05-23T00:00:00+00:00
[2024-05-23 09:56:09,947] {processor.py:161} INFO - Processing /home/airflow/.local/lib/python3.7/site-packages/airflow/example_dags/example_branch_labels.py took 0.044 seconds
[2024-05-23 09:56:40,404] {processor.py:153} INFO - Started process (PID=4057) to work on /home/airflow/.local/lib/python3.7/site-packages/airflow/example_dags/example_branch_labels.py
[2024-05-23 09:56:40,405] {processor.py:641} INFO - Processing file /home/airflow/.local/lib/python3.7/site-packages/airflow/example_dags/example_branch_labels.py for tasks to queue
[2024-05-23 09:56:40,405] {logging_mixin.py:115} INFO - [2024-05-23 09:56:40,405] {dagbag.py:508} INFO - Filling up the DagBag from /home/airflow/.local/lib/python3.7/site-packages/airflow/example_dags/example_branch_labels.py
[2024-05-23 09:56:40,409] {processor.py:651} INFO - DAG(s) dict_keys(['example_branch_labels']) retrieved from /home/airflow/.local/lib/python3.7/site-packages/airflow/example_dags/example_branch_labels.py
[2024-05-23 09:56:40,428] {logging_mixin.py:115} INFO - [2024-05-23 09:56:40,428] {dag.py:2420} INFO - Sync 1 DAGs
[2024-05-23 09:56:40,440] {logging_mixin.py:115} INFO - [2024-05-23 09:56:40,440] {dag.py:2972} INFO - Setting next_dagrun for example_branch_labels to 2024-05-22T00:00:00+00:00, run_after=2024-05-23T00:00:00+00:00
[2024-05-23 09:56:40,446] {processor.py:161} INFO - Processing /home/airflow/.local/lib/python3.7/site-packages/airflow/example_dags/example_branch_labels.py took 0.044 seconds
[2024-05-23 09:57:10,833] {processor.py:153} INFO - Started process (PID=4110) to work on /home/airflow/.local/lib/python3.7/site-packages/airflow/example_dags/example_branch_labels.py
[2024-05-23 09:57:10,833] {processor.py:641} INFO - Processing file /home/airflow/.local/lib/python3.7/site-packages/airflow/example_dags/example_branch_labels.py for tasks to queue
[2024-05-23 09:57:10,834] {logging_mixin.py:115} INFO - [2024-05-23 09:57:10,834] {dagbag.py:508} INFO - Filling up the DagBag from /home/airflow/.local/lib/python3.7/site-packages/airflow/example_dags/example_branch_labels.py
[2024-05-23 09:57:10,838] {processor.py:651} INFO - DAG(s) dict_keys(['example_branch_labels']) retrieved from /home/airflow/.local/lib/python3.7/site-packages/airflow/example_dags/example_branch_labels.py
[2024-05-23 09:57:10,856] {logging_mixin.py:115} INFO - [2024-05-23 09:57:10,856] {dag.py:2420} INFO - Sync 1 DAGs
[2024-05-23 09:57:10,869] {logging_mixin.py:115} INFO - [2024-05-23 09:57:10,868] {dag.py:2972} INFO - Setting next_dagrun for example_branch_labels to 2024-05-22T00:00:00+00:00, run_after=2024-05-23T00:00:00+00:00
[2024-05-23 09:57:10,875] {processor.py:161} INFO - Processing /home/airflow/.local/lib/python3.7/site-packages/airflow/example_dags/example_branch_labels.py took 0.044 seconds
[2024-05-23 09:57:41,329] {processor.py:153} INFO - Started process (PID=4172) to work on /home/airflow/.local/lib/python3.7/site-packages/airflow/example_dags/example_branch_labels.py
[2024-05-23 09:57:41,330] {processor.py:641} INFO - Processing file /home/airflow/.local/lib/python3.7/site-packages/airflow/example_dags/example_branch_labels.py for tasks to queue
[2024-05-23 09:57:41,330] {logging_mixin.py:115} INFO - [2024-05-23 09:57:41,330] {dagbag.py:508} INFO - Filling up the DagBag from /home/airflow/.local/lib/python3.7/site-packages/airflow/example_dags/example_branch_labels.py
[2024-05-23 09:57:41,335] {processor.py:651} INFO - DAG(s) dict_keys(['example_branch_labels']) retrieved from /home/airflow/.local/lib/python3.7/site-packages/airflow/example_dags/example_branch_labels.py
[2024-05-23 09:57:41,355] {logging_mixin.py:115} INFO - [2024-05-23 09:57:41,355] {dag.py:2420} INFO - Sync 1 DAGs
[2024-05-23 09:57:41,369] {logging_mixin.py:115} INFO - [2024-05-23 09:57:41,368] {dag.py:2972} INFO - Setting next_dagrun for example_branch_labels to 2024-05-22T00:00:00+00:00, run_after=2024-05-23T00:00:00+00:00
[2024-05-23 09:57:41,375] {processor.py:161} INFO - Processing /home/airflow/.local/lib/python3.7/site-packages/airflow/example_dags/example_branch_labels.py took 0.049 seconds
[2024-05-23 09:58:11,845] {processor.py:153} INFO - Started process (PID=4234) to work on /home/airflow/.local/lib/python3.7/site-packages/airflow/example_dags/example_branch_labels.py
[2024-05-23 09:58:11,846] {processor.py:641} INFO - Processing file /home/airflow/.local/lib/python3.7/site-packages/airflow/example_dags/example_branch_labels.py for tasks to queue
[2024-05-23 09:58:11,846] {logging_mixin.py:115} INFO - [2024-05-23 09:58:11,846] {dagbag.py:508} INFO - Filling up the DagBag from /home/airflow/.local/lib/python3.7/site-packages/airflow/example_dags/example_branch_labels.py
[2024-05-23 09:58:11,851] {processor.py:651} INFO - DAG(s) dict_keys(['example_branch_labels']) retrieved from /home/airflow/.local/lib/python3.7/site-packages/airflow/example_dags/example_branch_labels.py
[2024-05-23 09:58:11,869] {logging_mixin.py:115} INFO - [2024-05-23 09:58:11,869] {dag.py:2420} INFO - Sync 1 DAGs
[2024-05-23 09:58:11,882] {logging_mixin.py:115} INFO - [2024-05-23 09:58:11,882] {dag.py:2972} INFO - Setting next_dagrun for example_branch_labels to 2024-05-22T00:00:00+00:00, run_after=2024-05-23T00:00:00+00:00
[2024-05-23 09:58:11,888] {processor.py:161} INFO - Processing /home/airflow/.local/lib/python3.7/site-packages/airflow/example_dags/example_branch_labels.py took 0.046 seconds
[2024-05-23 09:58:42,307] {processor.py:153} INFO - Started process (PID=4296) to work on /home/airflow/.local/lib/python3.7/site-packages/airflow/example_dags/example_branch_labels.py
[2024-05-23 09:58:42,307] {processor.py:641} INFO - Processing file /home/airflow/.local/lib/python3.7/site-packages/airflow/example_dags/example_branch_labels.py for tasks to queue
[2024-05-23 09:58:42,308] {logging_mixin.py:115} INFO - [2024-05-23 09:58:42,308] {dagbag.py:508} INFO - Filling up the DagBag from /home/airflow/.local/lib/python3.7/site-packages/airflow/example_dags/example_branch_labels.py
[2024-05-23 09:58:42,312] {processor.py:651} INFO - DAG(s) dict_keys(['example_branch_labels']) retrieved from /home/airflow/.local/lib/python3.7/site-packages/airflow/example_dags/example_branch_labels.py
[2024-05-23 09:58:42,333] {logging_mixin.py:115} INFO - [2024-05-23 09:58:42,332] {dag.py:2420} INFO - Sync 1 DAGs
[2024-05-23 09:58:42,346] {logging_mixin.py:115} INFO - [2024-05-23 09:58:42,346] {dag.py:2972} INFO - Setting next_dagrun for example_branch_labels to 2024-05-22T00:00:00+00:00, run_after=2024-05-23T00:00:00+00:00
[2024-05-23 09:58:42,352] {processor.py:161} INFO - Processing /home/airflow/.local/lib/python3.7/site-packages/airflow/example_dags/example_branch_labels.py took 0.048 seconds
[2024-05-23 09:59:12,724] {processor.py:153} INFO - Started process (PID=4358) to work on /home/airflow/.local/lib/python3.7/site-packages/airflow/example_dags/example_branch_labels.py
[2024-05-23 09:59:12,724] {processor.py:641} INFO - Processing file /home/airflow/.local/lib/python3.7/site-packages/airflow/example_dags/example_branch_labels.py for tasks to queue
[2024-05-23 09:59:12,725] {logging_mixin.py:115} INFO - [2024-05-23 09:59:12,725] {dagbag.py:508} INFO - Filling up the DagBag from /home/airflow/.local/lib/python3.7/site-packages/airflow/example_dags/example_branch_labels.py
[2024-05-23 09:59:12,729] {processor.py:651} INFO - DAG(s) dict_keys(['example_branch_labels']) retrieved from /home/airflow/.local/lib/python3.7/site-packages/airflow/example_dags/example_branch_labels.py
[2024-05-23 09:59:12,748] {logging_mixin.py:115} INFO - [2024-05-23 09:59:12,748] {dag.py:2420} INFO - Sync 1 DAGs
[2024-05-23 09:59:12,761] {logging_mixin.py:115} INFO - [2024-05-23 09:59:12,761] {dag.py:2972} INFO - Setting next_dagrun for example_branch_labels to 2024-05-22T00:00:00+00:00, run_after=2024-05-23T00:00:00+00:00
[2024-05-23 09:59:12,767] {processor.py:161} INFO - Processing /home/airflow/.local/lib/python3.7/site-packages/airflow/example_dags/example_branch_labels.py took 0.046 seconds
[2024-05-23 09:59:43,230] {processor.py:153} INFO - Started process (PID=4420) to work on /home/airflow/.local/lib/python3.7/site-packages/airflow/example_dags/example_branch_labels.py
[2024-05-23 09:59:43,231] {processor.py:641} INFO - Processing file /home/airflow/.local/lib/python3.7/site-packages/airflow/example_dags/example_branch_labels.py for tasks to queue
[2024-05-23 09:59:43,232] {logging_mixin.py:115} INFO - [2024-05-23 09:59:43,232] {dagbag.py:508} INFO - Filling up the DagBag from /home/airflow/.local/lib/python3.7/site-packages/airflow/example_dags/example_branch_labels.py
[2024-05-23 09:59:43,236] {processor.py:651} INFO - DAG(s) dict_keys(['example_branch_labels']) retrieved from /home/airflow/.local/lib/python3.7/site-packages/airflow/example_dags/example_branch_labels.py
[2024-05-23 09:59:43,255] {logging_mixin.py:115} INFO - [2024-05-23 09:59:43,255] {dag.py:2420} INFO - Sync 1 DAGs
[2024-05-23 09:59:43,268] {logging_mixin.py:115} INFO - [2024-05-23 09:59:43,268] {dag.py:2972} INFO - Setting next_dagrun for example_branch_labels to 2024-05-22T00:00:00+00:00, run_after=2024-05-23T00:00:00+00:00
[2024-05-23 09:59:43,274] {processor.py:161} INFO - Processing /home/airflow/.local/lib/python3.7/site-packages/airflow/example_dags/example_branch_labels.py took 0.046 seconds
[2024-05-23 10:00:13,659] {processor.py:153} INFO - Started process (PID=4473) to work on /home/airflow/.local/lib/python3.7/site-packages/airflow/example_dags/example_branch_labels.py
[2024-05-23 10:00:13,660] {processor.py:641} INFO - Processing file /home/airflow/.local/lib/python3.7/site-packages/airflow/example_dags/example_branch_labels.py for tasks to queue
[2024-05-23 10:00:13,661] {logging_mixin.py:115} INFO - [2024-05-23 10:00:13,661] {dagbag.py:508} INFO - Filling up the DagBag from /home/airflow/.local/lib/python3.7/site-packages/airflow/example_dags/example_branch_labels.py
[2024-05-23 10:00:13,665] {processor.py:651} INFO - DAG(s) dict_keys(['example_branch_labels']) retrieved from /home/airflow/.local/lib/python3.7/site-packages/airflow/example_dags/example_branch_labels.py
[2024-05-23 10:00:13,684] {logging_mixin.py:115} INFO - [2024-05-23 10:00:13,684] {dag.py:2420} INFO - Sync 1 DAGs
[2024-05-23 10:00:13,698] {logging_mixin.py:115} INFO - [2024-05-23 10:00:13,697] {dag.py:2972} INFO - Setting next_dagrun for example_branch_labels to 2024-05-22T00:00:00+00:00, run_after=2024-05-23T00:00:00+00:00
[2024-05-23 10:00:13,704] {processor.py:161} INFO - Processing /home/airflow/.local/lib/python3.7/site-packages/airflow/example_dags/example_branch_labels.py took 0.047 seconds
