[2024-05-23 09:23:07,937] {processor.py:153} INFO - Started process (PID=56) to work on /home/airflow/.local/lib/python3.7/site-packages/airflow/example_dags/example_sla_dag.py
[2024-05-23 09:23:07,939] {processor.py:641} INFO - Processing file /home/airflow/.local/lib/python3.7/site-packages/airflow/example_dags/example_sla_dag.py for tasks to queue
[2024-05-23 09:23:07,940] {logging_mixin.py:115} INFO - [2024-05-23 09:23:07,940] {dagbag.py:508} INFO - Filling up the DagBag from /home/airflow/.local/lib/python3.7/site-packages/airflow/example_dags/example_sla_dag.py
[2024-05-23 09:23:07,960] {processor.py:651} INFO - DAG(s) dict_keys(['example_sla_dag']) retrieved from /home/airflow/.local/lib/python3.7/site-packages/airflow/example_dags/example_sla_dag.py
[2024-05-23 09:23:08,028] {logging_mixin.py:115} INFO - [2024-05-23 09:23:08,028] {manager.py:508} INFO - Created Permission View: can edit on DAG:example_sla_dag
[2024-05-23 09:23:08,040] {logging_mixin.py:115} INFO - [2024-05-23 09:23:08,040] {manager.py:508} INFO - Created Permission View: can read on DAG:example_sla_dag
[2024-05-23 09:23:08,048] {logging_mixin.py:115} INFO - [2024-05-23 09:23:08,048] {manager.py:508} INFO - Created Permission View: can delete on DAG:example_sla_dag
[2024-05-23 09:23:08,049] {logging_mixin.py:115} INFO - [2024-05-23 09:23:08,049] {dag.py:2420} INFO - Sync 1 DAGs
[2024-05-23 09:23:08,056] {logging_mixin.py:115} INFO - [2024-05-23 09:23:08,056] {dag.py:2439} INFO - Creating ORM DAG for example_sla_dag
[2024-05-23 09:23:08,067] {logging_mixin.py:115} INFO - [2024-05-23 09:23:08,067] {dag.py:2972} INFO - Setting next_dagrun for example_sla_dag to 2024-05-23T09:20:00+00:00, run_after=2024-05-23T09:22:00+00:00
[2024-05-23 09:23:08,080] {processor.py:161} INFO - Processing /home/airflow/.local/lib/python3.7/site-packages/airflow/example_dags/example_sla_dag.py took 0.145 seconds
[2024-05-23 09:23:38,255] {processor.py:153} INFO - Started process (PID=117) to work on /home/airflow/.local/lib/python3.7/site-packages/airflow/example_dags/example_sla_dag.py
[2024-05-23 09:23:38,256] {processor.py:641} INFO - Processing file /home/airflow/.local/lib/python3.7/site-packages/airflow/example_dags/example_sla_dag.py for tasks to queue
[2024-05-23 09:23:38,256] {logging_mixin.py:115} INFO - [2024-05-23 09:23:38,256] {dagbag.py:508} INFO - Filling up the DagBag from /home/airflow/.local/lib/python3.7/site-packages/airflow/example_dags/example_sla_dag.py
[2024-05-23 09:23:38,266] {processor.py:651} INFO - DAG(s) dict_keys(['example_sla_dag']) retrieved from /home/airflow/.local/lib/python3.7/site-packages/airflow/example_dags/example_sla_dag.py
[2024-05-23 09:23:38,285] {logging_mixin.py:115} INFO - [2024-05-23 09:23:38,285] {dag.py:2420} INFO - Sync 1 DAGs
[2024-05-23 09:23:38,303] {logging_mixin.py:115} INFO - [2024-05-23 09:23:38,303] {dag.py:2972} INFO - Setting next_dagrun for example_sla_dag to 2024-05-23T09:20:00+00:00, run_after=2024-05-23T09:22:00+00:00
[2024-05-23 09:23:38,314] {processor.py:161} INFO - Processing /home/airflow/.local/lib/python3.7/site-packages/airflow/example_dags/example_sla_dag.py took 0.061 seconds
[2024-05-23 09:24:08,706] {processor.py:153} INFO - Started process (PID=178) to work on /home/airflow/.local/lib/python3.7/site-packages/airflow/example_dags/example_sla_dag.py
[2024-05-23 09:24:08,707] {processor.py:641} INFO - Processing file /home/airflow/.local/lib/python3.7/site-packages/airflow/example_dags/example_sla_dag.py for tasks to queue
[2024-05-23 09:24:08,708] {logging_mixin.py:115} INFO - [2024-05-23 09:24:08,708] {dagbag.py:508} INFO - Filling up the DagBag from /home/airflow/.local/lib/python3.7/site-packages/airflow/example_dags/example_sla_dag.py
[2024-05-23 09:24:08,718] {processor.py:651} INFO - DAG(s) dict_keys(['example_sla_dag']) retrieved from /home/airflow/.local/lib/python3.7/site-packages/airflow/example_dags/example_sla_dag.py
[2024-05-23 09:24:08,736] {logging_mixin.py:115} INFO - [2024-05-23 09:24:08,736] {dag.py:2420} INFO - Sync 1 DAGs
[2024-05-23 09:24:08,749] {logging_mixin.py:115} INFO - [2024-05-23 09:24:08,749] {dag.py:2972} INFO - Setting next_dagrun for example_sla_dag to 2024-05-23T09:22:00+00:00, run_after=2024-05-23T09:24:00+00:00
[2024-05-23 09:24:08,757] {processor.py:161} INFO - Processing /home/airflow/.local/lib/python3.7/site-packages/airflow/example_dags/example_sla_dag.py took 0.053 seconds
[2024-05-23 09:24:39,147] {processor.py:153} INFO - Started process (PID=239) to work on /home/airflow/.local/lib/python3.7/site-packages/airflow/example_dags/example_sla_dag.py
[2024-05-23 09:24:39,148] {processor.py:641} INFO - Processing file /home/airflow/.local/lib/python3.7/site-packages/airflow/example_dags/example_sla_dag.py for tasks to queue
[2024-05-23 09:24:39,148] {logging_mixin.py:115} INFO - [2024-05-23 09:24:39,148] {dagbag.py:508} INFO - Filling up the DagBag from /home/airflow/.local/lib/python3.7/site-packages/airflow/example_dags/example_sla_dag.py
[2024-05-23 09:24:39,159] {processor.py:651} INFO - DAG(s) dict_keys(['example_sla_dag']) retrieved from /home/airflow/.local/lib/python3.7/site-packages/airflow/example_dags/example_sla_dag.py
[2024-05-23 09:24:39,176] {logging_mixin.py:115} INFO - [2024-05-23 09:24:39,176] {dag.py:2420} INFO - Sync 1 DAGs
[2024-05-23 09:24:39,191] {logging_mixin.py:115} INFO - [2024-05-23 09:24:39,191] {dag.py:2972} INFO - Setting next_dagrun for example_sla_dag to 2024-05-23T09:22:00+00:00, run_after=2024-05-23T09:24:00+00:00
[2024-05-23 09:24:39,198] {processor.py:161} INFO - Processing /home/airflow/.local/lib/python3.7/site-packages/airflow/example_dags/example_sla_dag.py took 0.053 seconds
[2024-05-23 09:25:09,677] {processor.py:153} INFO - Started process (PID=300) to work on /home/airflow/.local/lib/python3.7/site-packages/airflow/example_dags/example_sla_dag.py
[2024-05-23 09:25:09,678] {processor.py:641} INFO - Processing file /home/airflow/.local/lib/python3.7/site-packages/airflow/example_dags/example_sla_dag.py for tasks to queue
[2024-05-23 09:25:09,678] {logging_mixin.py:115} INFO - [2024-05-23 09:25:09,678] {dagbag.py:508} INFO - Filling up the DagBag from /home/airflow/.local/lib/python3.7/site-packages/airflow/example_dags/example_sla_dag.py
[2024-05-23 09:25:09,688] {processor.py:651} INFO - DAG(s) dict_keys(['example_sla_dag']) retrieved from /home/airflow/.local/lib/python3.7/site-packages/airflow/example_dags/example_sla_dag.py
[2024-05-23 09:25:09,706] {logging_mixin.py:115} INFO - [2024-05-23 09:25:09,706] {dag.py:2420} INFO - Sync 1 DAGs
[2024-05-23 09:25:09,722] {logging_mixin.py:115} INFO - [2024-05-23 09:25:09,722] {dag.py:2972} INFO - Setting next_dagrun for example_sla_dag to 2024-05-23T09:22:00+00:00, run_after=2024-05-23T09:24:00+00:00
[2024-05-23 09:25:09,730] {processor.py:161} INFO - Processing /home/airflow/.local/lib/python3.7/site-packages/airflow/example_dags/example_sla_dag.py took 0.055 seconds
[2024-05-23 09:25:40,138] {processor.py:153} INFO - Started process (PID=352) to work on /home/airflow/.local/lib/python3.7/site-packages/airflow/example_dags/example_sla_dag.py
[2024-05-23 09:25:40,139] {processor.py:641} INFO - Processing file /home/airflow/.local/lib/python3.7/site-packages/airflow/example_dags/example_sla_dag.py for tasks to queue
[2024-05-23 09:25:40,139] {logging_mixin.py:115} INFO - [2024-05-23 09:25:40,139] {dagbag.py:508} INFO - Filling up the DagBag from /home/airflow/.local/lib/python3.7/site-packages/airflow/example_dags/example_sla_dag.py
[2024-05-23 09:25:40,150] {processor.py:651} INFO - DAG(s) dict_keys(['example_sla_dag']) retrieved from /home/airflow/.local/lib/python3.7/site-packages/airflow/example_dags/example_sla_dag.py
[2024-05-23 09:25:40,167] {logging_mixin.py:115} INFO - [2024-05-23 09:25:40,167] {dag.py:2420} INFO - Sync 1 DAGs
[2024-05-23 09:25:40,181] {logging_mixin.py:115} INFO - [2024-05-23 09:25:40,180] {dag.py:2972} INFO - Setting next_dagrun for example_sla_dag to 2024-05-23T09:22:00+00:00, run_after=2024-05-23T09:24:00+00:00
[2024-05-23 09:25:40,187] {processor.py:161} INFO - Processing /home/airflow/.local/lib/python3.7/site-packages/airflow/example_dags/example_sla_dag.py took 0.051 seconds
[2024-05-23 09:26:10,595] {processor.py:153} INFO - Started process (PID=413) to work on /home/airflow/.local/lib/python3.7/site-packages/airflow/example_dags/example_sla_dag.py
[2024-05-23 09:26:10,596] {processor.py:641} INFO - Processing file /home/airflow/.local/lib/python3.7/site-packages/airflow/example_dags/example_sla_dag.py for tasks to queue
[2024-05-23 09:26:10,597] {logging_mixin.py:115} INFO - [2024-05-23 09:26:10,597] {dagbag.py:508} INFO - Filling up the DagBag from /home/airflow/.local/lib/python3.7/site-packages/airflow/example_dags/example_sla_dag.py
[2024-05-23 09:26:10,607] {processor.py:651} INFO - DAG(s) dict_keys(['example_sla_dag']) retrieved from /home/airflow/.local/lib/python3.7/site-packages/airflow/example_dags/example_sla_dag.py
[2024-05-23 09:26:10,625] {logging_mixin.py:115} INFO - [2024-05-23 09:26:10,625] {dag.py:2420} INFO - Sync 1 DAGs
[2024-05-23 09:26:10,640] {logging_mixin.py:115} INFO - [2024-05-23 09:26:10,640] {dag.py:2972} INFO - Setting next_dagrun for example_sla_dag to 2024-05-23T09:24:00+00:00, run_after=2024-05-23T09:26:00+00:00
[2024-05-23 09:26:10,646] {processor.py:161} INFO - Processing /home/airflow/.local/lib/python3.7/site-packages/airflow/example_dags/example_sla_dag.py took 0.053 seconds
[2024-05-23 09:26:41,049] {processor.py:153} INFO - Started process (PID=474) to work on /home/airflow/.local/lib/python3.7/site-packages/airflow/example_dags/example_sla_dag.py
[2024-05-23 09:26:41,050] {processor.py:641} INFO - Processing file /home/airflow/.local/lib/python3.7/site-packages/airflow/example_dags/example_sla_dag.py for tasks to queue
[2024-05-23 09:26:41,051] {logging_mixin.py:115} INFO - [2024-05-23 09:26:41,051] {dagbag.py:508} INFO - Filling up the DagBag from /home/airflow/.local/lib/python3.7/site-packages/airflow/example_dags/example_sla_dag.py
[2024-05-23 09:26:41,060] {processor.py:651} INFO - DAG(s) dict_keys(['example_sla_dag']) retrieved from /home/airflow/.local/lib/python3.7/site-packages/airflow/example_dags/example_sla_dag.py
[2024-05-23 09:26:41,078] {logging_mixin.py:115} INFO - [2024-05-23 09:26:41,078] {dag.py:2420} INFO - Sync 1 DAGs
[2024-05-23 09:26:41,092] {logging_mixin.py:115} INFO - [2024-05-23 09:26:41,092] {dag.py:2972} INFO - Setting next_dagrun for example_sla_dag to 2024-05-23T09:24:00+00:00, run_after=2024-05-23T09:26:00+00:00
[2024-05-23 09:26:41,098] {processor.py:161} INFO - Processing /home/airflow/.local/lib/python3.7/site-packages/airflow/example_dags/example_sla_dag.py took 0.051 seconds
[2024-05-23 09:27:11,514] {processor.py:153} INFO - Started process (PID=535) to work on /home/airflow/.local/lib/python3.7/site-packages/airflow/example_dags/example_sla_dag.py
[2024-05-23 09:27:11,515] {processor.py:641} INFO - Processing file /home/airflow/.local/lib/python3.7/site-packages/airflow/example_dags/example_sla_dag.py for tasks to queue
[2024-05-23 09:27:11,515] {logging_mixin.py:115} INFO - [2024-05-23 09:27:11,515] {dagbag.py:508} INFO - Filling up the DagBag from /home/airflow/.local/lib/python3.7/site-packages/airflow/example_dags/example_sla_dag.py
[2024-05-23 09:27:11,527] {processor.py:651} INFO - DAG(s) dict_keys(['example_sla_dag']) retrieved from /home/airflow/.local/lib/python3.7/site-packages/airflow/example_dags/example_sla_dag.py
[2024-05-23 09:27:11,546] {logging_mixin.py:115} INFO - [2024-05-23 09:27:11,545] {dag.py:2420} INFO - Sync 1 DAGs
[2024-05-23 09:27:11,561] {logging_mixin.py:115} INFO - [2024-05-23 09:27:11,561] {dag.py:2972} INFO - Setting next_dagrun for example_sla_dag to 2024-05-23T09:24:00+00:00, run_after=2024-05-23T09:26:00+00:00
[2024-05-23 09:27:11,568] {processor.py:161} INFO - Processing /home/airflow/.local/lib/python3.7/site-packages/airflow/example_dags/example_sla_dag.py took 0.056 seconds
[2024-05-23 09:27:41,917] {processor.py:153} INFO - Started process (PID=596) to work on /home/airflow/.local/lib/python3.7/site-packages/airflow/example_dags/example_sla_dag.py
[2024-05-23 09:27:41,918] {processor.py:641} INFO - Processing file /home/airflow/.local/lib/python3.7/site-packages/airflow/example_dags/example_sla_dag.py for tasks to queue
[2024-05-23 09:27:41,919] {logging_mixin.py:115} INFO - [2024-05-23 09:27:41,918] {dagbag.py:508} INFO - Filling up the DagBag from /home/airflow/.local/lib/python3.7/site-packages/airflow/example_dags/example_sla_dag.py
[2024-05-23 09:27:41,928] {processor.py:651} INFO - DAG(s) dict_keys(['example_sla_dag']) retrieved from /home/airflow/.local/lib/python3.7/site-packages/airflow/example_dags/example_sla_dag.py
[2024-05-23 09:27:41,945] {logging_mixin.py:115} INFO - [2024-05-23 09:27:41,945] {dag.py:2420} INFO - Sync 1 DAGs
[2024-05-23 09:27:41,960] {logging_mixin.py:115} INFO - [2024-05-23 09:27:41,960] {dag.py:2972} INFO - Setting next_dagrun for example_sla_dag to 2024-05-23T09:24:00+00:00, run_after=2024-05-23T09:26:00+00:00
[2024-05-23 09:27:41,966] {processor.py:161} INFO - Processing /home/airflow/.local/lib/python3.7/site-packages/airflow/example_dags/example_sla_dag.py took 0.052 seconds
[2024-05-23 09:28:12,370] {processor.py:153} INFO - Started process (PID=649) to work on /home/airflow/.local/lib/python3.7/site-packages/airflow/example_dags/example_sla_dag.py
[2024-05-23 09:28:12,370] {processor.py:641} INFO - Processing file /home/airflow/.local/lib/python3.7/site-packages/airflow/example_dags/example_sla_dag.py for tasks to queue
[2024-05-23 09:28:12,371] {logging_mixin.py:115} INFO - [2024-05-23 09:28:12,371] {dagbag.py:508} INFO - Filling up the DagBag from /home/airflow/.local/lib/python3.7/site-packages/airflow/example_dags/example_sla_dag.py
[2024-05-23 09:28:12,381] {processor.py:651} INFO - DAG(s) dict_keys(['example_sla_dag']) retrieved from /home/airflow/.local/lib/python3.7/site-packages/airflow/example_dags/example_sla_dag.py
[2024-05-23 09:28:12,399] {logging_mixin.py:115} INFO - [2024-05-23 09:28:12,399] {dag.py:2420} INFO - Sync 1 DAGs
[2024-05-23 09:28:12,414] {logging_mixin.py:115} INFO - [2024-05-23 09:28:12,413] {dag.py:2972} INFO - Setting next_dagrun for example_sla_dag to 2024-05-23T09:26:00+00:00, run_after=2024-05-23T09:28:00+00:00
[2024-05-23 09:28:12,420] {processor.py:161} INFO - Processing /home/airflow/.local/lib/python3.7/site-packages/airflow/example_dags/example_sla_dag.py took 0.053 seconds
[2024-05-23 09:28:42,737] {processor.py:153} INFO - Started process (PID=711) to work on /home/airflow/.local/lib/python3.7/site-packages/airflow/example_dags/example_sla_dag.py
[2024-05-23 09:28:42,738] {processor.py:641} INFO - Processing file /home/airflow/.local/lib/python3.7/site-packages/airflow/example_dags/example_sla_dag.py for tasks to queue
[2024-05-23 09:28:42,739] {logging_mixin.py:115} INFO - [2024-05-23 09:28:42,739] {dagbag.py:508} INFO - Filling up the DagBag from /home/airflow/.local/lib/python3.7/site-packages/airflow/example_dags/example_sla_dag.py
[2024-05-23 09:28:42,748] {processor.py:651} INFO - DAG(s) dict_keys(['example_sla_dag']) retrieved from /home/airflow/.local/lib/python3.7/site-packages/airflow/example_dags/example_sla_dag.py
[2024-05-23 09:28:42,766] {logging_mixin.py:115} INFO - [2024-05-23 09:28:42,766] {dag.py:2420} INFO - Sync 1 DAGs
[2024-05-23 09:28:42,780] {logging_mixin.py:115} INFO - [2024-05-23 09:28:42,780] {dag.py:2972} INFO - Setting next_dagrun for example_sla_dag to 2024-05-23T09:26:00+00:00, run_after=2024-05-23T09:28:00+00:00
[2024-05-23 09:28:42,786] {processor.py:161} INFO - Processing /home/airflow/.local/lib/python3.7/site-packages/airflow/example_dags/example_sla_dag.py took 0.051 seconds
[2024-05-23 09:29:13,161] {processor.py:153} INFO - Started process (PID=773) to work on /home/airflow/.local/lib/python3.7/site-packages/airflow/example_dags/example_sla_dag.py
[2024-05-23 09:29:13,161] {processor.py:641} INFO - Processing file /home/airflow/.local/lib/python3.7/site-packages/airflow/example_dags/example_sla_dag.py for tasks to queue
[2024-05-23 09:29:13,162] {logging_mixin.py:115} INFO - [2024-05-23 09:29:13,162] {dagbag.py:508} INFO - Filling up the DagBag from /home/airflow/.local/lib/python3.7/site-packages/airflow/example_dags/example_sla_dag.py
[2024-05-23 09:29:13,171] {processor.py:651} INFO - DAG(s) dict_keys(['example_sla_dag']) retrieved from /home/airflow/.local/lib/python3.7/site-packages/airflow/example_dags/example_sla_dag.py
[2024-05-23 09:29:13,190] {logging_mixin.py:115} INFO - [2024-05-23 09:29:13,190] {dag.py:2420} INFO - Sync 1 DAGs
[2024-05-23 09:29:13,205] {logging_mixin.py:115} INFO - [2024-05-23 09:29:13,205] {dag.py:2972} INFO - Setting next_dagrun for example_sla_dag to 2024-05-23T09:26:00+00:00, run_after=2024-05-23T09:28:00+00:00
[2024-05-23 09:29:13,212] {processor.py:161} INFO - Processing /home/airflow/.local/lib/python3.7/site-packages/airflow/example_dags/example_sla_dag.py took 0.053 seconds
[2024-05-23 09:29:43,526] {processor.py:153} INFO - Started process (PID=835) to work on /home/airflow/.local/lib/python3.7/site-packages/airflow/example_dags/example_sla_dag.py
[2024-05-23 09:29:43,527] {processor.py:641} INFO - Processing file /home/airflow/.local/lib/python3.7/site-packages/airflow/example_dags/example_sla_dag.py for tasks to queue
[2024-05-23 09:29:43,527] {logging_mixin.py:115} INFO - [2024-05-23 09:29:43,527] {dagbag.py:508} INFO - Filling up the DagBag from /home/airflow/.local/lib/python3.7/site-packages/airflow/example_dags/example_sla_dag.py
[2024-05-23 09:29:43,537] {processor.py:651} INFO - DAG(s) dict_keys(['example_sla_dag']) retrieved from /home/airflow/.local/lib/python3.7/site-packages/airflow/example_dags/example_sla_dag.py
[2024-05-23 09:29:43,554] {logging_mixin.py:115} INFO - [2024-05-23 09:29:43,554] {dag.py:2420} INFO - Sync 1 DAGs
[2024-05-23 09:29:43,568] {logging_mixin.py:115} INFO - [2024-05-23 09:29:43,568] {dag.py:2972} INFO - Setting next_dagrun for example_sla_dag to 2024-05-23T09:26:00+00:00, run_after=2024-05-23T09:28:00+00:00
[2024-05-23 09:29:43,575] {processor.py:161} INFO - Processing /home/airflow/.local/lib/python3.7/site-packages/airflow/example_dags/example_sla_dag.py took 0.051 seconds
[2024-05-23 09:30:13,900] {processor.py:153} INFO - Started process (PID=897) to work on /home/airflow/.local/lib/python3.7/site-packages/airflow/example_dags/example_sla_dag.py
[2024-05-23 09:30:13,901] {processor.py:641} INFO - Processing file /home/airflow/.local/lib/python3.7/site-packages/airflow/example_dags/example_sla_dag.py for tasks to queue
[2024-05-23 09:30:13,902] {logging_mixin.py:115} INFO - [2024-05-23 09:30:13,902] {dagbag.py:508} INFO - Filling up the DagBag from /home/airflow/.local/lib/python3.7/site-packages/airflow/example_dags/example_sla_dag.py
[2024-05-23 09:30:13,912] {processor.py:651} INFO - DAG(s) dict_keys(['example_sla_dag']) retrieved from /home/airflow/.local/lib/python3.7/site-packages/airflow/example_dags/example_sla_dag.py
[2024-05-23 09:30:13,930] {logging_mixin.py:115} INFO - [2024-05-23 09:30:13,930] {dag.py:2420} INFO - Sync 1 DAGs
[2024-05-23 09:30:13,944] {logging_mixin.py:115} INFO - [2024-05-23 09:30:13,944] {dag.py:2972} INFO - Setting next_dagrun for example_sla_dag to 2024-05-23T09:28:00+00:00, run_after=2024-05-23T09:30:00+00:00
[2024-05-23 09:30:13,950] {processor.py:161} INFO - Processing /home/airflow/.local/lib/python3.7/site-packages/airflow/example_dags/example_sla_dag.py took 0.052 seconds
[2024-05-23 09:30:44,372] {processor.py:153} INFO - Started process (PID=950) to work on /home/airflow/.local/lib/python3.7/site-packages/airflow/example_dags/example_sla_dag.py
[2024-05-23 09:30:44,373] {processor.py:641} INFO - Processing file /home/airflow/.local/lib/python3.7/site-packages/airflow/example_dags/example_sla_dag.py for tasks to queue
[2024-05-23 09:30:44,374] {logging_mixin.py:115} INFO - [2024-05-23 09:30:44,374] {dagbag.py:508} INFO - Filling up the DagBag from /home/airflow/.local/lib/python3.7/site-packages/airflow/example_dags/example_sla_dag.py
[2024-05-23 09:30:44,385] {processor.py:651} INFO - DAG(s) dict_keys(['example_sla_dag']) retrieved from /home/airflow/.local/lib/python3.7/site-packages/airflow/example_dags/example_sla_dag.py
[2024-05-23 09:30:44,404] {logging_mixin.py:115} INFO - [2024-05-23 09:30:44,404] {dag.py:2420} INFO - Sync 1 DAGs
[2024-05-23 09:30:44,419] {logging_mixin.py:115} INFO - [2024-05-23 09:30:44,419] {dag.py:2972} INFO - Setting next_dagrun for example_sla_dag to 2024-05-23T09:28:00+00:00, run_after=2024-05-23T09:30:00+00:00
[2024-05-23 09:30:44,426] {processor.py:161} INFO - Processing /home/airflow/.local/lib/python3.7/site-packages/airflow/example_dags/example_sla_dag.py took 0.056 seconds
[2024-05-23 09:31:14,759] {processor.py:153} INFO - Started process (PID=1011) to work on /home/airflow/.local/lib/python3.7/site-packages/airflow/example_dags/example_sla_dag.py
[2024-05-23 09:31:14,760] {processor.py:641} INFO - Processing file /home/airflow/.local/lib/python3.7/site-packages/airflow/example_dags/example_sla_dag.py for tasks to queue
[2024-05-23 09:31:14,760] {logging_mixin.py:115} INFO - [2024-05-23 09:31:14,760] {dagbag.py:508} INFO - Filling up the DagBag from /home/airflow/.local/lib/python3.7/site-packages/airflow/example_dags/example_sla_dag.py
[2024-05-23 09:31:14,769] {processor.py:651} INFO - DAG(s) dict_keys(['example_sla_dag']) retrieved from /home/airflow/.local/lib/python3.7/site-packages/airflow/example_dags/example_sla_dag.py
[2024-05-23 09:31:14,786] {logging_mixin.py:115} INFO - [2024-05-23 09:31:14,786] {dag.py:2420} INFO - Sync 1 DAGs
[2024-05-23 09:31:14,801] {logging_mixin.py:115} INFO - [2024-05-23 09:31:14,801] {dag.py:2972} INFO - Setting next_dagrun for example_sla_dag to 2024-05-23T09:28:00+00:00, run_after=2024-05-23T09:30:00+00:00
[2024-05-23 09:31:14,808] {processor.py:161} INFO - Processing /home/airflow/.local/lib/python3.7/site-packages/airflow/example_dags/example_sla_dag.py took 0.051 seconds
[2024-05-23 09:31:45,364] {processor.py:153} INFO - Started process (PID=1074) to work on /home/airflow/.local/lib/python3.7/site-packages/airflow/example_dags/example_sla_dag.py
[2024-05-23 09:31:45,365] {processor.py:641} INFO - Processing file /home/airflow/.local/lib/python3.7/site-packages/airflow/example_dags/example_sla_dag.py for tasks to queue
[2024-05-23 09:31:45,366] {logging_mixin.py:115} INFO - [2024-05-23 09:31:45,366] {dagbag.py:508} INFO - Filling up the DagBag from /home/airflow/.local/lib/python3.7/site-packages/airflow/example_dags/example_sla_dag.py
[2024-05-23 09:31:45,376] {processor.py:651} INFO - DAG(s) dict_keys(['example_sla_dag']) retrieved from /home/airflow/.local/lib/python3.7/site-packages/airflow/example_dags/example_sla_dag.py
[2024-05-23 09:31:45,395] {logging_mixin.py:115} INFO - [2024-05-23 09:31:45,394] {dag.py:2420} INFO - Sync 1 DAGs
[2024-05-23 09:31:45,410] {logging_mixin.py:115} INFO - [2024-05-23 09:31:45,410] {dag.py:2972} INFO - Setting next_dagrun for example_sla_dag to 2024-05-23T09:28:00+00:00, run_after=2024-05-23T09:30:00+00:00
[2024-05-23 09:31:45,417] {processor.py:161} INFO - Processing /home/airflow/.local/lib/python3.7/site-packages/airflow/example_dags/example_sla_dag.py took 0.056 seconds
[2024-05-23 09:32:15,722] {processor.py:153} INFO - Started process (PID=1136) to work on /home/airflow/.local/lib/python3.7/site-packages/airflow/example_dags/example_sla_dag.py
[2024-05-23 09:32:15,723] {processor.py:641} INFO - Processing file /home/airflow/.local/lib/python3.7/site-packages/airflow/example_dags/example_sla_dag.py for tasks to queue
[2024-05-23 09:32:15,724] {logging_mixin.py:115} INFO - [2024-05-23 09:32:15,724] {dagbag.py:508} INFO - Filling up the DagBag from /home/airflow/.local/lib/python3.7/site-packages/airflow/example_dags/example_sla_dag.py
[2024-05-23 09:32:15,733] {processor.py:651} INFO - DAG(s) dict_keys(['example_sla_dag']) retrieved from /home/airflow/.local/lib/python3.7/site-packages/airflow/example_dags/example_sla_dag.py
[2024-05-23 09:32:15,751] {logging_mixin.py:115} INFO - [2024-05-23 09:32:15,751] {dag.py:2420} INFO - Sync 1 DAGs
[2024-05-23 09:32:15,764] {logging_mixin.py:115} INFO - [2024-05-23 09:32:15,764] {dag.py:2972} INFO - Setting next_dagrun for example_sla_dag to 2024-05-23T09:30:00+00:00, run_after=2024-05-23T09:32:00+00:00
[2024-05-23 09:32:15,771] {processor.py:161} INFO - Processing /home/airflow/.local/lib/python3.7/site-packages/airflow/example_dags/example_sla_dag.py took 0.051 seconds
[2024-05-23 09:32:46,164] {processor.py:153} INFO - Started process (PID=1198) to work on /home/airflow/.local/lib/python3.7/site-packages/airflow/example_dags/example_sla_dag.py
[2024-05-23 09:32:46,165] {processor.py:641} INFO - Processing file /home/airflow/.local/lib/python3.7/site-packages/airflow/example_dags/example_sla_dag.py for tasks to queue
[2024-05-23 09:32:46,166] {logging_mixin.py:115} INFO - [2024-05-23 09:32:46,166] {dagbag.py:508} INFO - Filling up the DagBag from /home/airflow/.local/lib/python3.7/site-packages/airflow/example_dags/example_sla_dag.py
[2024-05-23 09:32:46,175] {processor.py:651} INFO - DAG(s) dict_keys(['example_sla_dag']) retrieved from /home/airflow/.local/lib/python3.7/site-packages/airflow/example_dags/example_sla_dag.py
[2024-05-23 09:32:46,194] {logging_mixin.py:115} INFO - [2024-05-23 09:32:46,194] {dag.py:2420} INFO - Sync 1 DAGs
[2024-05-23 09:32:46,210] {logging_mixin.py:115} INFO - [2024-05-23 09:32:46,210] {dag.py:2972} INFO - Setting next_dagrun for example_sla_dag to 2024-05-23T09:30:00+00:00, run_after=2024-05-23T09:32:00+00:00
[2024-05-23 09:32:46,218] {processor.py:161} INFO - Processing /home/airflow/.local/lib/python3.7/site-packages/airflow/example_dags/example_sla_dag.py took 0.056 seconds
[2024-05-23 09:33:16,746] {processor.py:153} INFO - Started process (PID=1260) to work on /home/airflow/.local/lib/python3.7/site-packages/airflow/example_dags/example_sla_dag.py
[2024-05-23 09:33:16,747] {processor.py:641} INFO - Processing file /home/airflow/.local/lib/python3.7/site-packages/airflow/example_dags/example_sla_dag.py for tasks to queue
[2024-05-23 09:33:16,747] {logging_mixin.py:115} INFO - [2024-05-23 09:33:16,747] {dagbag.py:508} INFO - Filling up the DagBag from /home/airflow/.local/lib/python3.7/site-packages/airflow/example_dags/example_sla_dag.py
[2024-05-23 09:33:16,758] {processor.py:651} INFO - DAG(s) dict_keys(['example_sla_dag']) retrieved from /home/airflow/.local/lib/python3.7/site-packages/airflow/example_dags/example_sla_dag.py
[2024-05-23 09:33:16,775] {logging_mixin.py:115} INFO - [2024-05-23 09:33:16,775] {dag.py:2420} INFO - Sync 1 DAGs
[2024-05-23 09:33:16,791] {logging_mixin.py:115} INFO - [2024-05-23 09:33:16,791] {dag.py:2972} INFO - Setting next_dagrun for example_sla_dag to 2024-05-23T09:30:00+00:00, run_after=2024-05-23T09:32:00+00:00
[2024-05-23 09:33:16,798] {processor.py:161} INFO - Processing /home/airflow/.local/lib/python3.7/site-packages/airflow/example_dags/example_sla_dag.py took 0.055 seconds
[2024-05-23 09:33:47,273] {processor.py:153} INFO - Started process (PID=1313) to work on /home/airflow/.local/lib/python3.7/site-packages/airflow/example_dags/example_sla_dag.py
[2024-05-23 09:33:47,273] {processor.py:641} INFO - Processing file /home/airflow/.local/lib/python3.7/site-packages/airflow/example_dags/example_sla_dag.py for tasks to queue
[2024-05-23 09:33:47,274] {logging_mixin.py:115} INFO - [2024-05-23 09:33:47,274] {dagbag.py:508} INFO - Filling up the DagBag from /home/airflow/.local/lib/python3.7/site-packages/airflow/example_dags/example_sla_dag.py
[2024-05-23 09:33:47,283] {processor.py:651} INFO - DAG(s) dict_keys(['example_sla_dag']) retrieved from /home/airflow/.local/lib/python3.7/site-packages/airflow/example_dags/example_sla_dag.py
[2024-05-23 09:33:47,301] {logging_mixin.py:115} INFO - [2024-05-23 09:33:47,301] {dag.py:2420} INFO - Sync 1 DAGs
[2024-05-23 09:33:47,314] {logging_mixin.py:115} INFO - [2024-05-23 09:33:47,314] {dag.py:2972} INFO - Setting next_dagrun for example_sla_dag to 2024-05-23T09:30:00+00:00, run_after=2024-05-23T09:32:00+00:00
[2024-05-23 09:33:47,321] {processor.py:161} INFO - Processing /home/airflow/.local/lib/python3.7/site-packages/airflow/example_dags/example_sla_dag.py took 0.050 seconds
[2024-05-23 09:34:17,670] {processor.py:153} INFO - Started process (PID=1380) to work on /home/airflow/.local/lib/python3.7/site-packages/airflow/example_dags/example_sla_dag.py
[2024-05-23 09:34:17,671] {processor.py:641} INFO - Processing file /home/airflow/.local/lib/python3.7/site-packages/airflow/example_dags/example_sla_dag.py for tasks to queue
[2024-05-23 09:34:17,672] {logging_mixin.py:115} INFO - [2024-05-23 09:34:17,672] {dagbag.py:508} INFO - Filling up the DagBag from /home/airflow/.local/lib/python3.7/site-packages/airflow/example_dags/example_sla_dag.py
[2024-05-23 09:34:17,681] {processor.py:651} INFO - DAG(s) dict_keys(['example_sla_dag']) retrieved from /home/airflow/.local/lib/python3.7/site-packages/airflow/example_dags/example_sla_dag.py
[2024-05-23 09:34:17,699] {logging_mixin.py:115} INFO - [2024-05-23 09:34:17,699] {dag.py:2420} INFO - Sync 1 DAGs
[2024-05-23 09:34:17,713] {logging_mixin.py:115} INFO - [2024-05-23 09:34:17,713] {dag.py:2972} INFO - Setting next_dagrun for example_sla_dag to 2024-05-23T09:32:00+00:00, run_after=2024-05-23T09:34:00+00:00
[2024-05-23 09:34:17,720] {processor.py:161} INFO - Processing /home/airflow/.local/lib/python3.7/site-packages/airflow/example_dags/example_sla_dag.py took 0.052 seconds
[2024-05-23 09:34:48,167] {processor.py:153} INFO - Started process (PID=1442) to work on /home/airflow/.local/lib/python3.7/site-packages/airflow/example_dags/example_sla_dag.py
[2024-05-23 09:34:48,167] {processor.py:641} INFO - Processing file /home/airflow/.local/lib/python3.7/site-packages/airflow/example_dags/example_sla_dag.py for tasks to queue
[2024-05-23 09:34:48,168] {logging_mixin.py:115} INFO - [2024-05-23 09:34:48,168] {dagbag.py:508} INFO - Filling up the DagBag from /home/airflow/.local/lib/python3.7/site-packages/airflow/example_dags/example_sla_dag.py
[2024-05-23 09:34:48,178] {processor.py:651} INFO - DAG(s) dict_keys(['example_sla_dag']) retrieved from /home/airflow/.local/lib/python3.7/site-packages/airflow/example_dags/example_sla_dag.py
[2024-05-23 09:34:48,195] {logging_mixin.py:115} INFO - [2024-05-23 09:34:48,195] {dag.py:2420} INFO - Sync 1 DAGs
[2024-05-23 09:34:48,209] {logging_mixin.py:115} INFO - [2024-05-23 09:34:48,209] {dag.py:2972} INFO - Setting next_dagrun for example_sla_dag to 2024-05-23T09:32:00+00:00, run_after=2024-05-23T09:34:00+00:00
[2024-05-23 09:34:48,216] {processor.py:161} INFO - Processing /home/airflow/.local/lib/python3.7/site-packages/airflow/example_dags/example_sla_dag.py took 0.051 seconds
[2024-05-23 09:35:18,602] {processor.py:153} INFO - Started process (PID=1504) to work on /home/airflow/.local/lib/python3.7/site-packages/airflow/example_dags/example_sla_dag.py
[2024-05-23 09:35:18,603] {processor.py:641} INFO - Processing file /home/airflow/.local/lib/python3.7/site-packages/airflow/example_dags/example_sla_dag.py for tasks to queue
[2024-05-23 09:35:18,604] {logging_mixin.py:115} INFO - [2024-05-23 09:35:18,604] {dagbag.py:508} INFO - Filling up the DagBag from /home/airflow/.local/lib/python3.7/site-packages/airflow/example_dags/example_sla_dag.py
[2024-05-23 09:35:18,614] {processor.py:651} INFO - DAG(s) dict_keys(['example_sla_dag']) retrieved from /home/airflow/.local/lib/python3.7/site-packages/airflow/example_dags/example_sla_dag.py
[2024-05-23 09:35:18,632] {logging_mixin.py:115} INFO - [2024-05-23 09:35:18,632] {dag.py:2420} INFO - Sync 1 DAGs
[2024-05-23 09:35:18,645] {logging_mixin.py:115} INFO - [2024-05-23 09:35:18,645] {dag.py:2972} INFO - Setting next_dagrun for example_sla_dag to 2024-05-23T09:32:00+00:00, run_after=2024-05-23T09:34:00+00:00
[2024-05-23 09:35:18,652] {processor.py:161} INFO - Processing /home/airflow/.local/lib/python3.7/site-packages/airflow/example_dags/example_sla_dag.py took 0.051 seconds
[2024-05-23 09:35:49,006] {processor.py:153} INFO - Started process (PID=1566) to work on /home/airflow/.local/lib/python3.7/site-packages/airflow/example_dags/example_sla_dag.py
[2024-05-23 09:35:49,007] {processor.py:641} INFO - Processing file /home/airflow/.local/lib/python3.7/site-packages/airflow/example_dags/example_sla_dag.py for tasks to queue
[2024-05-23 09:35:49,007] {logging_mixin.py:115} INFO - [2024-05-23 09:35:49,007] {dagbag.py:508} INFO - Filling up the DagBag from /home/airflow/.local/lib/python3.7/site-packages/airflow/example_dags/example_sla_dag.py
[2024-05-23 09:35:49,018] {processor.py:651} INFO - DAG(s) dict_keys(['example_sla_dag']) retrieved from /home/airflow/.local/lib/python3.7/site-packages/airflow/example_dags/example_sla_dag.py
[2024-05-23 09:35:49,037] {logging_mixin.py:115} INFO - [2024-05-23 09:35:49,037] {dag.py:2420} INFO - Sync 1 DAGs
[2024-05-23 09:35:49,052] {logging_mixin.py:115} INFO - [2024-05-23 09:35:49,051] {dag.py:2972} INFO - Setting next_dagrun for example_sla_dag to 2024-05-23T09:32:00+00:00, run_after=2024-05-23T09:34:00+00:00
[2024-05-23 09:35:49,059] {processor.py:161} INFO - Processing /home/airflow/.local/lib/python3.7/site-packages/airflow/example_dags/example_sla_dag.py took 0.055 seconds
[2024-05-23 09:36:19,456] {processor.py:153} INFO - Started process (PID=1626) to work on /home/airflow/.local/lib/python3.7/site-packages/airflow/example_dags/example_sla_dag.py
[2024-05-23 09:36:19,457] {processor.py:641} INFO - Processing file /home/airflow/.local/lib/python3.7/site-packages/airflow/example_dags/example_sla_dag.py for tasks to queue
[2024-05-23 09:36:19,458] {logging_mixin.py:115} INFO - [2024-05-23 09:36:19,458] {dagbag.py:508} INFO - Filling up the DagBag from /home/airflow/.local/lib/python3.7/site-packages/airflow/example_dags/example_sla_dag.py
[2024-05-23 09:36:19,467] {processor.py:651} INFO - DAG(s) dict_keys(['example_sla_dag']) retrieved from /home/airflow/.local/lib/python3.7/site-packages/airflow/example_dags/example_sla_dag.py
[2024-05-23 09:36:19,487] {logging_mixin.py:115} INFO - [2024-05-23 09:36:19,487] {dag.py:2420} INFO - Sync 1 DAGs
[2024-05-23 09:36:19,502] {logging_mixin.py:115} INFO - [2024-05-23 09:36:19,502] {dag.py:2972} INFO - Setting next_dagrun for example_sla_dag to 2024-05-23T09:34:00+00:00, run_after=2024-05-23T09:36:00+00:00
[2024-05-23 09:36:19,511] {processor.py:161} INFO - Processing /home/airflow/.local/lib/python3.7/site-packages/airflow/example_dags/example_sla_dag.py took 0.057 seconds
[2024-05-23 09:36:49,932] {processor.py:153} INFO - Started process (PID=1681) to work on /home/airflow/.local/lib/python3.7/site-packages/airflow/example_dags/example_sla_dag.py
[2024-05-23 09:36:49,933] {processor.py:641} INFO - Processing file /home/airflow/.local/lib/python3.7/site-packages/airflow/example_dags/example_sla_dag.py for tasks to queue
[2024-05-23 09:36:49,934] {logging_mixin.py:115} INFO - [2024-05-23 09:36:49,934] {dagbag.py:508} INFO - Filling up the DagBag from /home/airflow/.local/lib/python3.7/site-packages/airflow/example_dags/example_sla_dag.py
[2024-05-23 09:36:49,944] {processor.py:651} INFO - DAG(s) dict_keys(['example_sla_dag']) retrieved from /home/airflow/.local/lib/python3.7/site-packages/airflow/example_dags/example_sla_dag.py
[2024-05-23 09:36:49,961] {logging_mixin.py:115} INFO - [2024-05-23 09:36:49,961] {dag.py:2420} INFO - Sync 1 DAGs
[2024-05-23 09:36:49,975] {logging_mixin.py:115} INFO - [2024-05-23 09:36:49,975] {dag.py:2972} INFO - Setting next_dagrun for example_sla_dag to 2024-05-23T09:34:00+00:00, run_after=2024-05-23T09:36:00+00:00
[2024-05-23 09:36:49,981] {processor.py:161} INFO - Processing /home/airflow/.local/lib/python3.7/site-packages/airflow/example_dags/example_sla_dag.py took 0.051 seconds
[2024-05-23 09:37:20,460] {processor.py:153} INFO - Started process (PID=1743) to work on /home/airflow/.local/lib/python3.7/site-packages/airflow/example_dags/example_sla_dag.py
[2024-05-23 09:37:20,461] {processor.py:641} INFO - Processing file /home/airflow/.local/lib/python3.7/site-packages/airflow/example_dags/example_sla_dag.py for tasks to queue
[2024-05-23 09:37:20,462] {logging_mixin.py:115} INFO - [2024-05-23 09:37:20,462] {dagbag.py:508} INFO - Filling up the DagBag from /home/airflow/.local/lib/python3.7/site-packages/airflow/example_dags/example_sla_dag.py
[2024-05-23 09:37:20,472] {processor.py:651} INFO - DAG(s) dict_keys(['example_sla_dag']) retrieved from /home/airflow/.local/lib/python3.7/site-packages/airflow/example_dags/example_sla_dag.py
[2024-05-23 09:37:20,490] {logging_mixin.py:115} INFO - [2024-05-23 09:37:20,490] {dag.py:2420} INFO - Sync 1 DAGs
[2024-05-23 09:37:20,505] {logging_mixin.py:115} INFO - [2024-05-23 09:37:20,505] {dag.py:2972} INFO - Setting next_dagrun for example_sla_dag to 2024-05-23T09:34:00+00:00, run_after=2024-05-23T09:36:00+00:00
[2024-05-23 09:37:20,512] {processor.py:161} INFO - Processing /home/airflow/.local/lib/python3.7/site-packages/airflow/example_dags/example_sla_dag.py took 0.054 seconds
[2024-05-23 09:37:50,993] {processor.py:153} INFO - Started process (PID=1805) to work on /home/airflow/.local/lib/python3.7/site-packages/airflow/example_dags/example_sla_dag.py
[2024-05-23 09:37:50,994] {processor.py:641} INFO - Processing file /home/airflow/.local/lib/python3.7/site-packages/airflow/example_dags/example_sla_dag.py for tasks to queue
[2024-05-23 09:37:50,995] {logging_mixin.py:115} INFO - [2024-05-23 09:37:50,994] {dagbag.py:508} INFO - Filling up the DagBag from /home/airflow/.local/lib/python3.7/site-packages/airflow/example_dags/example_sla_dag.py
[2024-05-23 09:37:51,004] {processor.py:651} INFO - DAG(s) dict_keys(['example_sla_dag']) retrieved from /home/airflow/.local/lib/python3.7/site-packages/airflow/example_dags/example_sla_dag.py
[2024-05-23 09:37:51,023] {logging_mixin.py:115} INFO - [2024-05-23 09:37:51,023] {dag.py:2420} INFO - Sync 1 DAGs
[2024-05-23 09:37:51,037] {logging_mixin.py:115} INFO - [2024-05-23 09:37:51,037] {dag.py:2972} INFO - Setting next_dagrun for example_sla_dag to 2024-05-23T09:34:00+00:00, run_after=2024-05-23T09:36:00+00:00
[2024-05-23 09:37:51,044] {processor.py:161} INFO - Processing /home/airflow/.local/lib/python3.7/site-packages/airflow/example_dags/example_sla_dag.py took 0.053 seconds
[2024-05-23 09:38:21,475] {processor.py:153} INFO - Started process (PID=1867) to work on /home/airflow/.local/lib/python3.7/site-packages/airflow/example_dags/example_sla_dag.py
[2024-05-23 09:38:21,475] {processor.py:641} INFO - Processing file /home/airflow/.local/lib/python3.7/site-packages/airflow/example_dags/example_sla_dag.py for tasks to queue
[2024-05-23 09:38:21,476] {logging_mixin.py:115} INFO - [2024-05-23 09:38:21,476] {dagbag.py:508} INFO - Filling up the DagBag from /home/airflow/.local/lib/python3.7/site-packages/airflow/example_dags/example_sla_dag.py
[2024-05-23 09:38:21,486] {processor.py:651} INFO - DAG(s) dict_keys(['example_sla_dag']) retrieved from /home/airflow/.local/lib/python3.7/site-packages/airflow/example_dags/example_sla_dag.py
[2024-05-23 09:38:21,503] {logging_mixin.py:115} INFO - [2024-05-23 09:38:21,503] {dag.py:2420} INFO - Sync 1 DAGs
[2024-05-23 09:38:21,518] {logging_mixin.py:115} INFO - [2024-05-23 09:38:21,517] {dag.py:2972} INFO - Setting next_dagrun for example_sla_dag to 2024-05-23T09:36:00+00:00, run_after=2024-05-23T09:38:00+00:00
[2024-05-23 09:38:21,524] {processor.py:161} INFO - Processing /home/airflow/.local/lib/python3.7/site-packages/airflow/example_dags/example_sla_dag.py took 0.052 seconds
[2024-05-23 09:38:51,901] {processor.py:153} INFO - Started process (PID=1929) to work on /home/airflow/.local/lib/python3.7/site-packages/airflow/example_dags/example_sla_dag.py
[2024-05-23 09:38:51,902] {processor.py:641} INFO - Processing file /home/airflow/.local/lib/python3.7/site-packages/airflow/example_dags/example_sla_dag.py for tasks to queue
[2024-05-23 09:38:51,903] {logging_mixin.py:115} INFO - [2024-05-23 09:38:51,903] {dagbag.py:508} INFO - Filling up the DagBag from /home/airflow/.local/lib/python3.7/site-packages/airflow/example_dags/example_sla_dag.py
[2024-05-23 09:38:51,914] {processor.py:651} INFO - DAG(s) dict_keys(['example_sla_dag']) retrieved from /home/airflow/.local/lib/python3.7/site-packages/airflow/example_dags/example_sla_dag.py
[2024-05-23 09:38:51,932] {logging_mixin.py:115} INFO - [2024-05-23 09:38:51,932] {dag.py:2420} INFO - Sync 1 DAGs
[2024-05-23 09:38:51,945] {logging_mixin.py:115} INFO - [2024-05-23 09:38:51,945] {dag.py:2972} INFO - Setting next_dagrun for example_sla_dag to 2024-05-23T09:36:00+00:00, run_after=2024-05-23T09:38:00+00:00
[2024-05-23 09:38:51,952] {processor.py:161} INFO - Processing /home/airflow/.local/lib/python3.7/site-packages/airflow/example_dags/example_sla_dag.py took 0.053 seconds
[2024-05-23 09:39:22,325] {processor.py:153} INFO - Started process (PID=1982) to work on /home/airflow/.local/lib/python3.7/site-packages/airflow/example_dags/example_sla_dag.py
[2024-05-23 09:39:22,326] {processor.py:641} INFO - Processing file /home/airflow/.local/lib/python3.7/site-packages/airflow/example_dags/example_sla_dag.py for tasks to queue
[2024-05-23 09:39:22,326] {logging_mixin.py:115} INFO - [2024-05-23 09:39:22,326] {dagbag.py:508} INFO - Filling up the DagBag from /home/airflow/.local/lib/python3.7/site-packages/airflow/example_dags/example_sla_dag.py
[2024-05-23 09:39:22,336] {processor.py:651} INFO - DAG(s) dict_keys(['example_sla_dag']) retrieved from /home/airflow/.local/lib/python3.7/site-packages/airflow/example_dags/example_sla_dag.py
[2024-05-23 09:39:22,354] {logging_mixin.py:115} INFO - [2024-05-23 09:39:22,354] {dag.py:2420} INFO - Sync 1 DAGs
[2024-05-23 09:39:22,369] {logging_mixin.py:115} INFO - [2024-05-23 09:39:22,369] {dag.py:2972} INFO - Setting next_dagrun for example_sla_dag to 2024-05-23T09:36:00+00:00, run_after=2024-05-23T09:38:00+00:00
[2024-05-23 09:39:22,375] {processor.py:161} INFO - Processing /home/airflow/.local/lib/python3.7/site-packages/airflow/example_dags/example_sla_dag.py took 0.052 seconds
[2024-05-23 09:39:52,750] {processor.py:153} INFO - Started process (PID=2044) to work on /home/airflow/.local/lib/python3.7/site-packages/airflow/example_dags/example_sla_dag.py
[2024-05-23 09:39:52,751] {processor.py:641} INFO - Processing file /home/airflow/.local/lib/python3.7/site-packages/airflow/example_dags/example_sla_dag.py for tasks to queue
[2024-05-23 09:39:52,752] {logging_mixin.py:115} INFO - [2024-05-23 09:39:52,752] {dagbag.py:508} INFO - Filling up the DagBag from /home/airflow/.local/lib/python3.7/site-packages/airflow/example_dags/example_sla_dag.py
[2024-05-23 09:39:52,761] {processor.py:651} INFO - DAG(s) dict_keys(['example_sla_dag']) retrieved from /home/airflow/.local/lib/python3.7/site-packages/airflow/example_dags/example_sla_dag.py
[2024-05-23 09:39:52,779] {logging_mixin.py:115} INFO - [2024-05-23 09:39:52,779] {dag.py:2420} INFO - Sync 1 DAGs
[2024-05-23 09:39:52,795] {logging_mixin.py:115} INFO - [2024-05-23 09:39:52,795] {dag.py:2972} INFO - Setting next_dagrun for example_sla_dag to 2024-05-23T09:36:00+00:00, run_after=2024-05-23T09:38:00+00:00
[2024-05-23 09:39:52,801] {processor.py:161} INFO - Processing /home/airflow/.local/lib/python3.7/site-packages/airflow/example_dags/example_sla_dag.py took 0.054 seconds
[2024-05-23 09:40:23,166] {processor.py:153} INFO - Started process (PID=2106) to work on /home/airflow/.local/lib/python3.7/site-packages/airflow/example_dags/example_sla_dag.py
[2024-05-23 09:40:23,167] {processor.py:641} INFO - Processing file /home/airflow/.local/lib/python3.7/site-packages/airflow/example_dags/example_sla_dag.py for tasks to queue
[2024-05-23 09:40:23,167] {logging_mixin.py:115} INFO - [2024-05-23 09:40:23,167] {dagbag.py:508} INFO - Filling up the DagBag from /home/airflow/.local/lib/python3.7/site-packages/airflow/example_dags/example_sla_dag.py
[2024-05-23 09:40:23,177] {processor.py:651} INFO - DAG(s) dict_keys(['example_sla_dag']) retrieved from /home/airflow/.local/lib/python3.7/site-packages/airflow/example_dags/example_sla_dag.py
[2024-05-23 09:40:23,194] {logging_mixin.py:115} INFO - [2024-05-23 09:40:23,194] {dag.py:2420} INFO - Sync 1 DAGs
[2024-05-23 09:40:23,207] {logging_mixin.py:115} INFO - [2024-05-23 09:40:23,207] {dag.py:2972} INFO - Setting next_dagrun for example_sla_dag to 2024-05-23T09:38:00+00:00, run_after=2024-05-23T09:40:00+00:00
[2024-05-23 09:40:23,213] {processor.py:161} INFO - Processing /home/airflow/.local/lib/python3.7/site-packages/airflow/example_dags/example_sla_dag.py took 0.049 seconds
[2024-05-23 09:40:53,652] {processor.py:153} INFO - Started process (PID=2168) to work on /home/airflow/.local/lib/python3.7/site-packages/airflow/example_dags/example_sla_dag.py
[2024-05-23 09:40:53,653] {processor.py:641} INFO - Processing file /home/airflow/.local/lib/python3.7/site-packages/airflow/example_dags/example_sla_dag.py for tasks to queue
[2024-05-23 09:40:53,654] {logging_mixin.py:115} INFO - [2024-05-23 09:40:53,654] {dagbag.py:508} INFO - Filling up the DagBag from /home/airflow/.local/lib/python3.7/site-packages/airflow/example_dags/example_sla_dag.py
[2024-05-23 09:40:53,663] {processor.py:651} INFO - DAG(s) dict_keys(['example_sla_dag']) retrieved from /home/airflow/.local/lib/python3.7/site-packages/airflow/example_dags/example_sla_dag.py
[2024-05-23 09:40:53,681] {logging_mixin.py:115} INFO - [2024-05-23 09:40:53,681] {dag.py:2420} INFO - Sync 1 DAGs
[2024-05-23 09:40:53,695] {logging_mixin.py:115} INFO - [2024-05-23 09:40:53,695] {dag.py:2972} INFO - Setting next_dagrun for example_sla_dag to 2024-05-23T09:38:00+00:00, run_after=2024-05-23T09:40:00+00:00
[2024-05-23 09:40:53,702] {processor.py:161} INFO - Processing /home/airflow/.local/lib/python3.7/site-packages/airflow/example_dags/example_sla_dag.py took 0.052 seconds
[2024-05-23 09:41:24,185] {processor.py:153} INFO - Started process (PID=2230) to work on /home/airflow/.local/lib/python3.7/site-packages/airflow/example_dags/example_sla_dag.py
[2024-05-23 09:41:24,186] {processor.py:641} INFO - Processing file /home/airflow/.local/lib/python3.7/site-packages/airflow/example_dags/example_sla_dag.py for tasks to queue
[2024-05-23 09:41:24,187] {logging_mixin.py:115} INFO - [2024-05-23 09:41:24,187] {dagbag.py:508} INFO - Filling up the DagBag from /home/airflow/.local/lib/python3.7/site-packages/airflow/example_dags/example_sla_dag.py
[2024-05-23 09:41:24,196] {processor.py:651} INFO - DAG(s) dict_keys(['example_sla_dag']) retrieved from /home/airflow/.local/lib/python3.7/site-packages/airflow/example_dags/example_sla_dag.py
[2024-05-23 09:41:24,214] {logging_mixin.py:115} INFO - [2024-05-23 09:41:24,214] {dag.py:2420} INFO - Sync 1 DAGs
[2024-05-23 09:41:24,229] {logging_mixin.py:115} INFO - [2024-05-23 09:41:24,229] {dag.py:2972} INFO - Setting next_dagrun for example_sla_dag to 2024-05-23T09:38:00+00:00, run_after=2024-05-23T09:40:00+00:00
[2024-05-23 09:41:24,235] {processor.py:161} INFO - Processing /home/airflow/.local/lib/python3.7/site-packages/airflow/example_dags/example_sla_dag.py took 0.052 seconds
[2024-05-23 09:41:54,936] {processor.py:153} INFO - Started process (PID=2292) to work on /home/airflow/.local/lib/python3.7/site-packages/airflow/example_dags/example_sla_dag.py
[2024-05-23 09:41:54,937] {processor.py:641} INFO - Processing file /home/airflow/.local/lib/python3.7/site-packages/airflow/example_dags/example_sla_dag.py for tasks to queue
[2024-05-23 09:41:54,938] {logging_mixin.py:115} INFO - [2024-05-23 09:41:54,938] {dagbag.py:508} INFO - Filling up the DagBag from /home/airflow/.local/lib/python3.7/site-packages/airflow/example_dags/example_sla_dag.py
[2024-05-23 09:41:54,947] {processor.py:651} INFO - DAG(s) dict_keys(['example_sla_dag']) retrieved from /home/airflow/.local/lib/python3.7/site-packages/airflow/example_dags/example_sla_dag.py
[2024-05-23 09:41:54,965] {logging_mixin.py:115} INFO - [2024-05-23 09:41:54,964] {dag.py:2420} INFO - Sync 1 DAGs
[2024-05-23 09:41:54,978] {logging_mixin.py:115} INFO - [2024-05-23 09:41:54,978] {dag.py:2972} INFO - Setting next_dagrun for example_sla_dag to 2024-05-23T09:38:00+00:00, run_after=2024-05-23T09:40:00+00:00
[2024-05-23 09:41:54,984] {processor.py:161} INFO - Processing /home/airflow/.local/lib/python3.7/site-packages/airflow/example_dags/example_sla_dag.py took 0.050 seconds
[2024-05-23 09:42:25,352] {processor.py:153} INFO - Started process (PID=2345) to work on /home/airflow/.local/lib/python3.7/site-packages/airflow/example_dags/example_sla_dag.py
[2024-05-23 09:42:25,353] {processor.py:641} INFO - Processing file /home/airflow/.local/lib/python3.7/site-packages/airflow/example_dags/example_sla_dag.py for tasks to queue
[2024-05-23 09:42:25,354] {logging_mixin.py:115} INFO - [2024-05-23 09:42:25,354] {dagbag.py:508} INFO - Filling up the DagBag from /home/airflow/.local/lib/python3.7/site-packages/airflow/example_dags/example_sla_dag.py
[2024-05-23 09:42:25,364] {processor.py:651} INFO - DAG(s) dict_keys(['example_sla_dag']) retrieved from /home/airflow/.local/lib/python3.7/site-packages/airflow/example_dags/example_sla_dag.py
[2024-05-23 09:42:25,382] {logging_mixin.py:115} INFO - [2024-05-23 09:42:25,382] {dag.py:2420} INFO - Sync 1 DAGs
[2024-05-23 09:42:25,396] {logging_mixin.py:115} INFO - [2024-05-23 09:42:25,396] {dag.py:2972} INFO - Setting next_dagrun for example_sla_dag to 2024-05-23T09:40:00+00:00, run_after=2024-05-23T09:42:00+00:00
[2024-05-23 09:42:25,402] {processor.py:161} INFO - Processing /home/airflow/.local/lib/python3.7/site-packages/airflow/example_dags/example_sla_dag.py took 0.052 seconds
[2024-05-23 09:42:55,808] {processor.py:153} INFO - Started process (PID=2407) to work on /home/airflow/.local/lib/python3.7/site-packages/airflow/example_dags/example_sla_dag.py
[2024-05-23 09:42:55,809] {processor.py:641} INFO - Processing file /home/airflow/.local/lib/python3.7/site-packages/airflow/example_dags/example_sla_dag.py for tasks to queue
[2024-05-23 09:42:55,809] {logging_mixin.py:115} INFO - [2024-05-23 09:42:55,809] {dagbag.py:508} INFO - Filling up the DagBag from /home/airflow/.local/lib/python3.7/site-packages/airflow/example_dags/example_sla_dag.py
[2024-05-23 09:42:55,818] {processor.py:651} INFO - DAG(s) dict_keys(['example_sla_dag']) retrieved from /home/airflow/.local/lib/python3.7/site-packages/airflow/example_dags/example_sla_dag.py
[2024-05-23 09:42:55,836] {logging_mixin.py:115} INFO - [2024-05-23 09:42:55,835] {dag.py:2420} INFO - Sync 1 DAGs
[2024-05-23 09:42:55,849] {logging_mixin.py:115} INFO - [2024-05-23 09:42:55,849] {dag.py:2972} INFO - Setting next_dagrun for example_sla_dag to 2024-05-23T09:40:00+00:00, run_after=2024-05-23T09:42:00+00:00
[2024-05-23 09:42:55,855] {processor.py:161} INFO - Processing /home/airflow/.local/lib/python3.7/site-packages/airflow/example_dags/example_sla_dag.py took 0.049 seconds
[2024-05-23 09:43:26,266] {processor.py:153} INFO - Started process (PID=2470) to work on /home/airflow/.local/lib/python3.7/site-packages/airflow/example_dags/example_sla_dag.py
[2024-05-23 09:43:26,267] {processor.py:641} INFO - Processing file /home/airflow/.local/lib/python3.7/site-packages/airflow/example_dags/example_sla_dag.py for tasks to queue
[2024-05-23 09:43:26,267] {logging_mixin.py:115} INFO - [2024-05-23 09:43:26,267] {dagbag.py:508} INFO - Filling up the DagBag from /home/airflow/.local/lib/python3.7/site-packages/airflow/example_dags/example_sla_dag.py
[2024-05-23 09:43:26,277] {processor.py:651} INFO - DAG(s) dict_keys(['example_sla_dag']) retrieved from /home/airflow/.local/lib/python3.7/site-packages/airflow/example_dags/example_sla_dag.py
[2024-05-23 09:43:26,295] {logging_mixin.py:115} INFO - [2024-05-23 09:43:26,295] {dag.py:2420} INFO - Sync 1 DAGs
[2024-05-23 09:43:26,310] {logging_mixin.py:115} INFO - [2024-05-23 09:43:26,310] {dag.py:2972} INFO - Setting next_dagrun for example_sla_dag to 2024-05-23T09:40:00+00:00, run_after=2024-05-23T09:42:00+00:00
[2024-05-23 09:43:26,316] {processor.py:161} INFO - Processing /home/airflow/.local/lib/python3.7/site-packages/airflow/example_dags/example_sla_dag.py took 0.052 seconds
[2024-05-23 09:43:56,766] {processor.py:153} INFO - Started process (PID=2532) to work on /home/airflow/.local/lib/python3.7/site-packages/airflow/example_dags/example_sla_dag.py
[2024-05-23 09:43:56,768] {processor.py:641} INFO - Processing file /home/airflow/.local/lib/python3.7/site-packages/airflow/example_dags/example_sla_dag.py for tasks to queue
[2024-05-23 09:43:56,769] {logging_mixin.py:115} INFO - [2024-05-23 09:43:56,769] {dagbag.py:508} INFO - Filling up the DagBag from /home/airflow/.local/lib/python3.7/site-packages/airflow/example_dags/example_sla_dag.py
[2024-05-23 09:43:56,779] {processor.py:651} INFO - DAG(s) dict_keys(['example_sla_dag']) retrieved from /home/airflow/.local/lib/python3.7/site-packages/airflow/example_dags/example_sla_dag.py
[2024-05-23 09:43:56,799] {logging_mixin.py:115} INFO - [2024-05-23 09:43:56,798] {dag.py:2420} INFO - Sync 1 DAGs
[2024-05-23 09:43:56,814] {logging_mixin.py:115} INFO - [2024-05-23 09:43:56,814] {dag.py:2972} INFO - Setting next_dagrun for example_sla_dag to 2024-05-23T09:40:00+00:00, run_after=2024-05-23T09:42:00+00:00
[2024-05-23 09:43:56,820] {processor.py:161} INFO - Processing /home/airflow/.local/lib/python3.7/site-packages/airflow/example_dags/example_sla_dag.py took 0.057 seconds
[2024-05-23 09:44:27,186] {processor.py:153} INFO - Started process (PID=2594) to work on /home/airflow/.local/lib/python3.7/site-packages/airflow/example_dags/example_sla_dag.py
[2024-05-23 09:44:27,187] {processor.py:641} INFO - Processing file /home/airflow/.local/lib/python3.7/site-packages/airflow/example_dags/example_sla_dag.py for tasks to queue
[2024-05-23 09:44:27,188] {logging_mixin.py:115} INFO - [2024-05-23 09:44:27,188] {dagbag.py:508} INFO - Filling up the DagBag from /home/airflow/.local/lib/python3.7/site-packages/airflow/example_dags/example_sla_dag.py
[2024-05-23 09:44:27,197] {processor.py:651} INFO - DAG(s) dict_keys(['example_sla_dag']) retrieved from /home/airflow/.local/lib/python3.7/site-packages/airflow/example_dags/example_sla_dag.py
[2024-05-23 09:44:27,214] {logging_mixin.py:115} INFO - [2024-05-23 09:44:27,214] {dag.py:2420} INFO - Sync 1 DAGs
[2024-05-23 09:44:27,227] {logging_mixin.py:115} INFO - [2024-05-23 09:44:27,227] {dag.py:2972} INFO - Setting next_dagrun for example_sla_dag to 2024-05-23T09:42:00+00:00, run_after=2024-05-23T09:44:00+00:00
[2024-05-23 09:44:27,233] {processor.py:161} INFO - Processing /home/airflow/.local/lib/python3.7/site-packages/airflow/example_dags/example_sla_dag.py took 0.050 seconds
[2024-05-23 09:44:57,805] {processor.py:153} INFO - Started process (PID=2656) to work on /home/airflow/.local/lib/python3.7/site-packages/airflow/example_dags/example_sla_dag.py
[2024-05-23 09:44:57,806] {processor.py:641} INFO - Processing file /home/airflow/.local/lib/python3.7/site-packages/airflow/example_dags/example_sla_dag.py for tasks to queue
[2024-05-23 09:44:57,807] {logging_mixin.py:115} INFO - [2024-05-23 09:44:57,807] {dagbag.py:508} INFO - Filling up the DagBag from /home/airflow/.local/lib/python3.7/site-packages/airflow/example_dags/example_sla_dag.py
[2024-05-23 09:44:57,818] {processor.py:651} INFO - DAG(s) dict_keys(['example_sla_dag']) retrieved from /home/airflow/.local/lib/python3.7/site-packages/airflow/example_dags/example_sla_dag.py
[2024-05-23 09:44:57,839] {logging_mixin.py:115} INFO - [2024-05-23 09:44:57,839] {dag.py:2420} INFO - Sync 1 DAGs
[2024-05-23 09:44:57,856] {logging_mixin.py:115} INFO - [2024-05-23 09:44:57,856] {dag.py:2972} INFO - Setting next_dagrun for example_sla_dag to 2024-05-23T09:42:00+00:00, run_after=2024-05-23T09:44:00+00:00
[2024-05-23 09:44:57,864] {processor.py:161} INFO - Processing /home/airflow/.local/lib/python3.7/site-packages/airflow/example_dags/example_sla_dag.py took 0.061 seconds
[2024-05-23 09:45:28,267] {processor.py:153} INFO - Started process (PID=2709) to work on /home/airflow/.local/lib/python3.7/site-packages/airflow/example_dags/example_sla_dag.py
[2024-05-23 09:45:28,268] {processor.py:641} INFO - Processing file /home/airflow/.local/lib/python3.7/site-packages/airflow/example_dags/example_sla_dag.py for tasks to queue
[2024-05-23 09:45:28,268] {logging_mixin.py:115} INFO - [2024-05-23 09:45:28,268] {dagbag.py:508} INFO - Filling up the DagBag from /home/airflow/.local/lib/python3.7/site-packages/airflow/example_dags/example_sla_dag.py
[2024-05-23 09:45:28,278] {processor.py:651} INFO - DAG(s) dict_keys(['example_sla_dag']) retrieved from /home/airflow/.local/lib/python3.7/site-packages/airflow/example_dags/example_sla_dag.py
[2024-05-23 09:45:28,296] {logging_mixin.py:115} INFO - [2024-05-23 09:45:28,296] {dag.py:2420} INFO - Sync 1 DAGs
[2024-05-23 09:45:28,310] {logging_mixin.py:115} INFO - [2024-05-23 09:45:28,310] {dag.py:2972} INFO - Setting next_dagrun for example_sla_dag to 2024-05-23T09:42:00+00:00, run_after=2024-05-23T09:44:00+00:00
[2024-05-23 09:45:28,317] {processor.py:161} INFO - Processing /home/airflow/.local/lib/python3.7/site-packages/airflow/example_dags/example_sla_dag.py took 0.052 seconds
[2024-05-23 09:45:58,765] {processor.py:153} INFO - Started process (PID=2771) to work on /home/airflow/.local/lib/python3.7/site-packages/airflow/example_dags/example_sla_dag.py
[2024-05-23 09:45:58,766] {processor.py:641} INFO - Processing file /home/airflow/.local/lib/python3.7/site-packages/airflow/example_dags/example_sla_dag.py for tasks to queue
[2024-05-23 09:45:58,767] {logging_mixin.py:115} INFO - [2024-05-23 09:45:58,767] {dagbag.py:508} INFO - Filling up the DagBag from /home/airflow/.local/lib/python3.7/site-packages/airflow/example_dags/example_sla_dag.py
[2024-05-23 09:45:58,777] {processor.py:651} INFO - DAG(s) dict_keys(['example_sla_dag']) retrieved from /home/airflow/.local/lib/python3.7/site-packages/airflow/example_dags/example_sla_dag.py
[2024-05-23 09:45:58,795] {logging_mixin.py:115} INFO - [2024-05-23 09:45:58,795] {dag.py:2420} INFO - Sync 1 DAGs
[2024-05-23 09:45:58,810] {logging_mixin.py:115} INFO - [2024-05-23 09:45:58,810] {dag.py:2972} INFO - Setting next_dagrun for example_sla_dag to 2024-05-23T09:42:00+00:00, run_after=2024-05-23T09:44:00+00:00
[2024-05-23 09:45:58,816] {processor.py:161} INFO - Processing /home/airflow/.local/lib/python3.7/site-packages/airflow/example_dags/example_sla_dag.py took 0.053 seconds
[2024-05-23 09:46:29,123] {processor.py:153} INFO - Started process (PID=2833) to work on /home/airflow/.local/lib/python3.7/site-packages/airflow/example_dags/example_sla_dag.py
[2024-05-23 09:46:29,124] {processor.py:641} INFO - Processing file /home/airflow/.local/lib/python3.7/site-packages/airflow/example_dags/example_sla_dag.py for tasks to queue
[2024-05-23 09:46:29,124] {logging_mixin.py:115} INFO - [2024-05-23 09:46:29,124] {dagbag.py:508} INFO - Filling up the DagBag from /home/airflow/.local/lib/python3.7/site-packages/airflow/example_dags/example_sla_dag.py
[2024-05-23 09:46:29,133] {processor.py:651} INFO - DAG(s) dict_keys(['example_sla_dag']) retrieved from /home/airflow/.local/lib/python3.7/site-packages/airflow/example_dags/example_sla_dag.py
[2024-05-23 09:46:29,150] {logging_mixin.py:115} INFO - [2024-05-23 09:46:29,150] {dag.py:2420} INFO - Sync 1 DAGs
[2024-05-23 09:46:29,163] {logging_mixin.py:115} INFO - [2024-05-23 09:46:29,163] {dag.py:2972} INFO - Setting next_dagrun for example_sla_dag to 2024-05-23T09:44:00+00:00, run_after=2024-05-23T09:46:00+00:00
[2024-05-23 09:46:29,169] {processor.py:161} INFO - Processing /home/airflow/.local/lib/python3.7/site-packages/airflow/example_dags/example_sla_dag.py took 0.047 seconds
[2024-05-23 09:46:59,585] {processor.py:153} INFO - Started process (PID=2895) to work on /home/airflow/.local/lib/python3.7/site-packages/airflow/example_dags/example_sla_dag.py
[2024-05-23 09:46:59,587] {processor.py:641} INFO - Processing file /home/airflow/.local/lib/python3.7/site-packages/airflow/example_dags/example_sla_dag.py for tasks to queue
[2024-05-23 09:46:59,589] {logging_mixin.py:115} INFO - [2024-05-23 09:46:59,589] {dagbag.py:508} INFO - Filling up the DagBag from /home/airflow/.local/lib/python3.7/site-packages/airflow/example_dags/example_sla_dag.py
[2024-05-23 09:46:59,609] {processor.py:651} INFO - DAG(s) dict_keys(['example_sla_dag']) retrieved from /home/airflow/.local/lib/python3.7/site-packages/airflow/example_dags/example_sla_dag.py
[2024-05-23 09:46:59,639] {logging_mixin.py:115} INFO - [2024-05-23 09:46:59,639] {dag.py:2420} INFO - Sync 1 DAGs
[2024-05-23 09:46:59,656] {logging_mixin.py:115} INFO - [2024-05-23 09:46:59,656] {dag.py:2972} INFO - Setting next_dagrun for example_sla_dag to 2024-05-23T09:44:00+00:00, run_after=2024-05-23T09:46:00+00:00
[2024-05-23 09:46:59,663] {processor.py:161} INFO - Processing /home/airflow/.local/lib/python3.7/site-packages/airflow/example_dags/example_sla_dag.py took 0.082 seconds
[2024-05-23 09:47:30,321] {processor.py:153} INFO - Started process (PID=2957) to work on /home/airflow/.local/lib/python3.7/site-packages/airflow/example_dags/example_sla_dag.py
[2024-05-23 09:47:30,322] {processor.py:641} INFO - Processing file /home/airflow/.local/lib/python3.7/site-packages/airflow/example_dags/example_sla_dag.py for tasks to queue
[2024-05-23 09:47:30,322] {logging_mixin.py:115} INFO - [2024-05-23 09:47:30,322] {dagbag.py:508} INFO - Filling up the DagBag from /home/airflow/.local/lib/python3.7/site-packages/airflow/example_dags/example_sla_dag.py
[2024-05-23 09:47:30,333] {processor.py:651} INFO - DAG(s) dict_keys(['example_sla_dag']) retrieved from /home/airflow/.local/lib/python3.7/site-packages/airflow/example_dags/example_sla_dag.py
[2024-05-23 09:47:30,351] {logging_mixin.py:115} INFO - [2024-05-23 09:47:30,351] {dag.py:2420} INFO - Sync 1 DAGs
[2024-05-23 09:47:30,366] {logging_mixin.py:115} INFO - [2024-05-23 09:47:30,366] {dag.py:2972} INFO - Setting next_dagrun for example_sla_dag to 2024-05-23T09:44:00+00:00, run_after=2024-05-23T09:46:00+00:00
[2024-05-23 09:47:30,374] {processor.py:161} INFO - Processing /home/airflow/.local/lib/python3.7/site-packages/airflow/example_dags/example_sla_dag.py took 0.055 seconds
[2024-05-23 09:48:00,723] {processor.py:153} INFO - Started process (PID=3010) to work on /home/airflow/.local/lib/python3.7/site-packages/airflow/example_dags/example_sla_dag.py
[2024-05-23 09:48:00,724] {processor.py:641} INFO - Processing file /home/airflow/.local/lib/python3.7/site-packages/airflow/example_dags/example_sla_dag.py for tasks to queue
[2024-05-23 09:48:00,725] {logging_mixin.py:115} INFO - [2024-05-23 09:48:00,725] {dagbag.py:508} INFO - Filling up the DagBag from /home/airflow/.local/lib/python3.7/site-packages/airflow/example_dags/example_sla_dag.py
[2024-05-23 09:48:00,734] {processor.py:651} INFO - DAG(s) dict_keys(['example_sla_dag']) retrieved from /home/airflow/.local/lib/python3.7/site-packages/airflow/example_dags/example_sla_dag.py
[2024-05-23 09:48:00,752] {logging_mixin.py:115} INFO - [2024-05-23 09:48:00,752] {dag.py:2420} INFO - Sync 1 DAGs
[2024-05-23 09:48:00,766] {logging_mixin.py:115} INFO - [2024-05-23 09:48:00,766] {dag.py:2972} INFO - Setting next_dagrun for example_sla_dag to 2024-05-23T09:46:00+00:00, run_after=2024-05-23T09:48:00+00:00
[2024-05-23 09:48:00,773] {processor.py:161} INFO - Processing /home/airflow/.local/lib/python3.7/site-packages/airflow/example_dags/example_sla_dag.py took 0.052 seconds
[2024-05-23 09:48:31,161] {processor.py:153} INFO - Started process (PID=3072) to work on /home/airflow/.local/lib/python3.7/site-packages/airflow/example_dags/example_sla_dag.py
[2024-05-23 09:48:31,162] {processor.py:641} INFO - Processing file /home/airflow/.local/lib/python3.7/site-packages/airflow/example_dags/example_sla_dag.py for tasks to queue
[2024-05-23 09:48:31,162] {logging_mixin.py:115} INFO - [2024-05-23 09:48:31,162] {dagbag.py:508} INFO - Filling up the DagBag from /home/airflow/.local/lib/python3.7/site-packages/airflow/example_dags/example_sla_dag.py
[2024-05-23 09:48:31,171] {processor.py:651} INFO - DAG(s) dict_keys(['example_sla_dag']) retrieved from /home/airflow/.local/lib/python3.7/site-packages/airflow/example_dags/example_sla_dag.py
[2024-05-23 09:48:31,189] {logging_mixin.py:115} INFO - [2024-05-23 09:48:31,189] {dag.py:2420} INFO - Sync 1 DAGs
[2024-05-23 09:48:31,203] {logging_mixin.py:115} INFO - [2024-05-23 09:48:31,203] {dag.py:2972} INFO - Setting next_dagrun for example_sla_dag to 2024-05-23T09:46:00+00:00, run_after=2024-05-23T09:48:00+00:00
[2024-05-23 09:48:31,209] {processor.py:161} INFO - Processing /home/airflow/.local/lib/python3.7/site-packages/airflow/example_dags/example_sla_dag.py took 0.050 seconds
[2024-05-23 09:49:01,696] {processor.py:153} INFO - Started process (PID=3134) to work on /home/airflow/.local/lib/python3.7/site-packages/airflow/example_dags/example_sla_dag.py
[2024-05-23 09:49:01,697] {processor.py:641} INFO - Processing file /home/airflow/.local/lib/python3.7/site-packages/airflow/example_dags/example_sla_dag.py for tasks to queue
[2024-05-23 09:49:01,698] {logging_mixin.py:115} INFO - [2024-05-23 09:49:01,698] {dagbag.py:508} INFO - Filling up the DagBag from /home/airflow/.local/lib/python3.7/site-packages/airflow/example_dags/example_sla_dag.py
[2024-05-23 09:49:01,709] {processor.py:651} INFO - DAG(s) dict_keys(['example_sla_dag']) retrieved from /home/airflow/.local/lib/python3.7/site-packages/airflow/example_dags/example_sla_dag.py
[2024-05-23 09:49:01,727] {logging_mixin.py:115} INFO - [2024-05-23 09:49:01,727] {dag.py:2420} INFO - Sync 1 DAGs
[2024-05-23 09:49:01,743] {logging_mixin.py:115} INFO - [2024-05-23 09:49:01,743] {dag.py:2972} INFO - Setting next_dagrun for example_sla_dag to 2024-05-23T09:46:00+00:00, run_after=2024-05-23T09:48:00+00:00
[2024-05-23 09:49:01,754] {processor.py:161} INFO - Processing /home/airflow/.local/lib/python3.7/site-packages/airflow/example_dags/example_sla_dag.py took 0.060 seconds
[2024-05-23 09:49:32,276] {processor.py:153} INFO - Started process (PID=3196) to work on /home/airflow/.local/lib/python3.7/site-packages/airflow/example_dags/example_sla_dag.py
[2024-05-23 09:49:32,277] {processor.py:641} INFO - Processing file /home/airflow/.local/lib/python3.7/site-packages/airflow/example_dags/example_sla_dag.py for tasks to queue
[2024-05-23 09:49:32,278] {logging_mixin.py:115} INFO - [2024-05-23 09:49:32,278] {dagbag.py:508} INFO - Filling up the DagBag from /home/airflow/.local/lib/python3.7/site-packages/airflow/example_dags/example_sla_dag.py
[2024-05-23 09:49:32,288] {processor.py:651} INFO - DAG(s) dict_keys(['example_sla_dag']) retrieved from /home/airflow/.local/lib/python3.7/site-packages/airflow/example_dags/example_sla_dag.py
[2024-05-23 09:49:32,307] {logging_mixin.py:115} INFO - [2024-05-23 09:49:32,307] {dag.py:2420} INFO - Sync 1 DAGs
[2024-05-23 09:49:32,321] {logging_mixin.py:115} INFO - [2024-05-23 09:49:32,321] {dag.py:2972} INFO - Setting next_dagrun for example_sla_dag to 2024-05-23T09:46:00+00:00, run_after=2024-05-23T09:48:00+00:00
[2024-05-23 09:49:32,329] {processor.py:161} INFO - Processing /home/airflow/.local/lib/python3.7/site-packages/airflow/example_dags/example_sla_dag.py took 0.056 seconds
[2024-05-23 09:50:02,716] {processor.py:153} INFO - Started process (PID=3258) to work on /home/airflow/.local/lib/python3.7/site-packages/airflow/example_dags/example_sla_dag.py
[2024-05-23 09:50:02,717] {processor.py:641} INFO - Processing file /home/airflow/.local/lib/python3.7/site-packages/airflow/example_dags/example_sla_dag.py for tasks to queue
[2024-05-23 09:50:02,718] {logging_mixin.py:115} INFO - [2024-05-23 09:50:02,718] {dagbag.py:508} INFO - Filling up the DagBag from /home/airflow/.local/lib/python3.7/site-packages/airflow/example_dags/example_sla_dag.py
[2024-05-23 09:50:02,728] {processor.py:651} INFO - DAG(s) dict_keys(['example_sla_dag']) retrieved from /home/airflow/.local/lib/python3.7/site-packages/airflow/example_dags/example_sla_dag.py
[2024-05-23 09:50:02,746] {logging_mixin.py:115} INFO - [2024-05-23 09:50:02,746] {dag.py:2420} INFO - Sync 1 DAGs
[2024-05-23 09:50:02,760] {logging_mixin.py:115} INFO - [2024-05-23 09:50:02,760] {dag.py:2972} INFO - Setting next_dagrun for example_sla_dag to 2024-05-23T09:48:00+00:00, run_after=2024-05-23T09:50:00+00:00
[2024-05-23 09:50:02,767] {processor.py:161} INFO - Processing /home/airflow/.local/lib/python3.7/site-packages/airflow/example_dags/example_sla_dag.py took 0.053 seconds
[2024-05-23 09:50:33,157] {processor.py:153} INFO - Started process (PID=3320) to work on /home/airflow/.local/lib/python3.7/site-packages/airflow/example_dags/example_sla_dag.py
[2024-05-23 09:50:33,158] {processor.py:641} INFO - Processing file /home/airflow/.local/lib/python3.7/site-packages/airflow/example_dags/example_sla_dag.py for tasks to queue
[2024-05-23 09:50:33,158] {logging_mixin.py:115} INFO - [2024-05-23 09:50:33,158] {dagbag.py:508} INFO - Filling up the DagBag from /home/airflow/.local/lib/python3.7/site-packages/airflow/example_dags/example_sla_dag.py
[2024-05-23 09:50:33,168] {processor.py:651} INFO - DAG(s) dict_keys(['example_sla_dag']) retrieved from /home/airflow/.local/lib/python3.7/site-packages/airflow/example_dags/example_sla_dag.py
[2024-05-23 09:50:33,187] {logging_mixin.py:115} INFO - [2024-05-23 09:50:33,187] {dag.py:2420} INFO - Sync 1 DAGs
[2024-05-23 09:50:33,203] {logging_mixin.py:115} INFO - [2024-05-23 09:50:33,203] {dag.py:2972} INFO - Setting next_dagrun for example_sla_dag to 2024-05-23T09:48:00+00:00, run_after=2024-05-23T09:50:00+00:00
[2024-05-23 09:50:33,210] {processor.py:161} INFO - Processing /home/airflow/.local/lib/python3.7/site-packages/airflow/example_dags/example_sla_dag.py took 0.055 seconds
[2024-05-23 09:51:03,730] {processor.py:153} INFO - Started process (PID=3373) to work on /home/airflow/.local/lib/python3.7/site-packages/airflow/example_dags/example_sla_dag.py
[2024-05-23 09:51:03,730] {processor.py:641} INFO - Processing file /home/airflow/.local/lib/python3.7/site-packages/airflow/example_dags/example_sla_dag.py for tasks to queue
[2024-05-23 09:51:03,731] {logging_mixin.py:115} INFO - [2024-05-23 09:51:03,731] {dagbag.py:508} INFO - Filling up the DagBag from /home/airflow/.local/lib/python3.7/site-packages/airflow/example_dags/example_sla_dag.py
[2024-05-23 09:51:03,741] {processor.py:651} INFO - DAG(s) dict_keys(['example_sla_dag']) retrieved from /home/airflow/.local/lib/python3.7/site-packages/airflow/example_dags/example_sla_dag.py
[2024-05-23 09:51:03,758] {logging_mixin.py:115} INFO - [2024-05-23 09:51:03,758] {dag.py:2420} INFO - Sync 1 DAGs
[2024-05-23 09:51:03,772] {logging_mixin.py:115} INFO - [2024-05-23 09:51:03,772] {dag.py:2972} INFO - Setting next_dagrun for example_sla_dag to 2024-05-23T09:48:00+00:00, run_after=2024-05-23T09:50:00+00:00
[2024-05-23 09:51:03,778] {processor.py:161} INFO - Processing /home/airflow/.local/lib/python3.7/site-packages/airflow/example_dags/example_sla_dag.py took 0.050 seconds
[2024-05-23 09:51:34,117] {processor.py:153} INFO - Started process (PID=3435) to work on /home/airflow/.local/lib/python3.7/site-packages/airflow/example_dags/example_sla_dag.py
[2024-05-23 09:51:34,118] {processor.py:641} INFO - Processing file /home/airflow/.local/lib/python3.7/site-packages/airflow/example_dags/example_sla_dag.py for tasks to queue
[2024-05-23 09:51:34,118] {logging_mixin.py:115} INFO - [2024-05-23 09:51:34,118] {dagbag.py:508} INFO - Filling up the DagBag from /home/airflow/.local/lib/python3.7/site-packages/airflow/example_dags/example_sla_dag.py
[2024-05-23 09:51:34,128] {processor.py:651} INFO - DAG(s) dict_keys(['example_sla_dag']) retrieved from /home/airflow/.local/lib/python3.7/site-packages/airflow/example_dags/example_sla_dag.py
[2024-05-23 09:51:34,146] {logging_mixin.py:115} INFO - [2024-05-23 09:51:34,146] {dag.py:2420} INFO - Sync 1 DAGs
[2024-05-23 09:51:34,159] {logging_mixin.py:115} INFO - [2024-05-23 09:51:34,159] {dag.py:2972} INFO - Setting next_dagrun for example_sla_dag to 2024-05-23T09:48:00+00:00, run_after=2024-05-23T09:50:00+00:00
[2024-05-23 09:51:34,166] {processor.py:161} INFO - Processing /home/airflow/.local/lib/python3.7/site-packages/airflow/example_dags/example_sla_dag.py took 0.051 seconds
[2024-05-23 09:52:04,577] {processor.py:153} INFO - Started process (PID=3497) to work on /home/airflow/.local/lib/python3.7/site-packages/airflow/example_dags/example_sla_dag.py
[2024-05-23 09:52:04,578] {processor.py:641} INFO - Processing file /home/airflow/.local/lib/python3.7/site-packages/airflow/example_dags/example_sla_dag.py for tasks to queue
[2024-05-23 09:52:04,578] {logging_mixin.py:115} INFO - [2024-05-23 09:52:04,578] {dagbag.py:508} INFO - Filling up the DagBag from /home/airflow/.local/lib/python3.7/site-packages/airflow/example_dags/example_sla_dag.py
[2024-05-23 09:52:04,592] {processor.py:651} INFO - DAG(s) dict_keys(['example_sla_dag']) retrieved from /home/airflow/.local/lib/python3.7/site-packages/airflow/example_dags/example_sla_dag.py
[2024-05-23 09:52:04,611] {logging_mixin.py:115} INFO - [2024-05-23 09:52:04,611] {dag.py:2420} INFO - Sync 1 DAGs
[2024-05-23 09:52:04,624] {logging_mixin.py:115} INFO - [2024-05-23 09:52:04,624] {dag.py:2972} INFO - Setting next_dagrun for example_sla_dag to 2024-05-23T09:50:00+00:00, run_after=2024-05-23T09:52:00+00:00
[2024-05-23 09:52:04,631] {processor.py:161} INFO - Processing /home/airflow/.local/lib/python3.7/site-packages/airflow/example_dags/example_sla_dag.py took 0.056 seconds
[2024-05-23 09:52:35,089] {processor.py:153} INFO - Started process (PID=3559) to work on /home/airflow/.local/lib/python3.7/site-packages/airflow/example_dags/example_sla_dag.py
[2024-05-23 09:52:35,090] {processor.py:641} INFO - Processing file /home/airflow/.local/lib/python3.7/site-packages/airflow/example_dags/example_sla_dag.py for tasks to queue
[2024-05-23 09:52:35,090] {logging_mixin.py:115} INFO - [2024-05-23 09:52:35,090] {dagbag.py:508} INFO - Filling up the DagBag from /home/airflow/.local/lib/python3.7/site-packages/airflow/example_dags/example_sla_dag.py
[2024-05-23 09:52:35,099] {processor.py:651} INFO - DAG(s) dict_keys(['example_sla_dag']) retrieved from /home/airflow/.local/lib/python3.7/site-packages/airflow/example_dags/example_sla_dag.py
[2024-05-23 09:52:35,116] {logging_mixin.py:115} INFO - [2024-05-23 09:52:35,116] {dag.py:2420} INFO - Sync 1 DAGs
[2024-05-23 09:52:35,130] {logging_mixin.py:115} INFO - [2024-05-23 09:52:35,130] {dag.py:2972} INFO - Setting next_dagrun for example_sla_dag to 2024-05-23T09:50:00+00:00, run_after=2024-05-23T09:52:00+00:00
[2024-05-23 09:52:35,136] {processor.py:161} INFO - Processing /home/airflow/.local/lib/python3.7/site-packages/airflow/example_dags/example_sla_dag.py took 0.049 seconds
[2024-05-23 09:53:05,545] {processor.py:153} INFO - Started process (PID=3621) to work on /home/airflow/.local/lib/python3.7/site-packages/airflow/example_dags/example_sla_dag.py
[2024-05-23 09:53:05,546] {processor.py:641} INFO - Processing file /home/airflow/.local/lib/python3.7/site-packages/airflow/example_dags/example_sla_dag.py for tasks to queue
[2024-05-23 09:53:05,547] {logging_mixin.py:115} INFO - [2024-05-23 09:53:05,547] {dagbag.py:508} INFO - Filling up the DagBag from /home/airflow/.local/lib/python3.7/site-packages/airflow/example_dags/example_sla_dag.py
[2024-05-23 09:53:05,557] {processor.py:651} INFO - DAG(s) dict_keys(['example_sla_dag']) retrieved from /home/airflow/.local/lib/python3.7/site-packages/airflow/example_dags/example_sla_dag.py
[2024-05-23 09:53:05,575] {logging_mixin.py:115} INFO - [2024-05-23 09:53:05,575] {dag.py:2420} INFO - Sync 1 DAGs
[2024-05-23 09:53:05,590] {logging_mixin.py:115} INFO - [2024-05-23 09:53:05,590] {dag.py:2972} INFO - Setting next_dagrun for example_sla_dag to 2024-05-23T09:50:00+00:00, run_after=2024-05-23T09:52:00+00:00
[2024-05-23 09:53:05,596] {processor.py:161} INFO - Processing /home/airflow/.local/lib/python3.7/site-packages/airflow/example_dags/example_sla_dag.py took 0.053 seconds
[2024-05-23 09:53:36,111] {processor.py:153} INFO - Started process (PID=3683) to work on /home/airflow/.local/lib/python3.7/site-packages/airflow/example_dags/example_sla_dag.py
[2024-05-23 09:53:36,112] {processor.py:641} INFO - Processing file /home/airflow/.local/lib/python3.7/site-packages/airflow/example_dags/example_sla_dag.py for tasks to queue
[2024-05-23 09:53:36,113] {logging_mixin.py:115} INFO - [2024-05-23 09:53:36,113] {dagbag.py:508} INFO - Filling up the DagBag from /home/airflow/.local/lib/python3.7/site-packages/airflow/example_dags/example_sla_dag.py
[2024-05-23 09:53:36,125] {processor.py:651} INFO - DAG(s) dict_keys(['example_sla_dag']) retrieved from /home/airflow/.local/lib/python3.7/site-packages/airflow/example_dags/example_sla_dag.py
[2024-05-23 09:53:36,147] {logging_mixin.py:115} INFO - [2024-05-23 09:53:36,147] {dag.py:2420} INFO - Sync 1 DAGs
[2024-05-23 09:53:36,165] {logging_mixin.py:115} INFO - [2024-05-23 09:53:36,165] {dag.py:2972} INFO - Setting next_dagrun for example_sla_dag to 2024-05-23T09:50:00+00:00, run_after=2024-05-23T09:52:00+00:00
[2024-05-23 09:53:36,172] {processor.py:161} INFO - Processing /home/airflow/.local/lib/python3.7/site-packages/airflow/example_dags/example_sla_dag.py took 0.064 seconds
[2024-05-23 09:54:06,670] {processor.py:153} INFO - Started process (PID=3736) to work on /home/airflow/.local/lib/python3.7/site-packages/airflow/example_dags/example_sla_dag.py
[2024-05-23 09:54:06,671] {processor.py:641} INFO - Processing file /home/airflow/.local/lib/python3.7/site-packages/airflow/example_dags/example_sla_dag.py for tasks to queue
[2024-05-23 09:54:06,671] {logging_mixin.py:115} INFO - [2024-05-23 09:54:06,671] {dagbag.py:508} INFO - Filling up the DagBag from /home/airflow/.local/lib/python3.7/site-packages/airflow/example_dags/example_sla_dag.py
[2024-05-23 09:54:06,680] {processor.py:651} INFO - DAG(s) dict_keys(['example_sla_dag']) retrieved from /home/airflow/.local/lib/python3.7/site-packages/airflow/example_dags/example_sla_dag.py
[2024-05-23 09:54:06,698] {logging_mixin.py:115} INFO - [2024-05-23 09:54:06,698] {dag.py:2420} INFO - Sync 1 DAGs
[2024-05-23 09:54:06,712] {logging_mixin.py:115} INFO - [2024-05-23 09:54:06,711] {dag.py:2972} INFO - Setting next_dagrun for example_sla_dag to 2024-05-23T09:52:00+00:00, run_after=2024-05-23T09:54:00+00:00
[2024-05-23 09:54:06,718] {processor.py:161} INFO - Processing /home/airflow/.local/lib/python3.7/site-packages/airflow/example_dags/example_sla_dag.py took 0.051 seconds
[2024-05-23 09:54:37,172] {processor.py:153} INFO - Started process (PID=3798) to work on /home/airflow/.local/lib/python3.7/site-packages/airflow/example_dags/example_sla_dag.py
[2024-05-23 09:54:37,173] {processor.py:641} INFO - Processing file /home/airflow/.local/lib/python3.7/site-packages/airflow/example_dags/example_sla_dag.py for tasks to queue
[2024-05-23 09:54:37,173] {logging_mixin.py:115} INFO - [2024-05-23 09:54:37,173] {dagbag.py:508} INFO - Filling up the DagBag from /home/airflow/.local/lib/python3.7/site-packages/airflow/example_dags/example_sla_dag.py
[2024-05-23 09:54:37,182] {processor.py:651} INFO - DAG(s) dict_keys(['example_sla_dag']) retrieved from /home/airflow/.local/lib/python3.7/site-packages/airflow/example_dags/example_sla_dag.py
[2024-05-23 09:54:37,200] {logging_mixin.py:115} INFO - [2024-05-23 09:54:37,200] {dag.py:2420} INFO - Sync 1 DAGs
[2024-05-23 09:54:37,214] {logging_mixin.py:115} INFO - [2024-05-23 09:54:37,214] {dag.py:2972} INFO - Setting next_dagrun for example_sla_dag to 2024-05-23T09:52:00+00:00, run_after=2024-05-23T09:54:00+00:00
[2024-05-23 09:54:37,221] {processor.py:161} INFO - Processing /home/airflow/.local/lib/python3.7/site-packages/airflow/example_dags/example_sla_dag.py took 0.051 seconds
[2024-05-23 09:55:07,576] {processor.py:153} INFO - Started process (PID=3860) to work on /home/airflow/.local/lib/python3.7/site-packages/airflow/example_dags/example_sla_dag.py
[2024-05-23 09:55:07,577] {processor.py:641} INFO - Processing file /home/airflow/.local/lib/python3.7/site-packages/airflow/example_dags/example_sla_dag.py for tasks to queue
[2024-05-23 09:55:07,578] {logging_mixin.py:115} INFO - [2024-05-23 09:55:07,578] {dagbag.py:508} INFO - Filling up the DagBag from /home/airflow/.local/lib/python3.7/site-packages/airflow/example_dags/example_sla_dag.py
[2024-05-23 09:55:07,588] {processor.py:651} INFO - DAG(s) dict_keys(['example_sla_dag']) retrieved from /home/airflow/.local/lib/python3.7/site-packages/airflow/example_dags/example_sla_dag.py
[2024-05-23 09:55:07,606] {logging_mixin.py:115} INFO - [2024-05-23 09:55:07,606] {dag.py:2420} INFO - Sync 1 DAGs
[2024-05-23 09:55:07,623] {logging_mixin.py:115} INFO - [2024-05-23 09:55:07,623] {dag.py:2972} INFO - Setting next_dagrun for example_sla_dag to 2024-05-23T09:52:00+00:00, run_after=2024-05-23T09:54:00+00:00
[2024-05-23 09:55:07,631] {processor.py:161} INFO - Processing /home/airflow/.local/lib/python3.7/site-packages/airflow/example_dags/example_sla_dag.py took 0.057 seconds
[2024-05-23 09:55:38,037] {processor.py:153} INFO - Started process (PID=3922) to work on /home/airflow/.local/lib/python3.7/site-packages/airflow/example_dags/example_sla_dag.py
[2024-05-23 09:55:38,038] {processor.py:641} INFO - Processing file /home/airflow/.local/lib/python3.7/site-packages/airflow/example_dags/example_sla_dag.py for tasks to queue
[2024-05-23 09:55:38,039] {logging_mixin.py:115} INFO - [2024-05-23 09:55:38,039] {dagbag.py:508} INFO - Filling up the DagBag from /home/airflow/.local/lib/python3.7/site-packages/airflow/example_dags/example_sla_dag.py
[2024-05-23 09:55:38,049] {processor.py:651} INFO - DAG(s) dict_keys(['example_sla_dag']) retrieved from /home/airflow/.local/lib/python3.7/site-packages/airflow/example_dags/example_sla_dag.py
[2024-05-23 09:55:38,067] {logging_mixin.py:115} INFO - [2024-05-23 09:55:38,067] {dag.py:2420} INFO - Sync 1 DAGs
[2024-05-23 09:55:38,080] {logging_mixin.py:115} INFO - [2024-05-23 09:55:38,080] {dag.py:2972} INFO - Setting next_dagrun for example_sla_dag to 2024-05-23T09:52:00+00:00, run_after=2024-05-23T09:54:00+00:00
[2024-05-23 09:55:38,087] {processor.py:161} INFO - Processing /home/airflow/.local/lib/python3.7/site-packages/airflow/example_dags/example_sla_dag.py took 0.051 seconds
[2024-05-23 09:56:08,498] {processor.py:153} INFO - Started process (PID=3984) to work on /home/airflow/.local/lib/python3.7/site-packages/airflow/example_dags/example_sla_dag.py
[2024-05-23 09:56:08,499] {processor.py:641} INFO - Processing file /home/airflow/.local/lib/python3.7/site-packages/airflow/example_dags/example_sla_dag.py for tasks to queue
[2024-05-23 09:56:08,499] {logging_mixin.py:115} INFO - [2024-05-23 09:56:08,499] {dagbag.py:508} INFO - Filling up the DagBag from /home/airflow/.local/lib/python3.7/site-packages/airflow/example_dags/example_sla_dag.py
[2024-05-23 09:56:08,509] {processor.py:651} INFO - DAG(s) dict_keys(['example_sla_dag']) retrieved from /home/airflow/.local/lib/python3.7/site-packages/airflow/example_dags/example_sla_dag.py
[2024-05-23 09:56:08,526] {logging_mixin.py:115} INFO - [2024-05-23 09:56:08,526] {dag.py:2420} INFO - Sync 1 DAGs
[2024-05-23 09:56:08,540] {logging_mixin.py:115} INFO - [2024-05-23 09:56:08,540] {dag.py:2972} INFO - Setting next_dagrun for example_sla_dag to 2024-05-23T09:54:00+00:00, run_after=2024-05-23T09:56:00+00:00
[2024-05-23 09:56:08,547] {processor.py:161} INFO - Processing /home/airflow/.local/lib/python3.7/site-packages/airflow/example_dags/example_sla_dag.py took 0.052 seconds
[2024-05-23 09:56:38,993] {processor.py:153} INFO - Started process (PID=4044) to work on /home/airflow/.local/lib/python3.7/site-packages/airflow/example_dags/example_sla_dag.py
[2024-05-23 09:56:38,994] {processor.py:641} INFO - Processing file /home/airflow/.local/lib/python3.7/site-packages/airflow/example_dags/example_sla_dag.py for tasks to queue
[2024-05-23 09:56:38,995] {logging_mixin.py:115} INFO - [2024-05-23 09:56:38,995] {dagbag.py:508} INFO - Filling up the DagBag from /home/airflow/.local/lib/python3.7/site-packages/airflow/example_dags/example_sla_dag.py
[2024-05-23 09:56:39,006] {processor.py:651} INFO - DAG(s) dict_keys(['example_sla_dag']) retrieved from /home/airflow/.local/lib/python3.7/site-packages/airflow/example_dags/example_sla_dag.py
[2024-05-23 09:56:39,025] {logging_mixin.py:115} INFO - [2024-05-23 09:56:39,025] {dag.py:2420} INFO - Sync 1 DAGs
[2024-05-23 09:56:39,042] {logging_mixin.py:115} INFO - [2024-05-23 09:56:39,042] {dag.py:2972} INFO - Setting next_dagrun for example_sla_dag to 2024-05-23T09:54:00+00:00, run_after=2024-05-23T09:56:00+00:00
[2024-05-23 09:56:39,052] {processor.py:161} INFO - Processing /home/airflow/.local/lib/python3.7/site-packages/airflow/example_dags/example_sla_dag.py took 0.061 seconds
[2024-05-23 09:57:09,399] {processor.py:153} INFO - Started process (PID=4099) to work on /home/airflow/.local/lib/python3.7/site-packages/airflow/example_dags/example_sla_dag.py
[2024-05-23 09:57:09,400] {processor.py:641} INFO - Processing file /home/airflow/.local/lib/python3.7/site-packages/airflow/example_dags/example_sla_dag.py for tasks to queue
[2024-05-23 09:57:09,400] {logging_mixin.py:115} INFO - [2024-05-23 09:57:09,400] {dagbag.py:508} INFO - Filling up the DagBag from /home/airflow/.local/lib/python3.7/site-packages/airflow/example_dags/example_sla_dag.py
[2024-05-23 09:57:09,410] {processor.py:651} INFO - DAG(s) dict_keys(['example_sla_dag']) retrieved from /home/airflow/.local/lib/python3.7/site-packages/airflow/example_dags/example_sla_dag.py
[2024-05-23 09:57:09,428] {logging_mixin.py:115} INFO - [2024-05-23 09:57:09,428] {dag.py:2420} INFO - Sync 1 DAGs
[2024-05-23 09:57:09,441] {logging_mixin.py:115} INFO - [2024-05-23 09:57:09,441] {dag.py:2972} INFO - Setting next_dagrun for example_sla_dag to 2024-05-23T09:54:00+00:00, run_after=2024-05-23T09:56:00+00:00
[2024-05-23 09:57:09,449] {processor.py:161} INFO - Processing /home/airflow/.local/lib/python3.7/site-packages/airflow/example_dags/example_sla_dag.py took 0.051 seconds
[2024-05-23 09:57:39,857] {processor.py:153} INFO - Started process (PID=4161) to work on /home/airflow/.local/lib/python3.7/site-packages/airflow/example_dags/example_sla_dag.py
[2024-05-23 09:57:39,858] {processor.py:641} INFO - Processing file /home/airflow/.local/lib/python3.7/site-packages/airflow/example_dags/example_sla_dag.py for tasks to queue
[2024-05-23 09:57:39,859] {logging_mixin.py:115} INFO - [2024-05-23 09:57:39,859] {dagbag.py:508} INFO - Filling up the DagBag from /home/airflow/.local/lib/python3.7/site-packages/airflow/example_dags/example_sla_dag.py
[2024-05-23 09:57:39,870] {processor.py:651} INFO - DAG(s) dict_keys(['example_sla_dag']) retrieved from /home/airflow/.local/lib/python3.7/site-packages/airflow/example_dags/example_sla_dag.py
[2024-05-23 09:57:39,896] {logging_mixin.py:115} INFO - [2024-05-23 09:57:39,896] {dag.py:2420} INFO - Sync 1 DAGs
[2024-05-23 09:57:39,911] {logging_mixin.py:115} INFO - [2024-05-23 09:57:39,911] {dag.py:2972} INFO - Setting next_dagrun for example_sla_dag to 2024-05-23T09:54:00+00:00, run_after=2024-05-23T09:56:00+00:00
[2024-05-23 09:57:39,918] {processor.py:161} INFO - Processing /home/airflow/.local/lib/python3.7/site-packages/airflow/example_dags/example_sla_dag.py took 0.063 seconds
[2024-05-23 09:58:10,387] {processor.py:153} INFO - Started process (PID=4223) to work on /home/airflow/.local/lib/python3.7/site-packages/airflow/example_dags/example_sla_dag.py
[2024-05-23 09:58:10,388] {processor.py:641} INFO - Processing file /home/airflow/.local/lib/python3.7/site-packages/airflow/example_dags/example_sla_dag.py for tasks to queue
[2024-05-23 09:58:10,388] {logging_mixin.py:115} INFO - [2024-05-23 09:58:10,388] {dagbag.py:508} INFO - Filling up the DagBag from /home/airflow/.local/lib/python3.7/site-packages/airflow/example_dags/example_sla_dag.py
[2024-05-23 09:58:10,399] {processor.py:651} INFO - DAG(s) dict_keys(['example_sla_dag']) retrieved from /home/airflow/.local/lib/python3.7/site-packages/airflow/example_dags/example_sla_dag.py
[2024-05-23 09:58:10,417] {logging_mixin.py:115} INFO - [2024-05-23 09:58:10,417] {dag.py:2420} INFO - Sync 1 DAGs
[2024-05-23 09:58:10,431] {logging_mixin.py:115} INFO - [2024-05-23 09:58:10,431] {dag.py:2972} INFO - Setting next_dagrun for example_sla_dag to 2024-05-23T09:56:00+00:00, run_after=2024-05-23T09:58:00+00:00
[2024-05-23 09:58:10,437] {processor.py:161} INFO - Processing /home/airflow/.local/lib/python3.7/site-packages/airflow/example_dags/example_sla_dag.py took 0.052 seconds
[2024-05-23 09:58:40,823] {processor.py:153} INFO - Started process (PID=4285) to work on /home/airflow/.local/lib/python3.7/site-packages/airflow/example_dags/example_sla_dag.py
[2024-05-23 09:58:40,824] {processor.py:641} INFO - Processing file /home/airflow/.local/lib/python3.7/site-packages/airflow/example_dags/example_sla_dag.py for tasks to queue
[2024-05-23 09:58:40,825] {logging_mixin.py:115} INFO - [2024-05-23 09:58:40,825] {dagbag.py:508} INFO - Filling up the DagBag from /home/airflow/.local/lib/python3.7/site-packages/airflow/example_dags/example_sla_dag.py
[2024-05-23 09:58:40,835] {processor.py:651} INFO - DAG(s) dict_keys(['example_sla_dag']) retrieved from /home/airflow/.local/lib/python3.7/site-packages/airflow/example_dags/example_sla_dag.py
[2024-05-23 09:58:40,852] {logging_mixin.py:115} INFO - [2024-05-23 09:58:40,852] {dag.py:2420} INFO - Sync 1 DAGs
[2024-05-23 09:58:40,867] {logging_mixin.py:115} INFO - [2024-05-23 09:58:40,867] {dag.py:2972} INFO - Setting next_dagrun for example_sla_dag to 2024-05-23T09:56:00+00:00, run_after=2024-05-23T09:58:00+00:00
[2024-05-23 09:58:40,874] {processor.py:161} INFO - Processing /home/airflow/.local/lib/python3.7/site-packages/airflow/example_dags/example_sla_dag.py took 0.053 seconds
[2024-05-23 09:59:11,293] {processor.py:153} INFO - Started process (PID=4347) to work on /home/airflow/.local/lib/python3.7/site-packages/airflow/example_dags/example_sla_dag.py
[2024-05-23 09:59:11,294] {processor.py:641} INFO - Processing file /home/airflow/.local/lib/python3.7/site-packages/airflow/example_dags/example_sla_dag.py for tasks to queue
[2024-05-23 09:59:11,295] {logging_mixin.py:115} INFO - [2024-05-23 09:59:11,295] {dagbag.py:508} INFO - Filling up the DagBag from /home/airflow/.local/lib/python3.7/site-packages/airflow/example_dags/example_sla_dag.py
[2024-05-23 09:59:11,304] {processor.py:651} INFO - DAG(s) dict_keys(['example_sla_dag']) retrieved from /home/airflow/.local/lib/python3.7/site-packages/airflow/example_dags/example_sla_dag.py
[2024-05-23 09:59:11,321] {logging_mixin.py:115} INFO - [2024-05-23 09:59:11,321] {dag.py:2420} INFO - Sync 1 DAGs
[2024-05-23 09:59:11,335] {logging_mixin.py:115} INFO - [2024-05-23 09:59:11,335] {dag.py:2972} INFO - Setting next_dagrun for example_sla_dag to 2024-05-23T09:56:00+00:00, run_after=2024-05-23T09:58:00+00:00
[2024-05-23 09:59:11,342] {processor.py:161} INFO - Processing /home/airflow/.local/lib/python3.7/site-packages/airflow/example_dags/example_sla_dag.py took 0.051 seconds
[2024-05-23 09:59:41,847] {processor.py:153} INFO - Started process (PID=4400) to work on /home/airflow/.local/lib/python3.7/site-packages/airflow/example_dags/example_sla_dag.py
[2024-05-23 09:59:41,847] {processor.py:641} INFO - Processing file /home/airflow/.local/lib/python3.7/site-packages/airflow/example_dags/example_sla_dag.py for tasks to queue
[2024-05-23 09:59:41,848] {logging_mixin.py:115} INFO - [2024-05-23 09:59:41,848] {dagbag.py:508} INFO - Filling up the DagBag from /home/airflow/.local/lib/python3.7/site-packages/airflow/example_dags/example_sla_dag.py
[2024-05-23 09:59:41,859] {processor.py:651} INFO - DAG(s) dict_keys(['example_sla_dag']) retrieved from /home/airflow/.local/lib/python3.7/site-packages/airflow/example_dags/example_sla_dag.py
[2024-05-23 09:59:41,876] {logging_mixin.py:115} INFO - [2024-05-23 09:59:41,876] {dag.py:2420} INFO - Sync 1 DAGs
[2024-05-23 09:59:41,891] {logging_mixin.py:115} INFO - [2024-05-23 09:59:41,891] {dag.py:2972} INFO - Setting next_dagrun for example_sla_dag to 2024-05-23T09:56:00+00:00, run_after=2024-05-23T09:58:00+00:00
[2024-05-23 09:59:41,897] {processor.py:161} INFO - Processing /home/airflow/.local/lib/python3.7/site-packages/airflow/example_dags/example_sla_dag.py took 0.053 seconds
[2024-05-23 10:00:12,213] {processor.py:153} INFO - Started process (PID=4462) to work on /home/airflow/.local/lib/python3.7/site-packages/airflow/example_dags/example_sla_dag.py
[2024-05-23 10:00:12,214] {processor.py:641} INFO - Processing file /home/airflow/.local/lib/python3.7/site-packages/airflow/example_dags/example_sla_dag.py for tasks to queue
[2024-05-23 10:00:12,214] {logging_mixin.py:115} INFO - [2024-05-23 10:00:12,214] {dagbag.py:508} INFO - Filling up the DagBag from /home/airflow/.local/lib/python3.7/site-packages/airflow/example_dags/example_sla_dag.py
[2024-05-23 10:00:12,224] {processor.py:651} INFO - DAG(s) dict_keys(['example_sla_dag']) retrieved from /home/airflow/.local/lib/python3.7/site-packages/airflow/example_dags/example_sla_dag.py
[2024-05-23 10:00:12,242] {logging_mixin.py:115} INFO - [2024-05-23 10:00:12,242] {dag.py:2420} INFO - Sync 1 DAGs
[2024-05-23 10:00:12,256] {logging_mixin.py:115} INFO - [2024-05-23 10:00:12,256] {dag.py:2972} INFO - Setting next_dagrun for example_sla_dag to 2024-05-23T09:58:00+00:00, run_after=2024-05-23T10:00:00+00:00
[2024-05-23 10:00:12,262] {processor.py:161} INFO - Processing /home/airflow/.local/lib/python3.7/site-packages/airflow/example_dags/example_sla_dag.py took 0.052 seconds
