[2024-05-23 09:23:09,157] {processor.py:153} INFO - Started process (PID=70) to work on /home/airflow/.local/lib/python3.7/site-packages/airflow/example_dags/example_skip_dag.py
[2024-05-23 09:23:09,159] {processor.py:641} INFO - Processing file /home/airflow/.local/lib/python3.7/site-packages/airflow/example_dags/example_skip_dag.py for tasks to queue
[2024-05-23 09:23:09,167] {logging_mixin.py:115} INFO - [2024-05-23 09:23:09,167] {dagbag.py:508} INFO - Filling up the DagBag from /home/airflow/.local/lib/python3.7/site-packages/airflow/example_dags/example_skip_dag.py
[2024-05-23 09:23:09,197] {processor.py:651} INFO - DAG(s) dict_keys(['example_skip_dag']) retrieved from /home/airflow/.local/lib/python3.7/site-packages/airflow/example_dags/example_skip_dag.py
[2024-05-23 09:23:09,285] {logging_mixin.py:115} INFO - [2024-05-23 09:23:09,284] {manager.py:508} INFO - Created Permission View: can edit on DAG:example_skip_dag
[2024-05-23 09:23:09,292] {logging_mixin.py:115} INFO - [2024-05-23 09:23:09,291] {manager.py:508} INFO - Created Permission View: can read on DAG:example_skip_dag
[2024-05-23 09:23:09,300] {logging_mixin.py:115} INFO - [2024-05-23 09:23:09,300] {manager.py:508} INFO - Created Permission View: can delete on DAG:example_skip_dag
[2024-05-23 09:23:09,302] {logging_mixin.py:115} INFO - [2024-05-23 09:23:09,301] {dag.py:2420} INFO - Sync 1 DAGs
[2024-05-23 09:23:09,317] {logging_mixin.py:115} INFO - [2024-05-23 09:23:09,317] {dag.py:2439} INFO - Creating ORM DAG for example_skip_dag
[2024-05-23 09:23:09,327] {logging_mixin.py:115} INFO - [2024-05-23 09:23:09,327] {dag.py:2972} INFO - Setting next_dagrun for example_skip_dag to 2024-05-22T09:23:09.326712+00:00, run_after=2024-05-23T09:23:09.326712+00:00
[2024-05-23 09:23:09,341] {processor.py:161} INFO - Processing /home/airflow/.local/lib/python3.7/site-packages/airflow/example_dags/example_skip_dag.py took 0.187 seconds
[2024-05-23 09:23:39,832] {processor.py:153} INFO - Started process (PID=131) to work on /home/airflow/.local/lib/python3.7/site-packages/airflow/example_dags/example_skip_dag.py
[2024-05-23 09:23:39,833] {processor.py:641} INFO - Processing file /home/airflow/.local/lib/python3.7/site-packages/airflow/example_dags/example_skip_dag.py for tasks to queue
[2024-05-23 09:23:39,833] {logging_mixin.py:115} INFO - [2024-05-23 09:23:39,833] {dagbag.py:508} INFO - Filling up the DagBag from /home/airflow/.local/lib/python3.7/site-packages/airflow/example_dags/example_skip_dag.py
[2024-05-23 09:23:39,837] {processor.py:651} INFO - DAG(s) dict_keys(['example_skip_dag']) retrieved from /home/airflow/.local/lib/python3.7/site-packages/airflow/example_dags/example_skip_dag.py
[2024-05-23 09:23:39,857] {logging_mixin.py:115} INFO - [2024-05-23 09:23:39,857] {dag.py:2420} INFO - Sync 1 DAGs
[2024-05-23 09:23:39,870] {logging_mixin.py:115} INFO - [2024-05-23 09:23:39,870] {dag.py:2972} INFO - Setting next_dagrun for example_skip_dag to 2024-05-22T09:23:39.870018+00:00, run_after=2024-05-23T09:23:39.870018+00:00
[2024-05-23 09:23:39,878] {processor.py:161} INFO - Processing /home/airflow/.local/lib/python3.7/site-packages/airflow/example_dags/example_skip_dag.py took 0.048 seconds
[2024-05-23 09:24:10,274] {processor.py:153} INFO - Started process (PID=192) to work on /home/airflow/.local/lib/python3.7/site-packages/airflow/example_dags/example_skip_dag.py
[2024-05-23 09:24:10,275] {processor.py:641} INFO - Processing file /home/airflow/.local/lib/python3.7/site-packages/airflow/example_dags/example_skip_dag.py for tasks to queue
[2024-05-23 09:24:10,276] {logging_mixin.py:115} INFO - [2024-05-23 09:24:10,276] {dagbag.py:508} INFO - Filling up the DagBag from /home/airflow/.local/lib/python3.7/site-packages/airflow/example_dags/example_skip_dag.py
[2024-05-23 09:24:10,279] {processor.py:651} INFO - DAG(s) dict_keys(['example_skip_dag']) retrieved from /home/airflow/.local/lib/python3.7/site-packages/airflow/example_dags/example_skip_dag.py
[2024-05-23 09:24:10,298] {logging_mixin.py:115} INFO - [2024-05-23 09:24:10,298] {dag.py:2420} INFO - Sync 1 DAGs
[2024-05-23 09:24:10,310] {logging_mixin.py:115} INFO - [2024-05-23 09:24:10,310] {dag.py:2972} INFO - Setting next_dagrun for example_skip_dag to 2024-05-22T09:24:10.310079+00:00, run_after=2024-05-23T09:24:10.310079+00:00
[2024-05-23 09:24:10,317] {processor.py:161} INFO - Processing /home/airflow/.local/lib/python3.7/site-packages/airflow/example_dags/example_skip_dag.py took 0.045 seconds
[2024-05-23 09:24:40,730] {processor.py:153} INFO - Started process (PID=254) to work on /home/airflow/.local/lib/python3.7/site-packages/airflow/example_dags/example_skip_dag.py
[2024-05-23 09:24:40,731] {processor.py:641} INFO - Processing file /home/airflow/.local/lib/python3.7/site-packages/airflow/example_dags/example_skip_dag.py for tasks to queue
[2024-05-23 09:24:40,732] {logging_mixin.py:115} INFO - [2024-05-23 09:24:40,732] {dagbag.py:508} INFO - Filling up the DagBag from /home/airflow/.local/lib/python3.7/site-packages/airflow/example_dags/example_skip_dag.py
[2024-05-23 09:24:40,735] {processor.py:651} INFO - DAG(s) dict_keys(['example_skip_dag']) retrieved from /home/airflow/.local/lib/python3.7/site-packages/airflow/example_dags/example_skip_dag.py
[2024-05-23 09:24:40,753] {logging_mixin.py:115} INFO - [2024-05-23 09:24:40,753] {dag.py:2420} INFO - Sync 1 DAGs
[2024-05-23 09:24:40,766] {logging_mixin.py:115} INFO - [2024-05-23 09:24:40,766] {dag.py:2972} INFO - Setting next_dagrun for example_skip_dag to 2024-05-22T09:24:40.765973+00:00, run_after=2024-05-23T09:24:40.765973+00:00
[2024-05-23 09:24:40,773] {processor.py:161} INFO - Processing /home/airflow/.local/lib/python3.7/site-packages/airflow/example_dags/example_skip_dag.py took 0.044 seconds
[2024-05-23 09:25:11,237] {processor.py:153} INFO - Started process (PID=314) to work on /home/airflow/.local/lib/python3.7/site-packages/airflow/example_dags/example_skip_dag.py
[2024-05-23 09:25:11,238] {processor.py:641} INFO - Processing file /home/airflow/.local/lib/python3.7/site-packages/airflow/example_dags/example_skip_dag.py for tasks to queue
[2024-05-23 09:25:11,239] {logging_mixin.py:115} INFO - [2024-05-23 09:25:11,239] {dagbag.py:508} INFO - Filling up the DagBag from /home/airflow/.local/lib/python3.7/site-packages/airflow/example_dags/example_skip_dag.py
[2024-05-23 09:25:11,242] {processor.py:651} INFO - DAG(s) dict_keys(['example_skip_dag']) retrieved from /home/airflow/.local/lib/python3.7/site-packages/airflow/example_dags/example_skip_dag.py
[2024-05-23 09:25:11,262] {logging_mixin.py:115} INFO - [2024-05-23 09:25:11,261] {dag.py:2420} INFO - Sync 1 DAGs
[2024-05-23 09:25:11,273] {logging_mixin.py:115} INFO - [2024-05-23 09:25:11,273] {dag.py:2972} INFO - Setting next_dagrun for example_skip_dag to 2024-05-22T09:25:11.273327+00:00, run_after=2024-05-23T09:25:11.273327+00:00
[2024-05-23 09:25:11,280] {processor.py:161} INFO - Processing /home/airflow/.local/lib/python3.7/site-packages/airflow/example_dags/example_skip_dag.py took 0.045 seconds
[2024-05-23 09:25:41,682] {processor.py:153} INFO - Started process (PID=366) to work on /home/airflow/.local/lib/python3.7/site-packages/airflow/example_dags/example_skip_dag.py
[2024-05-23 09:25:41,683] {processor.py:641} INFO - Processing file /home/airflow/.local/lib/python3.7/site-packages/airflow/example_dags/example_skip_dag.py for tasks to queue
[2024-05-23 09:25:41,683] {logging_mixin.py:115} INFO - [2024-05-23 09:25:41,683] {dagbag.py:508} INFO - Filling up the DagBag from /home/airflow/.local/lib/python3.7/site-packages/airflow/example_dags/example_skip_dag.py
[2024-05-23 09:25:41,687] {processor.py:651} INFO - DAG(s) dict_keys(['example_skip_dag']) retrieved from /home/airflow/.local/lib/python3.7/site-packages/airflow/example_dags/example_skip_dag.py
[2024-05-23 09:25:41,705] {logging_mixin.py:115} INFO - [2024-05-23 09:25:41,705] {dag.py:2420} INFO - Sync 1 DAGs
[2024-05-23 09:25:41,717] {logging_mixin.py:115} INFO - [2024-05-23 09:25:41,717] {dag.py:2972} INFO - Setting next_dagrun for example_skip_dag to 2024-05-22T09:25:41.716921+00:00, run_after=2024-05-23T09:25:41.716921+00:00
[2024-05-23 09:25:41,725] {processor.py:161} INFO - Processing /home/airflow/.local/lib/python3.7/site-packages/airflow/example_dags/example_skip_dag.py took 0.045 seconds
[2024-05-23 09:26:12,152] {processor.py:153} INFO - Started process (PID=427) to work on /home/airflow/.local/lib/python3.7/site-packages/airflow/example_dags/example_skip_dag.py
[2024-05-23 09:26:12,153] {processor.py:641} INFO - Processing file /home/airflow/.local/lib/python3.7/site-packages/airflow/example_dags/example_skip_dag.py for tasks to queue
[2024-05-23 09:26:12,154] {logging_mixin.py:115} INFO - [2024-05-23 09:26:12,154] {dagbag.py:508} INFO - Filling up the DagBag from /home/airflow/.local/lib/python3.7/site-packages/airflow/example_dags/example_skip_dag.py
[2024-05-23 09:26:12,157] {processor.py:651} INFO - DAG(s) dict_keys(['example_skip_dag']) retrieved from /home/airflow/.local/lib/python3.7/site-packages/airflow/example_dags/example_skip_dag.py
[2024-05-23 09:26:12,176] {logging_mixin.py:115} INFO - [2024-05-23 09:26:12,176] {dag.py:2420} INFO - Sync 1 DAGs
[2024-05-23 09:26:12,188] {logging_mixin.py:115} INFO - [2024-05-23 09:26:12,188] {dag.py:2972} INFO - Setting next_dagrun for example_skip_dag to 2024-05-22T09:26:12.188273+00:00, run_after=2024-05-23T09:26:12.188273+00:00
[2024-05-23 09:26:12,195] {processor.py:161} INFO - Processing /home/airflow/.local/lib/python3.7/site-packages/airflow/example_dags/example_skip_dag.py took 0.045 seconds
[2024-05-23 09:26:42,664] {processor.py:153} INFO - Started process (PID=489) to work on /home/airflow/.local/lib/python3.7/site-packages/airflow/example_dags/example_skip_dag.py
[2024-05-23 09:26:42,665] {processor.py:641} INFO - Processing file /home/airflow/.local/lib/python3.7/site-packages/airflow/example_dags/example_skip_dag.py for tasks to queue
[2024-05-23 09:26:42,666] {logging_mixin.py:115} INFO - [2024-05-23 09:26:42,665] {dagbag.py:508} INFO - Filling up the DagBag from /home/airflow/.local/lib/python3.7/site-packages/airflow/example_dags/example_skip_dag.py
[2024-05-23 09:26:42,669] {processor.py:651} INFO - DAG(s) dict_keys(['example_skip_dag']) retrieved from /home/airflow/.local/lib/python3.7/site-packages/airflow/example_dags/example_skip_dag.py
[2024-05-23 09:26:42,688] {logging_mixin.py:115} INFO - [2024-05-23 09:26:42,688] {dag.py:2420} INFO - Sync 1 DAGs
[2024-05-23 09:26:42,701] {logging_mixin.py:115} INFO - [2024-05-23 09:26:42,701] {dag.py:2972} INFO - Setting next_dagrun for example_skip_dag to 2024-05-22T09:26:42.701348+00:00, run_after=2024-05-23T09:26:42.701348+00:00
[2024-05-23 09:26:42,708] {processor.py:161} INFO - Processing /home/airflow/.local/lib/python3.7/site-packages/airflow/example_dags/example_skip_dag.py took 0.046 seconds
[2024-05-23 09:27:13,058] {processor.py:153} INFO - Started process (PID=550) to work on /home/airflow/.local/lib/python3.7/site-packages/airflow/example_dags/example_skip_dag.py
[2024-05-23 09:27:13,059] {processor.py:641} INFO - Processing file /home/airflow/.local/lib/python3.7/site-packages/airflow/example_dags/example_skip_dag.py for tasks to queue
[2024-05-23 09:27:13,060] {logging_mixin.py:115} INFO - [2024-05-23 09:27:13,060] {dagbag.py:508} INFO - Filling up the DagBag from /home/airflow/.local/lib/python3.7/site-packages/airflow/example_dags/example_skip_dag.py
[2024-05-23 09:27:13,063] {processor.py:651} INFO - DAG(s) dict_keys(['example_skip_dag']) retrieved from /home/airflow/.local/lib/python3.7/site-packages/airflow/example_dags/example_skip_dag.py
[2024-05-23 09:27:13,080] {logging_mixin.py:115} INFO - [2024-05-23 09:27:13,080] {dag.py:2420} INFO - Sync 1 DAGs
[2024-05-23 09:27:13,093] {logging_mixin.py:115} INFO - [2024-05-23 09:27:13,093] {dag.py:2972} INFO - Setting next_dagrun for example_skip_dag to 2024-05-22T09:27:13.093129+00:00, run_after=2024-05-23T09:27:13.093129+00:00
[2024-05-23 09:27:13,100] {processor.py:161} INFO - Processing /home/airflow/.local/lib/python3.7/site-packages/airflow/example_dags/example_skip_dag.py took 0.044 seconds
[2024-05-23 09:27:43,432] {processor.py:153} INFO - Started process (PID=611) to work on /home/airflow/.local/lib/python3.7/site-packages/airflow/example_dags/example_skip_dag.py
[2024-05-23 09:27:43,433] {processor.py:641} INFO - Processing file /home/airflow/.local/lib/python3.7/site-packages/airflow/example_dags/example_skip_dag.py for tasks to queue
[2024-05-23 09:27:43,433] {logging_mixin.py:115} INFO - [2024-05-23 09:27:43,433] {dagbag.py:508} INFO - Filling up the DagBag from /home/airflow/.local/lib/python3.7/site-packages/airflow/example_dags/example_skip_dag.py
[2024-05-23 09:27:43,437] {processor.py:651} INFO - DAG(s) dict_keys(['example_skip_dag']) retrieved from /home/airflow/.local/lib/python3.7/site-packages/airflow/example_dags/example_skip_dag.py
[2024-05-23 09:27:43,455] {logging_mixin.py:115} INFO - [2024-05-23 09:27:43,455] {dag.py:2420} INFO - Sync 1 DAGs
[2024-05-23 09:27:43,467] {logging_mixin.py:115} INFO - [2024-05-23 09:27:43,467] {dag.py:2972} INFO - Setting next_dagrun for example_skip_dag to 2024-05-22T09:27:43.467487+00:00, run_after=2024-05-23T09:27:43.467487+00:00
[2024-05-23 09:27:43,474] {processor.py:161} INFO - Processing /home/airflow/.local/lib/python3.7/site-packages/airflow/example_dags/example_skip_dag.py took 0.044 seconds
[2024-05-23 09:28:13,907] {processor.py:153} INFO - Started process (PID=672) to work on /home/airflow/.local/lib/python3.7/site-packages/airflow/example_dags/example_skip_dag.py
[2024-05-23 09:28:13,908] {processor.py:641} INFO - Processing file /home/airflow/.local/lib/python3.7/site-packages/airflow/example_dags/example_skip_dag.py for tasks to queue
[2024-05-23 09:28:13,908] {logging_mixin.py:115} INFO - [2024-05-23 09:28:13,908] {dagbag.py:508} INFO - Filling up the DagBag from /home/airflow/.local/lib/python3.7/site-packages/airflow/example_dags/example_skip_dag.py
[2024-05-23 09:28:13,912] {processor.py:651} INFO - DAG(s) dict_keys(['example_skip_dag']) retrieved from /home/airflow/.local/lib/python3.7/site-packages/airflow/example_dags/example_skip_dag.py
[2024-05-23 09:28:13,931] {logging_mixin.py:115} INFO - [2024-05-23 09:28:13,931] {dag.py:2420} INFO - Sync 1 DAGs
[2024-05-23 09:28:13,944] {logging_mixin.py:115} INFO - [2024-05-23 09:28:13,944] {dag.py:2972} INFO - Setting next_dagrun for example_skip_dag to 2024-05-22T09:28:13.944635+00:00, run_after=2024-05-23T09:28:13.944635+00:00
[2024-05-23 09:28:13,952] {processor.py:161} INFO - Processing /home/airflow/.local/lib/python3.7/site-packages/airflow/example_dags/example_skip_dag.py took 0.047 seconds
[2024-05-23 09:28:44,261] {processor.py:153} INFO - Started process (PID=725) to work on /home/airflow/.local/lib/python3.7/site-packages/airflow/example_dags/example_skip_dag.py
[2024-05-23 09:28:44,261] {processor.py:641} INFO - Processing file /home/airflow/.local/lib/python3.7/site-packages/airflow/example_dags/example_skip_dag.py for tasks to queue
[2024-05-23 09:28:44,262] {logging_mixin.py:115} INFO - [2024-05-23 09:28:44,262] {dagbag.py:508} INFO - Filling up the DagBag from /home/airflow/.local/lib/python3.7/site-packages/airflow/example_dags/example_skip_dag.py
[2024-05-23 09:28:44,265] {processor.py:651} INFO - DAG(s) dict_keys(['example_skip_dag']) retrieved from /home/airflow/.local/lib/python3.7/site-packages/airflow/example_dags/example_skip_dag.py
[2024-05-23 09:28:44,283] {logging_mixin.py:115} INFO - [2024-05-23 09:28:44,283] {dag.py:2420} INFO - Sync 1 DAGs
[2024-05-23 09:28:44,295] {logging_mixin.py:115} INFO - [2024-05-23 09:28:44,295] {dag.py:2972} INFO - Setting next_dagrun for example_skip_dag to 2024-05-22T09:28:44.295420+00:00, run_after=2024-05-23T09:28:44.295420+00:00
[2024-05-23 09:28:44,302] {processor.py:161} INFO - Processing /home/airflow/.local/lib/python3.7/site-packages/airflow/example_dags/example_skip_dag.py took 0.043 seconds
[2024-05-23 09:29:14,723] {processor.py:153} INFO - Started process (PID=787) to work on /home/airflow/.local/lib/python3.7/site-packages/airflow/example_dags/example_skip_dag.py
[2024-05-23 09:29:14,724] {processor.py:641} INFO - Processing file /home/airflow/.local/lib/python3.7/site-packages/airflow/example_dags/example_skip_dag.py for tasks to queue
[2024-05-23 09:29:14,725] {logging_mixin.py:115} INFO - [2024-05-23 09:29:14,725] {dagbag.py:508} INFO - Filling up the DagBag from /home/airflow/.local/lib/python3.7/site-packages/airflow/example_dags/example_skip_dag.py
[2024-05-23 09:29:14,728] {processor.py:651} INFO - DAG(s) dict_keys(['example_skip_dag']) retrieved from /home/airflow/.local/lib/python3.7/site-packages/airflow/example_dags/example_skip_dag.py
[2024-05-23 09:29:14,748] {logging_mixin.py:115} INFO - [2024-05-23 09:29:14,747] {dag.py:2420} INFO - Sync 1 DAGs
[2024-05-23 09:29:14,759] {logging_mixin.py:115} INFO - [2024-05-23 09:29:14,759] {dag.py:2972} INFO - Setting next_dagrun for example_skip_dag to 2024-05-22T09:29:14.759517+00:00, run_after=2024-05-23T09:29:14.759517+00:00
[2024-05-23 09:29:14,767] {processor.py:161} INFO - Processing /home/airflow/.local/lib/python3.7/site-packages/airflow/example_dags/example_skip_dag.py took 0.046 seconds
[2024-05-23 09:29:45,074] {processor.py:153} INFO - Started process (PID=849) to work on /home/airflow/.local/lib/python3.7/site-packages/airflow/example_dags/example_skip_dag.py
[2024-05-23 09:29:45,076] {processor.py:641} INFO - Processing file /home/airflow/.local/lib/python3.7/site-packages/airflow/example_dags/example_skip_dag.py for tasks to queue
[2024-05-23 09:29:45,076] {logging_mixin.py:115} INFO - [2024-05-23 09:29:45,076] {dagbag.py:508} INFO - Filling up the DagBag from /home/airflow/.local/lib/python3.7/site-packages/airflow/example_dags/example_skip_dag.py
[2024-05-23 09:29:45,080] {processor.py:651} INFO - DAG(s) dict_keys(['example_skip_dag']) retrieved from /home/airflow/.local/lib/python3.7/site-packages/airflow/example_dags/example_skip_dag.py
[2024-05-23 09:29:45,101] {logging_mixin.py:115} INFO - [2024-05-23 09:29:45,100] {dag.py:2420} INFO - Sync 1 DAGs
[2024-05-23 09:29:45,113] {logging_mixin.py:115} INFO - [2024-05-23 09:29:45,113] {dag.py:2972} INFO - Setting next_dagrun for example_skip_dag to 2024-05-22T09:29:45.113602+00:00, run_after=2024-05-23T09:29:45.113602+00:00
[2024-05-23 09:29:45,121] {processor.py:161} INFO - Processing /home/airflow/.local/lib/python3.7/site-packages/airflow/example_dags/example_skip_dag.py took 0.049 seconds
[2024-05-23 09:30:15,496] {processor.py:153} INFO - Started process (PID=911) to work on /home/airflow/.local/lib/python3.7/site-packages/airflow/example_dags/example_skip_dag.py
[2024-05-23 09:30:15,497] {processor.py:641} INFO - Processing file /home/airflow/.local/lib/python3.7/site-packages/airflow/example_dags/example_skip_dag.py for tasks to queue
[2024-05-23 09:30:15,498] {logging_mixin.py:115} INFO - [2024-05-23 09:30:15,497] {dagbag.py:508} INFO - Filling up the DagBag from /home/airflow/.local/lib/python3.7/site-packages/airflow/example_dags/example_skip_dag.py
[2024-05-23 09:30:15,501] {processor.py:651} INFO - DAG(s) dict_keys(['example_skip_dag']) retrieved from /home/airflow/.local/lib/python3.7/site-packages/airflow/example_dags/example_skip_dag.py
[2024-05-23 09:30:15,521] {logging_mixin.py:115} INFO - [2024-05-23 09:30:15,521] {dag.py:2420} INFO - Sync 1 DAGs
[2024-05-23 09:30:15,533] {logging_mixin.py:115} INFO - [2024-05-23 09:30:15,533] {dag.py:2972} INFO - Setting next_dagrun for example_skip_dag to 2024-05-22T09:30:15.533675+00:00, run_after=2024-05-23T09:30:15.533675+00:00
[2024-05-23 09:30:15,541] {processor.py:161} INFO - Processing /home/airflow/.local/lib/python3.7/site-packages/airflow/example_dags/example_skip_dag.py took 0.047 seconds
[2024-05-23 09:30:45,924] {processor.py:153} INFO - Started process (PID=973) to work on /home/airflow/.local/lib/python3.7/site-packages/airflow/example_dags/example_skip_dag.py
[2024-05-23 09:30:45,925] {processor.py:641} INFO - Processing file /home/airflow/.local/lib/python3.7/site-packages/airflow/example_dags/example_skip_dag.py for tasks to queue
[2024-05-23 09:30:45,926] {logging_mixin.py:115} INFO - [2024-05-23 09:30:45,926] {dagbag.py:508} INFO - Filling up the DagBag from /home/airflow/.local/lib/python3.7/site-packages/airflow/example_dags/example_skip_dag.py
[2024-05-23 09:30:45,929] {processor.py:651} INFO - DAG(s) dict_keys(['example_skip_dag']) retrieved from /home/airflow/.local/lib/python3.7/site-packages/airflow/example_dags/example_skip_dag.py
[2024-05-23 09:30:45,947] {logging_mixin.py:115} INFO - [2024-05-23 09:30:45,947] {dag.py:2420} INFO - Sync 1 DAGs
[2024-05-23 09:30:45,960] {logging_mixin.py:115} INFO - [2024-05-23 09:30:45,960] {dag.py:2972} INFO - Setting next_dagrun for example_skip_dag to 2024-05-22T09:30:45.959851+00:00, run_after=2024-05-23T09:30:45.959851+00:00
[2024-05-23 09:30:45,968] {processor.py:161} INFO - Processing /home/airflow/.local/lib/python3.7/site-packages/airflow/example_dags/example_skip_dag.py took 0.046 seconds
[2024-05-23 09:31:16,321] {processor.py:153} INFO - Started process (PID=1025) to work on /home/airflow/.local/lib/python3.7/site-packages/airflow/example_dags/example_skip_dag.py
[2024-05-23 09:31:16,322] {processor.py:641} INFO - Processing file /home/airflow/.local/lib/python3.7/site-packages/airflow/example_dags/example_skip_dag.py for tasks to queue
[2024-05-23 09:31:16,322] {logging_mixin.py:115} INFO - [2024-05-23 09:31:16,322] {dagbag.py:508} INFO - Filling up the DagBag from /home/airflow/.local/lib/python3.7/site-packages/airflow/example_dags/example_skip_dag.py
[2024-05-23 09:31:16,326] {processor.py:651} INFO - DAG(s) dict_keys(['example_skip_dag']) retrieved from /home/airflow/.local/lib/python3.7/site-packages/airflow/example_dags/example_skip_dag.py
[2024-05-23 09:31:16,345] {logging_mixin.py:115} INFO - [2024-05-23 09:31:16,345] {dag.py:2420} INFO - Sync 1 DAGs
[2024-05-23 09:31:16,357] {logging_mixin.py:115} INFO - [2024-05-23 09:31:16,357] {dag.py:2972} INFO - Setting next_dagrun for example_skip_dag to 2024-05-22T09:31:16.357075+00:00, run_after=2024-05-23T09:31:16.357075+00:00
[2024-05-23 09:31:16,364] {processor.py:161} INFO - Processing /home/airflow/.local/lib/python3.7/site-packages/airflow/example_dags/example_skip_dag.py took 0.045 seconds
[2024-05-23 09:31:46,913] {processor.py:153} INFO - Started process (PID=1088) to work on /home/airflow/.local/lib/python3.7/site-packages/airflow/example_dags/example_skip_dag.py
[2024-05-23 09:31:46,915] {processor.py:641} INFO - Processing file /home/airflow/.local/lib/python3.7/site-packages/airflow/example_dags/example_skip_dag.py for tasks to queue
[2024-05-23 09:31:46,915] {logging_mixin.py:115} INFO - [2024-05-23 09:31:46,915] {dagbag.py:508} INFO - Filling up the DagBag from /home/airflow/.local/lib/python3.7/site-packages/airflow/example_dags/example_skip_dag.py
[2024-05-23 09:31:46,919] {processor.py:651} INFO - DAG(s) dict_keys(['example_skip_dag']) retrieved from /home/airflow/.local/lib/python3.7/site-packages/airflow/example_dags/example_skip_dag.py
[2024-05-23 09:31:46,940] {logging_mixin.py:115} INFO - [2024-05-23 09:31:46,940] {dag.py:2420} INFO - Sync 1 DAGs
[2024-05-23 09:31:46,956] {logging_mixin.py:115} INFO - [2024-05-23 09:31:46,956] {dag.py:2972} INFO - Setting next_dagrun for example_skip_dag to 2024-05-22T09:31:46.956484+00:00, run_after=2024-05-23T09:31:46.956484+00:00
[2024-05-23 09:31:46,965] {processor.py:161} INFO - Processing /home/airflow/.local/lib/python3.7/site-packages/airflow/example_dags/example_skip_dag.py took 0.054 seconds
[2024-05-23 09:32:17,253] {processor.py:153} INFO - Started process (PID=1150) to work on /home/airflow/.local/lib/python3.7/site-packages/airflow/example_dags/example_skip_dag.py
[2024-05-23 09:32:17,254] {processor.py:641} INFO - Processing file /home/airflow/.local/lib/python3.7/site-packages/airflow/example_dags/example_skip_dag.py for tasks to queue
[2024-05-23 09:32:17,255] {logging_mixin.py:115} INFO - [2024-05-23 09:32:17,255] {dagbag.py:508} INFO - Filling up the DagBag from /home/airflow/.local/lib/python3.7/site-packages/airflow/example_dags/example_skip_dag.py
[2024-05-23 09:32:17,258] {processor.py:651} INFO - DAG(s) dict_keys(['example_skip_dag']) retrieved from /home/airflow/.local/lib/python3.7/site-packages/airflow/example_dags/example_skip_dag.py
[2024-05-23 09:32:17,277] {logging_mixin.py:115} INFO - [2024-05-23 09:32:17,277] {dag.py:2420} INFO - Sync 1 DAGs
[2024-05-23 09:32:17,290] {logging_mixin.py:115} INFO - [2024-05-23 09:32:17,290] {dag.py:2972} INFO - Setting next_dagrun for example_skip_dag to 2024-05-22T09:32:17.289947+00:00, run_after=2024-05-23T09:32:17.289947+00:00
[2024-05-23 09:32:17,297] {processor.py:161} INFO - Processing /home/airflow/.local/lib/python3.7/site-packages/airflow/example_dags/example_skip_dag.py took 0.046 seconds
[2024-05-23 09:32:47,719] {processor.py:153} INFO - Started process (PID=1212) to work on /home/airflow/.local/lib/python3.7/site-packages/airflow/example_dags/example_skip_dag.py
[2024-05-23 09:32:47,720] {processor.py:641} INFO - Processing file /home/airflow/.local/lib/python3.7/site-packages/airflow/example_dags/example_skip_dag.py for tasks to queue
[2024-05-23 09:32:47,721] {logging_mixin.py:115} INFO - [2024-05-23 09:32:47,721] {dagbag.py:508} INFO - Filling up the DagBag from /home/airflow/.local/lib/python3.7/site-packages/airflow/example_dags/example_skip_dag.py
[2024-05-23 09:32:47,725] {processor.py:651} INFO - DAG(s) dict_keys(['example_skip_dag']) retrieved from /home/airflow/.local/lib/python3.7/site-packages/airflow/example_dags/example_skip_dag.py
[2024-05-23 09:32:47,744] {logging_mixin.py:115} INFO - [2024-05-23 09:32:47,744] {dag.py:2420} INFO - Sync 1 DAGs
[2024-05-23 09:32:47,756] {logging_mixin.py:115} INFO - [2024-05-23 09:32:47,756] {dag.py:2972} INFO - Setting next_dagrun for example_skip_dag to 2024-05-22T09:32:47.756401+00:00, run_after=2024-05-23T09:32:47.756401+00:00
[2024-05-23 09:32:47,763] {processor.py:161} INFO - Processing /home/airflow/.local/lib/python3.7/site-packages/airflow/example_dags/example_skip_dag.py took 0.046 seconds
[2024-05-23 09:33:18,310] {processor.py:153} INFO - Started process (PID=1274) to work on /home/airflow/.local/lib/python3.7/site-packages/airflow/example_dags/example_skip_dag.py
[2024-05-23 09:33:18,311] {processor.py:641} INFO - Processing file /home/airflow/.local/lib/python3.7/site-packages/airflow/example_dags/example_skip_dag.py for tasks to queue
[2024-05-23 09:33:18,312] {logging_mixin.py:115} INFO - [2024-05-23 09:33:18,312] {dagbag.py:508} INFO - Filling up the DagBag from /home/airflow/.local/lib/python3.7/site-packages/airflow/example_dags/example_skip_dag.py
[2024-05-23 09:33:18,315] {processor.py:651} INFO - DAG(s) dict_keys(['example_skip_dag']) retrieved from /home/airflow/.local/lib/python3.7/site-packages/airflow/example_dags/example_skip_dag.py
[2024-05-23 09:33:18,336] {logging_mixin.py:115} INFO - [2024-05-23 09:33:18,336] {dag.py:2420} INFO - Sync 1 DAGs
[2024-05-23 09:33:18,350] {logging_mixin.py:115} INFO - [2024-05-23 09:33:18,350] {dag.py:2972} INFO - Setting next_dagrun for example_skip_dag to 2024-05-22T09:33:18.349880+00:00, run_after=2024-05-23T09:33:18.349880+00:00
[2024-05-23 09:33:18,358] {processor.py:161} INFO - Processing /home/airflow/.local/lib/python3.7/site-packages/airflow/example_dags/example_skip_dag.py took 0.050 seconds
[2024-05-23 09:33:48,803] {processor.py:153} INFO - Started process (PID=1336) to work on /home/airflow/.local/lib/python3.7/site-packages/airflow/example_dags/example_skip_dag.py
[2024-05-23 09:33:48,804] {processor.py:641} INFO - Processing file /home/airflow/.local/lib/python3.7/site-packages/airflow/example_dags/example_skip_dag.py for tasks to queue
[2024-05-23 09:33:48,805] {logging_mixin.py:115} INFO - [2024-05-23 09:33:48,805] {dagbag.py:508} INFO - Filling up the DagBag from /home/airflow/.local/lib/python3.7/site-packages/airflow/example_dags/example_skip_dag.py
[2024-05-23 09:33:48,809] {processor.py:651} INFO - DAG(s) dict_keys(['example_skip_dag']) retrieved from /home/airflow/.local/lib/python3.7/site-packages/airflow/example_dags/example_skip_dag.py
[2024-05-23 09:33:48,829] {logging_mixin.py:115} INFO - [2024-05-23 09:33:48,829] {dag.py:2420} INFO - Sync 1 DAGs
[2024-05-23 09:33:48,843] {logging_mixin.py:115} INFO - [2024-05-23 09:33:48,843] {dag.py:2972} INFO - Setting next_dagrun for example_skip_dag to 2024-05-22T09:33:48.843207+00:00, run_after=2024-05-23T09:33:48.843207+00:00
[2024-05-23 09:33:48,851] {processor.py:161} INFO - Processing /home/airflow/.local/lib/python3.7/site-packages/airflow/example_dags/example_skip_dag.py took 0.051 seconds
[2024-05-23 09:34:19,255] {processor.py:153} INFO - Started process (PID=1395) to work on /home/airflow/.local/lib/python3.7/site-packages/airflow/example_dags/example_skip_dag.py
[2024-05-23 09:34:19,256] {processor.py:641} INFO - Processing file /home/airflow/.local/lib/python3.7/site-packages/airflow/example_dags/example_skip_dag.py for tasks to queue
[2024-05-23 09:34:19,257] {logging_mixin.py:115} INFO - [2024-05-23 09:34:19,257] {dagbag.py:508} INFO - Filling up the DagBag from /home/airflow/.local/lib/python3.7/site-packages/airflow/example_dags/example_skip_dag.py
[2024-05-23 09:34:19,261] {processor.py:651} INFO - DAG(s) dict_keys(['example_skip_dag']) retrieved from /home/airflow/.local/lib/python3.7/site-packages/airflow/example_dags/example_skip_dag.py
[2024-05-23 09:34:19,283] {logging_mixin.py:115} INFO - [2024-05-23 09:34:19,283] {dag.py:2420} INFO - Sync 1 DAGs
[2024-05-23 09:34:19,296] {logging_mixin.py:115} INFO - [2024-05-23 09:34:19,296] {dag.py:2972} INFO - Setting next_dagrun for example_skip_dag to 2024-05-22T09:34:19.296391+00:00, run_after=2024-05-23T09:34:19.296391+00:00
[2024-05-23 09:34:19,304] {processor.py:161} INFO - Processing /home/airflow/.local/lib/python3.7/site-packages/airflow/example_dags/example_skip_dag.py took 0.051 seconds
[2024-05-23 09:34:49,682] {processor.py:153} INFO - Started process (PID=1456) to work on /home/airflow/.local/lib/python3.7/site-packages/airflow/example_dags/example_skip_dag.py
[2024-05-23 09:34:49,683] {processor.py:641} INFO - Processing file /home/airflow/.local/lib/python3.7/site-packages/airflow/example_dags/example_skip_dag.py for tasks to queue
[2024-05-23 09:34:49,684] {logging_mixin.py:115} INFO - [2024-05-23 09:34:49,684] {dagbag.py:508} INFO - Filling up the DagBag from /home/airflow/.local/lib/python3.7/site-packages/airflow/example_dags/example_skip_dag.py
[2024-05-23 09:34:49,687] {processor.py:651} INFO - DAG(s) dict_keys(['example_skip_dag']) retrieved from /home/airflow/.local/lib/python3.7/site-packages/airflow/example_dags/example_skip_dag.py
[2024-05-23 09:34:49,706] {logging_mixin.py:115} INFO - [2024-05-23 09:34:49,706] {dag.py:2420} INFO - Sync 1 DAGs
[2024-05-23 09:34:49,718] {logging_mixin.py:115} INFO - [2024-05-23 09:34:49,718] {dag.py:2972} INFO - Setting next_dagrun for example_skip_dag to 2024-05-22T09:34:49.717838+00:00, run_after=2024-05-23T09:34:49.717838+00:00
[2024-05-23 09:34:49,724] {processor.py:161} INFO - Processing /home/airflow/.local/lib/python3.7/site-packages/airflow/example_dags/example_skip_dag.py took 0.044 seconds
[2024-05-23 09:35:20,125] {processor.py:153} INFO - Started process (PID=1518) to work on /home/airflow/.local/lib/python3.7/site-packages/airflow/example_dags/example_skip_dag.py
[2024-05-23 09:35:20,126] {processor.py:641} INFO - Processing file /home/airflow/.local/lib/python3.7/site-packages/airflow/example_dags/example_skip_dag.py for tasks to queue
[2024-05-23 09:35:20,127] {logging_mixin.py:115} INFO - [2024-05-23 09:35:20,127] {dagbag.py:508} INFO - Filling up the DagBag from /home/airflow/.local/lib/python3.7/site-packages/airflow/example_dags/example_skip_dag.py
[2024-05-23 09:35:20,130] {processor.py:651} INFO - DAG(s) dict_keys(['example_skip_dag']) retrieved from /home/airflow/.local/lib/python3.7/site-packages/airflow/example_dags/example_skip_dag.py
[2024-05-23 09:35:20,149] {logging_mixin.py:115} INFO - [2024-05-23 09:35:20,149] {dag.py:2420} INFO - Sync 1 DAGs
[2024-05-23 09:35:20,163] {logging_mixin.py:115} INFO - [2024-05-23 09:35:20,162] {dag.py:2972} INFO - Setting next_dagrun for example_skip_dag to 2024-05-22T09:35:20.162787+00:00, run_after=2024-05-23T09:35:20.162787+00:00
[2024-05-23 09:35:20,170] {processor.py:161} INFO - Processing /home/airflow/.local/lib/python3.7/site-packages/airflow/example_dags/example_skip_dag.py took 0.047 seconds
[2024-05-23 09:35:50,486] {processor.py:153} INFO - Started process (PID=1580) to work on /home/airflow/.local/lib/python3.7/site-packages/airflow/example_dags/example_skip_dag.py
[2024-05-23 09:35:50,486] {processor.py:641} INFO - Processing file /home/airflow/.local/lib/python3.7/site-packages/airflow/example_dags/example_skip_dag.py for tasks to queue
[2024-05-23 09:35:50,487] {logging_mixin.py:115} INFO - [2024-05-23 09:35:50,487] {dagbag.py:508} INFO - Filling up the DagBag from /home/airflow/.local/lib/python3.7/site-packages/airflow/example_dags/example_skip_dag.py
[2024-05-23 09:35:50,490] {processor.py:651} INFO - DAG(s) dict_keys(['example_skip_dag']) retrieved from /home/airflow/.local/lib/python3.7/site-packages/airflow/example_dags/example_skip_dag.py
[2024-05-23 09:35:50,509] {logging_mixin.py:115} INFO - [2024-05-23 09:35:50,509] {dag.py:2420} INFO - Sync 1 DAGs
[2024-05-23 09:35:50,521] {logging_mixin.py:115} INFO - [2024-05-23 09:35:50,521] {dag.py:2972} INFO - Setting next_dagrun for example_skip_dag to 2024-05-22T09:35:50.520909+00:00, run_after=2024-05-23T09:35:50.520909+00:00
[2024-05-23 09:35:50,528] {processor.py:161} INFO - Processing /home/airflow/.local/lib/python3.7/site-packages/airflow/example_dags/example_skip_dag.py took 0.044 seconds
[2024-05-23 09:36:21,044] {processor.py:153} INFO - Started process (PID=1642) to work on /home/airflow/.local/lib/python3.7/site-packages/airflow/example_dags/example_skip_dag.py
[2024-05-23 09:36:21,045] {processor.py:641} INFO - Processing file /home/airflow/.local/lib/python3.7/site-packages/airflow/example_dags/example_skip_dag.py for tasks to queue
[2024-05-23 09:36:21,045] {logging_mixin.py:115} INFO - [2024-05-23 09:36:21,045] {dagbag.py:508} INFO - Filling up the DagBag from /home/airflow/.local/lib/python3.7/site-packages/airflow/example_dags/example_skip_dag.py
[2024-05-23 09:36:21,049] {processor.py:651} INFO - DAG(s) dict_keys(['example_skip_dag']) retrieved from /home/airflow/.local/lib/python3.7/site-packages/airflow/example_dags/example_skip_dag.py
[2024-05-23 09:36:21,067] {logging_mixin.py:115} INFO - [2024-05-23 09:36:21,067] {dag.py:2420} INFO - Sync 1 DAGs
[2024-05-23 09:36:21,080] {logging_mixin.py:115} INFO - [2024-05-23 09:36:21,080] {dag.py:2972} INFO - Setting next_dagrun for example_skip_dag to 2024-05-22T09:36:21.080167+00:00, run_after=2024-05-23T09:36:21.080167+00:00
[2024-05-23 09:36:21,087] {processor.py:161} INFO - Processing /home/airflow/.local/lib/python3.7/site-packages/airflow/example_dags/example_skip_dag.py took 0.045 seconds
[2024-05-23 09:36:51,475] {processor.py:153} INFO - Started process (PID=1695) to work on /home/airflow/.local/lib/python3.7/site-packages/airflow/example_dags/example_skip_dag.py
[2024-05-23 09:36:51,475] {processor.py:641} INFO - Processing file /home/airflow/.local/lib/python3.7/site-packages/airflow/example_dags/example_skip_dag.py for tasks to queue
[2024-05-23 09:36:51,476] {logging_mixin.py:115} INFO - [2024-05-23 09:36:51,476] {dagbag.py:508} INFO - Filling up the DagBag from /home/airflow/.local/lib/python3.7/site-packages/airflow/example_dags/example_skip_dag.py
[2024-05-23 09:36:51,479] {processor.py:651} INFO - DAG(s) dict_keys(['example_skip_dag']) retrieved from /home/airflow/.local/lib/python3.7/site-packages/airflow/example_dags/example_skip_dag.py
[2024-05-23 09:36:51,500] {logging_mixin.py:115} INFO - [2024-05-23 09:36:51,500] {dag.py:2420} INFO - Sync 1 DAGs
[2024-05-23 09:36:51,514] {logging_mixin.py:115} INFO - [2024-05-23 09:36:51,514] {dag.py:2972} INFO - Setting next_dagrun for example_skip_dag to 2024-05-22T09:36:51.513863+00:00, run_after=2024-05-23T09:36:51.513863+00:00
[2024-05-23 09:36:51,521] {processor.py:161} INFO - Processing /home/airflow/.local/lib/python3.7/site-packages/airflow/example_dags/example_skip_dag.py took 0.049 seconds
[2024-05-23 09:37:22,005] {processor.py:153} INFO - Started process (PID=1757) to work on /home/airflow/.local/lib/python3.7/site-packages/airflow/example_dags/example_skip_dag.py
[2024-05-23 09:37:22,006] {processor.py:641} INFO - Processing file /home/airflow/.local/lib/python3.7/site-packages/airflow/example_dags/example_skip_dag.py for tasks to queue
[2024-05-23 09:37:22,007] {logging_mixin.py:115} INFO - [2024-05-23 09:37:22,007] {dagbag.py:508} INFO - Filling up the DagBag from /home/airflow/.local/lib/python3.7/site-packages/airflow/example_dags/example_skip_dag.py
[2024-05-23 09:37:22,011] {processor.py:651} INFO - DAG(s) dict_keys(['example_skip_dag']) retrieved from /home/airflow/.local/lib/python3.7/site-packages/airflow/example_dags/example_skip_dag.py
[2024-05-23 09:37:22,032] {logging_mixin.py:115} INFO - [2024-05-23 09:37:22,032] {dag.py:2420} INFO - Sync 1 DAGs
[2024-05-23 09:37:22,045] {logging_mixin.py:115} INFO - [2024-05-23 09:37:22,044] {dag.py:2972} INFO - Setting next_dagrun for example_skip_dag to 2024-05-22T09:37:22.044779+00:00, run_after=2024-05-23T09:37:22.044779+00:00
[2024-05-23 09:37:22,052] {processor.py:161} INFO - Processing /home/airflow/.local/lib/python3.7/site-packages/airflow/example_dags/example_skip_dag.py took 0.049 seconds
[2024-05-23 09:37:52,544] {processor.py:153} INFO - Started process (PID=1819) to work on /home/airflow/.local/lib/python3.7/site-packages/airflow/example_dags/example_skip_dag.py
[2024-05-23 09:37:52,545] {processor.py:641} INFO - Processing file /home/airflow/.local/lib/python3.7/site-packages/airflow/example_dags/example_skip_dag.py for tasks to queue
[2024-05-23 09:37:52,546] {logging_mixin.py:115} INFO - [2024-05-23 09:37:52,546] {dagbag.py:508} INFO - Filling up the DagBag from /home/airflow/.local/lib/python3.7/site-packages/airflow/example_dags/example_skip_dag.py
[2024-05-23 09:37:52,550] {processor.py:651} INFO - DAG(s) dict_keys(['example_skip_dag']) retrieved from /home/airflow/.local/lib/python3.7/site-packages/airflow/example_dags/example_skip_dag.py
[2024-05-23 09:37:52,570] {logging_mixin.py:115} INFO - [2024-05-23 09:37:52,570] {dag.py:2420} INFO - Sync 1 DAGs
[2024-05-23 09:37:52,583] {logging_mixin.py:115} INFO - [2024-05-23 09:37:52,583] {dag.py:2972} INFO - Setting next_dagrun for example_skip_dag to 2024-05-22T09:37:52.583056+00:00, run_after=2024-05-23T09:37:52.583056+00:00
[2024-05-23 09:37:52,591] {processor.py:161} INFO - Processing /home/airflow/.local/lib/python3.7/site-packages/airflow/example_dags/example_skip_dag.py took 0.049 seconds
[2024-05-23 09:38:23,039] {processor.py:153} INFO - Started process (PID=1881) to work on /home/airflow/.local/lib/python3.7/site-packages/airflow/example_dags/example_skip_dag.py
[2024-05-23 09:38:23,040] {processor.py:641} INFO - Processing file /home/airflow/.local/lib/python3.7/site-packages/airflow/example_dags/example_skip_dag.py for tasks to queue
[2024-05-23 09:38:23,041] {logging_mixin.py:115} INFO - [2024-05-23 09:38:23,040] {dagbag.py:508} INFO - Filling up the DagBag from /home/airflow/.local/lib/python3.7/site-packages/airflow/example_dags/example_skip_dag.py
[2024-05-23 09:38:23,044] {processor.py:651} INFO - DAG(s) dict_keys(['example_skip_dag']) retrieved from /home/airflow/.local/lib/python3.7/site-packages/airflow/example_dags/example_skip_dag.py
[2024-05-23 09:38:23,063] {logging_mixin.py:115} INFO - [2024-05-23 09:38:23,063] {dag.py:2420} INFO - Sync 1 DAGs
[2024-05-23 09:38:23,076] {logging_mixin.py:115} INFO - [2024-05-23 09:38:23,076] {dag.py:2972} INFO - Setting next_dagrun for example_skip_dag to 2024-05-22T09:38:23.076200+00:00, run_after=2024-05-23T09:38:23.076200+00:00
[2024-05-23 09:38:23,083] {processor.py:161} INFO - Processing /home/airflow/.local/lib/python3.7/site-packages/airflow/example_dags/example_skip_dag.py took 0.046 seconds
[2024-05-23 09:38:53,516] {processor.py:153} INFO - Started process (PID=1943) to work on /home/airflow/.local/lib/python3.7/site-packages/airflow/example_dags/example_skip_dag.py
[2024-05-23 09:38:53,517] {processor.py:641} INFO - Processing file /home/airflow/.local/lib/python3.7/site-packages/airflow/example_dags/example_skip_dag.py for tasks to queue
[2024-05-23 09:38:53,518] {logging_mixin.py:115} INFO - [2024-05-23 09:38:53,517] {dagbag.py:508} INFO - Filling up the DagBag from /home/airflow/.local/lib/python3.7/site-packages/airflow/example_dags/example_skip_dag.py
[2024-05-23 09:38:53,522] {processor.py:651} INFO - DAG(s) dict_keys(['example_skip_dag']) retrieved from /home/airflow/.local/lib/python3.7/site-packages/airflow/example_dags/example_skip_dag.py
[2024-05-23 09:38:53,542] {logging_mixin.py:115} INFO - [2024-05-23 09:38:53,542] {dag.py:2420} INFO - Sync 1 DAGs
[2024-05-23 09:38:53,556] {logging_mixin.py:115} INFO - [2024-05-23 09:38:53,555] {dag.py:2972} INFO - Setting next_dagrun for example_skip_dag to 2024-05-22T09:38:53.555708+00:00, run_after=2024-05-23T09:38:53.555708+00:00
[2024-05-23 09:38:53,563] {processor.py:161} INFO - Processing /home/airflow/.local/lib/python3.7/site-packages/airflow/example_dags/example_skip_dag.py took 0.049 seconds
[2024-05-23 09:39:23,877] {processor.py:153} INFO - Started process (PID=2005) to work on /home/airflow/.local/lib/python3.7/site-packages/airflow/example_dags/example_skip_dag.py
[2024-05-23 09:39:23,878] {processor.py:641} INFO - Processing file /home/airflow/.local/lib/python3.7/site-packages/airflow/example_dags/example_skip_dag.py for tasks to queue
[2024-05-23 09:39:23,878] {logging_mixin.py:115} INFO - [2024-05-23 09:39:23,878] {dagbag.py:508} INFO - Filling up the DagBag from /home/airflow/.local/lib/python3.7/site-packages/airflow/example_dags/example_skip_dag.py
[2024-05-23 09:39:23,882] {processor.py:651} INFO - DAG(s) dict_keys(['example_skip_dag']) retrieved from /home/airflow/.local/lib/python3.7/site-packages/airflow/example_dags/example_skip_dag.py
[2024-05-23 09:39:23,900] {logging_mixin.py:115} INFO - [2024-05-23 09:39:23,900] {dag.py:2420} INFO - Sync 1 DAGs
[2024-05-23 09:39:23,914] {logging_mixin.py:115} INFO - [2024-05-23 09:39:23,914] {dag.py:2972} INFO - Setting next_dagrun for example_skip_dag to 2024-05-22T09:39:23.914071+00:00, run_after=2024-05-23T09:39:23.914071+00:00
[2024-05-23 09:39:23,921] {processor.py:161} INFO - Processing /home/airflow/.local/lib/python3.7/site-packages/airflow/example_dags/example_skip_dag.py took 0.046 seconds
[2024-05-23 09:39:54,282] {processor.py:153} INFO - Started process (PID=2059) to work on /home/airflow/.local/lib/python3.7/site-packages/airflow/example_dags/example_skip_dag.py
[2024-05-23 09:39:54,283] {processor.py:641} INFO - Processing file /home/airflow/.local/lib/python3.7/site-packages/airflow/example_dags/example_skip_dag.py for tasks to queue
[2024-05-23 09:39:54,284] {logging_mixin.py:115} INFO - [2024-05-23 09:39:54,284] {dagbag.py:508} INFO - Filling up the DagBag from /home/airflow/.local/lib/python3.7/site-packages/airflow/example_dags/example_skip_dag.py
[2024-05-23 09:39:54,288] {processor.py:651} INFO - DAG(s) dict_keys(['example_skip_dag']) retrieved from /home/airflow/.local/lib/python3.7/site-packages/airflow/example_dags/example_skip_dag.py
[2024-05-23 09:39:54,309] {logging_mixin.py:115} INFO - [2024-05-23 09:39:54,309] {dag.py:2420} INFO - Sync 1 DAGs
[2024-05-23 09:39:54,323] {logging_mixin.py:115} INFO - [2024-05-23 09:39:54,323] {dag.py:2972} INFO - Setting next_dagrun for example_skip_dag to 2024-05-22T09:39:54.323403+00:00, run_after=2024-05-23T09:39:54.323403+00:00
[2024-05-23 09:39:54,332] {processor.py:161} INFO - Processing /home/airflow/.local/lib/python3.7/site-packages/airflow/example_dags/example_skip_dag.py took 0.053 seconds
[2024-05-23 09:40:24,752] {processor.py:153} INFO - Started process (PID=2120) to work on /home/airflow/.local/lib/python3.7/site-packages/airflow/example_dags/example_skip_dag.py
[2024-05-23 09:40:24,752] {processor.py:641} INFO - Processing file /home/airflow/.local/lib/python3.7/site-packages/airflow/example_dags/example_skip_dag.py for tasks to queue
[2024-05-23 09:40:24,753] {logging_mixin.py:115} INFO - [2024-05-23 09:40:24,753] {dagbag.py:508} INFO - Filling up the DagBag from /home/airflow/.local/lib/python3.7/site-packages/airflow/example_dags/example_skip_dag.py
[2024-05-23 09:40:24,757] {processor.py:651} INFO - DAG(s) dict_keys(['example_skip_dag']) retrieved from /home/airflow/.local/lib/python3.7/site-packages/airflow/example_dags/example_skip_dag.py
[2024-05-23 09:40:24,775] {logging_mixin.py:115} INFO - [2024-05-23 09:40:24,775] {dag.py:2420} INFO - Sync 1 DAGs
[2024-05-23 09:40:24,787] {logging_mixin.py:115} INFO - [2024-05-23 09:40:24,787] {dag.py:2972} INFO - Setting next_dagrun for example_skip_dag to 2024-05-22T09:40:24.787146+00:00, run_after=2024-05-23T09:40:24.787146+00:00
[2024-05-23 09:40:24,794] {processor.py:161} INFO - Processing /home/airflow/.local/lib/python3.7/site-packages/airflow/example_dags/example_skip_dag.py took 0.044 seconds
[2024-05-23 09:40:55,215] {processor.py:153} INFO - Started process (PID=2182) to work on /home/airflow/.local/lib/python3.7/site-packages/airflow/example_dags/example_skip_dag.py
[2024-05-23 09:40:55,216] {processor.py:641} INFO - Processing file /home/airflow/.local/lib/python3.7/site-packages/airflow/example_dags/example_skip_dag.py for tasks to queue
[2024-05-23 09:40:55,217] {logging_mixin.py:115} INFO - [2024-05-23 09:40:55,217] {dagbag.py:508} INFO - Filling up the DagBag from /home/airflow/.local/lib/python3.7/site-packages/airflow/example_dags/example_skip_dag.py
[2024-05-23 09:40:55,221] {processor.py:651} INFO - DAG(s) dict_keys(['example_skip_dag']) retrieved from /home/airflow/.local/lib/python3.7/site-packages/airflow/example_dags/example_skip_dag.py
[2024-05-23 09:40:55,239] {logging_mixin.py:115} INFO - [2024-05-23 09:40:55,239] {dag.py:2420} INFO - Sync 1 DAGs
[2024-05-23 09:40:55,251] {logging_mixin.py:115} INFO - [2024-05-23 09:40:55,251] {dag.py:2972} INFO - Setting next_dagrun for example_skip_dag to 2024-05-22T09:40:55.251491+00:00, run_after=2024-05-23T09:40:55.251491+00:00
[2024-05-23 09:40:55,258] {processor.py:161} INFO - Processing /home/airflow/.local/lib/python3.7/site-packages/airflow/example_dags/example_skip_dag.py took 0.044 seconds
[2024-05-23 09:41:25,730] {processor.py:153} INFO - Started process (PID=2244) to work on /home/airflow/.local/lib/python3.7/site-packages/airflow/example_dags/example_skip_dag.py
[2024-05-23 09:41:25,731] {processor.py:641} INFO - Processing file /home/airflow/.local/lib/python3.7/site-packages/airflow/example_dags/example_skip_dag.py for tasks to queue
[2024-05-23 09:41:25,731] {logging_mixin.py:115} INFO - [2024-05-23 09:41:25,731] {dagbag.py:508} INFO - Filling up the DagBag from /home/airflow/.local/lib/python3.7/site-packages/airflow/example_dags/example_skip_dag.py
[2024-05-23 09:41:25,736] {processor.py:651} INFO - DAG(s) dict_keys(['example_skip_dag']) retrieved from /home/airflow/.local/lib/python3.7/site-packages/airflow/example_dags/example_skip_dag.py
[2024-05-23 09:41:25,757] {logging_mixin.py:115} INFO - [2024-05-23 09:41:25,756] {dag.py:2420} INFO - Sync 1 DAGs
[2024-05-23 09:41:25,771] {logging_mixin.py:115} INFO - [2024-05-23 09:41:25,771] {dag.py:2972} INFO - Setting next_dagrun for example_skip_dag to 2024-05-22T09:41:25.771212+00:00, run_after=2024-05-23T09:41:25.771212+00:00
[2024-05-23 09:41:25,779] {processor.py:161} INFO - Processing /home/airflow/.local/lib/python3.7/site-packages/airflow/example_dags/example_skip_dag.py took 0.052 seconds
[2024-05-23 09:41:56,465] {processor.py:153} INFO - Started process (PID=2306) to work on /home/airflow/.local/lib/python3.7/site-packages/airflow/example_dags/example_skip_dag.py
[2024-05-23 09:41:56,466] {processor.py:641} INFO - Processing file /home/airflow/.local/lib/python3.7/site-packages/airflow/example_dags/example_skip_dag.py for tasks to queue
[2024-05-23 09:41:56,466] {logging_mixin.py:115} INFO - [2024-05-23 09:41:56,466] {dagbag.py:508} INFO - Filling up the DagBag from /home/airflow/.local/lib/python3.7/site-packages/airflow/example_dags/example_skip_dag.py
[2024-05-23 09:41:56,470] {processor.py:651} INFO - DAG(s) dict_keys(['example_skip_dag']) retrieved from /home/airflow/.local/lib/python3.7/site-packages/airflow/example_dags/example_skip_dag.py
[2024-05-23 09:41:56,489] {logging_mixin.py:115} INFO - [2024-05-23 09:41:56,489] {dag.py:2420} INFO - Sync 1 DAGs
[2024-05-23 09:41:56,501] {logging_mixin.py:115} INFO - [2024-05-23 09:41:56,501] {dag.py:2972} INFO - Setting next_dagrun for example_skip_dag to 2024-05-22T09:41:56.501347+00:00, run_after=2024-05-23T09:41:56.501347+00:00
[2024-05-23 09:41:56,508] {processor.py:161} INFO - Processing /home/airflow/.local/lib/python3.7/site-packages/airflow/example_dags/example_skip_dag.py took 0.045 seconds
[2024-05-23 09:42:26,892] {processor.py:153} INFO - Started process (PID=2368) to work on /home/airflow/.local/lib/python3.7/site-packages/airflow/example_dags/example_skip_dag.py
[2024-05-23 09:42:26,893] {processor.py:641} INFO - Processing file /home/airflow/.local/lib/python3.7/site-packages/airflow/example_dags/example_skip_dag.py for tasks to queue
[2024-05-23 09:42:26,894] {logging_mixin.py:115} INFO - [2024-05-23 09:42:26,894] {dagbag.py:508} INFO - Filling up the DagBag from /home/airflow/.local/lib/python3.7/site-packages/airflow/example_dags/example_skip_dag.py
[2024-05-23 09:42:26,898] {processor.py:651} INFO - DAG(s) dict_keys(['example_skip_dag']) retrieved from /home/airflow/.local/lib/python3.7/site-packages/airflow/example_dags/example_skip_dag.py
[2024-05-23 09:42:26,918] {logging_mixin.py:115} INFO - [2024-05-23 09:42:26,918] {dag.py:2420} INFO - Sync 1 DAGs
[2024-05-23 09:42:26,931] {logging_mixin.py:115} INFO - [2024-05-23 09:42:26,931] {dag.py:2972} INFO - Setting next_dagrun for example_skip_dag to 2024-05-22T09:42:26.931621+00:00, run_after=2024-05-23T09:42:26.931621+00:00
[2024-05-23 09:42:26,940] {processor.py:161} INFO - Processing /home/airflow/.local/lib/python3.7/site-packages/airflow/example_dags/example_skip_dag.py took 0.050 seconds
[2024-05-23 09:42:57,343] {processor.py:153} INFO - Started process (PID=2421) to work on /home/airflow/.local/lib/python3.7/site-packages/airflow/example_dags/example_skip_dag.py
[2024-05-23 09:42:57,344] {processor.py:641} INFO - Processing file /home/airflow/.local/lib/python3.7/site-packages/airflow/example_dags/example_skip_dag.py for tasks to queue
[2024-05-23 09:42:57,344] {logging_mixin.py:115} INFO - [2024-05-23 09:42:57,344] {dagbag.py:508} INFO - Filling up the DagBag from /home/airflow/.local/lib/python3.7/site-packages/airflow/example_dags/example_skip_dag.py
[2024-05-23 09:42:57,348] {processor.py:651} INFO - DAG(s) dict_keys(['example_skip_dag']) retrieved from /home/airflow/.local/lib/python3.7/site-packages/airflow/example_dags/example_skip_dag.py
[2024-05-23 09:42:57,368] {logging_mixin.py:115} INFO - [2024-05-23 09:42:57,368] {dag.py:2420} INFO - Sync 1 DAGs
[2024-05-23 09:42:57,381] {logging_mixin.py:115} INFO - [2024-05-23 09:42:57,381] {dag.py:2972} INFO - Setting next_dagrun for example_skip_dag to 2024-05-22T09:42:57.381164+00:00, run_after=2024-05-23T09:42:57.381164+00:00
[2024-05-23 09:42:57,388] {processor.py:161} INFO - Processing /home/airflow/.local/lib/python3.7/site-packages/airflow/example_dags/example_skip_dag.py took 0.047 seconds
[2024-05-23 09:43:27,816] {processor.py:153} INFO - Started process (PID=2484) to work on /home/airflow/.local/lib/python3.7/site-packages/airflow/example_dags/example_skip_dag.py
[2024-05-23 09:43:27,817] {processor.py:641} INFO - Processing file /home/airflow/.local/lib/python3.7/site-packages/airflow/example_dags/example_skip_dag.py for tasks to queue
[2024-05-23 09:43:27,818] {logging_mixin.py:115} INFO - [2024-05-23 09:43:27,818] {dagbag.py:508} INFO - Filling up the DagBag from /home/airflow/.local/lib/python3.7/site-packages/airflow/example_dags/example_skip_dag.py
[2024-05-23 09:43:27,821] {processor.py:651} INFO - DAG(s) dict_keys(['example_skip_dag']) retrieved from /home/airflow/.local/lib/python3.7/site-packages/airflow/example_dags/example_skip_dag.py
[2024-05-23 09:43:27,842] {logging_mixin.py:115} INFO - [2024-05-23 09:43:27,841] {dag.py:2420} INFO - Sync 1 DAGs
[2024-05-23 09:43:27,855] {logging_mixin.py:115} INFO - [2024-05-23 09:43:27,855] {dag.py:2972} INFO - Setting next_dagrun for example_skip_dag to 2024-05-22T09:43:27.854780+00:00, run_after=2024-05-23T09:43:27.854780+00:00
[2024-05-23 09:43:27,862] {processor.py:161} INFO - Processing /home/airflow/.local/lib/python3.7/site-packages/airflow/example_dags/example_skip_dag.py took 0.048 seconds
[2024-05-23 09:43:58,323] {processor.py:153} INFO - Started process (PID=2546) to work on /home/airflow/.local/lib/python3.7/site-packages/airflow/example_dags/example_skip_dag.py
[2024-05-23 09:43:58,324] {processor.py:641} INFO - Processing file /home/airflow/.local/lib/python3.7/site-packages/airflow/example_dags/example_skip_dag.py for tasks to queue
[2024-05-23 09:43:58,325] {logging_mixin.py:115} INFO - [2024-05-23 09:43:58,325] {dagbag.py:508} INFO - Filling up the DagBag from /home/airflow/.local/lib/python3.7/site-packages/airflow/example_dags/example_skip_dag.py
[2024-05-23 09:43:58,329] {processor.py:651} INFO - DAG(s) dict_keys(['example_skip_dag']) retrieved from /home/airflow/.local/lib/python3.7/site-packages/airflow/example_dags/example_skip_dag.py
[2024-05-23 09:43:58,350] {logging_mixin.py:115} INFO - [2024-05-23 09:43:58,350] {dag.py:2420} INFO - Sync 1 DAGs
[2024-05-23 09:43:58,362] {logging_mixin.py:115} INFO - [2024-05-23 09:43:58,362] {dag.py:2972} INFO - Setting next_dagrun for example_skip_dag to 2024-05-22T09:43:58.362214+00:00, run_after=2024-05-23T09:43:58.362214+00:00
[2024-05-23 09:43:58,369] {processor.py:161} INFO - Processing /home/airflow/.local/lib/python3.7/site-packages/airflow/example_dags/example_skip_dag.py took 0.048 seconds
[2024-05-23 09:44:28,764] {processor.py:153} INFO - Started process (PID=2609) to work on /home/airflow/.local/lib/python3.7/site-packages/airflow/example_dags/example_skip_dag.py
[2024-05-23 09:44:28,765] {processor.py:641} INFO - Processing file /home/airflow/.local/lib/python3.7/site-packages/airflow/example_dags/example_skip_dag.py for tasks to queue
[2024-05-23 09:44:28,765] {logging_mixin.py:115} INFO - [2024-05-23 09:44:28,765] {dagbag.py:508} INFO - Filling up the DagBag from /home/airflow/.local/lib/python3.7/site-packages/airflow/example_dags/example_skip_dag.py
[2024-05-23 09:44:28,768] {processor.py:651} INFO - DAG(s) dict_keys(['example_skip_dag']) retrieved from /home/airflow/.local/lib/python3.7/site-packages/airflow/example_dags/example_skip_dag.py
[2024-05-23 09:44:28,786] {logging_mixin.py:115} INFO - [2024-05-23 09:44:28,786] {dag.py:2420} INFO - Sync 1 DAGs
[2024-05-23 09:44:28,798] {logging_mixin.py:115} INFO - [2024-05-23 09:44:28,798] {dag.py:2972} INFO - Setting next_dagrun for example_skip_dag to 2024-05-22T09:44:28.797850+00:00, run_after=2024-05-23T09:44:28.797850+00:00
[2024-05-23 09:44:28,804] {processor.py:161} INFO - Processing /home/airflow/.local/lib/python3.7/site-packages/airflow/example_dags/example_skip_dag.py took 0.043 seconds
[2024-05-23 09:44:59,320] {processor.py:153} INFO - Started process (PID=2670) to work on /home/airflow/.local/lib/python3.7/site-packages/airflow/example_dags/example_skip_dag.py
[2024-05-23 09:44:59,321] {processor.py:641} INFO - Processing file /home/airflow/.local/lib/python3.7/site-packages/airflow/example_dags/example_skip_dag.py for tasks to queue
[2024-05-23 09:44:59,321] {logging_mixin.py:115} INFO - [2024-05-23 09:44:59,321] {dagbag.py:508} INFO - Filling up the DagBag from /home/airflow/.local/lib/python3.7/site-packages/airflow/example_dags/example_skip_dag.py
[2024-05-23 09:44:59,325] {processor.py:651} INFO - DAG(s) dict_keys(['example_skip_dag']) retrieved from /home/airflow/.local/lib/python3.7/site-packages/airflow/example_dags/example_skip_dag.py
[2024-05-23 09:44:59,345] {logging_mixin.py:115} INFO - [2024-05-23 09:44:59,344] {dag.py:2420} INFO - Sync 1 DAGs
[2024-05-23 09:44:59,357] {logging_mixin.py:115} INFO - [2024-05-23 09:44:59,357] {dag.py:2972} INFO - Setting next_dagrun for example_skip_dag to 2024-05-22T09:44:59.356769+00:00, run_after=2024-05-23T09:44:59.356769+00:00
[2024-05-23 09:44:59,363] {processor.py:161} INFO - Processing /home/airflow/.local/lib/python3.7/site-packages/airflow/example_dags/example_skip_dag.py took 0.045 seconds
[2024-05-23 09:45:29,824] {processor.py:153} INFO - Started process (PID=2723) to work on /home/airflow/.local/lib/python3.7/site-packages/airflow/example_dags/example_skip_dag.py
[2024-05-23 09:45:29,825] {processor.py:641} INFO - Processing file /home/airflow/.local/lib/python3.7/site-packages/airflow/example_dags/example_skip_dag.py for tasks to queue
[2024-05-23 09:45:29,826] {logging_mixin.py:115} INFO - [2024-05-23 09:45:29,826] {dagbag.py:508} INFO - Filling up the DagBag from /home/airflow/.local/lib/python3.7/site-packages/airflow/example_dags/example_skip_dag.py
[2024-05-23 09:45:29,829] {processor.py:651} INFO - DAG(s) dict_keys(['example_skip_dag']) retrieved from /home/airflow/.local/lib/python3.7/site-packages/airflow/example_dags/example_skip_dag.py
[2024-05-23 09:45:29,847] {logging_mixin.py:115} INFO - [2024-05-23 09:45:29,847] {dag.py:2420} INFO - Sync 1 DAGs
[2024-05-23 09:45:29,859] {logging_mixin.py:115} INFO - [2024-05-23 09:45:29,859] {dag.py:2972} INFO - Setting next_dagrun for example_skip_dag to 2024-05-22T09:45:29.859288+00:00, run_after=2024-05-23T09:45:29.859288+00:00
[2024-05-23 09:45:29,865] {processor.py:161} INFO - Processing /home/airflow/.local/lib/python3.7/site-packages/airflow/example_dags/example_skip_dag.py took 0.043 seconds
[2024-05-23 09:46:00,257] {processor.py:153} INFO - Started process (PID=2785) to work on /home/airflow/.local/lib/python3.7/site-packages/airflow/example_dags/example_skip_dag.py
[2024-05-23 09:46:00,258] {processor.py:641} INFO - Processing file /home/airflow/.local/lib/python3.7/site-packages/airflow/example_dags/example_skip_dag.py for tasks to queue
[2024-05-23 09:46:00,258] {logging_mixin.py:115} INFO - [2024-05-23 09:46:00,258] {dagbag.py:508} INFO - Filling up the DagBag from /home/airflow/.local/lib/python3.7/site-packages/airflow/example_dags/example_skip_dag.py
[2024-05-23 09:46:00,261] {processor.py:651} INFO - DAG(s) dict_keys(['example_skip_dag']) retrieved from /home/airflow/.local/lib/python3.7/site-packages/airflow/example_dags/example_skip_dag.py
[2024-05-23 09:46:00,281] {logging_mixin.py:115} INFO - [2024-05-23 09:46:00,281] {dag.py:2420} INFO - Sync 1 DAGs
[2024-05-23 09:46:00,293] {logging_mixin.py:115} INFO - [2024-05-23 09:46:00,293] {dag.py:2972} INFO - Setting next_dagrun for example_skip_dag to 2024-05-22T09:46:00.293596+00:00, run_after=2024-05-23T09:46:00.293596+00:00
[2024-05-23 09:46:00,301] {processor.py:161} INFO - Processing /home/airflow/.local/lib/python3.7/site-packages/airflow/example_dags/example_skip_dag.py took 0.047 seconds
[2024-05-23 09:46:30,651] {processor.py:153} INFO - Started process (PID=2847) to work on /home/airflow/.local/lib/python3.7/site-packages/airflow/example_dags/example_skip_dag.py
[2024-05-23 09:46:30,652] {processor.py:641} INFO - Processing file /home/airflow/.local/lib/python3.7/site-packages/airflow/example_dags/example_skip_dag.py for tasks to queue
[2024-05-23 09:46:30,652] {logging_mixin.py:115} INFO - [2024-05-23 09:46:30,652] {dagbag.py:508} INFO - Filling up the DagBag from /home/airflow/.local/lib/python3.7/site-packages/airflow/example_dags/example_skip_dag.py
[2024-05-23 09:46:30,656] {processor.py:651} INFO - DAG(s) dict_keys(['example_skip_dag']) retrieved from /home/airflow/.local/lib/python3.7/site-packages/airflow/example_dags/example_skip_dag.py
[2024-05-23 09:46:30,674] {logging_mixin.py:115} INFO - [2024-05-23 09:46:30,674] {dag.py:2420} INFO - Sync 1 DAGs
[2024-05-23 09:46:30,687] {logging_mixin.py:115} INFO - [2024-05-23 09:46:30,687] {dag.py:2972} INFO - Setting next_dagrun for example_skip_dag to 2024-05-22T09:46:30.687160+00:00, run_after=2024-05-23T09:46:30.687160+00:00
[2024-05-23 09:46:30,693] {processor.py:161} INFO - Processing /home/airflow/.local/lib/python3.7/site-packages/airflow/example_dags/example_skip_dag.py took 0.045 seconds
[2024-05-23 09:47:01,293] {processor.py:153} INFO - Started process (PID=2909) to work on /home/airflow/.local/lib/python3.7/site-packages/airflow/example_dags/example_skip_dag.py
[2024-05-23 09:47:01,294] {processor.py:641} INFO - Processing file /home/airflow/.local/lib/python3.7/site-packages/airflow/example_dags/example_skip_dag.py for tasks to queue
[2024-05-23 09:47:01,295] {logging_mixin.py:115} INFO - [2024-05-23 09:47:01,295] {dagbag.py:508} INFO - Filling up the DagBag from /home/airflow/.local/lib/python3.7/site-packages/airflow/example_dags/example_skip_dag.py
[2024-05-23 09:47:01,298] {processor.py:651} INFO - DAG(s) dict_keys(['example_skip_dag']) retrieved from /home/airflow/.local/lib/python3.7/site-packages/airflow/example_dags/example_skip_dag.py
[2024-05-23 09:47:01,316] {logging_mixin.py:115} INFO - [2024-05-23 09:47:01,316] {dag.py:2420} INFO - Sync 1 DAGs
[2024-05-23 09:47:01,328] {logging_mixin.py:115} INFO - [2024-05-23 09:47:01,328] {dag.py:2972} INFO - Setting next_dagrun for example_skip_dag to 2024-05-22T09:47:01.328106+00:00, run_after=2024-05-23T09:47:01.328106+00:00
[2024-05-23 09:47:01,334] {processor.py:161} INFO - Processing /home/airflow/.local/lib/python3.7/site-packages/airflow/example_dags/example_skip_dag.py took 0.043 seconds
[2024-05-23 09:47:31,833] {processor.py:153} INFO - Started process (PID=2971) to work on /home/airflow/.local/lib/python3.7/site-packages/airflow/example_dags/example_skip_dag.py
[2024-05-23 09:47:31,835] {processor.py:641} INFO - Processing file /home/airflow/.local/lib/python3.7/site-packages/airflow/example_dags/example_skip_dag.py for tasks to queue
[2024-05-23 09:47:31,835] {logging_mixin.py:115} INFO - [2024-05-23 09:47:31,835] {dagbag.py:508} INFO - Filling up the DagBag from /home/airflow/.local/lib/python3.7/site-packages/airflow/example_dags/example_skip_dag.py
[2024-05-23 09:47:31,839] {processor.py:651} INFO - DAG(s) dict_keys(['example_skip_dag']) retrieved from /home/airflow/.local/lib/python3.7/site-packages/airflow/example_dags/example_skip_dag.py
[2024-05-23 09:47:31,861] {logging_mixin.py:115} INFO - [2024-05-23 09:47:31,861] {dag.py:2420} INFO - Sync 1 DAGs
[2024-05-23 09:47:31,875] {logging_mixin.py:115} INFO - [2024-05-23 09:47:31,875] {dag.py:2972} INFO - Setting next_dagrun for example_skip_dag to 2024-05-22T09:47:31.874807+00:00, run_after=2024-05-23T09:47:31.874807+00:00
[2024-05-23 09:47:31,883] {processor.py:161} INFO - Processing /home/airflow/.local/lib/python3.7/site-packages/airflow/example_dags/example_skip_dag.py took 0.052 seconds
[2024-05-23 09:48:02,290] {processor.py:153} INFO - Started process (PID=3033) to work on /home/airflow/.local/lib/python3.7/site-packages/airflow/example_dags/example_skip_dag.py
[2024-05-23 09:48:02,290] {processor.py:641} INFO - Processing file /home/airflow/.local/lib/python3.7/site-packages/airflow/example_dags/example_skip_dag.py for tasks to queue
[2024-05-23 09:48:02,291] {logging_mixin.py:115} INFO - [2024-05-23 09:48:02,291] {dagbag.py:508} INFO - Filling up the DagBag from /home/airflow/.local/lib/python3.7/site-packages/airflow/example_dags/example_skip_dag.py
[2024-05-23 09:48:02,294] {processor.py:651} INFO - DAG(s) dict_keys(['example_skip_dag']) retrieved from /home/airflow/.local/lib/python3.7/site-packages/airflow/example_dags/example_skip_dag.py
[2024-05-23 09:48:02,313] {logging_mixin.py:115} INFO - [2024-05-23 09:48:02,313] {dag.py:2420} INFO - Sync 1 DAGs
[2024-05-23 09:48:02,326] {logging_mixin.py:115} INFO - [2024-05-23 09:48:02,326] {dag.py:2972} INFO - Setting next_dagrun for example_skip_dag to 2024-05-22T09:48:02.325960+00:00, run_after=2024-05-23T09:48:02.325960+00:00
[2024-05-23 09:48:02,332] {processor.py:161} INFO - Processing /home/airflow/.local/lib/python3.7/site-packages/airflow/example_dags/example_skip_dag.py took 0.045 seconds
[2024-05-23 09:48:32,720] {processor.py:153} INFO - Started process (PID=3087) to work on /home/airflow/.local/lib/python3.7/site-packages/airflow/example_dags/example_skip_dag.py
[2024-05-23 09:48:32,721] {processor.py:641} INFO - Processing file /home/airflow/.local/lib/python3.7/site-packages/airflow/example_dags/example_skip_dag.py for tasks to queue
[2024-05-23 09:48:32,722] {logging_mixin.py:115} INFO - [2024-05-23 09:48:32,722] {dagbag.py:508} INFO - Filling up the DagBag from /home/airflow/.local/lib/python3.7/site-packages/airflow/example_dags/example_skip_dag.py
[2024-05-23 09:48:32,725] {processor.py:651} INFO - DAG(s) dict_keys(['example_skip_dag']) retrieved from /home/airflow/.local/lib/python3.7/site-packages/airflow/example_dags/example_skip_dag.py
[2024-05-23 09:48:32,745] {logging_mixin.py:115} INFO - [2024-05-23 09:48:32,745] {dag.py:2420} INFO - Sync 1 DAGs
[2024-05-23 09:48:32,757] {logging_mixin.py:115} INFO - [2024-05-23 09:48:32,757] {dag.py:2972} INFO - Setting next_dagrun for example_skip_dag to 2024-05-22T09:48:32.757500+00:00, run_after=2024-05-23T09:48:32.757500+00:00
[2024-05-23 09:48:32,764] {processor.py:161} INFO - Processing /home/airflow/.local/lib/python3.7/site-packages/airflow/example_dags/example_skip_dag.py took 0.046 seconds
[2024-05-23 09:49:03,282] {processor.py:153} INFO - Started process (PID=3148) to work on /home/airflow/.local/lib/python3.7/site-packages/airflow/example_dags/example_skip_dag.py
[2024-05-23 09:49:03,283] {processor.py:641} INFO - Processing file /home/airflow/.local/lib/python3.7/site-packages/airflow/example_dags/example_skip_dag.py for tasks to queue
[2024-05-23 09:49:03,283] {logging_mixin.py:115} INFO - [2024-05-23 09:49:03,283] {dagbag.py:508} INFO - Filling up the DagBag from /home/airflow/.local/lib/python3.7/site-packages/airflow/example_dags/example_skip_dag.py
[2024-05-23 09:49:03,286] {processor.py:651} INFO - DAG(s) dict_keys(['example_skip_dag']) retrieved from /home/airflow/.local/lib/python3.7/site-packages/airflow/example_dags/example_skip_dag.py
[2024-05-23 09:49:03,306] {logging_mixin.py:115} INFO - [2024-05-23 09:49:03,306] {dag.py:2420} INFO - Sync 1 DAGs
[2024-05-23 09:49:03,319] {logging_mixin.py:115} INFO - [2024-05-23 09:49:03,319] {dag.py:2972} INFO - Setting next_dagrun for example_skip_dag to 2024-05-22T09:49:03.319389+00:00, run_after=2024-05-23T09:49:03.319389+00:00
[2024-05-23 09:49:03,328] {processor.py:161} INFO - Processing /home/airflow/.local/lib/python3.7/site-packages/airflow/example_dags/example_skip_dag.py took 0.048 seconds
[2024-05-23 09:49:33,786] {processor.py:153} INFO - Started process (PID=3210) to work on /home/airflow/.local/lib/python3.7/site-packages/airflow/example_dags/example_skip_dag.py
[2024-05-23 09:49:33,787] {processor.py:641} INFO - Processing file /home/airflow/.local/lib/python3.7/site-packages/airflow/example_dags/example_skip_dag.py for tasks to queue
[2024-05-23 09:49:33,787] {logging_mixin.py:115} INFO - [2024-05-23 09:49:33,787] {dagbag.py:508} INFO - Filling up the DagBag from /home/airflow/.local/lib/python3.7/site-packages/airflow/example_dags/example_skip_dag.py
[2024-05-23 09:49:33,790] {processor.py:651} INFO - DAG(s) dict_keys(['example_skip_dag']) retrieved from /home/airflow/.local/lib/python3.7/site-packages/airflow/example_dags/example_skip_dag.py
[2024-05-23 09:49:33,809] {logging_mixin.py:115} INFO - [2024-05-23 09:49:33,808] {dag.py:2420} INFO - Sync 1 DAGs
[2024-05-23 09:49:33,820] {logging_mixin.py:115} INFO - [2024-05-23 09:49:33,820] {dag.py:2972} INFO - Setting next_dagrun for example_skip_dag to 2024-05-22T09:49:33.820155+00:00, run_after=2024-05-23T09:49:33.820155+00:00
[2024-05-23 09:49:33,827] {processor.py:161} INFO - Processing /home/airflow/.local/lib/python3.7/site-packages/airflow/example_dags/example_skip_dag.py took 0.043 seconds
[2024-05-23 09:50:04,252] {processor.py:153} INFO - Started process (PID=3272) to work on /home/airflow/.local/lib/python3.7/site-packages/airflow/example_dags/example_skip_dag.py
[2024-05-23 09:50:04,253] {processor.py:641} INFO - Processing file /home/airflow/.local/lib/python3.7/site-packages/airflow/example_dags/example_skip_dag.py for tasks to queue
[2024-05-23 09:50:04,253] {logging_mixin.py:115} INFO - [2024-05-23 09:50:04,253] {dagbag.py:508} INFO - Filling up the DagBag from /home/airflow/.local/lib/python3.7/site-packages/airflow/example_dags/example_skip_dag.py
[2024-05-23 09:50:04,256] {processor.py:651} INFO - DAG(s) dict_keys(['example_skip_dag']) retrieved from /home/airflow/.local/lib/python3.7/site-packages/airflow/example_dags/example_skip_dag.py
[2024-05-23 09:50:04,275] {logging_mixin.py:115} INFO - [2024-05-23 09:50:04,275] {dag.py:2420} INFO - Sync 1 DAGs
[2024-05-23 09:50:04,289] {logging_mixin.py:115} INFO - [2024-05-23 09:50:04,289] {dag.py:2972} INFO - Setting next_dagrun for example_skip_dag to 2024-05-22T09:50:04.288860+00:00, run_after=2024-05-23T09:50:04.288860+00:00
[2024-05-23 09:50:04,296] {processor.py:161} INFO - Processing /home/airflow/.local/lib/python3.7/site-packages/airflow/example_dags/example_skip_dag.py took 0.046 seconds
[2024-05-23 09:50:34,746] {processor.py:153} INFO - Started process (PID=3334) to work on /home/airflow/.local/lib/python3.7/site-packages/airflow/example_dags/example_skip_dag.py
[2024-05-23 09:50:34,747] {processor.py:641} INFO - Processing file /home/airflow/.local/lib/python3.7/site-packages/airflow/example_dags/example_skip_dag.py for tasks to queue
[2024-05-23 09:50:34,748] {logging_mixin.py:115} INFO - [2024-05-23 09:50:34,748] {dagbag.py:508} INFO - Filling up the DagBag from /home/airflow/.local/lib/python3.7/site-packages/airflow/example_dags/example_skip_dag.py
[2024-05-23 09:50:34,751] {processor.py:651} INFO - DAG(s) dict_keys(['example_skip_dag']) retrieved from /home/airflow/.local/lib/python3.7/site-packages/airflow/example_dags/example_skip_dag.py
[2024-05-23 09:50:34,770] {logging_mixin.py:115} INFO - [2024-05-23 09:50:34,770] {dag.py:2420} INFO - Sync 1 DAGs
[2024-05-23 09:50:34,782] {logging_mixin.py:115} INFO - [2024-05-23 09:50:34,782] {dag.py:2972} INFO - Setting next_dagrun for example_skip_dag to 2024-05-22T09:50:34.782243+00:00, run_after=2024-05-23T09:50:34.782243+00:00
[2024-05-23 09:50:34,788] {processor.py:161} INFO - Processing /home/airflow/.local/lib/python3.7/site-packages/airflow/example_dags/example_skip_dag.py took 0.044 seconds
[2024-05-23 09:51:05,233] {processor.py:153} INFO - Started process (PID=3396) to work on /home/airflow/.local/lib/python3.7/site-packages/airflow/example_dags/example_skip_dag.py
[2024-05-23 09:51:05,234] {processor.py:641} INFO - Processing file /home/airflow/.local/lib/python3.7/site-packages/airflow/example_dags/example_skip_dag.py for tasks to queue
[2024-05-23 09:51:05,235] {logging_mixin.py:115} INFO - [2024-05-23 09:51:05,235] {dagbag.py:508} INFO - Filling up the DagBag from /home/airflow/.local/lib/python3.7/site-packages/airflow/example_dags/example_skip_dag.py
[2024-05-23 09:51:05,238] {processor.py:651} INFO - DAG(s) dict_keys(['example_skip_dag']) retrieved from /home/airflow/.local/lib/python3.7/site-packages/airflow/example_dags/example_skip_dag.py
[2024-05-23 09:51:05,256] {logging_mixin.py:115} INFO - [2024-05-23 09:51:05,256] {dag.py:2420} INFO - Sync 1 DAGs
[2024-05-23 09:51:05,269] {logging_mixin.py:115} INFO - [2024-05-23 09:51:05,269] {dag.py:2972} INFO - Setting next_dagrun for example_skip_dag to 2024-05-22T09:51:05.268898+00:00, run_after=2024-05-23T09:51:05.268898+00:00
[2024-05-23 09:51:05,275] {processor.py:161} INFO - Processing /home/airflow/.local/lib/python3.7/site-packages/airflow/example_dags/example_skip_dag.py took 0.044 seconds
[2024-05-23 09:51:35,660] {processor.py:153} INFO - Started process (PID=3449) to work on /home/airflow/.local/lib/python3.7/site-packages/airflow/example_dags/example_skip_dag.py
[2024-05-23 09:51:35,661] {processor.py:641} INFO - Processing file /home/airflow/.local/lib/python3.7/site-packages/airflow/example_dags/example_skip_dag.py for tasks to queue
[2024-05-23 09:51:35,662] {logging_mixin.py:115} INFO - [2024-05-23 09:51:35,662] {dagbag.py:508} INFO - Filling up the DagBag from /home/airflow/.local/lib/python3.7/site-packages/airflow/example_dags/example_skip_dag.py
[2024-05-23 09:51:35,666] {processor.py:651} INFO - DAG(s) dict_keys(['example_skip_dag']) retrieved from /home/airflow/.local/lib/python3.7/site-packages/airflow/example_dags/example_skip_dag.py
[2024-05-23 09:51:35,685] {logging_mixin.py:115} INFO - [2024-05-23 09:51:35,685] {dag.py:2420} INFO - Sync 1 DAGs
[2024-05-23 09:51:35,698] {logging_mixin.py:115} INFO - [2024-05-23 09:51:35,698] {dag.py:2972} INFO - Setting next_dagrun for example_skip_dag to 2024-05-22T09:51:35.697847+00:00, run_after=2024-05-23T09:51:35.697847+00:00
[2024-05-23 09:51:35,706] {processor.py:161} INFO - Processing /home/airflow/.local/lib/python3.7/site-packages/airflow/example_dags/example_skip_dag.py took 0.048 seconds
[2024-05-23 09:52:06,189] {processor.py:153} INFO - Started process (PID=3511) to work on /home/airflow/.local/lib/python3.7/site-packages/airflow/example_dags/example_skip_dag.py
[2024-05-23 09:52:06,190] {processor.py:641} INFO - Processing file /home/airflow/.local/lib/python3.7/site-packages/airflow/example_dags/example_skip_dag.py for tasks to queue
[2024-05-23 09:52:06,190] {logging_mixin.py:115} INFO - [2024-05-23 09:52:06,190] {dagbag.py:508} INFO - Filling up the DagBag from /home/airflow/.local/lib/python3.7/site-packages/airflow/example_dags/example_skip_dag.py
[2024-05-23 09:52:06,194] {processor.py:651} INFO - DAG(s) dict_keys(['example_skip_dag']) retrieved from /home/airflow/.local/lib/python3.7/site-packages/airflow/example_dags/example_skip_dag.py
[2024-05-23 09:52:06,213] {logging_mixin.py:115} INFO - [2024-05-23 09:52:06,213] {dag.py:2420} INFO - Sync 1 DAGs
[2024-05-23 09:52:06,225] {logging_mixin.py:115} INFO - [2024-05-23 09:52:06,225] {dag.py:2972} INFO - Setting next_dagrun for example_skip_dag to 2024-05-22T09:52:06.224987+00:00, run_after=2024-05-23T09:52:06.224987+00:00
[2024-05-23 09:52:06,231] {processor.py:161} INFO - Processing /home/airflow/.local/lib/python3.7/site-packages/airflow/example_dags/example_skip_dag.py took 0.044 seconds
[2024-05-23 09:52:36,592] {processor.py:153} INFO - Started process (PID=3573) to work on /home/airflow/.local/lib/python3.7/site-packages/airflow/example_dags/example_skip_dag.py
[2024-05-23 09:52:36,593] {processor.py:641} INFO - Processing file /home/airflow/.local/lib/python3.7/site-packages/airflow/example_dags/example_skip_dag.py for tasks to queue
[2024-05-23 09:52:36,593] {logging_mixin.py:115} INFO - [2024-05-23 09:52:36,593] {dagbag.py:508} INFO - Filling up the DagBag from /home/airflow/.local/lib/python3.7/site-packages/airflow/example_dags/example_skip_dag.py
[2024-05-23 09:52:36,597] {processor.py:651} INFO - DAG(s) dict_keys(['example_skip_dag']) retrieved from /home/airflow/.local/lib/python3.7/site-packages/airflow/example_dags/example_skip_dag.py
[2024-05-23 09:52:36,616] {logging_mixin.py:115} INFO - [2024-05-23 09:52:36,616] {dag.py:2420} INFO - Sync 1 DAGs
[2024-05-23 09:52:36,630] {logging_mixin.py:115} INFO - [2024-05-23 09:52:36,630] {dag.py:2972} INFO - Setting next_dagrun for example_skip_dag to 2024-05-22T09:52:36.629960+00:00, run_after=2024-05-23T09:52:36.629960+00:00
[2024-05-23 09:52:36,637] {processor.py:161} INFO - Processing /home/airflow/.local/lib/python3.7/site-packages/airflow/example_dags/example_skip_dag.py took 0.047 seconds
[2024-05-23 09:53:07,097] {processor.py:153} INFO - Started process (PID=3635) to work on /home/airflow/.local/lib/python3.7/site-packages/airflow/example_dags/example_skip_dag.py
[2024-05-23 09:53:07,098] {processor.py:641} INFO - Processing file /home/airflow/.local/lib/python3.7/site-packages/airflow/example_dags/example_skip_dag.py for tasks to queue
[2024-05-23 09:53:07,098] {logging_mixin.py:115} INFO - [2024-05-23 09:53:07,098] {dagbag.py:508} INFO - Filling up the DagBag from /home/airflow/.local/lib/python3.7/site-packages/airflow/example_dags/example_skip_dag.py
[2024-05-23 09:53:07,101] {processor.py:651} INFO - DAG(s) dict_keys(['example_skip_dag']) retrieved from /home/airflow/.local/lib/python3.7/site-packages/airflow/example_dags/example_skip_dag.py
[2024-05-23 09:53:07,119] {logging_mixin.py:115} INFO - [2024-05-23 09:53:07,119] {dag.py:2420} INFO - Sync 1 DAGs
[2024-05-23 09:53:07,132] {logging_mixin.py:115} INFO - [2024-05-23 09:53:07,131] {dag.py:2972} INFO - Setting next_dagrun for example_skip_dag to 2024-05-22T09:53:07.131790+00:00, run_after=2024-05-23T09:53:07.131790+00:00
[2024-05-23 09:53:07,138] {processor.py:161} INFO - Processing /home/airflow/.local/lib/python3.7/site-packages/airflow/example_dags/example_skip_dag.py took 0.043 seconds
[2024-05-23 09:53:37,682] {processor.py:153} INFO - Started process (PID=3697) to work on /home/airflow/.local/lib/python3.7/site-packages/airflow/example_dags/example_skip_dag.py
[2024-05-23 09:53:37,683] {processor.py:641} INFO - Processing file /home/airflow/.local/lib/python3.7/site-packages/airflow/example_dags/example_skip_dag.py for tasks to queue
[2024-05-23 09:53:37,683] {logging_mixin.py:115} INFO - [2024-05-23 09:53:37,683] {dagbag.py:508} INFO - Filling up the DagBag from /home/airflow/.local/lib/python3.7/site-packages/airflow/example_dags/example_skip_dag.py
[2024-05-23 09:53:37,686] {processor.py:651} INFO - DAG(s) dict_keys(['example_skip_dag']) retrieved from /home/airflow/.local/lib/python3.7/site-packages/airflow/example_dags/example_skip_dag.py
[2024-05-23 09:53:37,705] {logging_mixin.py:115} INFO - [2024-05-23 09:53:37,705] {dag.py:2420} INFO - Sync 1 DAGs
[2024-05-23 09:53:37,717] {logging_mixin.py:115} INFO - [2024-05-23 09:53:37,716] {dag.py:2972} INFO - Setting next_dagrun for example_skip_dag to 2024-05-22T09:53:37.716767+00:00, run_after=2024-05-23T09:53:37.716767+00:00
[2024-05-23 09:53:37,723] {processor.py:161} INFO - Processing /home/airflow/.local/lib/python3.7/site-packages/airflow/example_dags/example_skip_dag.py took 0.044 seconds
[2024-05-23 09:54:08,226] {processor.py:153} INFO - Started process (PID=3759) to work on /home/airflow/.local/lib/python3.7/site-packages/airflow/example_dags/example_skip_dag.py
[2024-05-23 09:54:08,228] {processor.py:641} INFO - Processing file /home/airflow/.local/lib/python3.7/site-packages/airflow/example_dags/example_skip_dag.py for tasks to queue
[2024-05-23 09:54:08,228] {logging_mixin.py:115} INFO - [2024-05-23 09:54:08,228] {dagbag.py:508} INFO - Filling up the DagBag from /home/airflow/.local/lib/python3.7/site-packages/airflow/example_dags/example_skip_dag.py
[2024-05-23 09:54:08,232] {processor.py:651} INFO - DAG(s) dict_keys(['example_skip_dag']) retrieved from /home/airflow/.local/lib/python3.7/site-packages/airflow/example_dags/example_skip_dag.py
[2024-05-23 09:54:08,253] {logging_mixin.py:115} INFO - [2024-05-23 09:54:08,253] {dag.py:2420} INFO - Sync 1 DAGs
[2024-05-23 09:54:08,268] {logging_mixin.py:115} INFO - [2024-05-23 09:54:08,268] {dag.py:2972} INFO - Setting next_dagrun for example_skip_dag to 2024-05-22T09:54:08.268156+00:00, run_after=2024-05-23T09:54:08.268156+00:00
[2024-05-23 09:54:08,276] {processor.py:161} INFO - Processing /home/airflow/.local/lib/python3.7/site-packages/airflow/example_dags/example_skip_dag.py took 0.052 seconds
[2024-05-23 09:54:38,676] {processor.py:153} INFO - Started process (PID=3812) to work on /home/airflow/.local/lib/python3.7/site-packages/airflow/example_dags/example_skip_dag.py
[2024-05-23 09:54:38,677] {processor.py:641} INFO - Processing file /home/airflow/.local/lib/python3.7/site-packages/airflow/example_dags/example_skip_dag.py for tasks to queue
[2024-05-23 09:54:38,677] {logging_mixin.py:115} INFO - [2024-05-23 09:54:38,677] {dagbag.py:508} INFO - Filling up the DagBag from /home/airflow/.local/lib/python3.7/site-packages/airflow/example_dags/example_skip_dag.py
[2024-05-23 09:54:38,681] {processor.py:651} INFO - DAG(s) dict_keys(['example_skip_dag']) retrieved from /home/airflow/.local/lib/python3.7/site-packages/airflow/example_dags/example_skip_dag.py
[2024-05-23 09:54:38,700] {logging_mixin.py:115} INFO - [2024-05-23 09:54:38,700] {dag.py:2420} INFO - Sync 1 DAGs
[2024-05-23 09:54:38,713] {logging_mixin.py:115} INFO - [2024-05-23 09:54:38,712] {dag.py:2972} INFO - Setting next_dagrun for example_skip_dag to 2024-05-22T09:54:38.712784+00:00, run_after=2024-05-23T09:54:38.712784+00:00
[2024-05-23 09:54:38,720] {processor.py:161} INFO - Processing /home/airflow/.local/lib/python3.7/site-packages/airflow/example_dags/example_skip_dag.py took 0.047 seconds
[2024-05-23 09:55:09,084] {processor.py:153} INFO - Started process (PID=3874) to work on /home/airflow/.local/lib/python3.7/site-packages/airflow/example_dags/example_skip_dag.py
[2024-05-23 09:55:09,085] {processor.py:641} INFO - Processing file /home/airflow/.local/lib/python3.7/site-packages/airflow/example_dags/example_skip_dag.py for tasks to queue
[2024-05-23 09:55:09,085] {logging_mixin.py:115} INFO - [2024-05-23 09:55:09,085] {dagbag.py:508} INFO - Filling up the DagBag from /home/airflow/.local/lib/python3.7/site-packages/airflow/example_dags/example_skip_dag.py
[2024-05-23 09:55:09,089] {processor.py:651} INFO - DAG(s) dict_keys(['example_skip_dag']) retrieved from /home/airflow/.local/lib/python3.7/site-packages/airflow/example_dags/example_skip_dag.py
[2024-05-23 09:55:09,109] {logging_mixin.py:115} INFO - [2024-05-23 09:55:09,109] {dag.py:2420} INFO - Sync 1 DAGs
[2024-05-23 09:55:09,123] {logging_mixin.py:115} INFO - [2024-05-23 09:55:09,123] {dag.py:2972} INFO - Setting next_dagrun for example_skip_dag to 2024-05-22T09:55:09.123469+00:00, run_after=2024-05-23T09:55:09.123469+00:00
[2024-05-23 09:55:09,131] {processor.py:161} INFO - Processing /home/airflow/.local/lib/python3.7/site-packages/airflow/example_dags/example_skip_dag.py took 0.050 seconds
[2024-05-23 09:55:39,618] {processor.py:153} INFO - Started process (PID=3936) to work on /home/airflow/.local/lib/python3.7/site-packages/airflow/example_dags/example_skip_dag.py
[2024-05-23 09:55:39,618] {processor.py:641} INFO - Processing file /home/airflow/.local/lib/python3.7/site-packages/airflow/example_dags/example_skip_dag.py for tasks to queue
[2024-05-23 09:55:39,619] {logging_mixin.py:115} INFO - [2024-05-23 09:55:39,619] {dagbag.py:508} INFO - Filling up the DagBag from /home/airflow/.local/lib/python3.7/site-packages/airflow/example_dags/example_skip_dag.py
[2024-05-23 09:55:39,623] {processor.py:651} INFO - DAG(s) dict_keys(['example_skip_dag']) retrieved from /home/airflow/.local/lib/python3.7/site-packages/airflow/example_dags/example_skip_dag.py
[2024-05-23 09:55:39,642] {logging_mixin.py:115} INFO - [2024-05-23 09:55:39,642] {dag.py:2420} INFO - Sync 1 DAGs
[2024-05-23 09:55:39,655] {logging_mixin.py:115} INFO - [2024-05-23 09:55:39,655] {dag.py:2972} INFO - Setting next_dagrun for example_skip_dag to 2024-05-22T09:55:39.655039+00:00, run_after=2024-05-23T09:55:39.655039+00:00
[2024-05-23 09:55:39,662] {processor.py:161} INFO - Processing /home/airflow/.local/lib/python3.7/site-packages/airflow/example_dags/example_skip_dag.py took 0.047 seconds
[2024-05-23 09:56:10,021] {processor.py:153} INFO - Started process (PID=3998) to work on /home/airflow/.local/lib/python3.7/site-packages/airflow/example_dags/example_skip_dag.py
[2024-05-23 09:56:10,022] {processor.py:641} INFO - Processing file /home/airflow/.local/lib/python3.7/site-packages/airflow/example_dags/example_skip_dag.py for tasks to queue
[2024-05-23 09:56:10,022] {logging_mixin.py:115} INFO - [2024-05-23 09:56:10,022] {dagbag.py:508} INFO - Filling up the DagBag from /home/airflow/.local/lib/python3.7/site-packages/airflow/example_dags/example_skip_dag.py
[2024-05-23 09:56:10,025] {processor.py:651} INFO - DAG(s) dict_keys(['example_skip_dag']) retrieved from /home/airflow/.local/lib/python3.7/site-packages/airflow/example_dags/example_skip_dag.py
[2024-05-23 09:56:10,045] {logging_mixin.py:115} INFO - [2024-05-23 09:56:10,044] {dag.py:2420} INFO - Sync 1 DAGs
[2024-05-23 09:56:10,057] {logging_mixin.py:115} INFO - [2024-05-23 09:56:10,057] {dag.py:2972} INFO - Setting next_dagrun for example_skip_dag to 2024-05-22T09:56:10.056902+00:00, run_after=2024-05-23T09:56:10.056902+00:00
[2024-05-23 09:56:10,063] {processor.py:161} INFO - Processing /home/airflow/.local/lib/python3.7/site-packages/airflow/example_dags/example_skip_dag.py took 0.045 seconds
[2024-05-23 09:56:40,518] {processor.py:153} INFO - Started process (PID=4060) to work on /home/airflow/.local/lib/python3.7/site-packages/airflow/example_dags/example_skip_dag.py
[2024-05-23 09:56:40,519] {processor.py:641} INFO - Processing file /home/airflow/.local/lib/python3.7/site-packages/airflow/example_dags/example_skip_dag.py for tasks to queue
[2024-05-23 09:56:40,519] {logging_mixin.py:115} INFO - [2024-05-23 09:56:40,519] {dagbag.py:508} INFO - Filling up the DagBag from /home/airflow/.local/lib/python3.7/site-packages/airflow/example_dags/example_skip_dag.py
[2024-05-23 09:56:40,523] {processor.py:651} INFO - DAG(s) dict_keys(['example_skip_dag']) retrieved from /home/airflow/.local/lib/python3.7/site-packages/airflow/example_dags/example_skip_dag.py
[2024-05-23 09:56:40,541] {logging_mixin.py:115} INFO - [2024-05-23 09:56:40,541] {dag.py:2420} INFO - Sync 1 DAGs
[2024-05-23 09:56:40,553] {logging_mixin.py:115} INFO - [2024-05-23 09:56:40,553] {dag.py:2972} INFO - Setting next_dagrun for example_skip_dag to 2024-05-22T09:56:40.553270+00:00, run_after=2024-05-23T09:56:40.553270+00:00
[2024-05-23 09:56:40,560] {processor.py:161} INFO - Processing /home/airflow/.local/lib/python3.7/site-packages/airflow/example_dags/example_skip_dag.py took 0.044 seconds
[2024-05-23 09:57:10,932] {processor.py:153} INFO - Started process (PID=4113) to work on /home/airflow/.local/lib/python3.7/site-packages/airflow/example_dags/example_skip_dag.py
[2024-05-23 09:57:10,933] {processor.py:641} INFO - Processing file /home/airflow/.local/lib/python3.7/site-packages/airflow/example_dags/example_skip_dag.py for tasks to queue
[2024-05-23 09:57:10,933] {logging_mixin.py:115} INFO - [2024-05-23 09:57:10,933] {dagbag.py:508} INFO - Filling up the DagBag from /home/airflow/.local/lib/python3.7/site-packages/airflow/example_dags/example_skip_dag.py
[2024-05-23 09:57:10,937] {processor.py:651} INFO - DAG(s) dict_keys(['example_skip_dag']) retrieved from /home/airflow/.local/lib/python3.7/site-packages/airflow/example_dags/example_skip_dag.py
[2024-05-23 09:57:10,955] {logging_mixin.py:115} INFO - [2024-05-23 09:57:10,955] {dag.py:2420} INFO - Sync 1 DAGs
[2024-05-23 09:57:10,968] {logging_mixin.py:115} INFO - [2024-05-23 09:57:10,968] {dag.py:2972} INFO - Setting next_dagrun for example_skip_dag to 2024-05-22T09:57:10.968201+00:00, run_after=2024-05-23T09:57:10.968201+00:00
[2024-05-23 09:57:10,975] {processor.py:161} INFO - Processing /home/airflow/.local/lib/python3.7/site-packages/airflow/example_dags/example_skip_dag.py took 0.045 seconds
[2024-05-23 09:57:41,449] {processor.py:153} INFO - Started process (PID=4175) to work on /home/airflow/.local/lib/python3.7/site-packages/airflow/example_dags/example_skip_dag.py
[2024-05-23 09:57:41,449] {processor.py:641} INFO - Processing file /home/airflow/.local/lib/python3.7/site-packages/airflow/example_dags/example_skip_dag.py for tasks to queue
[2024-05-23 09:57:41,450] {logging_mixin.py:115} INFO - [2024-05-23 09:57:41,450] {dagbag.py:508} INFO - Filling up the DagBag from /home/airflow/.local/lib/python3.7/site-packages/airflow/example_dags/example_skip_dag.py
[2024-05-23 09:57:41,453] {processor.py:651} INFO - DAG(s) dict_keys(['example_skip_dag']) retrieved from /home/airflow/.local/lib/python3.7/site-packages/airflow/example_dags/example_skip_dag.py
[2024-05-23 09:57:41,471] {logging_mixin.py:115} INFO - [2024-05-23 09:57:41,471] {dag.py:2420} INFO - Sync 1 DAGs
[2024-05-23 09:57:41,483] {logging_mixin.py:115} INFO - [2024-05-23 09:57:41,483] {dag.py:2972} INFO - Setting next_dagrun for example_skip_dag to 2024-05-22T09:57:41.483138+00:00, run_after=2024-05-23T09:57:41.483138+00:00
[2024-05-23 09:57:41,490] {processor.py:161} INFO - Processing /home/airflow/.local/lib/python3.7/site-packages/airflow/example_dags/example_skip_dag.py took 0.043 seconds
[2024-05-23 09:58:11,941] {processor.py:153} INFO - Started process (PID=4237) to work on /home/airflow/.local/lib/python3.7/site-packages/airflow/example_dags/example_skip_dag.py
[2024-05-23 09:58:11,942] {processor.py:641} INFO - Processing file /home/airflow/.local/lib/python3.7/site-packages/airflow/example_dags/example_skip_dag.py for tasks to queue
[2024-05-23 09:58:11,942] {logging_mixin.py:115} INFO - [2024-05-23 09:58:11,942] {dagbag.py:508} INFO - Filling up the DagBag from /home/airflow/.local/lib/python3.7/site-packages/airflow/example_dags/example_skip_dag.py
[2024-05-23 09:58:11,945] {processor.py:651} INFO - DAG(s) dict_keys(['example_skip_dag']) retrieved from /home/airflow/.local/lib/python3.7/site-packages/airflow/example_dags/example_skip_dag.py
[2024-05-23 09:58:11,963] {logging_mixin.py:115} INFO - [2024-05-23 09:58:11,963] {dag.py:2420} INFO - Sync 1 DAGs
[2024-05-23 09:58:11,975] {logging_mixin.py:115} INFO - [2024-05-23 09:58:11,975] {dag.py:2972} INFO - Setting next_dagrun for example_skip_dag to 2024-05-22T09:58:11.975703+00:00, run_after=2024-05-23T09:58:11.975703+00:00
[2024-05-23 09:58:11,983] {processor.py:161} INFO - Processing /home/airflow/.local/lib/python3.7/site-packages/airflow/example_dags/example_skip_dag.py took 0.044 seconds
[2024-05-23 09:58:42,429] {processor.py:153} INFO - Started process (PID=4299) to work on /home/airflow/.local/lib/python3.7/site-packages/airflow/example_dags/example_skip_dag.py
[2024-05-23 09:58:42,430] {processor.py:641} INFO - Processing file /home/airflow/.local/lib/python3.7/site-packages/airflow/example_dags/example_skip_dag.py for tasks to queue
[2024-05-23 09:58:42,430] {logging_mixin.py:115} INFO - [2024-05-23 09:58:42,430] {dagbag.py:508} INFO - Filling up the DagBag from /home/airflow/.local/lib/python3.7/site-packages/airflow/example_dags/example_skip_dag.py
[2024-05-23 09:58:42,433] {processor.py:651} INFO - DAG(s) dict_keys(['example_skip_dag']) retrieved from /home/airflow/.local/lib/python3.7/site-packages/airflow/example_dags/example_skip_dag.py
[2024-05-23 09:58:42,452] {logging_mixin.py:115} INFO - [2024-05-23 09:58:42,452] {dag.py:2420} INFO - Sync 1 DAGs
[2024-05-23 09:58:42,464] {logging_mixin.py:115} INFO - [2024-05-23 09:58:42,464] {dag.py:2972} INFO - Setting next_dagrun for example_skip_dag to 2024-05-22T09:58:42.463890+00:00, run_after=2024-05-23T09:58:42.463890+00:00
[2024-05-23 09:58:42,470] {processor.py:161} INFO - Processing /home/airflow/.local/lib/python3.7/site-packages/airflow/example_dags/example_skip_dag.py took 0.043 seconds
[2024-05-23 09:59:12,903] {processor.py:153} INFO - Started process (PID=4361) to work on /home/airflow/.local/lib/python3.7/site-packages/airflow/example_dags/example_skip_dag.py
[2024-05-23 09:59:12,905] {processor.py:641} INFO - Processing file /home/airflow/.local/lib/python3.7/site-packages/airflow/example_dags/example_skip_dag.py for tasks to queue
[2024-05-23 09:59:12,905] {logging_mixin.py:115} INFO - [2024-05-23 09:59:12,905] {dagbag.py:508} INFO - Filling up the DagBag from /home/airflow/.local/lib/python3.7/site-packages/airflow/example_dags/example_skip_dag.py
[2024-05-23 09:59:12,908] {processor.py:651} INFO - DAG(s) dict_keys(['example_skip_dag']) retrieved from /home/airflow/.local/lib/python3.7/site-packages/airflow/example_dags/example_skip_dag.py
[2024-05-23 09:59:12,928] {logging_mixin.py:115} INFO - [2024-05-23 09:59:12,928] {dag.py:2420} INFO - Sync 1 DAGs
[2024-05-23 09:59:12,942] {logging_mixin.py:115} INFO - [2024-05-23 09:59:12,941] {dag.py:2972} INFO - Setting next_dagrun for example_skip_dag to 2024-05-22T09:59:12.941800+00:00, run_after=2024-05-23T09:59:12.941800+00:00
[2024-05-23 09:59:12,948] {processor.py:161} INFO - Processing /home/airflow/.local/lib/python3.7/site-packages/airflow/example_dags/example_skip_dag.py took 0.048 seconds
[2024-05-23 09:59:43,331] {processor.py:153} INFO - Started process (PID=4423) to work on /home/airflow/.local/lib/python3.7/site-packages/airflow/example_dags/example_skip_dag.py
[2024-05-23 09:59:43,332] {processor.py:641} INFO - Processing file /home/airflow/.local/lib/python3.7/site-packages/airflow/example_dags/example_skip_dag.py for tasks to queue
[2024-05-23 09:59:43,332] {logging_mixin.py:115} INFO - [2024-05-23 09:59:43,332] {dagbag.py:508} INFO - Filling up the DagBag from /home/airflow/.local/lib/python3.7/site-packages/airflow/example_dags/example_skip_dag.py
[2024-05-23 09:59:43,335] {processor.py:651} INFO - DAG(s) dict_keys(['example_skip_dag']) retrieved from /home/airflow/.local/lib/python3.7/site-packages/airflow/example_dags/example_skip_dag.py
[2024-05-23 09:59:43,355] {logging_mixin.py:115} INFO - [2024-05-23 09:59:43,355] {dag.py:2420} INFO - Sync 1 DAGs
[2024-05-23 09:59:43,367] {logging_mixin.py:115} INFO - [2024-05-23 09:59:43,367] {dag.py:2972} INFO - Setting next_dagrun for example_skip_dag to 2024-05-22T09:59:43.366842+00:00, run_after=2024-05-23T09:59:43.366842+00:00
[2024-05-23 09:59:43,375] {processor.py:161} INFO - Processing /home/airflow/.local/lib/python3.7/site-packages/airflow/example_dags/example_skip_dag.py took 0.046 seconds
[2024-05-23 10:00:13,766] {processor.py:153} INFO - Started process (PID=4476) to work on /home/airflow/.local/lib/python3.7/site-packages/airflow/example_dags/example_skip_dag.py
[2024-05-23 10:00:13,767] {processor.py:641} INFO - Processing file /home/airflow/.local/lib/python3.7/site-packages/airflow/example_dags/example_skip_dag.py for tasks to queue
[2024-05-23 10:00:13,767] {logging_mixin.py:115} INFO - [2024-05-23 10:00:13,767] {dagbag.py:508} INFO - Filling up the DagBag from /home/airflow/.local/lib/python3.7/site-packages/airflow/example_dags/example_skip_dag.py
[2024-05-23 10:00:13,770] {processor.py:651} INFO - DAG(s) dict_keys(['example_skip_dag']) retrieved from /home/airflow/.local/lib/python3.7/site-packages/airflow/example_dags/example_skip_dag.py
[2024-05-23 10:00:13,789] {logging_mixin.py:115} INFO - [2024-05-23 10:00:13,789] {dag.py:2420} INFO - Sync 1 DAGs
[2024-05-23 10:00:13,802] {logging_mixin.py:115} INFO - [2024-05-23 10:00:13,802] {dag.py:2972} INFO - Setting next_dagrun for example_skip_dag to 2024-05-22T10:00:13.802529+00:00, run_after=2024-05-23T10:00:13.802529+00:00
[2024-05-23 10:00:13,809] {processor.py:161} INFO - Processing /home/airflow/.local/lib/python3.7/site-packages/airflow/example_dags/example_skip_dag.py took 0.045 seconds
