[2024-05-23 09:23:06,484] {processor.py:153} INFO - Started process (PID=40) to work on /home/airflow/.local/lib/python3.7/site-packages/airflow/example_dags/example_task_group.py
[2024-05-23 09:23:06,486] {processor.py:641} INFO - Processing file /home/airflow/.local/lib/python3.7/site-packages/airflow/example_dags/example_task_group.py for tasks to queue
[2024-05-23 09:23:06,488] {logging_mixin.py:115} INFO - [2024-05-23 09:23:06,487] {dagbag.py:508} INFO - Filling up the DagBag from /home/airflow/.local/lib/python3.7/site-packages/airflow/example_dags/example_task_group.py
[2024-05-23 09:23:06,666] {processor.py:651} INFO - DAG(s) dict_keys(['example_task_group']) retrieved from /home/airflow/.local/lib/python3.7/site-packages/airflow/example_dags/example_task_group.py
[2024-05-23 09:23:06,752] {logging_mixin.py:115} INFO - [2024-05-23 09:23:06,752] {manager.py:508} INFO - Created Permission View: can edit on DAG:example_task_group
[2024-05-23 09:23:06,766] {logging_mixin.py:115} INFO - [2024-05-23 09:23:06,766] {manager.py:508} INFO - Created Permission View: can read on DAG:example_task_group
[2024-05-23 09:23:06,775] {logging_mixin.py:115} INFO - [2024-05-23 09:23:06,775] {manager.py:508} INFO - Created Permission View: can delete on DAG:example_task_group
[2024-05-23 09:23:06,776] {logging_mixin.py:115} INFO - [2024-05-23 09:23:06,776] {dag.py:2420} INFO - Sync 1 DAGs
[2024-05-23 09:23:06,787] {logging_mixin.py:115} INFO - [2024-05-23 09:23:06,786] {dag.py:2439} INFO - Creating ORM DAG for example_task_group
[2024-05-23 09:23:06,797] {logging_mixin.py:115} INFO - [2024-05-23 09:23:06,796] {dag.py:2972} INFO - Setting next_dagrun for example_task_group to 2024-05-22T09:23:06.796746+00:00, run_after=2024-05-23T09:23:06.796746+00:00
[2024-05-23 09:23:06,806] {processor.py:161} INFO - Processing /home/airflow/.local/lib/python3.7/site-packages/airflow/example_dags/example_task_group.py took 0.326 seconds
[2024-05-23 09:23:37,556] {processor.py:153} INFO - Started process (PID=101) to work on /home/airflow/.local/lib/python3.7/site-packages/airflow/example_dags/example_task_group.py
[2024-05-23 09:23:37,558] {processor.py:641} INFO - Processing file /home/airflow/.local/lib/python3.7/site-packages/airflow/example_dags/example_task_group.py for tasks to queue
[2024-05-23 09:23:37,559] {logging_mixin.py:115} INFO - [2024-05-23 09:23:37,558] {dagbag.py:508} INFO - Filling up the DagBag from /home/airflow/.local/lib/python3.7/site-packages/airflow/example_dags/example_task_group.py
[2024-05-23 09:23:37,567] {processor.py:651} INFO - DAG(s) dict_keys(['example_task_group']) retrieved from /home/airflow/.local/lib/python3.7/site-packages/airflow/example_dags/example_task_group.py
[2024-05-23 09:23:37,601] {logging_mixin.py:115} INFO - [2024-05-23 09:23:37,600] {dag.py:2420} INFO - Sync 1 DAGs
[2024-05-23 09:23:37,636] {logging_mixin.py:115} INFO - [2024-05-23 09:23:37,636] {dag.py:2972} INFO - Setting next_dagrun for example_task_group to 2024-05-22T09:23:37.636344+00:00, run_after=2024-05-23T09:23:37.636344+00:00
[2024-05-23 09:23:37,645] {processor.py:161} INFO - Processing /home/airflow/.local/lib/python3.7/site-packages/airflow/example_dags/example_task_group.py took 0.093 seconds
[2024-05-23 09:24:08,087] {processor.py:153} INFO - Started process (PID=162) to work on /home/airflow/.local/lib/python3.7/site-packages/airflow/example_dags/example_task_group.py
[2024-05-23 09:24:08,088] {processor.py:641} INFO - Processing file /home/airflow/.local/lib/python3.7/site-packages/airflow/example_dags/example_task_group.py for tasks to queue
[2024-05-23 09:24:08,089] {logging_mixin.py:115} INFO - [2024-05-23 09:24:08,089] {dagbag.py:508} INFO - Filling up the DagBag from /home/airflow/.local/lib/python3.7/site-packages/airflow/example_dags/example_task_group.py
[2024-05-23 09:24:08,101] {processor.py:651} INFO - DAG(s) dict_keys(['example_task_group']) retrieved from /home/airflow/.local/lib/python3.7/site-packages/airflow/example_dags/example_task_group.py
[2024-05-23 09:24:08,129] {logging_mixin.py:115} INFO - [2024-05-23 09:24:08,129] {dag.py:2420} INFO - Sync 1 DAGs
[2024-05-23 09:24:08,147] {logging_mixin.py:115} INFO - [2024-05-23 09:24:08,147] {dag.py:2972} INFO - Setting next_dagrun for example_task_group to 2024-05-22T09:24:08.146746+00:00, run_after=2024-05-23T09:24:08.146746+00:00
[2024-05-23 09:24:08,156] {processor.py:161} INFO - Processing /home/airflow/.local/lib/python3.7/site-packages/airflow/example_dags/example_task_group.py took 0.074 seconds
[2024-05-23 09:24:38,557] {processor.py:153} INFO - Started process (PID=223) to work on /home/airflow/.local/lib/python3.7/site-packages/airflow/example_dags/example_task_group.py
[2024-05-23 09:24:38,557] {processor.py:641} INFO - Processing file /home/airflow/.local/lib/python3.7/site-packages/airflow/example_dags/example_task_group.py for tasks to queue
[2024-05-23 09:24:38,558] {logging_mixin.py:115} INFO - [2024-05-23 09:24:38,558] {dagbag.py:508} INFO - Filling up the DagBag from /home/airflow/.local/lib/python3.7/site-packages/airflow/example_dags/example_task_group.py
[2024-05-23 09:24:38,562] {processor.py:651} INFO - DAG(s) dict_keys(['example_task_group']) retrieved from /home/airflow/.local/lib/python3.7/site-packages/airflow/example_dags/example_task_group.py
[2024-05-23 09:24:38,581] {logging_mixin.py:115} INFO - [2024-05-23 09:24:38,580] {dag.py:2420} INFO - Sync 1 DAGs
[2024-05-23 09:24:38,593] {logging_mixin.py:115} INFO - [2024-05-23 09:24:38,593] {dag.py:2972} INFO - Setting next_dagrun for example_task_group to 2024-05-22T09:24:38.593172+00:00, run_after=2024-05-23T09:24:38.593172+00:00
[2024-05-23 09:24:38,600] {processor.py:161} INFO - Processing /home/airflow/.local/lib/python3.7/site-packages/airflow/example_dags/example_task_group.py took 0.045 seconds
[2024-05-23 09:25:09,009] {processor.py:153} INFO - Started process (PID=275) to work on /home/airflow/.local/lib/python3.7/site-packages/airflow/example_dags/example_task_group.py
[2024-05-23 09:25:09,010] {processor.py:641} INFO - Processing file /home/airflow/.local/lib/python3.7/site-packages/airflow/example_dags/example_task_group.py for tasks to queue
[2024-05-23 09:25:09,012] {logging_mixin.py:115} INFO - [2024-05-23 09:25:09,012] {dagbag.py:508} INFO - Filling up the DagBag from /home/airflow/.local/lib/python3.7/site-packages/airflow/example_dags/example_task_group.py
[2024-05-23 09:25:09,026] {processor.py:651} INFO - DAG(s) dict_keys(['example_task_group']) retrieved from /home/airflow/.local/lib/python3.7/site-packages/airflow/example_dags/example_task_group.py
[2024-05-23 09:25:09,065] {logging_mixin.py:115} INFO - [2024-05-23 09:25:09,065] {dag.py:2420} INFO - Sync 1 DAGs
[2024-05-23 09:25:09,083] {logging_mixin.py:115} INFO - [2024-05-23 09:25:09,083] {dag.py:2972} INFO - Setting next_dagrun for example_task_group to 2024-05-22T09:25:09.082912+00:00, run_after=2024-05-23T09:25:09.082912+00:00
[2024-05-23 09:25:09,092] {processor.py:161} INFO - Processing /home/airflow/.local/lib/python3.7/site-packages/airflow/example_dags/example_task_group.py took 0.091 seconds
[2024-05-23 09:25:39,539] {processor.py:153} INFO - Started process (PID=336) to work on /home/airflow/.local/lib/python3.7/site-packages/airflow/example_dags/example_task_group.py
[2024-05-23 09:25:39,540] {processor.py:641} INFO - Processing file /home/airflow/.local/lib/python3.7/site-packages/airflow/example_dags/example_task_group.py for tasks to queue
[2024-05-23 09:25:39,541] {logging_mixin.py:115} INFO - [2024-05-23 09:25:39,541] {dagbag.py:508} INFO - Filling up the DagBag from /home/airflow/.local/lib/python3.7/site-packages/airflow/example_dags/example_task_group.py
[2024-05-23 09:25:39,549] {processor.py:651} INFO - DAG(s) dict_keys(['example_task_group']) retrieved from /home/airflow/.local/lib/python3.7/site-packages/airflow/example_dags/example_task_group.py
[2024-05-23 09:25:39,574] {logging_mixin.py:115} INFO - [2024-05-23 09:25:39,574] {dag.py:2420} INFO - Sync 1 DAGs
[2024-05-23 09:25:39,588] {logging_mixin.py:115} INFO - [2024-05-23 09:25:39,588] {dag.py:2972} INFO - Setting next_dagrun for example_task_group to 2024-05-22T09:25:39.588564+00:00, run_after=2024-05-23T09:25:39.588564+00:00
[2024-05-23 09:25:39,596] {processor.py:161} INFO - Processing /home/airflow/.local/lib/python3.7/site-packages/airflow/example_dags/example_task_group.py took 0.061 seconds
[2024-05-23 09:26:09,983] {processor.py:153} INFO - Started process (PID=397) to work on /home/airflow/.local/lib/python3.7/site-packages/airflow/example_dags/example_task_group.py
[2024-05-23 09:26:09,985] {processor.py:641} INFO - Processing file /home/airflow/.local/lib/python3.7/site-packages/airflow/example_dags/example_task_group.py for tasks to queue
[2024-05-23 09:26:09,986] {logging_mixin.py:115} INFO - [2024-05-23 09:26:09,986] {dagbag.py:508} INFO - Filling up the DagBag from /home/airflow/.local/lib/python3.7/site-packages/airflow/example_dags/example_task_group.py
[2024-05-23 09:26:09,997] {processor.py:651} INFO - DAG(s) dict_keys(['example_task_group']) retrieved from /home/airflow/.local/lib/python3.7/site-packages/airflow/example_dags/example_task_group.py
[2024-05-23 09:26:10,030] {logging_mixin.py:115} INFO - [2024-05-23 09:26:10,030] {dag.py:2420} INFO - Sync 1 DAGs
[2024-05-23 09:26:10,046] {logging_mixin.py:115} INFO - [2024-05-23 09:26:10,046] {dag.py:2972} INFO - Setting next_dagrun for example_task_group to 2024-05-22T09:26:10.046218+00:00, run_after=2024-05-23T09:26:10.046218+00:00
[2024-05-23 09:26:10,054] {processor.py:161} INFO - Processing /home/airflow/.local/lib/python3.7/site-packages/airflow/example_dags/example_task_group.py took 0.075 seconds
[2024-05-23 09:26:40,458] {processor.py:153} INFO - Started process (PID=458) to work on /home/airflow/.local/lib/python3.7/site-packages/airflow/example_dags/example_task_group.py
[2024-05-23 09:26:40,459] {processor.py:641} INFO - Processing file /home/airflow/.local/lib/python3.7/site-packages/airflow/example_dags/example_task_group.py for tasks to queue
[2024-05-23 09:26:40,460] {logging_mixin.py:115} INFO - [2024-05-23 09:26:40,460] {dagbag.py:508} INFO - Filling up the DagBag from /home/airflow/.local/lib/python3.7/site-packages/airflow/example_dags/example_task_group.py
[2024-05-23 09:26:40,467] {processor.py:651} INFO - DAG(s) dict_keys(['example_task_group']) retrieved from /home/airflow/.local/lib/python3.7/site-packages/airflow/example_dags/example_task_group.py
[2024-05-23 09:26:40,489] {logging_mixin.py:115} INFO - [2024-05-23 09:26:40,489] {dag.py:2420} INFO - Sync 1 DAGs
[2024-05-23 09:26:40,501] {logging_mixin.py:115} INFO - [2024-05-23 09:26:40,501] {dag.py:2972} INFO - Setting next_dagrun for example_task_group to 2024-05-22T09:26:40.501580+00:00, run_after=2024-05-23T09:26:40.501580+00:00
[2024-05-23 09:26:40,509] {processor.py:161} INFO - Processing /home/airflow/.local/lib/python3.7/site-packages/airflow/example_dags/example_task_group.py took 0.055 seconds
[2024-05-23 09:27:10,904] {processor.py:153} INFO - Started process (PID=519) to work on /home/airflow/.local/lib/python3.7/site-packages/airflow/example_dags/example_task_group.py
[2024-05-23 09:27:10,905] {processor.py:641} INFO - Processing file /home/airflow/.local/lib/python3.7/site-packages/airflow/example_dags/example_task_group.py for tasks to queue
[2024-05-23 09:27:10,906] {logging_mixin.py:115} INFO - [2024-05-23 09:27:10,906] {dagbag.py:508} INFO - Filling up the DagBag from /home/airflow/.local/lib/python3.7/site-packages/airflow/example_dags/example_task_group.py
[2024-05-23 09:27:10,913] {processor.py:651} INFO - DAG(s) dict_keys(['example_task_group']) retrieved from /home/airflow/.local/lib/python3.7/site-packages/airflow/example_dags/example_task_group.py
[2024-05-23 09:27:10,935] {logging_mixin.py:115} INFO - [2024-05-23 09:27:10,935] {dag.py:2420} INFO - Sync 1 DAGs
[2024-05-23 09:27:10,950] {logging_mixin.py:115} INFO - [2024-05-23 09:27:10,950] {dag.py:2972} INFO - Setting next_dagrun for example_task_group to 2024-05-22T09:27:10.950034+00:00, run_after=2024-05-23T09:27:10.950034+00:00
[2024-05-23 09:27:10,958] {processor.py:161} INFO - Processing /home/airflow/.local/lib/python3.7/site-packages/airflow/example_dags/example_task_group.py took 0.056 seconds
[2024-05-23 09:27:41,278] {processor.py:153} INFO - Started process (PID=580) to work on /home/airflow/.local/lib/python3.7/site-packages/airflow/example_dags/example_task_group.py
[2024-05-23 09:27:41,280] {processor.py:641} INFO - Processing file /home/airflow/.local/lib/python3.7/site-packages/airflow/example_dags/example_task_group.py for tasks to queue
[2024-05-23 09:27:41,282] {logging_mixin.py:115} INFO - [2024-05-23 09:27:41,282] {dagbag.py:508} INFO - Filling up the DagBag from /home/airflow/.local/lib/python3.7/site-packages/airflow/example_dags/example_task_group.py
[2024-05-23 09:27:41,295] {processor.py:651} INFO - DAG(s) dict_keys(['example_task_group']) retrieved from /home/airflow/.local/lib/python3.7/site-packages/airflow/example_dags/example_task_group.py
[2024-05-23 09:27:41,345] {logging_mixin.py:115} INFO - [2024-05-23 09:27:41,344] {dag.py:2420} INFO - Sync 1 DAGs
[2024-05-23 09:27:41,361] {logging_mixin.py:115} INFO - [2024-05-23 09:27:41,361] {dag.py:2972} INFO - Setting next_dagrun for example_task_group to 2024-05-22T09:27:41.361363+00:00, run_after=2024-05-23T09:27:41.361363+00:00
[2024-05-23 09:27:41,369] {processor.py:161} INFO - Processing /home/airflow/.local/lib/python3.7/site-packages/airflow/example_dags/example_task_group.py took 0.098 seconds
[2024-05-23 09:28:11,734] {processor.py:153} INFO - Started process (PID=633) to work on /home/airflow/.local/lib/python3.7/site-packages/airflow/example_dags/example_task_group.py
[2024-05-23 09:28:11,736] {processor.py:641} INFO - Processing file /home/airflow/.local/lib/python3.7/site-packages/airflow/example_dags/example_task_group.py for tasks to queue
[2024-05-23 09:28:11,737] {logging_mixin.py:115} INFO - [2024-05-23 09:28:11,737] {dagbag.py:508} INFO - Filling up the DagBag from /home/airflow/.local/lib/python3.7/site-packages/airflow/example_dags/example_task_group.py
[2024-05-23 09:28:11,746] {processor.py:651} INFO - DAG(s) dict_keys(['example_task_group']) retrieved from /home/airflow/.local/lib/python3.7/site-packages/airflow/example_dags/example_task_group.py
[2024-05-23 09:28:11,777] {logging_mixin.py:115} INFO - [2024-05-23 09:28:11,777] {dag.py:2420} INFO - Sync 1 DAGs
[2024-05-23 09:28:11,794] {logging_mixin.py:115} INFO - [2024-05-23 09:28:11,794] {dag.py:2972} INFO - Setting next_dagrun for example_task_group to 2024-05-22T09:28:11.794175+00:00, run_after=2024-05-23T09:28:11.794175+00:00
[2024-05-23 09:28:11,803] {processor.py:161} INFO - Processing /home/airflow/.local/lib/python3.7/site-packages/airflow/example_dags/example_task_group.py took 0.073 seconds
[2024-05-23 09:28:42,139] {processor.py:153} INFO - Started process (PID=695) to work on /home/airflow/.local/lib/python3.7/site-packages/airflow/example_dags/example_task_group.py
[2024-05-23 09:28:42,141] {processor.py:641} INFO - Processing file /home/airflow/.local/lib/python3.7/site-packages/airflow/example_dags/example_task_group.py for tasks to queue
[2024-05-23 09:28:42,142] {logging_mixin.py:115} INFO - [2024-05-23 09:28:42,142] {dagbag.py:508} INFO - Filling up the DagBag from /home/airflow/.local/lib/python3.7/site-packages/airflow/example_dags/example_task_group.py
[2024-05-23 09:28:42,153] {processor.py:651} INFO - DAG(s) dict_keys(['example_task_group']) retrieved from /home/airflow/.local/lib/python3.7/site-packages/airflow/example_dags/example_task_group.py
[2024-05-23 09:28:42,182] {logging_mixin.py:115} INFO - [2024-05-23 09:28:42,182] {dag.py:2420} INFO - Sync 1 DAGs
[2024-05-23 09:28:42,197] {logging_mixin.py:115} INFO - [2024-05-23 09:28:42,197] {dag.py:2972} INFO - Setting next_dagrun for example_task_group to 2024-05-22T09:28:42.197119+00:00, run_after=2024-05-23T09:28:42.197119+00:00
[2024-05-23 09:28:42,205] {processor.py:161} INFO - Processing /home/airflow/.local/lib/python3.7/site-packages/airflow/example_dags/example_task_group.py took 0.070 seconds
[2024-05-23 09:29:12,506] {processor.py:153} INFO - Started process (PID=757) to work on /home/airflow/.local/lib/python3.7/site-packages/airflow/example_dags/example_task_group.py
[2024-05-23 09:29:12,508] {processor.py:641} INFO - Processing file /home/airflow/.local/lib/python3.7/site-packages/airflow/example_dags/example_task_group.py for tasks to queue
[2024-05-23 09:29:12,509] {logging_mixin.py:115} INFO - [2024-05-23 09:29:12,509] {dagbag.py:508} INFO - Filling up the DagBag from /home/airflow/.local/lib/python3.7/site-packages/airflow/example_dags/example_task_group.py
[2024-05-23 09:29:12,515] {processor.py:651} INFO - DAG(s) dict_keys(['example_task_group']) retrieved from /home/airflow/.local/lib/python3.7/site-packages/airflow/example_dags/example_task_group.py
[2024-05-23 09:29:12,538] {logging_mixin.py:115} INFO - [2024-05-23 09:29:12,538] {dag.py:2420} INFO - Sync 1 DAGs
[2024-05-23 09:29:12,550] {logging_mixin.py:115} INFO - [2024-05-23 09:29:12,550] {dag.py:2972} INFO - Setting next_dagrun for example_task_group to 2024-05-22T09:29:12.550582+00:00, run_after=2024-05-23T09:29:12.550582+00:00
[2024-05-23 09:29:12,557] {processor.py:161} INFO - Processing /home/airflow/.local/lib/python3.7/site-packages/airflow/example_dags/example_task_group.py took 0.054 seconds
[2024-05-23 09:29:42,950] {processor.py:153} INFO - Started process (PID=819) to work on /home/airflow/.local/lib/python3.7/site-packages/airflow/example_dags/example_task_group.py
[2024-05-23 09:29:42,951] {processor.py:641} INFO - Processing file /home/airflow/.local/lib/python3.7/site-packages/airflow/example_dags/example_task_group.py for tasks to queue
[2024-05-23 09:29:42,952] {logging_mixin.py:115} INFO - [2024-05-23 09:29:42,952] {dagbag.py:508} INFO - Filling up the DagBag from /home/airflow/.local/lib/python3.7/site-packages/airflow/example_dags/example_task_group.py
[2024-05-23 09:29:42,957] {processor.py:651} INFO - DAG(s) dict_keys(['example_task_group']) retrieved from /home/airflow/.local/lib/python3.7/site-packages/airflow/example_dags/example_task_group.py
[2024-05-23 09:29:42,976] {logging_mixin.py:115} INFO - [2024-05-23 09:29:42,976] {dag.py:2420} INFO - Sync 1 DAGs
[2024-05-23 09:29:42,989] {logging_mixin.py:115} INFO - [2024-05-23 09:29:42,989] {dag.py:2972} INFO - Setting next_dagrun for example_task_group to 2024-05-22T09:29:42.988759+00:00, run_after=2024-05-23T09:29:42.988759+00:00
[2024-05-23 09:29:42,995] {processor.py:161} INFO - Processing /home/airflow/.local/lib/python3.7/site-packages/airflow/example_dags/example_task_group.py took 0.048 seconds
[2024-05-23 09:30:13,311] {processor.py:153} INFO - Started process (PID=881) to work on /home/airflow/.local/lib/python3.7/site-packages/airflow/example_dags/example_task_group.py
[2024-05-23 09:30:13,312] {processor.py:641} INFO - Processing file /home/airflow/.local/lib/python3.7/site-packages/airflow/example_dags/example_task_group.py for tasks to queue
[2024-05-23 09:30:13,313] {logging_mixin.py:115} INFO - [2024-05-23 09:30:13,313] {dagbag.py:508} INFO - Filling up the DagBag from /home/airflow/.local/lib/python3.7/site-packages/airflow/example_dags/example_task_group.py
[2024-05-23 09:30:13,321] {processor.py:651} INFO - DAG(s) dict_keys(['example_task_group']) retrieved from /home/airflow/.local/lib/python3.7/site-packages/airflow/example_dags/example_task_group.py
[2024-05-23 09:30:13,345] {logging_mixin.py:115} INFO - [2024-05-23 09:30:13,345] {dag.py:2420} INFO - Sync 1 DAGs
[2024-05-23 09:30:13,359] {logging_mixin.py:115} INFO - [2024-05-23 09:30:13,359] {dag.py:2972} INFO - Setting next_dagrun for example_task_group to 2024-05-22T09:30:13.358759+00:00, run_after=2024-05-23T09:30:13.358759+00:00
[2024-05-23 09:30:13,365] {processor.py:161} INFO - Processing /home/airflow/.local/lib/python3.7/site-packages/airflow/example_dags/example_task_group.py took 0.059 seconds
[2024-05-23 09:30:43,748] {processor.py:153} INFO - Started process (PID=934) to work on /home/airflow/.local/lib/python3.7/site-packages/airflow/example_dags/example_task_group.py
[2024-05-23 09:30:43,750] {processor.py:641} INFO - Processing file /home/airflow/.local/lib/python3.7/site-packages/airflow/example_dags/example_task_group.py for tasks to queue
[2024-05-23 09:30:43,752] {logging_mixin.py:115} INFO - [2024-05-23 09:30:43,752] {dagbag.py:508} INFO - Filling up the DagBag from /home/airflow/.local/lib/python3.7/site-packages/airflow/example_dags/example_task_group.py
[2024-05-23 09:30:43,760] {processor.py:651} INFO - DAG(s) dict_keys(['example_task_group']) retrieved from /home/airflow/.local/lib/python3.7/site-packages/airflow/example_dags/example_task_group.py
[2024-05-23 09:30:43,785] {logging_mixin.py:115} INFO - [2024-05-23 09:30:43,785] {dag.py:2420} INFO - Sync 1 DAGs
[2024-05-23 09:30:43,799] {logging_mixin.py:115} INFO - [2024-05-23 09:30:43,799] {dag.py:2972} INFO - Setting next_dagrun for example_task_group to 2024-05-22T09:30:43.799041+00:00, run_after=2024-05-23T09:30:43.799041+00:00
[2024-05-23 09:30:43,806] {processor.py:161} INFO - Processing /home/airflow/.local/lib/python3.7/site-packages/airflow/example_dags/example_task_group.py took 0.062 seconds
[2024-05-23 09:31:14,161] {processor.py:153} INFO - Started process (PID=995) to work on /home/airflow/.local/lib/python3.7/site-packages/airflow/example_dags/example_task_group.py
[2024-05-23 09:31:14,162] {processor.py:641} INFO - Processing file /home/airflow/.local/lib/python3.7/site-packages/airflow/example_dags/example_task_group.py for tasks to queue
[2024-05-23 09:31:14,163] {logging_mixin.py:115} INFO - [2024-05-23 09:31:14,163] {dagbag.py:508} INFO - Filling up the DagBag from /home/airflow/.local/lib/python3.7/site-packages/airflow/example_dags/example_task_group.py
[2024-05-23 09:31:14,168] {processor.py:651} INFO - DAG(s) dict_keys(['example_task_group']) retrieved from /home/airflow/.local/lib/python3.7/site-packages/airflow/example_dags/example_task_group.py
[2024-05-23 09:31:14,187] {logging_mixin.py:115} INFO - [2024-05-23 09:31:14,186] {dag.py:2420} INFO - Sync 1 DAGs
[2024-05-23 09:31:14,200] {logging_mixin.py:115} INFO - [2024-05-23 09:31:14,200] {dag.py:2972} INFO - Setting next_dagrun for example_task_group to 2024-05-22T09:31:14.199970+00:00, run_after=2024-05-23T09:31:14.199970+00:00
[2024-05-23 09:31:14,207] {processor.py:161} INFO - Processing /home/airflow/.local/lib/python3.7/site-packages/airflow/example_dags/example_task_group.py took 0.048 seconds
[2024-05-23 09:31:44,638] {processor.py:153} INFO - Started process (PID=1058) to work on /home/airflow/.local/lib/python3.7/site-packages/airflow/example_dags/example_task_group.py
[2024-05-23 09:31:44,640] {processor.py:641} INFO - Processing file /home/airflow/.local/lib/python3.7/site-packages/airflow/example_dags/example_task_group.py for tasks to queue
[2024-05-23 09:31:44,641] {logging_mixin.py:115} INFO - [2024-05-23 09:31:44,641] {dagbag.py:508} INFO - Filling up the DagBag from /home/airflow/.local/lib/python3.7/site-packages/airflow/example_dags/example_task_group.py
[2024-05-23 09:31:44,646] {processor.py:651} INFO - DAG(s) dict_keys(['example_task_group']) retrieved from /home/airflow/.local/lib/python3.7/site-packages/airflow/example_dags/example_task_group.py
[2024-05-23 09:31:44,666] {logging_mixin.py:115} INFO - [2024-05-23 09:31:44,666] {dag.py:2420} INFO - Sync 1 DAGs
[2024-05-23 09:31:44,681] {logging_mixin.py:115} INFO - [2024-05-23 09:31:44,681] {dag.py:2972} INFO - Setting next_dagrun for example_task_group to 2024-05-22T09:31:44.680791+00:00, run_after=2024-05-23T09:31:44.680791+00:00
[2024-05-23 09:31:44,689] {processor.py:161} INFO - Processing /home/airflow/.local/lib/python3.7/site-packages/airflow/example_dags/example_task_group.py took 0.054 seconds
[2024-05-23 09:32:15,174] {processor.py:153} INFO - Started process (PID=1120) to work on /home/airflow/.local/lib/python3.7/site-packages/airflow/example_dags/example_task_group.py
[2024-05-23 09:32:15,176] {processor.py:641} INFO - Processing file /home/airflow/.local/lib/python3.7/site-packages/airflow/example_dags/example_task_group.py for tasks to queue
[2024-05-23 09:32:15,177] {logging_mixin.py:115} INFO - [2024-05-23 09:32:15,177] {dagbag.py:508} INFO - Filling up the DagBag from /home/airflow/.local/lib/python3.7/site-packages/airflow/example_dags/example_task_group.py
[2024-05-23 09:32:15,186] {processor.py:651} INFO - DAG(s) dict_keys(['example_task_group']) retrieved from /home/airflow/.local/lib/python3.7/site-packages/airflow/example_dags/example_task_group.py
[2024-05-23 09:32:15,215] {logging_mixin.py:115} INFO - [2024-05-23 09:32:15,215] {dag.py:2420} INFO - Sync 1 DAGs
[2024-05-23 09:32:15,230] {logging_mixin.py:115} INFO - [2024-05-23 09:32:15,230] {dag.py:2972} INFO - Setting next_dagrun for example_task_group to 2024-05-22T09:32:15.230515+00:00, run_after=2024-05-23T09:32:15.230515+00:00
[2024-05-23 09:32:15,237] {processor.py:161} INFO - Processing /home/airflow/.local/lib/python3.7/site-packages/airflow/example_dags/example_task_group.py took 0.066 seconds
[2024-05-23 09:32:45,572] {processor.py:153} INFO - Started process (PID=1182) to work on /home/airflow/.local/lib/python3.7/site-packages/airflow/example_dags/example_task_group.py
[2024-05-23 09:32:45,573] {processor.py:641} INFO - Processing file /home/airflow/.local/lib/python3.7/site-packages/airflow/example_dags/example_task_group.py for tasks to queue
[2024-05-23 09:32:45,574] {logging_mixin.py:115} INFO - [2024-05-23 09:32:45,574] {dagbag.py:508} INFO - Filling up the DagBag from /home/airflow/.local/lib/python3.7/site-packages/airflow/example_dags/example_task_group.py
[2024-05-23 09:32:45,580] {processor.py:651} INFO - DAG(s) dict_keys(['example_task_group']) retrieved from /home/airflow/.local/lib/python3.7/site-packages/airflow/example_dags/example_task_group.py
[2024-05-23 09:32:45,606] {logging_mixin.py:115} INFO - [2024-05-23 09:32:45,606] {dag.py:2420} INFO - Sync 1 DAGs
[2024-05-23 09:32:45,621] {logging_mixin.py:115} INFO - [2024-05-23 09:32:45,621] {dag.py:2972} INFO - Setting next_dagrun for example_task_group to 2024-05-22T09:32:45.621474+00:00, run_after=2024-05-23T09:32:45.621474+00:00
[2024-05-23 09:32:45,629] {processor.py:161} INFO - Processing /home/airflow/.local/lib/python3.7/site-packages/airflow/example_dags/example_task_group.py took 0.060 seconds
[2024-05-23 09:33:16,084] {processor.py:153} INFO - Started process (PID=1244) to work on /home/airflow/.local/lib/python3.7/site-packages/airflow/example_dags/example_task_group.py
[2024-05-23 09:33:16,085] {processor.py:641} INFO - Processing file /home/airflow/.local/lib/python3.7/site-packages/airflow/example_dags/example_task_group.py for tasks to queue
[2024-05-23 09:33:16,086] {logging_mixin.py:115} INFO - [2024-05-23 09:33:16,086] {dagbag.py:508} INFO - Filling up the DagBag from /home/airflow/.local/lib/python3.7/site-packages/airflow/example_dags/example_task_group.py
[2024-05-23 09:33:16,093] {processor.py:651} INFO - DAG(s) dict_keys(['example_task_group']) retrieved from /home/airflow/.local/lib/python3.7/site-packages/airflow/example_dags/example_task_group.py
[2024-05-23 09:33:16,118] {logging_mixin.py:115} INFO - [2024-05-23 09:33:16,118] {dag.py:2420} INFO - Sync 1 DAGs
[2024-05-23 09:33:16,134] {logging_mixin.py:115} INFO - [2024-05-23 09:33:16,133] {dag.py:2972} INFO - Setting next_dagrun for example_task_group to 2024-05-22T09:33:16.133731+00:00, run_after=2024-05-23T09:33:16.133731+00:00
[2024-05-23 09:33:16,142] {processor.py:161} INFO - Processing /home/airflow/.local/lib/python3.7/site-packages/airflow/example_dags/example_task_group.py took 0.061 seconds
[2024-05-23 09:33:46,587] {processor.py:153} INFO - Started process (PID=1297) to work on /home/airflow/.local/lib/python3.7/site-packages/airflow/example_dags/example_task_group.py
[2024-05-23 09:33:46,588] {processor.py:641} INFO - Processing file /home/airflow/.local/lib/python3.7/site-packages/airflow/example_dags/example_task_group.py for tasks to queue
[2024-05-23 09:33:46,590] {logging_mixin.py:115} INFO - [2024-05-23 09:33:46,589] {dagbag.py:508} INFO - Filling up the DagBag from /home/airflow/.local/lib/python3.7/site-packages/airflow/example_dags/example_task_group.py
[2024-05-23 09:33:46,598] {processor.py:651} INFO - DAG(s) dict_keys(['example_task_group']) retrieved from /home/airflow/.local/lib/python3.7/site-packages/airflow/example_dags/example_task_group.py
[2024-05-23 09:33:46,625] {logging_mixin.py:115} INFO - [2024-05-23 09:33:46,625] {dag.py:2420} INFO - Sync 1 DAGs
[2024-05-23 09:33:46,644] {logging_mixin.py:115} INFO - [2024-05-23 09:33:46,644] {dag.py:2972} INFO - Setting next_dagrun for example_task_group to 2024-05-22T09:33:46.644595+00:00, run_after=2024-05-23T09:33:46.644595+00:00
[2024-05-23 09:33:46,654] {processor.py:161} INFO - Processing /home/airflow/.local/lib/python3.7/site-packages/airflow/example_dags/example_task_group.py took 0.071 seconds
[2024-05-23 09:34:17,051] {processor.py:153} INFO - Started process (PID=1364) to work on /home/airflow/.local/lib/python3.7/site-packages/airflow/example_dags/example_task_group.py
[2024-05-23 09:34:17,052] {processor.py:641} INFO - Processing file /home/airflow/.local/lib/python3.7/site-packages/airflow/example_dags/example_task_group.py for tasks to queue
[2024-05-23 09:34:17,053] {logging_mixin.py:115} INFO - [2024-05-23 09:34:17,053] {dagbag.py:508} INFO - Filling up the DagBag from /home/airflow/.local/lib/python3.7/site-packages/airflow/example_dags/example_task_group.py
[2024-05-23 09:34:17,061] {processor.py:651} INFO - DAG(s) dict_keys(['example_task_group']) retrieved from /home/airflow/.local/lib/python3.7/site-packages/airflow/example_dags/example_task_group.py
[2024-05-23 09:34:17,086] {logging_mixin.py:115} INFO - [2024-05-23 09:34:17,086] {dag.py:2420} INFO - Sync 1 DAGs
[2024-05-23 09:34:17,102] {logging_mixin.py:115} INFO - [2024-05-23 09:34:17,102] {dag.py:2972} INFO - Setting next_dagrun for example_task_group to 2024-05-22T09:34:17.101927+00:00, run_after=2024-05-23T09:34:17.101927+00:00
[2024-05-23 09:34:17,110] {processor.py:161} INFO - Processing /home/airflow/.local/lib/python3.7/site-packages/airflow/example_dags/example_task_group.py took 0.062 seconds
[2024-05-23 09:34:47,554] {processor.py:153} INFO - Started process (PID=1426) to work on /home/airflow/.local/lib/python3.7/site-packages/airflow/example_dags/example_task_group.py
[2024-05-23 09:34:47,555] {processor.py:641} INFO - Processing file /home/airflow/.local/lib/python3.7/site-packages/airflow/example_dags/example_task_group.py for tasks to queue
[2024-05-23 09:34:47,556] {logging_mixin.py:115} INFO - [2024-05-23 09:34:47,556] {dagbag.py:508} INFO - Filling up the DagBag from /home/airflow/.local/lib/python3.7/site-packages/airflow/example_dags/example_task_group.py
[2024-05-23 09:34:47,562] {processor.py:651} INFO - DAG(s) dict_keys(['example_task_group']) retrieved from /home/airflow/.local/lib/python3.7/site-packages/airflow/example_dags/example_task_group.py
[2024-05-23 09:34:47,589] {logging_mixin.py:115} INFO - [2024-05-23 09:34:47,589] {dag.py:2420} INFO - Sync 1 DAGs
[2024-05-23 09:34:47,604] {logging_mixin.py:115} INFO - [2024-05-23 09:34:47,604] {dag.py:2972} INFO - Setting next_dagrun for example_task_group to 2024-05-22T09:34:47.603740+00:00, run_after=2024-05-23T09:34:47.603740+00:00
[2024-05-23 09:34:47,612] {processor.py:161} INFO - Processing /home/airflow/.local/lib/python3.7/site-packages/airflow/example_dags/example_task_group.py took 0.062 seconds
[2024-05-23 09:35:18,019] {processor.py:153} INFO - Started process (PID=1488) to work on /home/airflow/.local/lib/python3.7/site-packages/airflow/example_dags/example_task_group.py
[2024-05-23 09:35:18,021] {processor.py:641} INFO - Processing file /home/airflow/.local/lib/python3.7/site-packages/airflow/example_dags/example_task_group.py for tasks to queue
[2024-05-23 09:35:18,022] {logging_mixin.py:115} INFO - [2024-05-23 09:35:18,022] {dagbag.py:508} INFO - Filling up the DagBag from /home/airflow/.local/lib/python3.7/site-packages/airflow/example_dags/example_task_group.py
[2024-05-23 09:35:18,031] {processor.py:651} INFO - DAG(s) dict_keys(['example_task_group']) retrieved from /home/airflow/.local/lib/python3.7/site-packages/airflow/example_dags/example_task_group.py
[2024-05-23 09:35:18,056] {logging_mixin.py:115} INFO - [2024-05-23 09:35:18,056] {dag.py:2420} INFO - Sync 1 DAGs
[2024-05-23 09:35:18,069] {logging_mixin.py:115} INFO - [2024-05-23 09:35:18,069] {dag.py:2972} INFO - Setting next_dagrun for example_task_group to 2024-05-22T09:35:18.069347+00:00, run_after=2024-05-23T09:35:18.069347+00:00
[2024-05-23 09:35:18,076] {processor.py:161} INFO - Processing /home/airflow/.local/lib/python3.7/site-packages/airflow/example_dags/example_task_group.py took 0.061 seconds
[2024-05-23 09:35:48,424] {processor.py:153} INFO - Started process (PID=1550) to work on /home/airflow/.local/lib/python3.7/site-packages/airflow/example_dags/example_task_group.py
[2024-05-23 09:35:48,425] {processor.py:641} INFO - Processing file /home/airflow/.local/lib/python3.7/site-packages/airflow/example_dags/example_task_group.py for tasks to queue
[2024-05-23 09:35:48,427] {logging_mixin.py:115} INFO - [2024-05-23 09:35:48,427] {dagbag.py:508} INFO - Filling up the DagBag from /home/airflow/.local/lib/python3.7/site-packages/airflow/example_dags/example_task_group.py
[2024-05-23 09:35:48,434] {processor.py:651} INFO - DAG(s) dict_keys(['example_task_group']) retrieved from /home/airflow/.local/lib/python3.7/site-packages/airflow/example_dags/example_task_group.py
[2024-05-23 09:35:48,460] {logging_mixin.py:115} INFO - [2024-05-23 09:35:48,460] {dag.py:2420} INFO - Sync 1 DAGs
[2024-05-23 09:35:48,474] {logging_mixin.py:115} INFO - [2024-05-23 09:35:48,474] {dag.py:2972} INFO - Setting next_dagrun for example_task_group to 2024-05-22T09:35:48.473909+00:00, run_after=2024-05-23T09:35:48.473909+00:00
[2024-05-23 09:35:48,480] {processor.py:161} INFO - Processing /home/airflow/.local/lib/python3.7/site-packages/airflow/example_dags/example_task_group.py took 0.061 seconds
[2024-05-23 09:36:18,813] {processor.py:153} INFO - Started process (PID=1603) to work on /home/airflow/.local/lib/python3.7/site-packages/airflow/example_dags/example_task_group.py
[2024-05-23 09:36:18,814] {processor.py:641} INFO - Processing file /home/airflow/.local/lib/python3.7/site-packages/airflow/example_dags/example_task_group.py for tasks to queue
[2024-05-23 09:36:18,815] {logging_mixin.py:115} INFO - [2024-05-23 09:36:18,815] {dagbag.py:508} INFO - Filling up the DagBag from /home/airflow/.local/lib/python3.7/site-packages/airflow/example_dags/example_task_group.py
[2024-05-23 09:36:18,827] {processor.py:651} INFO - DAG(s) dict_keys(['example_task_group']) retrieved from /home/airflow/.local/lib/python3.7/site-packages/airflow/example_dags/example_task_group.py
[2024-05-23 09:36:18,860] {logging_mixin.py:115} INFO - [2024-05-23 09:36:18,859] {dag.py:2420} INFO - Sync 1 DAGs
[2024-05-23 09:36:18,876] {logging_mixin.py:115} INFO - [2024-05-23 09:36:18,876] {dag.py:2972} INFO - Setting next_dagrun for example_task_group to 2024-05-22T09:36:18.876327+00:00, run_after=2024-05-23T09:36:18.876327+00:00
[2024-05-23 09:36:18,884] {processor.py:161} INFO - Processing /home/airflow/.local/lib/python3.7/site-packages/airflow/example_dags/example_task_group.py took 0.075 seconds
[2024-05-23 09:36:49,331] {processor.py:153} INFO - Started process (PID=1665) to work on /home/airflow/.local/lib/python3.7/site-packages/airflow/example_dags/example_task_group.py
[2024-05-23 09:36:49,332] {processor.py:641} INFO - Processing file /home/airflow/.local/lib/python3.7/site-packages/airflow/example_dags/example_task_group.py for tasks to queue
[2024-05-23 09:36:49,333] {logging_mixin.py:115} INFO - [2024-05-23 09:36:49,333] {dagbag.py:508} INFO - Filling up the DagBag from /home/airflow/.local/lib/python3.7/site-packages/airflow/example_dags/example_task_group.py
[2024-05-23 09:36:49,337] {processor.py:651} INFO - DAG(s) dict_keys(['example_task_group']) retrieved from /home/airflow/.local/lib/python3.7/site-packages/airflow/example_dags/example_task_group.py
[2024-05-23 09:36:49,356] {logging_mixin.py:115} INFO - [2024-05-23 09:36:49,356] {dag.py:2420} INFO - Sync 1 DAGs
[2024-05-23 09:36:49,369] {logging_mixin.py:115} INFO - [2024-05-23 09:36:49,369] {dag.py:2972} INFO - Setting next_dagrun for example_task_group to 2024-05-22T09:36:49.369700+00:00, run_after=2024-05-23T09:36:49.369700+00:00
[2024-05-23 09:36:49,376] {processor.py:161} INFO - Processing /home/airflow/.local/lib/python3.7/site-packages/airflow/example_dags/example_task_group.py took 0.047 seconds
[2024-05-23 09:37:19,806] {processor.py:153} INFO - Started process (PID=1727) to work on /home/airflow/.local/lib/python3.7/site-packages/airflow/example_dags/example_task_group.py
[2024-05-23 09:37:19,807] {processor.py:641} INFO - Processing file /home/airflow/.local/lib/python3.7/site-packages/airflow/example_dags/example_task_group.py for tasks to queue
[2024-05-23 09:37:19,808] {logging_mixin.py:115} INFO - [2024-05-23 09:37:19,808] {dagbag.py:508} INFO - Filling up the DagBag from /home/airflow/.local/lib/python3.7/site-packages/airflow/example_dags/example_task_group.py
[2024-05-23 09:37:19,814] {processor.py:651} INFO - DAG(s) dict_keys(['example_task_group']) retrieved from /home/airflow/.local/lib/python3.7/site-packages/airflow/example_dags/example_task_group.py
[2024-05-23 09:37:19,837] {logging_mixin.py:115} INFO - [2024-05-23 09:37:19,837] {dag.py:2420} INFO - Sync 1 DAGs
[2024-05-23 09:37:19,851] {logging_mixin.py:115} INFO - [2024-05-23 09:37:19,851] {dag.py:2972} INFO - Setting next_dagrun for example_task_group to 2024-05-22T09:37:19.851537+00:00, run_after=2024-05-23T09:37:19.851537+00:00
[2024-05-23 09:37:19,859] {processor.py:161} INFO - Processing /home/airflow/.local/lib/python3.7/site-packages/airflow/example_dags/example_task_group.py took 0.056 seconds
[2024-05-23 09:37:50,354] {processor.py:153} INFO - Started process (PID=1789) to work on /home/airflow/.local/lib/python3.7/site-packages/airflow/example_dags/example_task_group.py
[2024-05-23 09:37:50,356] {processor.py:641} INFO - Processing file /home/airflow/.local/lib/python3.7/site-packages/airflow/example_dags/example_task_group.py for tasks to queue
[2024-05-23 09:37:50,358] {logging_mixin.py:115} INFO - [2024-05-23 09:37:50,358] {dagbag.py:508} INFO - Filling up the DagBag from /home/airflow/.local/lib/python3.7/site-packages/airflow/example_dags/example_task_group.py
[2024-05-23 09:37:50,368] {processor.py:651} INFO - DAG(s) dict_keys(['example_task_group']) retrieved from /home/airflow/.local/lib/python3.7/site-packages/airflow/example_dags/example_task_group.py
[2024-05-23 09:37:50,398] {logging_mixin.py:115} INFO - [2024-05-23 09:37:50,398] {dag.py:2420} INFO - Sync 1 DAGs
[2024-05-23 09:37:50,415] {logging_mixin.py:115} INFO - [2024-05-23 09:37:50,415] {dag.py:2972} INFO - Setting next_dagrun for example_task_group to 2024-05-22T09:37:50.415509+00:00, run_after=2024-05-23T09:37:50.415509+00:00
[2024-05-23 09:37:50,424] {processor.py:161} INFO - Processing /home/airflow/.local/lib/python3.7/site-packages/airflow/example_dags/example_task_group.py took 0.072 seconds
[2024-05-23 09:38:20,872] {processor.py:153} INFO - Started process (PID=1851) to work on /home/airflow/.local/lib/python3.7/site-packages/airflow/example_dags/example_task_group.py
[2024-05-23 09:38:20,874] {processor.py:641} INFO - Processing file /home/airflow/.local/lib/python3.7/site-packages/airflow/example_dags/example_task_group.py for tasks to queue
[2024-05-23 09:38:20,875] {logging_mixin.py:115} INFO - [2024-05-23 09:38:20,875] {dagbag.py:508} INFO - Filling up the DagBag from /home/airflow/.local/lib/python3.7/site-packages/airflow/example_dags/example_task_group.py
[2024-05-23 09:38:20,883] {processor.py:651} INFO - DAG(s) dict_keys(['example_task_group']) retrieved from /home/airflow/.local/lib/python3.7/site-packages/airflow/example_dags/example_task_group.py
[2024-05-23 09:38:20,907] {logging_mixin.py:115} INFO - [2024-05-23 09:38:20,907] {dag.py:2420} INFO - Sync 1 DAGs
[2024-05-23 09:38:20,921] {logging_mixin.py:115} INFO - [2024-05-23 09:38:20,921] {dag.py:2972} INFO - Setting next_dagrun for example_task_group to 2024-05-22T09:38:20.921076+00:00, run_after=2024-05-23T09:38:20.921076+00:00
[2024-05-23 09:38:20,928] {processor.py:161} INFO - Processing /home/airflow/.local/lib/python3.7/site-packages/airflow/example_dags/example_task_group.py took 0.060 seconds
[2024-05-23 09:38:51,304] {processor.py:153} INFO - Started process (PID=1913) to work on /home/airflow/.local/lib/python3.7/site-packages/airflow/example_dags/example_task_group.py
[2024-05-23 09:38:51,305] {processor.py:641} INFO - Processing file /home/airflow/.local/lib/python3.7/site-packages/airflow/example_dags/example_task_group.py for tasks to queue
[2024-05-23 09:38:51,306] {logging_mixin.py:115} INFO - [2024-05-23 09:38:51,306] {dagbag.py:508} INFO - Filling up the DagBag from /home/airflow/.local/lib/python3.7/site-packages/airflow/example_dags/example_task_group.py
[2024-05-23 09:38:51,312] {processor.py:651} INFO - DAG(s) dict_keys(['example_task_group']) retrieved from /home/airflow/.local/lib/python3.7/site-packages/airflow/example_dags/example_task_group.py
[2024-05-23 09:38:51,332] {logging_mixin.py:115} INFO - [2024-05-23 09:38:51,332] {dag.py:2420} INFO - Sync 1 DAGs
[2024-05-23 09:38:51,345] {logging_mixin.py:115} INFO - [2024-05-23 09:38:51,345] {dag.py:2972} INFO - Setting next_dagrun for example_task_group to 2024-05-22T09:38:51.344845+00:00, run_after=2024-05-23T09:38:51.344845+00:00
[2024-05-23 09:38:51,352] {processor.py:161} INFO - Processing /home/airflow/.local/lib/python3.7/site-packages/airflow/example_dags/example_task_group.py took 0.050 seconds
[2024-05-23 09:39:21,784] {processor.py:153} INFO - Started process (PID=1966) to work on /home/airflow/.local/lib/python3.7/site-packages/airflow/example_dags/example_task_group.py
[2024-05-23 09:39:21,785] {processor.py:641} INFO - Processing file /home/airflow/.local/lib/python3.7/site-packages/airflow/example_dags/example_task_group.py for tasks to queue
[2024-05-23 09:39:21,786] {logging_mixin.py:115} INFO - [2024-05-23 09:39:21,786] {dagbag.py:508} INFO - Filling up the DagBag from /home/airflow/.local/lib/python3.7/site-packages/airflow/example_dags/example_task_group.py
[2024-05-23 09:39:21,791] {processor.py:651} INFO - DAG(s) dict_keys(['example_task_group']) retrieved from /home/airflow/.local/lib/python3.7/site-packages/airflow/example_dags/example_task_group.py
[2024-05-23 09:39:21,815] {logging_mixin.py:115} INFO - [2024-05-23 09:39:21,815] {dag.py:2420} INFO - Sync 1 DAGs
[2024-05-23 09:39:21,828] {logging_mixin.py:115} INFO - [2024-05-23 09:39:21,828] {dag.py:2972} INFO - Setting next_dagrun for example_task_group to 2024-05-22T09:39:21.827812+00:00, run_after=2024-05-23T09:39:21.827812+00:00
[2024-05-23 09:39:21,835] {processor.py:161} INFO - Processing /home/airflow/.local/lib/python3.7/site-packages/airflow/example_dags/example_task_group.py took 0.053 seconds
[2024-05-23 09:39:52,133] {processor.py:153} INFO - Started process (PID=2028) to work on /home/airflow/.local/lib/python3.7/site-packages/airflow/example_dags/example_task_group.py
[2024-05-23 09:39:52,135] {processor.py:641} INFO - Processing file /home/airflow/.local/lib/python3.7/site-packages/airflow/example_dags/example_task_group.py for tasks to queue
[2024-05-23 09:39:52,137] {logging_mixin.py:115} INFO - [2024-05-23 09:39:52,136] {dagbag.py:508} INFO - Filling up the DagBag from /home/airflow/.local/lib/python3.7/site-packages/airflow/example_dags/example_task_group.py
[2024-05-23 09:39:52,145] {processor.py:651} INFO - DAG(s) dict_keys(['example_task_group']) retrieved from /home/airflow/.local/lib/python3.7/site-packages/airflow/example_dags/example_task_group.py
[2024-05-23 09:39:52,173] {logging_mixin.py:115} INFO - [2024-05-23 09:39:52,172] {dag.py:2420} INFO - Sync 1 DAGs
[2024-05-23 09:39:52,186] {logging_mixin.py:115} INFO - [2024-05-23 09:39:52,186] {dag.py:2972} INFO - Setting next_dagrun for example_task_group to 2024-05-22T09:39:52.186015+00:00, run_after=2024-05-23T09:39:52.186015+00:00
[2024-05-23 09:39:52,193] {processor.py:161} INFO - Processing /home/airflow/.local/lib/python3.7/site-packages/airflow/example_dags/example_task_group.py took 0.064 seconds
[2024-05-23 09:40:22,517] {processor.py:153} INFO - Started process (PID=2090) to work on /home/airflow/.local/lib/python3.7/site-packages/airflow/example_dags/example_task_group.py
[2024-05-23 09:40:22,519] {processor.py:641} INFO - Processing file /home/airflow/.local/lib/python3.7/site-packages/airflow/example_dags/example_task_group.py for tasks to queue
[2024-05-23 09:40:22,520] {logging_mixin.py:115} INFO - [2024-05-23 09:40:22,520] {dagbag.py:508} INFO - Filling up the DagBag from /home/airflow/.local/lib/python3.7/site-packages/airflow/example_dags/example_task_group.py
[2024-05-23 09:40:22,528] {processor.py:651} INFO - DAG(s) dict_keys(['example_task_group']) retrieved from /home/airflow/.local/lib/python3.7/site-packages/airflow/example_dags/example_task_group.py
[2024-05-23 09:40:22,552] {logging_mixin.py:115} INFO - [2024-05-23 09:40:22,552] {dag.py:2420} INFO - Sync 1 DAGs
[2024-05-23 09:40:22,566] {logging_mixin.py:115} INFO - [2024-05-23 09:40:22,566] {dag.py:2972} INFO - Setting next_dagrun for example_task_group to 2024-05-22T09:40:22.565875+00:00, run_after=2024-05-23T09:40:22.565875+00:00
[2024-05-23 09:40:22,573] {processor.py:161} INFO - Processing /home/airflow/.local/lib/python3.7/site-packages/airflow/example_dags/example_task_group.py took 0.061 seconds
[2024-05-23 09:40:53,060] {processor.py:153} INFO - Started process (PID=2152) to work on /home/airflow/.local/lib/python3.7/site-packages/airflow/example_dags/example_task_group.py
[2024-05-23 09:40:53,062] {processor.py:641} INFO - Processing file /home/airflow/.local/lib/python3.7/site-packages/airflow/example_dags/example_task_group.py for tasks to queue
[2024-05-23 09:40:53,063] {logging_mixin.py:115} INFO - [2024-05-23 09:40:53,063] {dagbag.py:508} INFO - Filling up the DagBag from /home/airflow/.local/lib/python3.7/site-packages/airflow/example_dags/example_task_group.py
[2024-05-23 09:40:53,070] {processor.py:651} INFO - DAG(s) dict_keys(['example_task_group']) retrieved from /home/airflow/.local/lib/python3.7/site-packages/airflow/example_dags/example_task_group.py
[2024-05-23 09:40:53,093] {logging_mixin.py:115} INFO - [2024-05-23 09:40:53,093] {dag.py:2420} INFO - Sync 1 DAGs
[2024-05-23 09:40:53,105] {logging_mixin.py:115} INFO - [2024-05-23 09:40:53,105] {dag.py:2972} INFO - Setting next_dagrun for example_task_group to 2024-05-22T09:40:53.105498+00:00, run_after=2024-05-23T09:40:53.105498+00:00
[2024-05-23 09:40:53,112] {processor.py:161} INFO - Processing /home/airflow/.local/lib/python3.7/site-packages/airflow/example_dags/example_task_group.py took 0.055 seconds
[2024-05-23 09:41:23,500] {processor.py:153} INFO - Started process (PID=2214) to work on /home/airflow/.local/lib/python3.7/site-packages/airflow/example_dags/example_task_group.py
[2024-05-23 09:41:23,502] {processor.py:641} INFO - Processing file /home/airflow/.local/lib/python3.7/site-packages/airflow/example_dags/example_task_group.py for tasks to queue
[2024-05-23 09:41:23,503] {logging_mixin.py:115} INFO - [2024-05-23 09:41:23,503] {dagbag.py:508} INFO - Filling up the DagBag from /home/airflow/.local/lib/python3.7/site-packages/airflow/example_dags/example_task_group.py
[2024-05-23 09:41:23,512] {processor.py:651} INFO - DAG(s) dict_keys(['example_task_group']) retrieved from /home/airflow/.local/lib/python3.7/site-packages/airflow/example_dags/example_task_group.py
[2024-05-23 09:41:23,540] {logging_mixin.py:115} INFO - [2024-05-23 09:41:23,540] {dag.py:2420} INFO - Sync 1 DAGs
[2024-05-23 09:41:23,556] {logging_mixin.py:115} INFO - [2024-05-23 09:41:23,556] {dag.py:2972} INFO - Setting next_dagrun for example_task_group to 2024-05-22T09:41:23.555856+00:00, run_after=2024-05-23T09:41:23.555856+00:00
[2024-05-23 09:41:23,563] {processor.py:161} INFO - Processing /home/airflow/.local/lib/python3.7/site-packages/airflow/example_dags/example_task_group.py took 0.066 seconds
[2024-05-23 09:41:54,001] {processor.py:153} INFO - Started process (PID=2274) to work on /home/airflow/.local/lib/python3.7/site-packages/airflow/example_dags/example_task_group.py
[2024-05-23 09:41:54,007] {processor.py:641} INFO - Processing file /home/airflow/.local/lib/python3.7/site-packages/airflow/example_dags/example_task_group.py for tasks to queue
[2024-05-23 09:41:54,008] {logging_mixin.py:115} INFO - [2024-05-23 09:41:54,008] {dagbag.py:508} INFO - Filling up the DagBag from /home/airflow/.local/lib/python3.7/site-packages/airflow/example_dags/example_task_group.py
[2024-05-23 09:41:54,015] {processor.py:651} INFO - DAG(s) dict_keys(['example_task_group']) retrieved from /home/airflow/.local/lib/python3.7/site-packages/airflow/example_dags/example_task_group.py
[2024-05-23 09:41:54,047] {logging_mixin.py:115} INFO - [2024-05-23 09:41:54,047] {dag.py:2420} INFO - Sync 1 DAGs
[2024-05-23 09:41:54,065] {logging_mixin.py:115} INFO - [2024-05-23 09:41:54,065] {dag.py:2972} INFO - Setting next_dagrun for example_task_group to 2024-05-22T09:41:54.065238+00:00, run_after=2024-05-23T09:41:54.065238+00:00
[2024-05-23 09:41:54,074] {processor.py:161} INFO - Processing /home/airflow/.local/lib/python3.7/site-packages/airflow/example_dags/example_task_group.py took 0.075 seconds
[2024-05-23 09:42:24,766] {processor.py:153} INFO - Started process (PID=2329) to work on /home/airflow/.local/lib/python3.7/site-packages/airflow/example_dags/example_task_group.py
[2024-05-23 09:42:24,768] {processor.py:641} INFO - Processing file /home/airflow/.local/lib/python3.7/site-packages/airflow/example_dags/example_task_group.py for tasks to queue
[2024-05-23 09:42:24,769] {logging_mixin.py:115} INFO - [2024-05-23 09:42:24,769] {dagbag.py:508} INFO - Filling up the DagBag from /home/airflow/.local/lib/python3.7/site-packages/airflow/example_dags/example_task_group.py
[2024-05-23 09:42:24,778] {processor.py:651} INFO - DAG(s) dict_keys(['example_task_group']) retrieved from /home/airflow/.local/lib/python3.7/site-packages/airflow/example_dags/example_task_group.py
[2024-05-23 09:42:24,804] {logging_mixin.py:115} INFO - [2024-05-23 09:42:24,804] {dag.py:2420} INFO - Sync 1 DAGs
[2024-05-23 09:42:24,818] {logging_mixin.py:115} INFO - [2024-05-23 09:42:24,818] {dag.py:2972} INFO - Setting next_dagrun for example_task_group to 2024-05-22T09:42:24.818140+00:00, run_after=2024-05-23T09:42:24.818140+00:00
[2024-05-23 09:42:24,825] {processor.py:161} INFO - Processing /home/airflow/.local/lib/python3.7/site-packages/airflow/example_dags/example_task_group.py took 0.064 seconds
[2024-05-23 09:42:55,214] {processor.py:153} INFO - Started process (PID=2391) to work on /home/airflow/.local/lib/python3.7/site-packages/airflow/example_dags/example_task_group.py
[2024-05-23 09:42:55,215] {processor.py:641} INFO - Processing file /home/airflow/.local/lib/python3.7/site-packages/airflow/example_dags/example_task_group.py for tasks to queue
[2024-05-23 09:42:55,217] {logging_mixin.py:115} INFO - [2024-05-23 09:42:55,217] {dagbag.py:508} INFO - Filling up the DagBag from /home/airflow/.local/lib/python3.7/site-packages/airflow/example_dags/example_task_group.py
[2024-05-23 09:42:55,227] {processor.py:651} INFO - DAG(s) dict_keys(['example_task_group']) retrieved from /home/airflow/.local/lib/python3.7/site-packages/airflow/example_dags/example_task_group.py
[2024-05-23 09:42:55,251] {logging_mixin.py:115} INFO - [2024-05-23 09:42:55,251] {dag.py:2420} INFO - Sync 1 DAGs
[2024-05-23 09:42:55,264] {logging_mixin.py:115} INFO - [2024-05-23 09:42:55,264] {dag.py:2972} INFO - Setting next_dagrun for example_task_group to 2024-05-22T09:42:55.264602+00:00, run_after=2024-05-23T09:42:55.264602+00:00
[2024-05-23 09:42:55,273] {processor.py:161} INFO - Processing /home/airflow/.local/lib/python3.7/site-packages/airflow/example_dags/example_task_group.py took 0.064 seconds
[2024-05-23 09:43:25,684] {processor.py:153} INFO - Started process (PID=2454) to work on /home/airflow/.local/lib/python3.7/site-packages/airflow/example_dags/example_task_group.py
[2024-05-23 09:43:25,685] {processor.py:641} INFO - Processing file /home/airflow/.local/lib/python3.7/site-packages/airflow/example_dags/example_task_group.py for tasks to queue
[2024-05-23 09:43:25,686] {logging_mixin.py:115} INFO - [2024-05-23 09:43:25,686] {dagbag.py:508} INFO - Filling up the DagBag from /home/airflow/.local/lib/python3.7/site-packages/airflow/example_dags/example_task_group.py
[2024-05-23 09:43:25,693] {processor.py:651} INFO - DAG(s) dict_keys(['example_task_group']) retrieved from /home/airflow/.local/lib/python3.7/site-packages/airflow/example_dags/example_task_group.py
[2024-05-23 09:43:25,715] {logging_mixin.py:115} INFO - [2024-05-23 09:43:25,714] {dag.py:2420} INFO - Sync 1 DAGs
[2024-05-23 09:43:25,728] {logging_mixin.py:115} INFO - [2024-05-23 09:43:25,728] {dag.py:2972} INFO - Setting next_dagrun for example_task_group to 2024-05-22T09:43:25.727797+00:00, run_after=2024-05-23T09:43:25.727797+00:00
[2024-05-23 09:43:25,735] {processor.py:161} INFO - Processing /home/airflow/.local/lib/python3.7/site-packages/airflow/example_dags/example_task_group.py took 0.055 seconds
[2024-05-23 09:43:56,165] {processor.py:153} INFO - Started process (PID=2516) to work on /home/airflow/.local/lib/python3.7/site-packages/airflow/example_dags/example_task_group.py
[2024-05-23 09:43:56,166] {processor.py:641} INFO - Processing file /home/airflow/.local/lib/python3.7/site-packages/airflow/example_dags/example_task_group.py for tasks to queue
[2024-05-23 09:43:56,168] {logging_mixin.py:115} INFO - [2024-05-23 09:43:56,167] {dagbag.py:508} INFO - Filling up the DagBag from /home/airflow/.local/lib/python3.7/site-packages/airflow/example_dags/example_task_group.py
[2024-05-23 09:43:56,175] {processor.py:651} INFO - DAG(s) dict_keys(['example_task_group']) retrieved from /home/airflow/.local/lib/python3.7/site-packages/airflow/example_dags/example_task_group.py
[2024-05-23 09:43:56,199] {logging_mixin.py:115} INFO - [2024-05-23 09:43:56,199] {dag.py:2420} INFO - Sync 1 DAGs
[2024-05-23 09:43:56,212] {logging_mixin.py:115} INFO - [2024-05-23 09:43:56,212] {dag.py:2972} INFO - Setting next_dagrun for example_task_group to 2024-05-22T09:43:56.212063+00:00, run_after=2024-05-23T09:43:56.212063+00:00
[2024-05-23 09:43:56,219] {processor.py:161} INFO - Processing /home/airflow/.local/lib/python3.7/site-packages/airflow/example_dags/example_task_group.py took 0.058 seconds
[2024-05-23 09:44:26,604] {processor.py:153} INFO - Started process (PID=2578) to work on /home/airflow/.local/lib/python3.7/site-packages/airflow/example_dags/example_task_group.py
[2024-05-23 09:44:26,605] {processor.py:641} INFO - Processing file /home/airflow/.local/lib/python3.7/site-packages/airflow/example_dags/example_task_group.py for tasks to queue
[2024-05-23 09:44:26,606] {logging_mixin.py:115} INFO - [2024-05-23 09:44:26,606] {dagbag.py:508} INFO - Filling up the DagBag from /home/airflow/.local/lib/python3.7/site-packages/airflow/example_dags/example_task_group.py
[2024-05-23 09:44:26,610] {processor.py:651} INFO - DAG(s) dict_keys(['example_task_group']) retrieved from /home/airflow/.local/lib/python3.7/site-packages/airflow/example_dags/example_task_group.py
[2024-05-23 09:44:26,632] {logging_mixin.py:115} INFO - [2024-05-23 09:44:26,632] {dag.py:2420} INFO - Sync 1 DAGs
[2024-05-23 09:44:26,646] {logging_mixin.py:115} INFO - [2024-05-23 09:44:26,646] {dag.py:2972} INFO - Setting next_dagrun for example_task_group to 2024-05-22T09:44:26.646304+00:00, run_after=2024-05-23T09:44:26.646304+00:00
[2024-05-23 09:44:26,654] {processor.py:161} INFO - Processing /home/airflow/.local/lib/python3.7/site-packages/airflow/example_dags/example_task_group.py took 0.053 seconds
[2024-05-23 09:44:57,049] {processor.py:153} INFO - Started process (PID=2631) to work on /home/airflow/.local/lib/python3.7/site-packages/airflow/example_dags/example_task_group.py
[2024-05-23 09:44:57,051] {processor.py:641} INFO - Processing file /home/airflow/.local/lib/python3.7/site-packages/airflow/example_dags/example_task_group.py for tasks to queue
[2024-05-23 09:44:57,052] {logging_mixin.py:115} INFO - [2024-05-23 09:44:57,051] {dagbag.py:508} INFO - Filling up the DagBag from /home/airflow/.local/lib/python3.7/site-packages/airflow/example_dags/example_task_group.py
[2024-05-23 09:44:57,060] {processor.py:651} INFO - DAG(s) dict_keys(['example_task_group']) retrieved from /home/airflow/.local/lib/python3.7/site-packages/airflow/example_dags/example_task_group.py
[2024-05-23 09:44:57,086] {logging_mixin.py:115} INFO - [2024-05-23 09:44:57,086] {dag.py:2420} INFO - Sync 1 DAGs
[2024-05-23 09:44:57,105] {logging_mixin.py:115} INFO - [2024-05-23 09:44:57,105] {dag.py:2972} INFO - Setting next_dagrun for example_task_group to 2024-05-22T09:44:57.105140+00:00, run_after=2024-05-23T09:44:57.105140+00:00
[2024-05-23 09:44:57,114] {processor.py:161} INFO - Processing /home/airflow/.local/lib/python3.7/site-packages/airflow/example_dags/example_task_group.py took 0.068 seconds
[2024-05-23 09:45:27,609] {processor.py:153} INFO - Started process (PID=2693) to work on /home/airflow/.local/lib/python3.7/site-packages/airflow/example_dags/example_task_group.py
[2024-05-23 09:45:27,610] {processor.py:641} INFO - Processing file /home/airflow/.local/lib/python3.7/site-packages/airflow/example_dags/example_task_group.py for tasks to queue
[2024-05-23 09:45:27,612] {logging_mixin.py:115} INFO - [2024-05-23 09:45:27,612] {dagbag.py:508} INFO - Filling up the DagBag from /home/airflow/.local/lib/python3.7/site-packages/airflow/example_dags/example_task_group.py
[2024-05-23 09:45:27,619] {processor.py:651} INFO - DAG(s) dict_keys(['example_task_group']) retrieved from /home/airflow/.local/lib/python3.7/site-packages/airflow/example_dags/example_task_group.py
[2024-05-23 09:45:27,645] {logging_mixin.py:115} INFO - [2024-05-23 09:45:27,645] {dag.py:2420} INFO - Sync 1 DAGs
[2024-05-23 09:45:27,661] {logging_mixin.py:115} INFO - [2024-05-23 09:45:27,660] {dag.py:2972} INFO - Setting next_dagrun for example_task_group to 2024-05-22T09:45:27.660674+00:00, run_after=2024-05-23T09:45:27.660674+00:00
[2024-05-23 09:45:27,669] {processor.py:161} INFO - Processing /home/airflow/.local/lib/python3.7/site-packages/airflow/example_dags/example_task_group.py took 0.065 seconds
[2024-05-23 09:45:58,169] {processor.py:153} INFO - Started process (PID=2755) to work on /home/airflow/.local/lib/python3.7/site-packages/airflow/example_dags/example_task_group.py
[2024-05-23 09:45:58,171] {processor.py:641} INFO - Processing file /home/airflow/.local/lib/python3.7/site-packages/airflow/example_dags/example_task_group.py for tasks to queue
[2024-05-23 09:45:58,172] {logging_mixin.py:115} INFO - [2024-05-23 09:45:58,172] {dagbag.py:508} INFO - Filling up the DagBag from /home/airflow/.local/lib/python3.7/site-packages/airflow/example_dags/example_task_group.py
[2024-05-23 09:45:58,180] {processor.py:651} INFO - DAG(s) dict_keys(['example_task_group']) retrieved from /home/airflow/.local/lib/python3.7/site-packages/airflow/example_dags/example_task_group.py
[2024-05-23 09:45:58,204] {logging_mixin.py:115} INFO - [2024-05-23 09:45:58,204] {dag.py:2420} INFO - Sync 1 DAGs
[2024-05-23 09:45:58,216] {logging_mixin.py:115} INFO - [2024-05-23 09:45:58,216] {dag.py:2972} INFO - Setting next_dagrun for example_task_group to 2024-05-22T09:45:58.216507+00:00, run_after=2024-05-23T09:45:58.216507+00:00
[2024-05-23 09:45:58,223] {processor.py:161} INFO - Processing /home/airflow/.local/lib/python3.7/site-packages/airflow/example_dags/example_task_group.py took 0.059 seconds
[2024-05-23 09:46:28,590] {processor.py:153} INFO - Started process (PID=2817) to work on /home/airflow/.local/lib/python3.7/site-packages/airflow/example_dags/example_task_group.py
[2024-05-23 09:46:28,592] {processor.py:641} INFO - Processing file /home/airflow/.local/lib/python3.7/site-packages/airflow/example_dags/example_task_group.py for tasks to queue
[2024-05-23 09:46:28,593] {logging_mixin.py:115} INFO - [2024-05-23 09:46:28,593] {dagbag.py:508} INFO - Filling up the DagBag from /home/airflow/.local/lib/python3.7/site-packages/airflow/example_dags/example_task_group.py
[2024-05-23 09:46:28,601] {processor.py:651} INFO - DAG(s) dict_keys(['example_task_group']) retrieved from /home/airflow/.local/lib/python3.7/site-packages/airflow/example_dags/example_task_group.py
[2024-05-23 09:46:28,625] {logging_mixin.py:115} INFO - [2024-05-23 09:46:28,625] {dag.py:2420} INFO - Sync 1 DAGs
[2024-05-23 09:46:28,638] {logging_mixin.py:115} INFO - [2024-05-23 09:46:28,638] {dag.py:2972} INFO - Setting next_dagrun for example_task_group to 2024-05-22T09:46:28.637943+00:00, run_after=2024-05-23T09:46:28.637943+00:00
[2024-05-23 09:46:28,645] {processor.py:161} INFO - Processing /home/airflow/.local/lib/python3.7/site-packages/airflow/example_dags/example_task_group.py took 0.059 seconds
[2024-05-23 09:46:58,968] {processor.py:153} INFO - Started process (PID=2879) to work on /home/airflow/.local/lib/python3.7/site-packages/airflow/example_dags/example_task_group.py
[2024-05-23 09:46:58,969] {processor.py:641} INFO - Processing file /home/airflow/.local/lib/python3.7/site-packages/airflow/example_dags/example_task_group.py for tasks to queue
[2024-05-23 09:46:58,970] {logging_mixin.py:115} INFO - [2024-05-23 09:46:58,970] {dagbag.py:508} INFO - Filling up the DagBag from /home/airflow/.local/lib/python3.7/site-packages/airflow/example_dags/example_task_group.py
[2024-05-23 09:46:58,974] {processor.py:651} INFO - DAG(s) dict_keys(['example_task_group']) retrieved from /home/airflow/.local/lib/python3.7/site-packages/airflow/example_dags/example_task_group.py
[2024-05-23 09:46:58,992] {logging_mixin.py:115} INFO - [2024-05-23 09:46:58,992] {dag.py:2420} INFO - Sync 1 DAGs
[2024-05-23 09:46:59,004] {logging_mixin.py:115} INFO - [2024-05-23 09:46:59,004] {dag.py:2972} INFO - Setting next_dagrun for example_task_group to 2024-05-22T09:46:59.004453+00:00, run_after=2024-05-23T09:46:59.004453+00:00
[2024-05-23 09:46:59,011] {processor.py:161} INFO - Processing /home/airflow/.local/lib/python3.7/site-packages/airflow/example_dags/example_task_group.py took 0.046 seconds
[2024-05-23 09:47:29,617] {processor.py:153} INFO - Started process (PID=2941) to work on /home/airflow/.local/lib/python3.7/site-packages/airflow/example_dags/example_task_group.py
[2024-05-23 09:47:29,618] {processor.py:641} INFO - Processing file /home/airflow/.local/lib/python3.7/site-packages/airflow/example_dags/example_task_group.py for tasks to queue
[2024-05-23 09:47:29,619] {logging_mixin.py:115} INFO - [2024-05-23 09:47:29,619] {dagbag.py:508} INFO - Filling up the DagBag from /home/airflow/.local/lib/python3.7/site-packages/airflow/example_dags/example_task_group.py
[2024-05-23 09:47:29,623] {processor.py:651} INFO - DAG(s) dict_keys(['example_task_group']) retrieved from /home/airflow/.local/lib/python3.7/site-packages/airflow/example_dags/example_task_group.py
[2024-05-23 09:47:29,644] {logging_mixin.py:115} INFO - [2024-05-23 09:47:29,644] {dag.py:2420} INFO - Sync 1 DAGs
[2024-05-23 09:47:29,657] {logging_mixin.py:115} INFO - [2024-05-23 09:47:29,657] {dag.py:2972} INFO - Setting next_dagrun for example_task_group to 2024-05-22T09:47:29.657436+00:00, run_after=2024-05-23T09:47:29.657436+00:00
[2024-05-23 09:47:29,665] {processor.py:161} INFO - Processing /home/airflow/.local/lib/python3.7/site-packages/airflow/example_dags/example_task_group.py took 0.051 seconds
[2024-05-23 09:48:00,123] {processor.py:153} INFO - Started process (PID=2994) to work on /home/airflow/.local/lib/python3.7/site-packages/airflow/example_dags/example_task_group.py
[2024-05-23 09:48:00,124] {processor.py:641} INFO - Processing file /home/airflow/.local/lib/python3.7/site-packages/airflow/example_dags/example_task_group.py for tasks to queue
[2024-05-23 09:48:00,125] {logging_mixin.py:115} INFO - [2024-05-23 09:48:00,125] {dagbag.py:508} INFO - Filling up the DagBag from /home/airflow/.local/lib/python3.7/site-packages/airflow/example_dags/example_task_group.py
[2024-05-23 09:48:00,133] {processor.py:651} INFO - DAG(s) dict_keys(['example_task_group']) retrieved from /home/airflow/.local/lib/python3.7/site-packages/airflow/example_dags/example_task_group.py
[2024-05-23 09:48:00,158] {logging_mixin.py:115} INFO - [2024-05-23 09:48:00,158] {dag.py:2420} INFO - Sync 1 DAGs
[2024-05-23 09:48:00,172] {logging_mixin.py:115} INFO - [2024-05-23 09:48:00,172] {dag.py:2972} INFO - Setting next_dagrun for example_task_group to 2024-05-22T09:48:00.172214+00:00, run_after=2024-05-23T09:48:00.172214+00:00
[2024-05-23 09:48:00,180] {processor.py:161} INFO - Processing /home/airflow/.local/lib/python3.7/site-packages/airflow/example_dags/example_task_group.py took 0.060 seconds
[2024-05-23 09:48:30,563] {processor.py:153} INFO - Started process (PID=3056) to work on /home/airflow/.local/lib/python3.7/site-packages/airflow/example_dags/example_task_group.py
[2024-05-23 09:48:30,565] {processor.py:641} INFO - Processing file /home/airflow/.local/lib/python3.7/site-packages/airflow/example_dags/example_task_group.py for tasks to queue
[2024-05-23 09:48:30,565] {logging_mixin.py:115} INFO - [2024-05-23 09:48:30,565] {dagbag.py:508} INFO - Filling up the DagBag from /home/airflow/.local/lib/python3.7/site-packages/airflow/example_dags/example_task_group.py
[2024-05-23 09:48:30,572] {processor.py:651} INFO - DAG(s) dict_keys(['example_task_group']) retrieved from /home/airflow/.local/lib/python3.7/site-packages/airflow/example_dags/example_task_group.py
[2024-05-23 09:48:30,593] {logging_mixin.py:115} INFO - [2024-05-23 09:48:30,593] {dag.py:2420} INFO - Sync 1 DAGs
[2024-05-23 09:48:30,606] {logging_mixin.py:115} INFO - [2024-05-23 09:48:30,606] {dag.py:2972} INFO - Setting next_dagrun for example_task_group to 2024-05-22T09:48:30.606402+00:00, run_after=2024-05-23T09:48:30.606402+00:00
[2024-05-23 09:48:30,614] {processor.py:161} INFO - Processing /home/airflow/.local/lib/python3.7/site-packages/airflow/example_dags/example_task_group.py took 0.053 seconds
[2024-05-23 09:49:01,037] {processor.py:153} INFO - Started process (PID=3118) to work on /home/airflow/.local/lib/python3.7/site-packages/airflow/example_dags/example_task_group.py
[2024-05-23 09:49:01,039] {processor.py:641} INFO - Processing file /home/airflow/.local/lib/python3.7/site-packages/airflow/example_dags/example_task_group.py for tasks to queue
[2024-05-23 09:49:01,040] {logging_mixin.py:115} INFO - [2024-05-23 09:49:01,040] {dagbag.py:508} INFO - Filling up the DagBag from /home/airflow/.local/lib/python3.7/site-packages/airflow/example_dags/example_task_group.py
[2024-05-23 09:49:01,047] {processor.py:651} INFO - DAG(s) dict_keys(['example_task_group']) retrieved from /home/airflow/.local/lib/python3.7/site-packages/airflow/example_dags/example_task_group.py
[2024-05-23 09:49:01,071] {logging_mixin.py:115} INFO - [2024-05-23 09:49:01,070] {dag.py:2420} INFO - Sync 1 DAGs
[2024-05-23 09:49:01,084] {logging_mixin.py:115} INFO - [2024-05-23 09:49:01,084] {dag.py:2972} INFO - Setting next_dagrun for example_task_group to 2024-05-22T09:49:01.084569+00:00, run_after=2024-05-23T09:49:01.084569+00:00
[2024-05-23 09:49:01,092] {processor.py:161} INFO - Processing /home/airflow/.local/lib/python3.7/site-packages/airflow/example_dags/example_task_group.py took 0.060 seconds
[2024-05-23 09:49:31,592] {processor.py:153} INFO - Started process (PID=3180) to work on /home/airflow/.local/lib/python3.7/site-packages/airflow/example_dags/example_task_group.py
[2024-05-23 09:49:31,594] {processor.py:641} INFO - Processing file /home/airflow/.local/lib/python3.7/site-packages/airflow/example_dags/example_task_group.py for tasks to queue
[2024-05-23 09:49:31,595] {logging_mixin.py:115} INFO - [2024-05-23 09:49:31,595] {dagbag.py:508} INFO - Filling up the DagBag from /home/airflow/.local/lib/python3.7/site-packages/airflow/example_dags/example_task_group.py
[2024-05-23 09:49:31,602] {processor.py:651} INFO - DAG(s) dict_keys(['example_task_group']) retrieved from /home/airflow/.local/lib/python3.7/site-packages/airflow/example_dags/example_task_group.py
[2024-05-23 09:49:31,631] {logging_mixin.py:115} INFO - [2024-05-23 09:49:31,631] {dag.py:2420} INFO - Sync 1 DAGs
[2024-05-23 09:49:31,646] {logging_mixin.py:115} INFO - [2024-05-23 09:49:31,646] {dag.py:2972} INFO - Setting next_dagrun for example_task_group to 2024-05-22T09:49:31.646599+00:00, run_after=2024-05-23T09:49:31.646599+00:00
[2024-05-23 09:49:31,655] {processor.py:161} INFO - Processing /home/airflow/.local/lib/python3.7/site-packages/airflow/example_dags/example_task_group.py took 0.066 seconds
[2024-05-23 09:50:02,104] {processor.py:153} INFO - Started process (PID=3242) to work on /home/airflow/.local/lib/python3.7/site-packages/airflow/example_dags/example_task_group.py
[2024-05-23 09:50:02,107] {processor.py:641} INFO - Processing file /home/airflow/.local/lib/python3.7/site-packages/airflow/example_dags/example_task_group.py for tasks to queue
[2024-05-23 09:50:02,108] {logging_mixin.py:115} INFO - [2024-05-23 09:50:02,108] {dagbag.py:508} INFO - Filling up the DagBag from /home/airflow/.local/lib/python3.7/site-packages/airflow/example_dags/example_task_group.py
[2024-05-23 09:50:02,120] {processor.py:651} INFO - DAG(s) dict_keys(['example_task_group']) retrieved from /home/airflow/.local/lib/python3.7/site-packages/airflow/example_dags/example_task_group.py
[2024-05-23 09:50:02,147] {logging_mixin.py:115} INFO - [2024-05-23 09:50:02,147] {dag.py:2420} INFO - Sync 1 DAGs
[2024-05-23 09:50:02,162] {logging_mixin.py:115} INFO - [2024-05-23 09:50:02,162] {dag.py:2972} INFO - Setting next_dagrun for example_task_group to 2024-05-22T09:50:02.161985+00:00, run_after=2024-05-23T09:50:02.161985+00:00
[2024-05-23 09:50:02,169] {processor.py:161} INFO - Processing /home/airflow/.local/lib/python3.7/site-packages/airflow/example_dags/example_task_group.py took 0.070 seconds
[2024-05-23 09:50:32,513] {processor.py:153} INFO - Started process (PID=3304) to work on /home/airflow/.local/lib/python3.7/site-packages/airflow/example_dags/example_task_group.py
[2024-05-23 09:50:32,514] {processor.py:641} INFO - Processing file /home/airflow/.local/lib/python3.7/site-packages/airflow/example_dags/example_task_group.py for tasks to queue
[2024-05-23 09:50:32,515] {logging_mixin.py:115} INFO - [2024-05-23 09:50:32,515] {dagbag.py:508} INFO - Filling up the DagBag from /home/airflow/.local/lib/python3.7/site-packages/airflow/example_dags/example_task_group.py
[2024-05-23 09:50:32,521] {processor.py:651} INFO - DAG(s) dict_keys(['example_task_group']) retrieved from /home/airflow/.local/lib/python3.7/site-packages/airflow/example_dags/example_task_group.py
[2024-05-23 09:50:32,543] {logging_mixin.py:115} INFO - [2024-05-23 09:50:32,543] {dag.py:2420} INFO - Sync 1 DAGs
[2024-05-23 09:50:32,558] {logging_mixin.py:115} INFO - [2024-05-23 09:50:32,558] {dag.py:2972} INFO - Setting next_dagrun for example_task_group to 2024-05-22T09:50:32.557836+00:00, run_after=2024-05-23T09:50:32.557836+00:00
[2024-05-23 09:50:32,566] {processor.py:161} INFO - Processing /home/airflow/.local/lib/python3.7/site-packages/airflow/example_dags/example_task_group.py took 0.055 seconds
[2024-05-23 09:51:03,119] {processor.py:153} INFO - Started process (PID=3357) to work on /home/airflow/.local/lib/python3.7/site-packages/airflow/example_dags/example_task_group.py
[2024-05-23 09:51:03,120] {processor.py:641} INFO - Processing file /home/airflow/.local/lib/python3.7/site-packages/airflow/example_dags/example_task_group.py for tasks to queue
[2024-05-23 09:51:03,120] {logging_mixin.py:115} INFO - [2024-05-23 09:51:03,120] {dagbag.py:508} INFO - Filling up the DagBag from /home/airflow/.local/lib/python3.7/site-packages/airflow/example_dags/example_task_group.py
[2024-05-23 09:51:03,127] {processor.py:651} INFO - DAG(s) dict_keys(['example_task_group']) retrieved from /home/airflow/.local/lib/python3.7/site-packages/airflow/example_dags/example_task_group.py
[2024-05-23 09:51:03,152] {logging_mixin.py:115} INFO - [2024-05-23 09:51:03,152] {dag.py:2420} INFO - Sync 1 DAGs
[2024-05-23 09:51:03,169] {logging_mixin.py:115} INFO - [2024-05-23 09:51:03,169] {dag.py:2972} INFO - Setting next_dagrun for example_task_group to 2024-05-22T09:51:03.169023+00:00, run_after=2024-05-23T09:51:03.169023+00:00
[2024-05-23 09:51:03,177] {processor.py:161} INFO - Processing /home/airflow/.local/lib/python3.7/site-packages/airflow/example_dags/example_task_group.py took 0.061 seconds
[2024-05-23 09:51:33,513] {processor.py:153} INFO - Started process (PID=3419) to work on /home/airflow/.local/lib/python3.7/site-packages/airflow/example_dags/example_task_group.py
[2024-05-23 09:51:33,515] {processor.py:641} INFO - Processing file /home/airflow/.local/lib/python3.7/site-packages/airflow/example_dags/example_task_group.py for tasks to queue
[2024-05-23 09:51:33,516] {logging_mixin.py:115} INFO - [2024-05-23 09:51:33,516] {dagbag.py:508} INFO - Filling up the DagBag from /home/airflow/.local/lib/python3.7/site-packages/airflow/example_dags/example_task_group.py
[2024-05-23 09:51:33,521] {processor.py:651} INFO - DAG(s) dict_keys(['example_task_group']) retrieved from /home/airflow/.local/lib/python3.7/site-packages/airflow/example_dags/example_task_group.py
[2024-05-23 09:51:33,542] {logging_mixin.py:115} INFO - [2024-05-23 09:51:33,542] {dag.py:2420} INFO - Sync 1 DAGs
[2024-05-23 09:51:33,557] {logging_mixin.py:115} INFO - [2024-05-23 09:51:33,557] {dag.py:2972} INFO - Setting next_dagrun for example_task_group to 2024-05-22T09:51:33.557129+00:00, run_after=2024-05-23T09:51:33.557129+00:00
[2024-05-23 09:51:33,564] {processor.py:161} INFO - Processing /home/airflow/.local/lib/python3.7/site-packages/airflow/example_dags/example_task_group.py took 0.056 seconds
[2024-05-23 09:52:03,889] {processor.py:153} INFO - Started process (PID=3481) to work on /home/airflow/.local/lib/python3.7/site-packages/airflow/example_dags/example_task_group.py
[2024-05-23 09:52:03,890] {processor.py:641} INFO - Processing file /home/airflow/.local/lib/python3.7/site-packages/airflow/example_dags/example_task_group.py for tasks to queue
[2024-05-23 09:52:03,891] {logging_mixin.py:115} INFO - [2024-05-23 09:52:03,891] {dagbag.py:508} INFO - Filling up the DagBag from /home/airflow/.local/lib/python3.7/site-packages/airflow/example_dags/example_task_group.py
[2024-05-23 09:52:03,897] {processor.py:651} INFO - DAG(s) dict_keys(['example_task_group']) retrieved from /home/airflow/.local/lib/python3.7/site-packages/airflow/example_dags/example_task_group.py
[2024-05-23 09:52:03,919] {logging_mixin.py:115} INFO - [2024-05-23 09:52:03,919] {dag.py:2420} INFO - Sync 1 DAGs
[2024-05-23 09:52:03,932] {logging_mixin.py:115} INFO - [2024-05-23 09:52:03,932] {dag.py:2972} INFO - Setting next_dagrun for example_task_group to 2024-05-22T09:52:03.932162+00:00, run_after=2024-05-23T09:52:03.932162+00:00
[2024-05-23 09:52:03,939] {processor.py:161} INFO - Processing /home/airflow/.local/lib/python3.7/site-packages/airflow/example_dags/example_task_group.py took 0.052 seconds
[2024-05-23 09:52:34,487] {processor.py:153} INFO - Started process (PID=3543) to work on /home/airflow/.local/lib/python3.7/site-packages/airflow/example_dags/example_task_group.py
[2024-05-23 09:52:34,488] {processor.py:641} INFO - Processing file /home/airflow/.local/lib/python3.7/site-packages/airflow/example_dags/example_task_group.py for tasks to queue
[2024-05-23 09:52:34,489] {logging_mixin.py:115} INFO - [2024-05-23 09:52:34,489] {dagbag.py:508} INFO - Filling up the DagBag from /home/airflow/.local/lib/python3.7/site-packages/airflow/example_dags/example_task_group.py
[2024-05-23 09:52:34,497] {processor.py:651} INFO - DAG(s) dict_keys(['example_task_group']) retrieved from /home/airflow/.local/lib/python3.7/site-packages/airflow/example_dags/example_task_group.py
[2024-05-23 09:52:34,522] {logging_mixin.py:115} INFO - [2024-05-23 09:52:34,521] {dag.py:2420} INFO - Sync 1 DAGs
[2024-05-23 09:52:34,537] {logging_mixin.py:115} INFO - [2024-05-23 09:52:34,537] {dag.py:2972} INFO - Setting next_dagrun for example_task_group to 2024-05-22T09:52:34.537538+00:00, run_after=2024-05-23T09:52:34.537538+00:00
[2024-05-23 09:52:34,545] {processor.py:161} INFO - Processing /home/airflow/.local/lib/python3.7/site-packages/airflow/example_dags/example_task_group.py took 0.061 seconds
[2024-05-23 09:53:04,905] {processor.py:153} INFO - Started process (PID=3605) to work on /home/airflow/.local/lib/python3.7/site-packages/airflow/example_dags/example_task_group.py
[2024-05-23 09:53:04,906] {processor.py:641} INFO - Processing file /home/airflow/.local/lib/python3.7/site-packages/airflow/example_dags/example_task_group.py for tasks to queue
[2024-05-23 09:53:04,907] {logging_mixin.py:115} INFO - [2024-05-23 09:53:04,907] {dagbag.py:508} INFO - Filling up the DagBag from /home/airflow/.local/lib/python3.7/site-packages/airflow/example_dags/example_task_group.py
[2024-05-23 09:53:04,916] {processor.py:651} INFO - DAG(s) dict_keys(['example_task_group']) retrieved from /home/airflow/.local/lib/python3.7/site-packages/airflow/example_dags/example_task_group.py
[2024-05-23 09:53:04,950] {logging_mixin.py:115} INFO - [2024-05-23 09:53:04,950] {dag.py:2420} INFO - Sync 1 DAGs
[2024-05-23 09:53:04,967] {logging_mixin.py:115} INFO - [2024-05-23 09:53:04,967] {dag.py:2972} INFO - Setting next_dagrun for example_task_group to 2024-05-22T09:53:04.967463+00:00, run_after=2024-05-23T09:53:04.967463+00:00
[2024-05-23 09:53:04,975] {processor.py:161} INFO - Processing /home/airflow/.local/lib/python3.7/site-packages/airflow/example_dags/example_task_group.py took 0.073 seconds
[2024-05-23 09:53:35,447] {processor.py:153} INFO - Started process (PID=3665) to work on /home/airflow/.local/lib/python3.7/site-packages/airflow/example_dags/example_task_group.py
[2024-05-23 09:53:35,447] {processor.py:641} INFO - Processing file /home/airflow/.local/lib/python3.7/site-packages/airflow/example_dags/example_task_group.py for tasks to queue
[2024-05-23 09:53:35,448] {logging_mixin.py:115} INFO - [2024-05-23 09:53:35,448] {dagbag.py:508} INFO - Filling up the DagBag from /home/airflow/.local/lib/python3.7/site-packages/airflow/example_dags/example_task_group.py
[2024-05-23 09:53:35,455] {processor.py:651} INFO - DAG(s) dict_keys(['example_task_group']) retrieved from /home/airflow/.local/lib/python3.7/site-packages/airflow/example_dags/example_task_group.py
[2024-05-23 09:53:35,478] {logging_mixin.py:115} INFO - [2024-05-23 09:53:35,478] {dag.py:2420} INFO - Sync 1 DAGs
[2024-05-23 09:53:35,491] {logging_mixin.py:115} INFO - [2024-05-23 09:53:35,491] {dag.py:2972} INFO - Setting next_dagrun for example_task_group to 2024-05-22T09:53:35.491235+00:00, run_after=2024-05-23T09:53:35.491235+00:00
[2024-05-23 09:53:35,499] {processor.py:161} INFO - Processing /home/airflow/.local/lib/python3.7/site-packages/airflow/example_dags/example_task_group.py took 0.056 seconds
[2024-05-23 09:54:06,018] {processor.py:153} INFO - Started process (PID=3720) to work on /home/airflow/.local/lib/python3.7/site-packages/airflow/example_dags/example_task_group.py
[2024-05-23 09:54:06,019] {processor.py:641} INFO - Processing file /home/airflow/.local/lib/python3.7/site-packages/airflow/example_dags/example_task_group.py for tasks to queue
[2024-05-23 09:54:06,021] {logging_mixin.py:115} INFO - [2024-05-23 09:54:06,020] {dagbag.py:508} INFO - Filling up the DagBag from /home/airflow/.local/lib/python3.7/site-packages/airflow/example_dags/example_task_group.py
[2024-05-23 09:54:06,030] {processor.py:651} INFO - DAG(s) dict_keys(['example_task_group']) retrieved from /home/airflow/.local/lib/python3.7/site-packages/airflow/example_dags/example_task_group.py
[2024-05-23 09:54:06,057] {logging_mixin.py:115} INFO - [2024-05-23 09:54:06,057] {dag.py:2420} INFO - Sync 1 DAGs
[2024-05-23 09:54:06,070] {logging_mixin.py:115} INFO - [2024-05-23 09:54:06,070] {dag.py:2972} INFO - Setting next_dagrun for example_task_group to 2024-05-22T09:54:06.070332+00:00, run_after=2024-05-23T09:54:06.070332+00:00
[2024-05-23 09:54:06,078] {processor.py:161} INFO - Processing /home/airflow/.local/lib/python3.7/site-packages/airflow/example_dags/example_task_group.py took 0.065 seconds
[2024-05-23 09:54:36,531] {processor.py:153} INFO - Started process (PID=3782) to work on /home/airflow/.local/lib/python3.7/site-packages/airflow/example_dags/example_task_group.py
[2024-05-23 09:54:36,532] {processor.py:641} INFO - Processing file /home/airflow/.local/lib/python3.7/site-packages/airflow/example_dags/example_task_group.py for tasks to queue
[2024-05-23 09:54:36,533] {logging_mixin.py:115} INFO - [2024-05-23 09:54:36,533] {dagbag.py:508} INFO - Filling up the DagBag from /home/airflow/.local/lib/python3.7/site-packages/airflow/example_dags/example_task_group.py
[2024-05-23 09:54:36,539] {processor.py:651} INFO - DAG(s) dict_keys(['example_task_group']) retrieved from /home/airflow/.local/lib/python3.7/site-packages/airflow/example_dags/example_task_group.py
[2024-05-23 09:54:36,567] {logging_mixin.py:115} INFO - [2024-05-23 09:54:36,566] {dag.py:2420} INFO - Sync 1 DAGs
[2024-05-23 09:54:36,582] {logging_mixin.py:115} INFO - [2024-05-23 09:54:36,581] {dag.py:2972} INFO - Setting next_dagrun for example_task_group to 2024-05-22T09:54:36.581742+00:00, run_after=2024-05-23T09:54:36.581742+00:00
[2024-05-23 09:54:36,588] {processor.py:161} INFO - Processing /home/airflow/.local/lib/python3.7/site-packages/airflow/example_dags/example_task_group.py took 0.060 seconds
[2024-05-23 09:55:06,971] {processor.py:153} INFO - Started process (PID=3844) to work on /home/airflow/.local/lib/python3.7/site-packages/airflow/example_dags/example_task_group.py
[2024-05-23 09:55:06,972] {processor.py:641} INFO - Processing file /home/airflow/.local/lib/python3.7/site-packages/airflow/example_dags/example_task_group.py for tasks to queue
[2024-05-23 09:55:06,974] {logging_mixin.py:115} INFO - [2024-05-23 09:55:06,974] {dagbag.py:508} INFO - Filling up the DagBag from /home/airflow/.local/lib/python3.7/site-packages/airflow/example_dags/example_task_group.py
[2024-05-23 09:55:06,985] {processor.py:651} INFO - DAG(s) dict_keys(['example_task_group']) retrieved from /home/airflow/.local/lib/python3.7/site-packages/airflow/example_dags/example_task_group.py
[2024-05-23 09:55:07,011] {logging_mixin.py:115} INFO - [2024-05-23 09:55:07,011] {dag.py:2420} INFO - Sync 1 DAGs
[2024-05-23 09:55:07,025] {logging_mixin.py:115} INFO - [2024-05-23 09:55:07,025] {dag.py:2972} INFO - Setting next_dagrun for example_task_group to 2024-05-22T09:55:07.025301+00:00, run_after=2024-05-23T09:55:07.025301+00:00
[2024-05-23 09:55:07,034] {processor.py:161} INFO - Processing /home/airflow/.local/lib/python3.7/site-packages/airflow/example_dags/example_task_group.py took 0.069 seconds
[2024-05-23 09:55:37,388] {processor.py:153} INFO - Started process (PID=3906) to work on /home/airflow/.local/lib/python3.7/site-packages/airflow/example_dags/example_task_group.py
[2024-05-23 09:55:37,389] {processor.py:641} INFO - Processing file /home/airflow/.local/lib/python3.7/site-packages/airflow/example_dags/example_task_group.py for tasks to queue
[2024-05-23 09:55:37,390] {logging_mixin.py:115} INFO - [2024-05-23 09:55:37,390] {dagbag.py:508} INFO - Filling up the DagBag from /home/airflow/.local/lib/python3.7/site-packages/airflow/example_dags/example_task_group.py
[2024-05-23 09:55:37,401] {processor.py:651} INFO - DAG(s) dict_keys(['example_task_group']) retrieved from /home/airflow/.local/lib/python3.7/site-packages/airflow/example_dags/example_task_group.py
[2024-05-23 09:55:37,429] {logging_mixin.py:115} INFO - [2024-05-23 09:55:37,429] {dag.py:2420} INFO - Sync 1 DAGs
[2024-05-23 09:55:37,445] {logging_mixin.py:115} INFO - [2024-05-23 09:55:37,445] {dag.py:2972} INFO - Setting next_dagrun for example_task_group to 2024-05-22T09:55:37.444725+00:00, run_after=2024-05-23T09:55:37.444725+00:00
[2024-05-23 09:55:37,453] {processor.py:161} INFO - Processing /home/airflow/.local/lib/python3.7/site-packages/airflow/example_dags/example_task_group.py took 0.070 seconds
[2024-05-23 09:56:07,920] {processor.py:153} INFO - Started process (PID=3968) to work on /home/airflow/.local/lib/python3.7/site-packages/airflow/example_dags/example_task_group.py
[2024-05-23 09:56:07,921] {processor.py:641} INFO - Processing file /home/airflow/.local/lib/python3.7/site-packages/airflow/example_dags/example_task_group.py for tasks to queue
[2024-05-23 09:56:07,923] {logging_mixin.py:115} INFO - [2024-05-23 09:56:07,923] {dagbag.py:508} INFO - Filling up the DagBag from /home/airflow/.local/lib/python3.7/site-packages/airflow/example_dags/example_task_group.py
[2024-05-23 09:56:07,929] {processor.py:651} INFO - DAG(s) dict_keys(['example_task_group']) retrieved from /home/airflow/.local/lib/python3.7/site-packages/airflow/example_dags/example_task_group.py
[2024-05-23 09:56:07,956] {logging_mixin.py:115} INFO - [2024-05-23 09:56:07,956] {dag.py:2420} INFO - Sync 1 DAGs
[2024-05-23 09:56:07,971] {logging_mixin.py:115} INFO - [2024-05-23 09:56:07,971] {dag.py:2972} INFO - Setting next_dagrun for example_task_group to 2024-05-22T09:56:07.970999+00:00, run_after=2024-05-23T09:56:07.970999+00:00
[2024-05-23 09:56:07,978] {processor.py:161} INFO - Processing /home/airflow/.local/lib/python3.7/site-packages/airflow/example_dags/example_task_group.py took 0.061 seconds
[2024-05-23 09:56:38,384] {processor.py:153} INFO - Started process (PID=4021) to work on /home/airflow/.local/lib/python3.7/site-packages/airflow/example_dags/example_task_group.py
[2024-05-23 09:56:38,385] {processor.py:641} INFO - Processing file /home/airflow/.local/lib/python3.7/site-packages/airflow/example_dags/example_task_group.py for tasks to queue
[2024-05-23 09:56:38,386] {logging_mixin.py:115} INFO - [2024-05-23 09:56:38,385] {dagbag.py:508} INFO - Filling up the DagBag from /home/airflow/.local/lib/python3.7/site-packages/airflow/example_dags/example_task_group.py
[2024-05-23 09:56:38,394] {processor.py:651} INFO - DAG(s) dict_keys(['example_task_group']) retrieved from /home/airflow/.local/lib/python3.7/site-packages/airflow/example_dags/example_task_group.py
[2024-05-23 09:56:38,425] {logging_mixin.py:115} INFO - [2024-05-23 09:56:38,425] {dag.py:2420} INFO - Sync 1 DAGs
[2024-05-23 09:56:38,441] {logging_mixin.py:115} INFO - [2024-05-23 09:56:38,441] {dag.py:2972} INFO - Setting next_dagrun for example_task_group to 2024-05-22T09:56:38.441217+00:00, run_after=2024-05-23T09:56:38.441217+00:00
[2024-05-23 09:56:38,449] {processor.py:161} INFO - Processing /home/airflow/.local/lib/python3.7/site-packages/airflow/example_dags/example_task_group.py took 0.069 seconds
[2024-05-23 09:57:08,800] {processor.py:153} INFO - Started process (PID=4083) to work on /home/airflow/.local/lib/python3.7/site-packages/airflow/example_dags/example_task_group.py
[2024-05-23 09:57:08,802] {processor.py:641} INFO - Processing file /home/airflow/.local/lib/python3.7/site-packages/airflow/example_dags/example_task_group.py for tasks to queue
[2024-05-23 09:57:08,803] {logging_mixin.py:115} INFO - [2024-05-23 09:57:08,803] {dagbag.py:508} INFO - Filling up the DagBag from /home/airflow/.local/lib/python3.7/site-packages/airflow/example_dags/example_task_group.py
[2024-05-23 09:57:08,809] {processor.py:651} INFO - DAG(s) dict_keys(['example_task_group']) retrieved from /home/airflow/.local/lib/python3.7/site-packages/airflow/example_dags/example_task_group.py
[2024-05-23 09:57:08,832] {logging_mixin.py:115} INFO - [2024-05-23 09:57:08,832] {dag.py:2420} INFO - Sync 1 DAGs
[2024-05-23 09:57:08,846] {logging_mixin.py:115} INFO - [2024-05-23 09:57:08,846] {dag.py:2972} INFO - Setting next_dagrun for example_task_group to 2024-05-22T09:57:08.846222+00:00, run_after=2024-05-23T09:57:08.846222+00:00
[2024-05-23 09:57:08,854] {processor.py:161} INFO - Processing /home/airflow/.local/lib/python3.7/site-packages/airflow/example_dags/example_task_group.py took 0.057 seconds
[2024-05-23 09:57:39,245] {processor.py:153} INFO - Started process (PID=4145) to work on /home/airflow/.local/lib/python3.7/site-packages/airflow/example_dags/example_task_group.py
[2024-05-23 09:57:39,246] {processor.py:641} INFO - Processing file /home/airflow/.local/lib/python3.7/site-packages/airflow/example_dags/example_task_group.py for tasks to queue
[2024-05-23 09:57:39,248] {logging_mixin.py:115} INFO - [2024-05-23 09:57:39,247] {dagbag.py:508} INFO - Filling up the DagBag from /home/airflow/.local/lib/python3.7/site-packages/airflow/example_dags/example_task_group.py
[2024-05-23 09:57:39,261] {processor.py:651} INFO - DAG(s) dict_keys(['example_task_group']) retrieved from /home/airflow/.local/lib/python3.7/site-packages/airflow/example_dags/example_task_group.py
[2024-05-23 09:57:39,294] {logging_mixin.py:115} INFO - [2024-05-23 09:57:39,294] {dag.py:2420} INFO - Sync 1 DAGs
[2024-05-23 09:57:39,311] {logging_mixin.py:115} INFO - [2024-05-23 09:57:39,311] {dag.py:2972} INFO - Setting next_dagrun for example_task_group to 2024-05-22T09:57:39.311177+00:00, run_after=2024-05-23T09:57:39.311177+00:00
[2024-05-23 09:57:39,319] {processor.py:161} INFO - Processing /home/airflow/.local/lib/python3.7/site-packages/airflow/example_dags/example_task_group.py took 0.080 seconds
[2024-05-23 09:58:09,757] {processor.py:153} INFO - Started process (PID=4207) to work on /home/airflow/.local/lib/python3.7/site-packages/airflow/example_dags/example_task_group.py
[2024-05-23 09:58:09,759] {processor.py:641} INFO - Processing file /home/airflow/.local/lib/python3.7/site-packages/airflow/example_dags/example_task_group.py for tasks to queue
[2024-05-23 09:58:09,760] {logging_mixin.py:115} INFO - [2024-05-23 09:58:09,760] {dagbag.py:508} INFO - Filling up the DagBag from /home/airflow/.local/lib/python3.7/site-packages/airflow/example_dags/example_task_group.py
[2024-05-23 09:58:09,767] {processor.py:651} INFO - DAG(s) dict_keys(['example_task_group']) retrieved from /home/airflow/.local/lib/python3.7/site-packages/airflow/example_dags/example_task_group.py
[2024-05-23 09:58:09,790] {logging_mixin.py:115} INFO - [2024-05-23 09:58:09,790] {dag.py:2420} INFO - Sync 1 DAGs
[2024-05-23 09:58:09,803] {logging_mixin.py:115} INFO - [2024-05-23 09:58:09,803] {dag.py:2972} INFO - Setting next_dagrun for example_task_group to 2024-05-22T09:58:09.803317+00:00, run_after=2024-05-23T09:58:09.803317+00:00
[2024-05-23 09:58:09,810] {processor.py:161} INFO - Processing /home/airflow/.local/lib/python3.7/site-packages/airflow/example_dags/example_task_group.py took 0.057 seconds
[2024-05-23 09:58:40,237] {processor.py:153} INFO - Started process (PID=4269) to work on /home/airflow/.local/lib/python3.7/site-packages/airflow/example_dags/example_task_group.py
[2024-05-23 09:58:40,239] {processor.py:641} INFO - Processing file /home/airflow/.local/lib/python3.7/site-packages/airflow/example_dags/example_task_group.py for tasks to queue
[2024-05-23 09:58:40,240] {logging_mixin.py:115} INFO - [2024-05-23 09:58:40,239] {dagbag.py:508} INFO - Filling up the DagBag from /home/airflow/.local/lib/python3.7/site-packages/airflow/example_dags/example_task_group.py
[2024-05-23 09:58:40,246] {processor.py:651} INFO - DAG(s) dict_keys(['example_task_group']) retrieved from /home/airflow/.local/lib/python3.7/site-packages/airflow/example_dags/example_task_group.py
[2024-05-23 09:58:40,265] {logging_mixin.py:115} INFO - [2024-05-23 09:58:40,265] {dag.py:2420} INFO - Sync 1 DAGs
[2024-05-23 09:58:40,278] {logging_mixin.py:115} INFO - [2024-05-23 09:58:40,278] {dag.py:2972} INFO - Setting next_dagrun for example_task_group to 2024-05-22T09:58:40.278258+00:00, run_after=2024-05-23T09:58:40.278258+00:00
[2024-05-23 09:58:40,285] {processor.py:161} INFO - Processing /home/airflow/.local/lib/python3.7/site-packages/airflow/example_dags/example_task_group.py took 0.050 seconds
[2024-05-23 09:59:10,709] {processor.py:153} INFO - Started process (PID=4331) to work on /home/airflow/.local/lib/python3.7/site-packages/airflow/example_dags/example_task_group.py
[2024-05-23 09:59:10,710] {processor.py:641} INFO - Processing file /home/airflow/.local/lib/python3.7/site-packages/airflow/example_dags/example_task_group.py for tasks to queue
[2024-05-23 09:59:10,711] {logging_mixin.py:115} INFO - [2024-05-23 09:59:10,711] {dagbag.py:508} INFO - Filling up the DagBag from /home/airflow/.local/lib/python3.7/site-packages/airflow/example_dags/example_task_group.py
[2024-05-23 09:59:10,717] {processor.py:651} INFO - DAG(s) dict_keys(['example_task_group']) retrieved from /home/airflow/.local/lib/python3.7/site-packages/airflow/example_dags/example_task_group.py
[2024-05-23 09:59:10,738] {logging_mixin.py:115} INFO - [2024-05-23 09:59:10,738] {dag.py:2420} INFO - Sync 1 DAGs
[2024-05-23 09:59:10,751] {logging_mixin.py:115} INFO - [2024-05-23 09:59:10,751] {dag.py:2972} INFO - Setting next_dagrun for example_task_group to 2024-05-22T09:59:10.750883+00:00, run_after=2024-05-23T09:59:10.750883+00:00
[2024-05-23 09:59:10,758] {processor.py:161} INFO - Processing /home/airflow/.local/lib/python3.7/site-packages/airflow/example_dags/example_task_group.py took 0.052 seconds
[2024-05-23 09:59:41,196] {processor.py:153} INFO - Started process (PID=4384) to work on /home/airflow/.local/lib/python3.7/site-packages/airflow/example_dags/example_task_group.py
[2024-05-23 09:59:41,197] {processor.py:641} INFO - Processing file /home/airflow/.local/lib/python3.7/site-packages/airflow/example_dags/example_task_group.py for tasks to queue
[2024-05-23 09:59:41,198] {logging_mixin.py:115} INFO - [2024-05-23 09:59:41,198] {dagbag.py:508} INFO - Filling up the DagBag from /home/airflow/.local/lib/python3.7/site-packages/airflow/example_dags/example_task_group.py
[2024-05-23 09:59:41,207] {processor.py:651} INFO - DAG(s) dict_keys(['example_task_group']) retrieved from /home/airflow/.local/lib/python3.7/site-packages/airflow/example_dags/example_task_group.py
[2024-05-23 09:59:41,234] {logging_mixin.py:115} INFO - [2024-05-23 09:59:41,234] {dag.py:2420} INFO - Sync 1 DAGs
[2024-05-23 09:59:41,250] {logging_mixin.py:115} INFO - [2024-05-23 09:59:41,250] {dag.py:2972} INFO - Setting next_dagrun for example_task_group to 2024-05-22T09:59:41.250424+00:00, run_after=2024-05-23T09:59:41.250424+00:00
[2024-05-23 09:59:41,259] {processor.py:161} INFO - Processing /home/airflow/.local/lib/python3.7/site-packages/airflow/example_dags/example_task_group.py took 0.067 seconds
[2024-05-23 10:00:11,621] {processor.py:153} INFO - Started process (PID=4446) to work on /home/airflow/.local/lib/python3.7/site-packages/airflow/example_dags/example_task_group.py
[2024-05-23 10:00:11,623] {processor.py:641} INFO - Processing file /home/airflow/.local/lib/python3.7/site-packages/airflow/example_dags/example_task_group.py for tasks to queue
[2024-05-23 10:00:11,624] {logging_mixin.py:115} INFO - [2024-05-23 10:00:11,624] {dagbag.py:508} INFO - Filling up the DagBag from /home/airflow/.local/lib/python3.7/site-packages/airflow/example_dags/example_task_group.py
[2024-05-23 10:00:11,634] {processor.py:651} INFO - DAG(s) dict_keys(['example_task_group']) retrieved from /home/airflow/.local/lib/python3.7/site-packages/airflow/example_dags/example_task_group.py
[2024-05-23 10:00:11,657] {logging_mixin.py:115} INFO - [2024-05-23 10:00:11,657] {dag.py:2420} INFO - Sync 1 DAGs
[2024-05-23 10:00:11,670] {logging_mixin.py:115} INFO - [2024-05-23 10:00:11,670] {dag.py:2972} INFO - Setting next_dagrun for example_task_group to 2024-05-22T10:00:11.670342+00:00, run_after=2024-05-23T10:00:11.670342+00:00
[2024-05-23 10:00:11,677] {processor.py:161} INFO - Processing /home/airflow/.local/lib/python3.7/site-packages/airflow/example_dags/example_task_group.py took 0.061 seconds
