[2024-05-23 09:23:06,484] {processor.py:153} INFO - Started process (PID=39) to work on /home/airflow/.local/lib/python3.7/site-packages/airflow/example_dags/tutorial_etl_dag.py
[2024-05-23 09:23:06,486] {processor.py:641} INFO - Processing file /home/airflow/.local/lib/python3.7/site-packages/airflow/example_dags/tutorial_etl_dag.py for tasks to queue
[2024-05-23 09:23:06,488] {logging_mixin.py:115} INFO - [2024-05-23 09:23:06,488] {dagbag.py:508} INFO - Filling up the DagBag from /home/airflow/.local/lib/python3.7/site-packages/airflow/example_dags/tutorial_etl_dag.py
[2024-05-23 09:23:06,666] {processor.py:651} INFO - DAG(s) dict_keys(['tutorial_etl_dag']) retrieved from /home/airflow/.local/lib/python3.7/site-packages/airflow/example_dags/tutorial_etl_dag.py
[2024-05-23 09:23:06,746] {logging_mixin.py:115} INFO - [2024-05-23 09:23:06,746] {manager.py:508} INFO - Created Permission View: can edit on DAG:tutorial_etl_dag
[2024-05-23 09:23:06,762] {logging_mixin.py:115} INFO - [2024-05-23 09:23:06,762] {manager.py:508} INFO - Created Permission View: can read on DAG:tutorial_etl_dag
[2024-05-23 09:23:06,775] {logging_mixin.py:115} INFO - [2024-05-23 09:23:06,775] {manager.py:508} INFO - Created Permission View: can delete on DAG:tutorial_etl_dag
[2024-05-23 09:23:06,776] {logging_mixin.py:115} INFO - [2024-05-23 09:23:06,776] {dag.py:2420} INFO - Sync 1 DAGs
[2024-05-23 09:23:06,785] {logging_mixin.py:115} INFO - [2024-05-23 09:23:06,785] {dag.py:2439} INFO - Creating ORM DAG for tutorial_etl_dag
[2024-05-23 09:23:06,796] {logging_mixin.py:115} INFO - [2024-05-23 09:23:06,796] {dag.py:2972} INFO - Setting next_dagrun for tutorial_etl_dag to None, run_after=None
[2024-05-23 09:23:06,806] {processor.py:161} INFO - Processing /home/airflow/.local/lib/python3.7/site-packages/airflow/example_dags/tutorial_etl_dag.py took 0.328 seconds
[2024-05-23 09:23:37,556] {processor.py:153} INFO - Started process (PID=100) to work on /home/airflow/.local/lib/python3.7/site-packages/airflow/example_dags/tutorial_etl_dag.py
[2024-05-23 09:23:37,557] {processor.py:641} INFO - Processing file /home/airflow/.local/lib/python3.7/site-packages/airflow/example_dags/tutorial_etl_dag.py for tasks to queue
[2024-05-23 09:23:37,559] {logging_mixin.py:115} INFO - [2024-05-23 09:23:37,558] {dagbag.py:508} INFO - Filling up the DagBag from /home/airflow/.local/lib/python3.7/site-packages/airflow/example_dags/tutorial_etl_dag.py
[2024-05-23 09:23:37,567] {processor.py:651} INFO - DAG(s) dict_keys(['tutorial_etl_dag']) retrieved from /home/airflow/.local/lib/python3.7/site-packages/airflow/example_dags/tutorial_etl_dag.py
[2024-05-23 09:23:37,601] {logging_mixin.py:115} INFO - [2024-05-23 09:23:37,600] {dag.py:2420} INFO - Sync 1 DAGs
[2024-05-23 09:23:37,636] {logging_mixin.py:115} INFO - [2024-05-23 09:23:37,636] {dag.py:2972} INFO - Setting next_dagrun for tutorial_etl_dag to None, run_after=None
[2024-05-23 09:23:37,645] {processor.py:161} INFO - Processing /home/airflow/.local/lib/python3.7/site-packages/airflow/example_dags/tutorial_etl_dag.py took 0.094 seconds
[2024-05-23 09:24:08,087] {processor.py:153} INFO - Started process (PID=161) to work on /home/airflow/.local/lib/python3.7/site-packages/airflow/example_dags/tutorial_etl_dag.py
[2024-05-23 09:24:08,088] {processor.py:641} INFO - Processing file /home/airflow/.local/lib/python3.7/site-packages/airflow/example_dags/tutorial_etl_dag.py for tasks to queue
[2024-05-23 09:24:08,089] {logging_mixin.py:115} INFO - [2024-05-23 09:24:08,089] {dagbag.py:508} INFO - Filling up the DagBag from /home/airflow/.local/lib/python3.7/site-packages/airflow/example_dags/tutorial_etl_dag.py
[2024-05-23 09:24:08,100] {processor.py:651} INFO - DAG(s) dict_keys(['tutorial_etl_dag']) retrieved from /home/airflow/.local/lib/python3.7/site-packages/airflow/example_dags/tutorial_etl_dag.py
[2024-05-23 09:24:08,129] {logging_mixin.py:115} INFO - [2024-05-23 09:24:08,129] {dag.py:2420} INFO - Sync 1 DAGs
[2024-05-23 09:24:08,146] {logging_mixin.py:115} INFO - [2024-05-23 09:24:08,146] {dag.py:2972} INFO - Setting next_dagrun for tutorial_etl_dag to None, run_after=None
[2024-05-23 09:24:08,156] {processor.py:161} INFO - Processing /home/airflow/.local/lib/python3.7/site-packages/airflow/example_dags/tutorial_etl_dag.py took 0.075 seconds
[2024-05-23 09:24:38,556] {processor.py:153} INFO - Started process (PID=222) to work on /home/airflow/.local/lib/python3.7/site-packages/airflow/example_dags/tutorial_etl_dag.py
[2024-05-23 09:24:38,557] {processor.py:641} INFO - Processing file /home/airflow/.local/lib/python3.7/site-packages/airflow/example_dags/tutorial_etl_dag.py for tasks to queue
[2024-05-23 09:24:38,558] {logging_mixin.py:115} INFO - [2024-05-23 09:24:38,558] {dagbag.py:508} INFO - Filling up the DagBag from /home/airflow/.local/lib/python3.7/site-packages/airflow/example_dags/tutorial_etl_dag.py
[2024-05-23 09:24:38,562] {processor.py:651} INFO - DAG(s) dict_keys(['tutorial_etl_dag']) retrieved from /home/airflow/.local/lib/python3.7/site-packages/airflow/example_dags/tutorial_etl_dag.py
[2024-05-23 09:24:38,580] {logging_mixin.py:115} INFO - [2024-05-23 09:24:38,580] {dag.py:2420} INFO - Sync 1 DAGs
[2024-05-23 09:24:38,593] {logging_mixin.py:115} INFO - [2024-05-23 09:24:38,593] {dag.py:2972} INFO - Setting next_dagrun for tutorial_etl_dag to None, run_after=None
[2024-05-23 09:24:38,599] {processor.py:161} INFO - Processing /home/airflow/.local/lib/python3.7/site-packages/airflow/example_dags/tutorial_etl_dag.py took 0.046 seconds
[2024-05-23 09:25:09,009] {processor.py:153} INFO - Started process (PID=274) to work on /home/airflow/.local/lib/python3.7/site-packages/airflow/example_dags/tutorial_etl_dag.py
[2024-05-23 09:25:09,010] {processor.py:641} INFO - Processing file /home/airflow/.local/lib/python3.7/site-packages/airflow/example_dags/tutorial_etl_dag.py for tasks to queue
[2024-05-23 09:25:09,012] {logging_mixin.py:115} INFO - [2024-05-23 09:25:09,012] {dagbag.py:508} INFO - Filling up the DagBag from /home/airflow/.local/lib/python3.7/site-packages/airflow/example_dags/tutorial_etl_dag.py
[2024-05-23 09:25:09,026] {processor.py:651} INFO - DAG(s) dict_keys(['tutorial_etl_dag']) retrieved from /home/airflow/.local/lib/python3.7/site-packages/airflow/example_dags/tutorial_etl_dag.py
[2024-05-23 09:25:09,065] {logging_mixin.py:115} INFO - [2024-05-23 09:25:09,065] {dag.py:2420} INFO - Sync 1 DAGs
[2024-05-23 09:25:09,083] {logging_mixin.py:115} INFO - [2024-05-23 09:25:09,083] {dag.py:2972} INFO - Setting next_dagrun for tutorial_etl_dag to None, run_after=None
[2024-05-23 09:25:09,092] {processor.py:161} INFO - Processing /home/airflow/.local/lib/python3.7/site-packages/airflow/example_dags/tutorial_etl_dag.py took 0.091 seconds
[2024-05-23 09:25:39,534] {processor.py:153} INFO - Started process (PID=335) to work on /home/airflow/.local/lib/python3.7/site-packages/airflow/example_dags/tutorial_etl_dag.py
[2024-05-23 09:25:39,536] {processor.py:641} INFO - Processing file /home/airflow/.local/lib/python3.7/site-packages/airflow/example_dags/tutorial_etl_dag.py for tasks to queue
[2024-05-23 09:25:39,537] {logging_mixin.py:115} INFO - [2024-05-23 09:25:39,537] {dagbag.py:508} INFO - Filling up the DagBag from /home/airflow/.local/lib/python3.7/site-packages/airflow/example_dags/tutorial_etl_dag.py
[2024-05-23 09:25:39,546] {processor.py:651} INFO - DAG(s) dict_keys(['tutorial_etl_dag']) retrieved from /home/airflow/.local/lib/python3.7/site-packages/airflow/example_dags/tutorial_etl_dag.py
[2024-05-23 09:25:39,573] {logging_mixin.py:115} INFO - [2024-05-23 09:25:39,573] {dag.py:2420} INFO - Sync 1 DAGs
[2024-05-23 09:25:39,588] {logging_mixin.py:115} INFO - [2024-05-23 09:25:39,588] {dag.py:2972} INFO - Setting next_dagrun for tutorial_etl_dag to None, run_after=None
[2024-05-23 09:25:39,596] {processor.py:161} INFO - Processing /home/airflow/.local/lib/python3.7/site-packages/airflow/example_dags/tutorial_etl_dag.py took 0.066 seconds
[2024-05-23 09:26:09,983] {processor.py:153} INFO - Started process (PID=396) to work on /home/airflow/.local/lib/python3.7/site-packages/airflow/example_dags/tutorial_etl_dag.py
[2024-05-23 09:26:09,985] {processor.py:641} INFO - Processing file /home/airflow/.local/lib/python3.7/site-packages/airflow/example_dags/tutorial_etl_dag.py for tasks to queue
[2024-05-23 09:26:09,986] {logging_mixin.py:115} INFO - [2024-05-23 09:26:09,986] {dagbag.py:508} INFO - Filling up the DagBag from /home/airflow/.local/lib/python3.7/site-packages/airflow/example_dags/tutorial_etl_dag.py
[2024-05-23 09:26:09,996] {processor.py:651} INFO - DAG(s) dict_keys(['tutorial_etl_dag']) retrieved from /home/airflow/.local/lib/python3.7/site-packages/airflow/example_dags/tutorial_etl_dag.py
[2024-05-23 09:26:10,030] {logging_mixin.py:115} INFO - [2024-05-23 09:26:10,030] {dag.py:2420} INFO - Sync 1 DAGs
[2024-05-23 09:26:10,046] {logging_mixin.py:115} INFO - [2024-05-23 09:26:10,046] {dag.py:2972} INFO - Setting next_dagrun for tutorial_etl_dag to None, run_after=None
[2024-05-23 09:26:10,054] {processor.py:161} INFO - Processing /home/airflow/.local/lib/python3.7/site-packages/airflow/example_dags/tutorial_etl_dag.py took 0.075 seconds
[2024-05-23 09:26:40,454] {processor.py:153} INFO - Started process (PID=457) to work on /home/airflow/.local/lib/python3.7/site-packages/airflow/example_dags/tutorial_etl_dag.py
[2024-05-23 09:26:40,456] {processor.py:641} INFO - Processing file /home/airflow/.local/lib/python3.7/site-packages/airflow/example_dags/tutorial_etl_dag.py for tasks to queue
[2024-05-23 09:26:40,457] {logging_mixin.py:115} INFO - [2024-05-23 09:26:40,457] {dagbag.py:508} INFO - Filling up the DagBag from /home/airflow/.local/lib/python3.7/site-packages/airflow/example_dags/tutorial_etl_dag.py
[2024-05-23 09:26:40,464] {processor.py:651} INFO - DAG(s) dict_keys(['tutorial_etl_dag']) retrieved from /home/airflow/.local/lib/python3.7/site-packages/airflow/example_dags/tutorial_etl_dag.py
[2024-05-23 09:26:40,488] {logging_mixin.py:115} INFO - [2024-05-23 09:26:40,488] {dag.py:2420} INFO - Sync 1 DAGs
[2024-05-23 09:26:40,501] {logging_mixin.py:115} INFO - [2024-05-23 09:26:40,501] {dag.py:2972} INFO - Setting next_dagrun for tutorial_etl_dag to None, run_after=None
[2024-05-23 09:26:40,508] {processor.py:161} INFO - Processing /home/airflow/.local/lib/python3.7/site-packages/airflow/example_dags/tutorial_etl_dag.py took 0.058 seconds
[2024-05-23 09:27:10,904] {processor.py:153} INFO - Started process (PID=518) to work on /home/airflow/.local/lib/python3.7/site-packages/airflow/example_dags/tutorial_etl_dag.py
[2024-05-23 09:27:10,905] {processor.py:641} INFO - Processing file /home/airflow/.local/lib/python3.7/site-packages/airflow/example_dags/tutorial_etl_dag.py for tasks to queue
[2024-05-23 09:27:10,906] {logging_mixin.py:115} INFO - [2024-05-23 09:27:10,906] {dagbag.py:508} INFO - Filling up the DagBag from /home/airflow/.local/lib/python3.7/site-packages/airflow/example_dags/tutorial_etl_dag.py
[2024-05-23 09:27:10,912] {processor.py:651} INFO - DAG(s) dict_keys(['tutorial_etl_dag']) retrieved from /home/airflow/.local/lib/python3.7/site-packages/airflow/example_dags/tutorial_etl_dag.py
[2024-05-23 09:27:10,935] {logging_mixin.py:115} INFO - [2024-05-23 09:27:10,935] {dag.py:2420} INFO - Sync 1 DAGs
[2024-05-23 09:27:10,950] {logging_mixin.py:115} INFO - [2024-05-23 09:27:10,950] {dag.py:2972} INFO - Setting next_dagrun for tutorial_etl_dag to None, run_after=None
[2024-05-23 09:27:10,958] {processor.py:161} INFO - Processing /home/airflow/.local/lib/python3.7/site-packages/airflow/example_dags/tutorial_etl_dag.py took 0.057 seconds
[2024-05-23 09:27:41,278] {processor.py:153} INFO - Started process (PID=579) to work on /home/airflow/.local/lib/python3.7/site-packages/airflow/example_dags/tutorial_etl_dag.py
[2024-05-23 09:27:41,280] {processor.py:641} INFO - Processing file /home/airflow/.local/lib/python3.7/site-packages/airflow/example_dags/tutorial_etl_dag.py for tasks to queue
[2024-05-23 09:27:41,282] {logging_mixin.py:115} INFO - [2024-05-23 09:27:41,282] {dagbag.py:508} INFO - Filling up the DagBag from /home/airflow/.local/lib/python3.7/site-packages/airflow/example_dags/tutorial_etl_dag.py
[2024-05-23 09:27:41,295] {processor.py:651} INFO - DAG(s) dict_keys(['tutorial_etl_dag']) retrieved from /home/airflow/.local/lib/python3.7/site-packages/airflow/example_dags/tutorial_etl_dag.py
[2024-05-23 09:27:41,344] {logging_mixin.py:115} INFO - [2024-05-23 09:27:41,344] {dag.py:2420} INFO - Sync 1 DAGs
[2024-05-23 09:27:41,361] {logging_mixin.py:115} INFO - [2024-05-23 09:27:41,361] {dag.py:2972} INFO - Setting next_dagrun for tutorial_etl_dag to None, run_after=None
[2024-05-23 09:27:41,369] {processor.py:161} INFO - Processing /home/airflow/.local/lib/python3.7/site-packages/airflow/example_dags/tutorial_etl_dag.py took 0.100 seconds
[2024-05-23 09:28:11,733] {processor.py:153} INFO - Started process (PID=632) to work on /home/airflow/.local/lib/python3.7/site-packages/airflow/example_dags/tutorial_etl_dag.py
[2024-05-23 09:28:11,735] {processor.py:641} INFO - Processing file /home/airflow/.local/lib/python3.7/site-packages/airflow/example_dags/tutorial_etl_dag.py for tasks to queue
[2024-05-23 09:28:11,736] {logging_mixin.py:115} INFO - [2024-05-23 09:28:11,736] {dagbag.py:508} INFO - Filling up the DagBag from /home/airflow/.local/lib/python3.7/site-packages/airflow/example_dags/tutorial_etl_dag.py
[2024-05-23 09:28:11,746] {processor.py:651} INFO - DAG(s) dict_keys(['tutorial_etl_dag']) retrieved from /home/airflow/.local/lib/python3.7/site-packages/airflow/example_dags/tutorial_etl_dag.py
[2024-05-23 09:28:11,777] {logging_mixin.py:115} INFO - [2024-05-23 09:28:11,777] {dag.py:2420} INFO - Sync 1 DAGs
[2024-05-23 09:28:11,794] {logging_mixin.py:115} INFO - [2024-05-23 09:28:11,794] {dag.py:2972} INFO - Setting next_dagrun for tutorial_etl_dag to None, run_after=None
[2024-05-23 09:28:11,803] {processor.py:161} INFO - Processing /home/airflow/.local/lib/python3.7/site-packages/airflow/example_dags/tutorial_etl_dag.py took 0.075 seconds
[2024-05-23 09:28:42,138] {processor.py:153} INFO - Started process (PID=694) to work on /home/airflow/.local/lib/python3.7/site-packages/airflow/example_dags/tutorial_etl_dag.py
[2024-05-23 09:28:42,139] {processor.py:641} INFO - Processing file /home/airflow/.local/lib/python3.7/site-packages/airflow/example_dags/tutorial_etl_dag.py for tasks to queue
[2024-05-23 09:28:42,141] {logging_mixin.py:115} INFO - [2024-05-23 09:28:42,140] {dagbag.py:508} INFO - Filling up the DagBag from /home/airflow/.local/lib/python3.7/site-packages/airflow/example_dags/tutorial_etl_dag.py
[2024-05-23 09:28:42,153] {processor.py:651} INFO - DAG(s) dict_keys(['tutorial_etl_dag']) retrieved from /home/airflow/.local/lib/python3.7/site-packages/airflow/example_dags/tutorial_etl_dag.py
[2024-05-23 09:28:42,182] {logging_mixin.py:115} INFO - [2024-05-23 09:28:42,182] {dag.py:2420} INFO - Sync 1 DAGs
[2024-05-23 09:28:42,197] {logging_mixin.py:115} INFO - [2024-05-23 09:28:42,197] {dag.py:2972} INFO - Setting next_dagrun for tutorial_etl_dag to None, run_after=None
[2024-05-23 09:28:42,205] {processor.py:161} INFO - Processing /home/airflow/.local/lib/python3.7/site-packages/airflow/example_dags/tutorial_etl_dag.py took 0.073 seconds
[2024-05-23 09:29:12,503] {processor.py:153} INFO - Started process (PID=756) to work on /home/airflow/.local/lib/python3.7/site-packages/airflow/example_dags/tutorial_etl_dag.py
[2024-05-23 09:29:12,504] {processor.py:641} INFO - Processing file /home/airflow/.local/lib/python3.7/site-packages/airflow/example_dags/tutorial_etl_dag.py for tasks to queue
[2024-05-23 09:29:12,505] {logging_mixin.py:115} INFO - [2024-05-23 09:29:12,505] {dagbag.py:508} INFO - Filling up the DagBag from /home/airflow/.local/lib/python3.7/site-packages/airflow/example_dags/tutorial_etl_dag.py
[2024-05-23 09:29:12,511] {processor.py:651} INFO - DAG(s) dict_keys(['tutorial_etl_dag']) retrieved from /home/airflow/.local/lib/python3.7/site-packages/airflow/example_dags/tutorial_etl_dag.py
[2024-05-23 09:29:12,534] {logging_mixin.py:115} INFO - [2024-05-23 09:29:12,534] {dag.py:2420} INFO - Sync 1 DAGs
[2024-05-23 09:29:12,548] {logging_mixin.py:115} INFO - [2024-05-23 09:29:12,548] {dag.py:2972} INFO - Setting next_dagrun for tutorial_etl_dag to None, run_after=None
[2024-05-23 09:29:12,556] {processor.py:161} INFO - Processing /home/airflow/.local/lib/python3.7/site-packages/airflow/example_dags/tutorial_etl_dag.py took 0.055 seconds
[2024-05-23 09:29:42,948] {processor.py:153} INFO - Started process (PID=818) to work on /home/airflow/.local/lib/python3.7/site-packages/airflow/example_dags/tutorial_etl_dag.py
[2024-05-23 09:29:42,949] {processor.py:641} INFO - Processing file /home/airflow/.local/lib/python3.7/site-packages/airflow/example_dags/tutorial_etl_dag.py for tasks to queue
[2024-05-23 09:29:42,950] {logging_mixin.py:115} INFO - [2024-05-23 09:29:42,950] {dagbag.py:508} INFO - Filling up the DagBag from /home/airflow/.local/lib/python3.7/site-packages/airflow/example_dags/tutorial_etl_dag.py
[2024-05-23 09:29:42,956] {processor.py:651} INFO - DAG(s) dict_keys(['tutorial_etl_dag']) retrieved from /home/airflow/.local/lib/python3.7/site-packages/airflow/example_dags/tutorial_etl_dag.py
[2024-05-23 09:29:42,975] {logging_mixin.py:115} INFO - [2024-05-23 09:29:42,975] {dag.py:2420} INFO - Sync 1 DAGs
[2024-05-23 09:29:42,988] {logging_mixin.py:115} INFO - [2024-05-23 09:29:42,988] {dag.py:2972} INFO - Setting next_dagrun for tutorial_etl_dag to None, run_after=None
[2024-05-23 09:29:42,995] {processor.py:161} INFO - Processing /home/airflow/.local/lib/python3.7/site-packages/airflow/example_dags/tutorial_etl_dag.py took 0.050 seconds
[2024-05-23 09:30:13,304] {processor.py:153} INFO - Started process (PID=880) to work on /home/airflow/.local/lib/python3.7/site-packages/airflow/example_dags/tutorial_etl_dag.py
[2024-05-23 09:30:13,307] {processor.py:641} INFO - Processing file /home/airflow/.local/lib/python3.7/site-packages/airflow/example_dags/tutorial_etl_dag.py for tasks to queue
[2024-05-23 09:30:13,308] {logging_mixin.py:115} INFO - [2024-05-23 09:30:13,308] {dagbag.py:508} INFO - Filling up the DagBag from /home/airflow/.local/lib/python3.7/site-packages/airflow/example_dags/tutorial_etl_dag.py
[2024-05-23 09:30:13,317] {processor.py:651} INFO - DAG(s) dict_keys(['tutorial_etl_dag']) retrieved from /home/airflow/.local/lib/python3.7/site-packages/airflow/example_dags/tutorial_etl_dag.py
[2024-05-23 09:30:13,343] {logging_mixin.py:115} INFO - [2024-05-23 09:30:13,343] {dag.py:2420} INFO - Sync 1 DAGs
[2024-05-23 09:30:13,357] {logging_mixin.py:115} INFO - [2024-05-23 09:30:13,357] {dag.py:2972} INFO - Setting next_dagrun for tutorial_etl_dag to None, run_after=None
[2024-05-23 09:30:13,365] {processor.py:161} INFO - Processing /home/airflow/.local/lib/python3.7/site-packages/airflow/example_dags/tutorial_etl_dag.py took 0.067 seconds
[2024-05-23 09:30:43,740] {processor.py:153} INFO - Started process (PID=933) to work on /home/airflow/.local/lib/python3.7/site-packages/airflow/example_dags/tutorial_etl_dag.py
[2024-05-23 09:30:43,742] {processor.py:641} INFO - Processing file /home/airflow/.local/lib/python3.7/site-packages/airflow/example_dags/tutorial_etl_dag.py for tasks to queue
[2024-05-23 09:30:43,744] {logging_mixin.py:115} INFO - [2024-05-23 09:30:43,743] {dagbag.py:508} INFO - Filling up the DagBag from /home/airflow/.local/lib/python3.7/site-packages/airflow/example_dags/tutorial_etl_dag.py
[2024-05-23 09:30:43,754] {processor.py:651} INFO - DAG(s) dict_keys(['tutorial_etl_dag']) retrieved from /home/airflow/.local/lib/python3.7/site-packages/airflow/example_dags/tutorial_etl_dag.py
[2024-05-23 09:30:43,780] {logging_mixin.py:115} INFO - [2024-05-23 09:30:43,780] {dag.py:2420} INFO - Sync 1 DAGs
[2024-05-23 09:30:43,795] {logging_mixin.py:115} INFO - [2024-05-23 09:30:43,795] {dag.py:2972} INFO - Setting next_dagrun for tutorial_etl_dag to None, run_after=None
[2024-05-23 09:30:43,803] {processor.py:161} INFO - Processing /home/airflow/.local/lib/python3.7/site-packages/airflow/example_dags/tutorial_etl_dag.py took 0.066 seconds
[2024-05-23 09:31:14,159] {processor.py:153} INFO - Started process (PID=994) to work on /home/airflow/.local/lib/python3.7/site-packages/airflow/example_dags/tutorial_etl_dag.py
[2024-05-23 09:31:14,160] {processor.py:641} INFO - Processing file /home/airflow/.local/lib/python3.7/site-packages/airflow/example_dags/tutorial_etl_dag.py for tasks to queue
[2024-05-23 09:31:14,161] {logging_mixin.py:115} INFO - [2024-05-23 09:31:14,161] {dagbag.py:508} INFO - Filling up the DagBag from /home/airflow/.local/lib/python3.7/site-packages/airflow/example_dags/tutorial_etl_dag.py
[2024-05-23 09:31:14,167] {processor.py:651} INFO - DAG(s) dict_keys(['tutorial_etl_dag']) retrieved from /home/airflow/.local/lib/python3.7/site-packages/airflow/example_dags/tutorial_etl_dag.py
[2024-05-23 09:31:14,186] {logging_mixin.py:115} INFO - [2024-05-23 09:31:14,186] {dag.py:2420} INFO - Sync 1 DAGs
[2024-05-23 09:31:14,200] {logging_mixin.py:115} INFO - [2024-05-23 09:31:14,199] {dag.py:2972} INFO - Setting next_dagrun for tutorial_etl_dag to None, run_after=None
[2024-05-23 09:31:14,207] {processor.py:161} INFO - Processing /home/airflow/.local/lib/python3.7/site-packages/airflow/example_dags/tutorial_etl_dag.py took 0.050 seconds
[2024-05-23 09:31:44,634] {processor.py:153} INFO - Started process (PID=1057) to work on /home/airflow/.local/lib/python3.7/site-packages/airflow/example_dags/tutorial_etl_dag.py
[2024-05-23 09:31:44,636] {processor.py:641} INFO - Processing file /home/airflow/.local/lib/python3.7/site-packages/airflow/example_dags/tutorial_etl_dag.py for tasks to queue
[2024-05-23 09:31:44,638] {logging_mixin.py:115} INFO - [2024-05-23 09:31:44,638] {dagbag.py:508} INFO - Filling up the DagBag from /home/airflow/.local/lib/python3.7/site-packages/airflow/example_dags/tutorial_etl_dag.py
[2024-05-23 09:31:44,645] {processor.py:651} INFO - DAG(s) dict_keys(['tutorial_etl_dag']) retrieved from /home/airflow/.local/lib/python3.7/site-packages/airflow/example_dags/tutorial_etl_dag.py
[2024-05-23 09:31:44,666] {logging_mixin.py:115} INFO - [2024-05-23 09:31:44,666] {dag.py:2420} INFO - Sync 1 DAGs
[2024-05-23 09:31:44,680] {logging_mixin.py:115} INFO - [2024-05-23 09:31:44,680] {dag.py:2972} INFO - Setting next_dagrun for tutorial_etl_dag to None, run_after=None
[2024-05-23 09:31:44,689] {processor.py:161} INFO - Processing /home/airflow/.local/lib/python3.7/site-packages/airflow/example_dags/tutorial_etl_dag.py took 0.058 seconds
[2024-05-23 09:32:15,171] {processor.py:153} INFO - Started process (PID=1119) to work on /home/airflow/.local/lib/python3.7/site-packages/airflow/example_dags/tutorial_etl_dag.py
[2024-05-23 09:32:15,173] {processor.py:641} INFO - Processing file /home/airflow/.local/lib/python3.7/site-packages/airflow/example_dags/tutorial_etl_dag.py for tasks to queue
[2024-05-23 09:32:15,174] {logging_mixin.py:115} INFO - [2024-05-23 09:32:15,174] {dagbag.py:508} INFO - Filling up the DagBag from /home/airflow/.local/lib/python3.7/site-packages/airflow/example_dags/tutorial_etl_dag.py
[2024-05-23 09:32:15,181] {processor.py:651} INFO - DAG(s) dict_keys(['tutorial_etl_dag']) retrieved from /home/airflow/.local/lib/python3.7/site-packages/airflow/example_dags/tutorial_etl_dag.py
[2024-05-23 09:32:15,210] {logging_mixin.py:115} INFO - [2024-05-23 09:32:15,210] {dag.py:2420} INFO - Sync 1 DAGs
[2024-05-23 09:32:15,226] {logging_mixin.py:115} INFO - [2024-05-23 09:32:15,226] {dag.py:2972} INFO - Setting next_dagrun for tutorial_etl_dag to None, run_after=None
[2024-05-23 09:32:15,234] {processor.py:161} INFO - Processing /home/airflow/.local/lib/python3.7/site-packages/airflow/example_dags/tutorial_etl_dag.py took 0.066 seconds
[2024-05-23 09:32:45,570] {processor.py:153} INFO - Started process (PID=1181) to work on /home/airflow/.local/lib/python3.7/site-packages/airflow/example_dags/tutorial_etl_dag.py
[2024-05-23 09:32:45,571] {processor.py:641} INFO - Processing file /home/airflow/.local/lib/python3.7/site-packages/airflow/example_dags/tutorial_etl_dag.py for tasks to queue
[2024-05-23 09:32:45,572] {logging_mixin.py:115} INFO - [2024-05-23 09:32:45,572] {dagbag.py:508} INFO - Filling up the DagBag from /home/airflow/.local/lib/python3.7/site-packages/airflow/example_dags/tutorial_etl_dag.py
[2024-05-23 09:32:45,580] {processor.py:651} INFO - DAG(s) dict_keys(['tutorial_etl_dag']) retrieved from /home/airflow/.local/lib/python3.7/site-packages/airflow/example_dags/tutorial_etl_dag.py
[2024-05-23 09:32:45,605] {logging_mixin.py:115} INFO - [2024-05-23 09:32:45,605] {dag.py:2420} INFO - Sync 1 DAGs
[2024-05-23 09:32:45,621] {logging_mixin.py:115} INFO - [2024-05-23 09:32:45,621] {dag.py:2972} INFO - Setting next_dagrun for tutorial_etl_dag to None, run_after=None
[2024-05-23 09:32:45,629] {processor.py:161} INFO - Processing /home/airflow/.local/lib/python3.7/site-packages/airflow/example_dags/tutorial_etl_dag.py took 0.062 seconds
[2024-05-23 09:33:16,084] {processor.py:153} INFO - Started process (PID=1243) to work on /home/airflow/.local/lib/python3.7/site-packages/airflow/example_dags/tutorial_etl_dag.py
[2024-05-23 09:33:16,085] {processor.py:641} INFO - Processing file /home/airflow/.local/lib/python3.7/site-packages/airflow/example_dags/tutorial_etl_dag.py for tasks to queue
[2024-05-23 09:33:16,086] {logging_mixin.py:115} INFO - [2024-05-23 09:33:16,086] {dagbag.py:508} INFO - Filling up the DagBag from /home/airflow/.local/lib/python3.7/site-packages/airflow/example_dags/tutorial_etl_dag.py
[2024-05-23 09:33:16,093] {processor.py:651} INFO - DAG(s) dict_keys(['tutorial_etl_dag']) retrieved from /home/airflow/.local/lib/python3.7/site-packages/airflow/example_dags/tutorial_etl_dag.py
[2024-05-23 09:33:16,118] {logging_mixin.py:115} INFO - [2024-05-23 09:33:16,118] {dag.py:2420} INFO - Sync 1 DAGs
[2024-05-23 09:33:16,133] {logging_mixin.py:115} INFO - [2024-05-23 09:33:16,133] {dag.py:2972} INFO - Setting next_dagrun for tutorial_etl_dag to None, run_after=None
[2024-05-23 09:33:16,142] {processor.py:161} INFO - Processing /home/airflow/.local/lib/python3.7/site-packages/airflow/example_dags/tutorial_etl_dag.py took 0.062 seconds
[2024-05-23 09:33:46,583] {processor.py:153} INFO - Started process (PID=1296) to work on /home/airflow/.local/lib/python3.7/site-packages/airflow/example_dags/tutorial_etl_dag.py
[2024-05-23 09:33:46,584] {processor.py:641} INFO - Processing file /home/airflow/.local/lib/python3.7/site-packages/airflow/example_dags/tutorial_etl_dag.py for tasks to queue
[2024-05-23 09:33:46,585] {logging_mixin.py:115} INFO - [2024-05-23 09:33:46,585] {dagbag.py:508} INFO - Filling up the DagBag from /home/airflow/.local/lib/python3.7/site-packages/airflow/example_dags/tutorial_etl_dag.py
[2024-05-23 09:33:46,594] {processor.py:651} INFO - DAG(s) dict_keys(['tutorial_etl_dag']) retrieved from /home/airflow/.local/lib/python3.7/site-packages/airflow/example_dags/tutorial_etl_dag.py
[2024-05-23 09:33:46,623] {logging_mixin.py:115} INFO - [2024-05-23 09:33:46,623] {dag.py:2420} INFO - Sync 1 DAGs
[2024-05-23 09:33:46,643] {logging_mixin.py:115} INFO - [2024-05-23 09:33:46,643] {dag.py:2972} INFO - Setting next_dagrun for tutorial_etl_dag to None, run_after=None
[2024-05-23 09:33:46,653] {processor.py:161} INFO - Processing /home/airflow/.local/lib/python3.7/site-packages/airflow/example_dags/tutorial_etl_dag.py took 0.075 seconds
[2024-05-23 09:34:17,051] {processor.py:153} INFO - Started process (PID=1363) to work on /home/airflow/.local/lib/python3.7/site-packages/airflow/example_dags/tutorial_etl_dag.py
[2024-05-23 09:34:17,052] {processor.py:641} INFO - Processing file /home/airflow/.local/lib/python3.7/site-packages/airflow/example_dags/tutorial_etl_dag.py for tasks to queue
[2024-05-23 09:34:17,053] {logging_mixin.py:115} INFO - [2024-05-23 09:34:17,053] {dagbag.py:508} INFO - Filling up the DagBag from /home/airflow/.local/lib/python3.7/site-packages/airflow/example_dags/tutorial_etl_dag.py
[2024-05-23 09:34:17,061] {processor.py:651} INFO - DAG(s) dict_keys(['tutorial_etl_dag']) retrieved from /home/airflow/.local/lib/python3.7/site-packages/airflow/example_dags/tutorial_etl_dag.py
[2024-05-23 09:34:17,086] {logging_mixin.py:115} INFO - [2024-05-23 09:34:17,086] {dag.py:2420} INFO - Sync 1 DAGs
[2024-05-23 09:34:17,102] {logging_mixin.py:115} INFO - [2024-05-23 09:34:17,102] {dag.py:2972} INFO - Setting next_dagrun for tutorial_etl_dag to None, run_after=None
[2024-05-23 09:34:17,110] {processor.py:161} INFO - Processing /home/airflow/.local/lib/python3.7/site-packages/airflow/example_dags/tutorial_etl_dag.py took 0.063 seconds
[2024-05-23 09:34:47,552] {processor.py:153} INFO - Started process (PID=1425) to work on /home/airflow/.local/lib/python3.7/site-packages/airflow/example_dags/tutorial_etl_dag.py
[2024-05-23 09:34:47,554] {processor.py:641} INFO - Processing file /home/airflow/.local/lib/python3.7/site-packages/airflow/example_dags/tutorial_etl_dag.py for tasks to queue
[2024-05-23 09:34:47,555] {logging_mixin.py:115} INFO - [2024-05-23 09:34:47,554] {dagbag.py:508} INFO - Filling up the DagBag from /home/airflow/.local/lib/python3.7/site-packages/airflow/example_dags/tutorial_etl_dag.py
[2024-05-23 09:34:47,562] {processor.py:651} INFO - DAG(s) dict_keys(['tutorial_etl_dag']) retrieved from /home/airflow/.local/lib/python3.7/site-packages/airflow/example_dags/tutorial_etl_dag.py
[2024-05-23 09:34:47,588] {logging_mixin.py:115} INFO - [2024-05-23 09:34:47,588] {dag.py:2420} INFO - Sync 1 DAGs
[2024-05-23 09:34:47,603] {logging_mixin.py:115} INFO - [2024-05-23 09:34:47,603] {dag.py:2972} INFO - Setting next_dagrun for tutorial_etl_dag to None, run_after=None
[2024-05-23 09:34:47,612] {processor.py:161} INFO - Processing /home/airflow/.local/lib/python3.7/site-packages/airflow/example_dags/tutorial_etl_dag.py took 0.065 seconds
[2024-05-23 09:35:18,016] {processor.py:153} INFO - Started process (PID=1487) to work on /home/airflow/.local/lib/python3.7/site-packages/airflow/example_dags/tutorial_etl_dag.py
[2024-05-23 09:35:18,018] {processor.py:641} INFO - Processing file /home/airflow/.local/lib/python3.7/site-packages/airflow/example_dags/tutorial_etl_dag.py for tasks to queue
[2024-05-23 09:35:18,019] {logging_mixin.py:115} INFO - [2024-05-23 09:35:18,019] {dagbag.py:508} INFO - Filling up the DagBag from /home/airflow/.local/lib/python3.7/site-packages/airflow/example_dags/tutorial_etl_dag.py
[2024-05-23 09:35:18,029] {processor.py:651} INFO - DAG(s) dict_keys(['tutorial_etl_dag']) retrieved from /home/airflow/.local/lib/python3.7/site-packages/airflow/example_dags/tutorial_etl_dag.py
[2024-05-23 09:35:18,055] {logging_mixin.py:115} INFO - [2024-05-23 09:35:18,055] {dag.py:2420} INFO - Sync 1 DAGs
[2024-05-23 09:35:18,069] {logging_mixin.py:115} INFO - [2024-05-23 09:35:18,069] {dag.py:2972} INFO - Setting next_dagrun for tutorial_etl_dag to None, run_after=None
[2024-05-23 09:35:18,076] {processor.py:161} INFO - Processing /home/airflow/.local/lib/python3.7/site-packages/airflow/example_dags/tutorial_etl_dag.py took 0.066 seconds
[2024-05-23 09:35:48,417] {processor.py:153} INFO - Started process (PID=1549) to work on /home/airflow/.local/lib/python3.7/site-packages/airflow/example_dags/tutorial_etl_dag.py
[2024-05-23 09:35:48,420] {processor.py:641} INFO - Processing file /home/airflow/.local/lib/python3.7/site-packages/airflow/example_dags/tutorial_etl_dag.py for tasks to queue
[2024-05-23 09:35:48,421] {logging_mixin.py:115} INFO - [2024-05-23 09:35:48,421] {dagbag.py:508} INFO - Filling up the DagBag from /home/airflow/.local/lib/python3.7/site-packages/airflow/example_dags/tutorial_etl_dag.py
[2024-05-23 09:35:48,430] {processor.py:651} INFO - DAG(s) dict_keys(['tutorial_etl_dag']) retrieved from /home/airflow/.local/lib/python3.7/site-packages/airflow/example_dags/tutorial_etl_dag.py
[2024-05-23 09:35:48,456] {logging_mixin.py:115} INFO - [2024-05-23 09:35:48,456] {dag.py:2420} INFO - Sync 1 DAGs
[2024-05-23 09:35:48,471] {logging_mixin.py:115} INFO - [2024-05-23 09:35:48,471] {dag.py:2972} INFO - Setting next_dagrun for tutorial_etl_dag to None, run_after=None
[2024-05-23 09:35:48,478] {processor.py:161} INFO - Processing /home/airflow/.local/lib/python3.7/site-packages/airflow/example_dags/tutorial_etl_dag.py took 0.065 seconds
[2024-05-23 09:36:18,812] {processor.py:153} INFO - Started process (PID=1602) to work on /home/airflow/.local/lib/python3.7/site-packages/airflow/example_dags/tutorial_etl_dag.py
[2024-05-23 09:36:18,814] {processor.py:641} INFO - Processing file /home/airflow/.local/lib/python3.7/site-packages/airflow/example_dags/tutorial_etl_dag.py for tasks to queue
[2024-05-23 09:36:18,815] {logging_mixin.py:115} INFO - [2024-05-23 09:36:18,815] {dagbag.py:508} INFO - Filling up the DagBag from /home/airflow/.local/lib/python3.7/site-packages/airflow/example_dags/tutorial_etl_dag.py
[2024-05-23 09:36:18,827] {processor.py:651} INFO - DAG(s) dict_keys(['tutorial_etl_dag']) retrieved from /home/airflow/.local/lib/python3.7/site-packages/airflow/example_dags/tutorial_etl_dag.py
[2024-05-23 09:36:18,860] {logging_mixin.py:115} INFO - [2024-05-23 09:36:18,859] {dag.py:2420} INFO - Sync 1 DAGs
[2024-05-23 09:36:18,876] {logging_mixin.py:115} INFO - [2024-05-23 09:36:18,876] {dag.py:2972} INFO - Setting next_dagrun for tutorial_etl_dag to None, run_after=None
[2024-05-23 09:36:18,884] {processor.py:161} INFO - Processing /home/airflow/.local/lib/python3.7/site-packages/airflow/example_dags/tutorial_etl_dag.py took 0.077 seconds
[2024-05-23 09:36:49,330] {processor.py:153} INFO - Started process (PID=1664) to work on /home/airflow/.local/lib/python3.7/site-packages/airflow/example_dags/tutorial_etl_dag.py
[2024-05-23 09:36:49,331] {processor.py:641} INFO - Processing file /home/airflow/.local/lib/python3.7/site-packages/airflow/example_dags/tutorial_etl_dag.py for tasks to queue
[2024-05-23 09:36:49,332] {logging_mixin.py:115} INFO - [2024-05-23 09:36:49,332] {dagbag.py:508} INFO - Filling up the DagBag from /home/airflow/.local/lib/python3.7/site-packages/airflow/example_dags/tutorial_etl_dag.py
[2024-05-23 09:36:49,337] {processor.py:651} INFO - DAG(s) dict_keys(['tutorial_etl_dag']) retrieved from /home/airflow/.local/lib/python3.7/site-packages/airflow/example_dags/tutorial_etl_dag.py
[2024-05-23 09:36:49,356] {logging_mixin.py:115} INFO - [2024-05-23 09:36:49,356] {dag.py:2420} INFO - Sync 1 DAGs
[2024-05-23 09:36:49,369] {logging_mixin.py:115} INFO - [2024-05-23 09:36:49,369] {dag.py:2972} INFO - Setting next_dagrun for tutorial_etl_dag to None, run_after=None
[2024-05-23 09:36:49,377] {processor.py:161} INFO - Processing /home/airflow/.local/lib/python3.7/site-packages/airflow/example_dags/tutorial_etl_dag.py took 0.050 seconds
[2024-05-23 09:37:19,804] {processor.py:153} INFO - Started process (PID=1726) to work on /home/airflow/.local/lib/python3.7/site-packages/airflow/example_dags/tutorial_etl_dag.py
[2024-05-23 09:37:19,805] {processor.py:641} INFO - Processing file /home/airflow/.local/lib/python3.7/site-packages/airflow/example_dags/tutorial_etl_dag.py for tasks to queue
[2024-05-23 09:37:19,806] {logging_mixin.py:115} INFO - [2024-05-23 09:37:19,806] {dagbag.py:508} INFO - Filling up the DagBag from /home/airflow/.local/lib/python3.7/site-packages/airflow/example_dags/tutorial_etl_dag.py
[2024-05-23 09:37:19,814] {processor.py:651} INFO - DAG(s) dict_keys(['tutorial_etl_dag']) retrieved from /home/airflow/.local/lib/python3.7/site-packages/airflow/example_dags/tutorial_etl_dag.py
[2024-05-23 09:37:19,837] {logging_mixin.py:115} INFO - [2024-05-23 09:37:19,837] {dag.py:2420} INFO - Sync 1 DAGs
[2024-05-23 09:37:19,851] {logging_mixin.py:115} INFO - [2024-05-23 09:37:19,851] {dag.py:2972} INFO - Setting next_dagrun for tutorial_etl_dag to None, run_after=None
[2024-05-23 09:37:19,859] {processor.py:161} INFO - Processing /home/airflow/.local/lib/python3.7/site-packages/airflow/example_dags/tutorial_etl_dag.py took 0.059 seconds
[2024-05-23 09:37:50,352] {processor.py:153} INFO - Started process (PID=1788) to work on /home/airflow/.local/lib/python3.7/site-packages/airflow/example_dags/tutorial_etl_dag.py
[2024-05-23 09:37:50,354] {processor.py:641} INFO - Processing file /home/airflow/.local/lib/python3.7/site-packages/airflow/example_dags/tutorial_etl_dag.py for tasks to queue
[2024-05-23 09:37:50,355] {logging_mixin.py:115} INFO - [2024-05-23 09:37:50,355] {dagbag.py:508} INFO - Filling up the DagBag from /home/airflow/.local/lib/python3.7/site-packages/airflow/example_dags/tutorial_etl_dag.py
[2024-05-23 09:37:50,363] {processor.py:651} INFO - DAG(s) dict_keys(['tutorial_etl_dag']) retrieved from /home/airflow/.local/lib/python3.7/site-packages/airflow/example_dags/tutorial_etl_dag.py
[2024-05-23 09:37:50,397] {logging_mixin.py:115} INFO - [2024-05-23 09:37:50,397] {dag.py:2420} INFO - Sync 1 DAGs
[2024-05-23 09:37:50,415] {logging_mixin.py:115} INFO - [2024-05-23 09:37:50,415] {dag.py:2972} INFO - Setting next_dagrun for tutorial_etl_dag to None, run_after=None
[2024-05-23 09:37:50,423] {processor.py:161} INFO - Processing /home/airflow/.local/lib/python3.7/site-packages/airflow/example_dags/tutorial_etl_dag.py took 0.074 seconds
[2024-05-23 09:38:20,867] {processor.py:153} INFO - Started process (PID=1850) to work on /home/airflow/.local/lib/python3.7/site-packages/airflow/example_dags/tutorial_etl_dag.py
[2024-05-23 09:38:20,868] {processor.py:641} INFO - Processing file /home/airflow/.local/lib/python3.7/site-packages/airflow/example_dags/tutorial_etl_dag.py for tasks to queue
[2024-05-23 09:38:20,870] {logging_mixin.py:115} INFO - [2024-05-23 09:38:20,870] {dagbag.py:508} INFO - Filling up the DagBag from /home/airflow/.local/lib/python3.7/site-packages/airflow/example_dags/tutorial_etl_dag.py
[2024-05-23 09:38:20,880] {processor.py:651} INFO - DAG(s) dict_keys(['tutorial_etl_dag']) retrieved from /home/airflow/.local/lib/python3.7/site-packages/airflow/example_dags/tutorial_etl_dag.py
[2024-05-23 09:38:20,907] {logging_mixin.py:115} INFO - [2024-05-23 09:38:20,906] {dag.py:2420} INFO - Sync 1 DAGs
[2024-05-23 09:38:20,920] {logging_mixin.py:115} INFO - [2024-05-23 09:38:20,920] {dag.py:2972} INFO - Setting next_dagrun for tutorial_etl_dag to None, run_after=None
[2024-05-23 09:38:20,928] {processor.py:161} INFO - Processing /home/airflow/.local/lib/python3.7/site-packages/airflow/example_dags/tutorial_etl_dag.py took 0.065 seconds
[2024-05-23 09:38:51,303] {processor.py:153} INFO - Started process (PID=1912) to work on /home/airflow/.local/lib/python3.7/site-packages/airflow/example_dags/tutorial_etl_dag.py
[2024-05-23 09:38:51,304] {processor.py:641} INFO - Processing file /home/airflow/.local/lib/python3.7/site-packages/airflow/example_dags/tutorial_etl_dag.py for tasks to queue
[2024-05-23 09:38:51,305] {logging_mixin.py:115} INFO - [2024-05-23 09:38:51,305] {dagbag.py:508} INFO - Filling up the DagBag from /home/airflow/.local/lib/python3.7/site-packages/airflow/example_dags/tutorial_etl_dag.py
[2024-05-23 09:38:51,311] {processor.py:651} INFO - DAG(s) dict_keys(['tutorial_etl_dag']) retrieved from /home/airflow/.local/lib/python3.7/site-packages/airflow/example_dags/tutorial_etl_dag.py
[2024-05-23 09:38:51,332] {logging_mixin.py:115} INFO - [2024-05-23 09:38:51,332] {dag.py:2420} INFO - Sync 1 DAGs
[2024-05-23 09:38:51,345] {logging_mixin.py:115} INFO - [2024-05-23 09:38:51,344] {dag.py:2972} INFO - Setting next_dagrun for tutorial_etl_dag to None, run_after=None
[2024-05-23 09:38:51,352] {processor.py:161} INFO - Processing /home/airflow/.local/lib/python3.7/site-packages/airflow/example_dags/tutorial_etl_dag.py took 0.053 seconds
[2024-05-23 09:39:21,782] {processor.py:153} INFO - Started process (PID=1965) to work on /home/airflow/.local/lib/python3.7/site-packages/airflow/example_dags/tutorial_etl_dag.py
[2024-05-23 09:39:21,783] {processor.py:641} INFO - Processing file /home/airflow/.local/lib/python3.7/site-packages/airflow/example_dags/tutorial_etl_dag.py for tasks to queue
[2024-05-23 09:39:21,784] {logging_mixin.py:115} INFO - [2024-05-23 09:39:21,784] {dagbag.py:508} INFO - Filling up the DagBag from /home/airflow/.local/lib/python3.7/site-packages/airflow/example_dags/tutorial_etl_dag.py
[2024-05-23 09:39:21,790] {processor.py:651} INFO - DAG(s) dict_keys(['tutorial_etl_dag']) retrieved from /home/airflow/.local/lib/python3.7/site-packages/airflow/example_dags/tutorial_etl_dag.py
[2024-05-23 09:39:21,815] {logging_mixin.py:115} INFO - [2024-05-23 09:39:21,815] {dag.py:2420} INFO - Sync 1 DAGs
[2024-05-23 09:39:21,827] {logging_mixin.py:115} INFO - [2024-05-23 09:39:21,827] {dag.py:2972} INFO - Setting next_dagrun for tutorial_etl_dag to None, run_after=None
[2024-05-23 09:39:21,835] {processor.py:161} INFO - Processing /home/airflow/.local/lib/python3.7/site-packages/airflow/example_dags/tutorial_etl_dag.py took 0.055 seconds
[2024-05-23 09:39:52,129] {processor.py:153} INFO - Started process (PID=2027) to work on /home/airflow/.local/lib/python3.7/site-packages/airflow/example_dags/tutorial_etl_dag.py
[2024-05-23 09:39:52,131] {processor.py:641} INFO - Processing file /home/airflow/.local/lib/python3.7/site-packages/airflow/example_dags/tutorial_etl_dag.py for tasks to queue
[2024-05-23 09:39:52,132] {logging_mixin.py:115} INFO - [2024-05-23 09:39:52,132] {dagbag.py:508} INFO - Filling up the DagBag from /home/airflow/.local/lib/python3.7/site-packages/airflow/example_dags/tutorial_etl_dag.py
[2024-05-23 09:39:52,141] {processor.py:651} INFO - DAG(s) dict_keys(['tutorial_etl_dag']) retrieved from /home/airflow/.local/lib/python3.7/site-packages/airflow/example_dags/tutorial_etl_dag.py
[2024-05-23 09:39:52,172] {logging_mixin.py:115} INFO - [2024-05-23 09:39:52,172] {dag.py:2420} INFO - Sync 1 DAGs
[2024-05-23 09:39:52,186] {logging_mixin.py:115} INFO - [2024-05-23 09:39:52,185] {dag.py:2972} INFO - Setting next_dagrun for tutorial_etl_dag to None, run_after=None
[2024-05-23 09:39:52,193] {processor.py:161} INFO - Processing /home/airflow/.local/lib/python3.7/site-packages/airflow/example_dags/tutorial_etl_dag.py took 0.068 seconds
[2024-05-23 09:40:22,505] {processor.py:153} INFO - Started process (PID=2089) to work on /home/airflow/.local/lib/python3.7/site-packages/airflow/example_dags/tutorial_etl_dag.py
[2024-05-23 09:40:22,508] {processor.py:641} INFO - Processing file /home/airflow/.local/lib/python3.7/site-packages/airflow/example_dags/tutorial_etl_dag.py for tasks to queue
[2024-05-23 09:40:22,510] {logging_mixin.py:115} INFO - [2024-05-23 09:40:22,510] {dagbag.py:508} INFO - Filling up the DagBag from /home/airflow/.local/lib/python3.7/site-packages/airflow/example_dags/tutorial_etl_dag.py
[2024-05-23 09:40:22,523] {processor.py:651} INFO - DAG(s) dict_keys(['tutorial_etl_dag']) retrieved from /home/airflow/.local/lib/python3.7/site-packages/airflow/example_dags/tutorial_etl_dag.py
[2024-05-23 09:40:22,551] {logging_mixin.py:115} INFO - [2024-05-23 09:40:22,551] {dag.py:2420} INFO - Sync 1 DAGs
[2024-05-23 09:40:22,565] {logging_mixin.py:115} INFO - [2024-05-23 09:40:22,565] {dag.py:2972} INFO - Setting next_dagrun for tutorial_etl_dag to None, run_after=None
[2024-05-23 09:40:22,573] {processor.py:161} INFO - Processing /home/airflow/.local/lib/python3.7/site-packages/airflow/example_dags/tutorial_etl_dag.py took 0.075 seconds
[2024-05-23 09:40:53,059] {processor.py:153} INFO - Started process (PID=2151) to work on /home/airflow/.local/lib/python3.7/site-packages/airflow/example_dags/tutorial_etl_dag.py
[2024-05-23 09:40:53,061] {processor.py:641} INFO - Processing file /home/airflow/.local/lib/python3.7/site-packages/airflow/example_dags/tutorial_etl_dag.py for tasks to queue
[2024-05-23 09:40:53,062] {logging_mixin.py:115} INFO - [2024-05-23 09:40:53,061] {dagbag.py:508} INFO - Filling up the DagBag from /home/airflow/.local/lib/python3.7/site-packages/airflow/example_dags/tutorial_etl_dag.py
[2024-05-23 09:40:53,069] {processor.py:651} INFO - DAG(s) dict_keys(['tutorial_etl_dag']) retrieved from /home/airflow/.local/lib/python3.7/site-packages/airflow/example_dags/tutorial_etl_dag.py
[2024-05-23 09:40:53,092] {logging_mixin.py:115} INFO - [2024-05-23 09:40:53,092] {dag.py:2420} INFO - Sync 1 DAGs
[2024-05-23 09:40:53,105] {logging_mixin.py:115} INFO - [2024-05-23 09:40:53,105] {dag.py:2972} INFO - Setting next_dagrun for tutorial_etl_dag to None, run_after=None
[2024-05-23 09:40:53,112] {processor.py:161} INFO - Processing /home/airflow/.local/lib/python3.7/site-packages/airflow/example_dags/tutorial_etl_dag.py took 0.057 seconds
[2024-05-23 09:41:23,497] {processor.py:153} INFO - Started process (PID=2213) to work on /home/airflow/.local/lib/python3.7/site-packages/airflow/example_dags/tutorial_etl_dag.py
[2024-05-23 09:41:23,499] {processor.py:641} INFO - Processing file /home/airflow/.local/lib/python3.7/site-packages/airflow/example_dags/tutorial_etl_dag.py for tasks to queue
[2024-05-23 09:41:23,500] {logging_mixin.py:115} INFO - [2024-05-23 09:41:23,500] {dagbag.py:508} INFO - Filling up the DagBag from /home/airflow/.local/lib/python3.7/site-packages/airflow/example_dags/tutorial_etl_dag.py
[2024-05-23 09:41:23,510] {processor.py:651} INFO - DAG(s) dict_keys(['tutorial_etl_dag']) retrieved from /home/airflow/.local/lib/python3.7/site-packages/airflow/example_dags/tutorial_etl_dag.py
[2024-05-23 09:41:23,540] {logging_mixin.py:115} INFO - [2024-05-23 09:41:23,540] {dag.py:2420} INFO - Sync 1 DAGs
[2024-05-23 09:41:23,555] {logging_mixin.py:115} INFO - [2024-05-23 09:41:23,555] {dag.py:2972} INFO - Setting next_dagrun for tutorial_etl_dag to None, run_after=None
[2024-05-23 09:41:23,563] {processor.py:161} INFO - Processing /home/airflow/.local/lib/python3.7/site-packages/airflow/example_dags/tutorial_etl_dag.py took 0.069 seconds
[2024-05-23 09:41:54,000] {processor.py:153} INFO - Started process (PID=2273) to work on /home/airflow/.local/lib/python3.7/site-packages/airflow/example_dags/tutorial_etl_dag.py
[2024-05-23 09:41:54,001] {processor.py:641} INFO - Processing file /home/airflow/.local/lib/python3.7/site-packages/airflow/example_dags/tutorial_etl_dag.py for tasks to queue
[2024-05-23 09:41:54,002] {logging_mixin.py:115} INFO - [2024-05-23 09:41:54,002] {dagbag.py:508} INFO - Filling up the DagBag from /home/airflow/.local/lib/python3.7/site-packages/airflow/example_dags/tutorial_etl_dag.py
[2024-05-23 09:41:54,014] {processor.py:651} INFO - DAG(s) dict_keys(['tutorial_etl_dag']) retrieved from /home/airflow/.local/lib/python3.7/site-packages/airflow/example_dags/tutorial_etl_dag.py
[2024-05-23 09:41:54,046] {logging_mixin.py:115} INFO - [2024-05-23 09:41:54,046] {dag.py:2420} INFO - Sync 1 DAGs
[2024-05-23 09:41:54,066] {logging_mixin.py:115} INFO - [2024-05-23 09:41:54,066] {dag.py:2972} INFO - Setting next_dagrun for tutorial_etl_dag to None, run_after=None
[2024-05-23 09:41:54,075] {processor.py:161} INFO - Processing /home/airflow/.local/lib/python3.7/site-packages/airflow/example_dags/tutorial_etl_dag.py took 0.078 seconds
[2024-05-23 09:42:24,761] {processor.py:153} INFO - Started process (PID=2328) to work on /home/airflow/.local/lib/python3.7/site-packages/airflow/example_dags/tutorial_etl_dag.py
[2024-05-23 09:42:24,763] {processor.py:641} INFO - Processing file /home/airflow/.local/lib/python3.7/site-packages/airflow/example_dags/tutorial_etl_dag.py for tasks to queue
[2024-05-23 09:42:24,765] {logging_mixin.py:115} INFO - [2024-05-23 09:42:24,765] {dagbag.py:508} INFO - Filling up the DagBag from /home/airflow/.local/lib/python3.7/site-packages/airflow/example_dags/tutorial_etl_dag.py
[2024-05-23 09:42:24,774] {processor.py:651} INFO - DAG(s) dict_keys(['tutorial_etl_dag']) retrieved from /home/airflow/.local/lib/python3.7/site-packages/airflow/example_dags/tutorial_etl_dag.py
[2024-05-23 09:42:24,801] {logging_mixin.py:115} INFO - [2024-05-23 09:42:24,801] {dag.py:2420} INFO - Sync 1 DAGs
[2024-05-23 09:42:24,816] {logging_mixin.py:115} INFO - [2024-05-23 09:42:24,816] {dag.py:2972} INFO - Setting next_dagrun for tutorial_etl_dag to None, run_after=None
[2024-05-23 09:42:24,824] {processor.py:161} INFO - Processing /home/airflow/.local/lib/python3.7/site-packages/airflow/example_dags/tutorial_etl_dag.py took 0.070 seconds
[2024-05-23 09:42:55,214] {processor.py:153} INFO - Started process (PID=2390) to work on /home/airflow/.local/lib/python3.7/site-packages/airflow/example_dags/tutorial_etl_dag.py
[2024-05-23 09:42:55,215] {processor.py:641} INFO - Processing file /home/airflow/.local/lib/python3.7/site-packages/airflow/example_dags/tutorial_etl_dag.py for tasks to queue
[2024-05-23 09:42:55,217] {logging_mixin.py:115} INFO - [2024-05-23 09:42:55,217] {dagbag.py:508} INFO - Filling up the DagBag from /home/airflow/.local/lib/python3.7/site-packages/airflow/example_dags/tutorial_etl_dag.py
[2024-05-23 09:42:55,227] {processor.py:651} INFO - DAG(s) dict_keys(['tutorial_etl_dag']) retrieved from /home/airflow/.local/lib/python3.7/site-packages/airflow/example_dags/tutorial_etl_dag.py
[2024-05-23 09:42:55,251] {logging_mixin.py:115} INFO - [2024-05-23 09:42:55,251] {dag.py:2420} INFO - Sync 1 DAGs
[2024-05-23 09:42:55,264] {logging_mixin.py:115} INFO - [2024-05-23 09:42:55,264] {dag.py:2972} INFO - Setting next_dagrun for tutorial_etl_dag to None, run_after=None
[2024-05-23 09:42:55,273] {processor.py:161} INFO - Processing /home/airflow/.local/lib/python3.7/site-packages/airflow/example_dags/tutorial_etl_dag.py took 0.066 seconds
[2024-05-23 09:43:25,680] {processor.py:153} INFO - Started process (PID=2453) to work on /home/airflow/.local/lib/python3.7/site-packages/airflow/example_dags/tutorial_etl_dag.py
[2024-05-23 09:43:25,682] {processor.py:641} INFO - Processing file /home/airflow/.local/lib/python3.7/site-packages/airflow/example_dags/tutorial_etl_dag.py for tasks to queue
[2024-05-23 09:43:25,683] {logging_mixin.py:115} INFO - [2024-05-23 09:43:25,683] {dagbag.py:508} INFO - Filling up the DagBag from /home/airflow/.local/lib/python3.7/site-packages/airflow/example_dags/tutorial_etl_dag.py
[2024-05-23 09:43:25,690] {processor.py:651} INFO - DAG(s) dict_keys(['tutorial_etl_dag']) retrieved from /home/airflow/.local/lib/python3.7/site-packages/airflow/example_dags/tutorial_etl_dag.py
[2024-05-23 09:43:25,713] {logging_mixin.py:115} INFO - [2024-05-23 09:43:25,713] {dag.py:2420} INFO - Sync 1 DAGs
[2024-05-23 09:43:25,726] {logging_mixin.py:115} INFO - [2024-05-23 09:43:25,726] {dag.py:2972} INFO - Setting next_dagrun for tutorial_etl_dag to None, run_after=None
[2024-05-23 09:43:25,734] {processor.py:161} INFO - Processing /home/airflow/.local/lib/python3.7/site-packages/airflow/example_dags/tutorial_etl_dag.py took 0.057 seconds
[2024-05-23 09:43:56,161] {processor.py:153} INFO - Started process (PID=2515) to work on /home/airflow/.local/lib/python3.7/site-packages/airflow/example_dags/tutorial_etl_dag.py
[2024-05-23 09:43:56,164] {processor.py:641} INFO - Processing file /home/airflow/.local/lib/python3.7/site-packages/airflow/example_dags/tutorial_etl_dag.py for tasks to queue
[2024-05-23 09:43:56,165] {logging_mixin.py:115} INFO - [2024-05-23 09:43:56,165] {dagbag.py:508} INFO - Filling up the DagBag from /home/airflow/.local/lib/python3.7/site-packages/airflow/example_dags/tutorial_etl_dag.py
[2024-05-23 09:43:56,174] {processor.py:651} INFO - DAG(s) dict_keys(['tutorial_etl_dag']) retrieved from /home/airflow/.local/lib/python3.7/site-packages/airflow/example_dags/tutorial_etl_dag.py
[2024-05-23 09:43:56,198] {logging_mixin.py:115} INFO - [2024-05-23 09:43:56,198] {dag.py:2420} INFO - Sync 1 DAGs
[2024-05-23 09:43:56,212] {logging_mixin.py:115} INFO - [2024-05-23 09:43:56,212] {dag.py:2972} INFO - Setting next_dagrun for tutorial_etl_dag to None, run_after=None
[2024-05-23 09:43:56,219] {processor.py:161} INFO - Processing /home/airflow/.local/lib/python3.7/site-packages/airflow/example_dags/tutorial_etl_dag.py took 0.066 seconds
[2024-05-23 09:44:26,601] {processor.py:153} INFO - Started process (PID=2577) to work on /home/airflow/.local/lib/python3.7/site-packages/airflow/example_dags/tutorial_etl_dag.py
[2024-05-23 09:44:26,602] {processor.py:641} INFO - Processing file /home/airflow/.local/lib/python3.7/site-packages/airflow/example_dags/tutorial_etl_dag.py for tasks to queue
[2024-05-23 09:44:26,603] {logging_mixin.py:115} INFO - [2024-05-23 09:44:26,603] {dagbag.py:508} INFO - Filling up the DagBag from /home/airflow/.local/lib/python3.7/site-packages/airflow/example_dags/tutorial_etl_dag.py
[2024-05-23 09:44:26,608] {processor.py:651} INFO - DAG(s) dict_keys(['tutorial_etl_dag']) retrieved from /home/airflow/.local/lib/python3.7/site-packages/airflow/example_dags/tutorial_etl_dag.py
[2024-05-23 09:44:26,632] {logging_mixin.py:115} INFO - [2024-05-23 09:44:26,631] {dag.py:2420} INFO - Sync 1 DAGs
[2024-05-23 09:44:26,646] {logging_mixin.py:115} INFO - [2024-05-23 09:44:26,646] {dag.py:2972} INFO - Setting next_dagrun for tutorial_etl_dag to None, run_after=None
[2024-05-23 09:44:26,654] {processor.py:161} INFO - Processing /home/airflow/.local/lib/python3.7/site-packages/airflow/example_dags/tutorial_etl_dag.py took 0.055 seconds
[2024-05-23 09:44:57,041] {processor.py:153} INFO - Started process (PID=2630) to work on /home/airflow/.local/lib/python3.7/site-packages/airflow/example_dags/tutorial_etl_dag.py
[2024-05-23 09:44:57,042] {processor.py:641} INFO - Processing file /home/airflow/.local/lib/python3.7/site-packages/airflow/example_dags/tutorial_etl_dag.py for tasks to queue
[2024-05-23 09:44:57,043] {logging_mixin.py:115} INFO - [2024-05-23 09:44:57,043] {dagbag.py:508} INFO - Filling up the DagBag from /home/airflow/.local/lib/python3.7/site-packages/airflow/example_dags/tutorial_etl_dag.py
[2024-05-23 09:44:57,051] {processor.py:651} INFO - DAG(s) dict_keys(['tutorial_etl_dag']) retrieved from /home/airflow/.local/lib/python3.7/site-packages/airflow/example_dags/tutorial_etl_dag.py
[2024-05-23 09:44:57,085] {logging_mixin.py:115} INFO - [2024-05-23 09:44:57,085] {dag.py:2420} INFO - Sync 1 DAGs
[2024-05-23 09:44:57,105] {logging_mixin.py:115} INFO - [2024-05-23 09:44:57,105] {dag.py:2972} INFO - Setting next_dagrun for tutorial_etl_dag to None, run_after=None
[2024-05-23 09:44:57,114] {processor.py:161} INFO - Processing /home/airflow/.local/lib/python3.7/site-packages/airflow/example_dags/tutorial_etl_dag.py took 0.075 seconds
[2024-05-23 09:45:27,607] {processor.py:153} INFO - Started process (PID=2692) to work on /home/airflow/.local/lib/python3.7/site-packages/airflow/example_dags/tutorial_etl_dag.py
[2024-05-23 09:45:27,609] {processor.py:641} INFO - Processing file /home/airflow/.local/lib/python3.7/site-packages/airflow/example_dags/tutorial_etl_dag.py for tasks to queue
[2024-05-23 09:45:27,610] {logging_mixin.py:115} INFO - [2024-05-23 09:45:27,610] {dagbag.py:508} INFO - Filling up the DagBag from /home/airflow/.local/lib/python3.7/site-packages/airflow/example_dags/tutorial_etl_dag.py
[2024-05-23 09:45:27,618] {processor.py:651} INFO - DAG(s) dict_keys(['tutorial_etl_dag']) retrieved from /home/airflow/.local/lib/python3.7/site-packages/airflow/example_dags/tutorial_etl_dag.py
[2024-05-23 09:45:27,645] {logging_mixin.py:115} INFO - [2024-05-23 09:45:27,645] {dag.py:2420} INFO - Sync 1 DAGs
[2024-05-23 09:45:27,660] {logging_mixin.py:115} INFO - [2024-05-23 09:45:27,660] {dag.py:2972} INFO - Setting next_dagrun for tutorial_etl_dag to None, run_after=None
[2024-05-23 09:45:27,669] {processor.py:161} INFO - Processing /home/airflow/.local/lib/python3.7/site-packages/airflow/example_dags/tutorial_etl_dag.py took 0.069 seconds
[2024-05-23 09:45:58,163] {processor.py:153} INFO - Started process (PID=2754) to work on /home/airflow/.local/lib/python3.7/site-packages/airflow/example_dags/tutorial_etl_dag.py
[2024-05-23 09:45:58,165] {processor.py:641} INFO - Processing file /home/airflow/.local/lib/python3.7/site-packages/airflow/example_dags/tutorial_etl_dag.py for tasks to queue
[2024-05-23 09:45:58,166] {logging_mixin.py:115} INFO - [2024-05-23 09:45:58,166] {dagbag.py:508} INFO - Filling up the DagBag from /home/airflow/.local/lib/python3.7/site-packages/airflow/example_dags/tutorial_etl_dag.py
[2024-05-23 09:45:58,175] {processor.py:651} INFO - DAG(s) dict_keys(['tutorial_etl_dag']) retrieved from /home/airflow/.local/lib/python3.7/site-packages/airflow/example_dags/tutorial_etl_dag.py
[2024-05-23 09:45:58,201] {logging_mixin.py:115} INFO - [2024-05-23 09:45:58,201] {dag.py:2420} INFO - Sync 1 DAGs
[2024-05-23 09:45:58,214] {logging_mixin.py:115} INFO - [2024-05-23 09:45:58,214] {dag.py:2972} INFO - Setting next_dagrun for tutorial_etl_dag to None, run_after=None
[2024-05-23 09:45:58,221] {processor.py:161} INFO - Processing /home/airflow/.local/lib/python3.7/site-packages/airflow/example_dags/tutorial_etl_dag.py took 0.064 seconds
[2024-05-23 09:46:28,582] {processor.py:153} INFO - Started process (PID=2816) to work on /home/airflow/.local/lib/python3.7/site-packages/airflow/example_dags/tutorial_etl_dag.py
[2024-05-23 09:46:28,585] {processor.py:641} INFO - Processing file /home/airflow/.local/lib/python3.7/site-packages/airflow/example_dags/tutorial_etl_dag.py for tasks to queue
[2024-05-23 09:46:28,586] {logging_mixin.py:115} INFO - [2024-05-23 09:46:28,586] {dagbag.py:508} INFO - Filling up the DagBag from /home/airflow/.local/lib/python3.7/site-packages/airflow/example_dags/tutorial_etl_dag.py
[2024-05-23 09:46:28,596] {processor.py:651} INFO - DAG(s) dict_keys(['tutorial_etl_dag']) retrieved from /home/airflow/.local/lib/python3.7/site-packages/airflow/example_dags/tutorial_etl_dag.py
[2024-05-23 09:46:28,622] {logging_mixin.py:115} INFO - [2024-05-23 09:46:28,622] {dag.py:2420} INFO - Sync 1 DAGs
[2024-05-23 09:46:28,635] {logging_mixin.py:115} INFO - [2024-05-23 09:46:28,635] {dag.py:2972} INFO - Setting next_dagrun for tutorial_etl_dag to None, run_after=None
[2024-05-23 09:46:28,643] {processor.py:161} INFO - Processing /home/airflow/.local/lib/python3.7/site-packages/airflow/example_dags/tutorial_etl_dag.py took 0.066 seconds
[2024-05-23 09:46:58,966] {processor.py:153} INFO - Started process (PID=2878) to work on /home/airflow/.local/lib/python3.7/site-packages/airflow/example_dags/tutorial_etl_dag.py
[2024-05-23 09:46:58,967] {processor.py:641} INFO - Processing file /home/airflow/.local/lib/python3.7/site-packages/airflow/example_dags/tutorial_etl_dag.py for tasks to queue
[2024-05-23 09:46:58,968] {logging_mixin.py:115} INFO - [2024-05-23 09:46:58,968] {dagbag.py:508} INFO - Filling up the DagBag from /home/airflow/.local/lib/python3.7/site-packages/airflow/example_dags/tutorial_etl_dag.py
[2024-05-23 09:46:58,973] {processor.py:651} INFO - DAG(s) dict_keys(['tutorial_etl_dag']) retrieved from /home/airflow/.local/lib/python3.7/site-packages/airflow/example_dags/tutorial_etl_dag.py
[2024-05-23 09:46:58,992] {logging_mixin.py:115} INFO - [2024-05-23 09:46:58,992] {dag.py:2420} INFO - Sync 1 DAGs
[2024-05-23 09:46:59,004] {logging_mixin.py:115} INFO - [2024-05-23 09:46:59,004] {dag.py:2972} INFO - Setting next_dagrun for tutorial_etl_dag to None, run_after=None
[2024-05-23 09:46:59,012] {processor.py:161} INFO - Processing /home/airflow/.local/lib/python3.7/site-packages/airflow/example_dags/tutorial_etl_dag.py took 0.048 seconds
[2024-05-23 09:47:29,615] {processor.py:153} INFO - Started process (PID=2940) to work on /home/airflow/.local/lib/python3.7/site-packages/airflow/example_dags/tutorial_etl_dag.py
[2024-05-23 09:47:29,616] {processor.py:641} INFO - Processing file /home/airflow/.local/lib/python3.7/site-packages/airflow/example_dags/tutorial_etl_dag.py for tasks to queue
[2024-05-23 09:47:29,617] {logging_mixin.py:115} INFO - [2024-05-23 09:47:29,617] {dagbag.py:508} INFO - Filling up the DagBag from /home/airflow/.local/lib/python3.7/site-packages/airflow/example_dags/tutorial_etl_dag.py
[2024-05-23 09:47:29,623] {processor.py:651} INFO - DAG(s) dict_keys(['tutorial_etl_dag']) retrieved from /home/airflow/.local/lib/python3.7/site-packages/airflow/example_dags/tutorial_etl_dag.py
[2024-05-23 09:47:29,644] {logging_mixin.py:115} INFO - [2024-05-23 09:47:29,644] {dag.py:2420} INFO - Sync 1 DAGs
[2024-05-23 09:47:29,657] {logging_mixin.py:115} INFO - [2024-05-23 09:47:29,657] {dag.py:2972} INFO - Setting next_dagrun for tutorial_etl_dag to None, run_after=None
[2024-05-23 09:47:29,665] {processor.py:161} INFO - Processing /home/airflow/.local/lib/python3.7/site-packages/airflow/example_dags/tutorial_etl_dag.py took 0.053 seconds
[2024-05-23 09:48:00,119] {processor.py:153} INFO - Started process (PID=2993) to work on /home/airflow/.local/lib/python3.7/site-packages/airflow/example_dags/tutorial_etl_dag.py
[2024-05-23 09:48:00,121] {processor.py:641} INFO - Processing file /home/airflow/.local/lib/python3.7/site-packages/airflow/example_dags/tutorial_etl_dag.py for tasks to queue
[2024-05-23 09:48:00,122] {logging_mixin.py:115} INFO - [2024-05-23 09:48:00,121] {dagbag.py:508} INFO - Filling up the DagBag from /home/airflow/.local/lib/python3.7/site-packages/airflow/example_dags/tutorial_etl_dag.py
[2024-05-23 09:48:00,129] {processor.py:651} INFO - DAG(s) dict_keys(['tutorial_etl_dag']) retrieved from /home/airflow/.local/lib/python3.7/site-packages/airflow/example_dags/tutorial_etl_dag.py
[2024-05-23 09:48:00,155] {logging_mixin.py:115} INFO - [2024-05-23 09:48:00,155] {dag.py:2420} INFO - Sync 1 DAGs
[2024-05-23 09:48:00,169] {logging_mixin.py:115} INFO - [2024-05-23 09:48:00,169] {dag.py:2972} INFO - Setting next_dagrun for tutorial_etl_dag to None, run_after=None
[2024-05-23 09:48:00,177] {processor.py:161} INFO - Processing /home/airflow/.local/lib/python3.7/site-packages/airflow/example_dags/tutorial_etl_dag.py took 0.061 seconds
[2024-05-23 09:48:30,561] {processor.py:153} INFO - Started process (PID=3055) to work on /home/airflow/.local/lib/python3.7/site-packages/airflow/example_dags/tutorial_etl_dag.py
[2024-05-23 09:48:30,562] {processor.py:641} INFO - Processing file /home/airflow/.local/lib/python3.7/site-packages/airflow/example_dags/tutorial_etl_dag.py for tasks to queue
[2024-05-23 09:48:30,563] {logging_mixin.py:115} INFO - [2024-05-23 09:48:30,563] {dagbag.py:508} INFO - Filling up the DagBag from /home/airflow/.local/lib/python3.7/site-packages/airflow/example_dags/tutorial_etl_dag.py
[2024-05-23 09:48:30,570] {processor.py:651} INFO - DAG(s) dict_keys(['tutorial_etl_dag']) retrieved from /home/airflow/.local/lib/python3.7/site-packages/airflow/example_dags/tutorial_etl_dag.py
[2024-05-23 09:48:30,592] {logging_mixin.py:115} INFO - [2024-05-23 09:48:30,592] {dag.py:2420} INFO - Sync 1 DAGs
[2024-05-23 09:48:30,606] {logging_mixin.py:115} INFO - [2024-05-23 09:48:30,606] {dag.py:2972} INFO - Setting next_dagrun for tutorial_etl_dag to None, run_after=None
[2024-05-23 09:48:30,614] {processor.py:161} INFO - Processing /home/airflow/.local/lib/python3.7/site-packages/airflow/example_dags/tutorial_etl_dag.py took 0.056 seconds
[2024-05-23 09:49:01,033] {processor.py:153} INFO - Started process (PID=3117) to work on /home/airflow/.local/lib/python3.7/site-packages/airflow/example_dags/tutorial_etl_dag.py
[2024-05-23 09:49:01,035] {processor.py:641} INFO - Processing file /home/airflow/.local/lib/python3.7/site-packages/airflow/example_dags/tutorial_etl_dag.py for tasks to queue
[2024-05-23 09:49:01,037] {logging_mixin.py:115} INFO - [2024-05-23 09:49:01,036] {dagbag.py:508} INFO - Filling up the DagBag from /home/airflow/.local/lib/python3.7/site-packages/airflow/example_dags/tutorial_etl_dag.py
[2024-05-23 09:49:01,045] {processor.py:651} INFO - DAG(s) dict_keys(['tutorial_etl_dag']) retrieved from /home/airflow/.local/lib/python3.7/site-packages/airflow/example_dags/tutorial_etl_dag.py
[2024-05-23 09:49:01,069] {logging_mixin.py:115} INFO - [2024-05-23 09:49:01,069] {dag.py:2420} INFO - Sync 1 DAGs
[2024-05-23 09:49:01,084] {logging_mixin.py:115} INFO - [2024-05-23 09:49:01,084] {dag.py:2972} INFO - Setting next_dagrun for tutorial_etl_dag to None, run_after=None
[2024-05-23 09:49:01,092] {processor.py:161} INFO - Processing /home/airflow/.local/lib/python3.7/site-packages/airflow/example_dags/tutorial_etl_dag.py took 0.065 seconds
[2024-05-23 09:49:31,590] {processor.py:153} INFO - Started process (PID=3179) to work on /home/airflow/.local/lib/python3.7/site-packages/airflow/example_dags/tutorial_etl_dag.py
[2024-05-23 09:49:31,592] {processor.py:641} INFO - Processing file /home/airflow/.local/lib/python3.7/site-packages/airflow/example_dags/tutorial_etl_dag.py for tasks to queue
[2024-05-23 09:49:31,593] {logging_mixin.py:115} INFO - [2024-05-23 09:49:31,593] {dagbag.py:508} INFO - Filling up the DagBag from /home/airflow/.local/lib/python3.7/site-packages/airflow/example_dags/tutorial_etl_dag.py
[2024-05-23 09:49:31,602] {processor.py:651} INFO - DAG(s) dict_keys(['tutorial_etl_dag']) retrieved from /home/airflow/.local/lib/python3.7/site-packages/airflow/example_dags/tutorial_etl_dag.py
[2024-05-23 09:49:31,630] {logging_mixin.py:115} INFO - [2024-05-23 09:49:31,630] {dag.py:2420} INFO - Sync 1 DAGs
[2024-05-23 09:49:31,646] {logging_mixin.py:115} INFO - [2024-05-23 09:49:31,646] {dag.py:2972} INFO - Setting next_dagrun for tutorial_etl_dag to None, run_after=None
[2024-05-23 09:49:31,655] {processor.py:161} INFO - Processing /home/airflow/.local/lib/python3.7/site-packages/airflow/example_dags/tutorial_etl_dag.py took 0.069 seconds
[2024-05-23 09:50:02,104] {processor.py:153} INFO - Started process (PID=3241) to work on /home/airflow/.local/lib/python3.7/site-packages/airflow/example_dags/tutorial_etl_dag.py
[2024-05-23 09:50:02,107] {processor.py:641} INFO - Processing file /home/airflow/.local/lib/python3.7/site-packages/airflow/example_dags/tutorial_etl_dag.py for tasks to queue
[2024-05-23 09:50:02,108] {logging_mixin.py:115} INFO - [2024-05-23 09:50:02,108] {dagbag.py:508} INFO - Filling up the DagBag from /home/airflow/.local/lib/python3.7/site-packages/airflow/example_dags/tutorial_etl_dag.py
[2024-05-23 09:50:02,118] {processor.py:651} INFO - DAG(s) dict_keys(['tutorial_etl_dag']) retrieved from /home/airflow/.local/lib/python3.7/site-packages/airflow/example_dags/tutorial_etl_dag.py
[2024-05-23 09:50:02,146] {logging_mixin.py:115} INFO - [2024-05-23 09:50:02,146] {dag.py:2420} INFO - Sync 1 DAGs
[2024-05-23 09:50:02,161] {logging_mixin.py:115} INFO - [2024-05-23 09:50:02,161] {dag.py:2972} INFO - Setting next_dagrun for tutorial_etl_dag to None, run_after=None
[2024-05-23 09:50:02,169] {processor.py:161} INFO - Processing /home/airflow/.local/lib/python3.7/site-packages/airflow/example_dags/tutorial_etl_dag.py took 0.072 seconds
[2024-05-23 09:50:32,512] {processor.py:153} INFO - Started process (PID=3303) to work on /home/airflow/.local/lib/python3.7/site-packages/airflow/example_dags/tutorial_etl_dag.py
[2024-05-23 09:50:32,513] {processor.py:641} INFO - Processing file /home/airflow/.local/lib/python3.7/site-packages/airflow/example_dags/tutorial_etl_dag.py for tasks to queue
[2024-05-23 09:50:32,514] {logging_mixin.py:115} INFO - [2024-05-23 09:50:32,514] {dagbag.py:508} INFO - Filling up the DagBag from /home/airflow/.local/lib/python3.7/site-packages/airflow/example_dags/tutorial_etl_dag.py
[2024-05-23 09:50:32,520] {processor.py:651} INFO - DAG(s) dict_keys(['tutorial_etl_dag']) retrieved from /home/airflow/.local/lib/python3.7/site-packages/airflow/example_dags/tutorial_etl_dag.py
[2024-05-23 09:50:32,543] {logging_mixin.py:115} INFO - [2024-05-23 09:50:32,543] {dag.py:2420} INFO - Sync 1 DAGs
[2024-05-23 09:50:32,557] {logging_mixin.py:115} INFO - [2024-05-23 09:50:32,557] {dag.py:2972} INFO - Setting next_dagrun for tutorial_etl_dag to None, run_after=None
[2024-05-23 09:50:32,566] {processor.py:161} INFO - Processing /home/airflow/.local/lib/python3.7/site-packages/airflow/example_dags/tutorial_etl_dag.py took 0.057 seconds
[2024-05-23 09:51:03,115] {processor.py:153} INFO - Started process (PID=3356) to work on /home/airflow/.local/lib/python3.7/site-packages/airflow/example_dags/tutorial_etl_dag.py
[2024-05-23 09:51:03,117] {processor.py:641} INFO - Processing file /home/airflow/.local/lib/python3.7/site-packages/airflow/example_dags/tutorial_etl_dag.py for tasks to queue
[2024-05-23 09:51:03,118] {logging_mixin.py:115} INFO - [2024-05-23 09:51:03,118] {dagbag.py:508} INFO - Filling up the DagBag from /home/airflow/.local/lib/python3.7/site-packages/airflow/example_dags/tutorial_etl_dag.py
[2024-05-23 09:51:03,126] {processor.py:651} INFO - DAG(s) dict_keys(['tutorial_etl_dag']) retrieved from /home/airflow/.local/lib/python3.7/site-packages/airflow/example_dags/tutorial_etl_dag.py
[2024-05-23 09:51:03,152] {logging_mixin.py:115} INFO - [2024-05-23 09:51:03,152] {dag.py:2420} INFO - Sync 1 DAGs
[2024-05-23 09:51:03,169] {logging_mixin.py:115} INFO - [2024-05-23 09:51:03,169] {dag.py:2972} INFO - Setting next_dagrun for tutorial_etl_dag to None, run_after=None
[2024-05-23 09:51:03,177] {processor.py:161} INFO - Processing /home/airflow/.local/lib/python3.7/site-packages/airflow/example_dags/tutorial_etl_dag.py took 0.065 seconds
[2024-05-23 09:51:33,500] {processor.py:153} INFO - Started process (PID=3418) to work on /home/airflow/.local/lib/python3.7/site-packages/airflow/example_dags/tutorial_etl_dag.py
[2024-05-23 09:51:33,508] {processor.py:641} INFO - Processing file /home/airflow/.local/lib/python3.7/site-packages/airflow/example_dags/tutorial_etl_dag.py for tasks to queue
[2024-05-23 09:51:33,510] {logging_mixin.py:115} INFO - [2024-05-23 09:51:33,510] {dagbag.py:508} INFO - Filling up the DagBag from /home/airflow/.local/lib/python3.7/site-packages/airflow/example_dags/tutorial_etl_dag.py
[2024-05-23 09:51:33,518] {processor.py:651} INFO - DAG(s) dict_keys(['tutorial_etl_dag']) retrieved from /home/airflow/.local/lib/python3.7/site-packages/airflow/example_dags/tutorial_etl_dag.py
[2024-05-23 09:51:33,540] {logging_mixin.py:115} INFO - [2024-05-23 09:51:33,540] {dag.py:2420} INFO - Sync 1 DAGs
[2024-05-23 09:51:33,555] {logging_mixin.py:115} INFO - [2024-05-23 09:51:33,555] {dag.py:2972} INFO - Setting next_dagrun for tutorial_etl_dag to None, run_after=None
[2024-05-23 09:51:33,563] {processor.py:161} INFO - Processing /home/airflow/.local/lib/python3.7/site-packages/airflow/example_dags/tutorial_etl_dag.py took 0.070 seconds
[2024-05-23 09:52:03,888] {processor.py:153} INFO - Started process (PID=3480) to work on /home/airflow/.local/lib/python3.7/site-packages/airflow/example_dags/tutorial_etl_dag.py
[2024-05-23 09:52:03,889] {processor.py:641} INFO - Processing file /home/airflow/.local/lib/python3.7/site-packages/airflow/example_dags/tutorial_etl_dag.py for tasks to queue
[2024-05-23 09:52:03,890] {logging_mixin.py:115} INFO - [2024-05-23 09:52:03,889] {dagbag.py:508} INFO - Filling up the DagBag from /home/airflow/.local/lib/python3.7/site-packages/airflow/example_dags/tutorial_etl_dag.py
[2024-05-23 09:52:03,896] {processor.py:651} INFO - DAG(s) dict_keys(['tutorial_etl_dag']) retrieved from /home/airflow/.local/lib/python3.7/site-packages/airflow/example_dags/tutorial_etl_dag.py
[2024-05-23 09:52:03,919] {logging_mixin.py:115} INFO - [2024-05-23 09:52:03,919] {dag.py:2420} INFO - Sync 1 DAGs
[2024-05-23 09:52:03,932] {logging_mixin.py:115} INFO - [2024-05-23 09:52:03,932] {dag.py:2972} INFO - Setting next_dagrun for tutorial_etl_dag to None, run_after=None
[2024-05-23 09:52:03,939] {processor.py:161} INFO - Processing /home/airflow/.local/lib/python3.7/site-packages/airflow/example_dags/tutorial_etl_dag.py took 0.055 seconds
[2024-05-23 09:52:34,486] {processor.py:153} INFO - Started process (PID=3542) to work on /home/airflow/.local/lib/python3.7/site-packages/airflow/example_dags/tutorial_etl_dag.py
[2024-05-23 09:52:34,487] {processor.py:641} INFO - Processing file /home/airflow/.local/lib/python3.7/site-packages/airflow/example_dags/tutorial_etl_dag.py for tasks to queue
[2024-05-23 09:52:34,488] {logging_mixin.py:115} INFO - [2024-05-23 09:52:34,488] {dagbag.py:508} INFO - Filling up the DagBag from /home/airflow/.local/lib/python3.7/site-packages/airflow/example_dags/tutorial_etl_dag.py
[2024-05-23 09:52:34,495] {processor.py:651} INFO - DAG(s) dict_keys(['tutorial_etl_dag']) retrieved from /home/airflow/.local/lib/python3.7/site-packages/airflow/example_dags/tutorial_etl_dag.py
[2024-05-23 09:52:34,521] {logging_mixin.py:115} INFO - [2024-05-23 09:52:34,521] {dag.py:2420} INFO - Sync 1 DAGs
[2024-05-23 09:52:34,537] {logging_mixin.py:115} INFO - [2024-05-23 09:52:34,537] {dag.py:2972} INFO - Setting next_dagrun for tutorial_etl_dag to None, run_after=None
[2024-05-23 09:52:34,545] {processor.py:161} INFO - Processing /home/airflow/.local/lib/python3.7/site-packages/airflow/example_dags/tutorial_etl_dag.py took 0.063 seconds
[2024-05-23 09:53:04,903] {processor.py:153} INFO - Started process (PID=3604) to work on /home/airflow/.local/lib/python3.7/site-packages/airflow/example_dags/tutorial_etl_dag.py
[2024-05-23 09:53:04,904] {processor.py:641} INFO - Processing file /home/airflow/.local/lib/python3.7/site-packages/airflow/example_dags/tutorial_etl_dag.py for tasks to queue
[2024-05-23 09:53:04,905] {logging_mixin.py:115} INFO - [2024-05-23 09:53:04,905] {dagbag.py:508} INFO - Filling up the DagBag from /home/airflow/.local/lib/python3.7/site-packages/airflow/example_dags/tutorial_etl_dag.py
[2024-05-23 09:53:04,916] {processor.py:651} INFO - DAG(s) dict_keys(['tutorial_etl_dag']) retrieved from /home/airflow/.local/lib/python3.7/site-packages/airflow/example_dags/tutorial_etl_dag.py
[2024-05-23 09:53:04,950] {logging_mixin.py:115} INFO - [2024-05-23 09:53:04,950] {dag.py:2420} INFO - Sync 1 DAGs
[2024-05-23 09:53:04,967] {logging_mixin.py:115} INFO - [2024-05-23 09:53:04,967] {dag.py:2972} INFO - Setting next_dagrun for tutorial_etl_dag to None, run_after=None
[2024-05-23 09:53:04,975] {processor.py:161} INFO - Processing /home/airflow/.local/lib/python3.7/site-packages/airflow/example_dags/tutorial_etl_dag.py took 0.075 seconds
[2024-05-23 09:53:35,445] {processor.py:153} INFO - Started process (PID=3664) to work on /home/airflow/.local/lib/python3.7/site-packages/airflow/example_dags/tutorial_etl_dag.py
[2024-05-23 09:53:35,446] {processor.py:641} INFO - Processing file /home/airflow/.local/lib/python3.7/site-packages/airflow/example_dags/tutorial_etl_dag.py for tasks to queue
[2024-05-23 09:53:35,447] {logging_mixin.py:115} INFO - [2024-05-23 09:53:35,447] {dagbag.py:508} INFO - Filling up the DagBag from /home/airflow/.local/lib/python3.7/site-packages/airflow/example_dags/tutorial_etl_dag.py
[2024-05-23 09:53:35,454] {processor.py:651} INFO - DAG(s) dict_keys(['tutorial_etl_dag']) retrieved from /home/airflow/.local/lib/python3.7/site-packages/airflow/example_dags/tutorial_etl_dag.py
[2024-05-23 09:53:35,477] {logging_mixin.py:115} INFO - [2024-05-23 09:53:35,477] {dag.py:2420} INFO - Sync 1 DAGs
[2024-05-23 09:53:35,491] {logging_mixin.py:115} INFO - [2024-05-23 09:53:35,491] {dag.py:2972} INFO - Setting next_dagrun for tutorial_etl_dag to None, run_after=None
[2024-05-23 09:53:35,499] {processor.py:161} INFO - Processing /home/airflow/.local/lib/python3.7/site-packages/airflow/example_dags/tutorial_etl_dag.py took 0.058 seconds
[2024-05-23 09:54:06,018] {processor.py:153} INFO - Started process (PID=3719) to work on /home/airflow/.local/lib/python3.7/site-packages/airflow/example_dags/tutorial_etl_dag.py
[2024-05-23 09:54:06,019] {processor.py:641} INFO - Processing file /home/airflow/.local/lib/python3.7/site-packages/airflow/example_dags/tutorial_etl_dag.py for tasks to queue
[2024-05-23 09:54:06,021] {logging_mixin.py:115} INFO - [2024-05-23 09:54:06,020] {dagbag.py:508} INFO - Filling up the DagBag from /home/airflow/.local/lib/python3.7/site-packages/airflow/example_dags/tutorial_etl_dag.py
[2024-05-23 09:54:06,030] {processor.py:651} INFO - DAG(s) dict_keys(['tutorial_etl_dag']) retrieved from /home/airflow/.local/lib/python3.7/site-packages/airflow/example_dags/tutorial_etl_dag.py
[2024-05-23 09:54:06,057] {logging_mixin.py:115} INFO - [2024-05-23 09:54:06,057] {dag.py:2420} INFO - Sync 1 DAGs
[2024-05-23 09:54:06,070] {logging_mixin.py:115} INFO - [2024-05-23 09:54:06,070] {dag.py:2972} INFO - Setting next_dagrun for tutorial_etl_dag to None, run_after=None
[2024-05-23 09:54:06,077] {processor.py:161} INFO - Processing /home/airflow/.local/lib/python3.7/site-packages/airflow/example_dags/tutorial_etl_dag.py took 0.065 seconds
[2024-05-23 09:54:36,528] {processor.py:153} INFO - Started process (PID=3781) to work on /home/airflow/.local/lib/python3.7/site-packages/airflow/example_dags/tutorial_etl_dag.py
[2024-05-23 09:54:36,530] {processor.py:641} INFO - Processing file /home/airflow/.local/lib/python3.7/site-packages/airflow/example_dags/tutorial_etl_dag.py for tasks to queue
[2024-05-23 09:54:36,531] {logging_mixin.py:115} INFO - [2024-05-23 09:54:36,531] {dagbag.py:508} INFO - Filling up the DagBag from /home/airflow/.local/lib/python3.7/site-packages/airflow/example_dags/tutorial_etl_dag.py
[2024-05-23 09:54:36,536] {processor.py:651} INFO - DAG(s) dict_keys(['tutorial_etl_dag']) retrieved from /home/airflow/.local/lib/python3.7/site-packages/airflow/example_dags/tutorial_etl_dag.py
[2024-05-23 09:54:36,564] {logging_mixin.py:115} INFO - [2024-05-23 09:54:36,564] {dag.py:2420} INFO - Sync 1 DAGs
[2024-05-23 09:54:36,579] {logging_mixin.py:115} INFO - [2024-05-23 09:54:36,579] {dag.py:2972} INFO - Setting next_dagrun for tutorial_etl_dag to None, run_after=None
[2024-05-23 09:54:36,587] {processor.py:161} INFO - Processing /home/airflow/.local/lib/python3.7/site-packages/airflow/example_dags/tutorial_etl_dag.py took 0.063 seconds
[2024-05-23 09:55:06,970] {processor.py:153} INFO - Started process (PID=3843) to work on /home/airflow/.local/lib/python3.7/site-packages/airflow/example_dags/tutorial_etl_dag.py
[2024-05-23 09:55:06,972] {processor.py:641} INFO - Processing file /home/airflow/.local/lib/python3.7/site-packages/airflow/example_dags/tutorial_etl_dag.py for tasks to queue
[2024-05-23 09:55:06,974] {logging_mixin.py:115} INFO - [2024-05-23 09:55:06,974] {dagbag.py:508} INFO - Filling up the DagBag from /home/airflow/.local/lib/python3.7/site-packages/airflow/example_dags/tutorial_etl_dag.py
[2024-05-23 09:55:06,984] {processor.py:651} INFO - DAG(s) dict_keys(['tutorial_etl_dag']) retrieved from /home/airflow/.local/lib/python3.7/site-packages/airflow/example_dags/tutorial_etl_dag.py
[2024-05-23 09:55:07,011] {logging_mixin.py:115} INFO - [2024-05-23 09:55:07,011] {dag.py:2420} INFO - Sync 1 DAGs
[2024-05-23 09:55:07,025] {logging_mixin.py:115} INFO - [2024-05-23 09:55:07,025] {dag.py:2972} INFO - Setting next_dagrun for tutorial_etl_dag to None, run_after=None
[2024-05-23 09:55:07,034] {processor.py:161} INFO - Processing /home/airflow/.local/lib/python3.7/site-packages/airflow/example_dags/tutorial_etl_dag.py took 0.071 seconds
[2024-05-23 09:55:37,386] {processor.py:153} INFO - Started process (PID=3905) to work on /home/airflow/.local/lib/python3.7/site-packages/airflow/example_dags/tutorial_etl_dag.py
[2024-05-23 09:55:37,387] {processor.py:641} INFO - Processing file /home/airflow/.local/lib/python3.7/site-packages/airflow/example_dags/tutorial_etl_dag.py for tasks to queue
[2024-05-23 09:55:37,389] {logging_mixin.py:115} INFO - [2024-05-23 09:55:37,389] {dagbag.py:508} INFO - Filling up the DagBag from /home/airflow/.local/lib/python3.7/site-packages/airflow/example_dags/tutorial_etl_dag.py
[2024-05-23 09:55:37,400] {processor.py:651} INFO - DAG(s) dict_keys(['tutorial_etl_dag']) retrieved from /home/airflow/.local/lib/python3.7/site-packages/airflow/example_dags/tutorial_etl_dag.py
[2024-05-23 09:55:37,429] {logging_mixin.py:115} INFO - [2024-05-23 09:55:37,429] {dag.py:2420} INFO - Sync 1 DAGs
[2024-05-23 09:55:37,444] {logging_mixin.py:115} INFO - [2024-05-23 09:55:37,444] {dag.py:2972} INFO - Setting next_dagrun for tutorial_etl_dag to None, run_after=None
[2024-05-23 09:55:37,453] {processor.py:161} INFO - Processing /home/airflow/.local/lib/python3.7/site-packages/airflow/example_dags/tutorial_etl_dag.py took 0.074 seconds
[2024-05-23 09:56:07,920] {processor.py:153} INFO - Started process (PID=3967) to work on /home/airflow/.local/lib/python3.7/site-packages/airflow/example_dags/tutorial_etl_dag.py
[2024-05-23 09:56:07,921] {processor.py:641} INFO - Processing file /home/airflow/.local/lib/python3.7/site-packages/airflow/example_dags/tutorial_etl_dag.py for tasks to queue
[2024-05-23 09:56:07,923] {logging_mixin.py:115} INFO - [2024-05-23 09:56:07,923] {dagbag.py:508} INFO - Filling up the DagBag from /home/airflow/.local/lib/python3.7/site-packages/airflow/example_dags/tutorial_etl_dag.py
[2024-05-23 09:56:07,930] {processor.py:651} INFO - DAG(s) dict_keys(['tutorial_etl_dag']) retrieved from /home/airflow/.local/lib/python3.7/site-packages/airflow/example_dags/tutorial_etl_dag.py
[2024-05-23 09:56:07,956] {logging_mixin.py:115} INFO - [2024-05-23 09:56:07,955] {dag.py:2420} INFO - Sync 1 DAGs
[2024-05-23 09:56:07,971] {logging_mixin.py:115} INFO - [2024-05-23 09:56:07,971] {dag.py:2972} INFO - Setting next_dagrun for tutorial_etl_dag to None, run_after=None
[2024-05-23 09:56:07,978] {processor.py:161} INFO - Processing /home/airflow/.local/lib/python3.7/site-packages/airflow/example_dags/tutorial_etl_dag.py took 0.061 seconds
[2024-05-23 09:56:38,382] {processor.py:153} INFO - Started process (PID=4020) to work on /home/airflow/.local/lib/python3.7/site-packages/airflow/example_dags/tutorial_etl_dag.py
[2024-05-23 09:56:38,384] {processor.py:641} INFO - Processing file /home/airflow/.local/lib/python3.7/site-packages/airflow/example_dags/tutorial_etl_dag.py for tasks to queue
[2024-05-23 09:56:38,385] {logging_mixin.py:115} INFO - [2024-05-23 09:56:38,385] {dagbag.py:508} INFO - Filling up the DagBag from /home/airflow/.local/lib/python3.7/site-packages/airflow/example_dags/tutorial_etl_dag.py
[2024-05-23 09:56:38,394] {processor.py:651} INFO - DAG(s) dict_keys(['tutorial_etl_dag']) retrieved from /home/airflow/.local/lib/python3.7/site-packages/airflow/example_dags/tutorial_etl_dag.py
[2024-05-23 09:56:38,425] {logging_mixin.py:115} INFO - [2024-05-23 09:56:38,425] {dag.py:2420} INFO - Sync 1 DAGs
[2024-05-23 09:56:38,441] {logging_mixin.py:115} INFO - [2024-05-23 09:56:38,441] {dag.py:2972} INFO - Setting next_dagrun for tutorial_etl_dag to None, run_after=None
[2024-05-23 09:56:38,449] {processor.py:161} INFO - Processing /home/airflow/.local/lib/python3.7/site-packages/airflow/example_dags/tutorial_etl_dag.py took 0.074 seconds
[2024-05-23 09:57:08,799] {processor.py:153} INFO - Started process (PID=4082) to work on /home/airflow/.local/lib/python3.7/site-packages/airflow/example_dags/tutorial_etl_dag.py
[2024-05-23 09:57:08,800] {processor.py:641} INFO - Processing file /home/airflow/.local/lib/python3.7/site-packages/airflow/example_dags/tutorial_etl_dag.py for tasks to queue
[2024-05-23 09:57:08,801] {logging_mixin.py:115} INFO - [2024-05-23 09:57:08,801] {dagbag.py:508} INFO - Filling up the DagBag from /home/airflow/.local/lib/python3.7/site-packages/airflow/example_dags/tutorial_etl_dag.py
[2024-05-23 09:57:08,808] {processor.py:651} INFO - DAG(s) dict_keys(['tutorial_etl_dag']) retrieved from /home/airflow/.local/lib/python3.7/site-packages/airflow/example_dags/tutorial_etl_dag.py
[2024-05-23 09:57:08,832] {logging_mixin.py:115} INFO - [2024-05-23 09:57:08,832] {dag.py:2420} INFO - Sync 1 DAGs
[2024-05-23 09:57:08,845] {logging_mixin.py:115} INFO - [2024-05-23 09:57:08,845] {dag.py:2972} INFO - Setting next_dagrun for tutorial_etl_dag to None, run_after=None
[2024-05-23 09:57:08,854] {processor.py:161} INFO - Processing /home/airflow/.local/lib/python3.7/site-packages/airflow/example_dags/tutorial_etl_dag.py took 0.059 seconds
[2024-05-23 09:57:39,245] {processor.py:153} INFO - Started process (PID=4144) to work on /home/airflow/.local/lib/python3.7/site-packages/airflow/example_dags/tutorial_etl_dag.py
[2024-05-23 09:57:39,246] {processor.py:641} INFO - Processing file /home/airflow/.local/lib/python3.7/site-packages/airflow/example_dags/tutorial_etl_dag.py for tasks to queue
[2024-05-23 09:57:39,248] {logging_mixin.py:115} INFO - [2024-05-23 09:57:39,247] {dagbag.py:508} INFO - Filling up the DagBag from /home/airflow/.local/lib/python3.7/site-packages/airflow/example_dags/tutorial_etl_dag.py
[2024-05-23 09:57:39,261] {processor.py:651} INFO - DAG(s) dict_keys(['tutorial_etl_dag']) retrieved from /home/airflow/.local/lib/python3.7/site-packages/airflow/example_dags/tutorial_etl_dag.py
[2024-05-23 09:57:39,294] {logging_mixin.py:115} INFO - [2024-05-23 09:57:39,294] {dag.py:2420} INFO - Sync 1 DAGs
[2024-05-23 09:57:39,311] {logging_mixin.py:115} INFO - [2024-05-23 09:57:39,311] {dag.py:2972} INFO - Setting next_dagrun for tutorial_etl_dag to None, run_after=None
[2024-05-23 09:57:39,319] {processor.py:161} INFO - Processing /home/airflow/.local/lib/python3.7/site-packages/airflow/example_dags/tutorial_etl_dag.py took 0.080 seconds
[2024-05-23 09:58:09,754] {processor.py:153} INFO - Started process (PID=4206) to work on /home/airflow/.local/lib/python3.7/site-packages/airflow/example_dags/tutorial_etl_dag.py
[2024-05-23 09:58:09,756] {processor.py:641} INFO - Processing file /home/airflow/.local/lib/python3.7/site-packages/airflow/example_dags/tutorial_etl_dag.py for tasks to queue
[2024-05-23 09:58:09,757] {logging_mixin.py:115} INFO - [2024-05-23 09:58:09,757] {dagbag.py:508} INFO - Filling up the DagBag from /home/airflow/.local/lib/python3.7/site-packages/airflow/example_dags/tutorial_etl_dag.py
[2024-05-23 09:58:09,765] {processor.py:651} INFO - DAG(s) dict_keys(['tutorial_etl_dag']) retrieved from /home/airflow/.local/lib/python3.7/site-packages/airflow/example_dags/tutorial_etl_dag.py
[2024-05-23 09:58:09,790] {logging_mixin.py:115} INFO - [2024-05-23 09:58:09,790] {dag.py:2420} INFO - Sync 1 DAGs
[2024-05-23 09:58:09,803] {logging_mixin.py:115} INFO - [2024-05-23 09:58:09,803] {dag.py:2972} INFO - Setting next_dagrun for tutorial_etl_dag to None, run_after=None
[2024-05-23 09:58:09,810] {processor.py:161} INFO - Processing /home/airflow/.local/lib/python3.7/site-packages/airflow/example_dags/tutorial_etl_dag.py took 0.061 seconds
[2024-05-23 09:58:40,234] {processor.py:153} INFO - Started process (PID=4268) to work on /home/airflow/.local/lib/python3.7/site-packages/airflow/example_dags/tutorial_etl_dag.py
[2024-05-23 09:58:40,235] {processor.py:641} INFO - Processing file /home/airflow/.local/lib/python3.7/site-packages/airflow/example_dags/tutorial_etl_dag.py for tasks to queue
[2024-05-23 09:58:40,236] {logging_mixin.py:115} INFO - [2024-05-23 09:58:40,236] {dagbag.py:508} INFO - Filling up the DagBag from /home/airflow/.local/lib/python3.7/site-packages/airflow/example_dags/tutorial_etl_dag.py
[2024-05-23 09:58:40,243] {processor.py:651} INFO - DAG(s) dict_keys(['tutorial_etl_dag']) retrieved from /home/airflow/.local/lib/python3.7/site-packages/airflow/example_dags/tutorial_etl_dag.py
[2024-05-23 09:58:40,264] {logging_mixin.py:115} INFO - [2024-05-23 09:58:40,264] {dag.py:2420} INFO - Sync 1 DAGs
[2024-05-23 09:58:40,278] {logging_mixin.py:115} INFO - [2024-05-23 09:58:40,278] {dag.py:2972} INFO - Setting next_dagrun for tutorial_etl_dag to None, run_after=None
[2024-05-23 09:58:40,284] {processor.py:161} INFO - Processing /home/airflow/.local/lib/python3.7/site-packages/airflow/example_dags/tutorial_etl_dag.py took 0.053 seconds
[2024-05-23 09:59:10,706] {processor.py:153} INFO - Started process (PID=4330) to work on /home/airflow/.local/lib/python3.7/site-packages/airflow/example_dags/tutorial_etl_dag.py
[2024-05-23 09:59:10,707] {processor.py:641} INFO - Processing file /home/airflow/.local/lib/python3.7/site-packages/airflow/example_dags/tutorial_etl_dag.py for tasks to queue
[2024-05-23 09:59:10,708] {logging_mixin.py:115} INFO - [2024-05-23 09:59:10,708] {dagbag.py:508} INFO - Filling up the DagBag from /home/airflow/.local/lib/python3.7/site-packages/airflow/example_dags/tutorial_etl_dag.py
[2024-05-23 09:59:10,715] {processor.py:651} INFO - DAG(s) dict_keys(['tutorial_etl_dag']) retrieved from /home/airflow/.local/lib/python3.7/site-packages/airflow/example_dags/tutorial_etl_dag.py
[2024-05-23 09:59:10,737] {logging_mixin.py:115} INFO - [2024-05-23 09:59:10,737] {dag.py:2420} INFO - Sync 1 DAGs
[2024-05-23 09:59:10,751] {logging_mixin.py:115} INFO - [2024-05-23 09:59:10,751] {dag.py:2972} INFO - Setting next_dagrun for tutorial_etl_dag to None, run_after=None
[2024-05-23 09:59:10,758] {processor.py:161} INFO - Processing /home/airflow/.local/lib/python3.7/site-packages/airflow/example_dags/tutorial_etl_dag.py took 0.055 seconds
[2024-05-23 09:59:41,196] {processor.py:153} INFO - Started process (PID=4383) to work on /home/airflow/.local/lib/python3.7/site-packages/airflow/example_dags/tutorial_etl_dag.py
[2024-05-23 09:59:41,197] {processor.py:641} INFO - Processing file /home/airflow/.local/lib/python3.7/site-packages/airflow/example_dags/tutorial_etl_dag.py for tasks to queue
[2024-05-23 09:59:41,198] {logging_mixin.py:115} INFO - [2024-05-23 09:59:41,198] {dagbag.py:508} INFO - Filling up the DagBag from /home/airflow/.local/lib/python3.7/site-packages/airflow/example_dags/tutorial_etl_dag.py
[2024-05-23 09:59:41,207] {processor.py:651} INFO - DAG(s) dict_keys(['tutorial_etl_dag']) retrieved from /home/airflow/.local/lib/python3.7/site-packages/airflow/example_dags/tutorial_etl_dag.py
[2024-05-23 09:59:41,234] {logging_mixin.py:115} INFO - [2024-05-23 09:59:41,234] {dag.py:2420} INFO - Sync 1 DAGs
[2024-05-23 09:59:41,250] {logging_mixin.py:115} INFO - [2024-05-23 09:59:41,250] {dag.py:2972} INFO - Setting next_dagrun for tutorial_etl_dag to None, run_after=None
[2024-05-23 09:59:41,259] {processor.py:161} INFO - Processing /home/airflow/.local/lib/python3.7/site-packages/airflow/example_dags/tutorial_etl_dag.py took 0.069 seconds
[2024-05-23 10:00:11,616] {processor.py:153} INFO - Started process (PID=4445) to work on /home/airflow/.local/lib/python3.7/site-packages/airflow/example_dags/tutorial_etl_dag.py
[2024-05-23 10:00:11,618] {processor.py:641} INFO - Processing file /home/airflow/.local/lib/python3.7/site-packages/airflow/example_dags/tutorial_etl_dag.py for tasks to queue
[2024-05-23 10:00:11,619] {logging_mixin.py:115} INFO - [2024-05-23 10:00:11,619] {dagbag.py:508} INFO - Filling up the DagBag from /home/airflow/.local/lib/python3.7/site-packages/airflow/example_dags/tutorial_etl_dag.py
[2024-05-23 10:00:11,631] {processor.py:651} INFO - DAG(s) dict_keys(['tutorial_etl_dag']) retrieved from /home/airflow/.local/lib/python3.7/site-packages/airflow/example_dags/tutorial_etl_dag.py
[2024-05-23 10:00:11,656] {logging_mixin.py:115} INFO - [2024-05-23 10:00:11,656] {dag.py:2420} INFO - Sync 1 DAGs
[2024-05-23 10:00:11,670] {logging_mixin.py:115} INFO - [2024-05-23 10:00:11,670] {dag.py:2972} INFO - Setting next_dagrun for tutorial_etl_dag to None, run_after=None
[2024-05-23 10:00:11,677] {processor.py:161} INFO - Processing /home/airflow/.local/lib/python3.7/site-packages/airflow/example_dags/tutorial_etl_dag.py took 0.067 seconds
