[2024-05-23 09:23:08,713] {processor.py:153} INFO - Started process (PID=65) to work on /home/airflow/.local/lib/python3.7/site-packages/airflow/example_dags/tutorial_taskflow_api_etl.py
[2024-05-23 09:23:08,715] {processor.py:641} INFO - Processing file /home/airflow/.local/lib/python3.7/site-packages/airflow/example_dags/tutorial_taskflow_api_etl.py for tasks to queue
[2024-05-23 09:23:08,716] {logging_mixin.py:115} INFO - [2024-05-23 09:23:08,716] {dagbag.py:508} INFO - Filling up the DagBag from /home/airflow/.local/lib/python3.7/site-packages/airflow/example_dags/tutorial_taskflow_api_etl.py
[2024-05-23 09:23:08,733] {processor.py:651} INFO - DAG(s) dict_keys(['tutorial_taskflow_api_etl']) retrieved from /home/airflow/.local/lib/python3.7/site-packages/airflow/example_dags/tutorial_taskflow_api_etl.py
[2024-05-23 09:23:08,830] {logging_mixin.py:115} INFO - [2024-05-23 09:23:08,830] {manager.py:508} INFO - Created Permission View: can edit on DAG:tutorial_taskflow_api_etl
[2024-05-23 09:23:08,840] {logging_mixin.py:115} INFO - [2024-05-23 09:23:08,840] {manager.py:508} INFO - Created Permission View: can read on DAG:tutorial_taskflow_api_etl
[2024-05-23 09:23:08,847] {logging_mixin.py:115} INFO - [2024-05-23 09:23:08,847] {manager.py:508} INFO - Created Permission View: can delete on DAG:tutorial_taskflow_api_etl
[2024-05-23 09:23:08,848] {logging_mixin.py:115} INFO - [2024-05-23 09:23:08,848] {dag.py:2420} INFO - Sync 1 DAGs
[2024-05-23 09:23:08,873] {logging_mixin.py:115} INFO - [2024-05-23 09:23:08,873] {dag.py:2439} INFO - Creating ORM DAG for tutorial_taskflow_api_etl
[2024-05-23 09:23:08,890] {logging_mixin.py:115} INFO - [2024-05-23 09:23:08,890] {dag.py:2972} INFO - Setting next_dagrun for tutorial_taskflow_api_etl to None, run_after=None
[2024-05-23 09:23:08,905] {processor.py:161} INFO - Processing /home/airflow/.local/lib/python3.7/site-packages/airflow/example_dags/tutorial_taskflow_api_etl.py took 0.198 seconds
[2024-05-23 09:23:39,651] {processor.py:153} INFO - Started process (PID=126) to work on /home/airflow/.local/lib/python3.7/site-packages/airflow/example_dags/tutorial_taskflow_api_etl.py
[2024-05-23 09:23:39,652] {processor.py:641} INFO - Processing file /home/airflow/.local/lib/python3.7/site-packages/airflow/example_dags/tutorial_taskflow_api_etl.py for tasks to queue
[2024-05-23 09:23:39,652] {logging_mixin.py:115} INFO - [2024-05-23 09:23:39,652] {dagbag.py:508} INFO - Filling up the DagBag from /home/airflow/.local/lib/python3.7/site-packages/airflow/example_dags/tutorial_taskflow_api_etl.py
[2024-05-23 09:23:39,661] {processor.py:651} INFO - DAG(s) dict_keys(['tutorial_taskflow_api_etl']) retrieved from /home/airflow/.local/lib/python3.7/site-packages/airflow/example_dags/tutorial_taskflow_api_etl.py
[2024-05-23 09:23:39,696] {logging_mixin.py:115} INFO - [2024-05-23 09:23:39,696] {dag.py:2420} INFO - Sync 1 DAGs
[2024-05-23 09:23:39,709] {logging_mixin.py:115} INFO - [2024-05-23 09:23:39,709] {dag.py:2972} INFO - Setting next_dagrun for tutorial_taskflow_api_etl to None, run_after=None
[2024-05-23 09:23:39,716] {processor.py:161} INFO - Processing /home/airflow/.local/lib/python3.7/site-packages/airflow/example_dags/tutorial_taskflow_api_etl.py took 0.067 seconds
[2024-05-23 09:24:10,090] {processor.py:153} INFO - Started process (PID=187) to work on /home/airflow/.local/lib/python3.7/site-packages/airflow/example_dags/tutorial_taskflow_api_etl.py
[2024-05-23 09:24:10,091] {processor.py:641} INFO - Processing file /home/airflow/.local/lib/python3.7/site-packages/airflow/example_dags/tutorial_taskflow_api_etl.py for tasks to queue
[2024-05-23 09:24:10,091] {logging_mixin.py:115} INFO - [2024-05-23 09:24:10,091] {dagbag.py:508} INFO - Filling up the DagBag from /home/airflow/.local/lib/python3.7/site-packages/airflow/example_dags/tutorial_taskflow_api_etl.py
[2024-05-23 09:24:10,100] {processor.py:651} INFO - DAG(s) dict_keys(['tutorial_taskflow_api_etl']) retrieved from /home/airflow/.local/lib/python3.7/site-packages/airflow/example_dags/tutorial_taskflow_api_etl.py
[2024-05-23 09:24:10,137] {logging_mixin.py:115} INFO - [2024-05-23 09:24:10,137] {dag.py:2420} INFO - Sync 1 DAGs
[2024-05-23 09:24:10,150] {logging_mixin.py:115} INFO - [2024-05-23 09:24:10,150] {dag.py:2972} INFO - Setting next_dagrun for tutorial_taskflow_api_etl to None, run_after=None
[2024-05-23 09:24:10,158] {processor.py:161} INFO - Processing /home/airflow/.local/lib/python3.7/site-packages/airflow/example_dags/tutorial_taskflow_api_etl.py took 0.070 seconds
[2024-05-23 09:24:40,499] {processor.py:153} INFO - Started process (PID=248) to work on /home/airflow/.local/lib/python3.7/site-packages/airflow/example_dags/tutorial_taskflow_api_etl.py
[2024-05-23 09:24:40,500] {processor.py:641} INFO - Processing file /home/airflow/.local/lib/python3.7/site-packages/airflow/example_dags/tutorial_taskflow_api_etl.py for tasks to queue
[2024-05-23 09:24:40,500] {logging_mixin.py:115} INFO - [2024-05-23 09:24:40,500] {dagbag.py:508} INFO - Filling up the DagBag from /home/airflow/.local/lib/python3.7/site-packages/airflow/example_dags/tutorial_taskflow_api_etl.py
[2024-05-23 09:24:40,509] {processor.py:651} INFO - DAG(s) dict_keys(['tutorial_taskflow_api_etl']) retrieved from /home/airflow/.local/lib/python3.7/site-packages/airflow/example_dags/tutorial_taskflow_api_etl.py
[2024-05-23 09:24:40,546] {logging_mixin.py:115} INFO - [2024-05-23 09:24:40,546] {dag.py:2420} INFO - Sync 1 DAGs
[2024-05-23 09:24:40,558] {logging_mixin.py:115} INFO - [2024-05-23 09:24:40,558] {dag.py:2972} INFO - Setting next_dagrun for tutorial_taskflow_api_etl to None, run_after=None
[2024-05-23 09:24:40,566] {processor.py:161} INFO - Processing /home/airflow/.local/lib/python3.7/site-packages/airflow/example_dags/tutorial_taskflow_api_etl.py took 0.069 seconds
[2024-05-23 09:25:11,028] {processor.py:153} INFO - Started process (PID=309) to work on /home/airflow/.local/lib/python3.7/site-packages/airflow/example_dags/tutorial_taskflow_api_etl.py
[2024-05-23 09:25:11,029] {processor.py:641} INFO - Processing file /home/airflow/.local/lib/python3.7/site-packages/airflow/example_dags/tutorial_taskflow_api_etl.py for tasks to queue
[2024-05-23 09:25:11,029] {logging_mixin.py:115} INFO - [2024-05-23 09:25:11,029] {dagbag.py:508} INFO - Filling up the DagBag from /home/airflow/.local/lib/python3.7/site-packages/airflow/example_dags/tutorial_taskflow_api_etl.py
[2024-05-23 09:25:11,038] {processor.py:651} INFO - DAG(s) dict_keys(['tutorial_taskflow_api_etl']) retrieved from /home/airflow/.local/lib/python3.7/site-packages/airflow/example_dags/tutorial_taskflow_api_etl.py
[2024-05-23 09:25:11,075] {logging_mixin.py:115} INFO - [2024-05-23 09:25:11,075] {dag.py:2420} INFO - Sync 1 DAGs
[2024-05-23 09:25:11,088] {logging_mixin.py:115} INFO - [2024-05-23 09:25:11,087] {dag.py:2972} INFO - Setting next_dagrun for tutorial_taskflow_api_etl to None, run_after=None
[2024-05-23 09:25:11,095] {processor.py:161} INFO - Processing /home/airflow/.local/lib/python3.7/site-packages/airflow/example_dags/tutorial_taskflow_api_etl.py took 0.069 seconds
[2024-05-23 09:25:41,502] {processor.py:153} INFO - Started process (PID=361) to work on /home/airflow/.local/lib/python3.7/site-packages/airflow/example_dags/tutorial_taskflow_api_etl.py
[2024-05-23 09:25:41,503] {processor.py:641} INFO - Processing file /home/airflow/.local/lib/python3.7/site-packages/airflow/example_dags/tutorial_taskflow_api_etl.py for tasks to queue
[2024-05-23 09:25:41,503] {logging_mixin.py:115} INFO - [2024-05-23 09:25:41,503] {dagbag.py:508} INFO - Filling up the DagBag from /home/airflow/.local/lib/python3.7/site-packages/airflow/example_dags/tutorial_taskflow_api_etl.py
[2024-05-23 09:25:41,512] {processor.py:651} INFO - DAG(s) dict_keys(['tutorial_taskflow_api_etl']) retrieved from /home/airflow/.local/lib/python3.7/site-packages/airflow/example_dags/tutorial_taskflow_api_etl.py
[2024-05-23 09:25:41,548] {logging_mixin.py:115} INFO - [2024-05-23 09:25:41,548] {dag.py:2420} INFO - Sync 1 DAGs
[2024-05-23 09:25:41,559] {logging_mixin.py:115} INFO - [2024-05-23 09:25:41,559] {dag.py:2972} INFO - Setting next_dagrun for tutorial_taskflow_api_etl to None, run_after=None
[2024-05-23 09:25:41,566] {processor.py:161} INFO - Processing /home/airflow/.local/lib/python3.7/site-packages/airflow/example_dags/tutorial_taskflow_api_etl.py took 0.066 seconds
[2024-05-23 09:26:11,974] {processor.py:153} INFO - Started process (PID=422) to work on /home/airflow/.local/lib/python3.7/site-packages/airflow/example_dags/tutorial_taskflow_api_etl.py
[2024-05-23 09:26:11,974] {processor.py:641} INFO - Processing file /home/airflow/.local/lib/python3.7/site-packages/airflow/example_dags/tutorial_taskflow_api_etl.py for tasks to queue
[2024-05-23 09:26:11,975] {logging_mixin.py:115} INFO - [2024-05-23 09:26:11,975] {dagbag.py:508} INFO - Filling up the DagBag from /home/airflow/.local/lib/python3.7/site-packages/airflow/example_dags/tutorial_taskflow_api_etl.py
[2024-05-23 09:26:11,984] {processor.py:651} INFO - DAG(s) dict_keys(['tutorial_taskflow_api_etl']) retrieved from /home/airflow/.local/lib/python3.7/site-packages/airflow/example_dags/tutorial_taskflow_api_etl.py
[2024-05-23 09:26:12,020] {logging_mixin.py:115} INFO - [2024-05-23 09:26:12,020] {dag.py:2420} INFO - Sync 1 DAGs
[2024-05-23 09:26:12,032] {logging_mixin.py:115} INFO - [2024-05-23 09:26:12,032] {dag.py:2972} INFO - Setting next_dagrun for tutorial_taskflow_api_etl to None, run_after=None
[2024-05-23 09:26:12,039] {processor.py:161} INFO - Processing /home/airflow/.local/lib/python3.7/site-packages/airflow/example_dags/tutorial_taskflow_api_etl.py took 0.067 seconds
[2024-05-23 09:26:42,415] {processor.py:153} INFO - Started process (PID=483) to work on /home/airflow/.local/lib/python3.7/site-packages/airflow/example_dags/tutorial_taskflow_api_etl.py
[2024-05-23 09:26:42,416] {processor.py:641} INFO - Processing file /home/airflow/.local/lib/python3.7/site-packages/airflow/example_dags/tutorial_taskflow_api_etl.py for tasks to queue
[2024-05-23 09:26:42,416] {logging_mixin.py:115} INFO - [2024-05-23 09:26:42,416] {dagbag.py:508} INFO - Filling up the DagBag from /home/airflow/.local/lib/python3.7/site-packages/airflow/example_dags/tutorial_taskflow_api_etl.py
[2024-05-23 09:26:42,426] {processor.py:651} INFO - DAG(s) dict_keys(['tutorial_taskflow_api_etl']) retrieved from /home/airflow/.local/lib/python3.7/site-packages/airflow/example_dags/tutorial_taskflow_api_etl.py
[2024-05-23 09:26:42,465] {logging_mixin.py:115} INFO - [2024-05-23 09:26:42,465] {dag.py:2420} INFO - Sync 1 DAGs
[2024-05-23 09:26:42,481] {logging_mixin.py:115} INFO - [2024-05-23 09:26:42,481] {dag.py:2972} INFO - Setting next_dagrun for tutorial_taskflow_api_etl to None, run_after=None
[2024-05-23 09:26:42,490] {processor.py:161} INFO - Processing /home/airflow/.local/lib/python3.7/site-packages/airflow/example_dags/tutorial_taskflow_api_etl.py took 0.077 seconds
[2024-05-23 09:27:12,875] {processor.py:153} INFO - Started process (PID=544) to work on /home/airflow/.local/lib/python3.7/site-packages/airflow/example_dags/tutorial_taskflow_api_etl.py
[2024-05-23 09:27:12,876] {processor.py:641} INFO - Processing file /home/airflow/.local/lib/python3.7/site-packages/airflow/example_dags/tutorial_taskflow_api_etl.py for tasks to queue
[2024-05-23 09:27:12,877] {logging_mixin.py:115} INFO - [2024-05-23 09:27:12,877] {dagbag.py:508} INFO - Filling up the DagBag from /home/airflow/.local/lib/python3.7/site-packages/airflow/example_dags/tutorial_taskflow_api_etl.py
[2024-05-23 09:27:12,885] {processor.py:651} INFO - DAG(s) dict_keys(['tutorial_taskflow_api_etl']) retrieved from /home/airflow/.local/lib/python3.7/site-packages/airflow/example_dags/tutorial_taskflow_api_etl.py
[2024-05-23 09:27:12,921] {logging_mixin.py:115} INFO - [2024-05-23 09:27:12,920] {dag.py:2420} INFO - Sync 1 DAGs
[2024-05-23 09:27:12,932] {logging_mixin.py:115} INFO - [2024-05-23 09:27:12,932] {dag.py:2972} INFO - Setting next_dagrun for tutorial_taskflow_api_etl to None, run_after=None
[2024-05-23 09:27:12,940] {processor.py:161} INFO - Processing /home/airflow/.local/lib/python3.7/site-packages/airflow/example_dags/tutorial_taskflow_api_etl.py took 0.066 seconds
[2024-05-23 09:27:43,250] {processor.py:153} INFO - Started process (PID=605) to work on /home/airflow/.local/lib/python3.7/site-packages/airflow/example_dags/tutorial_taskflow_api_etl.py
[2024-05-23 09:27:43,251] {processor.py:641} INFO - Processing file /home/airflow/.local/lib/python3.7/site-packages/airflow/example_dags/tutorial_taskflow_api_etl.py for tasks to queue
[2024-05-23 09:27:43,252] {logging_mixin.py:115} INFO - [2024-05-23 09:27:43,251] {dagbag.py:508} INFO - Filling up the DagBag from /home/airflow/.local/lib/python3.7/site-packages/airflow/example_dags/tutorial_taskflow_api_etl.py
[2024-05-23 09:27:43,261] {processor.py:651} INFO - DAG(s) dict_keys(['tutorial_taskflow_api_etl']) retrieved from /home/airflow/.local/lib/python3.7/site-packages/airflow/example_dags/tutorial_taskflow_api_etl.py
[2024-05-23 09:27:43,301] {logging_mixin.py:115} INFO - [2024-05-23 09:27:43,301] {dag.py:2420} INFO - Sync 1 DAGs
[2024-05-23 09:27:43,314] {logging_mixin.py:115} INFO - [2024-05-23 09:27:43,314] {dag.py:2972} INFO - Setting next_dagrun for tutorial_taskflow_api_etl to None, run_after=None
[2024-05-23 09:27:43,322] {processor.py:161} INFO - Processing /home/airflow/.local/lib/python3.7/site-packages/airflow/example_dags/tutorial_taskflow_api_etl.py took 0.074 seconds
[2024-05-23 09:28:13,700] {processor.py:153} INFO - Started process (PID=667) to work on /home/airflow/.local/lib/python3.7/site-packages/airflow/example_dags/tutorial_taskflow_api_etl.py
[2024-05-23 09:28:13,701] {processor.py:641} INFO - Processing file /home/airflow/.local/lib/python3.7/site-packages/airflow/example_dags/tutorial_taskflow_api_etl.py for tasks to queue
[2024-05-23 09:28:13,702] {logging_mixin.py:115} INFO - [2024-05-23 09:28:13,702] {dagbag.py:508} INFO - Filling up the DagBag from /home/airflow/.local/lib/python3.7/site-packages/airflow/example_dags/tutorial_taskflow_api_etl.py
[2024-05-23 09:28:13,712] {processor.py:651} INFO - DAG(s) dict_keys(['tutorial_taskflow_api_etl']) retrieved from /home/airflow/.local/lib/python3.7/site-packages/airflow/example_dags/tutorial_taskflow_api_etl.py
[2024-05-23 09:28:13,757] {logging_mixin.py:115} INFO - [2024-05-23 09:28:13,757] {dag.py:2420} INFO - Sync 1 DAGs
[2024-05-23 09:28:13,772] {logging_mixin.py:115} INFO - [2024-05-23 09:28:13,772] {dag.py:2972} INFO - Setting next_dagrun for tutorial_taskflow_api_etl to None, run_after=None
[2024-05-23 09:28:13,781] {processor.py:161} INFO - Processing /home/airflow/.local/lib/python3.7/site-packages/airflow/example_dags/tutorial_taskflow_api_etl.py took 0.084 seconds
[2024-05-23 09:28:44,057] {processor.py:153} INFO - Started process (PID=720) to work on /home/airflow/.local/lib/python3.7/site-packages/airflow/example_dags/tutorial_taskflow_api_etl.py
[2024-05-23 09:28:44,058] {processor.py:641} INFO - Processing file /home/airflow/.local/lib/python3.7/site-packages/airflow/example_dags/tutorial_taskflow_api_etl.py for tasks to queue
[2024-05-23 09:28:44,059] {logging_mixin.py:115} INFO - [2024-05-23 09:28:44,059] {dagbag.py:508} INFO - Filling up the DagBag from /home/airflow/.local/lib/python3.7/site-packages/airflow/example_dags/tutorial_taskflow_api_etl.py
[2024-05-23 09:28:44,068] {processor.py:651} INFO - DAG(s) dict_keys(['tutorial_taskflow_api_etl']) retrieved from /home/airflow/.local/lib/python3.7/site-packages/airflow/example_dags/tutorial_taskflow_api_etl.py
[2024-05-23 09:28:44,105] {logging_mixin.py:115} INFO - [2024-05-23 09:28:44,105] {dag.py:2420} INFO - Sync 1 DAGs
[2024-05-23 09:28:44,117] {logging_mixin.py:115} INFO - [2024-05-23 09:28:44,117] {dag.py:2972} INFO - Setting next_dagrun for tutorial_taskflow_api_etl to None, run_after=None
[2024-05-23 09:28:44,125] {processor.py:161} INFO - Processing /home/airflow/.local/lib/python3.7/site-packages/airflow/example_dags/tutorial_taskflow_api_etl.py took 0.070 seconds
[2024-05-23 09:29:14,506] {processor.py:153} INFO - Started process (PID=782) to work on /home/airflow/.local/lib/python3.7/site-packages/airflow/example_dags/tutorial_taskflow_api_etl.py
[2024-05-23 09:29:14,507] {processor.py:641} INFO - Processing file /home/airflow/.local/lib/python3.7/site-packages/airflow/example_dags/tutorial_taskflow_api_etl.py for tasks to queue
[2024-05-23 09:29:14,508] {logging_mixin.py:115} INFO - [2024-05-23 09:29:14,508] {dagbag.py:508} INFO - Filling up the DagBag from /home/airflow/.local/lib/python3.7/site-packages/airflow/example_dags/tutorial_taskflow_api_etl.py
[2024-05-23 09:29:14,516] {processor.py:651} INFO - DAG(s) dict_keys(['tutorial_taskflow_api_etl']) retrieved from /home/airflow/.local/lib/python3.7/site-packages/airflow/example_dags/tutorial_taskflow_api_etl.py
[2024-05-23 09:29:14,556] {logging_mixin.py:115} INFO - [2024-05-23 09:29:14,556] {dag.py:2420} INFO - Sync 1 DAGs
[2024-05-23 09:29:14,568] {logging_mixin.py:115} INFO - [2024-05-23 09:29:14,568] {dag.py:2972} INFO - Setting next_dagrun for tutorial_taskflow_api_etl to None, run_after=None
[2024-05-23 09:29:14,576] {processor.py:161} INFO - Processing /home/airflow/.local/lib/python3.7/site-packages/airflow/example_dags/tutorial_taskflow_api_etl.py took 0.073 seconds
[2024-05-23 09:29:44,917] {processor.py:153} INFO - Started process (PID=844) to work on /home/airflow/.local/lib/python3.7/site-packages/airflow/example_dags/tutorial_taskflow_api_etl.py
[2024-05-23 09:29:44,918] {processor.py:641} INFO - Processing file /home/airflow/.local/lib/python3.7/site-packages/airflow/example_dags/tutorial_taskflow_api_etl.py for tasks to queue
[2024-05-23 09:29:44,919] {logging_mixin.py:115} INFO - [2024-05-23 09:29:44,919] {dagbag.py:508} INFO - Filling up the DagBag from /home/airflow/.local/lib/python3.7/site-packages/airflow/example_dags/tutorial_taskflow_api_etl.py
[2024-05-23 09:29:44,929] {processor.py:651} INFO - DAG(s) dict_keys(['tutorial_taskflow_api_etl']) retrieved from /home/airflow/.local/lib/python3.7/site-packages/airflow/example_dags/tutorial_taskflow_api_etl.py
[2024-05-23 09:29:44,968] {logging_mixin.py:115} INFO - [2024-05-23 09:29:44,968] {dag.py:2420} INFO - Sync 1 DAGs
[2024-05-23 09:29:44,982] {logging_mixin.py:115} INFO - [2024-05-23 09:29:44,981] {dag.py:2972} INFO - Setting next_dagrun for tutorial_taskflow_api_etl to None, run_after=None
[2024-05-23 09:29:44,990] {processor.py:161} INFO - Processing /home/airflow/.local/lib/python3.7/site-packages/airflow/example_dags/tutorial_taskflow_api_etl.py took 0.076 seconds
[2024-05-23 09:30:15,269] {processor.py:153} INFO - Started process (PID=906) to work on /home/airflow/.local/lib/python3.7/site-packages/airflow/example_dags/tutorial_taskflow_api_etl.py
[2024-05-23 09:30:15,270] {processor.py:641} INFO - Processing file /home/airflow/.local/lib/python3.7/site-packages/airflow/example_dags/tutorial_taskflow_api_etl.py for tasks to queue
[2024-05-23 09:30:15,271] {logging_mixin.py:115} INFO - [2024-05-23 09:30:15,271] {dagbag.py:508} INFO - Filling up the DagBag from /home/airflow/.local/lib/python3.7/site-packages/airflow/example_dags/tutorial_taskflow_api_etl.py
[2024-05-23 09:30:15,282] {processor.py:651} INFO - DAG(s) dict_keys(['tutorial_taskflow_api_etl']) retrieved from /home/airflow/.local/lib/python3.7/site-packages/airflow/example_dags/tutorial_taskflow_api_etl.py
[2024-05-23 09:30:15,324] {logging_mixin.py:115} INFO - [2024-05-23 09:30:15,324] {dag.py:2420} INFO - Sync 1 DAGs
[2024-05-23 09:30:15,338] {logging_mixin.py:115} INFO - [2024-05-23 09:30:15,338] {dag.py:2972} INFO - Setting next_dagrun for tutorial_taskflow_api_etl to None, run_after=None
[2024-05-23 09:30:15,349] {processor.py:161} INFO - Processing /home/airflow/.local/lib/python3.7/site-packages/airflow/example_dags/tutorial_taskflow_api_etl.py took 0.082 seconds
[2024-05-23 09:30:45,734] {processor.py:153} INFO - Started process (PID=968) to work on /home/airflow/.local/lib/python3.7/site-packages/airflow/example_dags/tutorial_taskflow_api_etl.py
[2024-05-23 09:30:45,734] {processor.py:641} INFO - Processing file /home/airflow/.local/lib/python3.7/site-packages/airflow/example_dags/tutorial_taskflow_api_etl.py for tasks to queue
[2024-05-23 09:30:45,735] {logging_mixin.py:115} INFO - [2024-05-23 09:30:45,735] {dagbag.py:508} INFO - Filling up the DagBag from /home/airflow/.local/lib/python3.7/site-packages/airflow/example_dags/tutorial_taskflow_api_etl.py
[2024-05-23 09:30:45,745] {processor.py:651} INFO - DAG(s) dict_keys(['tutorial_taskflow_api_etl']) retrieved from /home/airflow/.local/lib/python3.7/site-packages/airflow/example_dags/tutorial_taskflow_api_etl.py
[2024-05-23 09:30:45,784] {logging_mixin.py:115} INFO - [2024-05-23 09:30:45,784] {dag.py:2420} INFO - Sync 1 DAGs
[2024-05-23 09:30:45,796] {logging_mixin.py:115} INFO - [2024-05-23 09:30:45,796] {dag.py:2972} INFO - Setting next_dagrun for tutorial_taskflow_api_etl to None, run_after=None
[2024-05-23 09:30:45,804] {processor.py:161} INFO - Processing /home/airflow/.local/lib/python3.7/site-packages/airflow/example_dags/tutorial_taskflow_api_etl.py took 0.072 seconds
[2024-05-23 09:31:16,110] {processor.py:153} INFO - Started process (PID=1020) to work on /home/airflow/.local/lib/python3.7/site-packages/airflow/example_dags/tutorial_taskflow_api_etl.py
[2024-05-23 09:31:16,111] {processor.py:641} INFO - Processing file /home/airflow/.local/lib/python3.7/site-packages/airflow/example_dags/tutorial_taskflow_api_etl.py for tasks to queue
[2024-05-23 09:31:16,112] {logging_mixin.py:115} INFO - [2024-05-23 09:31:16,112] {dagbag.py:508} INFO - Filling up the DagBag from /home/airflow/.local/lib/python3.7/site-packages/airflow/example_dags/tutorial_taskflow_api_etl.py
[2024-05-23 09:31:16,121] {processor.py:651} INFO - DAG(s) dict_keys(['tutorial_taskflow_api_etl']) retrieved from /home/airflow/.local/lib/python3.7/site-packages/airflow/example_dags/tutorial_taskflow_api_etl.py
[2024-05-23 09:31:16,160] {logging_mixin.py:115} INFO - [2024-05-23 09:31:16,160] {dag.py:2420} INFO - Sync 1 DAGs
[2024-05-23 09:31:16,172] {logging_mixin.py:115} INFO - [2024-05-23 09:31:16,172] {dag.py:2972} INFO - Setting next_dagrun for tutorial_taskflow_api_etl to None, run_after=None
[2024-05-23 09:31:16,180] {processor.py:161} INFO - Processing /home/airflow/.local/lib/python3.7/site-packages/airflow/example_dags/tutorial_taskflow_api_etl.py took 0.072 seconds
[2024-05-23 09:31:46,726] {processor.py:153} INFO - Started process (PID=1083) to work on /home/airflow/.local/lib/python3.7/site-packages/airflow/example_dags/tutorial_taskflow_api_etl.py
[2024-05-23 09:31:46,727] {processor.py:641} INFO - Processing file /home/airflow/.local/lib/python3.7/site-packages/airflow/example_dags/tutorial_taskflow_api_etl.py for tasks to queue
[2024-05-23 09:31:46,728] {logging_mixin.py:115} INFO - [2024-05-23 09:31:46,728] {dagbag.py:508} INFO - Filling up the DagBag from /home/airflow/.local/lib/python3.7/site-packages/airflow/example_dags/tutorial_taskflow_api_etl.py
[2024-05-23 09:31:46,737] {processor.py:651} INFO - DAG(s) dict_keys(['tutorial_taskflow_api_etl']) retrieved from /home/airflow/.local/lib/python3.7/site-packages/airflow/example_dags/tutorial_taskflow_api_etl.py
[2024-05-23 09:31:46,779] {logging_mixin.py:115} INFO - [2024-05-23 09:31:46,779] {dag.py:2420} INFO - Sync 1 DAGs
[2024-05-23 09:31:46,795] {logging_mixin.py:115} INFO - [2024-05-23 09:31:46,795] {dag.py:2972} INFO - Setting next_dagrun for tutorial_taskflow_api_etl to None, run_after=None
[2024-05-23 09:31:46,810] {processor.py:161} INFO - Processing /home/airflow/.local/lib/python3.7/site-packages/airflow/example_dags/tutorial_taskflow_api_etl.py took 0.086 seconds
[2024-05-23 09:32:17,067] {processor.py:153} INFO - Started process (PID=1145) to work on /home/airflow/.local/lib/python3.7/site-packages/airflow/example_dags/tutorial_taskflow_api_etl.py
[2024-05-23 09:32:17,068] {processor.py:641} INFO - Processing file /home/airflow/.local/lib/python3.7/site-packages/airflow/example_dags/tutorial_taskflow_api_etl.py for tasks to queue
[2024-05-23 09:32:17,068] {logging_mixin.py:115} INFO - [2024-05-23 09:32:17,068] {dagbag.py:508} INFO - Filling up the DagBag from /home/airflow/.local/lib/python3.7/site-packages/airflow/example_dags/tutorial_taskflow_api_etl.py
[2024-05-23 09:32:17,079] {processor.py:651} INFO - DAG(s) dict_keys(['tutorial_taskflow_api_etl']) retrieved from /home/airflow/.local/lib/python3.7/site-packages/airflow/example_dags/tutorial_taskflow_api_etl.py
[2024-05-23 09:32:17,121] {logging_mixin.py:115} INFO - [2024-05-23 09:32:17,121] {dag.py:2420} INFO - Sync 1 DAGs
[2024-05-23 09:32:17,133] {logging_mixin.py:115} INFO - [2024-05-23 09:32:17,133] {dag.py:2972} INFO - Setting next_dagrun for tutorial_taskflow_api_etl to None, run_after=None
[2024-05-23 09:32:17,140] {processor.py:161} INFO - Processing /home/airflow/.local/lib/python3.7/site-packages/airflow/example_dags/tutorial_taskflow_api_etl.py took 0.076 seconds
[2024-05-23 09:32:47,535] {processor.py:153} INFO - Started process (PID=1207) to work on /home/airflow/.local/lib/python3.7/site-packages/airflow/example_dags/tutorial_taskflow_api_etl.py
[2024-05-23 09:32:47,536] {processor.py:641} INFO - Processing file /home/airflow/.local/lib/python3.7/site-packages/airflow/example_dags/tutorial_taskflow_api_etl.py for tasks to queue
[2024-05-23 09:32:47,537] {logging_mixin.py:115} INFO - [2024-05-23 09:32:47,537] {dagbag.py:508} INFO - Filling up the DagBag from /home/airflow/.local/lib/python3.7/site-packages/airflow/example_dags/tutorial_taskflow_api_etl.py
[2024-05-23 09:32:47,547] {processor.py:651} INFO - DAG(s) dict_keys(['tutorial_taskflow_api_etl']) retrieved from /home/airflow/.local/lib/python3.7/site-packages/airflow/example_dags/tutorial_taskflow_api_etl.py
[2024-05-23 09:32:47,583] {logging_mixin.py:115} INFO - [2024-05-23 09:32:47,583] {dag.py:2420} INFO - Sync 1 DAGs
[2024-05-23 09:32:47,596] {logging_mixin.py:115} INFO - [2024-05-23 09:32:47,596] {dag.py:2972} INFO - Setting next_dagrun for tutorial_taskflow_api_etl to None, run_after=None
[2024-05-23 09:32:47,605] {processor.py:161} INFO - Processing /home/airflow/.local/lib/python3.7/site-packages/airflow/example_dags/tutorial_taskflow_api_etl.py took 0.072 seconds
[2024-05-23 09:33:18,123] {processor.py:153} INFO - Started process (PID=1269) to work on /home/airflow/.local/lib/python3.7/site-packages/airflow/example_dags/tutorial_taskflow_api_etl.py
[2024-05-23 09:33:18,124] {processor.py:641} INFO - Processing file /home/airflow/.local/lib/python3.7/site-packages/airflow/example_dags/tutorial_taskflow_api_etl.py for tasks to queue
[2024-05-23 09:33:18,124] {logging_mixin.py:115} INFO - [2024-05-23 09:33:18,124] {dagbag.py:508} INFO - Filling up the DagBag from /home/airflow/.local/lib/python3.7/site-packages/airflow/example_dags/tutorial_taskflow_api_etl.py
[2024-05-23 09:33:18,133] {processor.py:651} INFO - DAG(s) dict_keys(['tutorial_taskflow_api_etl']) retrieved from /home/airflow/.local/lib/python3.7/site-packages/airflow/example_dags/tutorial_taskflow_api_etl.py
[2024-05-23 09:33:18,174] {logging_mixin.py:115} INFO - [2024-05-23 09:33:18,174] {dag.py:2420} INFO - Sync 1 DAGs
[2024-05-23 09:33:18,186] {logging_mixin.py:115} INFO - [2024-05-23 09:33:18,186] {dag.py:2972} INFO - Setting next_dagrun for tutorial_taskflow_api_etl to None, run_after=None
[2024-05-23 09:33:18,193] {processor.py:161} INFO - Processing /home/airflow/.local/lib/python3.7/site-packages/airflow/example_dags/tutorial_taskflow_api_etl.py took 0.072 seconds
[2024-05-23 09:33:48,601] {processor.py:153} INFO - Started process (PID=1331) to work on /home/airflow/.local/lib/python3.7/site-packages/airflow/example_dags/tutorial_taskflow_api_etl.py
[2024-05-23 09:33:48,602] {processor.py:641} INFO - Processing file /home/airflow/.local/lib/python3.7/site-packages/airflow/example_dags/tutorial_taskflow_api_etl.py for tasks to queue
[2024-05-23 09:33:48,602] {logging_mixin.py:115} INFO - [2024-05-23 09:33:48,602] {dagbag.py:508} INFO - Filling up the DagBag from /home/airflow/.local/lib/python3.7/site-packages/airflow/example_dags/tutorial_taskflow_api_etl.py
[2024-05-23 09:33:48,611] {processor.py:651} INFO - DAG(s) dict_keys(['tutorial_taskflow_api_etl']) retrieved from /home/airflow/.local/lib/python3.7/site-packages/airflow/example_dags/tutorial_taskflow_api_etl.py
[2024-05-23 09:33:48,655] {logging_mixin.py:115} INFO - [2024-05-23 09:33:48,655] {dag.py:2420} INFO - Sync 1 DAGs
[2024-05-23 09:33:48,668] {logging_mixin.py:115} INFO - [2024-05-23 09:33:48,668] {dag.py:2972} INFO - Setting next_dagrun for tutorial_taskflow_api_etl to None, run_after=None
[2024-05-23 09:33:48,676] {processor.py:161} INFO - Processing /home/airflow/.local/lib/python3.7/site-packages/airflow/example_dags/tutorial_taskflow_api_etl.py took 0.078 seconds
[2024-05-23 09:34:19,055] {processor.py:153} INFO - Started process (PID=1389) to work on /home/airflow/.local/lib/python3.7/site-packages/airflow/example_dags/tutorial_taskflow_api_etl.py
[2024-05-23 09:34:19,056] {processor.py:641} INFO - Processing file /home/airflow/.local/lib/python3.7/site-packages/airflow/example_dags/tutorial_taskflow_api_etl.py for tasks to queue
[2024-05-23 09:34:19,056] {logging_mixin.py:115} INFO - [2024-05-23 09:34:19,056] {dagbag.py:508} INFO - Filling up the DagBag from /home/airflow/.local/lib/python3.7/site-packages/airflow/example_dags/tutorial_taskflow_api_etl.py
[2024-05-23 09:34:19,065] {processor.py:651} INFO - DAG(s) dict_keys(['tutorial_taskflow_api_etl']) retrieved from /home/airflow/.local/lib/python3.7/site-packages/airflow/example_dags/tutorial_taskflow_api_etl.py
[2024-05-23 09:34:19,102] {logging_mixin.py:115} INFO - [2024-05-23 09:34:19,102] {dag.py:2420} INFO - Sync 1 DAGs
[2024-05-23 09:34:19,113] {logging_mixin.py:115} INFO - [2024-05-23 09:34:19,113] {dag.py:2972} INFO - Setting next_dagrun for tutorial_taskflow_api_etl to None, run_after=None
[2024-05-23 09:34:19,120] {processor.py:161} INFO - Processing /home/airflow/.local/lib/python3.7/site-packages/airflow/example_dags/tutorial_taskflow_api_etl.py took 0.068 seconds
[2024-05-23 09:34:49,468] {processor.py:153} INFO - Started process (PID=1451) to work on /home/airflow/.local/lib/python3.7/site-packages/airflow/example_dags/tutorial_taskflow_api_etl.py
[2024-05-23 09:34:49,469] {processor.py:641} INFO - Processing file /home/airflow/.local/lib/python3.7/site-packages/airflow/example_dags/tutorial_taskflow_api_etl.py for tasks to queue
[2024-05-23 09:34:49,470] {logging_mixin.py:115} INFO - [2024-05-23 09:34:49,470] {dagbag.py:508} INFO - Filling up the DagBag from /home/airflow/.local/lib/python3.7/site-packages/airflow/example_dags/tutorial_taskflow_api_etl.py
[2024-05-23 09:34:49,478] {processor.py:651} INFO - DAG(s) dict_keys(['tutorial_taskflow_api_etl']) retrieved from /home/airflow/.local/lib/python3.7/site-packages/airflow/example_dags/tutorial_taskflow_api_etl.py
[2024-05-23 09:34:49,515] {logging_mixin.py:115} INFO - [2024-05-23 09:34:49,515] {dag.py:2420} INFO - Sync 1 DAGs
[2024-05-23 09:34:49,527] {logging_mixin.py:115} INFO - [2024-05-23 09:34:49,527] {dag.py:2972} INFO - Setting next_dagrun for tutorial_taskflow_api_etl to None, run_after=None
[2024-05-23 09:34:49,535] {processor.py:161} INFO - Processing /home/airflow/.local/lib/python3.7/site-packages/airflow/example_dags/tutorial_taskflow_api_etl.py took 0.070 seconds
[2024-05-23 09:35:19,945] {processor.py:153} INFO - Started process (PID=1513) to work on /home/airflow/.local/lib/python3.7/site-packages/airflow/example_dags/tutorial_taskflow_api_etl.py
[2024-05-23 09:35:19,946] {processor.py:641} INFO - Processing file /home/airflow/.local/lib/python3.7/site-packages/airflow/example_dags/tutorial_taskflow_api_etl.py for tasks to queue
[2024-05-23 09:35:19,946] {logging_mixin.py:115} INFO - [2024-05-23 09:35:19,946] {dagbag.py:508} INFO - Filling up the DagBag from /home/airflow/.local/lib/python3.7/site-packages/airflow/example_dags/tutorial_taskflow_api_etl.py
[2024-05-23 09:35:19,954] {processor.py:651} INFO - DAG(s) dict_keys(['tutorial_taskflow_api_etl']) retrieved from /home/airflow/.local/lib/python3.7/site-packages/airflow/example_dags/tutorial_taskflow_api_etl.py
[2024-05-23 09:35:19,990] {logging_mixin.py:115} INFO - [2024-05-23 09:35:19,989] {dag.py:2420} INFO - Sync 1 DAGs
[2024-05-23 09:35:20,000] {logging_mixin.py:115} INFO - [2024-05-23 09:35:20,000] {dag.py:2972} INFO - Setting next_dagrun for tutorial_taskflow_api_etl to None, run_after=None
[2024-05-23 09:35:20,009] {processor.py:161} INFO - Processing /home/airflow/.local/lib/python3.7/site-packages/airflow/example_dags/tutorial_taskflow_api_etl.py took 0.066 seconds
[2024-05-23 09:35:50,346] {processor.py:153} INFO - Started process (PID=1575) to work on /home/airflow/.local/lib/python3.7/site-packages/airflow/example_dags/tutorial_taskflow_api_etl.py
[2024-05-23 09:35:50,347] {processor.py:641} INFO - Processing file /home/airflow/.local/lib/python3.7/site-packages/airflow/example_dags/tutorial_taskflow_api_etl.py for tasks to queue
[2024-05-23 09:35:50,348] {logging_mixin.py:115} INFO - [2024-05-23 09:35:50,348] {dagbag.py:508} INFO - Filling up the DagBag from /home/airflow/.local/lib/python3.7/site-packages/airflow/example_dags/tutorial_taskflow_api_etl.py
[2024-05-23 09:35:50,357] {processor.py:651} INFO - DAG(s) dict_keys(['tutorial_taskflow_api_etl']) retrieved from /home/airflow/.local/lib/python3.7/site-packages/airflow/example_dags/tutorial_taskflow_api_etl.py
[2024-05-23 09:35:50,375] {logging_mixin.py:115} INFO - [2024-05-23 09:35:50,375] {dag.py:2420} INFO - Sync 1 DAGs
[2024-05-23 09:35:50,388] {logging_mixin.py:115} INFO - [2024-05-23 09:35:50,388] {dag.py:2972} INFO - Setting next_dagrun for tutorial_taskflow_api_etl to None, run_after=None
[2024-05-23 09:35:50,395] {processor.py:161} INFO - Processing /home/airflow/.local/lib/python3.7/site-packages/airflow/example_dags/tutorial_taskflow_api_etl.py took 0.050 seconds
[2024-05-23 09:36:20,860] {processor.py:153} INFO - Started process (PID=1637) to work on /home/airflow/.local/lib/python3.7/site-packages/airflow/example_dags/tutorial_taskflow_api_etl.py
[2024-05-23 09:36:20,861] {processor.py:641} INFO - Processing file /home/airflow/.local/lib/python3.7/site-packages/airflow/example_dags/tutorial_taskflow_api_etl.py for tasks to queue
[2024-05-23 09:36:20,861] {logging_mixin.py:115} INFO - [2024-05-23 09:36:20,861] {dagbag.py:508} INFO - Filling up the DagBag from /home/airflow/.local/lib/python3.7/site-packages/airflow/example_dags/tutorial_taskflow_api_etl.py
[2024-05-23 09:36:20,870] {processor.py:651} INFO - DAG(s) dict_keys(['tutorial_taskflow_api_etl']) retrieved from /home/airflow/.local/lib/python3.7/site-packages/airflow/example_dags/tutorial_taskflow_api_etl.py
[2024-05-23 09:36:20,907] {logging_mixin.py:115} INFO - [2024-05-23 09:36:20,907] {dag.py:2420} INFO - Sync 1 DAGs
[2024-05-23 09:36:20,918] {logging_mixin.py:115} INFO - [2024-05-23 09:36:20,918] {dag.py:2972} INFO - Setting next_dagrun for tutorial_taskflow_api_etl to None, run_after=None
[2024-05-23 09:36:20,926] {processor.py:161} INFO - Processing /home/airflow/.local/lib/python3.7/site-packages/airflow/example_dags/tutorial_taskflow_api_etl.py took 0.069 seconds
[2024-05-23 09:36:51,281] {processor.py:153} INFO - Started process (PID=1690) to work on /home/airflow/.local/lib/python3.7/site-packages/airflow/example_dags/tutorial_taskflow_api_etl.py
[2024-05-23 09:36:51,281] {processor.py:641} INFO - Processing file /home/airflow/.local/lib/python3.7/site-packages/airflow/example_dags/tutorial_taskflow_api_etl.py for tasks to queue
[2024-05-23 09:36:51,282] {logging_mixin.py:115} INFO - [2024-05-23 09:36:51,282] {dagbag.py:508} INFO - Filling up the DagBag from /home/airflow/.local/lib/python3.7/site-packages/airflow/example_dags/tutorial_taskflow_api_etl.py
[2024-05-23 09:36:51,290] {processor.py:651} INFO - DAG(s) dict_keys(['tutorial_taskflow_api_etl']) retrieved from /home/airflow/.local/lib/python3.7/site-packages/airflow/example_dags/tutorial_taskflow_api_etl.py
[2024-05-23 09:36:51,328] {logging_mixin.py:115} INFO - [2024-05-23 09:36:51,328] {dag.py:2420} INFO - Sync 1 DAGs
[2024-05-23 09:36:51,341] {logging_mixin.py:115} INFO - [2024-05-23 09:36:51,341] {dag.py:2972} INFO - Setting next_dagrun for tutorial_taskflow_api_etl to None, run_after=None
[2024-05-23 09:36:51,350] {processor.py:161} INFO - Processing /home/airflow/.local/lib/python3.7/site-packages/airflow/example_dags/tutorial_taskflow_api_etl.py took 0.071 seconds
[2024-05-23 09:37:21,803] {processor.py:153} INFO - Started process (PID=1752) to work on /home/airflow/.local/lib/python3.7/site-packages/airflow/example_dags/tutorial_taskflow_api_etl.py
[2024-05-23 09:37:21,804] {processor.py:641} INFO - Processing file /home/airflow/.local/lib/python3.7/site-packages/airflow/example_dags/tutorial_taskflow_api_etl.py for tasks to queue
[2024-05-23 09:37:21,804] {logging_mixin.py:115} INFO - [2024-05-23 09:37:21,804] {dagbag.py:508} INFO - Filling up the DagBag from /home/airflow/.local/lib/python3.7/site-packages/airflow/example_dags/tutorial_taskflow_api_etl.py
[2024-05-23 09:37:21,813] {processor.py:651} INFO - DAG(s) dict_keys(['tutorial_taskflow_api_etl']) retrieved from /home/airflow/.local/lib/python3.7/site-packages/airflow/example_dags/tutorial_taskflow_api_etl.py
[2024-05-23 09:37:21,852] {logging_mixin.py:115} INFO - [2024-05-23 09:37:21,852] {dag.py:2420} INFO - Sync 1 DAGs
[2024-05-23 09:37:21,865] {logging_mixin.py:115} INFO - [2024-05-23 09:37:21,865] {dag.py:2972} INFO - Setting next_dagrun for tutorial_taskflow_api_etl to None, run_after=None
[2024-05-23 09:37:21,874] {processor.py:161} INFO - Processing /home/airflow/.local/lib/python3.7/site-packages/airflow/example_dags/tutorial_taskflow_api_etl.py took 0.073 seconds
[2024-05-23 09:37:52,318] {processor.py:153} INFO - Started process (PID=1814) to work on /home/airflow/.local/lib/python3.7/site-packages/airflow/example_dags/tutorial_taskflow_api_etl.py
[2024-05-23 09:37:52,319] {processor.py:641} INFO - Processing file /home/airflow/.local/lib/python3.7/site-packages/airflow/example_dags/tutorial_taskflow_api_etl.py for tasks to queue
[2024-05-23 09:37:52,320] {logging_mixin.py:115} INFO - [2024-05-23 09:37:52,320] {dagbag.py:508} INFO - Filling up the DagBag from /home/airflow/.local/lib/python3.7/site-packages/airflow/example_dags/tutorial_taskflow_api_etl.py
[2024-05-23 09:37:52,329] {processor.py:651} INFO - DAG(s) dict_keys(['tutorial_taskflow_api_etl']) retrieved from /home/airflow/.local/lib/python3.7/site-packages/airflow/example_dags/tutorial_taskflow_api_etl.py
[2024-05-23 09:37:52,367] {logging_mixin.py:115} INFO - [2024-05-23 09:37:52,367] {dag.py:2420} INFO - Sync 1 DAGs
[2024-05-23 09:37:52,381] {logging_mixin.py:115} INFO - [2024-05-23 09:37:52,381] {dag.py:2972} INFO - Setting next_dagrun for tutorial_taskflow_api_etl to None, run_after=None
[2024-05-23 09:37:52,390] {processor.py:161} INFO - Processing /home/airflow/.local/lib/python3.7/site-packages/airflow/example_dags/tutorial_taskflow_api_etl.py took 0.074 seconds
[2024-05-23 09:38:22,857] {processor.py:153} INFO - Started process (PID=1876) to work on /home/airflow/.local/lib/python3.7/site-packages/airflow/example_dags/tutorial_taskflow_api_etl.py
[2024-05-23 09:38:22,858] {processor.py:641} INFO - Processing file /home/airflow/.local/lib/python3.7/site-packages/airflow/example_dags/tutorial_taskflow_api_etl.py for tasks to queue
[2024-05-23 09:38:22,859] {logging_mixin.py:115} INFO - [2024-05-23 09:38:22,858] {dagbag.py:508} INFO - Filling up the DagBag from /home/airflow/.local/lib/python3.7/site-packages/airflow/example_dags/tutorial_taskflow_api_etl.py
[2024-05-23 09:38:22,867] {processor.py:651} INFO - DAG(s) dict_keys(['tutorial_taskflow_api_etl']) retrieved from /home/airflow/.local/lib/python3.7/site-packages/airflow/example_dags/tutorial_taskflow_api_etl.py
[2024-05-23 09:38:22,903] {logging_mixin.py:115} INFO - [2024-05-23 09:38:22,903] {dag.py:2420} INFO - Sync 1 DAGs
[2024-05-23 09:38:22,914] {logging_mixin.py:115} INFO - [2024-05-23 09:38:22,914] {dag.py:2972} INFO - Setting next_dagrun for tutorial_taskflow_api_etl to None, run_after=None
[2024-05-23 09:38:22,922] {processor.py:161} INFO - Processing /home/airflow/.local/lib/python3.7/site-packages/airflow/example_dags/tutorial_taskflow_api_etl.py took 0.066 seconds
[2024-05-23 09:38:53,249] {processor.py:153} INFO - Started process (PID=1938) to work on /home/airflow/.local/lib/python3.7/site-packages/airflow/example_dags/tutorial_taskflow_api_etl.py
[2024-05-23 09:38:53,250] {processor.py:641} INFO - Processing file /home/airflow/.local/lib/python3.7/site-packages/airflow/example_dags/tutorial_taskflow_api_etl.py for tasks to queue
[2024-05-23 09:38:53,251] {logging_mixin.py:115} INFO - [2024-05-23 09:38:53,251] {dagbag.py:508} INFO - Filling up the DagBag from /home/airflow/.local/lib/python3.7/site-packages/airflow/example_dags/tutorial_taskflow_api_etl.py
[2024-05-23 09:38:53,260] {processor.py:651} INFO - DAG(s) dict_keys(['tutorial_taskflow_api_etl']) retrieved from /home/airflow/.local/lib/python3.7/site-packages/airflow/example_dags/tutorial_taskflow_api_etl.py
[2024-05-23 09:38:53,298] {logging_mixin.py:115} INFO - [2024-05-23 09:38:53,298] {dag.py:2420} INFO - Sync 1 DAGs
[2024-05-23 09:38:53,309] {logging_mixin.py:115} INFO - [2024-05-23 09:38:53,309] {dag.py:2972} INFO - Setting next_dagrun for tutorial_taskflow_api_etl to None, run_after=None
[2024-05-23 09:38:53,316] {processor.py:161} INFO - Processing /home/airflow/.local/lib/python3.7/site-packages/airflow/example_dags/tutorial_taskflow_api_etl.py took 0.069 seconds
[2024-05-23 09:39:23,661] {processor.py:153} INFO - Started process (PID=2000) to work on /home/airflow/.local/lib/python3.7/site-packages/airflow/example_dags/tutorial_taskflow_api_etl.py
[2024-05-23 09:39:23,662] {processor.py:641} INFO - Processing file /home/airflow/.local/lib/python3.7/site-packages/airflow/example_dags/tutorial_taskflow_api_etl.py for tasks to queue
[2024-05-23 09:39:23,663] {logging_mixin.py:115} INFO - [2024-05-23 09:39:23,663] {dagbag.py:508} INFO - Filling up the DagBag from /home/airflow/.local/lib/python3.7/site-packages/airflow/example_dags/tutorial_taskflow_api_etl.py
[2024-05-23 09:39:23,677] {processor.py:651} INFO - DAG(s) dict_keys(['tutorial_taskflow_api_etl']) retrieved from /home/airflow/.local/lib/python3.7/site-packages/airflow/example_dags/tutorial_taskflow_api_etl.py
[2024-05-23 09:39:23,721] {logging_mixin.py:115} INFO - [2024-05-23 09:39:23,721] {dag.py:2420} INFO - Sync 1 DAGs
[2024-05-23 09:39:23,733] {logging_mixin.py:115} INFO - [2024-05-23 09:39:23,733] {dag.py:2972} INFO - Setting next_dagrun for tutorial_taskflow_api_etl to None, run_after=None
[2024-05-23 09:39:23,741] {processor.py:161} INFO - Processing /home/airflow/.local/lib/python3.7/site-packages/airflow/example_dags/tutorial_taskflow_api_etl.py took 0.082 seconds
[2024-05-23 09:39:54,073] {processor.py:153} INFO - Started process (PID=2053) to work on /home/airflow/.local/lib/python3.7/site-packages/airflow/example_dags/tutorial_taskflow_api_etl.py
[2024-05-23 09:39:54,074] {processor.py:641} INFO - Processing file /home/airflow/.local/lib/python3.7/site-packages/airflow/example_dags/tutorial_taskflow_api_etl.py for tasks to queue
[2024-05-23 09:39:54,075] {logging_mixin.py:115} INFO - [2024-05-23 09:39:54,074] {dagbag.py:508} INFO - Filling up the DagBag from /home/airflow/.local/lib/python3.7/site-packages/airflow/example_dags/tutorial_taskflow_api_etl.py
[2024-05-23 09:39:54,084] {processor.py:651} INFO - DAG(s) dict_keys(['tutorial_taskflow_api_etl']) retrieved from /home/airflow/.local/lib/python3.7/site-packages/airflow/example_dags/tutorial_taskflow_api_etl.py
[2024-05-23 09:39:54,123] {logging_mixin.py:115} INFO - [2024-05-23 09:39:54,123] {dag.py:2420} INFO - Sync 1 DAGs
[2024-05-23 09:39:54,136] {logging_mixin.py:115} INFO - [2024-05-23 09:39:54,136] {dag.py:2972} INFO - Setting next_dagrun for tutorial_taskflow_api_etl to None, run_after=None
[2024-05-23 09:39:54,143] {processor.py:161} INFO - Processing /home/airflow/.local/lib/python3.7/site-packages/airflow/example_dags/tutorial_taskflow_api_etl.py took 0.072 seconds
[2024-05-23 09:40:24,513] {processor.py:153} INFO - Started process (PID=2115) to work on /home/airflow/.local/lib/python3.7/site-packages/airflow/example_dags/tutorial_taskflow_api_etl.py
[2024-05-23 09:40:24,514] {processor.py:641} INFO - Processing file /home/airflow/.local/lib/python3.7/site-packages/airflow/example_dags/tutorial_taskflow_api_etl.py for tasks to queue
[2024-05-23 09:40:24,515] {logging_mixin.py:115} INFO - [2024-05-23 09:40:24,515] {dagbag.py:508} INFO - Filling up the DagBag from /home/airflow/.local/lib/python3.7/site-packages/airflow/example_dags/tutorial_taskflow_api_etl.py
[2024-05-23 09:40:24,524] {processor.py:651} INFO - DAG(s) dict_keys(['tutorial_taskflow_api_etl']) retrieved from /home/airflow/.local/lib/python3.7/site-packages/airflow/example_dags/tutorial_taskflow_api_etl.py
[2024-05-23 09:40:24,541] {logging_mixin.py:115} INFO - [2024-05-23 09:40:24,541] {dag.py:2420} INFO - Sync 1 DAGs
[2024-05-23 09:40:24,553] {logging_mixin.py:115} INFO - [2024-05-23 09:40:24,553] {dag.py:2972} INFO - Setting next_dagrun for tutorial_taskflow_api_etl to None, run_after=None
[2024-05-23 09:40:24,559] {processor.py:161} INFO - Processing /home/airflow/.local/lib/python3.7/site-packages/airflow/example_dags/tutorial_taskflow_api_etl.py took 0.048 seconds
[2024-05-23 09:40:55,033] {processor.py:153} INFO - Started process (PID=2177) to work on /home/airflow/.local/lib/python3.7/site-packages/airflow/example_dags/tutorial_taskflow_api_etl.py
[2024-05-23 09:40:55,034] {processor.py:641} INFO - Processing file /home/airflow/.local/lib/python3.7/site-packages/airflow/example_dags/tutorial_taskflow_api_etl.py for tasks to queue
[2024-05-23 09:40:55,035] {logging_mixin.py:115} INFO - [2024-05-23 09:40:55,035] {dagbag.py:508} INFO - Filling up the DagBag from /home/airflow/.local/lib/python3.7/site-packages/airflow/example_dags/tutorial_taskflow_api_etl.py
[2024-05-23 09:40:55,043] {processor.py:651} INFO - DAG(s) dict_keys(['tutorial_taskflow_api_etl']) retrieved from /home/airflow/.local/lib/python3.7/site-packages/airflow/example_dags/tutorial_taskflow_api_etl.py
[2024-05-23 09:40:55,080] {logging_mixin.py:115} INFO - [2024-05-23 09:40:55,080] {dag.py:2420} INFO - Sync 1 DAGs
[2024-05-23 09:40:55,092] {logging_mixin.py:115} INFO - [2024-05-23 09:40:55,092] {dag.py:2972} INFO - Setting next_dagrun for tutorial_taskflow_api_etl to None, run_after=None
[2024-05-23 09:40:55,099] {processor.py:161} INFO - Processing /home/airflow/.local/lib/python3.7/site-packages/airflow/example_dags/tutorial_taskflow_api_etl.py took 0.069 seconds
[2024-05-23 09:41:25,539] {processor.py:153} INFO - Started process (PID=2239) to work on /home/airflow/.local/lib/python3.7/site-packages/airflow/example_dags/tutorial_taskflow_api_etl.py
[2024-05-23 09:41:25,540] {processor.py:641} INFO - Processing file /home/airflow/.local/lib/python3.7/site-packages/airflow/example_dags/tutorial_taskflow_api_etl.py for tasks to queue
[2024-05-23 09:41:25,541] {logging_mixin.py:115} INFO - [2024-05-23 09:41:25,541] {dagbag.py:508} INFO - Filling up the DagBag from /home/airflow/.local/lib/python3.7/site-packages/airflow/example_dags/tutorial_taskflow_api_etl.py
[2024-05-23 09:41:25,551] {processor.py:651} INFO - DAG(s) dict_keys(['tutorial_taskflow_api_etl']) retrieved from /home/airflow/.local/lib/python3.7/site-packages/airflow/example_dags/tutorial_taskflow_api_etl.py
[2024-05-23 09:41:25,589] {logging_mixin.py:115} INFO - [2024-05-23 09:41:25,589] {dag.py:2420} INFO - Sync 1 DAGs
[2024-05-23 09:41:25,600] {logging_mixin.py:115} INFO - [2024-05-23 09:41:25,600] {dag.py:2972} INFO - Setting next_dagrun for tutorial_taskflow_api_etl to None, run_after=None
[2024-05-23 09:41:25,608] {processor.py:161} INFO - Processing /home/airflow/.local/lib/python3.7/site-packages/airflow/example_dags/tutorial_taskflow_api_etl.py took 0.071 seconds
[2024-05-23 09:41:56,280] {processor.py:153} INFO - Started process (PID=2301) to work on /home/airflow/.local/lib/python3.7/site-packages/airflow/example_dags/tutorial_taskflow_api_etl.py
[2024-05-23 09:41:56,281] {processor.py:641} INFO - Processing file /home/airflow/.local/lib/python3.7/site-packages/airflow/example_dags/tutorial_taskflow_api_etl.py for tasks to queue
[2024-05-23 09:41:56,281] {logging_mixin.py:115} INFO - [2024-05-23 09:41:56,281] {dagbag.py:508} INFO - Filling up the DagBag from /home/airflow/.local/lib/python3.7/site-packages/airflow/example_dags/tutorial_taskflow_api_etl.py
[2024-05-23 09:41:56,291] {processor.py:651} INFO - DAG(s) dict_keys(['tutorial_taskflow_api_etl']) retrieved from /home/airflow/.local/lib/python3.7/site-packages/airflow/example_dags/tutorial_taskflow_api_etl.py
[2024-05-23 09:41:56,328] {logging_mixin.py:115} INFO - [2024-05-23 09:41:56,328] {dag.py:2420} INFO - Sync 1 DAGs
[2024-05-23 09:41:56,339] {logging_mixin.py:115} INFO - [2024-05-23 09:41:56,339] {dag.py:2972} INFO - Setting next_dagrun for tutorial_taskflow_api_etl to None, run_after=None
[2024-05-23 09:41:56,347] {processor.py:161} INFO - Processing /home/airflow/.local/lib/python3.7/site-packages/airflow/example_dags/tutorial_taskflow_api_etl.py took 0.069 seconds
[2024-05-23 09:42:26,688] {processor.py:153} INFO - Started process (PID=2363) to work on /home/airflow/.local/lib/python3.7/site-packages/airflow/example_dags/tutorial_taskflow_api_etl.py
[2024-05-23 09:42:26,689] {processor.py:641} INFO - Processing file /home/airflow/.local/lib/python3.7/site-packages/airflow/example_dags/tutorial_taskflow_api_etl.py for tasks to queue
[2024-05-23 09:42:26,690] {logging_mixin.py:115} INFO - [2024-05-23 09:42:26,690] {dagbag.py:508} INFO - Filling up the DagBag from /home/airflow/.local/lib/python3.7/site-packages/airflow/example_dags/tutorial_taskflow_api_etl.py
[2024-05-23 09:42:26,699] {processor.py:651} INFO - DAG(s) dict_keys(['tutorial_taskflow_api_etl']) retrieved from /home/airflow/.local/lib/python3.7/site-packages/airflow/example_dags/tutorial_taskflow_api_etl.py
[2024-05-23 09:42:26,742] {logging_mixin.py:115} INFO - [2024-05-23 09:42:26,742] {dag.py:2420} INFO - Sync 1 DAGs
[2024-05-23 09:42:26,755] {logging_mixin.py:115} INFO - [2024-05-23 09:42:26,755] {dag.py:2972} INFO - Setting next_dagrun for tutorial_taskflow_api_etl to None, run_after=None
[2024-05-23 09:42:26,765] {processor.py:161} INFO - Processing /home/airflow/.local/lib/python3.7/site-packages/airflow/example_dags/tutorial_taskflow_api_etl.py took 0.078 seconds
[2024-05-23 09:42:57,154] {processor.py:153} INFO - Started process (PID=2416) to work on /home/airflow/.local/lib/python3.7/site-packages/airflow/example_dags/tutorial_taskflow_api_etl.py
[2024-05-23 09:42:57,155] {processor.py:641} INFO - Processing file /home/airflow/.local/lib/python3.7/site-packages/airflow/example_dags/tutorial_taskflow_api_etl.py for tasks to queue
[2024-05-23 09:42:57,156] {logging_mixin.py:115} INFO - [2024-05-23 09:42:57,156] {dagbag.py:508} INFO - Filling up the DagBag from /home/airflow/.local/lib/python3.7/site-packages/airflow/example_dags/tutorial_taskflow_api_etl.py
[2024-05-23 09:42:57,165] {processor.py:651} INFO - DAG(s) dict_keys(['tutorial_taskflow_api_etl']) retrieved from /home/airflow/.local/lib/python3.7/site-packages/airflow/example_dags/tutorial_taskflow_api_etl.py
[2024-05-23 09:42:57,202] {logging_mixin.py:115} INFO - [2024-05-23 09:42:57,202] {dag.py:2420} INFO - Sync 1 DAGs
[2024-05-23 09:42:57,213] {logging_mixin.py:115} INFO - [2024-05-23 09:42:57,213] {dag.py:2972} INFO - Setting next_dagrun for tutorial_taskflow_api_etl to None, run_after=None
[2024-05-23 09:42:57,221] {processor.py:161} INFO - Processing /home/airflow/.local/lib/python3.7/site-packages/airflow/example_dags/tutorial_taskflow_api_etl.py took 0.069 seconds
[2024-05-23 09:43:27,636] {processor.py:153} INFO - Started process (PID=2479) to work on /home/airflow/.local/lib/python3.7/site-packages/airflow/example_dags/tutorial_taskflow_api_etl.py
[2024-05-23 09:43:27,637] {processor.py:641} INFO - Processing file /home/airflow/.local/lib/python3.7/site-packages/airflow/example_dags/tutorial_taskflow_api_etl.py for tasks to queue
[2024-05-23 09:43:27,637] {logging_mixin.py:115} INFO - [2024-05-23 09:43:27,637] {dagbag.py:508} INFO - Filling up the DagBag from /home/airflow/.local/lib/python3.7/site-packages/airflow/example_dags/tutorial_taskflow_api_etl.py
[2024-05-23 09:43:27,646] {processor.py:651} INFO - DAG(s) dict_keys(['tutorial_taskflow_api_etl']) retrieved from /home/airflow/.local/lib/python3.7/site-packages/airflow/example_dags/tutorial_taskflow_api_etl.py
[2024-05-23 09:43:27,681] {logging_mixin.py:115} INFO - [2024-05-23 09:43:27,681] {dag.py:2420} INFO - Sync 1 DAGs
[2024-05-23 09:43:27,693] {logging_mixin.py:115} INFO - [2024-05-23 09:43:27,693] {dag.py:2972} INFO - Setting next_dagrun for tutorial_taskflow_api_etl to None, run_after=None
[2024-05-23 09:43:27,700] {processor.py:161} INFO - Processing /home/airflow/.local/lib/python3.7/site-packages/airflow/example_dags/tutorial_taskflow_api_etl.py took 0.067 seconds
[2024-05-23 09:43:58,125] {processor.py:153} INFO - Started process (PID=2541) to work on /home/airflow/.local/lib/python3.7/site-packages/airflow/example_dags/tutorial_taskflow_api_etl.py
[2024-05-23 09:43:58,126] {processor.py:641} INFO - Processing file /home/airflow/.local/lib/python3.7/site-packages/airflow/example_dags/tutorial_taskflow_api_etl.py for tasks to queue
[2024-05-23 09:43:58,126] {logging_mixin.py:115} INFO - [2024-05-23 09:43:58,126] {dagbag.py:508} INFO - Filling up the DagBag from /home/airflow/.local/lib/python3.7/site-packages/airflow/example_dags/tutorial_taskflow_api_etl.py
[2024-05-23 09:43:58,135] {processor.py:651} INFO - DAG(s) dict_keys(['tutorial_taskflow_api_etl']) retrieved from /home/airflow/.local/lib/python3.7/site-packages/airflow/example_dags/tutorial_taskflow_api_etl.py
[2024-05-23 09:43:58,178] {logging_mixin.py:115} INFO - [2024-05-23 09:43:58,178] {dag.py:2420} INFO - Sync 1 DAGs
[2024-05-23 09:43:58,190] {logging_mixin.py:115} INFO - [2024-05-23 09:43:58,190] {dag.py:2972} INFO - Setting next_dagrun for tutorial_taskflow_api_etl to None, run_after=None
[2024-05-23 09:43:58,197] {processor.py:161} INFO - Processing /home/airflow/.local/lib/python3.7/site-packages/airflow/example_dags/tutorial_taskflow_api_etl.py took 0.074 seconds
[2024-05-23 09:44:28,540] {processor.py:153} INFO - Started process (PID=2603) to work on /home/airflow/.local/lib/python3.7/site-packages/airflow/example_dags/tutorial_taskflow_api_etl.py
[2024-05-23 09:44:28,541] {processor.py:641} INFO - Processing file /home/airflow/.local/lib/python3.7/site-packages/airflow/example_dags/tutorial_taskflow_api_etl.py for tasks to queue
[2024-05-23 09:44:28,542] {logging_mixin.py:115} INFO - [2024-05-23 09:44:28,542] {dagbag.py:508} INFO - Filling up the DagBag from /home/airflow/.local/lib/python3.7/site-packages/airflow/example_dags/tutorial_taskflow_api_etl.py
[2024-05-23 09:44:28,551] {processor.py:651} INFO - DAG(s) dict_keys(['tutorial_taskflow_api_etl']) retrieved from /home/airflow/.local/lib/python3.7/site-packages/airflow/example_dags/tutorial_taskflow_api_etl.py
[2024-05-23 09:44:28,588] {logging_mixin.py:115} INFO - [2024-05-23 09:44:28,588] {dag.py:2420} INFO - Sync 1 DAGs
[2024-05-23 09:44:28,598] {logging_mixin.py:115} INFO - [2024-05-23 09:44:28,598] {dag.py:2972} INFO - Setting next_dagrun for tutorial_taskflow_api_etl to None, run_after=None
[2024-05-23 09:44:28,605] {processor.py:161} INFO - Processing /home/airflow/.local/lib/python3.7/site-packages/airflow/example_dags/tutorial_taskflow_api_etl.py took 0.066 seconds
[2024-05-23 09:44:59,114] {processor.py:153} INFO - Started process (PID=2665) to work on /home/airflow/.local/lib/python3.7/site-packages/airflow/example_dags/tutorial_taskflow_api_etl.py
[2024-05-23 09:44:59,114] {processor.py:641} INFO - Processing file /home/airflow/.local/lib/python3.7/site-packages/airflow/example_dags/tutorial_taskflow_api_etl.py for tasks to queue
[2024-05-23 09:44:59,115] {logging_mixin.py:115} INFO - [2024-05-23 09:44:59,115] {dagbag.py:508} INFO - Filling up the DagBag from /home/airflow/.local/lib/python3.7/site-packages/airflow/example_dags/tutorial_taskflow_api_etl.py
[2024-05-23 09:44:59,123] {processor.py:651} INFO - DAG(s) dict_keys(['tutorial_taskflow_api_etl']) retrieved from /home/airflow/.local/lib/python3.7/site-packages/airflow/example_dags/tutorial_taskflow_api_etl.py
[2024-05-23 09:44:59,165] {logging_mixin.py:115} INFO - [2024-05-23 09:44:59,165] {dag.py:2420} INFO - Sync 1 DAGs
[2024-05-23 09:44:59,178] {logging_mixin.py:115} INFO - [2024-05-23 09:44:59,178] {dag.py:2972} INFO - Setting next_dagrun for tutorial_taskflow_api_etl to None, run_after=None
[2024-05-23 09:44:59,188] {processor.py:161} INFO - Processing /home/airflow/.local/lib/python3.7/site-packages/airflow/example_dags/tutorial_taskflow_api_etl.py took 0.076 seconds
[2024-05-23 09:45:29,625] {processor.py:153} INFO - Started process (PID=2718) to work on /home/airflow/.local/lib/python3.7/site-packages/airflow/example_dags/tutorial_taskflow_api_etl.py
[2024-05-23 09:45:29,626] {processor.py:641} INFO - Processing file /home/airflow/.local/lib/python3.7/site-packages/airflow/example_dags/tutorial_taskflow_api_etl.py for tasks to queue
[2024-05-23 09:45:29,627] {logging_mixin.py:115} INFO - [2024-05-23 09:45:29,626] {dagbag.py:508} INFO - Filling up the DagBag from /home/airflow/.local/lib/python3.7/site-packages/airflow/example_dags/tutorial_taskflow_api_etl.py
[2024-05-23 09:45:29,635] {processor.py:651} INFO - DAG(s) dict_keys(['tutorial_taskflow_api_etl']) retrieved from /home/airflow/.local/lib/python3.7/site-packages/airflow/example_dags/tutorial_taskflow_api_etl.py
[2024-05-23 09:45:29,674] {logging_mixin.py:115} INFO - [2024-05-23 09:45:29,674] {dag.py:2420} INFO - Sync 1 DAGs
[2024-05-23 09:45:29,686] {logging_mixin.py:115} INFO - [2024-05-23 09:45:29,685] {dag.py:2972} INFO - Setting next_dagrun for tutorial_taskflow_api_etl to None, run_after=None
[2024-05-23 09:45:29,692] {processor.py:161} INFO - Processing /home/airflow/.local/lib/python3.7/site-packages/airflow/example_dags/tutorial_taskflow_api_etl.py took 0.069 seconds
[2024-05-23 09:46:00,114] {processor.py:153} INFO - Started process (PID=2780) to work on /home/airflow/.local/lib/python3.7/site-packages/airflow/example_dags/tutorial_taskflow_api_etl.py
[2024-05-23 09:46:00,115] {processor.py:641} INFO - Processing file /home/airflow/.local/lib/python3.7/site-packages/airflow/example_dags/tutorial_taskflow_api_etl.py for tasks to queue
[2024-05-23 09:46:00,115] {logging_mixin.py:115} INFO - [2024-05-23 09:46:00,115] {dagbag.py:508} INFO - Filling up the DagBag from /home/airflow/.local/lib/python3.7/site-packages/airflow/example_dags/tutorial_taskflow_api_etl.py
[2024-05-23 09:46:00,124] {processor.py:651} INFO - DAG(s) dict_keys(['tutorial_taskflow_api_etl']) retrieved from /home/airflow/.local/lib/python3.7/site-packages/airflow/example_dags/tutorial_taskflow_api_etl.py
[2024-05-23 09:46:00,142] {logging_mixin.py:115} INFO - [2024-05-23 09:46:00,142] {dag.py:2420} INFO - Sync 1 DAGs
[2024-05-23 09:46:00,155] {logging_mixin.py:115} INFO - [2024-05-23 09:46:00,155] {dag.py:2972} INFO - Setting next_dagrun for tutorial_taskflow_api_etl to None, run_after=None
[2024-05-23 09:46:00,162] {processor.py:161} INFO - Processing /home/airflow/.local/lib/python3.7/site-packages/airflow/example_dags/tutorial_taskflow_api_etl.py took 0.050 seconds
[2024-05-23 09:46:30,508] {processor.py:153} INFO - Started process (PID=2842) to work on /home/airflow/.local/lib/python3.7/site-packages/airflow/example_dags/tutorial_taskflow_api_etl.py
[2024-05-23 09:46:30,509] {processor.py:641} INFO - Processing file /home/airflow/.local/lib/python3.7/site-packages/airflow/example_dags/tutorial_taskflow_api_etl.py for tasks to queue
[2024-05-23 09:46:30,510] {logging_mixin.py:115} INFO - [2024-05-23 09:46:30,510] {dagbag.py:508} INFO - Filling up the DagBag from /home/airflow/.local/lib/python3.7/site-packages/airflow/example_dags/tutorial_taskflow_api_etl.py
[2024-05-23 09:46:30,519] {processor.py:651} INFO - DAG(s) dict_keys(['tutorial_taskflow_api_etl']) retrieved from /home/airflow/.local/lib/python3.7/site-packages/airflow/example_dags/tutorial_taskflow_api_etl.py
[2024-05-23 09:46:30,559] {logging_mixin.py:115} INFO - [2024-05-23 09:46:30,559] {dag.py:2420} INFO - Sync 1 DAGs
[2024-05-23 09:46:30,570] {logging_mixin.py:115} INFO - [2024-05-23 09:46:30,570] {dag.py:2972} INFO - Setting next_dagrun for tutorial_taskflow_api_etl to None, run_after=None
[2024-05-23 09:46:30,578] {processor.py:161} INFO - Processing /home/airflow/.local/lib/python3.7/site-packages/airflow/example_dags/tutorial_taskflow_api_etl.py took 0.073 seconds
[2024-05-23 09:47:01,164] {processor.py:153} INFO - Started process (PID=2904) to work on /home/airflow/.local/lib/python3.7/site-packages/airflow/example_dags/tutorial_taskflow_api_etl.py
[2024-05-23 09:47:01,165] {processor.py:641} INFO - Processing file /home/airflow/.local/lib/python3.7/site-packages/airflow/example_dags/tutorial_taskflow_api_etl.py for tasks to queue
[2024-05-23 09:47:01,166] {logging_mixin.py:115} INFO - [2024-05-23 09:47:01,166] {dagbag.py:508} INFO - Filling up the DagBag from /home/airflow/.local/lib/python3.7/site-packages/airflow/example_dags/tutorial_taskflow_api_etl.py
[2024-05-23 09:47:01,176] {processor.py:651} INFO - DAG(s) dict_keys(['tutorial_taskflow_api_etl']) retrieved from /home/airflow/.local/lib/python3.7/site-packages/airflow/example_dags/tutorial_taskflow_api_etl.py
[2024-05-23 09:47:01,193] {logging_mixin.py:115} INFO - [2024-05-23 09:47:01,193] {dag.py:2420} INFO - Sync 1 DAGs
[2024-05-23 09:47:01,206] {logging_mixin.py:115} INFO - [2024-05-23 09:47:01,206] {dag.py:2972} INFO - Setting next_dagrun for tutorial_taskflow_api_etl to None, run_after=None
[2024-05-23 09:47:01,213] {processor.py:161} INFO - Processing /home/airflow/.local/lib/python3.7/site-packages/airflow/example_dags/tutorial_taskflow_api_etl.py took 0.051 seconds
[2024-05-23 09:47:31,635] {processor.py:153} INFO - Started process (PID=2966) to work on /home/airflow/.local/lib/python3.7/site-packages/airflow/example_dags/tutorial_taskflow_api_etl.py
[2024-05-23 09:47:31,636] {processor.py:641} INFO - Processing file /home/airflow/.local/lib/python3.7/site-packages/airflow/example_dags/tutorial_taskflow_api_etl.py for tasks to queue
[2024-05-23 09:47:31,637] {logging_mixin.py:115} INFO - [2024-05-23 09:47:31,637] {dagbag.py:508} INFO - Filling up the DagBag from /home/airflow/.local/lib/python3.7/site-packages/airflow/example_dags/tutorial_taskflow_api_etl.py
[2024-05-23 09:47:31,647] {processor.py:651} INFO - DAG(s) dict_keys(['tutorial_taskflow_api_etl']) retrieved from /home/airflow/.local/lib/python3.7/site-packages/airflow/example_dags/tutorial_taskflow_api_etl.py
[2024-05-23 09:47:31,687] {logging_mixin.py:115} INFO - [2024-05-23 09:47:31,687] {dag.py:2420} INFO - Sync 1 DAGs
[2024-05-23 09:47:31,699] {logging_mixin.py:115} INFO - [2024-05-23 09:47:31,699] {dag.py:2972} INFO - Setting next_dagrun for tutorial_taskflow_api_etl to None, run_after=None
[2024-05-23 09:47:31,707] {processor.py:161} INFO - Processing /home/airflow/.local/lib/python3.7/site-packages/airflow/example_dags/tutorial_taskflow_api_etl.py took 0.074 seconds
[2024-05-23 09:48:02,040] {processor.py:153} INFO - Started process (PID=3028) to work on /home/airflow/.local/lib/python3.7/site-packages/airflow/example_dags/tutorial_taskflow_api_etl.py
[2024-05-23 09:48:02,041] {processor.py:641} INFO - Processing file /home/airflow/.local/lib/python3.7/site-packages/airflow/example_dags/tutorial_taskflow_api_etl.py for tasks to queue
[2024-05-23 09:48:02,041] {logging_mixin.py:115} INFO - [2024-05-23 09:48:02,041] {dagbag.py:508} INFO - Filling up the DagBag from /home/airflow/.local/lib/python3.7/site-packages/airflow/example_dags/tutorial_taskflow_api_etl.py
[2024-05-23 09:48:02,050] {processor.py:651} INFO - DAG(s) dict_keys(['tutorial_taskflow_api_etl']) retrieved from /home/airflow/.local/lib/python3.7/site-packages/airflow/example_dags/tutorial_taskflow_api_etl.py
[2024-05-23 09:48:02,068] {logging_mixin.py:115} INFO - [2024-05-23 09:48:02,067] {dag.py:2420} INFO - Sync 1 DAGs
[2024-05-23 09:48:02,079] {logging_mixin.py:115} INFO - [2024-05-23 09:48:02,079] {dag.py:2972} INFO - Setting next_dagrun for tutorial_taskflow_api_etl to None, run_after=None
[2024-05-23 09:48:02,086] {processor.py:161} INFO - Processing /home/airflow/.local/lib/python3.7/site-packages/airflow/example_dags/tutorial_taskflow_api_etl.py took 0.048 seconds
[2024-05-23 09:48:32,518] {processor.py:153} INFO - Started process (PID=3081) to work on /home/airflow/.local/lib/python3.7/site-packages/airflow/example_dags/tutorial_taskflow_api_etl.py
[2024-05-23 09:48:32,520] {processor.py:641} INFO - Processing file /home/airflow/.local/lib/python3.7/site-packages/airflow/example_dags/tutorial_taskflow_api_etl.py for tasks to queue
[2024-05-23 09:48:32,521] {logging_mixin.py:115} INFO - [2024-05-23 09:48:32,520] {dagbag.py:508} INFO - Filling up the DagBag from /home/airflow/.local/lib/python3.7/site-packages/airflow/example_dags/tutorial_taskflow_api_etl.py
[2024-05-23 09:48:32,531] {processor.py:651} INFO - DAG(s) dict_keys(['tutorial_taskflow_api_etl']) retrieved from /home/airflow/.local/lib/python3.7/site-packages/airflow/example_dags/tutorial_taskflow_api_etl.py
[2024-05-23 09:48:32,577] {logging_mixin.py:115} INFO - [2024-05-23 09:48:32,577] {dag.py:2420} INFO - Sync 1 DAGs
[2024-05-23 09:48:32,590] {logging_mixin.py:115} INFO - [2024-05-23 09:48:32,590] {dag.py:2972} INFO - Setting next_dagrun for tutorial_taskflow_api_etl to None, run_after=None
[2024-05-23 09:48:32,597] {processor.py:161} INFO - Processing /home/airflow/.local/lib/python3.7/site-packages/airflow/example_dags/tutorial_taskflow_api_etl.py took 0.081 seconds
[2024-05-23 09:49:03,075] {processor.py:153} INFO - Started process (PID=3143) to work on /home/airflow/.local/lib/python3.7/site-packages/airflow/example_dags/tutorial_taskflow_api_etl.py
[2024-05-23 09:49:03,076] {processor.py:641} INFO - Processing file /home/airflow/.local/lib/python3.7/site-packages/airflow/example_dags/tutorial_taskflow_api_etl.py for tasks to queue
[2024-05-23 09:49:03,076] {logging_mixin.py:115} INFO - [2024-05-23 09:49:03,076] {dagbag.py:508} INFO - Filling up the DagBag from /home/airflow/.local/lib/python3.7/site-packages/airflow/example_dags/tutorial_taskflow_api_etl.py
[2024-05-23 09:49:03,086] {processor.py:651} INFO - DAG(s) dict_keys(['tutorial_taskflow_api_etl']) retrieved from /home/airflow/.local/lib/python3.7/site-packages/airflow/example_dags/tutorial_taskflow_api_etl.py
[2024-05-23 09:49:03,123] {logging_mixin.py:115} INFO - [2024-05-23 09:49:03,123] {dag.py:2420} INFO - Sync 1 DAGs
[2024-05-23 09:49:03,134] {logging_mixin.py:115} INFO - [2024-05-23 09:49:03,134] {dag.py:2972} INFO - Setting next_dagrun for tutorial_taskflow_api_etl to None, run_after=None
[2024-05-23 09:49:03,143] {processor.py:161} INFO - Processing /home/airflow/.local/lib/python3.7/site-packages/airflow/example_dags/tutorial_taskflow_api_etl.py took 0.070 seconds
[2024-05-23 09:49:33,607] {processor.py:153} INFO - Started process (PID=3205) to work on /home/airflow/.local/lib/python3.7/site-packages/airflow/example_dags/tutorial_taskflow_api_etl.py
[2024-05-23 09:49:33,608] {processor.py:641} INFO - Processing file /home/airflow/.local/lib/python3.7/site-packages/airflow/example_dags/tutorial_taskflow_api_etl.py for tasks to queue
[2024-05-23 09:49:33,608] {logging_mixin.py:115} INFO - [2024-05-23 09:49:33,608] {dagbag.py:508} INFO - Filling up the DagBag from /home/airflow/.local/lib/python3.7/site-packages/airflow/example_dags/tutorial_taskflow_api_etl.py
[2024-05-23 09:49:33,617] {processor.py:651} INFO - DAG(s) dict_keys(['tutorial_taskflow_api_etl']) retrieved from /home/airflow/.local/lib/python3.7/site-packages/airflow/example_dags/tutorial_taskflow_api_etl.py
[2024-05-23 09:49:33,652] {logging_mixin.py:115} INFO - [2024-05-23 09:49:33,652] {dag.py:2420} INFO - Sync 1 DAGs
[2024-05-23 09:49:33,663] {logging_mixin.py:115} INFO - [2024-05-23 09:49:33,663] {dag.py:2972} INFO - Setting next_dagrun for tutorial_taskflow_api_etl to None, run_after=None
[2024-05-23 09:49:33,670] {processor.py:161} INFO - Processing /home/airflow/.local/lib/python3.7/site-packages/airflow/example_dags/tutorial_taskflow_api_etl.py took 0.066 seconds
[2024-05-23 09:50:04,046] {processor.py:153} INFO - Started process (PID=3267) to work on /home/airflow/.local/lib/python3.7/site-packages/airflow/example_dags/tutorial_taskflow_api_etl.py
[2024-05-23 09:50:04,048] {processor.py:641} INFO - Processing file /home/airflow/.local/lib/python3.7/site-packages/airflow/example_dags/tutorial_taskflow_api_etl.py for tasks to queue
[2024-05-23 09:50:04,048] {logging_mixin.py:115} INFO - [2024-05-23 09:50:04,048] {dagbag.py:508} INFO - Filling up the DagBag from /home/airflow/.local/lib/python3.7/site-packages/airflow/example_dags/tutorial_taskflow_api_etl.py
[2024-05-23 09:50:04,059] {processor.py:651} INFO - DAG(s) dict_keys(['tutorial_taskflow_api_etl']) retrieved from /home/airflow/.local/lib/python3.7/site-packages/airflow/example_dags/tutorial_taskflow_api_etl.py
[2024-05-23 09:50:04,100] {logging_mixin.py:115} INFO - [2024-05-23 09:50:04,100] {dag.py:2420} INFO - Sync 1 DAGs
[2024-05-23 09:50:04,112] {logging_mixin.py:115} INFO - [2024-05-23 09:50:04,112] {dag.py:2972} INFO - Setting next_dagrun for tutorial_taskflow_api_etl to None, run_after=None
[2024-05-23 09:50:04,120] {processor.py:161} INFO - Processing /home/airflow/.local/lib/python3.7/site-packages/airflow/example_dags/tutorial_taskflow_api_etl.py took 0.077 seconds
[2024-05-23 09:50:34,546] {processor.py:153} INFO - Started process (PID=3329) to work on /home/airflow/.local/lib/python3.7/site-packages/airflow/example_dags/tutorial_taskflow_api_etl.py
[2024-05-23 09:50:34,547] {processor.py:641} INFO - Processing file /home/airflow/.local/lib/python3.7/site-packages/airflow/example_dags/tutorial_taskflow_api_etl.py for tasks to queue
[2024-05-23 09:50:34,548] {logging_mixin.py:115} INFO - [2024-05-23 09:50:34,547] {dagbag.py:508} INFO - Filling up the DagBag from /home/airflow/.local/lib/python3.7/site-packages/airflow/example_dags/tutorial_taskflow_api_etl.py
[2024-05-23 09:50:34,557] {processor.py:651} INFO - DAG(s) dict_keys(['tutorial_taskflow_api_etl']) retrieved from /home/airflow/.local/lib/python3.7/site-packages/airflow/example_dags/tutorial_taskflow_api_etl.py
[2024-05-23 09:50:34,592] {logging_mixin.py:115} INFO - [2024-05-23 09:50:34,592] {dag.py:2420} INFO - Sync 1 DAGs
[2024-05-23 09:50:34,603] {logging_mixin.py:115} INFO - [2024-05-23 09:50:34,603] {dag.py:2972} INFO - Setting next_dagrun for tutorial_taskflow_api_etl to None, run_after=None
[2024-05-23 09:50:34,611] {processor.py:161} INFO - Processing /home/airflow/.local/lib/python3.7/site-packages/airflow/example_dags/tutorial_taskflow_api_etl.py took 0.068 seconds
[2024-05-23 09:51:05,084] {processor.py:153} INFO - Started process (PID=3391) to work on /home/airflow/.local/lib/python3.7/site-packages/airflow/example_dags/tutorial_taskflow_api_etl.py
[2024-05-23 09:51:05,085] {processor.py:641} INFO - Processing file /home/airflow/.local/lib/python3.7/site-packages/airflow/example_dags/tutorial_taskflow_api_etl.py for tasks to queue
[2024-05-23 09:51:05,088] {logging_mixin.py:115} INFO - [2024-05-23 09:51:05,088] {dagbag.py:508} INFO - Filling up the DagBag from /home/airflow/.local/lib/python3.7/site-packages/airflow/example_dags/tutorial_taskflow_api_etl.py
[2024-05-23 09:51:05,098] {processor.py:651} INFO - DAG(s) dict_keys(['tutorial_taskflow_api_etl']) retrieved from /home/airflow/.local/lib/python3.7/site-packages/airflow/example_dags/tutorial_taskflow_api_etl.py
[2024-05-23 09:51:05,116] {logging_mixin.py:115} INFO - [2024-05-23 09:51:05,116] {dag.py:2420} INFO - Sync 1 DAGs
[2024-05-23 09:51:05,129] {logging_mixin.py:115} INFO - [2024-05-23 09:51:05,129] {dag.py:2972} INFO - Setting next_dagrun for tutorial_taskflow_api_etl to None, run_after=None
[2024-05-23 09:51:05,137] {processor.py:161} INFO - Processing /home/airflow/.local/lib/python3.7/site-packages/airflow/example_dags/tutorial_taskflow_api_etl.py took 0.055 seconds
[2024-05-23 09:51:35,472] {processor.py:153} INFO - Started process (PID=3444) to work on /home/airflow/.local/lib/python3.7/site-packages/airflow/example_dags/tutorial_taskflow_api_etl.py
[2024-05-23 09:51:35,473] {processor.py:641} INFO - Processing file /home/airflow/.local/lib/python3.7/site-packages/airflow/example_dags/tutorial_taskflow_api_etl.py for tasks to queue
[2024-05-23 09:51:35,474] {logging_mixin.py:115} INFO - [2024-05-23 09:51:35,474] {dagbag.py:508} INFO - Filling up the DagBag from /home/airflow/.local/lib/python3.7/site-packages/airflow/example_dags/tutorial_taskflow_api_etl.py
[2024-05-23 09:51:35,482] {processor.py:651} INFO - DAG(s) dict_keys(['tutorial_taskflow_api_etl']) retrieved from /home/airflow/.local/lib/python3.7/site-packages/airflow/example_dags/tutorial_taskflow_api_etl.py
[2024-05-23 09:51:35,518] {logging_mixin.py:115} INFO - [2024-05-23 09:51:35,518] {dag.py:2420} INFO - Sync 1 DAGs
[2024-05-23 09:51:35,529] {logging_mixin.py:115} INFO - [2024-05-23 09:51:35,529] {dag.py:2972} INFO - Setting next_dagrun for tutorial_taskflow_api_etl to None, run_after=None
[2024-05-23 09:51:35,537] {processor.py:161} INFO - Processing /home/airflow/.local/lib/python3.7/site-packages/airflow/example_dags/tutorial_taskflow_api_etl.py took 0.067 seconds
[2024-05-23 09:52:06,008] {processor.py:153} INFO - Started process (PID=3506) to work on /home/airflow/.local/lib/python3.7/site-packages/airflow/example_dags/tutorial_taskflow_api_etl.py
[2024-05-23 09:52:06,009] {processor.py:641} INFO - Processing file /home/airflow/.local/lib/python3.7/site-packages/airflow/example_dags/tutorial_taskflow_api_etl.py for tasks to queue
[2024-05-23 09:52:06,010] {logging_mixin.py:115} INFO - [2024-05-23 09:52:06,009] {dagbag.py:508} INFO - Filling up the DagBag from /home/airflow/.local/lib/python3.7/site-packages/airflow/example_dags/tutorial_taskflow_api_etl.py
[2024-05-23 09:52:06,018] {processor.py:651} INFO - DAG(s) dict_keys(['tutorial_taskflow_api_etl']) retrieved from /home/airflow/.local/lib/python3.7/site-packages/airflow/example_dags/tutorial_taskflow_api_etl.py
[2024-05-23 09:52:06,054] {logging_mixin.py:115} INFO - [2024-05-23 09:52:06,054] {dag.py:2420} INFO - Sync 1 DAGs
[2024-05-23 09:52:06,066] {logging_mixin.py:115} INFO - [2024-05-23 09:52:06,066] {dag.py:2972} INFO - Setting next_dagrun for tutorial_taskflow_api_etl to None, run_after=None
[2024-05-23 09:52:06,074] {processor.py:161} INFO - Processing /home/airflow/.local/lib/python3.7/site-packages/airflow/example_dags/tutorial_taskflow_api_etl.py took 0.069 seconds
[2024-05-23 09:52:36,402] {processor.py:153} INFO - Started process (PID=3568) to work on /home/airflow/.local/lib/python3.7/site-packages/airflow/example_dags/tutorial_taskflow_api_etl.py
[2024-05-23 09:52:36,402] {processor.py:641} INFO - Processing file /home/airflow/.local/lib/python3.7/site-packages/airflow/example_dags/tutorial_taskflow_api_etl.py for tasks to queue
[2024-05-23 09:52:36,403] {logging_mixin.py:115} INFO - [2024-05-23 09:52:36,403] {dagbag.py:508} INFO - Filling up the DagBag from /home/airflow/.local/lib/python3.7/site-packages/airflow/example_dags/tutorial_taskflow_api_etl.py
[2024-05-23 09:52:36,412] {processor.py:651} INFO - DAG(s) dict_keys(['tutorial_taskflow_api_etl']) retrieved from /home/airflow/.local/lib/python3.7/site-packages/airflow/example_dags/tutorial_taskflow_api_etl.py
[2024-05-23 09:52:36,449] {logging_mixin.py:115} INFO - [2024-05-23 09:52:36,449] {dag.py:2420} INFO - Sync 1 DAGs
[2024-05-23 09:52:36,461] {logging_mixin.py:115} INFO - [2024-05-23 09:52:36,461] {dag.py:2972} INFO - Setting next_dagrun for tutorial_taskflow_api_etl to None, run_after=None
[2024-05-23 09:52:36,470] {processor.py:161} INFO - Processing /home/airflow/.local/lib/python3.7/site-packages/airflow/example_dags/tutorial_taskflow_api_etl.py took 0.070 seconds
[2024-05-23 09:53:06,914] {processor.py:153} INFO - Started process (PID=3630) to work on /home/airflow/.local/lib/python3.7/site-packages/airflow/example_dags/tutorial_taskflow_api_etl.py
[2024-05-23 09:53:06,915] {processor.py:641} INFO - Processing file /home/airflow/.local/lib/python3.7/site-packages/airflow/example_dags/tutorial_taskflow_api_etl.py for tasks to queue
[2024-05-23 09:53:06,915] {logging_mixin.py:115} INFO - [2024-05-23 09:53:06,915] {dagbag.py:508} INFO - Filling up the DagBag from /home/airflow/.local/lib/python3.7/site-packages/airflow/example_dags/tutorial_taskflow_api_etl.py
[2024-05-23 09:53:06,924] {processor.py:651} INFO - DAG(s) dict_keys(['tutorial_taskflow_api_etl']) retrieved from /home/airflow/.local/lib/python3.7/site-packages/airflow/example_dags/tutorial_taskflow_api_etl.py
[2024-05-23 09:53:06,941] {logging_mixin.py:115} INFO - [2024-05-23 09:53:06,941] {dag.py:2420} INFO - Sync 1 DAGs
[2024-05-23 09:53:06,953] {logging_mixin.py:115} INFO - [2024-05-23 09:53:06,952] {dag.py:2972} INFO - Setting next_dagrun for tutorial_taskflow_api_etl to None, run_after=None
[2024-05-23 09:53:06,959] {processor.py:161} INFO - Processing /home/airflow/.local/lib/python3.7/site-packages/airflow/example_dags/tutorial_taskflow_api_etl.py took 0.047 seconds
[2024-05-23 09:53:37,477] {processor.py:153} INFO - Started process (PID=3692) to work on /home/airflow/.local/lib/python3.7/site-packages/airflow/example_dags/tutorial_taskflow_api_etl.py
[2024-05-23 09:53:37,478] {processor.py:641} INFO - Processing file /home/airflow/.local/lib/python3.7/site-packages/airflow/example_dags/tutorial_taskflow_api_etl.py for tasks to queue
[2024-05-23 09:53:37,479] {logging_mixin.py:115} INFO - [2024-05-23 09:53:37,479] {dagbag.py:508} INFO - Filling up the DagBag from /home/airflow/.local/lib/python3.7/site-packages/airflow/example_dags/tutorial_taskflow_api_etl.py
[2024-05-23 09:53:37,488] {processor.py:651} INFO - DAG(s) dict_keys(['tutorial_taskflow_api_etl']) retrieved from /home/airflow/.local/lib/python3.7/site-packages/airflow/example_dags/tutorial_taskflow_api_etl.py
[2024-05-23 09:53:37,525] {logging_mixin.py:115} INFO - [2024-05-23 09:53:37,525] {dag.py:2420} INFO - Sync 1 DAGs
[2024-05-23 09:53:37,538] {logging_mixin.py:115} INFO - [2024-05-23 09:53:37,538] {dag.py:2972} INFO - Setting next_dagrun for tutorial_taskflow_api_etl to None, run_after=None
[2024-05-23 09:53:37,546] {processor.py:161} INFO - Processing /home/airflow/.local/lib/python3.7/site-packages/airflow/example_dags/tutorial_taskflow_api_etl.py took 0.071 seconds
[2024-05-23 09:54:08,012] {processor.py:153} INFO - Started process (PID=3754) to work on /home/airflow/.local/lib/python3.7/site-packages/airflow/example_dags/tutorial_taskflow_api_etl.py
[2024-05-23 09:54:08,013] {processor.py:641} INFO - Processing file /home/airflow/.local/lib/python3.7/site-packages/airflow/example_dags/tutorial_taskflow_api_etl.py for tasks to queue
[2024-05-23 09:54:08,014] {logging_mixin.py:115} INFO - [2024-05-23 09:54:08,014] {dagbag.py:508} INFO - Filling up the DagBag from /home/airflow/.local/lib/python3.7/site-packages/airflow/example_dags/tutorial_taskflow_api_etl.py
[2024-05-23 09:54:08,023] {processor.py:651} INFO - DAG(s) dict_keys(['tutorial_taskflow_api_etl']) retrieved from /home/airflow/.local/lib/python3.7/site-packages/airflow/example_dags/tutorial_taskflow_api_etl.py
[2024-05-23 09:54:08,062] {logging_mixin.py:115} INFO - [2024-05-23 09:54:08,062] {dag.py:2420} INFO - Sync 1 DAGs
[2024-05-23 09:54:08,077] {logging_mixin.py:115} INFO - [2024-05-23 09:54:08,077] {dag.py:2972} INFO - Setting next_dagrun for tutorial_taskflow_api_etl to None, run_after=None
[2024-05-23 09:54:08,086] {processor.py:161} INFO - Processing /home/airflow/.local/lib/python3.7/site-packages/airflow/example_dags/tutorial_taskflow_api_etl.py took 0.076 seconds
[2024-05-23 09:54:38,535] {processor.py:153} INFO - Started process (PID=3807) to work on /home/airflow/.local/lib/python3.7/site-packages/airflow/example_dags/tutorial_taskflow_api_etl.py
[2024-05-23 09:54:38,536] {processor.py:641} INFO - Processing file /home/airflow/.local/lib/python3.7/site-packages/airflow/example_dags/tutorial_taskflow_api_etl.py for tasks to queue
[2024-05-23 09:54:38,537] {logging_mixin.py:115} INFO - [2024-05-23 09:54:38,537] {dagbag.py:508} INFO - Filling up the DagBag from /home/airflow/.local/lib/python3.7/site-packages/airflow/example_dags/tutorial_taskflow_api_etl.py
[2024-05-23 09:54:38,547] {processor.py:651} INFO - DAG(s) dict_keys(['tutorial_taskflow_api_etl']) retrieved from /home/airflow/.local/lib/python3.7/site-packages/airflow/example_dags/tutorial_taskflow_api_etl.py
[2024-05-23 09:54:38,564] {logging_mixin.py:115} INFO - [2024-05-23 09:54:38,564] {dag.py:2420} INFO - Sync 1 DAGs
[2024-05-23 09:54:38,576] {logging_mixin.py:115} INFO - [2024-05-23 09:54:38,576] {dag.py:2972} INFO - Setting next_dagrun for tutorial_taskflow_api_etl to None, run_after=None
[2024-05-23 09:54:38,584] {processor.py:161} INFO - Processing /home/airflow/.local/lib/python3.7/site-packages/airflow/example_dags/tutorial_taskflow_api_etl.py took 0.051 seconds
[2024-05-23 09:55:08,940] {processor.py:153} INFO - Started process (PID=3869) to work on /home/airflow/.local/lib/python3.7/site-packages/airflow/example_dags/tutorial_taskflow_api_etl.py
[2024-05-23 09:55:08,940] {processor.py:641} INFO - Processing file /home/airflow/.local/lib/python3.7/site-packages/airflow/example_dags/tutorial_taskflow_api_etl.py for tasks to queue
[2024-05-23 09:55:08,941] {logging_mixin.py:115} INFO - [2024-05-23 09:55:08,941] {dagbag.py:508} INFO - Filling up the DagBag from /home/airflow/.local/lib/python3.7/site-packages/airflow/example_dags/tutorial_taskflow_api_etl.py
[2024-05-23 09:55:08,950] {processor.py:651} INFO - DAG(s) dict_keys(['tutorial_taskflow_api_etl']) retrieved from /home/airflow/.local/lib/python3.7/site-packages/airflow/example_dags/tutorial_taskflow_api_etl.py
[2024-05-23 09:55:08,967] {logging_mixin.py:115} INFO - [2024-05-23 09:55:08,967] {dag.py:2420} INFO - Sync 1 DAGs
[2024-05-23 09:55:08,980] {logging_mixin.py:115} INFO - [2024-05-23 09:55:08,980] {dag.py:2972} INFO - Setting next_dagrun for tutorial_taskflow_api_etl to None, run_after=None
[2024-05-23 09:55:08,987] {processor.py:161} INFO - Processing /home/airflow/.local/lib/python3.7/site-packages/airflow/example_dags/tutorial_taskflow_api_etl.py took 0.050 seconds
[2024-05-23 09:55:39,431] {processor.py:153} INFO - Started process (PID=3931) to work on /home/airflow/.local/lib/python3.7/site-packages/airflow/example_dags/tutorial_taskflow_api_etl.py
[2024-05-23 09:55:39,432] {processor.py:641} INFO - Processing file /home/airflow/.local/lib/python3.7/site-packages/airflow/example_dags/tutorial_taskflow_api_etl.py for tasks to queue
[2024-05-23 09:55:39,432] {logging_mixin.py:115} INFO - [2024-05-23 09:55:39,432] {dagbag.py:508} INFO - Filling up the DagBag from /home/airflow/.local/lib/python3.7/site-packages/airflow/example_dags/tutorial_taskflow_api_etl.py
[2024-05-23 09:55:39,441] {processor.py:651} INFO - DAG(s) dict_keys(['tutorial_taskflow_api_etl']) retrieved from /home/airflow/.local/lib/python3.7/site-packages/airflow/example_dags/tutorial_taskflow_api_etl.py
[2024-05-23 09:55:39,478] {logging_mixin.py:115} INFO - [2024-05-23 09:55:39,478] {dag.py:2420} INFO - Sync 1 DAGs
[2024-05-23 09:55:39,489] {logging_mixin.py:115} INFO - [2024-05-23 09:55:39,489] {dag.py:2972} INFO - Setting next_dagrun for tutorial_taskflow_api_etl to None, run_after=None
[2024-05-23 09:55:39,497] {processor.py:161} INFO - Processing /home/airflow/.local/lib/python3.7/site-packages/airflow/example_dags/tutorial_taskflow_api_etl.py took 0.068 seconds
[2024-05-23 09:56:09,824] {processor.py:153} INFO - Started process (PID=3993) to work on /home/airflow/.local/lib/python3.7/site-packages/airflow/example_dags/tutorial_taskflow_api_etl.py
[2024-05-23 09:56:09,825] {processor.py:641} INFO - Processing file /home/airflow/.local/lib/python3.7/site-packages/airflow/example_dags/tutorial_taskflow_api_etl.py for tasks to queue
[2024-05-23 09:56:09,825] {logging_mixin.py:115} INFO - [2024-05-23 09:56:09,825] {dagbag.py:508} INFO - Filling up the DagBag from /home/airflow/.local/lib/python3.7/site-packages/airflow/example_dags/tutorial_taskflow_api_etl.py
[2024-05-23 09:56:09,834] {processor.py:651} INFO - DAG(s) dict_keys(['tutorial_taskflow_api_etl']) retrieved from /home/airflow/.local/lib/python3.7/site-packages/airflow/example_dags/tutorial_taskflow_api_etl.py
[2024-05-23 09:56:09,872] {logging_mixin.py:115} INFO - [2024-05-23 09:56:09,871] {dag.py:2420} INFO - Sync 1 DAGs
[2024-05-23 09:56:09,882] {logging_mixin.py:115} INFO - [2024-05-23 09:56:09,882] {dag.py:2972} INFO - Setting next_dagrun for tutorial_taskflow_api_etl to None, run_after=None
[2024-05-23 09:56:09,890] {processor.py:161} INFO - Processing /home/airflow/.local/lib/python3.7/site-packages/airflow/example_dags/tutorial_taskflow_api_etl.py took 0.068 seconds
[2024-05-23 09:56:40,320] {processor.py:153} INFO - Started process (PID=4055) to work on /home/airflow/.local/lib/python3.7/site-packages/airflow/example_dags/tutorial_taskflow_api_etl.py
[2024-05-23 09:56:40,322] {processor.py:641} INFO - Processing file /home/airflow/.local/lib/python3.7/site-packages/airflow/example_dags/tutorial_taskflow_api_etl.py for tasks to queue
[2024-05-23 09:56:40,322] {logging_mixin.py:115} INFO - [2024-05-23 09:56:40,322] {dagbag.py:508} INFO - Filling up the DagBag from /home/airflow/.local/lib/python3.7/site-packages/airflow/example_dags/tutorial_taskflow_api_etl.py
[2024-05-23 09:56:40,331] {processor.py:651} INFO - DAG(s) dict_keys(['tutorial_taskflow_api_etl']) retrieved from /home/airflow/.local/lib/python3.7/site-packages/airflow/example_dags/tutorial_taskflow_api_etl.py
[2024-05-23 09:56:40,370] {logging_mixin.py:115} INFO - [2024-05-23 09:56:40,370] {dag.py:2420} INFO - Sync 1 DAGs
[2024-05-23 09:56:40,381] {logging_mixin.py:115} INFO - [2024-05-23 09:56:40,381] {dag.py:2972} INFO - Setting next_dagrun for tutorial_taskflow_api_etl to None, run_after=None
[2024-05-23 09:56:40,388] {processor.py:161} INFO - Processing /home/airflow/.local/lib/python3.7/site-packages/airflow/example_dags/tutorial_taskflow_api_etl.py took 0.070 seconds
[2024-05-23 09:57:10,752] {processor.py:153} INFO - Started process (PID=4108) to work on /home/airflow/.local/lib/python3.7/site-packages/airflow/example_dags/tutorial_taskflow_api_etl.py
[2024-05-23 09:57:10,753] {processor.py:641} INFO - Processing file /home/airflow/.local/lib/python3.7/site-packages/airflow/example_dags/tutorial_taskflow_api_etl.py for tasks to queue
[2024-05-23 09:57:10,753] {logging_mixin.py:115} INFO - [2024-05-23 09:57:10,753] {dagbag.py:508} INFO - Filling up the DagBag from /home/airflow/.local/lib/python3.7/site-packages/airflow/example_dags/tutorial_taskflow_api_etl.py
[2024-05-23 09:57:10,762] {processor.py:651} INFO - DAG(s) dict_keys(['tutorial_taskflow_api_etl']) retrieved from /home/airflow/.local/lib/python3.7/site-packages/airflow/example_dags/tutorial_taskflow_api_etl.py
[2024-05-23 09:57:10,799] {logging_mixin.py:115} INFO - [2024-05-23 09:57:10,799] {dag.py:2420} INFO - Sync 1 DAGs
[2024-05-23 09:57:10,810] {logging_mixin.py:115} INFO - [2024-05-23 09:57:10,810] {dag.py:2972} INFO - Setting next_dagrun for tutorial_taskflow_api_etl to None, run_after=None
[2024-05-23 09:57:10,818] {processor.py:161} INFO - Processing /home/airflow/.local/lib/python3.7/site-packages/airflow/example_dags/tutorial_taskflow_api_etl.py took 0.068 seconds
[2024-05-23 09:57:41,246] {processor.py:153} INFO - Started process (PID=4170) to work on /home/airflow/.local/lib/python3.7/site-packages/airflow/example_dags/tutorial_taskflow_api_etl.py
[2024-05-23 09:57:41,247] {processor.py:641} INFO - Processing file /home/airflow/.local/lib/python3.7/site-packages/airflow/example_dags/tutorial_taskflow_api_etl.py for tasks to queue
[2024-05-23 09:57:41,248] {logging_mixin.py:115} INFO - [2024-05-23 09:57:41,248] {dagbag.py:508} INFO - Filling up the DagBag from /home/airflow/.local/lib/python3.7/site-packages/airflow/example_dags/tutorial_taskflow_api_etl.py
[2024-05-23 09:57:41,256] {processor.py:651} INFO - DAG(s) dict_keys(['tutorial_taskflow_api_etl']) retrieved from /home/airflow/.local/lib/python3.7/site-packages/airflow/example_dags/tutorial_taskflow_api_etl.py
[2024-05-23 09:57:41,294] {logging_mixin.py:115} INFO - [2024-05-23 09:57:41,294] {dag.py:2420} INFO - Sync 1 DAGs
[2024-05-23 09:57:41,305] {logging_mixin.py:115} INFO - [2024-05-23 09:57:41,305] {dag.py:2972} INFO - Setting next_dagrun for tutorial_taskflow_api_etl to None, run_after=None
[2024-05-23 09:57:41,313] {processor.py:161} INFO - Processing /home/airflow/.local/lib/python3.7/site-packages/airflow/example_dags/tutorial_taskflow_api_etl.py took 0.068 seconds
[2024-05-23 09:58:11,763] {processor.py:153} INFO - Started process (PID=4232) to work on /home/airflow/.local/lib/python3.7/site-packages/airflow/example_dags/tutorial_taskflow_api_etl.py
[2024-05-23 09:58:11,764] {processor.py:641} INFO - Processing file /home/airflow/.local/lib/python3.7/site-packages/airflow/example_dags/tutorial_taskflow_api_etl.py for tasks to queue
[2024-05-23 09:58:11,765] {logging_mixin.py:115} INFO - [2024-05-23 09:58:11,765] {dagbag.py:508} INFO - Filling up the DagBag from /home/airflow/.local/lib/python3.7/site-packages/airflow/example_dags/tutorial_taskflow_api_etl.py
[2024-05-23 09:58:11,774] {processor.py:651} INFO - DAG(s) dict_keys(['tutorial_taskflow_api_etl']) retrieved from /home/airflow/.local/lib/python3.7/site-packages/airflow/example_dags/tutorial_taskflow_api_etl.py
[2024-05-23 09:58:11,811] {logging_mixin.py:115} INFO - [2024-05-23 09:58:11,811] {dag.py:2420} INFO - Sync 1 DAGs
[2024-05-23 09:58:11,822] {logging_mixin.py:115} INFO - [2024-05-23 09:58:11,822] {dag.py:2972} INFO - Setting next_dagrun for tutorial_taskflow_api_etl to None, run_after=None
[2024-05-23 09:58:11,829] {processor.py:161} INFO - Processing /home/airflow/.local/lib/python3.7/site-packages/airflow/example_dags/tutorial_taskflow_api_etl.py took 0.068 seconds
[2024-05-23 09:58:42,226] {processor.py:153} INFO - Started process (PID=4294) to work on /home/airflow/.local/lib/python3.7/site-packages/airflow/example_dags/tutorial_taskflow_api_etl.py
[2024-05-23 09:58:42,228] {processor.py:641} INFO - Processing file /home/airflow/.local/lib/python3.7/site-packages/airflow/example_dags/tutorial_taskflow_api_etl.py for tasks to queue
[2024-05-23 09:58:42,228] {logging_mixin.py:115} INFO - [2024-05-23 09:58:42,228] {dagbag.py:508} INFO - Filling up the DagBag from /home/airflow/.local/lib/python3.7/site-packages/airflow/example_dags/tutorial_taskflow_api_etl.py
[2024-05-23 09:58:42,238] {processor.py:651} INFO - DAG(s) dict_keys(['tutorial_taskflow_api_etl']) retrieved from /home/airflow/.local/lib/python3.7/site-packages/airflow/example_dags/tutorial_taskflow_api_etl.py
[2024-05-23 09:58:42,277] {logging_mixin.py:115} INFO - [2024-05-23 09:58:42,277] {dag.py:2420} INFO - Sync 1 DAGs
[2024-05-23 09:58:42,287] {logging_mixin.py:115} INFO - [2024-05-23 09:58:42,287] {dag.py:2972} INFO - Setting next_dagrun for tutorial_taskflow_api_etl to None, run_after=None
[2024-05-23 09:58:42,295] {processor.py:161} INFO - Processing /home/airflow/.local/lib/python3.7/site-packages/airflow/example_dags/tutorial_taskflow_api_etl.py took 0.070 seconds
[2024-05-23 09:59:12,642] {processor.py:153} INFO - Started process (PID=4356) to work on /home/airflow/.local/lib/python3.7/site-packages/airflow/example_dags/tutorial_taskflow_api_etl.py
[2024-05-23 09:59:12,643] {processor.py:641} INFO - Processing file /home/airflow/.local/lib/python3.7/site-packages/airflow/example_dags/tutorial_taskflow_api_etl.py for tasks to queue
[2024-05-23 09:59:12,644] {logging_mixin.py:115} INFO - [2024-05-23 09:59:12,644] {dagbag.py:508} INFO - Filling up the DagBag from /home/airflow/.local/lib/python3.7/site-packages/airflow/example_dags/tutorial_taskflow_api_etl.py
[2024-05-23 09:59:12,653] {processor.py:651} INFO - DAG(s) dict_keys(['tutorial_taskflow_api_etl']) retrieved from /home/airflow/.local/lib/python3.7/site-packages/airflow/example_dags/tutorial_taskflow_api_etl.py
[2024-05-23 09:59:12,689] {logging_mixin.py:115} INFO - [2024-05-23 09:59:12,688] {dag.py:2420} INFO - Sync 1 DAGs
[2024-05-23 09:59:12,699] {logging_mixin.py:115} INFO - [2024-05-23 09:59:12,699] {dag.py:2972} INFO - Setting next_dagrun for tutorial_taskflow_api_etl to None, run_after=None
[2024-05-23 09:59:12,707] {processor.py:161} INFO - Processing /home/airflow/.local/lib/python3.7/site-packages/airflow/example_dags/tutorial_taskflow_api_etl.py took 0.067 seconds
[2024-05-23 09:59:43,147] {processor.py:153} INFO - Started process (PID=4418) to work on /home/airflow/.local/lib/python3.7/site-packages/airflow/example_dags/tutorial_taskflow_api_etl.py
[2024-05-23 09:59:43,148] {processor.py:641} INFO - Processing file /home/airflow/.local/lib/python3.7/site-packages/airflow/example_dags/tutorial_taskflow_api_etl.py for tasks to queue
[2024-05-23 09:59:43,148] {logging_mixin.py:115} INFO - [2024-05-23 09:59:43,148] {dagbag.py:508} INFO - Filling up the DagBag from /home/airflow/.local/lib/python3.7/site-packages/airflow/example_dags/tutorial_taskflow_api_etl.py
[2024-05-23 09:59:43,157] {processor.py:651} INFO - DAG(s) dict_keys(['tutorial_taskflow_api_etl']) retrieved from /home/airflow/.local/lib/python3.7/site-packages/airflow/example_dags/tutorial_taskflow_api_etl.py
[2024-05-23 09:59:43,196] {logging_mixin.py:115} INFO - [2024-05-23 09:59:43,196] {dag.py:2420} INFO - Sync 1 DAGs
[2024-05-23 09:59:43,208] {logging_mixin.py:115} INFO - [2024-05-23 09:59:43,208] {dag.py:2972} INFO - Setting next_dagrun for tutorial_taskflow_api_etl to None, run_after=None
[2024-05-23 09:59:43,215] {processor.py:161} INFO - Processing /home/airflow/.local/lib/python3.7/site-packages/airflow/example_dags/tutorial_taskflow_api_etl.py took 0.070 seconds
[2024-05-23 10:00:13,568] {processor.py:153} INFO - Started process (PID=4471) to work on /home/airflow/.local/lib/python3.7/site-packages/airflow/example_dags/tutorial_taskflow_api_etl.py
[2024-05-23 10:00:13,568] {processor.py:641} INFO - Processing file /home/airflow/.local/lib/python3.7/site-packages/airflow/example_dags/tutorial_taskflow_api_etl.py for tasks to queue
[2024-05-23 10:00:13,569] {logging_mixin.py:115} INFO - [2024-05-23 10:00:13,569] {dagbag.py:508} INFO - Filling up the DagBag from /home/airflow/.local/lib/python3.7/site-packages/airflow/example_dags/tutorial_taskflow_api_etl.py
[2024-05-23 10:00:13,577] {processor.py:651} INFO - DAG(s) dict_keys(['tutorial_taskflow_api_etl']) retrieved from /home/airflow/.local/lib/python3.7/site-packages/airflow/example_dags/tutorial_taskflow_api_etl.py
[2024-05-23 10:00:13,614] {logging_mixin.py:115} INFO - [2024-05-23 10:00:13,614] {dag.py:2420} INFO - Sync 1 DAGs
[2024-05-23 10:00:13,634] {logging_mixin.py:115} INFO - [2024-05-23 10:00:13,634] {dag.py:2972} INFO - Setting next_dagrun for tutorial_taskflow_api_etl to None, run_after=None
[2024-05-23 10:00:13,643] {processor.py:161} INFO - Processing /home/airflow/.local/lib/python3.7/site-packages/airflow/example_dags/tutorial_taskflow_api_etl.py took 0.078 seconds
