[2024-05-23 09:28:06,674] {processor.py:153} INFO - Started process (PID=631) to work on /opt/airflow/dags/workflow.py
[2024-05-23 09:28:06,675] {processor.py:641} INFO - Processing file /opt/airflow/dags/workflow.py for tasks to queue
[2024-05-23 09:28:06,675] {logging_mixin.py:115} INFO - [2024-05-23 09:28:06,675] {dagbag.py:508} INFO - Filling up the DagBag from /opt/airflow/dags/workflow.py
[2024-05-23 09:28:06,699] {processor.py:651} INFO - DAG(s) dict_keys(['workflow']) retrieved from /opt/airflow/dags/workflow.py
[2024-05-23 09:28:06,748] {logging_mixin.py:115} INFO - [2024-05-23 09:28:06,747] {manager.py:508} INFO - Created Permission View: can edit on DAG:workflow
[2024-05-23 09:28:06,753] {logging_mixin.py:115} INFO - [2024-05-23 09:28:06,753] {manager.py:508} INFO - Created Permission View: can read on DAG:workflow
[2024-05-23 09:28:06,757] {logging_mixin.py:115} INFO - [2024-05-23 09:28:06,757] {manager.py:508} INFO - Created Permission View: can delete on DAG:workflow
[2024-05-23 09:28:06,757] {logging_mixin.py:115} INFO - [2024-05-23 09:28:06,757] {dag.py:2420} INFO - Sync 1 DAGs
[2024-05-23 09:28:06,763] {logging_mixin.py:115} INFO - [2024-05-23 09:28:06,763] {dag.py:2439} INFO - Creating ORM DAG for workflow
[2024-05-23 09:28:06,771] {logging_mixin.py:115} INFO - [2024-05-23 09:28:06,771] {dag.py:2972} INFO - Setting next_dagrun for workflow to 2021-03-07T00:00:00+00:00, run_after=2021-03-08T00:00:00+00:00
[2024-05-23 09:28:06,780] {processor.py:161} INFO - Processing /opt/airflow/dags/workflow.py took 0.108 seconds
[2024-05-23 09:28:37,093] {processor.py:153} INFO - Started process (PID=693) to work on /opt/airflow/dags/workflow.py
[2024-05-23 09:28:37,095] {processor.py:641} INFO - Processing file /opt/airflow/dags/workflow.py for tasks to queue
[2024-05-23 09:28:37,096] {logging_mixin.py:115} INFO - [2024-05-23 09:28:37,096] {dagbag.py:508} INFO - Filling up the DagBag from /opt/airflow/dags/workflow.py
[2024-05-23 09:28:37,118] {processor.py:651} INFO - DAG(s) dict_keys(['workflow']) retrieved from /opt/airflow/dags/workflow.py
[2024-05-23 09:28:37,143] {logging_mixin.py:115} INFO - [2024-05-23 09:28:37,143] {dag.py:2420} INFO - Sync 1 DAGs
[2024-05-23 09:28:37,158] {logging_mixin.py:115} INFO - [2024-05-23 09:28:37,158] {dag.py:2972} INFO - Setting next_dagrun for workflow to 2021-05-02T00:00:00+00:00, run_after=2021-05-03T00:00:00+00:00
[2024-05-23 09:28:37,165] {processor.py:161} INFO - Processing /opt/airflow/dags/workflow.py took 0.075 seconds
[2024-05-23 09:29:07,447] {processor.py:153} INFO - Started process (PID=755) to work on /opt/airflow/dags/workflow.py
[2024-05-23 09:29:07,448] {processor.py:641} INFO - Processing file /opt/airflow/dags/workflow.py for tasks to queue
[2024-05-23 09:29:07,449] {logging_mixin.py:115} INFO - [2024-05-23 09:29:07,449] {dagbag.py:508} INFO - Filling up the DagBag from /opt/airflow/dags/workflow.py
[2024-05-23 09:29:07,462] {processor.py:651} INFO - DAG(s) dict_keys(['workflow']) retrieved from /opt/airflow/dags/workflow.py
[2024-05-23 09:29:07,481] {logging_mixin.py:115} INFO - [2024-05-23 09:29:07,481] {dag.py:2420} INFO - Sync 1 DAGs
[2024-05-23 09:29:07,496] {logging_mixin.py:115} INFO - [2024-05-23 09:29:07,496] {dag.py:2972} INFO - Setting next_dagrun for workflow to 2021-07-25T00:00:00+00:00, run_after=2021-07-26T00:00:00+00:00
[2024-05-23 09:29:07,503] {processor.py:161} INFO - Processing /opt/airflow/dags/workflow.py took 0.058 seconds
[2024-05-23 09:29:37,937] {processor.py:153} INFO - Started process (PID=808) to work on /opt/airflow/dags/workflow.py
[2024-05-23 09:29:37,938] {processor.py:641} INFO - Processing file /opt/airflow/dags/workflow.py for tasks to queue
[2024-05-23 09:29:37,939] {logging_mixin.py:115} INFO - [2024-05-23 09:29:37,939] {dagbag.py:508} INFO - Filling up the DagBag from /opt/airflow/dags/workflow.py
[2024-05-23 09:29:37,960] {processor.py:651} INFO - DAG(s) dict_keys(['workflow']) retrieved from /opt/airflow/dags/workflow.py
[2024-05-23 09:29:37,983] {logging_mixin.py:115} INFO - [2024-05-23 09:29:37,983] {dag.py:2420} INFO - Sync 1 DAGs
[2024-05-23 09:29:37,998] {logging_mixin.py:115} INFO - [2024-05-23 09:29:37,998] {dag.py:2972} INFO - Setting next_dagrun for workflow to 2021-10-18T00:00:00+00:00, run_after=2021-10-19T00:00:00+00:00
[2024-05-23 09:29:38,005] {processor.py:161} INFO - Processing /opt/airflow/dags/workflow.py took 0.073 seconds
[2024-05-23 09:30:08,246] {processor.py:153} INFO - Started process (PID=870) to work on /opt/airflow/dags/workflow.py
[2024-05-23 09:30:08,247] {processor.py:641} INFO - Processing file /opt/airflow/dags/workflow.py for tasks to queue
[2024-05-23 09:30:08,248] {logging_mixin.py:115} INFO - [2024-05-23 09:30:08,248] {dagbag.py:508} INFO - Filling up the DagBag from /opt/airflow/dags/workflow.py
[2024-05-23 09:30:08,261] {processor.py:651} INFO - DAG(s) dict_keys(['workflow']) retrieved from /opt/airflow/dags/workflow.py
[2024-05-23 09:30:08,280] {logging_mixin.py:115} INFO - [2024-05-23 09:30:08,280] {dag.py:2420} INFO - Sync 1 DAGs
[2024-05-23 09:30:08,294] {logging_mixin.py:115} INFO - [2024-05-23 09:30:08,294] {dag.py:2972} INFO - Setting next_dagrun for workflow to 2022-01-10T00:00:00+00:00, run_after=2022-01-11T00:00:00+00:00
[2024-05-23 09:30:08,301] {processor.py:161} INFO - Processing /opt/airflow/dags/workflow.py took 0.058 seconds
[2024-05-23 09:30:38,694] {processor.py:153} INFO - Started process (PID=932) to work on /opt/airflow/dags/workflow.py
[2024-05-23 09:30:38,696] {processor.py:641} INFO - Processing file /opt/airflow/dags/workflow.py for tasks to queue
[2024-05-23 09:30:38,696] {logging_mixin.py:115} INFO - [2024-05-23 09:30:38,696] {dagbag.py:508} INFO - Filling up the DagBag from /opt/airflow/dags/workflow.py
[2024-05-23 09:30:38,712] {processor.py:651} INFO - DAG(s) dict_keys(['workflow']) retrieved from /opt/airflow/dags/workflow.py
[2024-05-23 09:30:38,733] {logging_mixin.py:115} INFO - [2024-05-23 09:30:38,733] {dag.py:2420} INFO - Sync 1 DAGs
[2024-05-23 09:30:38,747] {logging_mixin.py:115} INFO - [2024-05-23 09:30:38,747] {dag.py:2972} INFO - Setting next_dagrun for workflow to 2022-04-04T00:00:00+00:00, run_after=2022-04-05T00:00:00+00:00
[2024-05-23 09:30:38,754] {processor.py:161} INFO - Processing /opt/airflow/dags/workflow.py took 0.064 seconds
[2024-05-23 09:31:09,146] {processor.py:153} INFO - Started process (PID=993) to work on /opt/airflow/dags/workflow.py
[2024-05-23 09:31:09,148] {processor.py:641} INFO - Processing file /opt/airflow/dags/workflow.py for tasks to queue
[2024-05-23 09:31:09,150] {logging_mixin.py:115} INFO - [2024-05-23 09:31:09,150] {dagbag.py:508} INFO - Filling up the DagBag from /opt/airflow/dags/workflow.py
[2024-05-23 09:31:09,179] {processor.py:651} INFO - DAG(s) dict_keys(['workflow']) retrieved from /opt/airflow/dags/workflow.py
[2024-05-23 09:31:09,209] {logging_mixin.py:115} INFO - [2024-05-23 09:31:09,209] {dag.py:2420} INFO - Sync 1 DAGs
[2024-05-23 09:31:09,227] {logging_mixin.py:115} INFO - [2024-05-23 09:31:09,227] {dag.py:2972} INFO - Setting next_dagrun for workflow to 2022-06-28T00:00:00+00:00, run_after=2022-06-29T00:00:00+00:00
[2024-05-23 09:31:09,236] {processor.py:161} INFO - Processing /opt/airflow/dags/workflow.py took 0.097 seconds
[2024-05-23 09:31:39,517] {processor.py:153} INFO - Started process (PID=1055) to work on /opt/airflow/dags/workflow.py
[2024-05-23 09:31:39,520] {processor.py:641} INFO - Processing file /opt/airflow/dags/workflow.py for tasks to queue
[2024-05-23 09:31:39,521] {logging_mixin.py:115} INFO - [2024-05-23 09:31:39,521] {dagbag.py:508} INFO - Filling up the DagBag from /opt/airflow/dags/workflow.py
[2024-05-23 09:31:39,542] {processor.py:651} INFO - DAG(s) dict_keys(['workflow']) retrieved from /opt/airflow/dags/workflow.py
[2024-05-23 09:31:39,565] {logging_mixin.py:115} INFO - [2024-05-23 09:31:39,565] {dag.py:2420} INFO - Sync 1 DAGs
[2024-05-23 09:31:39,580] {logging_mixin.py:115} INFO - [2024-05-23 09:31:39,580] {dag.py:2972} INFO - Setting next_dagrun for workflow to 2022-07-29T00:00:00+00:00, run_after=2022-07-30T00:00:00+00:00
[2024-05-23 09:31:39,588] {processor.py:161} INFO - Processing /opt/airflow/dags/workflow.py took 0.076 seconds
[2024-05-23 09:31:40,538] {processor.py:153} INFO - Started process (PID=1056) to work on /opt/airflow/dags/workflow.py
[2024-05-23 09:31:40,540] {processor.py:641} INFO - Processing file /opt/airflow/dags/workflow.py for tasks to queue
[2024-05-23 09:31:40,542] {logging_mixin.py:115} INFO - [2024-05-23 09:31:40,542] {dagbag.py:508} INFO - Filling up the DagBag from /opt/airflow/dags/workflow.py
[2024-05-23 09:31:40,566] {processor.py:651} INFO - DAG(s) dict_keys(['workflow']) retrieved from /opt/airflow/dags/workflow.py
[2024-05-23 09:31:40,611] {logging_mixin.py:115} INFO - [2024-05-23 09:31:40,611] {dag.py:2420} INFO - Sync 1 DAGs
[2024-05-23 09:31:40,625] {logging_mixin.py:115} INFO - [2024-05-23 09:31:40,625] {dag.py:2972} INFO - Setting next_dagrun for workflow to 2024-05-24T00:00:00+00:00, run_after=2024-05-25T00:00:00+00:00
[2024-05-23 09:31:40,635] {processor.py:161} INFO - Processing /opt/airflow/dags/workflow.py took 0.103 seconds
[2024-05-23 09:32:11,136] {processor.py:153} INFO - Started process (PID=1117) to work on /opt/airflow/dags/workflow.py
[2024-05-23 09:32:11,137] {processor.py:641} INFO - Processing file /opt/airflow/dags/workflow.py for tasks to queue
[2024-05-23 09:32:11,138] {logging_mixin.py:115} INFO - [2024-05-23 09:32:11,138] {dagbag.py:508} INFO - Filling up the DagBag from /opt/airflow/dags/workflow.py
[2024-05-23 09:32:11,149] {processor.py:651} INFO - DAG(s) dict_keys(['workflow']) retrieved from /opt/airflow/dags/workflow.py
[2024-05-23 09:32:11,187] {logging_mixin.py:115} INFO - [2024-05-23 09:32:11,186] {dag.py:2420} INFO - Sync 1 DAGs
[2024-05-23 09:32:11,200] {logging_mixin.py:115} INFO - [2024-05-23 09:32:11,200] {dag.py:2972} INFO - Setting next_dagrun for workflow to 2024-05-24T00:00:00+00:00, run_after=2024-05-25T00:00:00+00:00
[2024-05-23 09:32:11,208] {processor.py:161} INFO - Processing /opt/airflow/dags/workflow.py took 0.074 seconds
[2024-05-23 09:32:41,530] {processor.py:153} INFO - Started process (PID=1171) to work on /opt/airflow/dags/workflow.py
[2024-05-23 09:32:41,533] {processor.py:641} INFO - Processing file /opt/airflow/dags/workflow.py for tasks to queue
[2024-05-23 09:32:41,535] {logging_mixin.py:115} INFO - [2024-05-23 09:32:41,535] {dagbag.py:508} INFO - Filling up the DagBag from /opt/airflow/dags/workflow.py
[2024-05-23 09:32:41,572] {processor.py:651} INFO - DAG(s) dict_keys(['workflow']) retrieved from /opt/airflow/dags/workflow.py
[2024-05-23 09:32:41,620] {logging_mixin.py:115} INFO - [2024-05-23 09:32:41,620] {dag.py:2420} INFO - Sync 1 DAGs
[2024-05-23 09:32:41,636] {logging_mixin.py:115} INFO - [2024-05-23 09:32:41,636] {dag.py:2972} INFO - Setting next_dagrun for workflow to 2024-05-24T00:00:00+00:00, run_after=2024-05-25T00:00:00+00:00
[2024-05-23 09:32:41,646] {processor.py:161} INFO - Processing /opt/airflow/dags/workflow.py took 0.124 seconds
[2024-05-23 09:33:12,050] {processor.py:153} INFO - Started process (PID=1233) to work on /opt/airflow/dags/workflow.py
[2024-05-23 09:33:12,053] {processor.py:641} INFO - Processing file /opt/airflow/dags/workflow.py for tasks to queue
[2024-05-23 09:33:12,054] {logging_mixin.py:115} INFO - [2024-05-23 09:33:12,054] {dagbag.py:508} INFO - Filling up the DagBag from /opt/airflow/dags/workflow.py
[2024-05-23 09:33:12,080] {processor.py:651} INFO - DAG(s) dict_keys(['workflow']) retrieved from /opt/airflow/dags/workflow.py
[2024-05-23 09:33:12,121] {logging_mixin.py:115} INFO - [2024-05-23 09:33:12,121] {dag.py:2420} INFO - Sync 1 DAGs
[2024-05-23 09:33:12,134] {logging_mixin.py:115} INFO - [2024-05-23 09:33:12,134] {dag.py:2972} INFO - Setting next_dagrun for workflow to 2024-05-24T00:00:00+00:00, run_after=2024-05-25T00:00:00+00:00
[2024-05-23 09:33:12,142] {processor.py:161} INFO - Processing /opt/airflow/dags/workflow.py took 0.097 seconds
[2024-05-23 09:33:32,501] {processor.py:153} INFO - Started process (PID=1286) to work on /opt/airflow/dags/workflow.py
[2024-05-23 09:33:32,503] {processor.py:641} INFO - Processing file /opt/airflow/dags/workflow.py for tasks to queue
[2024-05-23 09:33:32,505] {logging_mixin.py:115} INFO - [2024-05-23 09:33:32,505] {dagbag.py:508} INFO - Filling up the DagBag from /opt/airflow/dags/workflow.py
[2024-05-23 09:33:32,535] {processor.py:651} INFO - DAG(s) dict_keys(['workflow']) retrieved from /opt/airflow/dags/workflow.py
[2024-05-23 09:33:32,550] {logging_mixin.py:115} INFO - [2024-05-23 09:33:32,549] {dag.py:2420} INFO - Sync 1 DAGs
[2024-05-23 09:33:32,565] {logging_mixin.py:115} INFO - [2024-05-23 09:33:32,565] {dag.py:2972} INFO - Setting next_dagrun for workflow to 2024-05-24T00:00:00+00:00, run_after=2024-05-25T00:00:00+00:00
[2024-05-23 09:33:32,575] {processor.py:161} INFO - Processing /opt/airflow/dags/workflow.py took 0.079 seconds
[2024-05-23 09:34:02,951] {processor.py:153} INFO - Started process (PID=1348) to work on /opt/airflow/dags/workflow.py
[2024-05-23 09:34:02,953] {processor.py:641} INFO - Processing file /opt/airflow/dags/workflow.py for tasks to queue
[2024-05-23 09:34:02,954] {logging_mixin.py:115} INFO - [2024-05-23 09:34:02,954] {dagbag.py:508} INFO - Filling up the DagBag from /opt/airflow/dags/workflow.py
[2024-05-23 09:34:02,972] {processor.py:651} INFO - DAG(s) dict_keys(['workflow']) retrieved from /opt/airflow/dags/workflow.py
[2024-05-23 09:34:03,014] {logging_mixin.py:115} INFO - [2024-05-23 09:34:03,014] {dag.py:2420} INFO - Sync 1 DAGs
[2024-05-23 09:34:03,028] {logging_mixin.py:115} INFO - [2024-05-23 09:34:03,028] {dag.py:2972} INFO - Setting next_dagrun for workflow to 2024-05-24T00:00:00+00:00, run_after=2024-05-25T00:00:00+00:00
[2024-05-23 09:34:03,037] {processor.py:161} INFO - Processing /opt/airflow/dags/workflow.py took 0.090 seconds
[2024-05-23 09:34:33,439] {processor.py:153} INFO - Started process (PID=1415) to work on /opt/airflow/dags/workflow.py
[2024-05-23 09:34:33,441] {processor.py:641} INFO - Processing file /opt/airflow/dags/workflow.py for tasks to queue
[2024-05-23 09:34:33,443] {logging_mixin.py:115} INFO - [2024-05-23 09:34:33,443] {dagbag.py:508} INFO - Filling up the DagBag from /opt/airflow/dags/workflow.py
[2024-05-23 09:34:33,474] {processor.py:651} INFO - DAG(s) dict_keys(['workflow']) retrieved from /opt/airflow/dags/workflow.py
[2024-05-23 09:34:33,533] {logging_mixin.py:115} INFO - [2024-05-23 09:34:33,533] {dag.py:2420} INFO - Sync 1 DAGs
[2024-05-23 09:34:33,546] {logging_mixin.py:115} INFO - [2024-05-23 09:34:33,546] {dag.py:2972} INFO - Setting next_dagrun for workflow to 2024-05-24T00:00:00+00:00, run_after=2024-05-25T00:00:00+00:00
[2024-05-23 09:34:33,554] {processor.py:161} INFO - Processing /opt/airflow/dags/workflow.py took 0.121 seconds
[2024-05-23 09:35:03,874] {processor.py:153} INFO - Started process (PID=1468) to work on /opt/airflow/dags/workflow.py
[2024-05-23 09:35:03,877] {processor.py:641} INFO - Processing file /opt/airflow/dags/workflow.py for tasks to queue
[2024-05-23 09:35:03,879] {logging_mixin.py:115} INFO - [2024-05-23 09:35:03,879] {dagbag.py:508} INFO - Filling up the DagBag from /opt/airflow/dags/workflow.py
[2024-05-23 09:35:03,903] {processor.py:651} INFO - DAG(s) dict_keys(['workflow']) retrieved from /opt/airflow/dags/workflow.py
[2024-05-23 09:35:03,946] {logging_mixin.py:115} INFO - [2024-05-23 09:35:03,945] {dag.py:2420} INFO - Sync 1 DAGs
[2024-05-23 09:35:03,958] {logging_mixin.py:115} INFO - [2024-05-23 09:35:03,958] {dag.py:2972} INFO - Setting next_dagrun for workflow to 2024-05-24T00:00:00+00:00, run_after=2024-05-25T00:00:00+00:00
[2024-05-23 09:35:03,966] {processor.py:161} INFO - Processing /opt/airflow/dags/workflow.py took 0.098 seconds
[2024-05-23 09:35:34,316] {processor.py:153} INFO - Started process (PID=1530) to work on /opt/airflow/dags/workflow.py
[2024-05-23 09:35:34,319] {processor.py:641} INFO - Processing file /opt/airflow/dags/workflow.py for tasks to queue
[2024-05-23 09:35:34,320] {logging_mixin.py:115} INFO - [2024-05-23 09:35:34,320] {dagbag.py:508} INFO - Filling up the DagBag from /opt/airflow/dags/workflow.py
[2024-05-23 09:35:34,344] {processor.py:651} INFO - DAG(s) dict_keys(['workflow']) retrieved from /opt/airflow/dags/workflow.py
[2024-05-23 09:35:34,390] {logging_mixin.py:115} INFO - [2024-05-23 09:35:34,390] {dag.py:2420} INFO - Sync 1 DAGs
[2024-05-23 09:35:34,404] {logging_mixin.py:115} INFO - [2024-05-23 09:35:34,404] {dag.py:2972} INFO - Setting next_dagrun for workflow to 2024-05-24T00:00:00+00:00, run_after=2024-05-25T00:00:00+00:00
[2024-05-23 09:35:34,411] {processor.py:161} INFO - Processing /opt/airflow/dags/workflow.py took 0.102 seconds
[2024-05-23 09:36:04,676] {processor.py:153} INFO - Started process (PID=1592) to work on /opt/airflow/dags/workflow.py
[2024-05-23 09:36:04,679] {processor.py:641} INFO - Processing file /opt/airflow/dags/workflow.py for tasks to queue
[2024-05-23 09:36:04,681] {logging_mixin.py:115} INFO - [2024-05-23 09:36:04,681] {dagbag.py:508} INFO - Filling up the DagBag from /opt/airflow/dags/workflow.py
[2024-05-23 09:36:04,704] {processor.py:651} INFO - DAG(s) dict_keys(['workflow']) retrieved from /opt/airflow/dags/workflow.py
[2024-05-23 09:36:04,750] {logging_mixin.py:115} INFO - [2024-05-23 09:36:04,750] {dag.py:2420} INFO - Sync 1 DAGs
[2024-05-23 09:36:04,762] {logging_mixin.py:115} INFO - [2024-05-23 09:36:04,762] {dag.py:2972} INFO - Setting next_dagrun for workflow to 2024-05-24T00:00:00+00:00, run_after=2024-05-25T00:00:00+00:00
[2024-05-23 09:36:04,770] {processor.py:161} INFO - Processing /opt/airflow/dags/workflow.py took 0.099 seconds
[2024-05-23 09:36:35,221] {processor.py:153} INFO - Started process (PID=1654) to work on /opt/airflow/dags/workflow.py
[2024-05-23 09:36:35,222] {processor.py:641} INFO - Processing file /opt/airflow/dags/workflow.py for tasks to queue
[2024-05-23 09:36:35,223] {logging_mixin.py:115} INFO - [2024-05-23 09:36:35,223] {dagbag.py:508} INFO - Filling up the DagBag from /opt/airflow/dags/workflow.py
[2024-05-23 09:36:35,249] {processor.py:651} INFO - DAG(s) dict_keys(['workflow']) retrieved from /opt/airflow/dags/workflow.py
[2024-05-23 09:36:35,294] {logging_mixin.py:115} INFO - [2024-05-23 09:36:35,294] {dag.py:2420} INFO - Sync 1 DAGs
[2024-05-23 09:36:35,306] {logging_mixin.py:115} INFO - [2024-05-23 09:36:35,306] {dag.py:2972} INFO - Setting next_dagrun for workflow to 2024-05-24T00:00:00+00:00, run_after=2024-05-25T00:00:00+00:00
[2024-05-23 09:36:35,313] {processor.py:161} INFO - Processing /opt/airflow/dags/workflow.py took 0.098 seconds
[2024-05-23 09:37:05,676] {processor.py:153} INFO - Started process (PID=1716) to work on /opt/airflow/dags/workflow.py
[2024-05-23 09:37:05,680] {processor.py:641} INFO - Processing file /opt/airflow/dags/workflow.py for tasks to queue
[2024-05-23 09:37:05,681] {logging_mixin.py:115} INFO - [2024-05-23 09:37:05,681] {dagbag.py:508} INFO - Filling up the DagBag from /opt/airflow/dags/workflow.py
[2024-05-23 09:37:05,704] {processor.py:651} INFO - DAG(s) dict_keys(['workflow']) retrieved from /opt/airflow/dags/workflow.py
[2024-05-23 09:37:05,750] {logging_mixin.py:115} INFO - [2024-05-23 09:37:05,750] {dag.py:2420} INFO - Sync 1 DAGs
[2024-05-23 09:37:05,764] {logging_mixin.py:115} INFO - [2024-05-23 09:37:05,764] {dag.py:2972} INFO - Setting next_dagrun for workflow to 2024-05-24T00:00:00+00:00, run_after=2024-05-25T00:00:00+00:00
[2024-05-23 09:37:05,773] {processor.py:161} INFO - Processing /opt/airflow/dags/workflow.py took 0.105 seconds
[2024-05-23 09:37:36,190] {processor.py:153} INFO - Started process (PID=1778) to work on /opt/airflow/dags/workflow.py
[2024-05-23 09:37:36,193] {processor.py:641} INFO - Processing file /opt/airflow/dags/workflow.py for tasks to queue
[2024-05-23 09:37:36,195] {logging_mixin.py:115} INFO - [2024-05-23 09:37:36,195] {dagbag.py:508} INFO - Filling up the DagBag from /opt/airflow/dags/workflow.py
[2024-05-23 09:37:36,227] {processor.py:651} INFO - DAG(s) dict_keys(['workflow']) retrieved from /opt/airflow/dags/workflow.py
[2024-05-23 09:37:36,278] {logging_mixin.py:115} INFO - [2024-05-23 09:37:36,277] {dag.py:2420} INFO - Sync 1 DAGs
[2024-05-23 09:37:36,292] {logging_mixin.py:115} INFO - [2024-05-23 09:37:36,292] {dag.py:2972} INFO - Setting next_dagrun for workflow to 2024-05-24T00:00:00+00:00, run_after=2024-05-25T00:00:00+00:00
[2024-05-23 09:37:36,301] {processor.py:161} INFO - Processing /opt/airflow/dags/workflow.py took 0.117 seconds
[2024-05-23 09:38:06,743] {processor.py:153} INFO - Started process (PID=1831) to work on /opt/airflow/dags/workflow.py
[2024-05-23 09:38:06,747] {processor.py:641} INFO - Processing file /opt/airflow/dags/workflow.py for tasks to queue
[2024-05-23 09:38:06,748] {logging_mixin.py:115} INFO - [2024-05-23 09:38:06,748] {dagbag.py:508} INFO - Filling up the DagBag from /opt/airflow/dags/workflow.py
[2024-05-23 09:38:06,779] {processor.py:651} INFO - DAG(s) dict_keys(['workflow']) retrieved from /opt/airflow/dags/workflow.py
[2024-05-23 09:38:06,827] {logging_mixin.py:115} INFO - [2024-05-23 09:38:06,827] {dag.py:2420} INFO - Sync 1 DAGs
[2024-05-23 09:38:06,841] {logging_mixin.py:115} INFO - [2024-05-23 09:38:06,840] {dag.py:2972} INFO - Setting next_dagrun for workflow to 2024-05-24T00:00:00+00:00, run_after=2024-05-25T00:00:00+00:00
[2024-05-23 09:38:06,848] {processor.py:161} INFO - Processing /opt/airflow/dags/workflow.py took 0.113 seconds
[2024-05-23 09:38:37,211] {processor.py:153} INFO - Started process (PID=1893) to work on /opt/airflow/dags/workflow.py
[2024-05-23 09:38:37,214] {processor.py:641} INFO - Processing file /opt/airflow/dags/workflow.py for tasks to queue
[2024-05-23 09:38:37,215] {logging_mixin.py:115} INFO - [2024-05-23 09:38:37,215] {dagbag.py:508} INFO - Filling up the DagBag from /opt/airflow/dags/workflow.py
[2024-05-23 09:38:37,238] {processor.py:651} INFO - DAG(s) dict_keys(['workflow']) retrieved from /opt/airflow/dags/workflow.py
[2024-05-23 09:38:37,286] {logging_mixin.py:115} INFO - [2024-05-23 09:38:37,285] {dag.py:2420} INFO - Sync 1 DAGs
[2024-05-23 09:38:37,298] {logging_mixin.py:115} INFO - [2024-05-23 09:38:37,298] {dag.py:2972} INFO - Setting next_dagrun for workflow to 2024-05-24T00:00:00+00:00, run_after=2024-05-25T00:00:00+00:00
[2024-05-23 09:38:37,305] {processor.py:161} INFO - Processing /opt/airflow/dags/workflow.py took 0.100 seconds
[2024-05-23 09:39:07,688] {processor.py:153} INFO - Started process (PID=1955) to work on /opt/airflow/dags/workflow.py
[2024-05-23 09:39:07,690] {processor.py:641} INFO - Processing file /opt/airflow/dags/workflow.py for tasks to queue
[2024-05-23 09:39:07,692] {logging_mixin.py:115} INFO - [2024-05-23 09:39:07,692] {dagbag.py:508} INFO - Filling up the DagBag from /opt/airflow/dags/workflow.py
[2024-05-23 09:39:07,713] {processor.py:651} INFO - DAG(s) dict_keys(['workflow']) retrieved from /opt/airflow/dags/workflow.py
[2024-05-23 09:39:07,761] {logging_mixin.py:115} INFO - [2024-05-23 09:39:07,761] {dag.py:2420} INFO - Sync 1 DAGs
[2024-05-23 09:39:07,774] {logging_mixin.py:115} INFO - [2024-05-23 09:39:07,774] {dag.py:2972} INFO - Setting next_dagrun for workflow to 2024-05-24T00:00:00+00:00, run_after=2024-05-25T00:00:00+00:00
[2024-05-23 09:39:07,782] {processor.py:161} INFO - Processing /opt/airflow/dags/workflow.py took 0.101 seconds
[2024-05-23 09:39:38,004] {processor.py:153} INFO - Started process (PID=2017) to work on /opt/airflow/dags/workflow.py
[2024-05-23 09:39:38,007] {processor.py:641} INFO - Processing file /opt/airflow/dags/workflow.py for tasks to queue
[2024-05-23 09:39:38,008] {logging_mixin.py:115} INFO - [2024-05-23 09:39:38,008] {dagbag.py:508} INFO - Filling up the DagBag from /opt/airflow/dags/workflow.py
[2024-05-23 09:39:38,029] {processor.py:651} INFO - DAG(s) dict_keys(['workflow']) retrieved from /opt/airflow/dags/workflow.py
[2024-05-23 09:39:38,072] {logging_mixin.py:115} INFO - [2024-05-23 09:39:38,072] {dag.py:2420} INFO - Sync 1 DAGs
[2024-05-23 09:39:38,085] {logging_mixin.py:115} INFO - [2024-05-23 09:39:38,085] {dag.py:2972} INFO - Setting next_dagrun for workflow to 2024-05-24T00:00:00+00:00, run_after=2024-05-25T00:00:00+00:00
[2024-05-23 09:39:38,093] {processor.py:161} INFO - Processing /opt/airflow/dags/workflow.py took 0.093 seconds
[2024-05-23 09:40:08,409] {processor.py:153} INFO - Started process (PID=2079) to work on /opt/airflow/dags/workflow.py
[2024-05-23 09:40:08,411] {processor.py:641} INFO - Processing file /opt/airflow/dags/workflow.py for tasks to queue
[2024-05-23 09:40:08,412] {logging_mixin.py:115} INFO - [2024-05-23 09:40:08,412] {dagbag.py:508} INFO - Filling up the DagBag from /opt/airflow/dags/workflow.py
[2024-05-23 09:40:08,427] {processor.py:651} INFO - DAG(s) dict_keys(['workflow']) retrieved from /opt/airflow/dags/workflow.py
[2024-05-23 09:40:08,468] {logging_mixin.py:115} INFO - [2024-05-23 09:40:08,468] {dag.py:2420} INFO - Sync 1 DAGs
[2024-05-23 09:40:08,487] {logging_mixin.py:115} INFO - [2024-05-23 09:40:08,487] {dag.py:2972} INFO - Setting next_dagrun for workflow to 2024-05-24T00:00:00+00:00, run_after=2024-05-25T00:00:00+00:00
[2024-05-23 09:40:08,499] {processor.py:161} INFO - Processing /opt/airflow/dags/workflow.py took 0.094 seconds
[2024-05-23 09:40:38,899] {processor.py:153} INFO - Started process (PID=2141) to work on /opt/airflow/dags/workflow.py
[2024-05-23 09:40:38,900] {processor.py:641} INFO - Processing file /opt/airflow/dags/workflow.py for tasks to queue
[2024-05-23 09:40:38,901] {logging_mixin.py:115} INFO - [2024-05-23 09:40:38,901] {dagbag.py:508} INFO - Filling up the DagBag from /opt/airflow/dags/workflow.py
[2024-05-23 09:40:38,915] {processor.py:651} INFO - DAG(s) dict_keys(['workflow']) retrieved from /opt/airflow/dags/workflow.py
[2024-05-23 09:40:38,958] {logging_mixin.py:115} INFO - [2024-05-23 09:40:38,958] {dag.py:2420} INFO - Sync 1 DAGs
[2024-05-23 09:40:38,973] {logging_mixin.py:115} INFO - [2024-05-23 09:40:38,973] {dag.py:2972} INFO - Setting next_dagrun for workflow to 2024-05-24T00:00:00+00:00, run_after=2024-05-25T00:00:00+00:00
[2024-05-23 09:40:38,981] {processor.py:161} INFO - Processing /opt/airflow/dags/workflow.py took 0.083 seconds
[2024-05-23 09:41:09,406] {processor.py:153} INFO - Started process (PID=2194) to work on /opt/airflow/dags/workflow.py
[2024-05-23 09:41:09,408] {processor.py:641} INFO - Processing file /opt/airflow/dags/workflow.py for tasks to queue
[2024-05-23 09:41:09,410] {logging_mixin.py:115} INFO - [2024-05-23 09:41:09,410] {dagbag.py:508} INFO - Filling up the DagBag from /opt/airflow/dags/workflow.py
[2024-05-23 09:41:09,447] {processor.py:651} INFO - DAG(s) dict_keys(['workflow']) retrieved from /opt/airflow/dags/workflow.py
[2024-05-23 09:41:09,505] {logging_mixin.py:115} INFO - [2024-05-23 09:41:09,505] {dag.py:2420} INFO - Sync 1 DAGs
[2024-05-23 09:41:09,522] {logging_mixin.py:115} INFO - [2024-05-23 09:41:09,521] {dag.py:2972} INFO - Setting next_dagrun for workflow to 2024-05-24T00:00:00+00:00, run_after=2024-05-25T00:00:00+00:00
[2024-05-23 09:41:09,531] {processor.py:161} INFO - Processing /opt/airflow/dags/workflow.py took 0.134 seconds
[2024-05-23 09:41:39,899] {processor.py:153} INFO - Started process (PID=2256) to work on /opt/airflow/dags/workflow.py
[2024-05-23 09:41:39,927] {processor.py:641} INFO - Processing file /opt/airflow/dags/workflow.py for tasks to queue
[2024-05-23 09:41:39,929] {logging_mixin.py:115} INFO - [2024-05-23 09:41:39,929] {dagbag.py:508} INFO - Filling up the DagBag from /opt/airflow/dags/workflow.py
[2024-05-23 09:41:39,969] {processor.py:651} INFO - DAG(s) dict_keys(['workflow']) retrieved from /opt/airflow/dags/workflow.py
[2024-05-23 09:41:40,024] {logging_mixin.py:115} INFO - [2024-05-23 09:41:40,024] {dag.py:2420} INFO - Sync 1 DAGs
[2024-05-23 09:41:40,040] {logging_mixin.py:115} INFO - [2024-05-23 09:41:40,040] {dag.py:2972} INFO - Setting next_dagrun for workflow to 2024-05-24T00:00:00+00:00, run_after=2024-05-25T00:00:00+00:00
[2024-05-23 09:41:40,049] {processor.py:161} INFO - Processing /opt/airflow/dags/workflow.py took 0.156 seconds
[2024-05-23 09:42:10,633] {processor.py:153} INFO - Started process (PID=2318) to work on /opt/airflow/dags/workflow.py
[2024-05-23 09:42:10,636] {processor.py:641} INFO - Processing file /opt/airflow/dags/workflow.py for tasks to queue
[2024-05-23 09:42:10,641] {logging_mixin.py:115} INFO - [2024-05-23 09:42:10,641] {dagbag.py:508} INFO - Filling up the DagBag from /opt/airflow/dags/workflow.py
[2024-05-23 09:42:10,666] {processor.py:651} INFO - DAG(s) dict_keys(['workflow']) retrieved from /opt/airflow/dags/workflow.py
[2024-05-23 09:42:10,713] {logging_mixin.py:115} INFO - [2024-05-23 09:42:10,713] {dag.py:2420} INFO - Sync 1 DAGs
[2024-05-23 09:42:10,727] {logging_mixin.py:115} INFO - [2024-05-23 09:42:10,727] {dag.py:2972} INFO - Setting next_dagrun for workflow to 2024-05-24T00:00:00+00:00, run_after=2024-05-25T00:00:00+00:00
[2024-05-23 09:42:10,736] {processor.py:161} INFO - Processing /opt/airflow/dags/workflow.py took 0.111 seconds
[2024-05-23 09:42:41,066] {processor.py:153} INFO - Started process (PID=2380) to work on /opt/airflow/dags/workflow.py
[2024-05-23 09:42:41,068] {processor.py:641} INFO - Processing file /opt/airflow/dags/workflow.py for tasks to queue
[2024-05-23 09:42:41,069] {logging_mixin.py:115} INFO - [2024-05-23 09:42:41,069] {dagbag.py:508} INFO - Filling up the DagBag from /opt/airflow/dags/workflow.py
[2024-05-23 09:42:41,087] {processor.py:651} INFO - DAG(s) dict_keys(['workflow']) retrieved from /opt/airflow/dags/workflow.py
[2024-05-23 09:42:41,124] {logging_mixin.py:115} INFO - [2024-05-23 09:42:41,124] {dag.py:2420} INFO - Sync 1 DAGs
[2024-05-23 09:42:41,137] {logging_mixin.py:115} INFO - [2024-05-23 09:42:41,137] {dag.py:2972} INFO - Setting next_dagrun for workflow to 2024-05-24T00:00:00+00:00, run_after=2024-05-25T00:00:00+00:00
[2024-05-23 09:42:41,145] {processor.py:161} INFO - Processing /opt/airflow/dags/workflow.py took 0.084 seconds
[2024-05-23 09:43:11,587] {processor.py:153} INFO - Started process (PID=2442) to work on /opt/airflow/dags/workflow.py
[2024-05-23 09:43:11,591] {processor.py:641} INFO - Processing file /opt/airflow/dags/workflow.py for tasks to queue
[2024-05-23 09:43:11,592] {logging_mixin.py:115} INFO - [2024-05-23 09:43:11,592] {dagbag.py:508} INFO - Filling up the DagBag from /opt/airflow/dags/workflow.py
[2024-05-23 09:43:11,619] {processor.py:651} INFO - DAG(s) dict_keys(['workflow']) retrieved from /opt/airflow/dags/workflow.py
[2024-05-23 09:43:11,670] {logging_mixin.py:115} INFO - [2024-05-23 09:43:11,670] {dag.py:2420} INFO - Sync 1 DAGs
[2024-05-23 09:43:11,683] {logging_mixin.py:115} INFO - [2024-05-23 09:43:11,683] {dag.py:2972} INFO - Setting next_dagrun for workflow to 2024-05-24T00:00:00+00:00, run_after=2024-05-25T00:00:00+00:00
[2024-05-23 09:43:11,692] {processor.py:161} INFO - Processing /opt/airflow/dags/workflow.py took 0.109 seconds
[2024-05-23 09:43:42,012] {processor.py:153} INFO - Started process (PID=2496) to work on /opt/airflow/dags/workflow.py
[2024-05-23 09:43:42,014] {processor.py:641} INFO - Processing file /opt/airflow/dags/workflow.py for tasks to queue
[2024-05-23 09:43:42,015] {logging_mixin.py:115} INFO - [2024-05-23 09:43:42,015] {dagbag.py:508} INFO - Filling up the DagBag from /opt/airflow/dags/workflow.py
[2024-05-23 09:43:42,031] {processor.py:651} INFO - DAG(s) dict_keys(['workflow']) retrieved from /opt/airflow/dags/workflow.py
[2024-05-23 09:43:42,072] {logging_mixin.py:115} INFO - [2024-05-23 09:43:42,072] {dag.py:2420} INFO - Sync 1 DAGs
[2024-05-23 09:43:42,085] {logging_mixin.py:115} INFO - [2024-05-23 09:43:42,085] {dag.py:2972} INFO - Setting next_dagrun for workflow to 2024-05-24T00:00:00+00:00, run_after=2024-05-25T00:00:00+00:00
[2024-05-23 09:43:42,093] {processor.py:161} INFO - Processing /opt/airflow/dags/workflow.py took 0.084 seconds
[2024-05-23 09:44:12,497] {processor.py:153} INFO - Started process (PID=2558) to work on /opt/airflow/dags/workflow.py
[2024-05-23 09:44:12,500] {processor.py:641} INFO - Processing file /opt/airflow/dags/workflow.py for tasks to queue
[2024-05-23 09:44:12,501] {logging_mixin.py:115} INFO - [2024-05-23 09:44:12,501] {dagbag.py:508} INFO - Filling up the DagBag from /opt/airflow/dags/workflow.py
[2024-05-23 09:44:12,526] {processor.py:651} INFO - DAG(s) dict_keys(['workflow']) retrieved from /opt/airflow/dags/workflow.py
[2024-05-23 09:44:12,574] {logging_mixin.py:115} INFO - [2024-05-23 09:44:12,574] {dag.py:2420} INFO - Sync 1 DAGs
[2024-05-23 09:44:12,588] {logging_mixin.py:115} INFO - [2024-05-23 09:44:12,588] {dag.py:2972} INFO - Setting next_dagrun for workflow to 2024-05-24T00:00:00+00:00, run_after=2024-05-25T00:00:00+00:00
[2024-05-23 09:44:12,597] {processor.py:161} INFO - Processing /opt/airflow/dags/workflow.py took 0.106 seconds
[2024-05-23 09:44:42,930] {processor.py:153} INFO - Started process (PID=2620) to work on /opt/airflow/dags/workflow.py
[2024-05-23 09:44:42,932] {processor.py:641} INFO - Processing file /opt/airflow/dags/workflow.py for tasks to queue
[2024-05-23 09:44:42,933] {logging_mixin.py:115} INFO - [2024-05-23 09:44:42,933] {dagbag.py:508} INFO - Filling up the DagBag from /opt/airflow/dags/workflow.py
[2024-05-23 09:44:42,951] {processor.py:651} INFO - DAG(s) dict_keys(['workflow']) retrieved from /opt/airflow/dags/workflow.py
[2024-05-23 09:44:42,995] {logging_mixin.py:115} INFO - [2024-05-23 09:44:42,995] {dag.py:2420} INFO - Sync 1 DAGs
[2024-05-23 09:44:43,007] {logging_mixin.py:115} INFO - [2024-05-23 09:44:43,007] {dag.py:2972} INFO - Setting next_dagrun for workflow to 2024-05-24T00:00:00+00:00, run_after=2024-05-25T00:00:00+00:00
[2024-05-23 09:44:43,016] {processor.py:161} INFO - Processing /opt/airflow/dags/workflow.py took 0.091 seconds
[2024-05-23 09:45:13,501] {processor.py:153} INFO - Started process (PID=2682) to work on /opt/airflow/dags/workflow.py
[2024-05-23 09:45:13,503] {processor.py:641} INFO - Processing file /opt/airflow/dags/workflow.py for tasks to queue
[2024-05-23 09:45:13,504] {logging_mixin.py:115} INFO - [2024-05-23 09:45:13,504] {dagbag.py:508} INFO - Filling up the DagBag from /opt/airflow/dags/workflow.py
[2024-05-23 09:45:13,533] {processor.py:651} INFO - DAG(s) dict_keys(['workflow']) retrieved from /opt/airflow/dags/workflow.py
[2024-05-23 09:45:13,580] {logging_mixin.py:115} INFO - [2024-05-23 09:45:13,580] {dag.py:2420} INFO - Sync 1 DAGs
[2024-05-23 09:45:13,596] {logging_mixin.py:115} INFO - [2024-05-23 09:45:13,596] {dag.py:2972} INFO - Setting next_dagrun for workflow to 2024-05-24T00:00:00+00:00, run_after=2024-05-25T00:00:00+00:00
[2024-05-23 09:45:13,606] {processor.py:161} INFO - Processing /opt/airflow/dags/workflow.py took 0.110 seconds
[2024-05-23 09:45:44,037] {processor.py:153} INFO - Started process (PID=2744) to work on /opt/airflow/dags/workflow.py
[2024-05-23 09:45:44,040] {processor.py:641} INFO - Processing file /opt/airflow/dags/workflow.py for tasks to queue
[2024-05-23 09:45:44,041] {logging_mixin.py:115} INFO - [2024-05-23 09:45:44,041] {dagbag.py:508} INFO - Filling up the DagBag from /opt/airflow/dags/workflow.py
[2024-05-23 09:45:44,059] {processor.py:651} INFO - DAG(s) dict_keys(['workflow']) retrieved from /opt/airflow/dags/workflow.py
[2024-05-23 09:45:44,104] {logging_mixin.py:115} INFO - [2024-05-23 09:45:44,104] {dag.py:2420} INFO - Sync 1 DAGs
[2024-05-23 09:45:44,115] {logging_mixin.py:115} INFO - [2024-05-23 09:45:44,115] {dag.py:2972} INFO - Setting next_dagrun for workflow to 2024-05-24T00:00:00+00:00, run_after=2024-05-25T00:00:00+00:00
[2024-05-23 09:45:44,123] {processor.py:161} INFO - Processing /opt/airflow/dags/workflow.py took 0.089 seconds
[2024-05-23 09:46:14,452] {processor.py:153} INFO - Started process (PID=2806) to work on /opt/airflow/dags/workflow.py
[2024-05-23 09:46:14,454] {processor.py:641} INFO - Processing file /opt/airflow/dags/workflow.py for tasks to queue
[2024-05-23 09:46:14,456] {logging_mixin.py:115} INFO - [2024-05-23 09:46:14,456] {dagbag.py:508} INFO - Filling up the DagBag from /opt/airflow/dags/workflow.py
[2024-05-23 09:46:14,490] {processor.py:651} INFO - DAG(s) dict_keys(['workflow']) retrieved from /opt/airflow/dags/workflow.py
[2024-05-23 09:46:14,533] {logging_mixin.py:115} INFO - [2024-05-23 09:46:14,533] {dag.py:2420} INFO - Sync 1 DAGs
[2024-05-23 09:46:14,546] {logging_mixin.py:115} INFO - [2024-05-23 09:46:14,546] {dag.py:2972} INFO - Setting next_dagrun for workflow to 2024-05-24T00:00:00+00:00, run_after=2024-05-25T00:00:00+00:00
[2024-05-23 09:46:14,553] {processor.py:161} INFO - Processing /opt/airflow/dags/workflow.py took 0.109 seconds
[2024-05-23 09:46:44,884] {processor.py:153} INFO - Started process (PID=2859) to work on /opt/airflow/dags/workflow.py
[2024-05-23 09:46:44,886] {processor.py:641} INFO - Processing file /opt/airflow/dags/workflow.py for tasks to queue
[2024-05-23 09:46:44,887] {logging_mixin.py:115} INFO - [2024-05-23 09:46:44,887] {dagbag.py:508} INFO - Filling up the DagBag from /opt/airflow/dags/workflow.py
[2024-05-23 09:46:44,909] {processor.py:651} INFO - DAG(s) dict_keys(['workflow']) retrieved from /opt/airflow/dags/workflow.py
[2024-05-23 09:46:44,966] {logging_mixin.py:115} INFO - [2024-05-23 09:46:44,966] {dag.py:2420} INFO - Sync 1 DAGs
[2024-05-23 09:46:44,982] {logging_mixin.py:115} INFO - [2024-05-23 09:46:44,982] {dag.py:2972} INFO - Setting next_dagrun for workflow to 2024-05-24T00:00:00+00:00, run_after=2024-05-25T00:00:00+00:00
[2024-05-23 09:46:44,991] {processor.py:161} INFO - Processing /opt/airflow/dags/workflow.py took 0.113 seconds
[2024-05-23 09:47:15,529] {processor.py:153} INFO - Started process (PID=2921) to work on /opt/airflow/dags/workflow.py
[2024-05-23 09:47:15,532] {processor.py:641} INFO - Processing file /opt/airflow/dags/workflow.py for tasks to queue
[2024-05-23 09:47:15,534] {logging_mixin.py:115} INFO - [2024-05-23 09:47:15,534] {dagbag.py:508} INFO - Filling up the DagBag from /opt/airflow/dags/workflow.py
[2024-05-23 09:47:15,564] {processor.py:651} INFO - DAG(s) dict_keys(['workflow']) retrieved from /opt/airflow/dags/workflow.py
[2024-05-23 09:47:15,618] {logging_mixin.py:115} INFO - [2024-05-23 09:47:15,618] {dag.py:2420} INFO - Sync 1 DAGs
[2024-05-23 09:47:15,634] {logging_mixin.py:115} INFO - [2024-05-23 09:47:15,634] {dag.py:2972} INFO - Setting next_dagrun for workflow to 2024-05-24T00:00:00+00:00, run_after=2024-05-25T00:00:00+00:00
[2024-05-23 09:47:15,644] {processor.py:161} INFO - Processing /opt/airflow/dags/workflow.py took 0.123 seconds
[2024-05-23 09:47:46,032] {processor.py:153} INFO - Started process (PID=2983) to work on /opt/airflow/dags/workflow.py
[2024-05-23 09:47:46,034] {processor.py:641} INFO - Processing file /opt/airflow/dags/workflow.py for tasks to queue
[2024-05-23 09:47:46,035] {logging_mixin.py:115} INFO - [2024-05-23 09:47:46,035] {dagbag.py:508} INFO - Filling up the DagBag from /opt/airflow/dags/workflow.py
[2024-05-23 09:47:46,056] {processor.py:651} INFO - DAG(s) dict_keys(['workflow']) retrieved from /opt/airflow/dags/workflow.py
[2024-05-23 09:47:46,098] {logging_mixin.py:115} INFO - [2024-05-23 09:47:46,098] {dag.py:2420} INFO - Sync 1 DAGs
[2024-05-23 09:47:46,111] {logging_mixin.py:115} INFO - [2024-05-23 09:47:46,111] {dag.py:2972} INFO - Setting next_dagrun for workflow to 2024-05-24T00:00:00+00:00, run_after=2024-05-25T00:00:00+00:00
[2024-05-23 09:47:46,119] {processor.py:161} INFO - Processing /opt/airflow/dags/workflow.py took 0.093 seconds
[2024-05-23 09:48:16,469] {processor.py:153} INFO - Started process (PID=3045) to work on /opt/airflow/dags/workflow.py
[2024-05-23 09:48:16,471] {processor.py:641} INFO - Processing file /opt/airflow/dags/workflow.py for tasks to queue
[2024-05-23 09:48:16,472] {logging_mixin.py:115} INFO - [2024-05-23 09:48:16,472] {dagbag.py:508} INFO - Filling up the DagBag from /opt/airflow/dags/workflow.py
[2024-05-23 09:48:16,494] {processor.py:651} INFO - DAG(s) dict_keys(['workflow']) retrieved from /opt/airflow/dags/workflow.py
[2024-05-23 09:48:16,536] {logging_mixin.py:115} INFO - [2024-05-23 09:48:16,536] {dag.py:2420} INFO - Sync 1 DAGs
[2024-05-23 09:48:16,549] {logging_mixin.py:115} INFO - [2024-05-23 09:48:16,548] {dag.py:2972} INFO - Setting next_dagrun for workflow to 2024-05-24T00:00:00+00:00, run_after=2024-05-25T00:00:00+00:00
[2024-05-23 09:48:16,556] {processor.py:161} INFO - Processing /opt/airflow/dags/workflow.py took 0.091 seconds
[2024-05-23 09:48:46,887] {processor.py:153} INFO - Started process (PID=3107) to work on /opt/airflow/dags/workflow.py
[2024-05-23 09:48:46,890] {processor.py:641} INFO - Processing file /opt/airflow/dags/workflow.py for tasks to queue
[2024-05-23 09:48:46,893] {logging_mixin.py:115} INFO - [2024-05-23 09:48:46,893] {dagbag.py:508} INFO - Filling up the DagBag from /opt/airflow/dags/workflow.py
[2024-05-23 09:48:46,918] {processor.py:651} INFO - DAG(s) dict_keys(['workflow']) retrieved from /opt/airflow/dags/workflow.py
[2024-05-23 09:48:46,970] {logging_mixin.py:115} INFO - [2024-05-23 09:48:46,970] {dag.py:2420} INFO - Sync 1 DAGs
[2024-05-23 09:48:46,982] {logging_mixin.py:115} INFO - [2024-05-23 09:48:46,982] {dag.py:2972} INFO - Setting next_dagrun for workflow to 2024-05-24T00:00:00+00:00, run_after=2024-05-25T00:00:00+00:00
[2024-05-23 09:48:46,990] {processor.py:161} INFO - Processing /opt/airflow/dags/workflow.py took 0.109 seconds
[2024-05-23 09:49:17,486] {processor.py:153} INFO - Started process (PID=3169) to work on /opt/airflow/dags/workflow.py
[2024-05-23 09:49:17,488] {processor.py:641} INFO - Processing file /opt/airflow/dags/workflow.py for tasks to queue
[2024-05-23 09:49:17,489] {logging_mixin.py:115} INFO - [2024-05-23 09:49:17,489] {dagbag.py:508} INFO - Filling up the DagBag from /opt/airflow/dags/workflow.py
[2024-05-23 09:49:17,515] {processor.py:651} INFO - DAG(s) dict_keys(['workflow']) retrieved from /opt/airflow/dags/workflow.py
[2024-05-23 09:49:17,564] {logging_mixin.py:115} INFO - [2024-05-23 09:49:17,564] {dag.py:2420} INFO - Sync 1 DAGs
[2024-05-23 09:49:17,577] {logging_mixin.py:115} INFO - [2024-05-23 09:49:17,577] {dag.py:2972} INFO - Setting next_dagrun for workflow to 2024-05-24T00:00:00+00:00, run_after=2024-05-25T00:00:00+00:00
[2024-05-23 09:49:17,586] {processor.py:161} INFO - Processing /opt/airflow/dags/workflow.py took 0.105 seconds
[2024-05-23 09:49:47,988] {processor.py:153} INFO - Started process (PID=3222) to work on /opt/airflow/dags/workflow.py
[2024-05-23 09:49:47,991] {processor.py:641} INFO - Processing file /opt/airflow/dags/workflow.py for tasks to queue
[2024-05-23 09:49:47,992] {logging_mixin.py:115} INFO - [2024-05-23 09:49:47,992] {dagbag.py:508} INFO - Filling up the DagBag from /opt/airflow/dags/workflow.py
[2024-05-23 09:49:48,012] {processor.py:651} INFO - DAG(s) dict_keys(['workflow']) retrieved from /opt/airflow/dags/workflow.py
[2024-05-23 09:49:48,053] {logging_mixin.py:115} INFO - [2024-05-23 09:49:48,053] {dag.py:2420} INFO - Sync 1 DAGs
[2024-05-23 09:49:48,065] {logging_mixin.py:115} INFO - [2024-05-23 09:49:48,065] {dag.py:2972} INFO - Setting next_dagrun for workflow to 2024-05-24T00:00:00+00:00, run_after=2024-05-25T00:00:00+00:00
[2024-05-23 09:49:48,072] {processor.py:161} INFO - Processing /opt/airflow/dags/workflow.py took 0.088 seconds
[2024-05-23 09:50:18,421] {processor.py:153} INFO - Started process (PID=3284) to work on /opt/airflow/dags/workflow.py
[2024-05-23 09:50:18,423] {processor.py:641} INFO - Processing file /opt/airflow/dags/workflow.py for tasks to queue
[2024-05-23 09:50:18,423] {logging_mixin.py:115} INFO - [2024-05-23 09:50:18,423] {dagbag.py:508} INFO - Filling up the DagBag from /opt/airflow/dags/workflow.py
[2024-05-23 09:50:18,437] {processor.py:651} INFO - DAG(s) dict_keys(['workflow']) retrieved from /opt/airflow/dags/workflow.py
[2024-05-23 09:50:18,478] {logging_mixin.py:115} INFO - [2024-05-23 09:50:18,478] {dag.py:2420} INFO - Sync 1 DAGs
[2024-05-23 09:50:18,491] {logging_mixin.py:115} INFO - [2024-05-23 09:50:18,491] {dag.py:2972} INFO - Setting next_dagrun for workflow to 2024-05-24T00:00:00+00:00, run_after=2024-05-25T00:00:00+00:00
[2024-05-23 09:50:18,499] {processor.py:161} INFO - Processing /opt/airflow/dags/workflow.py took 0.081 seconds
[2024-05-23 09:50:49,024] {processor.py:153} INFO - Started process (PID=3346) to work on /opt/airflow/dags/workflow.py
[2024-05-23 09:50:49,026] {processor.py:641} INFO - Processing file /opt/airflow/dags/workflow.py for tasks to queue
[2024-05-23 09:50:49,027] {logging_mixin.py:115} INFO - [2024-05-23 09:50:49,027] {dagbag.py:508} INFO - Filling up the DagBag from /opt/airflow/dags/workflow.py
[2024-05-23 09:50:49,056] {processor.py:651} INFO - DAG(s) dict_keys(['workflow']) retrieved from /opt/airflow/dags/workflow.py
[2024-05-23 09:50:49,102] {logging_mixin.py:115} INFO - [2024-05-23 09:50:49,102] {dag.py:2420} INFO - Sync 1 DAGs
[2024-05-23 09:50:49,117] {logging_mixin.py:115} INFO - [2024-05-23 09:50:49,117] {dag.py:2972} INFO - Setting next_dagrun for workflow to 2024-05-24T00:00:00+00:00, run_after=2024-05-25T00:00:00+00:00
[2024-05-23 09:50:49,125] {processor.py:161} INFO - Processing /opt/airflow/dags/workflow.py took 0.108 seconds
[2024-05-23 09:51:19,401] {processor.py:153} INFO - Started process (PID=3408) to work on /opt/airflow/dags/workflow.py
[2024-05-23 09:51:19,403] {processor.py:641} INFO - Processing file /opt/airflow/dags/workflow.py for tasks to queue
[2024-05-23 09:51:19,405] {logging_mixin.py:115} INFO - [2024-05-23 09:51:19,405] {dagbag.py:508} INFO - Filling up the DagBag from /opt/airflow/dags/workflow.py
[2024-05-23 09:51:19,434] {processor.py:651} INFO - DAG(s) dict_keys(['workflow']) retrieved from /opt/airflow/dags/workflow.py
[2024-05-23 09:51:19,477] {logging_mixin.py:115} INFO - [2024-05-23 09:51:19,477] {dag.py:2420} INFO - Sync 1 DAGs
[2024-05-23 09:51:19,491] {logging_mixin.py:115} INFO - [2024-05-23 09:51:19,491] {dag.py:2972} INFO - Setting next_dagrun for workflow to 2024-05-24T00:00:00+00:00, run_after=2024-05-25T00:00:00+00:00
[2024-05-23 09:51:19,500] {processor.py:161} INFO - Processing /opt/airflow/dags/workflow.py took 0.107 seconds
[2024-05-23 09:51:49,804] {processor.py:153} INFO - Started process (PID=3470) to work on /opt/airflow/dags/workflow.py
[2024-05-23 09:51:49,806] {processor.py:641} INFO - Processing file /opt/airflow/dags/workflow.py for tasks to queue
[2024-05-23 09:51:49,807] {logging_mixin.py:115} INFO - [2024-05-23 09:51:49,807] {dagbag.py:508} INFO - Filling up the DagBag from /opt/airflow/dags/workflow.py
[2024-05-23 09:51:49,826] {processor.py:651} INFO - DAG(s) dict_keys(['workflow']) retrieved from /opt/airflow/dags/workflow.py
[2024-05-23 09:51:49,872] {logging_mixin.py:115} INFO - [2024-05-23 09:51:49,872] {dag.py:2420} INFO - Sync 1 DAGs
[2024-05-23 09:51:49,886] {logging_mixin.py:115} INFO - [2024-05-23 09:51:49,886] {dag.py:2972} INFO - Setting next_dagrun for workflow to 2024-05-24T00:00:00+00:00, run_after=2024-05-25T00:00:00+00:00
[2024-05-23 09:51:49,895] {processor.py:161} INFO - Processing /opt/airflow/dags/workflow.py took 0.096 seconds
[2024-05-23 09:52:20,352] {processor.py:153} INFO - Started process (PID=3532) to work on /opt/airflow/dags/workflow.py
[2024-05-23 09:52:20,354] {processor.py:641} INFO - Processing file /opt/airflow/dags/workflow.py for tasks to queue
[2024-05-23 09:52:20,355] {logging_mixin.py:115} INFO - [2024-05-23 09:52:20,355] {dagbag.py:508} INFO - Filling up the DagBag from /opt/airflow/dags/workflow.py
[2024-05-23 09:52:20,368] {processor.py:651} INFO - DAG(s) dict_keys(['workflow']) retrieved from /opt/airflow/dags/workflow.py
[2024-05-23 09:52:20,410] {logging_mixin.py:115} INFO - [2024-05-23 09:52:20,410] {dag.py:2420} INFO - Sync 1 DAGs
[2024-05-23 09:52:20,424] {logging_mixin.py:115} INFO - [2024-05-23 09:52:20,424] {dag.py:2972} INFO - Setting next_dagrun for workflow to 2024-05-24T00:00:00+00:00, run_after=2024-05-25T00:00:00+00:00
[2024-05-23 09:52:20,432] {processor.py:161} INFO - Processing /opt/airflow/dags/workflow.py took 0.082 seconds
[2024-05-23 09:52:50,820] {processor.py:153} INFO - Started process (PID=3585) to work on /opt/airflow/dags/workflow.py
[2024-05-23 09:52:50,823] {processor.py:641} INFO - Processing file /opt/airflow/dags/workflow.py for tasks to queue
[2024-05-23 09:52:50,825] {logging_mixin.py:115} INFO - [2024-05-23 09:52:50,825] {dagbag.py:508} INFO - Filling up the DagBag from /opt/airflow/dags/workflow.py
[2024-05-23 09:52:50,850] {processor.py:651} INFO - DAG(s) dict_keys(['workflow']) retrieved from /opt/airflow/dags/workflow.py
[2024-05-23 09:52:50,896] {logging_mixin.py:115} INFO - [2024-05-23 09:52:50,896] {dag.py:2420} INFO - Sync 1 DAGs
[2024-05-23 09:52:50,910] {logging_mixin.py:115} INFO - [2024-05-23 09:52:50,910] {dag.py:2972} INFO - Setting next_dagrun for workflow to 2024-05-24T00:00:00+00:00, run_after=2024-05-25T00:00:00+00:00
[2024-05-23 09:52:50,920] {processor.py:161} INFO - Processing /opt/airflow/dags/workflow.py took 0.108 seconds
[2024-05-23 09:53:21,312] {processor.py:153} INFO - Started process (PID=3647) to work on /opt/airflow/dags/workflow.py
[2024-05-23 09:53:21,315] {processor.py:641} INFO - Processing file /opt/airflow/dags/workflow.py for tasks to queue
[2024-05-23 09:53:21,316] {logging_mixin.py:115} INFO - [2024-05-23 09:53:21,316] {dagbag.py:508} INFO - Filling up the DagBag from /opt/airflow/dags/workflow.py
[2024-05-23 09:53:21,341] {processor.py:651} INFO - DAG(s) dict_keys(['workflow']) retrieved from /opt/airflow/dags/workflow.py
[2024-05-23 09:53:21,379] {logging_mixin.py:115} INFO - [2024-05-23 09:53:21,379] {dag.py:2420} INFO - Sync 1 DAGs
[2024-05-23 09:53:21,391] {logging_mixin.py:115} INFO - [2024-05-23 09:53:21,391] {dag.py:2972} INFO - Setting next_dagrun for workflow to 2024-05-24T00:00:00+00:00, run_after=2024-05-25T00:00:00+00:00
[2024-05-23 09:53:21,398] {processor.py:161} INFO - Processing /opt/airflow/dags/workflow.py took 0.091 seconds
[2024-05-23 09:53:51,835] {processor.py:153} INFO - Started process (PID=3709) to work on /opt/airflow/dags/workflow.py
[2024-05-23 09:53:51,837] {processor.py:641} INFO - Processing file /opt/airflow/dags/workflow.py for tasks to queue
[2024-05-23 09:53:51,838] {logging_mixin.py:115} INFO - [2024-05-23 09:53:51,837] {dagbag.py:508} INFO - Filling up the DagBag from /opt/airflow/dags/workflow.py
[2024-05-23 09:53:51,851] {processor.py:651} INFO - DAG(s) dict_keys(['workflow']) retrieved from /opt/airflow/dags/workflow.py
[2024-05-23 09:53:51,895] {logging_mixin.py:115} INFO - [2024-05-23 09:53:51,894] {dag.py:2420} INFO - Sync 1 DAGs
[2024-05-23 09:53:51,910] {logging_mixin.py:115} INFO - [2024-05-23 09:53:51,910] {dag.py:2972} INFO - Setting next_dagrun for workflow to 2024-05-24T00:00:00+00:00, run_after=2024-05-25T00:00:00+00:00
[2024-05-23 09:53:51,918] {processor.py:161} INFO - Processing /opt/airflow/dags/workflow.py took 0.086 seconds
[2024-05-23 09:54:22,423] {processor.py:153} INFO - Started process (PID=3771) to work on /opt/airflow/dags/workflow.py
[2024-05-23 09:54:22,427] {processor.py:641} INFO - Processing file /opt/airflow/dags/workflow.py for tasks to queue
[2024-05-23 09:54:22,428] {logging_mixin.py:115} INFO - [2024-05-23 09:54:22,428] {dagbag.py:508} INFO - Filling up the DagBag from /opt/airflow/dags/workflow.py
[2024-05-23 09:54:22,449] {processor.py:651} INFO - DAG(s) dict_keys(['workflow']) retrieved from /opt/airflow/dags/workflow.py
[2024-05-23 09:54:22,497] {logging_mixin.py:115} INFO - [2024-05-23 09:54:22,497] {dag.py:2420} INFO - Sync 1 DAGs
[2024-05-23 09:54:22,512] {logging_mixin.py:115} INFO - [2024-05-23 09:54:22,512] {dag.py:2972} INFO - Setting next_dagrun for workflow to 2024-05-24T00:00:00+00:00, run_after=2024-05-25T00:00:00+00:00
[2024-05-23 09:54:22,519] {processor.py:161} INFO - Processing /opt/airflow/dags/workflow.py took 0.101 seconds
[2024-05-23 09:54:52,837] {processor.py:153} INFO - Started process (PID=3833) to work on /opt/airflow/dags/workflow.py
[2024-05-23 09:54:52,840] {processor.py:641} INFO - Processing file /opt/airflow/dags/workflow.py for tasks to queue
[2024-05-23 09:54:52,840] {logging_mixin.py:115} INFO - [2024-05-23 09:54:52,840] {dagbag.py:508} INFO - Filling up the DagBag from /opt/airflow/dags/workflow.py
[2024-05-23 09:54:52,852] {processor.py:651} INFO - DAG(s) dict_keys(['workflow']) retrieved from /opt/airflow/dags/workflow.py
[2024-05-23 09:54:52,896] {logging_mixin.py:115} INFO - [2024-05-23 09:54:52,896] {dag.py:2420} INFO - Sync 1 DAGs
[2024-05-23 09:54:52,911] {logging_mixin.py:115} INFO - [2024-05-23 09:54:52,911] {dag.py:2972} INFO - Setting next_dagrun for workflow to 2024-05-24T00:00:00+00:00, run_after=2024-05-25T00:00:00+00:00
[2024-05-23 09:54:52,920] {processor.py:161} INFO - Processing /opt/airflow/dags/workflow.py took 0.087 seconds
[2024-05-23 09:55:23,242] {processor.py:153} INFO - Started process (PID=3886) to work on /opt/airflow/dags/workflow.py
[2024-05-23 09:55:23,244] {processor.py:641} INFO - Processing file /opt/airflow/dags/workflow.py for tasks to queue
[2024-05-23 09:55:23,244] {logging_mixin.py:115} INFO - [2024-05-23 09:55:23,244] {dagbag.py:508} INFO - Filling up the DagBag from /opt/airflow/dags/workflow.py
[2024-05-23 09:55:23,259] {processor.py:651} INFO - DAG(s) dict_keys(['workflow']) retrieved from /opt/airflow/dags/workflow.py
[2024-05-23 09:55:23,296] {logging_mixin.py:115} INFO - [2024-05-23 09:55:23,296] {dag.py:2420} INFO - Sync 1 DAGs
[2024-05-23 09:55:23,309] {logging_mixin.py:115} INFO - [2024-05-23 09:55:23,309] {dag.py:2972} INFO - Setting next_dagrun for workflow to 2024-05-24T00:00:00+00:00, run_after=2024-05-25T00:00:00+00:00
[2024-05-23 09:55:23,317] {processor.py:161} INFO - Processing /opt/airflow/dags/workflow.py took 0.079 seconds
[2024-05-23 09:55:53,790] {processor.py:153} INFO - Started process (PID=3948) to work on /opt/airflow/dags/workflow.py
[2024-05-23 09:55:53,792] {processor.py:641} INFO - Processing file /opt/airflow/dags/workflow.py for tasks to queue
[2024-05-23 09:55:53,794] {logging_mixin.py:115} INFO - [2024-05-23 09:55:53,794] {dagbag.py:508} INFO - Filling up the DagBag from /opt/airflow/dags/workflow.py
[2024-05-23 09:55:53,816] {processor.py:651} INFO - DAG(s) dict_keys(['workflow']) retrieved from /opt/airflow/dags/workflow.py
[2024-05-23 09:55:53,868] {logging_mixin.py:115} INFO - [2024-05-23 09:55:53,868] {dag.py:2420} INFO - Sync 1 DAGs
[2024-05-23 09:55:53,880] {logging_mixin.py:115} INFO - [2024-05-23 09:55:53,880] {dag.py:2972} INFO - Setting next_dagrun for workflow to 2024-05-24T00:00:00+00:00, run_after=2024-05-25T00:00:00+00:00
[2024-05-23 09:55:53,889] {processor.py:161} INFO - Processing /opt/airflow/dags/workflow.py took 0.104 seconds
[2024-05-23 09:56:24,235] {processor.py:153} INFO - Started process (PID=4010) to work on /opt/airflow/dags/workflow.py
[2024-05-23 09:56:24,236] {processor.py:641} INFO - Processing file /opt/airflow/dags/workflow.py for tasks to queue
[2024-05-23 09:56:24,237] {logging_mixin.py:115} INFO - [2024-05-23 09:56:24,237] {dagbag.py:508} INFO - Filling up the DagBag from /opt/airflow/dags/workflow.py
[2024-05-23 09:56:24,250] {processor.py:651} INFO - DAG(s) dict_keys(['workflow']) retrieved from /opt/airflow/dags/workflow.py
[2024-05-23 09:56:24,287] {logging_mixin.py:115} INFO - [2024-05-23 09:56:24,287] {dag.py:2420} INFO - Sync 1 DAGs
[2024-05-23 09:56:24,299] {logging_mixin.py:115} INFO - [2024-05-23 09:56:24,299] {dag.py:2972} INFO - Setting next_dagrun for workflow to 2024-05-24T00:00:00+00:00, run_after=2024-05-25T00:00:00+00:00
[2024-05-23 09:56:24,307] {processor.py:161} INFO - Processing /opt/airflow/dags/workflow.py took 0.075 seconds
[2024-05-23 09:56:54,722] {processor.py:153} INFO - Started process (PID=4072) to work on /opt/airflow/dags/workflow.py
[2024-05-23 09:56:54,725] {processor.py:641} INFO - Processing file /opt/airflow/dags/workflow.py for tasks to queue
[2024-05-23 09:56:54,726] {logging_mixin.py:115} INFO - [2024-05-23 09:56:54,726] {dagbag.py:508} INFO - Filling up the DagBag from /opt/airflow/dags/workflow.py
[2024-05-23 09:56:54,752] {processor.py:651} INFO - DAG(s) dict_keys(['workflow']) retrieved from /opt/airflow/dags/workflow.py
[2024-05-23 09:56:54,799] {logging_mixin.py:115} INFO - [2024-05-23 09:56:54,799] {dag.py:2420} INFO - Sync 1 DAGs
[2024-05-23 09:56:54,811] {logging_mixin.py:115} INFO - [2024-05-23 09:56:54,811] {dag.py:2972} INFO - Setting next_dagrun for workflow to 2024-05-24T00:00:00+00:00, run_after=2024-05-25T00:00:00+00:00
[2024-05-23 09:56:54,819] {processor.py:161} INFO - Processing /opt/airflow/dags/workflow.py took 0.100 seconds
[2024-05-23 09:57:25,137] {processor.py:153} INFO - Started process (PID=4134) to work on /opt/airflow/dags/workflow.py
[2024-05-23 09:57:25,140] {processor.py:641} INFO - Processing file /opt/airflow/dags/workflow.py for tasks to queue
[2024-05-23 09:57:25,141] {logging_mixin.py:115} INFO - [2024-05-23 09:57:25,141] {dagbag.py:508} INFO - Filling up the DagBag from /opt/airflow/dags/workflow.py
[2024-05-23 09:57:25,164] {processor.py:651} INFO - DAG(s) dict_keys(['workflow']) retrieved from /opt/airflow/dags/workflow.py
[2024-05-23 09:57:25,218] {logging_mixin.py:115} INFO - [2024-05-23 09:57:25,218] {dag.py:2420} INFO - Sync 1 DAGs
[2024-05-23 09:57:25,234] {logging_mixin.py:115} INFO - [2024-05-23 09:57:25,234] {dag.py:2972} INFO - Setting next_dagrun for workflow to 2024-05-24T00:00:00+00:00, run_after=2024-05-25T00:00:00+00:00
[2024-05-23 09:57:25,244] {processor.py:161} INFO - Processing /opt/airflow/dags/workflow.py took 0.114 seconds
[2024-05-23 09:57:55,605] {processor.py:153} INFO - Started process (PID=4196) to work on /opt/airflow/dags/workflow.py
[2024-05-23 09:57:55,607] {processor.py:641} INFO - Processing file /opt/airflow/dags/workflow.py for tasks to queue
[2024-05-23 09:57:55,608] {logging_mixin.py:115} INFO - [2024-05-23 09:57:55,608] {dagbag.py:508} INFO - Filling up the DagBag from /opt/airflow/dags/workflow.py
[2024-05-23 09:57:55,629] {processor.py:651} INFO - DAG(s) dict_keys(['workflow']) retrieved from /opt/airflow/dags/workflow.py
[2024-05-23 09:57:55,672] {logging_mixin.py:115} INFO - [2024-05-23 09:57:55,672] {dag.py:2420} INFO - Sync 1 DAGs
[2024-05-23 09:57:55,687] {logging_mixin.py:115} INFO - [2024-05-23 09:57:55,687] {dag.py:2972} INFO - Setting next_dagrun for workflow to 2024-05-24T00:00:00+00:00, run_after=2024-05-25T00:00:00+00:00
[2024-05-23 09:57:55,695] {processor.py:161} INFO - Processing /opt/airflow/dags/workflow.py took 0.093 seconds
[2024-05-23 09:58:26,169] {processor.py:153} INFO - Started process (PID=4249) to work on /opt/airflow/dags/workflow.py
[2024-05-23 09:58:26,172] {processor.py:641} INFO - Processing file /opt/airflow/dags/workflow.py for tasks to queue
[2024-05-23 09:58:26,173] {logging_mixin.py:115} INFO - [2024-05-23 09:58:26,173] {dagbag.py:508} INFO - Filling up the DagBag from /opt/airflow/dags/workflow.py
[2024-05-23 09:58:26,201] {processor.py:651} INFO - DAG(s) dict_keys(['workflow']) retrieved from /opt/airflow/dags/workflow.py
[2024-05-23 09:58:26,247] {logging_mixin.py:115} INFO - [2024-05-23 09:58:26,247] {dag.py:2420} INFO - Sync 1 DAGs
[2024-05-23 09:58:26,262] {logging_mixin.py:115} INFO - [2024-05-23 09:58:26,262] {dag.py:2972} INFO - Setting next_dagrun for workflow to 2024-05-24T00:00:00+00:00, run_after=2024-05-25T00:00:00+00:00
[2024-05-23 09:58:26,269] {processor.py:161} INFO - Processing /opt/airflow/dags/workflow.py took 0.109 seconds
[2024-05-23 09:58:56,602] {processor.py:153} INFO - Started process (PID=4311) to work on /opt/airflow/dags/workflow.py
[2024-05-23 09:58:56,604] {processor.py:641} INFO - Processing file /opt/airflow/dags/workflow.py for tasks to queue
[2024-05-23 09:58:56,604] {logging_mixin.py:115} INFO - [2024-05-23 09:58:56,604] {dagbag.py:508} INFO - Filling up the DagBag from /opt/airflow/dags/workflow.py
[2024-05-23 09:58:56,615] {processor.py:651} INFO - DAG(s) dict_keys(['workflow']) retrieved from /opt/airflow/dags/workflow.py
[2024-05-23 09:58:56,651] {logging_mixin.py:115} INFO - [2024-05-23 09:58:56,651] {dag.py:2420} INFO - Sync 1 DAGs
[2024-05-23 09:58:56,663] {logging_mixin.py:115} INFO - [2024-05-23 09:58:56,663] {dag.py:2972} INFO - Setting next_dagrun for workflow to 2024-05-24T00:00:00+00:00, run_after=2024-05-25T00:00:00+00:00
[2024-05-23 09:58:56,671] {processor.py:161} INFO - Processing /opt/airflow/dags/workflow.py took 0.071 seconds
[2024-05-23 09:59:27,085] {processor.py:153} INFO - Started process (PID=4373) to work on /opt/airflow/dags/workflow.py
[2024-05-23 09:59:27,087] {processor.py:641} INFO - Processing file /opt/airflow/dags/workflow.py for tasks to queue
[2024-05-23 09:59:27,089] {logging_mixin.py:115} INFO - [2024-05-23 09:59:27,089] {dagbag.py:508} INFO - Filling up the DagBag from /opt/airflow/dags/workflow.py
[2024-05-23 09:59:27,111] {processor.py:651} INFO - DAG(s) dict_keys(['workflow']) retrieved from /opt/airflow/dags/workflow.py
[2024-05-23 09:59:27,157] {logging_mixin.py:115} INFO - [2024-05-23 09:59:27,157] {dag.py:2420} INFO - Sync 1 DAGs
[2024-05-23 09:59:27,169] {logging_mixin.py:115} INFO - [2024-05-23 09:59:27,169] {dag.py:2972} INFO - Setting next_dagrun for workflow to 2024-05-24T00:00:00+00:00, run_after=2024-05-25T00:00:00+00:00
[2024-05-23 09:59:27,177] {processor.py:161} INFO - Processing /opt/airflow/dags/workflow.py took 0.096 seconds
[2024-05-23 09:59:57,493] {processor.py:153} INFO - Started process (PID=4435) to work on /opt/airflow/dags/workflow.py
[2024-05-23 09:59:57,496] {processor.py:641} INFO - Processing file /opt/airflow/dags/workflow.py for tasks to queue
[2024-05-23 09:59:57,498] {logging_mixin.py:115} INFO - [2024-05-23 09:59:57,498] {dagbag.py:508} INFO - Filling up the DagBag from /opt/airflow/dags/workflow.py
[2024-05-23 09:59:57,524] {processor.py:651} INFO - DAG(s) dict_keys(['workflow']) retrieved from /opt/airflow/dags/workflow.py
[2024-05-23 09:59:57,570] {logging_mixin.py:115} INFO - [2024-05-23 09:59:57,570] {dag.py:2420} INFO - Sync 1 DAGs
[2024-05-23 09:59:57,582] {logging_mixin.py:115} INFO - [2024-05-23 09:59:57,582] {dag.py:2972} INFO - Setting next_dagrun for workflow to 2024-05-24T00:00:00+00:00, run_after=2024-05-25T00:00:00+00:00
[2024-05-23 09:59:57,589] {processor.py:161} INFO - Processing /opt/airflow/dags/workflow.py took 0.101 seconds
[2024-05-23 10:00:28,023] {processor.py:153} INFO - Started process (PID=4497) to work on /opt/airflow/dags/workflow.py
[2024-05-23 10:00:28,026] {processor.py:641} INFO - Processing file /opt/airflow/dags/workflow.py for tasks to queue
[2024-05-23 10:00:28,028] {logging_mixin.py:115} INFO - [2024-05-23 10:00:28,028] {dagbag.py:508} INFO - Filling up the DagBag from /opt/airflow/dags/workflow.py
[2024-05-23 10:00:28,062] {processor.py:651} INFO - DAG(s) dict_keys(['workflow']) retrieved from /opt/airflow/dags/workflow.py
[2024-05-23 10:00:28,114] {logging_mixin.py:115} INFO - [2024-05-23 10:00:28,114] {dag.py:2420} INFO - Sync 1 DAGs
[2024-05-23 10:00:28,129] {logging_mixin.py:115} INFO - [2024-05-23 10:00:28,129] {dag.py:2972} INFO - Setting next_dagrun for workflow to 2024-05-24T00:00:00+00:00, run_after=2024-05-25T00:00:00+00:00
[2024-05-23 10:00:28,137] {processor.py:161} INFO - Processing /opt/airflow/dags/workflow.py took 0.123 seconds
